[2022-12-31T20:29:14.260+0100] {processor.py:153} INFO - Started process (PID=90165) to work on /Library/Frameworks/Python.framework/Versions/3.11/lib/python3.11/site-packages/airflow/example_dags/example_subdag_operator.py
[2022-12-31T20:29:14.264+0100] {processor.py:743} INFO - Processing file /Library/Frameworks/Python.framework/Versions/3.11/lib/python3.11/site-packages/airflow/example_dags/example_subdag_operator.py for tasks to queue
[2022-12-31T20:29:14.264+0100] {logging_mixin.py:137} INFO - [2022-12-31T20:29:14.264+0100] {dagbag.py:538} INFO - Filling up the DagBag from /Library/Frameworks/Python.framework/Versions/3.11/lib/python3.11/site-packages/airflow/example_dags/example_subdag_operator.py
[2022-12-31T20:29:14.678+0100] {processor.py:753} INFO - DAG(s) dict_keys(['example_subdag_operator.section-1', 'example_subdag_operator.section-2', 'example_subdag_operator']) retrieved from /Library/Frameworks/Python.framework/Versions/3.11/lib/python3.11/site-packages/airflow/example_dags/example_subdag_operator.py
[2022-12-31T20:29:16.272+0100] {logging_mixin.py:137} INFO - [2022-12-31T20:29:16.272+0100] {manager.py:504} INFO - Created Permission View: can edit on DAG:example_subdag_operator
[2022-12-31T20:29:16.275+0100] {logging_mixin.py:137} INFO - [2022-12-31T20:29:16.275+0100] {manager.py:504} INFO - Created Permission View: can read on DAG:example_subdag_operator
[2022-12-31T20:29:16.276+0100] {logging_mixin.py:137} INFO - [2022-12-31T20:29:16.276+0100] {manager.py:504} INFO - Created Permission View: can delete on DAG:example_subdag_operator
[2022-12-31T20:29:16.276+0100] {logging_mixin.py:137} INFO - [2022-12-31T20:29:16.276+0100] {dag.py:2676} INFO - Sync 3 DAGs
[2022-12-31T20:29:16.280+0100] {logging_mixin.py:137} INFO - [2022-12-31T20:29:16.280+0100] {dag.py:2697} INFO - Creating ORM DAG for example_subdag_operator.section-2
[2022-12-31T20:29:16.280+0100] {logging_mixin.py:137} INFO - [2022-12-31T20:29:16.280+0100] {dag.py:2697} INFO - Creating ORM DAG for example_subdag_operator.section-1
[2022-12-31T20:29:16.280+0100] {logging_mixin.py:137} INFO - [2022-12-31T20:29:16.280+0100] {dag.py:2697} INFO - Creating ORM DAG for example_subdag_operator
[2022-12-31T20:29:16.283+0100] {logging_mixin.py:137} INFO - [2022-12-31T20:29:16.283+0100] {dag.py:3423} INFO - Setting next_dagrun for example_subdag_operator to 2022-01-01T00:00:00+00:00, run_after=2022-01-01T00:00:00+00:00
[2022-12-31T20:29:16.283+0100] {logging_mixin.py:137} INFO - [2022-12-31T20:29:16.283+0100] {dag.py:3423} INFO - Setting next_dagrun for example_subdag_operator.section-1 to None, run_after=None
[2022-12-31T20:29:16.283+0100] {logging_mixin.py:137} INFO - [2022-12-31T20:29:16.283+0100] {dag.py:3423} INFO - Setting next_dagrun for example_subdag_operator.section-2 to None, run_after=None
[2022-12-31T20:29:16.285+0100] {logging_mixin.py:137} INFO - [2022-12-31T20:29:16.285+0100] {dag.py:2676} INFO - Sync 2 DAGs
[2022-12-31T20:29:16.287+0100] {logging_mixin.py:137} INFO - [2022-12-31T20:29:16.287+0100] {dag.py:3423} INFO - Setting next_dagrun for example_subdag_operator.section-1 to None, run_after=None
[2022-12-31T20:29:16.287+0100] {logging_mixin.py:137} INFO - [2022-12-31T20:29:16.287+0100] {dag.py:3423} INFO - Setting next_dagrun for example_subdag_operator.section-2 to None, run_after=None
[2022-12-31T20:29:16.292+0100] {processor.py:175} INFO - Processing /Library/Frameworks/Python.framework/Versions/3.11/lib/python3.11/site-packages/airflow/example_dags/example_subdag_operator.py took 2.033 seconds
[2022-12-31T20:31:06.378+0100] {processor.py:153} INFO - Started process (PID=90388) to work on /Library/Frameworks/Python.framework/Versions/3.11/lib/python3.11/site-packages/airflow/example_dags/example_subdag_operator.py
[2022-12-31T20:31:06.383+0100] {processor.py:743} INFO - Processing file /Library/Frameworks/Python.framework/Versions/3.11/lib/python3.11/site-packages/airflow/example_dags/example_subdag_operator.py for tasks to queue
[2022-12-31T20:31:06.383+0100] {logging_mixin.py:137} INFO - [2022-12-31T20:31:06.383+0100] {dagbag.py:538} INFO - Filling up the DagBag from /Library/Frameworks/Python.framework/Versions/3.11/lib/python3.11/site-packages/airflow/example_dags/example_subdag_operator.py
[2022-12-31T20:31:06.815+0100] {processor.py:753} INFO - DAG(s) dict_keys(['example_subdag_operator.section-1', 'example_subdag_operator.section-2', 'example_subdag_operator']) retrieved from /Library/Frameworks/Python.framework/Versions/3.11/lib/python3.11/site-packages/airflow/example_dags/example_subdag_operator.py
[2022-12-31T20:31:08.046+0100] {logging_mixin.py:137} INFO - [2022-12-31T20:31:08.046+0100] {dag.py:2676} INFO - Sync 3 DAGs
[2022-12-31T20:31:08.052+0100] {logging_mixin.py:137} INFO - [2022-12-31T20:31:08.052+0100] {dag.py:3423} INFO - Setting next_dagrun for example_subdag_operator to 2022-01-01T00:00:00+00:00, run_after=2022-01-01T00:00:00+00:00
[2022-12-31T20:31:08.053+0100] {logging_mixin.py:137} INFO - [2022-12-31T20:31:08.053+0100] {dag.py:3423} INFO - Setting next_dagrun for example_subdag_operator.section-1 to None, run_after=None
[2022-12-31T20:31:08.053+0100] {logging_mixin.py:137} INFO - [2022-12-31T20:31:08.053+0100] {dag.py:3423} INFO - Setting next_dagrun for example_subdag_operator.section-2 to None, run_after=None
[2022-12-31T20:31:08.055+0100] {logging_mixin.py:137} INFO - [2022-12-31T20:31:08.055+0100] {dag.py:2676} INFO - Sync 2 DAGs
[2022-12-31T20:31:08.056+0100] {logging_mixin.py:137} INFO - [2022-12-31T20:31:08.056+0100] {dag.py:3423} INFO - Setting next_dagrun for example_subdag_operator.section-1 to None, run_after=None
[2022-12-31T20:31:08.056+0100] {logging_mixin.py:137} INFO - [2022-12-31T20:31:08.056+0100] {dag.py:3423} INFO - Setting next_dagrun for example_subdag_operator.section-2 to None, run_after=None
[2022-12-31T20:31:08.061+0100] {processor.py:175} INFO - Processing /Library/Frameworks/Python.framework/Versions/3.11/lib/python3.11/site-packages/airflow/example_dags/example_subdag_operator.py took 1.684 seconds
[2022-12-31T20:32:28.652+0100] {processor.py:153} INFO - Started process (PID=90516) to work on /Library/Frameworks/Python.framework/Versions/3.11/lib/python3.11/site-packages/airflow/example_dags/example_subdag_operator.py
[2022-12-31T20:32:28.656+0100] {processor.py:743} INFO - Processing file /Library/Frameworks/Python.framework/Versions/3.11/lib/python3.11/site-packages/airflow/example_dags/example_subdag_operator.py for tasks to queue
[2022-12-31T20:32:28.656+0100] {logging_mixin.py:137} INFO - [2022-12-31T20:32:28.656+0100] {dagbag.py:538} INFO - Filling up the DagBag from /Library/Frameworks/Python.framework/Versions/3.11/lib/python3.11/site-packages/airflow/example_dags/example_subdag_operator.py
[2022-12-31T20:32:29.082+0100] {processor.py:753} INFO - DAG(s) dict_keys(['example_subdag_operator.section-1', 'example_subdag_operator.section-2', 'example_subdag_operator']) retrieved from /Library/Frameworks/Python.framework/Versions/3.11/lib/python3.11/site-packages/airflow/example_dags/example_subdag_operator.py
[2022-12-31T20:32:30.131+0100] {logging_mixin.py:137} INFO - [2022-12-31T20:32:30.131+0100] {dag.py:2676} INFO - Sync 3 DAGs
[2022-12-31T20:32:30.137+0100] {logging_mixin.py:137} INFO - [2022-12-31T20:32:30.137+0100] {dag.py:3423} INFO - Setting next_dagrun for example_subdag_operator to 2022-01-01T00:00:00+00:00, run_after=2022-01-01T00:00:00+00:00
[2022-12-31T20:32:30.138+0100] {logging_mixin.py:137} INFO - [2022-12-31T20:32:30.138+0100] {dag.py:3423} INFO - Setting next_dagrun for example_subdag_operator.section-1 to None, run_after=None
[2022-12-31T20:32:30.138+0100] {logging_mixin.py:137} INFO - [2022-12-31T20:32:30.138+0100] {dag.py:3423} INFO - Setting next_dagrun for example_subdag_operator.section-2 to None, run_after=None
[2022-12-31T20:32:30.140+0100] {logging_mixin.py:137} INFO - [2022-12-31T20:32:30.140+0100] {dag.py:2676} INFO - Sync 2 DAGs
[2022-12-31T20:32:30.141+0100] {logging_mixin.py:137} INFO - [2022-12-31T20:32:30.141+0100] {dag.py:3423} INFO - Setting next_dagrun for example_subdag_operator.section-1 to None, run_after=None
[2022-12-31T20:32:30.141+0100] {logging_mixin.py:137} INFO - [2022-12-31T20:32:30.141+0100] {dag.py:3423} INFO - Setting next_dagrun for example_subdag_operator.section-2 to None, run_after=None
[2022-12-31T20:32:30.146+0100] {processor.py:175} INFO - Processing /Library/Frameworks/Python.framework/Versions/3.11/lib/python3.11/site-packages/airflow/example_dags/example_subdag_operator.py took 1.495 seconds
[2022-12-31T20:34:14.842+0100] {processor.py:153} INFO - Started process (PID=90658) to work on /Library/Frameworks/Python.framework/Versions/3.11/lib/python3.11/site-packages/airflow/example_dags/example_subdag_operator.py
[2022-12-31T20:34:14.847+0100] {processor.py:743} INFO - Processing file /Library/Frameworks/Python.framework/Versions/3.11/lib/python3.11/site-packages/airflow/example_dags/example_subdag_operator.py for tasks to queue
[2022-12-31T20:34:14.847+0100] {logging_mixin.py:137} INFO - [2022-12-31T20:34:14.847+0100] {dagbag.py:538} INFO - Filling up the DagBag from /Library/Frameworks/Python.framework/Versions/3.11/lib/python3.11/site-packages/airflow/example_dags/example_subdag_operator.py
[2022-12-31T20:34:15.267+0100] {processor.py:753} INFO - DAG(s) dict_keys(['example_subdag_operator.section-1', 'example_subdag_operator.section-2', 'example_subdag_operator']) retrieved from /Library/Frameworks/Python.framework/Versions/3.11/lib/python3.11/site-packages/airflow/example_dags/example_subdag_operator.py
[2022-12-31T20:34:16.403+0100] {logging_mixin.py:137} INFO - [2022-12-31T20:34:16.403+0100] {dag.py:2676} INFO - Sync 3 DAGs
[2022-12-31T20:34:16.410+0100] {logging_mixin.py:137} INFO - [2022-12-31T20:34:16.410+0100] {dag.py:3423} INFO - Setting next_dagrun for example_subdag_operator to 2022-01-01T00:00:00+00:00, run_after=2022-01-01T00:00:00+00:00
[2022-12-31T20:34:16.411+0100] {logging_mixin.py:137} INFO - [2022-12-31T20:34:16.411+0100] {dag.py:3423} INFO - Setting next_dagrun for example_subdag_operator.section-1 to None, run_after=None
[2022-12-31T20:34:16.411+0100] {logging_mixin.py:137} INFO - [2022-12-31T20:34:16.411+0100] {dag.py:3423} INFO - Setting next_dagrun for example_subdag_operator.section-2 to None, run_after=None
[2022-12-31T20:34:16.414+0100] {logging_mixin.py:137} INFO - [2022-12-31T20:34:16.414+0100] {dag.py:2676} INFO - Sync 2 DAGs
[2022-12-31T20:34:16.415+0100] {logging_mixin.py:137} INFO - [2022-12-31T20:34:16.415+0100] {dag.py:3423} INFO - Setting next_dagrun for example_subdag_operator.section-1 to None, run_after=None
[2022-12-31T20:34:16.415+0100] {logging_mixin.py:137} INFO - [2022-12-31T20:34:16.415+0100] {dag.py:3423} INFO - Setting next_dagrun for example_subdag_operator.section-2 to None, run_after=None
[2022-12-31T20:34:16.423+0100] {processor.py:175} INFO - Processing /Library/Frameworks/Python.framework/Versions/3.11/lib/python3.11/site-packages/airflow/example_dags/example_subdag_operator.py took 1.582 seconds
[2022-12-31T20:35:49.014+0100] {processor.py:153} INFO - Started process (PID=90801) to work on /Library/Frameworks/Python.framework/Versions/3.11/lib/python3.11/site-packages/airflow/example_dags/example_subdag_operator.py
[2022-12-31T20:35:49.020+0100] {processor.py:743} INFO - Processing file /Library/Frameworks/Python.framework/Versions/3.11/lib/python3.11/site-packages/airflow/example_dags/example_subdag_operator.py for tasks to queue
[2022-12-31T20:35:49.020+0100] {logging_mixin.py:137} INFO - [2022-12-31T20:35:49.020+0100] {dagbag.py:538} INFO - Filling up the DagBag from /Library/Frameworks/Python.framework/Versions/3.11/lib/python3.11/site-packages/airflow/example_dags/example_subdag_operator.py
[2022-12-31T20:35:49.435+0100] {processor.py:753} INFO - DAG(s) dict_keys(['example_subdag_operator.section-1', 'example_subdag_operator.section-2', 'example_subdag_operator']) retrieved from /Library/Frameworks/Python.framework/Versions/3.11/lib/python3.11/site-packages/airflow/example_dags/example_subdag_operator.py
[2022-12-31T20:35:50.535+0100] {logging_mixin.py:137} INFO - [2022-12-31T20:35:50.535+0100] {dag.py:2676} INFO - Sync 3 DAGs
[2022-12-31T20:35:50.541+0100] {logging_mixin.py:137} INFO - [2022-12-31T20:35:50.541+0100] {dag.py:3423} INFO - Setting next_dagrun for example_subdag_operator to 2022-01-01T00:00:00+00:00, run_after=2022-01-01T00:00:00+00:00
[2022-12-31T20:35:50.542+0100] {logging_mixin.py:137} INFO - [2022-12-31T20:35:50.542+0100] {dag.py:3423} INFO - Setting next_dagrun for example_subdag_operator.section-1 to None, run_after=None
[2022-12-31T20:35:50.542+0100] {logging_mixin.py:137} INFO - [2022-12-31T20:35:50.542+0100] {dag.py:3423} INFO - Setting next_dagrun for example_subdag_operator.section-2 to None, run_after=None
[2022-12-31T20:35:50.544+0100] {logging_mixin.py:137} INFO - [2022-12-31T20:35:50.544+0100] {dag.py:2676} INFO - Sync 2 DAGs
[2022-12-31T20:35:50.545+0100] {logging_mixin.py:137} INFO - [2022-12-31T20:35:50.545+0100] {dag.py:3423} INFO - Setting next_dagrun for example_subdag_operator.section-1 to None, run_after=None
[2022-12-31T20:35:50.545+0100] {logging_mixin.py:137} INFO - [2022-12-31T20:35:50.545+0100] {dag.py:3423} INFO - Setting next_dagrun for example_subdag_operator.section-2 to None, run_after=None
[2022-12-31T20:35:50.550+0100] {processor.py:175} INFO - Processing /Library/Frameworks/Python.framework/Versions/3.11/lib/python3.11/site-packages/airflow/example_dags/example_subdag_operator.py took 1.537 seconds
[2022-12-31T20:37:11.684+0100] {processor.py:153} INFO - Started process (PID=90925) to work on /Library/Frameworks/Python.framework/Versions/3.11/lib/python3.11/site-packages/airflow/example_dags/example_subdag_operator.py
[2022-12-31T20:37:11.691+0100] {processor.py:743} INFO - Processing file /Library/Frameworks/Python.framework/Versions/3.11/lib/python3.11/site-packages/airflow/example_dags/example_subdag_operator.py for tasks to queue
[2022-12-31T20:37:11.691+0100] {logging_mixin.py:137} INFO - [2022-12-31T20:37:11.691+0100] {dagbag.py:538} INFO - Filling up the DagBag from /Library/Frameworks/Python.framework/Versions/3.11/lib/python3.11/site-packages/airflow/example_dags/example_subdag_operator.py
[2022-12-31T20:37:12.105+0100] {processor.py:753} INFO - DAG(s) dict_keys(['example_subdag_operator.section-1', 'example_subdag_operator.section-2', 'example_subdag_operator']) retrieved from /Library/Frameworks/Python.framework/Versions/3.11/lib/python3.11/site-packages/airflow/example_dags/example_subdag_operator.py
[2022-12-31T20:37:13.163+0100] {logging_mixin.py:137} INFO - [2022-12-31T20:37:13.163+0100] {dag.py:2676} INFO - Sync 3 DAGs
[2022-12-31T20:37:13.169+0100] {logging_mixin.py:137} INFO - [2022-12-31T20:37:13.169+0100] {dag.py:3423} INFO - Setting next_dagrun for example_subdag_operator to 2022-01-01T00:00:00+00:00, run_after=2022-01-01T00:00:00+00:00
[2022-12-31T20:37:13.170+0100] {logging_mixin.py:137} INFO - [2022-12-31T20:37:13.170+0100] {dag.py:3423} INFO - Setting next_dagrun for example_subdag_operator.section-1 to None, run_after=None
[2022-12-31T20:37:13.170+0100] {logging_mixin.py:137} INFO - [2022-12-31T20:37:13.170+0100] {dag.py:3423} INFO - Setting next_dagrun for example_subdag_operator.section-2 to None, run_after=None
[2022-12-31T20:37:13.172+0100] {logging_mixin.py:137} INFO - [2022-12-31T20:37:13.172+0100] {dag.py:2676} INFO - Sync 2 DAGs
[2022-12-31T20:37:13.173+0100] {logging_mixin.py:137} INFO - [2022-12-31T20:37:13.173+0100] {dag.py:3423} INFO - Setting next_dagrun for example_subdag_operator.section-1 to None, run_after=None
[2022-12-31T20:37:13.173+0100] {logging_mixin.py:137} INFO - [2022-12-31T20:37:13.173+0100] {dag.py:3423} INFO - Setting next_dagrun for example_subdag_operator.section-2 to None, run_after=None
[2022-12-31T20:37:13.178+0100] {processor.py:175} INFO - Processing /Library/Frameworks/Python.framework/Versions/3.11/lib/python3.11/site-packages/airflow/example_dags/example_subdag_operator.py took 1.495 seconds
[2022-12-31T20:38:52.044+0100] {processor.py:153} INFO - Started process (PID=91057) to work on /Library/Frameworks/Python.framework/Versions/3.11/lib/python3.11/site-packages/airflow/example_dags/example_subdag_operator.py
[2022-12-31T20:38:52.049+0100] {processor.py:743} INFO - Processing file /Library/Frameworks/Python.framework/Versions/3.11/lib/python3.11/site-packages/airflow/example_dags/example_subdag_operator.py for tasks to queue
[2022-12-31T20:38:52.049+0100] {logging_mixin.py:137} INFO - [2022-12-31T20:38:52.049+0100] {dagbag.py:538} INFO - Filling up the DagBag from /Library/Frameworks/Python.framework/Versions/3.11/lib/python3.11/site-packages/airflow/example_dags/example_subdag_operator.py
[2022-12-31T20:38:52.450+0100] {processor.py:753} INFO - DAG(s) dict_keys(['example_subdag_operator.section-1', 'example_subdag_operator.section-2', 'example_subdag_operator']) retrieved from /Library/Frameworks/Python.framework/Versions/3.11/lib/python3.11/site-packages/airflow/example_dags/example_subdag_operator.py
[2022-12-31T20:38:53.495+0100] {logging_mixin.py:137} INFO - [2022-12-31T20:38:53.495+0100] {dag.py:2676} INFO - Sync 3 DAGs
[2022-12-31T20:38:53.501+0100] {logging_mixin.py:137} INFO - [2022-12-31T20:38:53.501+0100] {dag.py:3423} INFO - Setting next_dagrun for example_subdag_operator to 2022-01-01T00:00:00+00:00, run_after=2022-01-01T00:00:00+00:00
[2022-12-31T20:38:53.502+0100] {logging_mixin.py:137} INFO - [2022-12-31T20:38:53.502+0100] {dag.py:3423} INFO - Setting next_dagrun for example_subdag_operator.section-1 to None, run_after=None
[2022-12-31T20:38:53.502+0100] {logging_mixin.py:137} INFO - [2022-12-31T20:38:53.502+0100] {dag.py:3423} INFO - Setting next_dagrun for example_subdag_operator.section-2 to None, run_after=None
[2022-12-31T20:38:53.504+0100] {logging_mixin.py:137} INFO - [2022-12-31T20:38:53.504+0100] {dag.py:2676} INFO - Sync 2 DAGs
[2022-12-31T20:38:53.505+0100] {logging_mixin.py:137} INFO - [2022-12-31T20:38:53.505+0100] {dag.py:3423} INFO - Setting next_dagrun for example_subdag_operator.section-1 to None, run_after=None
[2022-12-31T20:38:53.505+0100] {logging_mixin.py:137} INFO - [2022-12-31T20:38:53.505+0100] {dag.py:3423} INFO - Setting next_dagrun for example_subdag_operator.section-2 to None, run_after=None
[2022-12-31T20:38:53.512+0100] {processor.py:175} INFO - Processing /Library/Frameworks/Python.framework/Versions/3.11/lib/python3.11/site-packages/airflow/example_dags/example_subdag_operator.py took 1.469 seconds
[2022-12-31T20:40:38.104+0100] {processor.py:153} INFO - Started process (PID=91261) to work on /Library/Frameworks/Python.framework/Versions/3.11/lib/python3.11/site-packages/airflow/example_dags/example_subdag_operator.py
[2022-12-31T20:40:38.108+0100] {processor.py:743} INFO - Processing file /Library/Frameworks/Python.framework/Versions/3.11/lib/python3.11/site-packages/airflow/example_dags/example_subdag_operator.py for tasks to queue
[2022-12-31T20:40:38.109+0100] {logging_mixin.py:137} INFO - [2022-12-31T20:40:38.108+0100] {dagbag.py:538} INFO - Filling up the DagBag from /Library/Frameworks/Python.framework/Versions/3.11/lib/python3.11/site-packages/airflow/example_dags/example_subdag_operator.py
[2022-12-31T20:40:38.526+0100] {processor.py:753} INFO - DAG(s) dict_keys(['example_subdag_operator.section-1', 'example_subdag_operator.section-2', 'example_subdag_operator']) retrieved from /Library/Frameworks/Python.framework/Versions/3.11/lib/python3.11/site-packages/airflow/example_dags/example_subdag_operator.py
[2022-12-31T20:40:39.488+0100] {logging_mixin.py:137} INFO - [2022-12-31T20:40:39.488+0100] {dag.py:2676} INFO - Sync 3 DAGs
[2022-12-31T20:40:39.495+0100] {logging_mixin.py:137} INFO - [2022-12-31T20:40:39.495+0100] {dag.py:3423} INFO - Setting next_dagrun for example_subdag_operator to 2022-01-01T00:00:00+00:00, run_after=2022-01-01T00:00:00+00:00
[2022-12-31T20:40:39.496+0100] {logging_mixin.py:137} INFO - [2022-12-31T20:40:39.496+0100] {dag.py:3423} INFO - Setting next_dagrun for example_subdag_operator.section-1 to None, run_after=None
[2022-12-31T20:40:39.497+0100] {logging_mixin.py:137} INFO - [2022-12-31T20:40:39.497+0100] {dag.py:3423} INFO - Setting next_dagrun for example_subdag_operator.section-2 to None, run_after=None
[2022-12-31T20:40:39.498+0100] {logging_mixin.py:137} INFO - [2022-12-31T20:40:39.498+0100] {dag.py:2676} INFO - Sync 2 DAGs
[2022-12-31T20:40:39.500+0100] {logging_mixin.py:137} INFO - [2022-12-31T20:40:39.499+0100] {dag.py:3423} INFO - Setting next_dagrun for example_subdag_operator.section-1 to None, run_after=None
[2022-12-31T20:40:39.500+0100] {logging_mixin.py:137} INFO - [2022-12-31T20:40:39.500+0100] {dag.py:3423} INFO - Setting next_dagrun for example_subdag_operator.section-2 to None, run_after=None
[2022-12-31T20:40:39.505+0100] {processor.py:175} INFO - Processing /Library/Frameworks/Python.framework/Versions/3.11/lib/python3.11/site-packages/airflow/example_dags/example_subdag_operator.py took 1.402 seconds
[2022-12-31T20:42:26.065+0100] {processor.py:153} INFO - Started process (PID=91405) to work on /Library/Frameworks/Python.framework/Versions/3.11/lib/python3.11/site-packages/airflow/example_dags/example_subdag_operator.py
[2022-12-31T20:42:26.070+0100] {processor.py:743} INFO - Processing file /Library/Frameworks/Python.framework/Versions/3.11/lib/python3.11/site-packages/airflow/example_dags/example_subdag_operator.py for tasks to queue
[2022-12-31T20:42:26.070+0100] {logging_mixin.py:137} INFO - [2022-12-31T20:42:26.070+0100] {dagbag.py:538} INFO - Filling up the DagBag from /Library/Frameworks/Python.framework/Versions/3.11/lib/python3.11/site-packages/airflow/example_dags/example_subdag_operator.py
[2022-12-31T20:42:26.491+0100] {processor.py:753} INFO - DAG(s) dict_keys(['example_subdag_operator.section-1', 'example_subdag_operator.section-2', 'example_subdag_operator']) retrieved from /Library/Frameworks/Python.framework/Versions/3.11/lib/python3.11/site-packages/airflow/example_dags/example_subdag_operator.py
[2022-12-31T20:42:27.479+0100] {logging_mixin.py:137} INFO - [2022-12-31T20:42:27.479+0100] {dag.py:2676} INFO - Sync 3 DAGs
[2022-12-31T20:42:27.485+0100] {logging_mixin.py:137} INFO - [2022-12-31T20:42:27.485+0100] {dag.py:3423} INFO - Setting next_dagrun for example_subdag_operator to 2022-01-01T00:00:00+00:00, run_after=2022-01-01T00:00:00+00:00
[2022-12-31T20:42:27.486+0100] {logging_mixin.py:137} INFO - [2022-12-31T20:42:27.486+0100] {dag.py:3423} INFO - Setting next_dagrun for example_subdag_operator.section-1 to None, run_after=None
[2022-12-31T20:42:27.487+0100] {logging_mixin.py:137} INFO - [2022-12-31T20:42:27.487+0100] {dag.py:3423} INFO - Setting next_dagrun for example_subdag_operator.section-2 to None, run_after=None
[2022-12-31T20:42:27.488+0100] {logging_mixin.py:137} INFO - [2022-12-31T20:42:27.488+0100] {dag.py:2676} INFO - Sync 2 DAGs
[2022-12-31T20:42:27.490+0100] {logging_mixin.py:137} INFO - [2022-12-31T20:42:27.489+0100] {dag.py:3423} INFO - Setting next_dagrun for example_subdag_operator.section-1 to None, run_after=None
[2022-12-31T20:42:27.490+0100] {logging_mixin.py:137} INFO - [2022-12-31T20:42:27.490+0100] {dag.py:3423} INFO - Setting next_dagrun for example_subdag_operator.section-2 to None, run_after=None
[2022-12-31T20:42:27.494+0100] {processor.py:175} INFO - Processing /Library/Frameworks/Python.framework/Versions/3.11/lib/python3.11/site-packages/airflow/example_dags/example_subdag_operator.py took 1.430 seconds
[2022-12-31T20:44:53.797+0100] {processor.py:153} INFO - Started process (PID=91715) to work on /Library/Frameworks/Python.framework/Versions/3.11/lib/python3.11/site-packages/airflow/example_dags/example_subdag_operator.py
[2022-12-31T20:44:53.804+0100] {processor.py:743} INFO - Processing file /Library/Frameworks/Python.framework/Versions/3.11/lib/python3.11/site-packages/airflow/example_dags/example_subdag_operator.py for tasks to queue
[2022-12-31T20:44:53.804+0100] {logging_mixin.py:137} INFO - [2022-12-31T20:44:53.804+0100] {dagbag.py:538} INFO - Filling up the DagBag from /Library/Frameworks/Python.framework/Versions/3.11/lib/python3.11/site-packages/airflow/example_dags/example_subdag_operator.py
[2022-12-31T20:44:54.219+0100] {processor.py:753} INFO - DAG(s) dict_keys(['example_subdag_operator.section-1', 'example_subdag_operator.section-2', 'example_subdag_operator']) retrieved from /Library/Frameworks/Python.framework/Versions/3.11/lib/python3.11/site-packages/airflow/example_dags/example_subdag_operator.py
[2022-12-31T20:45:12.243+0100] {logging_mixin.py:137} INFO - [2022-12-31T20:45:12.243+0100] {dag.py:2676} INFO - Sync 3 DAGs
[2022-12-31T20:45:12.249+0100] {logging_mixin.py:137} INFO - [2022-12-31T20:45:12.249+0100] {dag.py:3423} INFO - Setting next_dagrun for example_subdag_operator to 2022-01-01T00:00:00+00:00, run_after=2022-01-01T00:00:00+00:00
[2022-12-31T20:45:12.250+0100] {logging_mixin.py:137} INFO - [2022-12-31T20:45:12.250+0100] {dag.py:3423} INFO - Setting next_dagrun for example_subdag_operator.section-1 to None, run_after=None
[2022-12-31T20:45:12.250+0100] {logging_mixin.py:137} INFO - [2022-12-31T20:45:12.250+0100] {dag.py:3423} INFO - Setting next_dagrun for example_subdag_operator.section-2 to None, run_after=None
[2022-12-31T20:45:12.252+0100] {logging_mixin.py:137} INFO - [2022-12-31T20:45:12.252+0100] {dag.py:2676} INFO - Sync 2 DAGs
[2022-12-31T20:45:12.253+0100] {logging_mixin.py:137} INFO - [2022-12-31T20:45:12.253+0100] {dag.py:3423} INFO - Setting next_dagrun for example_subdag_operator.section-1 to None, run_after=None
[2022-12-31T20:45:12.253+0100] {logging_mixin.py:137} INFO - [2022-12-31T20:45:12.253+0100] {dag.py:3423} INFO - Setting next_dagrun for example_subdag_operator.section-2 to None, run_after=None
[2022-12-31T20:45:12.258+0100] {processor.py:175} INFO - Processing /Library/Frameworks/Python.framework/Versions/3.11/lib/python3.11/site-packages/airflow/example_dags/example_subdag_operator.py took 18.461 seconds
[2022-12-31T20:46:51.849+0100] {processor.py:153} INFO - Started process (PID=91940) to work on /Library/Frameworks/Python.framework/Versions/3.11/lib/python3.11/site-packages/airflow/example_dags/example_subdag_operator.py
[2022-12-31T20:46:51.853+0100] {processor.py:743} INFO - Processing file /Library/Frameworks/Python.framework/Versions/3.11/lib/python3.11/site-packages/airflow/example_dags/example_subdag_operator.py for tasks to queue
[2022-12-31T20:46:51.853+0100] {logging_mixin.py:137} INFO - [2022-12-31T20:46:51.853+0100] {dagbag.py:538} INFO - Filling up the DagBag from /Library/Frameworks/Python.framework/Versions/3.11/lib/python3.11/site-packages/airflow/example_dags/example_subdag_operator.py
[2022-12-31T20:46:52.265+0100] {processor.py:753} INFO - DAG(s) dict_keys(['example_subdag_operator.section-1', 'example_subdag_operator.section-2', 'example_subdag_operator']) retrieved from /Library/Frameworks/Python.framework/Versions/3.11/lib/python3.11/site-packages/airflow/example_dags/example_subdag_operator.py
[2022-12-31T20:47:02.560+0100] {logging_mixin.py:137} INFO - [2022-12-31T20:47:02.560+0100] {dag.py:2676} INFO - Sync 3 DAGs
[2022-12-31T20:47:02.568+0100] {logging_mixin.py:137} INFO - [2022-12-31T20:47:02.567+0100] {dag.py:3423} INFO - Setting next_dagrun for example_subdag_operator to 2022-01-01T00:00:00+00:00, run_after=2022-01-01T00:00:00+00:00
[2022-12-31T20:47:02.568+0100] {logging_mixin.py:137} INFO - [2022-12-31T20:47:02.568+0100] {dag.py:3423} INFO - Setting next_dagrun for example_subdag_operator.section-1 to None, run_after=None
[2022-12-31T20:47:02.569+0100] {logging_mixin.py:137} INFO - [2022-12-31T20:47:02.569+0100] {dag.py:3423} INFO - Setting next_dagrun for example_subdag_operator.section-2 to None, run_after=None
[2022-12-31T20:47:02.571+0100] {logging_mixin.py:137} INFO - [2022-12-31T20:47:02.571+0100] {dag.py:2676} INFO - Sync 2 DAGs
[2022-12-31T20:47:02.572+0100] {logging_mixin.py:137} INFO - [2022-12-31T20:47:02.572+0100] {dag.py:3423} INFO - Setting next_dagrun for example_subdag_operator.section-1 to None, run_after=None
[2022-12-31T20:47:02.572+0100] {logging_mixin.py:137} INFO - [2022-12-31T20:47:02.572+0100] {dag.py:3423} INFO - Setting next_dagrun for example_subdag_operator.section-2 to None, run_after=None
[2022-12-31T20:47:02.577+0100] {processor.py:175} INFO - Processing /Library/Frameworks/Python.framework/Versions/3.11/lib/python3.11/site-packages/airflow/example_dags/example_subdag_operator.py took 10.729 seconds
[2022-12-31T20:48:54.550+0100] {processor.py:153} INFO - Started process (PID=92182) to work on /Library/Frameworks/Python.framework/Versions/3.11/lib/python3.11/site-packages/airflow/example_dags/example_subdag_operator.py
[2022-12-31T20:48:54.555+0100] {processor.py:743} INFO - Processing file /Library/Frameworks/Python.framework/Versions/3.11/lib/python3.11/site-packages/airflow/example_dags/example_subdag_operator.py for tasks to queue
[2022-12-31T20:48:54.555+0100] {logging_mixin.py:137} INFO - [2022-12-31T20:48:54.555+0100] {dagbag.py:538} INFO - Filling up the DagBag from /Library/Frameworks/Python.framework/Versions/3.11/lib/python3.11/site-packages/airflow/example_dags/example_subdag_operator.py
[2022-12-31T20:48:54.995+0100] {processor.py:753} INFO - DAG(s) dict_keys(['example_subdag_operator.section-1', 'example_subdag_operator.section-2', 'example_subdag_operator']) retrieved from /Library/Frameworks/Python.framework/Versions/3.11/lib/python3.11/site-packages/airflow/example_dags/example_subdag_operator.py
[2022-12-31T20:49:07.411+0100] {logging_mixin.py:137} INFO - {2.3: 'Indiana Pacers', 1.7: 'LA Clippers'}
[2022-12-31T20:49:07.545+0100] {logging_mixin.py:137} INFO - [2022-12-31T20:49:07.544+0100] {dag.py:2676} INFO - Sync 3 DAGs
[2022-12-31T20:49:07.550+0100] {logging_mixin.py:137} INFO - [2022-12-31T20:49:07.550+0100] {dag.py:3423} INFO - Setting next_dagrun for example_subdag_operator to 2022-01-01T00:00:00+00:00, run_after=2022-01-01T00:00:00+00:00
[2022-12-31T20:49:07.551+0100] {logging_mixin.py:137} INFO - [2022-12-31T20:49:07.551+0100] {dag.py:3423} INFO - Setting next_dagrun for example_subdag_operator.section-1 to None, run_after=None
[2022-12-31T20:49:07.551+0100] {logging_mixin.py:137} INFO - [2022-12-31T20:49:07.551+0100] {dag.py:3423} INFO - Setting next_dagrun for example_subdag_operator.section-2 to None, run_after=None
[2022-12-31T20:49:07.553+0100] {logging_mixin.py:137} INFO - [2022-12-31T20:49:07.553+0100] {dag.py:2676} INFO - Sync 2 DAGs
[2022-12-31T20:49:07.554+0100] {logging_mixin.py:137} INFO - [2022-12-31T20:49:07.554+0100] {dag.py:3423} INFO - Setting next_dagrun for example_subdag_operator.section-1 to None, run_after=None
[2022-12-31T20:49:07.554+0100] {logging_mixin.py:137} INFO - [2022-12-31T20:49:07.554+0100] {dag.py:3423} INFO - Setting next_dagrun for example_subdag_operator.section-2 to None, run_after=None
[2022-12-31T20:49:07.559+0100] {processor.py:175} INFO - Processing /Library/Frameworks/Python.framework/Versions/3.11/lib/python3.11/site-packages/airflow/example_dags/example_subdag_operator.py took 13.010 seconds
[2022-12-31T20:51:10.135+0100] {processor.py:153} INFO - Started process (PID=92441) to work on /Library/Frameworks/Python.framework/Versions/3.11/lib/python3.11/site-packages/airflow/example_dags/example_subdag_operator.py
[2022-12-31T20:51:10.138+0100] {processor.py:743} INFO - Processing file /Library/Frameworks/Python.framework/Versions/3.11/lib/python3.11/site-packages/airflow/example_dags/example_subdag_operator.py for tasks to queue
[2022-12-31T20:51:10.138+0100] {logging_mixin.py:137} INFO - [2022-12-31T20:51:10.138+0100] {dagbag.py:538} INFO - Filling up the DagBag from /Library/Frameworks/Python.framework/Versions/3.11/lib/python3.11/site-packages/airflow/example_dags/example_subdag_operator.py
[2022-12-31T20:51:10.712+0100] {processor.py:753} INFO - DAG(s) dict_keys(['example_subdag_operator.section-1', 'example_subdag_operator.section-2', 'example_subdag_operator']) retrieved from /Library/Frameworks/Python.framework/Versions/3.11/lib/python3.11/site-packages/airflow/example_dags/example_subdag_operator.py
[2022-12-31T20:51:27.118+0100] {logging_mixin.py:137} INFO - {2.3: 'Indiana Pacers', 1.7: 'LA Clippers'}
[2022-12-31T20:51:27.267+0100] {logging_mixin.py:137} INFO - [2022-12-31T20:51:27.267+0100] {dag.py:2676} INFO - Sync 3 DAGs
[2022-12-31T20:51:27.275+0100] {logging_mixin.py:137} INFO - [2022-12-31T20:51:27.275+0100] {dag.py:3423} INFO - Setting next_dagrun for example_subdag_operator to 2022-01-01T00:00:00+00:00, run_after=2022-01-01T00:00:00+00:00
[2022-12-31T20:51:27.277+0100] {logging_mixin.py:137} INFO - [2022-12-31T20:51:27.277+0100] {dag.py:3423} INFO - Setting next_dagrun for example_subdag_operator.section-1 to None, run_after=None
[2022-12-31T20:51:27.277+0100] {logging_mixin.py:137} INFO - [2022-12-31T20:51:27.277+0100] {dag.py:3423} INFO - Setting next_dagrun for example_subdag_operator.section-2 to None, run_after=None
[2022-12-31T20:51:27.280+0100] {logging_mixin.py:137} INFO - [2022-12-31T20:51:27.280+0100] {dag.py:2676} INFO - Sync 2 DAGs
[2022-12-31T20:51:27.281+0100] {logging_mixin.py:137} INFO - [2022-12-31T20:51:27.281+0100] {dag.py:3423} INFO - Setting next_dagrun for example_subdag_operator.section-1 to None, run_after=None
[2022-12-31T20:51:27.281+0100] {logging_mixin.py:137} INFO - [2022-12-31T20:51:27.281+0100] {dag.py:3423} INFO - Setting next_dagrun for example_subdag_operator.section-2 to None, run_after=None
[2022-12-31T20:51:27.289+0100] {processor.py:175} INFO - Processing /Library/Frameworks/Python.framework/Versions/3.11/lib/python3.11/site-packages/airflow/example_dags/example_subdag_operator.py took 17.155 seconds
[2022-12-31T20:53:24.147+0100] {processor.py:153} INFO - Started process (PID=92825) to work on /Library/Frameworks/Python.framework/Versions/3.11/lib/python3.11/site-packages/airflow/example_dags/example_subdag_operator.py
[2022-12-31T20:53:24.151+0100] {processor.py:743} INFO - Processing file /Library/Frameworks/Python.framework/Versions/3.11/lib/python3.11/site-packages/airflow/example_dags/example_subdag_operator.py for tasks to queue
[2022-12-31T20:53:24.151+0100] {logging_mixin.py:137} INFO - [2022-12-31T20:53:24.151+0100] {dagbag.py:538} INFO - Filling up the DagBag from /Library/Frameworks/Python.framework/Versions/3.11/lib/python3.11/site-packages/airflow/example_dags/example_subdag_operator.py
[2022-12-31T20:53:24.772+0100] {processor.py:753} INFO - DAG(s) dict_keys(['example_subdag_operator.section-1', 'example_subdag_operator.section-2', 'example_subdag_operator']) retrieved from /Library/Frameworks/Python.framework/Versions/3.11/lib/python3.11/site-packages/airflow/example_dags/example_subdag_operator.py
[2022-12-31T20:53:40.126+0100] {logging_mixin.py:137} INFO - {2.3: 'Indiana Pacers', 1.7: 'LA Clippers'}
[2022-12-31T20:53:40.286+0100] {logging_mixin.py:137} INFO - [2022-12-31T20:53:40.285+0100] {dag.py:2676} INFO - Sync 3 DAGs
[2022-12-31T20:53:40.295+0100] {logging_mixin.py:137} INFO - [2022-12-31T20:53:40.295+0100] {dag.py:3423} INFO - Setting next_dagrun for example_subdag_operator to 2022-01-01T00:00:00+00:00, run_after=2022-01-01T00:00:00+00:00
[2022-12-31T20:53:40.296+0100] {logging_mixin.py:137} INFO - [2022-12-31T20:53:40.296+0100] {dag.py:3423} INFO - Setting next_dagrun for example_subdag_operator.section-1 to None, run_after=None
[2022-12-31T20:53:40.296+0100] {logging_mixin.py:137} INFO - [2022-12-31T20:53:40.296+0100] {dag.py:3423} INFO - Setting next_dagrun for example_subdag_operator.section-2 to None, run_after=None
[2022-12-31T20:53:40.299+0100] {logging_mixin.py:137} INFO - [2022-12-31T20:53:40.299+0100] {dag.py:2676} INFO - Sync 2 DAGs
[2022-12-31T20:53:40.301+0100] {logging_mixin.py:137} INFO - [2022-12-31T20:53:40.301+0100] {dag.py:3423} INFO - Setting next_dagrun for example_subdag_operator.section-1 to None, run_after=None
[2022-12-31T20:53:40.301+0100] {logging_mixin.py:137} INFO - [2022-12-31T20:53:40.301+0100] {dag.py:3423} INFO - Setting next_dagrun for example_subdag_operator.section-2 to None, run_after=None
[2022-12-31T20:53:40.308+0100] {processor.py:175} INFO - Processing /Library/Frameworks/Python.framework/Versions/3.11/lib/python3.11/site-packages/airflow/example_dags/example_subdag_operator.py took 16.161 seconds
[2022-12-31T20:55:21.273+0100] {processor.py:153} INFO - Started process (PID=93157) to work on /Library/Frameworks/Python.framework/Versions/3.11/lib/python3.11/site-packages/airflow/example_dags/example_subdag_operator.py
[2022-12-31T20:55:21.277+0100] {processor.py:743} INFO - Processing file /Library/Frameworks/Python.framework/Versions/3.11/lib/python3.11/site-packages/airflow/example_dags/example_subdag_operator.py for tasks to queue
[2022-12-31T20:55:21.277+0100] {logging_mixin.py:137} INFO - [2022-12-31T20:55:21.277+0100] {dagbag.py:538} INFO - Filling up the DagBag from /Library/Frameworks/Python.framework/Versions/3.11/lib/python3.11/site-packages/airflow/example_dags/example_subdag_operator.py
[2022-12-31T20:55:21.708+0100] {processor.py:753} INFO - DAG(s) dict_keys(['example_subdag_operator.section-1', 'example_subdag_operator.section-2', 'example_subdag_operator']) retrieved from /Library/Frameworks/Python.framework/Versions/3.11/lib/python3.11/site-packages/airflow/example_dags/example_subdag_operator.py
[2022-12-31T20:55:22.777+0100] {logging_mixin.py:137} INFO - {2.3: 'Indiana Pacers', 1.7: 'LA Clippers'}
[2022-12-31T20:55:22.902+0100] {logging_mixin.py:137} INFO - [2022-12-31T20:55:22.902+0100] {dag.py:2676} INFO - Sync 3 DAGs
[2022-12-31T20:55:22.908+0100] {logging_mixin.py:137} INFO - [2022-12-31T20:55:22.908+0100] {dag.py:3423} INFO - Setting next_dagrun for example_subdag_operator to 2022-01-01T00:00:00+00:00, run_after=2022-01-01T00:00:00+00:00
[2022-12-31T20:55:22.909+0100] {logging_mixin.py:137} INFO - [2022-12-31T20:55:22.909+0100] {dag.py:3423} INFO - Setting next_dagrun for example_subdag_operator.section-1 to None, run_after=None
[2022-12-31T20:55:22.909+0100] {logging_mixin.py:137} INFO - [2022-12-31T20:55:22.909+0100] {dag.py:3423} INFO - Setting next_dagrun for example_subdag_operator.section-2 to None, run_after=None
[2022-12-31T20:55:22.911+0100] {logging_mixin.py:137} INFO - [2022-12-31T20:55:22.911+0100] {dag.py:2676} INFO - Sync 2 DAGs
[2022-12-31T20:55:22.912+0100] {logging_mixin.py:137} INFO - [2022-12-31T20:55:22.912+0100] {dag.py:3423} INFO - Setting next_dagrun for example_subdag_operator.section-1 to None, run_after=None
[2022-12-31T20:55:22.912+0100] {logging_mixin.py:137} INFO - [2022-12-31T20:55:22.912+0100] {dag.py:3423} INFO - Setting next_dagrun for example_subdag_operator.section-2 to None, run_after=None
[2022-12-31T20:55:22.916+0100] {processor.py:175} INFO - Processing /Library/Frameworks/Python.framework/Versions/3.11/lib/python3.11/site-packages/airflow/example_dags/example_subdag_operator.py took 1.644 seconds
[2022-12-31T20:56:33.264+0100] {processor.py:153} INFO - Started process (PID=93296) to work on /Library/Frameworks/Python.framework/Versions/3.11/lib/python3.11/site-packages/airflow/example_dags/example_subdag_operator.py
[2022-12-31T20:56:33.268+0100] {processor.py:743} INFO - Processing file /Library/Frameworks/Python.framework/Versions/3.11/lib/python3.11/site-packages/airflow/example_dags/example_subdag_operator.py for tasks to queue
[2022-12-31T20:56:33.269+0100] {logging_mixin.py:137} INFO - [2022-12-31T20:56:33.269+0100] {dagbag.py:538} INFO - Filling up the DagBag from /Library/Frameworks/Python.framework/Versions/3.11/lib/python3.11/site-packages/airflow/example_dags/example_subdag_operator.py
[2022-12-31T20:56:33.973+0100] {processor.py:753} INFO - DAG(s) dict_keys(['example_subdag_operator.section-1', 'example_subdag_operator.section-2', 'example_subdag_operator']) retrieved from /Library/Frameworks/Python.framework/Versions/3.11/lib/python3.11/site-packages/airflow/example_dags/example_subdag_operator.py
[2022-12-31T20:56:35.432+0100] {logging_mixin.py:137} INFO - {2.3: 'Indiana Pacers', 1.7: 'LA Clippers'}
[2022-12-31T20:56:35.588+0100] {logging_mixin.py:137} INFO - [2022-12-31T20:56:35.588+0100] {dag.py:2676} INFO - Sync 3 DAGs
[2022-12-31T20:56:35.598+0100] {logging_mixin.py:137} INFO - [2022-12-31T20:56:35.598+0100] {dag.py:3423} INFO - Setting next_dagrun for example_subdag_operator to 2022-01-01T00:00:00+00:00, run_after=2022-01-01T00:00:00+00:00
[2022-12-31T20:56:35.599+0100] {logging_mixin.py:137} INFO - [2022-12-31T20:56:35.599+0100] {dag.py:3423} INFO - Setting next_dagrun for example_subdag_operator.section-1 to None, run_after=None
[2022-12-31T20:56:35.600+0100] {logging_mixin.py:137} INFO - [2022-12-31T20:56:35.600+0100] {dag.py:3423} INFO - Setting next_dagrun for example_subdag_operator.section-2 to None, run_after=None
[2022-12-31T20:56:35.603+0100] {logging_mixin.py:137} INFO - [2022-12-31T20:56:35.603+0100] {dag.py:2676} INFO - Sync 2 DAGs
[2022-12-31T20:56:35.605+0100] {logging_mixin.py:137} INFO - [2022-12-31T20:56:35.605+0100] {dag.py:3423} INFO - Setting next_dagrun for example_subdag_operator.section-1 to None, run_after=None
[2022-12-31T20:56:35.605+0100] {logging_mixin.py:137} INFO - [2022-12-31T20:56:35.605+0100] {dag.py:3423} INFO - Setting next_dagrun for example_subdag_operator.section-2 to None, run_after=None
[2022-12-31T20:56:35.613+0100] {processor.py:175} INFO - Processing /Library/Frameworks/Python.framework/Versions/3.11/lib/python3.11/site-packages/airflow/example_dags/example_subdag_operator.py took 2.350 seconds
[2022-12-31T20:58:35.437+0100] {processor.py:153} INFO - Started process (PID=93576) to work on /Library/Frameworks/Python.framework/Versions/3.11/lib/python3.11/site-packages/airflow/example_dags/example_subdag_operator.py
[2022-12-31T20:58:35.444+0100] {processor.py:743} INFO - Processing file /Library/Frameworks/Python.framework/Versions/3.11/lib/python3.11/site-packages/airflow/example_dags/example_subdag_operator.py for tasks to queue
[2022-12-31T20:58:35.444+0100] {logging_mixin.py:137} INFO - [2022-12-31T20:58:35.444+0100] {dagbag.py:538} INFO - Filling up the DagBag from /Library/Frameworks/Python.framework/Versions/3.11/lib/python3.11/site-packages/airflow/example_dags/example_subdag_operator.py
[2022-12-31T20:58:35.921+0100] {processor.py:753} INFO - DAG(s) dict_keys(['example_subdag_operator.section-1', 'example_subdag_operator.section-2', 'example_subdag_operator']) retrieved from /Library/Frameworks/Python.framework/Versions/3.11/lib/python3.11/site-packages/airflow/example_dags/example_subdag_operator.py
[2022-12-31T20:58:37.454+0100] {logging_mixin.py:137} INFO - {2.3: 'Indiana Pacers', 1.72: 'LA Clippers'}
[2022-12-31T20:58:37.661+0100] {logging_mixin.py:137} INFO - [2022-12-31T20:58:37.660+0100] {dag.py:2676} INFO - Sync 3 DAGs
[2022-12-31T20:58:37.675+0100] {logging_mixin.py:137} INFO - [2022-12-31T20:58:37.674+0100] {dag.py:3423} INFO - Setting next_dagrun for example_subdag_operator to 2022-01-01T00:00:00+00:00, run_after=2022-01-01T00:00:00+00:00
[2022-12-31T20:58:37.676+0100] {logging_mixin.py:137} INFO - [2022-12-31T20:58:37.676+0100] {dag.py:3423} INFO - Setting next_dagrun for example_subdag_operator.section-1 to None, run_after=None
[2022-12-31T20:58:37.676+0100] {logging_mixin.py:137} INFO - [2022-12-31T20:58:37.676+0100] {dag.py:3423} INFO - Setting next_dagrun for example_subdag_operator.section-2 to None, run_after=None
[2022-12-31T20:58:37.682+0100] {logging_mixin.py:137} INFO - [2022-12-31T20:58:37.681+0100] {dag.py:2676} INFO - Sync 2 DAGs
[2022-12-31T20:58:37.685+0100] {logging_mixin.py:137} INFO - [2022-12-31T20:58:37.685+0100] {dag.py:3423} INFO - Setting next_dagrun for example_subdag_operator.section-1 to None, run_after=None
[2022-12-31T20:58:37.685+0100] {logging_mixin.py:137} INFO - [2022-12-31T20:58:37.685+0100] {dag.py:3423} INFO - Setting next_dagrun for example_subdag_operator.section-2 to None, run_after=None
[2022-12-31T20:58:37.702+0100] {processor.py:175} INFO - Processing /Library/Frameworks/Python.framework/Versions/3.11/lib/python3.11/site-packages/airflow/example_dags/example_subdag_operator.py took 2.265 seconds
[2022-12-31T21:00:40.845+0100] {processor.py:153} INFO - Started process (PID=93804) to work on /Library/Frameworks/Python.framework/Versions/3.11/lib/python3.11/site-packages/airflow/example_dags/example_subdag_operator.py
[2022-12-31T21:00:40.848+0100] {processor.py:743} INFO - Processing file /Library/Frameworks/Python.framework/Versions/3.11/lib/python3.11/site-packages/airflow/example_dags/example_subdag_operator.py for tasks to queue
[2022-12-31T21:00:40.849+0100] {logging_mixin.py:137} INFO - [2022-12-31T21:00:40.849+0100] {dagbag.py:538} INFO - Filling up the DagBag from /Library/Frameworks/Python.framework/Versions/3.11/lib/python3.11/site-packages/airflow/example_dags/example_subdag_operator.py
[2022-12-31T21:00:41.336+0100] {processor.py:753} INFO - DAG(s) dict_keys(['example_subdag_operator.section-1', 'example_subdag_operator.section-2', 'example_subdag_operator']) retrieved from /Library/Frameworks/Python.framework/Versions/3.11/lib/python3.11/site-packages/airflow/example_dags/example_subdag_operator.py
[2022-12-31T21:00:42.633+0100] {logging_mixin.py:137} INFO - {2.3: 'Indiana Pacers', 1.72: 'LA Clippers'}
[2022-12-31T21:00:42.786+0100] {logging_mixin.py:137} INFO - [2022-12-31T21:00:42.786+0100] {dag.py:2676} INFO - Sync 3 DAGs
[2022-12-31T21:00:42.793+0100] {logging_mixin.py:137} INFO - [2022-12-31T21:00:42.793+0100] {dag.py:3423} INFO - Setting next_dagrun for example_subdag_operator to 2022-01-01T00:00:00+00:00, run_after=2022-01-01T00:00:00+00:00
[2022-12-31T21:00:42.794+0100] {logging_mixin.py:137} INFO - [2022-12-31T21:00:42.794+0100] {dag.py:3423} INFO - Setting next_dagrun for example_subdag_operator.section-1 to None, run_after=None
[2022-12-31T21:00:42.794+0100] {logging_mixin.py:137} INFO - [2022-12-31T21:00:42.794+0100] {dag.py:3423} INFO - Setting next_dagrun for example_subdag_operator.section-2 to None, run_after=None
[2022-12-31T21:00:42.796+0100] {logging_mixin.py:137} INFO - [2022-12-31T21:00:42.796+0100] {dag.py:2676} INFO - Sync 2 DAGs
[2022-12-31T21:00:42.797+0100] {logging_mixin.py:137} INFO - [2022-12-31T21:00:42.797+0100] {dag.py:3423} INFO - Setting next_dagrun for example_subdag_operator.section-1 to None, run_after=None
[2022-12-31T21:00:42.797+0100] {logging_mixin.py:137} INFO - [2022-12-31T21:00:42.797+0100] {dag.py:3423} INFO - Setting next_dagrun for example_subdag_operator.section-2 to None, run_after=None
[2022-12-31T21:00:42.802+0100] {processor.py:175} INFO - Processing /Library/Frameworks/Python.framework/Versions/3.11/lib/python3.11/site-packages/airflow/example_dags/example_subdag_operator.py took 1.958 seconds
[2022-12-31T21:02:39.616+0100] {processor.py:153} INFO - Started process (PID=94140) to work on /Library/Frameworks/Python.framework/Versions/3.11/lib/python3.11/site-packages/airflow/example_dags/example_subdag_operator.py
[2022-12-31T21:02:39.621+0100] {processor.py:743} INFO - Processing file /Library/Frameworks/Python.framework/Versions/3.11/lib/python3.11/site-packages/airflow/example_dags/example_subdag_operator.py for tasks to queue
[2022-12-31T21:02:39.621+0100] {logging_mixin.py:137} INFO - [2022-12-31T21:02:39.621+0100] {dagbag.py:538} INFO - Filling up the DagBag from /Library/Frameworks/Python.framework/Versions/3.11/lib/python3.11/site-packages/airflow/example_dags/example_subdag_operator.py
[2022-12-31T21:02:40.189+0100] {processor.py:753} INFO - DAG(s) dict_keys(['example_subdag_operator.section-1', 'example_subdag_operator.section-2', 'example_subdag_operator']) retrieved from /Library/Frameworks/Python.framework/Versions/3.11/lib/python3.11/site-packages/airflow/example_dags/example_subdag_operator.py
[2022-12-31T21:02:41.909+0100] {logging_mixin.py:137} INFO - {2.3: 'Indiana Pacers', 1.72: 'LA Clippers'}
[2022-12-31T21:02:42.063+0100] {logging_mixin.py:137} INFO - [2022-12-31T21:02:42.063+0100] {dag.py:2676} INFO - Sync 3 DAGs
[2022-12-31T21:02:42.072+0100] {logging_mixin.py:137} INFO - [2022-12-31T21:02:42.072+0100] {dag.py:3423} INFO - Setting next_dagrun for example_subdag_operator to 2022-01-01T00:00:00+00:00, run_after=2022-01-01T00:00:00+00:00
[2022-12-31T21:02:42.073+0100] {logging_mixin.py:137} INFO - [2022-12-31T21:02:42.073+0100] {dag.py:3423} INFO - Setting next_dagrun for example_subdag_operator.section-1 to None, run_after=None
[2022-12-31T21:02:42.073+0100] {logging_mixin.py:137} INFO - [2022-12-31T21:02:42.073+0100] {dag.py:3423} INFO - Setting next_dagrun for example_subdag_operator.section-2 to None, run_after=None
[2022-12-31T21:02:42.077+0100] {logging_mixin.py:137} INFO - [2022-12-31T21:02:42.077+0100] {dag.py:2676} INFO - Sync 2 DAGs
[2022-12-31T21:02:42.080+0100] {logging_mixin.py:137} INFO - [2022-12-31T21:02:42.080+0100] {dag.py:3423} INFO - Setting next_dagrun for example_subdag_operator.section-1 to None, run_after=None
[2022-12-31T21:02:42.080+0100] {logging_mixin.py:137} INFO - [2022-12-31T21:02:42.080+0100] {dag.py:3423} INFO - Setting next_dagrun for example_subdag_operator.section-2 to None, run_after=None
[2022-12-31T21:02:42.085+0100] {processor.py:175} INFO - Processing /Library/Frameworks/Python.framework/Versions/3.11/lib/python3.11/site-packages/airflow/example_dags/example_subdag_operator.py took 2.469 seconds
[2022-12-31T21:04:49.831+0100] {processor.py:153} INFO - Started process (PID=94456) to work on /Library/Frameworks/Python.framework/Versions/3.11/lib/python3.11/site-packages/airflow/example_dags/example_subdag_operator.py
[2022-12-31T21:04:49.836+0100] {processor.py:743} INFO - Processing file /Library/Frameworks/Python.framework/Versions/3.11/lib/python3.11/site-packages/airflow/example_dags/example_subdag_operator.py for tasks to queue
[2022-12-31T21:04:49.836+0100] {logging_mixin.py:137} INFO - [2022-12-31T21:04:49.836+0100] {dagbag.py:538} INFO - Filling up the DagBag from /Library/Frameworks/Python.framework/Versions/3.11/lib/python3.11/site-packages/airflow/example_dags/example_subdag_operator.py
[2022-12-31T21:04:50.297+0100] {processor.py:753} INFO - DAG(s) dict_keys(['example_subdag_operator.section-1', 'example_subdag_operator.section-2', 'example_subdag_operator']) retrieved from /Library/Frameworks/Python.framework/Versions/3.11/lib/python3.11/site-packages/airflow/example_dags/example_subdag_operator.py
[2022-12-31T21:04:51.399+0100] {logging_mixin.py:137} INFO - {2.3: 'Indiana Pacers', 1.72: 'LA Clippers'}
[2022-12-31T21:04:51.525+0100] {logging_mixin.py:137} INFO - [2022-12-31T21:04:51.525+0100] {dag.py:2676} INFO - Sync 3 DAGs
[2022-12-31T21:04:51.530+0100] {logging_mixin.py:137} INFO - [2022-12-31T21:04:51.530+0100] {dag.py:3423} INFO - Setting next_dagrun for example_subdag_operator to 2022-01-01T00:00:00+00:00, run_after=2022-01-01T00:00:00+00:00
[2022-12-31T21:04:51.531+0100] {logging_mixin.py:137} INFO - [2022-12-31T21:04:51.531+0100] {dag.py:3423} INFO - Setting next_dagrun for example_subdag_operator.section-1 to None, run_after=None
[2022-12-31T21:04:51.531+0100] {logging_mixin.py:137} INFO - [2022-12-31T21:04:51.531+0100] {dag.py:3423} INFO - Setting next_dagrun for example_subdag_operator.section-2 to None, run_after=None
[2022-12-31T21:04:51.533+0100] {logging_mixin.py:137} INFO - [2022-12-31T21:04:51.533+0100] {dag.py:2676} INFO - Sync 2 DAGs
[2022-12-31T21:04:51.534+0100] {logging_mixin.py:137} INFO - [2022-12-31T21:04:51.534+0100] {dag.py:3423} INFO - Setting next_dagrun for example_subdag_operator.section-1 to None, run_after=None
[2022-12-31T21:04:51.534+0100] {logging_mixin.py:137} INFO - [2022-12-31T21:04:51.534+0100] {dag.py:3423} INFO - Setting next_dagrun for example_subdag_operator.section-2 to None, run_after=None
[2022-12-31T21:04:51.538+0100] {processor.py:175} INFO - Processing /Library/Frameworks/Python.framework/Versions/3.11/lib/python3.11/site-packages/airflow/example_dags/example_subdag_operator.py took 1.708 seconds
[2022-12-31T21:06:37.803+0100] {processor.py:153} INFO - Started process (PID=94685) to work on /Library/Frameworks/Python.framework/Versions/3.11/lib/python3.11/site-packages/airflow/example_dags/example_subdag_operator.py
[2022-12-31T21:06:37.807+0100] {processor.py:743} INFO - Processing file /Library/Frameworks/Python.framework/Versions/3.11/lib/python3.11/site-packages/airflow/example_dags/example_subdag_operator.py for tasks to queue
[2022-12-31T21:06:37.809+0100] {logging_mixin.py:137} INFO - [2022-12-31T21:06:37.808+0100] {dagbag.py:538} INFO - Filling up the DagBag from /Library/Frameworks/Python.framework/Versions/3.11/lib/python3.11/site-packages/airflow/example_dags/example_subdag_operator.py
[2022-12-31T21:06:38.223+0100] {processor.py:753} INFO - DAG(s) dict_keys(['example_subdag_operator.section-1', 'example_subdag_operator.section-2', 'example_subdag_operator']) retrieved from /Library/Frameworks/Python.framework/Versions/3.11/lib/python3.11/site-packages/airflow/example_dags/example_subdag_operator.py
[2022-12-31T21:06:39.533+0100] {logging_mixin.py:137} INFO - {2.3: 'Indiana Pacers', 1.72: 'LA Clippers'}
[2022-12-31T21:06:39.697+0100] {logging_mixin.py:137} INFO - [2022-12-31T21:06:39.697+0100] {dag.py:2676} INFO - Sync 3 DAGs
[2022-12-31T21:06:39.708+0100] {logging_mixin.py:137} INFO - [2022-12-31T21:06:39.708+0100] {dag.py:3423} INFO - Setting next_dagrun for example_subdag_operator to 2022-01-01T00:00:00+00:00, run_after=2022-01-01T00:00:00+00:00
[2022-12-31T21:06:39.709+0100] {logging_mixin.py:137} INFO - [2022-12-31T21:06:39.709+0100] {dag.py:3423} INFO - Setting next_dagrun for example_subdag_operator.section-1 to None, run_after=None
[2022-12-31T21:06:39.709+0100] {logging_mixin.py:137} INFO - [2022-12-31T21:06:39.709+0100] {dag.py:3423} INFO - Setting next_dagrun for example_subdag_operator.section-2 to None, run_after=None
[2022-12-31T21:06:39.713+0100] {logging_mixin.py:137} INFO - [2022-12-31T21:06:39.713+0100] {dag.py:2676} INFO - Sync 2 DAGs
[2022-12-31T21:06:39.715+0100] {logging_mixin.py:137} INFO - [2022-12-31T21:06:39.715+0100] {dag.py:3423} INFO - Setting next_dagrun for example_subdag_operator.section-1 to None, run_after=None
[2022-12-31T21:06:39.716+0100] {logging_mixin.py:137} INFO - [2022-12-31T21:06:39.716+0100] {dag.py:3423} INFO - Setting next_dagrun for example_subdag_operator.section-2 to None, run_after=None
[2022-12-31T21:06:39.723+0100] {processor.py:175} INFO - Processing /Library/Frameworks/Python.framework/Versions/3.11/lib/python3.11/site-packages/airflow/example_dags/example_subdag_operator.py took 1.921 seconds
[2022-12-31T21:08:32.950+0100] {processor.py:153} INFO - Started process (PID=94933) to work on /Library/Frameworks/Python.framework/Versions/3.11/lib/python3.11/site-packages/airflow/example_dags/example_subdag_operator.py
[2022-12-31T21:08:32.955+0100] {processor.py:743} INFO - Processing file /Library/Frameworks/Python.framework/Versions/3.11/lib/python3.11/site-packages/airflow/example_dags/example_subdag_operator.py for tasks to queue
[2022-12-31T21:08:32.955+0100] {logging_mixin.py:137} INFO - [2022-12-31T21:08:32.955+0100] {dagbag.py:538} INFO - Filling up the DagBag from /Library/Frameworks/Python.framework/Versions/3.11/lib/python3.11/site-packages/airflow/example_dags/example_subdag_operator.py
[2022-12-31T21:08:33.451+0100] {processor.py:753} INFO - DAG(s) dict_keys(['example_subdag_operator.section-1', 'example_subdag_operator.section-2', 'example_subdag_operator']) retrieved from /Library/Frameworks/Python.framework/Versions/3.11/lib/python3.11/site-packages/airflow/example_dags/example_subdag_operator.py
[2022-12-31T21:08:35.003+0100] {logging_mixin.py:137} INFO - {2.3: 'Indiana Pacers', 1.72: 'LA Clippers'}
[2022-12-31T21:08:35.141+0100] {logging_mixin.py:137} INFO - [2022-12-31T21:08:35.141+0100] {dag.py:2676} INFO - Sync 3 DAGs
[2022-12-31T21:08:35.148+0100] {logging_mixin.py:137} INFO - [2022-12-31T21:08:35.148+0100] {dag.py:3423} INFO - Setting next_dagrun for example_subdag_operator to 2022-01-01T00:00:00+00:00, run_after=2022-01-01T00:00:00+00:00
[2022-12-31T21:08:35.149+0100] {logging_mixin.py:137} INFO - [2022-12-31T21:08:35.149+0100] {dag.py:3423} INFO - Setting next_dagrun for example_subdag_operator.section-1 to None, run_after=None
[2022-12-31T21:08:35.149+0100] {logging_mixin.py:137} INFO - [2022-12-31T21:08:35.149+0100] {dag.py:3423} INFO - Setting next_dagrun for example_subdag_operator.section-2 to None, run_after=None
[2022-12-31T21:08:35.151+0100] {logging_mixin.py:137} INFO - [2022-12-31T21:08:35.151+0100] {dag.py:2676} INFO - Sync 2 DAGs
[2022-12-31T21:08:35.153+0100] {logging_mixin.py:137} INFO - [2022-12-31T21:08:35.153+0100] {dag.py:3423} INFO - Setting next_dagrun for example_subdag_operator.section-1 to None, run_after=None
[2022-12-31T21:08:35.153+0100] {logging_mixin.py:137} INFO - [2022-12-31T21:08:35.153+0100] {dag.py:3423} INFO - Setting next_dagrun for example_subdag_operator.section-2 to None, run_after=None
[2022-12-31T21:08:35.164+0100] {processor.py:175} INFO - Processing /Library/Frameworks/Python.framework/Versions/3.11/lib/python3.11/site-packages/airflow/example_dags/example_subdag_operator.py took 2.216 seconds
[2022-12-31 20:08:43,751] {scheduler_job.py:182} INFO - Started process (PID=92) to work on /home/airflow/.local/lib/python3.6/site-packages/airflow/example_dags/example_subdag_operator.py
[2022-12-31 20:08:43,762] {scheduler_job.py:629} INFO - Processing file /home/airflow/.local/lib/python3.6/site-packages/airflow/example_dags/example_subdag_operator.py for tasks to queue
[2022-12-31 20:08:43,782] {logging_mixin.py:104} INFO - [2022-12-31 20:08:43,782] {dagbag.py:451} INFO - Filling up the DagBag from /home/airflow/.local/lib/python3.6/site-packages/airflow/example_dags/example_subdag_operator.py
[2022-12-31 20:08:44,157] {scheduler_job.py:639} INFO - DAG(s) dict_keys(['example_subdag_operator.section-1', 'example_subdag_operator.section-2', 'example_subdag_operator']) retrieved from /home/airflow/.local/lib/python3.6/site-packages/airflow/example_dags/example_subdag_operator.py
[2022-12-31 20:08:44,349] {logging_mixin.py:104} INFO - [2022-12-31 20:08:44,348] {dag.py:1824} INFO - Sync 3 DAGs
[2022-12-31 20:08:44,536] {logging_mixin.py:104} INFO - [2022-12-31 20:08:44,536] {dag.py:2280} INFO - Setting next_dagrun for example_subdag_operator to 2022-12-29 00:00:00+00:00
[2022-12-31 20:08:44,540] {logging_mixin.py:104} INFO - [2022-12-31 20:08:44,540] {dag.py:2280} INFO - Setting next_dagrun for example_subdag_operator.section-1 to None
[2022-12-31 20:08:44,550] {logging_mixin.py:104} INFO - [2022-12-31 20:08:44,550] {dag.py:2280} INFO - Setting next_dagrun for example_subdag_operator.section-2 to None
[2022-12-31 20:08:44,605] {logging_mixin.py:104} INFO - [2022-12-31 20:08:44,604] {dag.py:1824} INFO - Sync 2 DAGs
[2022-12-31 20:08:44,679] {logging_mixin.py:104} INFO - [2022-12-31 20:08:44,678] {dag.py:2280} INFO - Setting next_dagrun for example_subdag_operator.section-1 to None
[2022-12-31 20:08:44,687] {logging_mixin.py:104} INFO - [2022-12-31 20:08:44,687] {dag.py:2280} INFO - Setting next_dagrun for example_subdag_operator.section-2 to None
[2022-12-31 20:08:44,724] {scheduler_job.py:190} INFO - Processing /home/airflow/.local/lib/python3.6/site-packages/airflow/example_dags/example_subdag_operator.py took 1.023 seconds
[2022-12-31 20:09:14,877] {scheduler_job.py:182} INFO - Started process (PID=144) to work on /home/airflow/.local/lib/python3.6/site-packages/airflow/example_dags/example_subdag_operator.py
[2022-12-31 20:09:14,883] {scheduler_job.py:629} INFO - Processing file /home/airflow/.local/lib/python3.6/site-packages/airflow/example_dags/example_subdag_operator.py for tasks to queue
[2022-12-31 20:09:14,886] {logging_mixin.py:104} INFO - [2022-12-31 20:09:14,886] {dagbag.py:451} INFO - Filling up the DagBag from /home/airflow/.local/lib/python3.6/site-packages/airflow/example_dags/example_subdag_operator.py
[2022-12-31 20:09:15,059] {scheduler_job.py:639} INFO - DAG(s) dict_keys(['example_subdag_operator.section-1', 'example_subdag_operator.section-2', 'example_subdag_operator']) retrieved from /home/airflow/.local/lib/python3.6/site-packages/airflow/example_dags/example_subdag_operator.py
[2022-12-31 20:09:15,140] {logging_mixin.py:104} INFO - [2022-12-31 20:09:15,139] {dag.py:1824} INFO - Sync 3 DAGs
[2022-12-31 20:09:15,218] {logging_mixin.py:104} INFO - [2022-12-31 20:09:15,218] {dag.py:2280} INFO - Setting next_dagrun for example_subdag_operator to 2022-12-29 00:00:00+00:00
[2022-12-31 20:09:15,227] {logging_mixin.py:104} INFO - [2022-12-31 20:09:15,227] {dag.py:2280} INFO - Setting next_dagrun for example_subdag_operator.section-1 to None
[2022-12-31 20:09:15,232] {logging_mixin.py:104} INFO - [2022-12-31 20:09:15,232] {dag.py:2280} INFO - Setting next_dagrun for example_subdag_operator.section-2 to None
[2022-12-31 20:09:15,282] {logging_mixin.py:104} INFO - [2022-12-31 20:09:15,280] {dag.py:1824} INFO - Sync 2 DAGs
[2022-12-31 20:09:15,322] {logging_mixin.py:104} INFO - [2022-12-31 20:09:15,321] {dag.py:2280} INFO - Setting next_dagrun for example_subdag_operator.section-1 to None
[2022-12-31 20:09:15,325] {logging_mixin.py:104} INFO - [2022-12-31 20:09:15,325] {dag.py:2280} INFO - Setting next_dagrun for example_subdag_operator.section-2 to None
[2022-12-31 20:09:15,348] {scheduler_job.py:190} INFO - Processing /home/airflow/.local/lib/python3.6/site-packages/airflow/example_dags/example_subdag_operator.py took 0.486 seconds
[2022-12-31 20:09:45,760] {scheduler_job.py:182} INFO - Started process (PID=200) to work on /home/airflow/.local/lib/python3.6/site-packages/airflow/example_dags/example_subdag_operator.py
[2022-12-31 20:09:45,771] {scheduler_job.py:629} INFO - Processing file /home/airflow/.local/lib/python3.6/site-packages/airflow/example_dags/example_subdag_operator.py for tasks to queue
[2022-12-31 20:09:45,786] {logging_mixin.py:104} INFO - [2022-12-31 20:09:45,786] {dagbag.py:451} INFO - Filling up the DagBag from /home/airflow/.local/lib/python3.6/site-packages/airflow/example_dags/example_subdag_operator.py
[2022-12-31 20:09:46,416] {scheduler_job.py:639} INFO - DAG(s) dict_keys(['example_subdag_operator.section-1', 'example_subdag_operator.section-2', 'example_subdag_operator']) retrieved from /home/airflow/.local/lib/python3.6/site-packages/airflow/example_dags/example_subdag_operator.py
[2022-12-31 20:09:50,123] {logging_mixin.py:104} INFO - [2022-12-31 20:09:50,121] {process_utils.py:206} INFO - Waiting up to 5 seconds for processes to exit...
[2022-12-31T21:10:36.920+0100] {processor.py:153} INFO - Started process (PID=95258) to work on /Library/Frameworks/Python.framework/Versions/3.11/lib/python3.11/site-packages/airflow/example_dags/example_subdag_operator.py
[2022-12-31T21:10:36.926+0100] {processor.py:743} INFO - Processing file /Library/Frameworks/Python.framework/Versions/3.11/lib/python3.11/site-packages/airflow/example_dags/example_subdag_operator.py for tasks to queue
[2022-12-31T21:10:36.926+0100] {logging_mixin.py:137} INFO - [2022-12-31T21:10:36.926+0100] {dagbag.py:538} INFO - Filling up the DagBag from /Library/Frameworks/Python.framework/Versions/3.11/lib/python3.11/site-packages/airflow/example_dags/example_subdag_operator.py
[2022-12-31T21:10:37.344+0100] {processor.py:753} INFO - DAG(s) dict_keys(['example_subdag_operator.section-1', 'example_subdag_operator.section-2', 'example_subdag_operator']) retrieved from /Library/Frameworks/Python.framework/Versions/3.11/lib/python3.11/site-packages/airflow/example_dags/example_subdag_operator.py
[2022-12-31T21:10:38.455+0100] {logging_mixin.py:137} INFO - {2.3: 'Indiana Pacers', 1.72: 'LA Clippers'}
[2022-12-31T21:10:38.579+0100] {logging_mixin.py:137} INFO - [2022-12-31T21:10:38.579+0100] {dag.py:2676} INFO - Sync 3 DAGs
[2022-12-31T21:10:38.584+0100] {logging_mixin.py:137} INFO - [2022-12-31T21:10:38.584+0100] {dag.py:3423} INFO - Setting next_dagrun for example_subdag_operator to 2022-01-01T00:00:00+00:00, run_after=2022-01-01T00:00:00+00:00
[2022-12-31T21:10:38.585+0100] {logging_mixin.py:137} INFO - [2022-12-31T21:10:38.585+0100] {dag.py:3423} INFO - Setting next_dagrun for example_subdag_operator.section-1 to None, run_after=None
[2022-12-31T21:10:38.586+0100] {logging_mixin.py:137} INFO - [2022-12-31T21:10:38.585+0100] {dag.py:3423} INFO - Setting next_dagrun for example_subdag_operator.section-2 to None, run_after=None
[2022-12-31T21:10:38.587+0100] {logging_mixin.py:137} INFO - [2022-12-31T21:10:38.587+0100] {dag.py:2676} INFO - Sync 2 DAGs
[2022-12-31T21:10:38.588+0100] {logging_mixin.py:137} INFO - [2022-12-31T21:10:38.588+0100] {dag.py:3423} INFO - Setting next_dagrun for example_subdag_operator.section-1 to None, run_after=None
[2022-12-31T21:10:38.588+0100] {logging_mixin.py:137} INFO - [2022-12-31T21:10:38.588+0100] {dag.py:3423} INFO - Setting next_dagrun for example_subdag_operator.section-2 to None, run_after=None
[2022-12-31T21:10:38.592+0100] {processor.py:175} INFO - Processing /Library/Frameworks/Python.framework/Versions/3.11/lib/python3.11/site-packages/airflow/example_dags/example_subdag_operator.py took 1.673 seconds
[2022-12-31T21:12:41.449+0100] {processor.py:153} INFO - Started process (PID=95577) to work on /Library/Frameworks/Python.framework/Versions/3.11/lib/python3.11/site-packages/airflow/example_dags/example_subdag_operator.py
[2022-12-31T21:12:41.452+0100] {processor.py:743} INFO - Processing file /Library/Frameworks/Python.framework/Versions/3.11/lib/python3.11/site-packages/airflow/example_dags/example_subdag_operator.py for tasks to queue
[2022-12-31T21:12:41.453+0100] {logging_mixin.py:137} INFO - [2022-12-31T21:12:41.452+0100] {dagbag.py:538} INFO - Filling up the DagBag from /Library/Frameworks/Python.framework/Versions/3.11/lib/python3.11/site-packages/airflow/example_dags/example_subdag_operator.py
[2022-12-31T21:12:42.104+0100] {processor.py:753} INFO - DAG(s) dict_keys(['example_subdag_operator.section-1', 'example_subdag_operator.section-2', 'example_subdag_operator']) retrieved from /Library/Frameworks/Python.framework/Versions/3.11/lib/python3.11/site-packages/airflow/example_dags/example_subdag_operator.py
[2022-12-31T21:12:43.776+0100] {logging_mixin.py:137} INFO - {2.3: 'Indiana Pacers', 1.72: 'LA Clippers'}
[2022-12-31T21:12:43.939+0100] {logging_mixin.py:137} INFO - [2022-12-31T21:12:43.939+0100] {dag.py:2676} INFO - Sync 3 DAGs
[2022-12-31T21:12:43.947+0100] {logging_mixin.py:137} INFO - [2022-12-31T21:12:43.947+0100] {dag.py:3423} INFO - Setting next_dagrun for example_subdag_operator to 2022-01-01T00:00:00+00:00, run_after=2022-01-01T00:00:00+00:00
[2022-12-31T21:12:43.948+0100] {logging_mixin.py:137} INFO - [2022-12-31T21:12:43.948+0100] {dag.py:3423} INFO - Setting next_dagrun for example_subdag_operator.section-1 to None, run_after=None
[2022-12-31T21:12:43.948+0100] {logging_mixin.py:137} INFO - [2022-12-31T21:12:43.948+0100] {dag.py:3423} INFO - Setting next_dagrun for example_subdag_operator.section-2 to None, run_after=None
[2022-12-31T21:12:43.951+0100] {logging_mixin.py:137} INFO - [2022-12-31T21:12:43.951+0100] {dag.py:2676} INFO - Sync 2 DAGs
[2022-12-31T21:12:43.952+0100] {logging_mixin.py:137} INFO - [2022-12-31T21:12:43.952+0100] {dag.py:3423} INFO - Setting next_dagrun for example_subdag_operator.section-1 to None, run_after=None
[2022-12-31T21:12:43.953+0100] {logging_mixin.py:137} INFO - [2022-12-31T21:12:43.953+0100] {dag.py:3423} INFO - Setting next_dagrun for example_subdag_operator.section-2 to None, run_after=None
[2022-12-31T21:12:43.958+0100] {processor.py:175} INFO - Processing /Library/Frameworks/Python.framework/Versions/3.11/lib/python3.11/site-packages/airflow/example_dags/example_subdag_operator.py took 2.510 seconds
[2022-12-31T21:13:50.037+0100] {processor.py:153} INFO - Started process (PID=95720) to work on /Library/Frameworks/Python.framework/Versions/3.11/lib/python3.11/site-packages/airflow/example_dags/example_subdag_operator.py
[2022-12-31T21:13:50.051+0100] {processor.py:743} INFO - Processing file /Library/Frameworks/Python.framework/Versions/3.11/lib/python3.11/site-packages/airflow/example_dags/example_subdag_operator.py for tasks to queue
[2022-12-31T21:13:50.052+0100] {logging_mixin.py:137} INFO - [2022-12-31T21:13:50.052+0100] {dagbag.py:538} INFO - Filling up the DagBag from /Library/Frameworks/Python.framework/Versions/3.11/lib/python3.11/site-packages/airflow/example_dags/example_subdag_operator.py
[2022-12-31T21:13:50.499+0100] {processor.py:753} INFO - DAG(s) dict_keys(['example_subdag_operator.section-1', 'example_subdag_operator.section-2', 'example_subdag_operator']) retrieved from /Library/Frameworks/Python.framework/Versions/3.11/lib/python3.11/site-packages/airflow/example_dags/example_subdag_operator.py
[2022-12-31T21:13:51.883+0100] {logging_mixin.py:137} INFO - {2.3: 'Indiana Pacers', 1.72: 'LA Clippers'}
[2022-12-31T21:13:52.010+0100] {logging_mixin.py:137} INFO - [2022-12-31T21:13:52.010+0100] {dag.py:2676} INFO - Sync 3 DAGs
[2022-12-31T21:13:52.016+0100] {logging_mixin.py:137} INFO - [2022-12-31T21:13:52.016+0100] {dag.py:3423} INFO - Setting next_dagrun for example_subdag_operator to 2022-01-01T00:00:00+00:00, run_after=2022-01-01T00:00:00+00:00
[2022-12-31T21:13:52.017+0100] {logging_mixin.py:137} INFO - [2022-12-31T21:13:52.017+0100] {dag.py:3423} INFO - Setting next_dagrun for example_subdag_operator.section-1 to None, run_after=None
[2022-12-31T21:13:52.017+0100] {logging_mixin.py:137} INFO - [2022-12-31T21:13:52.017+0100] {dag.py:3423} INFO - Setting next_dagrun for example_subdag_operator.section-2 to None, run_after=None
[2022-12-31T21:13:52.019+0100] {logging_mixin.py:137} INFO - [2022-12-31T21:13:52.019+0100] {dag.py:2676} INFO - Sync 2 DAGs
[2022-12-31T21:13:52.020+0100] {logging_mixin.py:137} INFO - [2022-12-31T21:13:52.020+0100] {dag.py:3423} INFO - Setting next_dagrun for example_subdag_operator.section-1 to None, run_after=None
[2022-12-31T21:13:52.020+0100] {logging_mixin.py:137} INFO - [2022-12-31T21:13:52.020+0100] {dag.py:3423} INFO - Setting next_dagrun for example_subdag_operator.section-2 to None, run_after=None
[2022-12-31T21:13:52.024+0100] {processor.py:175} INFO - Processing /Library/Frameworks/Python.framework/Versions/3.11/lib/python3.11/site-packages/airflow/example_dags/example_subdag_operator.py took 1.988 seconds
[2022-12-31T21:15:43.107+0100] {processor.py:153} INFO - Started process (PID=95988) to work on /Library/Frameworks/Python.framework/Versions/3.11/lib/python3.11/site-packages/airflow/example_dags/example_subdag_operator.py
[2022-12-31T21:15:43.120+0100] {processor.py:743} INFO - Processing file /Library/Frameworks/Python.framework/Versions/3.11/lib/python3.11/site-packages/airflow/example_dags/example_subdag_operator.py for tasks to queue
[2022-12-31T21:15:43.120+0100] {logging_mixin.py:137} INFO - [2022-12-31T21:15:43.120+0100] {dagbag.py:538} INFO - Filling up the DagBag from /Library/Frameworks/Python.framework/Versions/3.11/lib/python3.11/site-packages/airflow/example_dags/example_subdag_operator.py
[2022-12-31T21:15:43.534+0100] {processor.py:753} INFO - DAG(s) dict_keys(['example_subdag_operator.section-1', 'example_subdag_operator.section-2', 'example_subdag_operator']) retrieved from /Library/Frameworks/Python.framework/Versions/3.11/lib/python3.11/site-packages/airflow/example_dags/example_subdag_operator.py
[2022-12-31T21:15:44.766+0100] {logging_mixin.py:137} INFO - {2.3: 'Indiana Pacers', 1.72: 'LA Clippers'}
[2022-12-31T21:15:44.893+0100] {logging_mixin.py:137} INFO - [2022-12-31T21:15:44.893+0100] {dag.py:2676} INFO - Sync 3 DAGs
[2022-12-31T21:15:44.899+0100] {logging_mixin.py:137} INFO - [2022-12-31T21:15:44.899+0100] {dag.py:3423} INFO - Setting next_dagrun for example_subdag_operator to 2022-01-01T00:00:00+00:00, run_after=2022-01-01T00:00:00+00:00
[2022-12-31T21:15:44.900+0100] {logging_mixin.py:137} INFO - [2022-12-31T21:15:44.900+0100] {dag.py:3423} INFO - Setting next_dagrun for example_subdag_operator.section-1 to None, run_after=None
[2022-12-31T21:15:44.900+0100] {logging_mixin.py:137} INFO - [2022-12-31T21:15:44.900+0100] {dag.py:3423} INFO - Setting next_dagrun for example_subdag_operator.section-2 to None, run_after=None
[2022-12-31T21:15:44.902+0100] {logging_mixin.py:137} INFO - [2022-12-31T21:15:44.902+0100] {dag.py:2676} INFO - Sync 2 DAGs
[2022-12-31T21:15:44.903+0100] {logging_mixin.py:137} INFO - [2022-12-31T21:15:44.903+0100] {dag.py:3423} INFO - Setting next_dagrun for example_subdag_operator.section-1 to None, run_after=None
[2022-12-31T21:15:44.904+0100] {logging_mixin.py:137} INFO - [2022-12-31T21:15:44.904+0100] {dag.py:3423} INFO - Setting next_dagrun for example_subdag_operator.section-2 to None, run_after=None
[2022-12-31T21:15:44.909+0100] {processor.py:175} INFO - Processing /Library/Frameworks/Python.framework/Versions/3.11/lib/python3.11/site-packages/airflow/example_dags/example_subdag_operator.py took 1.802 seconds
[2022-12-31T21:17:29.048+0100] {processor.py:153} INFO - Started process (PID=96174) to work on /Library/Frameworks/Python.framework/Versions/3.11/lib/python3.11/site-packages/airflow/example_dags/example_subdag_operator.py
[2022-12-31T21:17:29.052+0100] {processor.py:743} INFO - Processing file /Library/Frameworks/Python.framework/Versions/3.11/lib/python3.11/site-packages/airflow/example_dags/example_subdag_operator.py for tasks to queue
[2022-12-31T21:17:29.052+0100] {logging_mixin.py:137} INFO - [2022-12-31T21:17:29.052+0100] {dagbag.py:538} INFO - Filling up the DagBag from /Library/Frameworks/Python.framework/Versions/3.11/lib/python3.11/site-packages/airflow/example_dags/example_subdag_operator.py
[2022-12-31T21:17:29.504+0100] {processor.py:753} INFO - DAG(s) dict_keys(['example_subdag_operator.section-1', 'example_subdag_operator.section-2', 'example_subdag_operator']) retrieved from /Library/Frameworks/Python.framework/Versions/3.11/lib/python3.11/site-packages/airflow/example_dags/example_subdag_operator.py
[2022-12-31T21:17:31.350+0100] {logging_mixin.py:137} INFO - {2.3: 'Indiana Pacers', 1.72: 'LA Clippers'}
[2022-12-31T21:17:31.488+0100] {logging_mixin.py:137} INFO - [2022-12-31T21:17:31.488+0100] {dag.py:2676} INFO - Sync 3 DAGs
[2022-12-31T21:17:31.494+0100] {logging_mixin.py:137} INFO - [2022-12-31T21:17:31.494+0100] {dag.py:3423} INFO - Setting next_dagrun for example_subdag_operator to 2022-01-01T00:00:00+00:00, run_after=2022-01-01T00:00:00+00:00
[2022-12-31T21:17:31.495+0100] {logging_mixin.py:137} INFO - [2022-12-31T21:17:31.495+0100] {dag.py:3423} INFO - Setting next_dagrun for example_subdag_operator.section-1 to None, run_after=None
[2022-12-31T21:17:31.495+0100] {logging_mixin.py:137} INFO - [2022-12-31T21:17:31.495+0100] {dag.py:3423} INFO - Setting next_dagrun for example_subdag_operator.section-2 to None, run_after=None
[2022-12-31T21:17:31.497+0100] {logging_mixin.py:137} INFO - [2022-12-31T21:17:31.497+0100] {dag.py:2676} INFO - Sync 2 DAGs
[2022-12-31T21:17:31.498+0100] {logging_mixin.py:137} INFO - [2022-12-31T21:17:31.498+0100] {dag.py:3423} INFO - Setting next_dagrun for example_subdag_operator.section-1 to None, run_after=None
[2022-12-31T21:17:31.498+0100] {logging_mixin.py:137} INFO - [2022-12-31T21:17:31.498+0100] {dag.py:3423} INFO - Setting next_dagrun for example_subdag_operator.section-2 to None, run_after=None
[2022-12-31T21:17:31.502+0100] {processor.py:175} INFO - Processing /Library/Frameworks/Python.framework/Versions/3.11/lib/python3.11/site-packages/airflow/example_dags/example_subdag_operator.py took 2.455 seconds
[2022-12-31T21:19:26.924+0100] {processor.py:153} INFO - Started process (PID=96471) to work on /Library/Frameworks/Python.framework/Versions/3.11/lib/python3.11/site-packages/airflow/example_dags/example_subdag_operator.py
[2022-12-31T21:19:26.928+0100] {processor.py:743} INFO - Processing file /Library/Frameworks/Python.framework/Versions/3.11/lib/python3.11/site-packages/airflow/example_dags/example_subdag_operator.py for tasks to queue
[2022-12-31T21:19:26.928+0100] {logging_mixin.py:137} INFO - [2022-12-31T21:19:26.928+0100] {dagbag.py:538} INFO - Filling up the DagBag from /Library/Frameworks/Python.framework/Versions/3.11/lib/python3.11/site-packages/airflow/example_dags/example_subdag_operator.py
[2022-12-31T21:19:27.383+0100] {processor.py:753} INFO - DAG(s) dict_keys(['example_subdag_operator.section-1', 'example_subdag_operator.section-2', 'example_subdag_operator']) retrieved from /Library/Frameworks/Python.framework/Versions/3.11/lib/python3.11/site-packages/airflow/example_dags/example_subdag_operator.py
[2022-12-31T21:19:28.523+0100] {logging_mixin.py:137} INFO - {2.3: 'Indiana Pacers', 1.72: 'LA Clippers'}
[2022-12-31T21:19:28.590+0100] {logging_mixin.py:137} INFO - [2022-12-31T21:19:28.590+0100] {dag.py:2676} INFO - Sync 3 DAGs
[2022-12-31T21:19:28.596+0100] {logging_mixin.py:137} INFO - [2022-12-31T21:19:28.596+0100] {dag.py:3423} INFO - Setting next_dagrun for example_subdag_operator to 2022-01-01T00:00:00+00:00, run_after=2022-01-01T00:00:00+00:00
[2022-12-31T21:19:28.597+0100] {logging_mixin.py:137} INFO - [2022-12-31T21:19:28.597+0100] {dag.py:3423} INFO - Setting next_dagrun for example_subdag_operator.section-1 to None, run_after=None
[2022-12-31T21:19:28.597+0100] {logging_mixin.py:137} INFO - [2022-12-31T21:19:28.597+0100] {dag.py:3423} INFO - Setting next_dagrun for example_subdag_operator.section-2 to None, run_after=None
[2022-12-31T21:19:28.599+0100] {logging_mixin.py:137} INFO - [2022-12-31T21:19:28.599+0100] {dag.py:2676} INFO - Sync 2 DAGs
[2022-12-31T21:19:28.600+0100] {logging_mixin.py:137} INFO - [2022-12-31T21:19:28.600+0100] {dag.py:3423} INFO - Setting next_dagrun for example_subdag_operator.section-1 to None, run_after=None
[2022-12-31T21:19:28.600+0100] {logging_mixin.py:137} INFO - [2022-12-31T21:19:28.600+0100] {dag.py:3423} INFO - Setting next_dagrun for example_subdag_operator.section-2 to None, run_after=None
[2022-12-31T21:19:28.604+0100] {processor.py:175} INFO - Processing /Library/Frameworks/Python.framework/Versions/3.11/lib/python3.11/site-packages/airflow/example_dags/example_subdag_operator.py took 1.681 seconds
[2022-12-31T21:21:24.348+0100] {processor.py:153} INFO - Started process (PID=96659) to work on /Library/Frameworks/Python.framework/Versions/3.11/lib/python3.11/site-packages/airflow/example_dags/example_subdag_operator.py
[2022-12-31T21:21:24.351+0100] {processor.py:743} INFO - Processing file /Library/Frameworks/Python.framework/Versions/3.11/lib/python3.11/site-packages/airflow/example_dags/example_subdag_operator.py for tasks to queue
[2022-12-31T21:21:24.352+0100] {logging_mixin.py:137} INFO - [2022-12-31T21:21:24.352+0100] {dagbag.py:538} INFO - Filling up the DagBag from /Library/Frameworks/Python.framework/Versions/3.11/lib/python3.11/site-packages/airflow/example_dags/example_subdag_operator.py
[2022-12-31T21:21:24.977+0100] {processor.py:753} INFO - DAG(s) dict_keys(['example_subdag_operator.section-1', 'example_subdag_operator.section-2', 'example_subdag_operator']) retrieved from /Library/Frameworks/Python.framework/Versions/3.11/lib/python3.11/site-packages/airflow/example_dags/example_subdag_operator.py
[2022-12-31T21:21:26.097+0100] {logging_mixin.py:137} INFO - {2.3: 'Indiana Pacers', 1.72: 'LA Clippers'}
[2022-12-31T21:21:26.160+0100] {logging_mixin.py:137} INFO - [2022-12-31T21:21:26.160+0100] {dag.py:2676} INFO - Sync 3 DAGs
[2022-12-31T21:21:26.166+0100] {logging_mixin.py:137} INFO - [2022-12-31T21:21:26.166+0100] {dag.py:3423} INFO - Setting next_dagrun for example_subdag_operator to 2022-01-01T00:00:00+00:00, run_after=2022-01-01T00:00:00+00:00
[2022-12-31T21:21:26.167+0100] {logging_mixin.py:137} INFO - [2022-12-31T21:21:26.167+0100] {dag.py:3423} INFO - Setting next_dagrun for example_subdag_operator.section-1 to None, run_after=None
[2022-12-31T21:21:26.167+0100] {logging_mixin.py:137} INFO - [2022-12-31T21:21:26.167+0100] {dag.py:3423} INFO - Setting next_dagrun for example_subdag_operator.section-2 to None, run_after=None
[2022-12-31T21:21:26.169+0100] {logging_mixin.py:137} INFO - [2022-12-31T21:21:26.169+0100] {dag.py:2676} INFO - Sync 2 DAGs
[2022-12-31T21:21:26.170+0100] {logging_mixin.py:137} INFO - [2022-12-31T21:21:26.170+0100] {dag.py:3423} INFO - Setting next_dagrun for example_subdag_operator.section-1 to None, run_after=None
[2022-12-31T21:21:26.170+0100] {logging_mixin.py:137} INFO - [2022-12-31T21:21:26.170+0100] {dag.py:3423} INFO - Setting next_dagrun for example_subdag_operator.section-2 to None, run_after=None
[2022-12-31T21:21:26.174+0100] {processor.py:175} INFO - Processing /Library/Frameworks/Python.framework/Versions/3.11/lib/python3.11/site-packages/airflow/example_dags/example_subdag_operator.py took 1.827 seconds
[2022-12-31T21:23:20.478+0100] {processor.py:153} INFO - Started process (PID=96834) to work on /Library/Frameworks/Python.framework/Versions/3.11/lib/python3.11/site-packages/airflow/example_dags/example_subdag_operator.py
[2022-12-31T21:23:20.484+0100] {processor.py:743} INFO - Processing file /Library/Frameworks/Python.framework/Versions/3.11/lib/python3.11/site-packages/airflow/example_dags/example_subdag_operator.py for tasks to queue
[2022-12-31T21:23:20.484+0100] {logging_mixin.py:137} INFO - [2022-12-31T21:23:20.484+0100] {dagbag.py:538} INFO - Filling up the DagBag from /Library/Frameworks/Python.framework/Versions/3.11/lib/python3.11/site-packages/airflow/example_dags/example_subdag_operator.py
[2022-12-31T21:23:20.926+0100] {processor.py:753} INFO - DAG(s) dict_keys(['example_subdag_operator.section-1', 'example_subdag_operator.section-2', 'example_subdag_operator']) retrieved from /Library/Frameworks/Python.framework/Versions/3.11/lib/python3.11/site-packages/airflow/example_dags/example_subdag_operator.py
[2022-12-31T21:23:22.031+0100] {logging_mixin.py:137} INFO - {2.3: 'Indiana Pacers', 1.72: 'LA Clippers'}
[2022-12-31T21:23:22.100+0100] {logging_mixin.py:137} INFO - [2022-12-31T21:23:22.100+0100] {dag.py:2676} INFO - Sync 3 DAGs
[2022-12-31T21:23:22.106+0100] {logging_mixin.py:137} INFO - [2022-12-31T21:23:22.106+0100] {dag.py:3423} INFO - Setting next_dagrun for example_subdag_operator to 2022-01-01T00:00:00+00:00, run_after=2022-01-01T00:00:00+00:00
[2022-12-31T21:23:22.107+0100] {logging_mixin.py:137} INFO - [2022-12-31T21:23:22.107+0100] {dag.py:3423} INFO - Setting next_dagrun for example_subdag_operator.section-1 to None, run_after=None
[2022-12-31T21:23:22.107+0100] {logging_mixin.py:137} INFO - [2022-12-31T21:23:22.107+0100] {dag.py:3423} INFO - Setting next_dagrun for example_subdag_operator.section-2 to None, run_after=None
[2022-12-31T21:23:22.109+0100] {logging_mixin.py:137} INFO - [2022-12-31T21:23:22.109+0100] {dag.py:2676} INFO - Sync 2 DAGs
[2022-12-31T21:23:22.110+0100] {logging_mixin.py:137} INFO - [2022-12-31T21:23:22.110+0100] {dag.py:3423} INFO - Setting next_dagrun for example_subdag_operator.section-1 to None, run_after=None
[2022-12-31T21:23:22.110+0100] {logging_mixin.py:137} INFO - [2022-12-31T21:23:22.110+0100] {dag.py:3423} INFO - Setting next_dagrun for example_subdag_operator.section-2 to None, run_after=None
[2022-12-31T21:23:22.115+0100] {processor.py:175} INFO - Processing /Library/Frameworks/Python.framework/Versions/3.11/lib/python3.11/site-packages/airflow/example_dags/example_subdag_operator.py took 1.638 seconds
[2022-12-31T21:25:12.994+0100] {processor.py:153} INFO - Started process (PID=97040) to work on /Library/Frameworks/Python.framework/Versions/3.11/lib/python3.11/site-packages/airflow/example_dags/example_subdag_operator.py
[2022-12-31T21:25:12.998+0100] {processor.py:743} INFO - Processing file /Library/Frameworks/Python.framework/Versions/3.11/lib/python3.11/site-packages/airflow/example_dags/example_subdag_operator.py for tasks to queue
[2022-12-31T21:25:12.998+0100] {logging_mixin.py:137} INFO - [2022-12-31T21:25:12.998+0100] {dagbag.py:538} INFO - Filling up the DagBag from /Library/Frameworks/Python.framework/Versions/3.11/lib/python3.11/site-packages/airflow/example_dags/example_subdag_operator.py
[2022-12-31T21:25:13.469+0100] {processor.py:753} INFO - DAG(s) dict_keys(['example_subdag_operator.section-1', 'example_subdag_operator.section-2', 'example_subdag_operator']) retrieved from /Library/Frameworks/Python.framework/Versions/3.11/lib/python3.11/site-packages/airflow/example_dags/example_subdag_operator.py
[2022-12-31T21:25:15.056+0100] {logging_mixin.py:137} INFO - {2.3: 'Indiana Pacers', 1.72: 'LA Clippers'}
[2022-12-31T21:25:15.191+0100] {logging_mixin.py:137} INFO - [2022-12-31T21:25:15.191+0100] {dag.py:2676} INFO - Sync 3 DAGs
[2022-12-31T21:25:15.197+0100] {logging_mixin.py:137} INFO - [2022-12-31T21:25:15.197+0100] {dag.py:3423} INFO - Setting next_dagrun for example_subdag_operator to 2022-01-01T00:00:00+00:00, run_after=2022-01-01T00:00:00+00:00
[2022-12-31T21:25:15.198+0100] {logging_mixin.py:137} INFO - [2022-12-31T21:25:15.198+0100] {dag.py:3423} INFO - Setting next_dagrun for example_subdag_operator.section-1 to None, run_after=None
[2022-12-31T21:25:15.199+0100] {logging_mixin.py:137} INFO - [2022-12-31T21:25:15.199+0100] {dag.py:3423} INFO - Setting next_dagrun for example_subdag_operator.section-2 to None, run_after=None
[2022-12-31T21:25:15.201+0100] {logging_mixin.py:137} INFO - [2022-12-31T21:25:15.201+0100] {dag.py:2676} INFO - Sync 2 DAGs
[2022-12-31T21:25:15.202+0100] {logging_mixin.py:137} INFO - [2022-12-31T21:25:15.202+0100] {dag.py:3423} INFO - Setting next_dagrun for example_subdag_operator.section-1 to None, run_after=None
[2022-12-31T21:25:15.202+0100] {logging_mixin.py:137} INFO - [2022-12-31T21:25:15.202+0100] {dag.py:3423} INFO - Setting next_dagrun for example_subdag_operator.section-2 to None, run_after=None
[2022-12-31T21:25:15.208+0100] {processor.py:175} INFO - Processing /Library/Frameworks/Python.framework/Versions/3.11/lib/python3.11/site-packages/airflow/example_dags/example_subdag_operator.py took 2.215 seconds
[2022-12-31T21:27:11.598+0100] {processor.py:153} INFO - Started process (PID=97308) to work on /Library/Frameworks/Python.framework/Versions/3.11/lib/python3.11/site-packages/airflow/example_dags/example_subdag_operator.py
[2022-12-31T21:27:11.600+0100] {processor.py:743} INFO - Processing file /Library/Frameworks/Python.framework/Versions/3.11/lib/python3.11/site-packages/airflow/example_dags/example_subdag_operator.py for tasks to queue
[2022-12-31T21:27:11.601+0100] {logging_mixin.py:137} INFO - [2022-12-31T21:27:11.601+0100] {dagbag.py:538} INFO - Filling up the DagBag from /Library/Frameworks/Python.framework/Versions/3.11/lib/python3.11/site-packages/airflow/example_dags/example_subdag_operator.py
[2022-12-31T21:27:12.044+0100] {processor.py:753} INFO - DAG(s) dict_keys(['example_subdag_operator.section-1', 'example_subdag_operator.section-2', 'example_subdag_operator']) retrieved from /Library/Frameworks/Python.framework/Versions/3.11/lib/python3.11/site-packages/airflow/example_dags/example_subdag_operator.py
[2022-12-31T21:27:13.131+0100] {logging_mixin.py:137} INFO - {2.3: 'Indiana Pacers', 1.72: 'LA Clippers'}
[2022-12-31T21:27:13.192+0100] {logging_mixin.py:137} INFO - [2022-12-31T21:27:13.192+0100] {dag.py:2676} INFO - Sync 3 DAGs
[2022-12-31T21:27:13.198+0100] {logging_mixin.py:137} INFO - [2022-12-31T21:27:13.198+0100] {dag.py:3423} INFO - Setting next_dagrun for example_subdag_operator to 2022-01-01T00:00:00+00:00, run_after=2022-01-01T00:00:00+00:00
[2022-12-31T21:27:13.198+0100] {logging_mixin.py:137} INFO - [2022-12-31T21:27:13.198+0100] {dag.py:3423} INFO - Setting next_dagrun for example_subdag_operator.section-1 to None, run_after=None
[2022-12-31T21:27:13.199+0100] {logging_mixin.py:137} INFO - [2022-12-31T21:27:13.199+0100] {dag.py:3423} INFO - Setting next_dagrun for example_subdag_operator.section-2 to None, run_after=None
[2022-12-31T21:27:13.201+0100] {logging_mixin.py:137} INFO - [2022-12-31T21:27:13.201+0100] {dag.py:2676} INFO - Sync 2 DAGs
[2022-12-31T21:27:13.202+0100] {logging_mixin.py:137} INFO - [2022-12-31T21:27:13.202+0100] {dag.py:3423} INFO - Setting next_dagrun for example_subdag_operator.section-1 to None, run_after=None
[2022-12-31T21:27:13.202+0100] {logging_mixin.py:137} INFO - [2022-12-31T21:27:13.202+0100] {dag.py:3423} INFO - Setting next_dagrun for example_subdag_operator.section-2 to None, run_after=None
[2022-12-31T21:27:13.206+0100] {processor.py:175} INFO - Processing /Library/Frameworks/Python.framework/Versions/3.11/lib/python3.11/site-packages/airflow/example_dags/example_subdag_operator.py took 1.609 seconds
