[2022-12-31T20:29:52.419+0100] {processor.py:153} INFO - Started process (PID=90230) to work on /Library/Frameworks/Python.framework/Versions/3.11/lib/python3.11/site-packages/airflow/example_dags/example_complex.py
[2022-12-31T20:29:52.423+0100] {processor.py:743} INFO - Processing file /Library/Frameworks/Python.framework/Versions/3.11/lib/python3.11/site-packages/airflow/example_dags/example_complex.py for tasks to queue
[2022-12-31T20:29:52.424+0100] {logging_mixin.py:137} INFO - [2022-12-31T20:29:52.423+0100] {dagbag.py:538} INFO - Filling up the DagBag from /Library/Frameworks/Python.framework/Versions/3.11/lib/python3.11/site-packages/airflow/example_dags/example_complex.py
[2022-12-31T20:29:52.433+0100] {logging_mixin.py:137} INFO - [2022-12-31T20:29:52.433+0100] {taskmixin.py:205} WARNING - Dependency <Task(BashOperator): create_entry_group>, delete_entry_group already registered for DAG: example_complex
[2022-12-31T20:29:52.433+0100] {logging_mixin.py:137} INFO - [2022-12-31T20:29:52.433+0100] {taskmixin.py:205} WARNING - Dependency <Task(BashOperator): delete_entry_group>, create_entry_group already registered for DAG: example_complex
[2022-12-31T20:29:52.433+0100] {logging_mixin.py:137} INFO - [2022-12-31T20:29:52.433+0100] {taskmixin.py:205} WARNING - Dependency <Task(BashOperator): create_entry_gcs>, delete_entry already registered for DAG: example_complex
[2022-12-31T20:29:52.433+0100] {logging_mixin.py:137} INFO - [2022-12-31T20:29:52.433+0100] {taskmixin.py:205} WARNING - Dependency <Task(BashOperator): delete_entry>, create_entry_gcs already registered for DAG: example_complex
[2022-12-31T20:29:52.433+0100] {logging_mixin.py:137} INFO - [2022-12-31T20:29:52.433+0100] {taskmixin.py:205} WARNING - Dependency <Task(BashOperator): create_tag>, delete_tag already registered for DAG: example_complex
[2022-12-31T20:29:52.433+0100] {logging_mixin.py:137} INFO - [2022-12-31T20:29:52.433+0100] {taskmixin.py:205} WARNING - Dependency <Task(BashOperator): delete_tag>, create_tag already registered for DAG: example_complex
[2022-12-31T20:29:52.436+0100] {processor.py:753} INFO - DAG(s) dict_keys(['example_complex']) retrieved from /Library/Frameworks/Python.framework/Versions/3.11/lib/python3.11/site-packages/airflow/example_dags/example_complex.py
[2022-12-31T20:29:52.872+0100] {logging_mixin.py:137} INFO - [2022-12-31T20:29:52.872+0100] {manager.py:504} INFO - Created Permission View: can delete on DAG:example_complex
[2022-12-31T20:29:52.874+0100] {logging_mixin.py:137} INFO - [2022-12-31T20:29:52.874+0100] {manager.py:504} INFO - Created Permission View: can edit on DAG:example_complex
[2022-12-31T20:29:52.876+0100] {logging_mixin.py:137} INFO - [2022-12-31T20:29:52.876+0100] {manager.py:504} INFO - Created Permission View: can read on DAG:example_complex
[2022-12-31T20:29:52.876+0100] {logging_mixin.py:137} INFO - [2022-12-31T20:29:52.876+0100] {dag.py:2676} INFO - Sync 1 DAGs
[2022-12-31T20:29:52.879+0100] {logging_mixin.py:137} INFO - [2022-12-31T20:29:52.879+0100] {dag.py:2697} INFO - Creating ORM DAG for example_complex
[2022-12-31T20:29:52.882+0100] {logging_mixin.py:137} INFO - [2022-12-31T20:29:52.882+0100] {dag.py:3423} INFO - Setting next_dagrun for example_complex to None, run_after=None
[2022-12-31T20:29:52.887+0100] {processor.py:175} INFO - Processing /Library/Frameworks/Python.framework/Versions/3.11/lib/python3.11/site-packages/airflow/example_dags/example_complex.py took 0.469 seconds
[2022-12-31T20:31:43.987+0100] {processor.py:153} INFO - Started process (PID=90457) to work on /Library/Frameworks/Python.framework/Versions/3.11/lib/python3.11/site-packages/airflow/example_dags/example_complex.py
[2022-12-31T20:31:43.991+0100] {processor.py:743} INFO - Processing file /Library/Frameworks/Python.framework/Versions/3.11/lib/python3.11/site-packages/airflow/example_dags/example_complex.py for tasks to queue
[2022-12-31T20:31:43.991+0100] {logging_mixin.py:137} INFO - [2022-12-31T20:31:43.991+0100] {dagbag.py:538} INFO - Filling up the DagBag from /Library/Frameworks/Python.framework/Versions/3.11/lib/python3.11/site-packages/airflow/example_dags/example_complex.py
[2022-12-31T20:31:44.000+0100] {logging_mixin.py:137} INFO - [2022-12-31T20:31:44.000+0100] {taskmixin.py:205} WARNING - Dependency <Task(BashOperator): create_entry_group>, delete_entry_group already registered for DAG: example_complex
[2022-12-31T20:31:44.000+0100] {logging_mixin.py:137} INFO - [2022-12-31T20:31:44.000+0100] {taskmixin.py:205} WARNING - Dependency <Task(BashOperator): delete_entry_group>, create_entry_group already registered for DAG: example_complex
[2022-12-31T20:31:44.000+0100] {logging_mixin.py:137} INFO - [2022-12-31T20:31:44.000+0100] {taskmixin.py:205} WARNING - Dependency <Task(BashOperator): create_entry_gcs>, delete_entry already registered for DAG: example_complex
[2022-12-31T20:31:44.000+0100] {logging_mixin.py:137} INFO - [2022-12-31T20:31:44.000+0100] {taskmixin.py:205} WARNING - Dependency <Task(BashOperator): delete_entry>, create_entry_gcs already registered for DAG: example_complex
[2022-12-31T20:31:44.001+0100] {logging_mixin.py:137} INFO - [2022-12-31T20:31:44.000+0100] {taskmixin.py:205} WARNING - Dependency <Task(BashOperator): create_tag>, delete_tag already registered for DAG: example_complex
[2022-12-31T20:31:44.001+0100] {logging_mixin.py:137} INFO - [2022-12-31T20:31:44.001+0100] {taskmixin.py:205} WARNING - Dependency <Task(BashOperator): delete_tag>, create_tag already registered for DAG: example_complex
[2022-12-31T20:31:44.004+0100] {processor.py:753} INFO - DAG(s) dict_keys(['example_complex']) retrieved from /Library/Frameworks/Python.framework/Versions/3.11/lib/python3.11/site-packages/airflow/example_dags/example_complex.py
[2022-12-31T20:31:44.418+0100] {logging_mixin.py:137} INFO - [2022-12-31T20:31:44.418+0100] {dag.py:2676} INFO - Sync 1 DAGs
[2022-12-31T20:31:44.423+0100] {logging_mixin.py:137} INFO - [2022-12-31T20:31:44.423+0100] {dag.py:3423} INFO - Setting next_dagrun for example_complex to None, run_after=None
[2022-12-31T20:31:44.430+0100] {processor.py:175} INFO - Processing /Library/Frameworks/Python.framework/Versions/3.11/lib/python3.11/site-packages/airflow/example_dags/example_complex.py took 0.444 seconds
[2022-12-31T20:33:28.275+0100] {processor.py:153} INFO - Started process (PID=90593) to work on /Library/Frameworks/Python.framework/Versions/3.11/lib/python3.11/site-packages/airflow/example_dags/example_complex.py
[2022-12-31T20:33:28.281+0100] {processor.py:743} INFO - Processing file /Library/Frameworks/Python.framework/Versions/3.11/lib/python3.11/site-packages/airflow/example_dags/example_complex.py for tasks to queue
[2022-12-31T20:33:28.281+0100] {logging_mixin.py:137} INFO - [2022-12-31T20:33:28.281+0100] {dagbag.py:538} INFO - Filling up the DagBag from /Library/Frameworks/Python.framework/Versions/3.11/lib/python3.11/site-packages/airflow/example_dags/example_complex.py
[2022-12-31T20:33:28.296+0100] {logging_mixin.py:137} INFO - [2022-12-31T20:33:28.296+0100] {taskmixin.py:205} WARNING - Dependency <Task(BashOperator): create_entry_group>, delete_entry_group already registered for DAG: example_complex
[2022-12-31T20:33:28.296+0100] {logging_mixin.py:137} INFO - [2022-12-31T20:33:28.296+0100] {taskmixin.py:205} WARNING - Dependency <Task(BashOperator): delete_entry_group>, create_entry_group already registered for DAG: example_complex
[2022-12-31T20:33:28.296+0100] {logging_mixin.py:137} INFO - [2022-12-31T20:33:28.296+0100] {taskmixin.py:205} WARNING - Dependency <Task(BashOperator): create_entry_gcs>, delete_entry already registered for DAG: example_complex
[2022-12-31T20:33:28.296+0100] {logging_mixin.py:137} INFO - [2022-12-31T20:33:28.296+0100] {taskmixin.py:205} WARNING - Dependency <Task(BashOperator): delete_entry>, create_entry_gcs already registered for DAG: example_complex
[2022-12-31T20:33:28.296+0100] {logging_mixin.py:137} INFO - [2022-12-31T20:33:28.296+0100] {taskmixin.py:205} WARNING - Dependency <Task(BashOperator): create_tag>, delete_tag already registered for DAG: example_complex
[2022-12-31T20:33:28.296+0100] {logging_mixin.py:137} INFO - [2022-12-31T20:33:28.296+0100] {taskmixin.py:205} WARNING - Dependency <Task(BashOperator): delete_tag>, create_tag already registered for DAG: example_complex
[2022-12-31T20:33:28.300+0100] {processor.py:753} INFO - DAG(s) dict_keys(['example_complex']) retrieved from /Library/Frameworks/Python.framework/Versions/3.11/lib/python3.11/site-packages/airflow/example_dags/example_complex.py
[2022-12-31T20:33:28.710+0100] {logging_mixin.py:137} INFO - [2022-12-31T20:33:28.710+0100] {dag.py:2676} INFO - Sync 1 DAGs
[2022-12-31T20:33:28.715+0100] {logging_mixin.py:137} INFO - [2022-12-31T20:33:28.715+0100] {dag.py:3423} INFO - Setting next_dagrun for example_complex to None, run_after=None
[2022-12-31T20:33:28.722+0100] {processor.py:175} INFO - Processing /Library/Frameworks/Python.framework/Versions/3.11/lib/python3.11/site-packages/airflow/example_dags/example_complex.py took 0.448 seconds
[2022-12-31T20:36:26.274+0100] {processor.py:153} INFO - Started process (PID=90850) to work on /Library/Frameworks/Python.framework/Versions/3.11/lib/python3.11/site-packages/airflow/example_dags/example_complex.py
[2022-12-31T20:36:26.280+0100] {processor.py:743} INFO - Processing file /Library/Frameworks/Python.framework/Versions/3.11/lib/python3.11/site-packages/airflow/example_dags/example_complex.py for tasks to queue
[2022-12-31T20:36:26.280+0100] {logging_mixin.py:137} INFO - [2022-12-31T20:36:26.280+0100] {dagbag.py:538} INFO - Filling up the DagBag from /Library/Frameworks/Python.framework/Versions/3.11/lib/python3.11/site-packages/airflow/example_dags/example_complex.py
[2022-12-31T20:36:26.289+0100] {logging_mixin.py:137} INFO - [2022-12-31T20:36:26.289+0100] {taskmixin.py:205} WARNING - Dependency <Task(BashOperator): create_entry_group>, delete_entry_group already registered for DAG: example_complex
[2022-12-31T20:36:26.289+0100] {logging_mixin.py:137} INFO - [2022-12-31T20:36:26.289+0100] {taskmixin.py:205} WARNING - Dependency <Task(BashOperator): delete_entry_group>, create_entry_group already registered for DAG: example_complex
[2022-12-31T20:36:26.289+0100] {logging_mixin.py:137} INFO - [2022-12-31T20:36:26.289+0100] {taskmixin.py:205} WARNING - Dependency <Task(BashOperator): create_entry_gcs>, delete_entry already registered for DAG: example_complex
[2022-12-31T20:36:26.290+0100] {logging_mixin.py:137} INFO - [2022-12-31T20:36:26.289+0100] {taskmixin.py:205} WARNING - Dependency <Task(BashOperator): delete_entry>, create_entry_gcs already registered for DAG: example_complex
[2022-12-31T20:36:26.290+0100] {logging_mixin.py:137} INFO - [2022-12-31T20:36:26.290+0100] {taskmixin.py:205} WARNING - Dependency <Task(BashOperator): create_tag>, delete_tag already registered for DAG: example_complex
[2022-12-31T20:36:26.290+0100] {logging_mixin.py:137} INFO - [2022-12-31T20:36:26.290+0100] {taskmixin.py:205} WARNING - Dependency <Task(BashOperator): delete_tag>, create_tag already registered for DAG: example_complex
[2022-12-31T20:36:26.293+0100] {processor.py:753} INFO - DAG(s) dict_keys(['example_complex']) retrieved from /Library/Frameworks/Python.framework/Versions/3.11/lib/python3.11/site-packages/airflow/example_dags/example_complex.py
[2022-12-31T20:36:26.711+0100] {logging_mixin.py:137} INFO - [2022-12-31T20:36:26.711+0100] {dag.py:2676} INFO - Sync 1 DAGs
[2022-12-31T20:36:26.717+0100] {logging_mixin.py:137} INFO - [2022-12-31T20:36:26.717+0100] {dag.py:3423} INFO - Setting next_dagrun for example_complex to None, run_after=None
[2022-12-31T20:36:26.724+0100] {processor.py:175} INFO - Processing /Library/Frameworks/Python.framework/Versions/3.11/lib/python3.11/site-packages/airflow/example_dags/example_complex.py took 0.450 seconds
[2022-12-31T20:38:08.809+0100] {processor.py:153} INFO - Started process (PID=90997) to work on /Library/Frameworks/Python.framework/Versions/3.11/lib/python3.11/site-packages/airflow/example_dags/example_complex.py
[2022-12-31T20:38:08.815+0100] {processor.py:743} INFO - Processing file /Library/Frameworks/Python.framework/Versions/3.11/lib/python3.11/site-packages/airflow/example_dags/example_complex.py for tasks to queue
[2022-12-31T20:38:08.815+0100] {logging_mixin.py:137} INFO - [2022-12-31T20:38:08.815+0100] {dagbag.py:538} INFO - Filling up the DagBag from /Library/Frameworks/Python.framework/Versions/3.11/lib/python3.11/site-packages/airflow/example_dags/example_complex.py
[2022-12-31T20:38:08.825+0100] {logging_mixin.py:137} INFO - [2022-12-31T20:38:08.825+0100] {taskmixin.py:205} WARNING - Dependency <Task(BashOperator): create_entry_group>, delete_entry_group already registered for DAG: example_complex
[2022-12-31T20:38:08.825+0100] {logging_mixin.py:137} INFO - [2022-12-31T20:38:08.825+0100] {taskmixin.py:205} WARNING - Dependency <Task(BashOperator): delete_entry_group>, create_entry_group already registered for DAG: example_complex
[2022-12-31T20:38:08.825+0100] {logging_mixin.py:137} INFO - [2022-12-31T20:38:08.825+0100] {taskmixin.py:205} WARNING - Dependency <Task(BashOperator): create_entry_gcs>, delete_entry already registered for DAG: example_complex
[2022-12-31T20:38:08.825+0100] {logging_mixin.py:137} INFO - [2022-12-31T20:38:08.825+0100] {taskmixin.py:205} WARNING - Dependency <Task(BashOperator): delete_entry>, create_entry_gcs already registered for DAG: example_complex
[2022-12-31T20:38:08.825+0100] {logging_mixin.py:137} INFO - [2022-12-31T20:38:08.825+0100] {taskmixin.py:205} WARNING - Dependency <Task(BashOperator): create_tag>, delete_tag already registered for DAG: example_complex
[2022-12-31T20:38:08.825+0100] {logging_mixin.py:137} INFO - [2022-12-31T20:38:08.825+0100] {taskmixin.py:205} WARNING - Dependency <Task(BashOperator): delete_tag>, create_tag already registered for DAG: example_complex
[2022-12-31T20:38:08.828+0100] {processor.py:753} INFO - DAG(s) dict_keys(['example_complex']) retrieved from /Library/Frameworks/Python.framework/Versions/3.11/lib/python3.11/site-packages/airflow/example_dags/example_complex.py
[2022-12-31T20:38:09.248+0100] {logging_mixin.py:137} INFO - [2022-12-31T20:38:09.248+0100] {dag.py:2676} INFO - Sync 1 DAGs
[2022-12-31T20:38:09.254+0100] {logging_mixin.py:137} INFO - [2022-12-31T20:38:09.254+0100] {dag.py:3423} INFO - Setting next_dagrun for example_complex to None, run_after=None
[2022-12-31T20:38:09.261+0100] {processor.py:175} INFO - Processing /Library/Frameworks/Python.framework/Versions/3.11/lib/python3.11/site-packages/airflow/example_dags/example_complex.py took 0.453 seconds
[2022-12-31T20:39:52.600+0100] {processor.py:153} INFO - Started process (PID=91175) to work on /Library/Frameworks/Python.framework/Versions/3.11/lib/python3.11/site-packages/airflow/example_dags/example_complex.py
[2022-12-31T20:39:52.607+0100] {processor.py:743} INFO - Processing file /Library/Frameworks/Python.framework/Versions/3.11/lib/python3.11/site-packages/airflow/example_dags/example_complex.py for tasks to queue
[2022-12-31T20:39:52.607+0100] {logging_mixin.py:137} INFO - [2022-12-31T20:39:52.607+0100] {dagbag.py:538} INFO - Filling up the DagBag from /Library/Frameworks/Python.framework/Versions/3.11/lib/python3.11/site-packages/airflow/example_dags/example_complex.py
[2022-12-31T20:39:52.616+0100] {logging_mixin.py:137} INFO - [2022-12-31T20:39:52.616+0100] {taskmixin.py:205} WARNING - Dependency <Task(BashOperator): create_entry_group>, delete_entry_group already registered for DAG: example_complex
[2022-12-31T20:39:52.616+0100] {logging_mixin.py:137} INFO - [2022-12-31T20:39:52.616+0100] {taskmixin.py:205} WARNING - Dependency <Task(BashOperator): delete_entry_group>, create_entry_group already registered for DAG: example_complex
[2022-12-31T20:39:52.616+0100] {logging_mixin.py:137} INFO - [2022-12-31T20:39:52.616+0100] {taskmixin.py:205} WARNING - Dependency <Task(BashOperator): create_entry_gcs>, delete_entry already registered for DAG: example_complex
[2022-12-31T20:39:52.616+0100] {logging_mixin.py:137} INFO - [2022-12-31T20:39:52.616+0100] {taskmixin.py:205} WARNING - Dependency <Task(BashOperator): delete_entry>, create_entry_gcs already registered for DAG: example_complex
[2022-12-31T20:39:52.616+0100] {logging_mixin.py:137} INFO - [2022-12-31T20:39:52.616+0100] {taskmixin.py:205} WARNING - Dependency <Task(BashOperator): create_tag>, delete_tag already registered for DAG: example_complex
[2022-12-31T20:39:52.617+0100] {logging_mixin.py:137} INFO - [2022-12-31T20:39:52.616+0100] {taskmixin.py:205} WARNING - Dependency <Task(BashOperator): delete_tag>, create_tag already registered for DAG: example_complex
[2022-12-31T20:39:52.620+0100] {processor.py:753} INFO - DAG(s) dict_keys(['example_complex']) retrieved from /Library/Frameworks/Python.framework/Versions/3.11/lib/python3.11/site-packages/airflow/example_dags/example_complex.py
[2022-12-31T20:39:53.034+0100] {logging_mixin.py:137} INFO - [2022-12-31T20:39:53.034+0100] {dag.py:2676} INFO - Sync 1 DAGs
[2022-12-31T20:39:53.040+0100] {logging_mixin.py:137} INFO - [2022-12-31T20:39:53.040+0100] {dag.py:3423} INFO - Setting next_dagrun for example_complex to None, run_after=None
[2022-12-31T20:39:53.047+0100] {processor.py:175} INFO - Processing /Library/Frameworks/Python.framework/Versions/3.11/lib/python3.11/site-packages/airflow/example_dags/example_complex.py took 0.448 seconds
[2022-12-31T20:41:40.928+0100] {processor.py:153} INFO - Started process (PID=91343) to work on /Library/Frameworks/Python.framework/Versions/3.11/lib/python3.11/site-packages/airflow/example_dags/example_complex.py
[2022-12-31T20:41:40.930+0100] {processor.py:743} INFO - Processing file /Library/Frameworks/Python.framework/Versions/3.11/lib/python3.11/site-packages/airflow/example_dags/example_complex.py for tasks to queue
[2022-12-31T20:41:40.930+0100] {logging_mixin.py:137} INFO - [2022-12-31T20:41:40.930+0100] {dagbag.py:538} INFO - Filling up the DagBag from /Library/Frameworks/Python.framework/Versions/3.11/lib/python3.11/site-packages/airflow/example_dags/example_complex.py
[2022-12-31T20:41:40.939+0100] {logging_mixin.py:137} INFO - [2022-12-31T20:41:40.939+0100] {taskmixin.py:205} WARNING - Dependency <Task(BashOperator): create_entry_group>, delete_entry_group already registered for DAG: example_complex
[2022-12-31T20:41:40.940+0100] {logging_mixin.py:137} INFO - [2022-12-31T20:41:40.939+0100] {taskmixin.py:205} WARNING - Dependency <Task(BashOperator): delete_entry_group>, create_entry_group already registered for DAG: example_complex
[2022-12-31T20:41:40.940+0100] {logging_mixin.py:137} INFO - [2022-12-31T20:41:40.940+0100] {taskmixin.py:205} WARNING - Dependency <Task(BashOperator): create_entry_gcs>, delete_entry already registered for DAG: example_complex
[2022-12-31T20:41:40.940+0100] {logging_mixin.py:137} INFO - [2022-12-31T20:41:40.940+0100] {taskmixin.py:205} WARNING - Dependency <Task(BashOperator): delete_entry>, create_entry_gcs already registered for DAG: example_complex
[2022-12-31T20:41:40.940+0100] {logging_mixin.py:137} INFO - [2022-12-31T20:41:40.940+0100] {taskmixin.py:205} WARNING - Dependency <Task(BashOperator): create_tag>, delete_tag already registered for DAG: example_complex
[2022-12-31T20:41:40.940+0100] {logging_mixin.py:137} INFO - [2022-12-31T20:41:40.940+0100] {taskmixin.py:205} WARNING - Dependency <Task(BashOperator): delete_tag>, create_tag already registered for DAG: example_complex
[2022-12-31T20:41:40.943+0100] {processor.py:753} INFO - DAG(s) dict_keys(['example_complex']) retrieved from /Library/Frameworks/Python.framework/Versions/3.11/lib/python3.11/site-packages/airflow/example_dags/example_complex.py
[2022-12-31T20:41:41.356+0100] {logging_mixin.py:137} INFO - [2022-12-31T20:41:41.356+0100] {dag.py:2676} INFO - Sync 1 DAGs
[2022-12-31T20:41:41.362+0100] {logging_mixin.py:137} INFO - [2022-12-31T20:41:41.362+0100] {dag.py:3423} INFO - Setting next_dagrun for example_complex to None, run_after=None
[2022-12-31T20:41:41.368+0100] {processor.py:175} INFO - Processing /Library/Frameworks/Python.framework/Versions/3.11/lib/python3.11/site-packages/airflow/example_dags/example_complex.py took 0.440 seconds
[2022-12-31T20:43:25.361+0100] {processor.py:153} INFO - Started process (PID=91531) to work on /Library/Frameworks/Python.framework/Versions/3.11/lib/python3.11/site-packages/airflow/example_dags/example_complex.py
[2022-12-31T20:43:25.369+0100] {processor.py:743} INFO - Processing file /Library/Frameworks/Python.framework/Versions/3.11/lib/python3.11/site-packages/airflow/example_dags/example_complex.py for tasks to queue
[2022-12-31T20:43:25.369+0100] {logging_mixin.py:137} INFO - [2022-12-31T20:43:25.369+0100] {dagbag.py:538} INFO - Filling up the DagBag from /Library/Frameworks/Python.framework/Versions/3.11/lib/python3.11/site-packages/airflow/example_dags/example_complex.py
[2022-12-31T20:43:25.378+0100] {logging_mixin.py:137} INFO - [2022-12-31T20:43:25.378+0100] {taskmixin.py:205} WARNING - Dependency <Task(BashOperator): create_entry_group>, delete_entry_group already registered for DAG: example_complex
[2022-12-31T20:43:25.379+0100] {logging_mixin.py:137} INFO - [2022-12-31T20:43:25.379+0100] {taskmixin.py:205} WARNING - Dependency <Task(BashOperator): delete_entry_group>, create_entry_group already registered for DAG: example_complex
[2022-12-31T20:43:25.379+0100] {logging_mixin.py:137} INFO - [2022-12-31T20:43:25.379+0100] {taskmixin.py:205} WARNING - Dependency <Task(BashOperator): create_entry_gcs>, delete_entry already registered for DAG: example_complex
[2022-12-31T20:43:25.379+0100] {logging_mixin.py:137} INFO - [2022-12-31T20:43:25.379+0100] {taskmixin.py:205} WARNING - Dependency <Task(BashOperator): delete_entry>, create_entry_gcs already registered for DAG: example_complex
[2022-12-31T20:43:25.379+0100] {logging_mixin.py:137} INFO - [2022-12-31T20:43:25.379+0100] {taskmixin.py:205} WARNING - Dependency <Task(BashOperator): create_tag>, delete_tag already registered for DAG: example_complex
[2022-12-31T20:43:25.379+0100] {logging_mixin.py:137} INFO - [2022-12-31T20:43:25.379+0100] {taskmixin.py:205} WARNING - Dependency <Task(BashOperator): delete_tag>, create_tag already registered for DAG: example_complex
[2022-12-31T20:43:25.382+0100] {processor.py:753} INFO - DAG(s) dict_keys(['example_complex']) retrieved from /Library/Frameworks/Python.framework/Versions/3.11/lib/python3.11/site-packages/airflow/example_dags/example_complex.py
[2022-12-31T20:43:25.848+0100] {logging_mixin.py:137} INFO - [2022-12-31T20:43:25.847+0100] {dag.py:2676} INFO - Sync 1 DAGs
[2022-12-31T20:43:25.854+0100] {logging_mixin.py:137} INFO - [2022-12-31T20:43:25.854+0100] {dag.py:3423} INFO - Setting next_dagrun for example_complex to None, run_after=None
[2022-12-31T20:43:25.861+0100] {processor.py:175} INFO - Processing /Library/Frameworks/Python.framework/Versions/3.11/lib/python3.11/site-packages/airflow/example_dags/example_complex.py took 0.501 seconds
[2022-12-31T20:47:47.073+0100] {processor.py:153} INFO - Started process (PID=92041) to work on /Library/Frameworks/Python.framework/Versions/3.11/lib/python3.11/site-packages/airflow/example_dags/example_complex.py
[2022-12-31T20:47:47.077+0100] {processor.py:743} INFO - Processing file /Library/Frameworks/Python.framework/Versions/3.11/lib/python3.11/site-packages/airflow/example_dags/example_complex.py for tasks to queue
[2022-12-31T20:47:47.077+0100] {logging_mixin.py:137} INFO - [2022-12-31T20:47:47.077+0100] {dagbag.py:538} INFO - Filling up the DagBag from /Library/Frameworks/Python.framework/Versions/3.11/lib/python3.11/site-packages/airflow/example_dags/example_complex.py
[2022-12-31T20:47:47.093+0100] {logging_mixin.py:137} INFO - [2022-12-31T20:47:47.093+0100] {taskmixin.py:205} WARNING - Dependency <Task(BashOperator): create_entry_group>, delete_entry_group already registered for DAG: example_complex
[2022-12-31T20:47:47.093+0100] {logging_mixin.py:137} INFO - [2022-12-31T20:47:47.093+0100] {taskmixin.py:205} WARNING - Dependency <Task(BashOperator): delete_entry_group>, create_entry_group already registered for DAG: example_complex
[2022-12-31T20:47:47.093+0100] {logging_mixin.py:137} INFO - [2022-12-31T20:47:47.093+0100] {taskmixin.py:205} WARNING - Dependency <Task(BashOperator): create_entry_gcs>, delete_entry already registered for DAG: example_complex
[2022-12-31T20:47:47.093+0100] {logging_mixin.py:137} INFO - [2022-12-31T20:47:47.093+0100] {taskmixin.py:205} WARNING - Dependency <Task(BashOperator): delete_entry>, create_entry_gcs already registered for DAG: example_complex
[2022-12-31T20:47:47.093+0100] {logging_mixin.py:137} INFO - [2022-12-31T20:47:47.093+0100] {taskmixin.py:205} WARNING - Dependency <Task(BashOperator): create_tag>, delete_tag already registered for DAG: example_complex
[2022-12-31T20:47:47.093+0100] {logging_mixin.py:137} INFO - [2022-12-31T20:47:47.093+0100] {taskmixin.py:205} WARNING - Dependency <Task(BashOperator): delete_tag>, create_tag already registered for DAG: example_complex
[2022-12-31T20:47:47.097+0100] {processor.py:753} INFO - DAG(s) dict_keys(['example_complex']) retrieved from /Library/Frameworks/Python.framework/Versions/3.11/lib/python3.11/site-packages/airflow/example_dags/example_complex.py
[2022-12-31T20:47:47.518+0100] {logging_mixin.py:137} INFO - [2022-12-31T20:47:47.518+0100] {dag.py:2676} INFO - Sync 1 DAGs
[2022-12-31T20:47:47.524+0100] {logging_mixin.py:137} INFO - [2022-12-31T20:47:47.524+0100] {dag.py:3423} INFO - Setting next_dagrun for example_complex to None, run_after=None
[2022-12-31T20:47:47.531+0100] {processor.py:175} INFO - Processing /Library/Frameworks/Python.framework/Versions/3.11/lib/python3.11/site-packages/airflow/example_dags/example_complex.py took 0.459 seconds
[2022-12-31T20:52:10.783+0100] {processor.py:153} INFO - Started process (PID=92647) to work on /Library/Frameworks/Python.framework/Versions/3.11/lib/python3.11/site-packages/airflow/example_dags/example_complex.py
[2022-12-31T20:52:10.807+0100] {processor.py:743} INFO - Processing file /Library/Frameworks/Python.framework/Versions/3.11/lib/python3.11/site-packages/airflow/example_dags/example_complex.py for tasks to queue
[2022-12-31T20:52:10.807+0100] {logging_mixin.py:137} INFO - [2022-12-31T20:52:10.807+0100] {dagbag.py:538} INFO - Filling up the DagBag from /Library/Frameworks/Python.framework/Versions/3.11/lib/python3.11/site-packages/airflow/example_dags/example_complex.py
[2022-12-31T20:52:10.817+0100] {logging_mixin.py:137} INFO - [2022-12-31T20:52:10.817+0100] {taskmixin.py:205} WARNING - Dependency <Task(BashOperator): create_entry_group>, delete_entry_group already registered for DAG: example_complex
[2022-12-31T20:52:10.817+0100] {logging_mixin.py:137} INFO - [2022-12-31T20:52:10.817+0100] {taskmixin.py:205} WARNING - Dependency <Task(BashOperator): delete_entry_group>, create_entry_group already registered for DAG: example_complex
[2022-12-31T20:52:10.817+0100] {logging_mixin.py:137} INFO - [2022-12-31T20:52:10.817+0100] {taskmixin.py:205} WARNING - Dependency <Task(BashOperator): create_entry_gcs>, delete_entry already registered for DAG: example_complex
[2022-12-31T20:52:10.817+0100] {logging_mixin.py:137} INFO - [2022-12-31T20:52:10.817+0100] {taskmixin.py:205} WARNING - Dependency <Task(BashOperator): delete_entry>, create_entry_gcs already registered for DAG: example_complex
[2022-12-31T20:52:10.818+0100] {logging_mixin.py:137} INFO - [2022-12-31T20:52:10.818+0100] {taskmixin.py:205} WARNING - Dependency <Task(BashOperator): create_tag>, delete_tag already registered for DAG: example_complex
[2022-12-31T20:52:10.818+0100] {logging_mixin.py:137} INFO - [2022-12-31T20:52:10.818+0100] {taskmixin.py:205} WARNING - Dependency <Task(BashOperator): delete_tag>, create_tag already registered for DAG: example_complex
[2022-12-31T20:52:10.829+0100] {processor.py:753} INFO - DAG(s) dict_keys(['example_complex']) retrieved from /Library/Frameworks/Python.framework/Versions/3.11/lib/python3.11/site-packages/airflow/example_dags/example_complex.py
[2022-12-31T20:52:11.336+0100] {logging_mixin.py:137} INFO - [2022-12-31T20:52:11.336+0100] {dag.py:2676} INFO - Sync 1 DAGs
[2022-12-31T20:52:11.351+0100] {logging_mixin.py:137} INFO - [2022-12-31T20:52:11.351+0100] {dag.py:3423} INFO - Setting next_dagrun for example_complex to None, run_after=None
[2022-12-31T20:52:11.359+0100] {processor.py:175} INFO - Processing /Library/Frameworks/Python.framework/Versions/3.11/lib/python3.11/site-packages/airflow/example_dags/example_complex.py took 0.577 seconds
[2022-12-31T20:55:45.281+0100] {processor.py:153} INFO - Started process (PID=93206) to work on /Library/Frameworks/Python.framework/Versions/3.11/lib/python3.11/site-packages/airflow/example_dags/example_complex.py
[2022-12-31T20:55:45.286+0100] {processor.py:743} INFO - Processing file /Library/Frameworks/Python.framework/Versions/3.11/lib/python3.11/site-packages/airflow/example_dags/example_complex.py for tasks to queue
[2022-12-31T20:55:45.286+0100] {logging_mixin.py:137} INFO - [2022-12-31T20:55:45.286+0100] {dagbag.py:538} INFO - Filling up the DagBag from /Library/Frameworks/Python.framework/Versions/3.11/lib/python3.11/site-packages/airflow/example_dags/example_complex.py
[2022-12-31T20:55:45.321+0100] {logging_mixin.py:137} INFO - [2022-12-31T20:55:45.321+0100] {taskmixin.py:205} WARNING - Dependency <Task(BashOperator): create_entry_group>, delete_entry_group already registered for DAG: example_complex
[2022-12-31T20:55:45.321+0100] {logging_mixin.py:137} INFO - [2022-12-31T20:55:45.321+0100] {taskmixin.py:205} WARNING - Dependency <Task(BashOperator): delete_entry_group>, create_entry_group already registered for DAG: example_complex
[2022-12-31T20:55:45.322+0100] {logging_mixin.py:137} INFO - [2022-12-31T20:55:45.322+0100] {taskmixin.py:205} WARNING - Dependency <Task(BashOperator): create_entry_gcs>, delete_entry already registered for DAG: example_complex
[2022-12-31T20:55:45.322+0100] {logging_mixin.py:137} INFO - [2022-12-31T20:55:45.322+0100] {taskmixin.py:205} WARNING - Dependency <Task(BashOperator): delete_entry>, create_entry_gcs already registered for DAG: example_complex
[2022-12-31T20:55:45.322+0100] {logging_mixin.py:137} INFO - [2022-12-31T20:55:45.322+0100] {taskmixin.py:205} WARNING - Dependency <Task(BashOperator): create_tag>, delete_tag already registered for DAG: example_complex
[2022-12-31T20:55:45.322+0100] {logging_mixin.py:137} INFO - [2022-12-31T20:55:45.322+0100] {taskmixin.py:205} WARNING - Dependency <Task(BashOperator): delete_tag>, create_tag already registered for DAG: example_complex
[2022-12-31T20:55:45.325+0100] {processor.py:753} INFO - DAG(s) dict_keys(['example_complex']) retrieved from /Library/Frameworks/Python.framework/Versions/3.11/lib/python3.11/site-packages/airflow/example_dags/example_complex.py
[2022-12-31T20:55:45.850+0100] {logging_mixin.py:137} INFO - [2022-12-31T20:55:45.849+0100] {dag.py:2676} INFO - Sync 1 DAGs
[2022-12-31T20:55:45.859+0100] {logging_mixin.py:137} INFO - [2022-12-31T20:55:45.859+0100] {dag.py:3423} INFO - Setting next_dagrun for example_complex to None, run_after=None
[2022-12-31T20:55:45.868+0100] {processor.py:175} INFO - Processing /Library/Frameworks/Python.framework/Versions/3.11/lib/python3.11/site-packages/airflow/example_dags/example_complex.py took 0.588 seconds
[2022-12-31T20:57:48.692+0100] {processor.py:153} INFO - Started process (PID=93466) to work on /Library/Frameworks/Python.framework/Versions/3.11/lib/python3.11/site-packages/airflow/example_dags/example_complex.py
[2022-12-31T20:57:48.696+0100] {processor.py:743} INFO - Processing file /Library/Frameworks/Python.framework/Versions/3.11/lib/python3.11/site-packages/airflow/example_dags/example_complex.py for tasks to queue
[2022-12-31T20:57:48.696+0100] {logging_mixin.py:137} INFO - [2022-12-31T20:57:48.696+0100] {dagbag.py:538} INFO - Filling up the DagBag from /Library/Frameworks/Python.framework/Versions/3.11/lib/python3.11/site-packages/airflow/example_dags/example_complex.py
[2022-12-31T20:57:48.705+0100] {logging_mixin.py:137} INFO - [2022-12-31T20:57:48.705+0100] {taskmixin.py:205} WARNING - Dependency <Task(BashOperator): create_entry_group>, delete_entry_group already registered for DAG: example_complex
[2022-12-31T20:57:48.705+0100] {logging_mixin.py:137} INFO - [2022-12-31T20:57:48.705+0100] {taskmixin.py:205} WARNING - Dependency <Task(BashOperator): delete_entry_group>, create_entry_group already registered for DAG: example_complex
[2022-12-31T20:57:48.705+0100] {logging_mixin.py:137} INFO - [2022-12-31T20:57:48.705+0100] {taskmixin.py:205} WARNING - Dependency <Task(BashOperator): create_entry_gcs>, delete_entry already registered for DAG: example_complex
[2022-12-31T20:57:48.706+0100] {logging_mixin.py:137} INFO - [2022-12-31T20:57:48.706+0100] {taskmixin.py:205} WARNING - Dependency <Task(BashOperator): delete_entry>, create_entry_gcs already registered for DAG: example_complex
[2022-12-31T20:57:48.706+0100] {logging_mixin.py:137} INFO - [2022-12-31T20:57:48.706+0100] {taskmixin.py:205} WARNING - Dependency <Task(BashOperator): create_tag>, delete_tag already registered for DAG: example_complex
[2022-12-31T20:57:48.706+0100] {logging_mixin.py:137} INFO - [2022-12-31T20:57:48.706+0100] {taskmixin.py:205} WARNING - Dependency <Task(BashOperator): delete_tag>, create_tag already registered for DAG: example_complex
[2022-12-31T20:57:48.709+0100] {processor.py:753} INFO - DAG(s) dict_keys(['example_complex']) retrieved from /Library/Frameworks/Python.framework/Versions/3.11/lib/python3.11/site-packages/airflow/example_dags/example_complex.py
[2022-12-31T20:57:49.169+0100] {logging_mixin.py:137} INFO - [2022-12-31T20:57:49.169+0100] {dag.py:2676} INFO - Sync 1 DAGs
[2022-12-31T20:57:49.175+0100] {logging_mixin.py:137} INFO - [2022-12-31T20:57:49.175+0100] {dag.py:3423} INFO - Setting next_dagrun for example_complex to None, run_after=None
[2022-12-31T20:57:49.181+0100] {processor.py:175} INFO - Processing /Library/Frameworks/Python.framework/Versions/3.11/lib/python3.11/site-packages/airflow/example_dags/example_complex.py took 0.493 seconds
[2022-12-31T20:59:50.691+0100] {processor.py:153} INFO - Started process (PID=93695) to work on /Library/Frameworks/Python.framework/Versions/3.11/lib/python3.11/site-packages/airflow/example_dags/example_complex.py
[2022-12-31T20:59:50.696+0100] {processor.py:743} INFO - Processing file /Library/Frameworks/Python.framework/Versions/3.11/lib/python3.11/site-packages/airflow/example_dags/example_complex.py for tasks to queue
[2022-12-31T20:59:50.696+0100] {logging_mixin.py:137} INFO - [2022-12-31T20:59:50.696+0100] {dagbag.py:538} INFO - Filling up the DagBag from /Library/Frameworks/Python.framework/Versions/3.11/lib/python3.11/site-packages/airflow/example_dags/example_complex.py
[2022-12-31T20:59:50.705+0100] {logging_mixin.py:137} INFO - [2022-12-31T20:59:50.705+0100] {taskmixin.py:205} WARNING - Dependency <Task(BashOperator): create_entry_group>, delete_entry_group already registered for DAG: example_complex
[2022-12-31T20:59:50.705+0100] {logging_mixin.py:137} INFO - [2022-12-31T20:59:50.705+0100] {taskmixin.py:205} WARNING - Dependency <Task(BashOperator): delete_entry_group>, create_entry_group already registered for DAG: example_complex
[2022-12-31T20:59:50.705+0100] {logging_mixin.py:137} INFO - [2022-12-31T20:59:50.705+0100] {taskmixin.py:205} WARNING - Dependency <Task(BashOperator): create_entry_gcs>, delete_entry already registered for DAG: example_complex
[2022-12-31T20:59:50.705+0100] {logging_mixin.py:137} INFO - [2022-12-31T20:59:50.705+0100] {taskmixin.py:205} WARNING - Dependency <Task(BashOperator): delete_entry>, create_entry_gcs already registered for DAG: example_complex
[2022-12-31T20:59:50.706+0100] {logging_mixin.py:137} INFO - [2022-12-31T20:59:50.705+0100] {taskmixin.py:205} WARNING - Dependency <Task(BashOperator): create_tag>, delete_tag already registered for DAG: example_complex
[2022-12-31T20:59:50.706+0100] {logging_mixin.py:137} INFO - [2022-12-31T20:59:50.706+0100] {taskmixin.py:205} WARNING - Dependency <Task(BashOperator): delete_tag>, create_tag already registered for DAG: example_complex
[2022-12-31T20:59:50.709+0100] {processor.py:753} INFO - DAG(s) dict_keys(['example_complex']) retrieved from /Library/Frameworks/Python.framework/Versions/3.11/lib/python3.11/site-packages/airflow/example_dags/example_complex.py
[2022-12-31T20:59:51.222+0100] {logging_mixin.py:137} INFO - [2022-12-31T20:59:51.222+0100] {dag.py:2676} INFO - Sync 1 DAGs
[2022-12-31T20:59:51.229+0100] {logging_mixin.py:137} INFO - [2022-12-31T20:59:51.229+0100] {dag.py:3423} INFO - Setting next_dagrun for example_complex to None, run_after=None
[2022-12-31T20:59:51.237+0100] {processor.py:175} INFO - Processing /Library/Frameworks/Python.framework/Versions/3.11/lib/python3.11/site-packages/airflow/example_dags/example_complex.py took 0.546 seconds
[2022-12-31T21:01:53.998+0100] {processor.py:153} INFO - Started process (PID=94017) to work on /Library/Frameworks/Python.framework/Versions/3.11/lib/python3.11/site-packages/airflow/example_dags/example_complex.py
[2022-12-31T21:01:54.000+0100] {processor.py:743} INFO - Processing file /Library/Frameworks/Python.framework/Versions/3.11/lib/python3.11/site-packages/airflow/example_dags/example_complex.py for tasks to queue
[2022-12-31T21:01:54.000+0100] {logging_mixin.py:137} INFO - [2022-12-31T21:01:54.000+0100] {dagbag.py:538} INFO - Filling up the DagBag from /Library/Frameworks/Python.framework/Versions/3.11/lib/python3.11/site-packages/airflow/example_dags/example_complex.py
[2022-12-31T21:01:54.009+0100] {logging_mixin.py:137} INFO - [2022-12-31T21:01:54.009+0100] {taskmixin.py:205} WARNING - Dependency <Task(BashOperator): create_entry_group>, delete_entry_group already registered for DAG: example_complex
[2022-12-31T21:01:54.009+0100] {logging_mixin.py:137} INFO - [2022-12-31T21:01:54.009+0100] {taskmixin.py:205} WARNING - Dependency <Task(BashOperator): delete_entry_group>, create_entry_group already registered for DAG: example_complex
[2022-12-31T21:01:54.009+0100] {logging_mixin.py:137} INFO - [2022-12-31T21:01:54.009+0100] {taskmixin.py:205} WARNING - Dependency <Task(BashOperator): create_entry_gcs>, delete_entry already registered for DAG: example_complex
[2022-12-31T21:01:54.009+0100] {logging_mixin.py:137} INFO - [2022-12-31T21:01:54.009+0100] {taskmixin.py:205} WARNING - Dependency <Task(BashOperator): delete_entry>, create_entry_gcs already registered for DAG: example_complex
[2022-12-31T21:01:54.010+0100] {logging_mixin.py:137} INFO - [2022-12-31T21:01:54.009+0100] {taskmixin.py:205} WARNING - Dependency <Task(BashOperator): create_tag>, delete_tag already registered for DAG: example_complex
[2022-12-31T21:01:54.010+0100] {logging_mixin.py:137} INFO - [2022-12-31T21:01:54.010+0100] {taskmixin.py:205} WARNING - Dependency <Task(BashOperator): delete_tag>, create_tag already registered for DAG: example_complex
[2022-12-31T21:01:54.013+0100] {processor.py:753} INFO - DAG(s) dict_keys(['example_complex']) retrieved from /Library/Frameworks/Python.framework/Versions/3.11/lib/python3.11/site-packages/airflow/example_dags/example_complex.py
[2022-12-31T21:01:54.462+0100] {logging_mixin.py:137} INFO - [2022-12-31T21:01:54.462+0100] {dag.py:2676} INFO - Sync 1 DAGs
[2022-12-31T21:01:54.467+0100] {logging_mixin.py:137} INFO - [2022-12-31T21:01:54.467+0100] {dag.py:3423} INFO - Setting next_dagrun for example_complex to None, run_after=None
[2022-12-31T21:01:54.473+0100] {processor.py:175} INFO - Processing /Library/Frameworks/Python.framework/Versions/3.11/lib/python3.11/site-packages/airflow/example_dags/example_complex.py took 0.476 seconds
[2022-12-31T21:03:58.116+0100] {processor.py:153} INFO - Started process (PID=94348) to work on /Library/Frameworks/Python.framework/Versions/3.11/lib/python3.11/site-packages/airflow/example_dags/example_complex.py
[2022-12-31T21:03:58.121+0100] {processor.py:743} INFO - Processing file /Library/Frameworks/Python.framework/Versions/3.11/lib/python3.11/site-packages/airflow/example_dags/example_complex.py for tasks to queue
[2022-12-31T21:03:58.121+0100] {logging_mixin.py:137} INFO - [2022-12-31T21:03:58.121+0100] {dagbag.py:538} INFO - Filling up the DagBag from /Library/Frameworks/Python.framework/Versions/3.11/lib/python3.11/site-packages/airflow/example_dags/example_complex.py
[2022-12-31T21:03:58.136+0100] {logging_mixin.py:137} INFO - [2022-12-31T21:03:58.136+0100] {taskmixin.py:205} WARNING - Dependency <Task(BashOperator): create_entry_group>, delete_entry_group already registered for DAG: example_complex
[2022-12-31T21:03:58.136+0100] {logging_mixin.py:137} INFO - [2022-12-31T21:03:58.136+0100] {taskmixin.py:205} WARNING - Dependency <Task(BashOperator): delete_entry_group>, create_entry_group already registered for DAG: example_complex
[2022-12-31T21:03:58.136+0100] {logging_mixin.py:137} INFO - [2022-12-31T21:03:58.136+0100] {taskmixin.py:205} WARNING - Dependency <Task(BashOperator): create_entry_gcs>, delete_entry already registered for DAG: example_complex
[2022-12-31T21:03:58.136+0100] {logging_mixin.py:137} INFO - [2022-12-31T21:03:58.136+0100] {taskmixin.py:205} WARNING - Dependency <Task(BashOperator): delete_entry>, create_entry_gcs already registered for DAG: example_complex
[2022-12-31T21:03:58.136+0100] {logging_mixin.py:137} INFO - [2022-12-31T21:03:58.136+0100] {taskmixin.py:205} WARNING - Dependency <Task(BashOperator): create_tag>, delete_tag already registered for DAG: example_complex
[2022-12-31T21:03:58.136+0100] {logging_mixin.py:137} INFO - [2022-12-31T21:03:58.136+0100] {taskmixin.py:205} WARNING - Dependency <Task(BashOperator): delete_tag>, create_tag already registered for DAG: example_complex
[2022-12-31T21:03:58.159+0100] {processor.py:753} INFO - DAG(s) dict_keys(['example_complex']) retrieved from /Library/Frameworks/Python.framework/Versions/3.11/lib/python3.11/site-packages/airflow/example_dags/example_complex.py
[2022-12-31T21:03:58.733+0100] {logging_mixin.py:137} INFO - [2022-12-31T21:03:58.733+0100] {dag.py:2676} INFO - Sync 1 DAGs
[2022-12-31T21:03:58.744+0100] {logging_mixin.py:137} INFO - [2022-12-31T21:03:58.743+0100] {dag.py:3423} INFO - Setting next_dagrun for example_complex to None, run_after=None
[2022-12-31T21:03:58.757+0100] {processor.py:175} INFO - Processing /Library/Frameworks/Python.framework/Versions/3.11/lib/python3.11/site-packages/airflow/example_dags/example_complex.py took 0.642 seconds
[2022-12-31T21:05:58.019+0100] {processor.py:153} INFO - Started process (PID=94605) to work on /Library/Frameworks/Python.framework/Versions/3.11/lib/python3.11/site-packages/airflow/example_dags/example_complex.py
[2022-12-31T21:05:58.021+0100] {processor.py:743} INFO - Processing file /Library/Frameworks/Python.framework/Versions/3.11/lib/python3.11/site-packages/airflow/example_dags/example_complex.py for tasks to queue
[2022-12-31T21:05:58.021+0100] {logging_mixin.py:137} INFO - [2022-12-31T21:05:58.021+0100] {dagbag.py:538} INFO - Filling up the DagBag from /Library/Frameworks/Python.framework/Versions/3.11/lib/python3.11/site-packages/airflow/example_dags/example_complex.py
[2022-12-31T21:05:58.030+0100] {logging_mixin.py:137} INFO - [2022-12-31T21:05:58.030+0100] {taskmixin.py:205} WARNING - Dependency <Task(BashOperator): create_entry_group>, delete_entry_group already registered for DAG: example_complex
[2022-12-31T21:05:58.030+0100] {logging_mixin.py:137} INFO - [2022-12-31T21:05:58.030+0100] {taskmixin.py:205} WARNING - Dependency <Task(BashOperator): delete_entry_group>, create_entry_group already registered for DAG: example_complex
[2022-12-31T21:05:58.030+0100] {logging_mixin.py:137} INFO - [2022-12-31T21:05:58.030+0100] {taskmixin.py:205} WARNING - Dependency <Task(BashOperator): create_entry_gcs>, delete_entry already registered for DAG: example_complex
[2022-12-31T21:05:58.030+0100] {logging_mixin.py:137} INFO - [2022-12-31T21:05:58.030+0100] {taskmixin.py:205} WARNING - Dependency <Task(BashOperator): delete_entry>, create_entry_gcs already registered for DAG: example_complex
[2022-12-31T21:05:58.030+0100] {logging_mixin.py:137} INFO - [2022-12-31T21:05:58.030+0100] {taskmixin.py:205} WARNING - Dependency <Task(BashOperator): create_tag>, delete_tag already registered for DAG: example_complex
[2022-12-31T21:05:58.030+0100] {logging_mixin.py:137} INFO - [2022-12-31T21:05:58.030+0100] {taskmixin.py:205} WARNING - Dependency <Task(BashOperator): delete_tag>, create_tag already registered for DAG: example_complex
[2022-12-31T21:05:58.034+0100] {processor.py:753} INFO - DAG(s) dict_keys(['example_complex']) retrieved from /Library/Frameworks/Python.framework/Versions/3.11/lib/python3.11/site-packages/airflow/example_dags/example_complex.py
[2022-12-31T21:05:58.448+0100] {logging_mixin.py:137} INFO - [2022-12-31T21:05:58.448+0100] {dag.py:2676} INFO - Sync 1 DAGs
[2022-12-31T21:05:58.454+0100] {logging_mixin.py:137} INFO - [2022-12-31T21:05:58.454+0100] {dag.py:3423} INFO - Setting next_dagrun for example_complex to None, run_after=None
[2022-12-31T21:05:58.461+0100] {processor.py:175} INFO - Processing /Library/Frameworks/Python.framework/Versions/3.11/lib/python3.11/site-packages/airflow/example_dags/example_complex.py took 0.442 seconds
[2022-12-31T21:07:46.504+0100] {processor.py:153} INFO - Started process (PID=94811) to work on /Library/Frameworks/Python.framework/Versions/3.11/lib/python3.11/site-packages/airflow/example_dags/example_complex.py
[2022-12-31T21:07:46.509+0100] {processor.py:743} INFO - Processing file /Library/Frameworks/Python.framework/Versions/3.11/lib/python3.11/site-packages/airflow/example_dags/example_complex.py for tasks to queue
[2022-12-31T21:07:46.509+0100] {logging_mixin.py:137} INFO - [2022-12-31T21:07:46.509+0100] {dagbag.py:538} INFO - Filling up the DagBag from /Library/Frameworks/Python.framework/Versions/3.11/lib/python3.11/site-packages/airflow/example_dags/example_complex.py
[2022-12-31T21:07:46.518+0100] {logging_mixin.py:137} INFO - [2022-12-31T21:07:46.518+0100] {taskmixin.py:205} WARNING - Dependency <Task(BashOperator): create_entry_group>, delete_entry_group already registered for DAG: example_complex
[2022-12-31T21:07:46.518+0100] {logging_mixin.py:137} INFO - [2022-12-31T21:07:46.518+0100] {taskmixin.py:205} WARNING - Dependency <Task(BashOperator): delete_entry_group>, create_entry_group already registered for DAG: example_complex
[2022-12-31T21:07:46.519+0100] {logging_mixin.py:137} INFO - [2022-12-31T21:07:46.519+0100] {taskmixin.py:205} WARNING - Dependency <Task(BashOperator): create_entry_gcs>, delete_entry already registered for DAG: example_complex
[2022-12-31T21:07:46.519+0100] {logging_mixin.py:137} INFO - [2022-12-31T21:07:46.519+0100] {taskmixin.py:205} WARNING - Dependency <Task(BashOperator): delete_entry>, create_entry_gcs already registered for DAG: example_complex
[2022-12-31T21:07:46.519+0100] {logging_mixin.py:137} INFO - [2022-12-31T21:07:46.519+0100] {taskmixin.py:205} WARNING - Dependency <Task(BashOperator): create_tag>, delete_tag already registered for DAG: example_complex
[2022-12-31T21:07:46.519+0100] {logging_mixin.py:137} INFO - [2022-12-31T21:07:46.519+0100] {taskmixin.py:205} WARNING - Dependency <Task(BashOperator): delete_tag>, create_tag already registered for DAG: example_complex
[2022-12-31T21:07:46.523+0100] {processor.py:753} INFO - DAG(s) dict_keys(['example_complex']) retrieved from /Library/Frameworks/Python.framework/Versions/3.11/lib/python3.11/site-packages/airflow/example_dags/example_complex.py
[2022-12-31T21:07:46.995+0100] {logging_mixin.py:137} INFO - [2022-12-31T21:07:46.995+0100] {dag.py:2676} INFO - Sync 1 DAGs
[2022-12-31T21:07:47.001+0100] {logging_mixin.py:137} INFO - [2022-12-31T21:07:47.001+0100] {dag.py:3423} INFO - Setting next_dagrun for example_complex to None, run_after=None
[2022-12-31T21:07:47.006+0100] {processor.py:175} INFO - Processing /Library/Frameworks/Python.framework/Versions/3.11/lib/python3.11/site-packages/airflow/example_dags/example_complex.py took 0.503 seconds
[2022-12-31 20:08:43,632] {scheduler_job.py:182} INFO - Started process (PID=90) to work on /home/airflow/.local/lib/python3.6/site-packages/airflow/example_dags/example_complex.py
[2022-12-31 20:08:43,647] {scheduler_job.py:629} INFO - Processing file /home/airflow/.local/lib/python3.6/site-packages/airflow/example_dags/example_complex.py for tasks to queue
[2022-12-31 20:08:43,657] {logging_mixin.py:104} INFO - [2022-12-31 20:08:43,654] {dagbag.py:451} INFO - Filling up the DagBag from /home/airflow/.local/lib/python3.6/site-packages/airflow/example_dags/example_complex.py
[2022-12-31 20:08:43,850] {scheduler_job.py:639} INFO - DAG(s) dict_keys(['example_complex']) retrieved from /home/airflow/.local/lib/python3.6/site-packages/airflow/example_dags/example_complex.py
[2022-12-31 20:08:44,063] {logging_mixin.py:104} INFO - [2022-12-31 20:08:44,063] {dag.py:1824} INFO - Sync 1 DAGs
[2022-12-31 20:08:44,165] {logging_mixin.py:104} INFO - [2022-12-31 20:08:44,165] {dag.py:2280} INFO - Setting next_dagrun for example_complex to None
[2022-12-31 20:08:44,275] {scheduler_job.py:190} INFO - Processing /home/airflow/.local/lib/python3.6/site-packages/airflow/example_dags/example_complex.py took 0.681 seconds
[2022-12-31 20:09:14,877] {scheduler_job.py:182} INFO - Started process (PID=146) to work on /home/airflow/.local/lib/python3.6/site-packages/airflow/example_dags/example_complex.py
[2022-12-31 20:09:14,883] {scheduler_job.py:629} INFO - Processing file /home/airflow/.local/lib/python3.6/site-packages/airflow/example_dags/example_complex.py for tasks to queue
[2022-12-31 20:09:14,887] {logging_mixin.py:104} INFO - [2022-12-31 20:09:14,886] {dagbag.py:451} INFO - Filling up the DagBag from /home/airflow/.local/lib/python3.6/site-packages/airflow/example_dags/example_complex.py
[2022-12-31 20:09:14,992] {scheduler_job.py:639} INFO - DAG(s) dict_keys(['example_complex']) retrieved from /home/airflow/.local/lib/python3.6/site-packages/airflow/example_dags/example_complex.py
[2022-12-31 20:09:15,130] {logging_mixin.py:104} INFO - [2022-12-31 20:09:15,129] {dag.py:1824} INFO - Sync 1 DAGs
[2022-12-31 20:09:15,199] {logging_mixin.py:104} INFO - [2022-12-31 20:09:15,199] {dag.py:2280} INFO - Setting next_dagrun for example_complex to None
[2022-12-31 20:09:15,251] {scheduler_job.py:190} INFO - Processing /home/airflow/.local/lib/python3.6/site-packages/airflow/example_dags/example_complex.py took 0.381 seconds
[2022-12-31 20:09:45,535] {scheduler_job.py:182} INFO - Started process (PID=198) to work on /home/airflow/.local/lib/python3.6/site-packages/airflow/example_dags/example_complex.py
[2022-12-31 20:09:45,586] {scheduler_job.py:629} INFO - Processing file /home/airflow/.local/lib/python3.6/site-packages/airflow/example_dags/example_complex.py for tasks to queue
[2022-12-31 20:09:45,625] {logging_mixin.py:104} INFO - [2022-12-31 20:09:45,612] {dagbag.py:451} INFO - Filling up the DagBag from /home/airflow/.local/lib/python3.6/site-packages/airflow/example_dags/example_complex.py
[2022-12-31 20:09:46,233] {scheduler_job.py:639} INFO - DAG(s) dict_keys(['example_complex']) retrieved from /home/airflow/.local/lib/python3.6/site-packages/airflow/example_dags/example_complex.py
[2022-12-31 20:09:46,542] {logging_mixin.py:104} INFO - [2022-12-31 20:09:46,540] {dag.py:1824} INFO - Sync 1 DAGs
[2022-12-31T21:09:50.189+0100] {processor.py:153} INFO - Started process (PID=95144) to work on /Library/Frameworks/Python.framework/Versions/3.11/lib/python3.11/site-packages/airflow/example_dags/example_complex.py
[2022-12-31T21:09:50.193+0100] {processor.py:743} INFO - Processing file /Library/Frameworks/Python.framework/Versions/3.11/lib/python3.11/site-packages/airflow/example_dags/example_complex.py for tasks to queue
[2022-12-31T21:09:50.193+0100] {logging_mixin.py:137} INFO - [2022-12-31T21:09:50.193+0100] {dagbag.py:538} INFO - Filling up the DagBag from /Library/Frameworks/Python.framework/Versions/3.11/lib/python3.11/site-packages/airflow/example_dags/example_complex.py
[2022-12-31T21:09:50.209+0100] {logging_mixin.py:137} INFO - [2022-12-31T21:09:50.209+0100] {taskmixin.py:205} WARNING - Dependency <Task(BashOperator): create_entry_group>, delete_entry_group already registered for DAG: example_complex
[2022-12-31T21:09:50.210+0100] {logging_mixin.py:137} INFO - [2022-12-31T21:09:50.210+0100] {taskmixin.py:205} WARNING - Dependency <Task(BashOperator): delete_entry_group>, create_entry_group already registered for DAG: example_complex
[2022-12-31T21:09:50.210+0100] {logging_mixin.py:137} INFO - [2022-12-31T21:09:50.210+0100] {taskmixin.py:205} WARNING - Dependency <Task(BashOperator): create_entry_gcs>, delete_entry already registered for DAG: example_complex
[2022-12-31T21:09:50.210+0100] {logging_mixin.py:137} INFO - [2022-12-31T21:09:50.210+0100] {taskmixin.py:205} WARNING - Dependency <Task(BashOperator): delete_entry>, create_entry_gcs already registered for DAG: example_complex
[2022-12-31T21:09:50.210+0100] {logging_mixin.py:137} INFO - [2022-12-31T21:09:50.210+0100] {taskmixin.py:205} WARNING - Dependency <Task(BashOperator): create_tag>, delete_tag already registered for DAG: example_complex
[2022-12-31T21:09:50.210+0100] {logging_mixin.py:137} INFO - [2022-12-31T21:09:50.210+0100] {taskmixin.py:205} WARNING - Dependency <Task(BashOperator): delete_tag>, create_tag already registered for DAG: example_complex
[2022-12-31T21:09:50.222+0100] {processor.py:753} INFO - DAG(s) dict_keys(['example_complex']) retrieved from /Library/Frameworks/Python.framework/Versions/3.11/lib/python3.11/site-packages/airflow/example_dags/example_complex.py
[2022-12-31T21:09:50.761+0100] {logging_mixin.py:137} INFO - [2022-12-31T21:09:50.761+0100] {dag.py:2676} INFO - Sync 1 DAGs
[2022-12-31T21:09:50.768+0100] {logging_mixin.py:137} INFO - [2022-12-31T21:09:50.768+0100] {dag.py:3423} INFO - Setting next_dagrun for example_complex to None, run_after=None
[2022-12-31T21:09:50.775+0100] {processor.py:175} INFO - Processing /Library/Frameworks/Python.framework/Versions/3.11/lib/python3.11/site-packages/airflow/example_dags/example_complex.py took 0.587 seconds
[2022-12-31T21:11:52.408+0100] {processor.py:153} INFO - Started process (PID=95467) to work on /Library/Frameworks/Python.framework/Versions/3.11/lib/python3.11/site-packages/airflow/example_dags/example_complex.py
[2022-12-31T21:11:52.414+0100] {processor.py:743} INFO - Processing file /Library/Frameworks/Python.framework/Versions/3.11/lib/python3.11/site-packages/airflow/example_dags/example_complex.py for tasks to queue
[2022-12-31T21:11:52.414+0100] {logging_mixin.py:137} INFO - [2022-12-31T21:11:52.414+0100] {dagbag.py:538} INFO - Filling up the DagBag from /Library/Frameworks/Python.framework/Versions/3.11/lib/python3.11/site-packages/airflow/example_dags/example_complex.py
[2022-12-31T21:11:52.424+0100] {logging_mixin.py:137} INFO - [2022-12-31T21:11:52.424+0100] {taskmixin.py:205} WARNING - Dependency <Task(BashOperator): create_entry_group>, delete_entry_group already registered for DAG: example_complex
[2022-12-31T21:11:52.424+0100] {logging_mixin.py:137} INFO - [2022-12-31T21:11:52.424+0100] {taskmixin.py:205} WARNING - Dependency <Task(BashOperator): delete_entry_group>, create_entry_group already registered for DAG: example_complex
[2022-12-31T21:11:52.424+0100] {logging_mixin.py:137} INFO - [2022-12-31T21:11:52.424+0100] {taskmixin.py:205} WARNING - Dependency <Task(BashOperator): create_entry_gcs>, delete_entry already registered for DAG: example_complex
[2022-12-31T21:11:52.424+0100] {logging_mixin.py:137} INFO - [2022-12-31T21:11:52.424+0100] {taskmixin.py:205} WARNING - Dependency <Task(BashOperator): delete_entry>, create_entry_gcs already registered for DAG: example_complex
[2022-12-31T21:11:52.424+0100] {logging_mixin.py:137} INFO - [2022-12-31T21:11:52.424+0100] {taskmixin.py:205} WARNING - Dependency <Task(BashOperator): create_tag>, delete_tag already registered for DAG: example_complex
[2022-12-31T21:11:52.424+0100] {logging_mixin.py:137} INFO - [2022-12-31T21:11:52.424+0100] {taskmixin.py:205} WARNING - Dependency <Task(BashOperator): delete_tag>, create_tag already registered for DAG: example_complex
[2022-12-31T21:11:52.428+0100] {processor.py:753} INFO - DAG(s) dict_keys(['example_complex']) retrieved from /Library/Frameworks/Python.framework/Versions/3.11/lib/python3.11/site-packages/airflow/example_dags/example_complex.py
[2022-12-31T21:11:53.019+0100] {logging_mixin.py:137} INFO - [2022-12-31T21:11:53.019+0100] {dag.py:2676} INFO - Sync 1 DAGs
[2022-12-31T21:11:53.026+0100] {logging_mixin.py:137} INFO - [2022-12-31T21:11:53.026+0100] {dag.py:3423} INFO - Setting next_dagrun for example_complex to None, run_after=None
[2022-12-31T21:11:53.042+0100] {processor.py:175} INFO - Processing /Library/Frameworks/Python.framework/Versions/3.11/lib/python3.11/site-packages/airflow/example_dags/example_complex.py took 0.635 seconds
[2022-12-31T21:14:04.952+0100] {processor.py:153} INFO - Started process (PID=95759) to work on /Library/Frameworks/Python.framework/Versions/3.11/lib/python3.11/site-packages/airflow/example_dags/example_complex.py
[2022-12-31T21:14:04.954+0100] {processor.py:743} INFO - Processing file /Library/Frameworks/Python.framework/Versions/3.11/lib/python3.11/site-packages/airflow/example_dags/example_complex.py for tasks to queue
[2022-12-31T21:14:04.954+0100] {logging_mixin.py:137} INFO - [2022-12-31T21:14:04.954+0100] {dagbag.py:538} INFO - Filling up the DagBag from /Library/Frameworks/Python.framework/Versions/3.11/lib/python3.11/site-packages/airflow/example_dags/example_complex.py
[2022-12-31T21:14:04.969+0100] {logging_mixin.py:137} INFO - [2022-12-31T21:14:04.969+0100] {taskmixin.py:205} WARNING - Dependency <Task(BashOperator): create_entry_group>, delete_entry_group already registered for DAG: example_complex
[2022-12-31T21:14:04.969+0100] {logging_mixin.py:137} INFO - [2022-12-31T21:14:04.969+0100] {taskmixin.py:205} WARNING - Dependency <Task(BashOperator): delete_entry_group>, create_entry_group already registered for DAG: example_complex
[2022-12-31T21:14:04.969+0100] {logging_mixin.py:137} INFO - [2022-12-31T21:14:04.969+0100] {taskmixin.py:205} WARNING - Dependency <Task(BashOperator): create_entry_gcs>, delete_entry already registered for DAG: example_complex
[2022-12-31T21:14:04.969+0100] {logging_mixin.py:137} INFO - [2022-12-31T21:14:04.969+0100] {taskmixin.py:205} WARNING - Dependency <Task(BashOperator): delete_entry>, create_entry_gcs already registered for DAG: example_complex
[2022-12-31T21:14:04.969+0100] {logging_mixin.py:137} INFO - [2022-12-31T21:14:04.969+0100] {taskmixin.py:205} WARNING - Dependency <Task(BashOperator): create_tag>, delete_tag already registered for DAG: example_complex
[2022-12-31T21:14:04.969+0100] {logging_mixin.py:137} INFO - [2022-12-31T21:14:04.969+0100] {taskmixin.py:205} WARNING - Dependency <Task(BashOperator): delete_tag>, create_tag already registered for DAG: example_complex
[2022-12-31T21:14:04.973+0100] {processor.py:753} INFO - DAG(s) dict_keys(['example_complex']) retrieved from /Library/Frameworks/Python.framework/Versions/3.11/lib/python3.11/site-packages/airflow/example_dags/example_complex.py
[2022-12-31T21:14:05.431+0100] {logging_mixin.py:137} INFO - [2022-12-31T21:14:05.431+0100] {dag.py:2676} INFO - Sync 1 DAGs
[2022-12-31T21:14:05.437+0100] {logging_mixin.py:137} INFO - [2022-12-31T21:14:05.437+0100] {dag.py:3423} INFO - Setting next_dagrun for example_complex to None, run_after=None
[2022-12-31T21:14:05.444+0100] {processor.py:175} INFO - Processing /Library/Frameworks/Python.framework/Versions/3.11/lib/python3.11/site-packages/airflow/example_dags/example_complex.py took 0.492 seconds
[2022-12-31T21:15:57.859+0100] {processor.py:153} INFO - Started process (PID=96033) to work on /Library/Frameworks/Python.framework/Versions/3.11/lib/python3.11/site-packages/airflow/example_dags/example_complex.py
[2022-12-31T21:15:57.864+0100] {processor.py:743} INFO - Processing file /Library/Frameworks/Python.framework/Versions/3.11/lib/python3.11/site-packages/airflow/example_dags/example_complex.py for tasks to queue
[2022-12-31T21:15:57.864+0100] {logging_mixin.py:137} INFO - [2022-12-31T21:15:57.864+0100] {dagbag.py:538} INFO - Filling up the DagBag from /Library/Frameworks/Python.framework/Versions/3.11/lib/python3.11/site-packages/airflow/example_dags/example_complex.py
[2022-12-31T21:15:57.875+0100] {logging_mixin.py:137} INFO - [2022-12-31T21:15:57.875+0100] {taskmixin.py:205} WARNING - Dependency <Task(BashOperator): create_entry_group>, delete_entry_group already registered for DAG: example_complex
[2022-12-31T21:15:57.875+0100] {logging_mixin.py:137} INFO - [2022-12-31T21:15:57.875+0100] {taskmixin.py:205} WARNING - Dependency <Task(BashOperator): delete_entry_group>, create_entry_group already registered for DAG: example_complex
[2022-12-31T21:15:57.875+0100] {logging_mixin.py:137} INFO - [2022-12-31T21:15:57.875+0100] {taskmixin.py:205} WARNING - Dependency <Task(BashOperator): create_entry_gcs>, delete_entry already registered for DAG: example_complex
[2022-12-31T21:15:57.875+0100] {logging_mixin.py:137} INFO - [2022-12-31T21:15:57.875+0100] {taskmixin.py:205} WARNING - Dependency <Task(BashOperator): delete_entry>, create_entry_gcs already registered for DAG: example_complex
[2022-12-31T21:15:57.875+0100] {logging_mixin.py:137} INFO - [2022-12-31T21:15:57.875+0100] {taskmixin.py:205} WARNING - Dependency <Task(BashOperator): create_tag>, delete_tag already registered for DAG: example_complex
[2022-12-31T21:15:57.875+0100] {logging_mixin.py:137} INFO - [2022-12-31T21:15:57.875+0100] {taskmixin.py:205} WARNING - Dependency <Task(BashOperator): delete_tag>, create_tag already registered for DAG: example_complex
[2022-12-31T21:15:57.878+0100] {processor.py:753} INFO - DAG(s) dict_keys(['example_complex']) retrieved from /Library/Frameworks/Python.framework/Versions/3.11/lib/python3.11/site-packages/airflow/example_dags/example_complex.py
[2022-12-31T21:15:58.330+0100] {logging_mixin.py:137} INFO - [2022-12-31T21:15:58.330+0100] {dag.py:2676} INFO - Sync 1 DAGs
[2022-12-31T21:15:58.336+0100] {logging_mixin.py:137} INFO - [2022-12-31T21:15:58.336+0100] {dag.py:3423} INFO - Setting next_dagrun for example_complex to None, run_after=None
[2022-12-31T21:15:58.343+0100] {processor.py:175} INFO - Processing /Library/Frameworks/Python.framework/Versions/3.11/lib/python3.11/site-packages/airflow/example_dags/example_complex.py took 0.485 seconds
[2022-12-31T21:17:43.850+0100] {processor.py:153} INFO - Started process (PID=96194) to work on /Library/Frameworks/Python.framework/Versions/3.11/lib/python3.11/site-packages/airflow/example_dags/example_complex.py
[2022-12-31T21:17:43.857+0100] {processor.py:743} INFO - Processing file /Library/Frameworks/Python.framework/Versions/3.11/lib/python3.11/site-packages/airflow/example_dags/example_complex.py for tasks to queue
[2022-12-31T21:17:43.858+0100] {logging_mixin.py:137} INFO - [2022-12-31T21:17:43.858+0100] {dagbag.py:538} INFO - Filling up the DagBag from /Library/Frameworks/Python.framework/Versions/3.11/lib/python3.11/site-packages/airflow/example_dags/example_complex.py
[2022-12-31T21:17:43.867+0100] {logging_mixin.py:137} INFO - [2022-12-31T21:17:43.867+0100] {taskmixin.py:205} WARNING - Dependency <Task(BashOperator): create_entry_group>, delete_entry_group already registered for DAG: example_complex
[2022-12-31T21:17:43.867+0100] {logging_mixin.py:137} INFO - [2022-12-31T21:17:43.867+0100] {taskmixin.py:205} WARNING - Dependency <Task(BashOperator): delete_entry_group>, create_entry_group already registered for DAG: example_complex
[2022-12-31T21:17:43.867+0100] {logging_mixin.py:137} INFO - [2022-12-31T21:17:43.867+0100] {taskmixin.py:205} WARNING - Dependency <Task(BashOperator): create_entry_gcs>, delete_entry already registered for DAG: example_complex
[2022-12-31T21:17:43.867+0100] {logging_mixin.py:137} INFO - [2022-12-31T21:17:43.867+0100] {taskmixin.py:205} WARNING - Dependency <Task(BashOperator): delete_entry>, create_entry_gcs already registered for DAG: example_complex
[2022-12-31T21:17:43.867+0100] {logging_mixin.py:137} INFO - [2022-12-31T21:17:43.867+0100] {taskmixin.py:205} WARNING - Dependency <Task(BashOperator): create_tag>, delete_tag already registered for DAG: example_complex
[2022-12-31T21:17:43.867+0100] {logging_mixin.py:137} INFO - [2022-12-31T21:17:43.867+0100] {taskmixin.py:205} WARNING - Dependency <Task(BashOperator): delete_tag>, create_tag already registered for DAG: example_complex
[2022-12-31T21:17:43.871+0100] {processor.py:753} INFO - DAG(s) dict_keys(['example_complex']) retrieved from /Library/Frameworks/Python.framework/Versions/3.11/lib/python3.11/site-packages/airflow/example_dags/example_complex.py
[2022-12-31T21:17:44.296+0100] {logging_mixin.py:137} INFO - [2022-12-31T21:17:44.295+0100] {dag.py:2676} INFO - Sync 1 DAGs
[2022-12-31T21:17:44.302+0100] {logging_mixin.py:137} INFO - [2022-12-31T21:17:44.302+0100] {dag.py:3423} INFO - Setting next_dagrun for example_complex to None, run_after=None
[2022-12-31T21:17:44.308+0100] {processor.py:175} INFO - Processing /Library/Frameworks/Python.framework/Versions/3.11/lib/python3.11/site-packages/airflow/example_dags/example_complex.py took 0.458 seconds
[2022-12-31T21:19:41.555+0100] {processor.py:153} INFO - Started process (PID=96497) to work on /Library/Frameworks/Python.framework/Versions/3.11/lib/python3.11/site-packages/airflow/example_dags/example_complex.py
[2022-12-31T21:19:41.557+0100] {processor.py:743} INFO - Processing file /Library/Frameworks/Python.framework/Versions/3.11/lib/python3.11/site-packages/airflow/example_dags/example_complex.py for tasks to queue
[2022-12-31T21:19:41.558+0100] {logging_mixin.py:137} INFO - [2022-12-31T21:19:41.557+0100] {dagbag.py:538} INFO - Filling up the DagBag from /Library/Frameworks/Python.framework/Versions/3.11/lib/python3.11/site-packages/airflow/example_dags/example_complex.py
[2022-12-31T21:19:41.567+0100] {logging_mixin.py:137} INFO - [2022-12-31T21:19:41.567+0100] {taskmixin.py:205} WARNING - Dependency <Task(BashOperator): create_entry_group>, delete_entry_group already registered for DAG: example_complex
[2022-12-31T21:19:41.567+0100] {logging_mixin.py:137} INFO - [2022-12-31T21:19:41.567+0100] {taskmixin.py:205} WARNING - Dependency <Task(BashOperator): delete_entry_group>, create_entry_group already registered for DAG: example_complex
[2022-12-31T21:19:41.567+0100] {logging_mixin.py:137} INFO - [2022-12-31T21:19:41.567+0100] {taskmixin.py:205} WARNING - Dependency <Task(BashOperator): create_entry_gcs>, delete_entry already registered for DAG: example_complex
[2022-12-31T21:19:41.567+0100] {logging_mixin.py:137} INFO - [2022-12-31T21:19:41.567+0100] {taskmixin.py:205} WARNING - Dependency <Task(BashOperator): delete_entry>, create_entry_gcs already registered for DAG: example_complex
[2022-12-31T21:19:41.567+0100] {logging_mixin.py:137} INFO - [2022-12-31T21:19:41.567+0100] {taskmixin.py:205} WARNING - Dependency <Task(BashOperator): create_tag>, delete_tag already registered for DAG: example_complex
[2022-12-31T21:19:41.567+0100] {logging_mixin.py:137} INFO - [2022-12-31T21:19:41.567+0100] {taskmixin.py:205} WARNING - Dependency <Task(BashOperator): delete_tag>, create_tag already registered for DAG: example_complex
[2022-12-31T21:19:41.570+0100] {processor.py:753} INFO - DAG(s) dict_keys(['example_complex']) retrieved from /Library/Frameworks/Python.framework/Versions/3.11/lib/python3.11/site-packages/airflow/example_dags/example_complex.py
[2022-12-31T21:19:42.001+0100] {logging_mixin.py:137} INFO - [2022-12-31T21:19:42.001+0100] {dag.py:2676} INFO - Sync 1 DAGs
[2022-12-31T21:19:42.007+0100] {logging_mixin.py:137} INFO - [2022-12-31T21:19:42.007+0100] {dag.py:3423} INFO - Setting next_dagrun for example_complex to None, run_after=None
[2022-12-31T21:19:42.013+0100] {processor.py:175} INFO - Processing /Library/Frameworks/Python.framework/Versions/3.11/lib/python3.11/site-packages/airflow/example_dags/example_complex.py took 0.459 seconds
[2022-12-31T21:21:38.696+0100] {processor.py:153} INFO - Started process (PID=96689) to work on /Library/Frameworks/Python.framework/Versions/3.11/lib/python3.11/site-packages/airflow/example_dags/example_complex.py
[2022-12-31T21:21:38.698+0100] {processor.py:743} INFO - Processing file /Library/Frameworks/Python.framework/Versions/3.11/lib/python3.11/site-packages/airflow/example_dags/example_complex.py for tasks to queue
[2022-12-31T21:21:38.698+0100] {logging_mixin.py:137} INFO - [2022-12-31T21:21:38.698+0100] {dagbag.py:538} INFO - Filling up the DagBag from /Library/Frameworks/Python.framework/Versions/3.11/lib/python3.11/site-packages/airflow/example_dags/example_complex.py
[2022-12-31T21:21:38.707+0100] {logging_mixin.py:137} INFO - [2022-12-31T21:21:38.707+0100] {taskmixin.py:205} WARNING - Dependency <Task(BashOperator): create_entry_group>, delete_entry_group already registered for DAG: example_complex
[2022-12-31T21:21:38.707+0100] {logging_mixin.py:137} INFO - [2022-12-31T21:21:38.707+0100] {taskmixin.py:205} WARNING - Dependency <Task(BashOperator): delete_entry_group>, create_entry_group already registered for DAG: example_complex
[2022-12-31T21:21:38.708+0100] {logging_mixin.py:137} INFO - [2022-12-31T21:21:38.708+0100] {taskmixin.py:205} WARNING - Dependency <Task(BashOperator): create_entry_gcs>, delete_entry already registered for DAG: example_complex
[2022-12-31T21:21:38.708+0100] {logging_mixin.py:137} INFO - [2022-12-31T21:21:38.708+0100] {taskmixin.py:205} WARNING - Dependency <Task(BashOperator): delete_entry>, create_entry_gcs already registered for DAG: example_complex
[2022-12-31T21:21:38.708+0100] {logging_mixin.py:137} INFO - [2022-12-31T21:21:38.708+0100] {taskmixin.py:205} WARNING - Dependency <Task(BashOperator): create_tag>, delete_tag already registered for DAG: example_complex
[2022-12-31T21:21:38.708+0100] {logging_mixin.py:137} INFO - [2022-12-31T21:21:38.708+0100] {taskmixin.py:205} WARNING - Dependency <Task(BashOperator): delete_tag>, create_tag already registered for DAG: example_complex
[2022-12-31T21:21:38.711+0100] {processor.py:753} INFO - DAG(s) dict_keys(['example_complex']) retrieved from /Library/Frameworks/Python.framework/Versions/3.11/lib/python3.11/site-packages/airflow/example_dags/example_complex.py
[2022-12-31T21:21:39.176+0100] {logging_mixin.py:137} INFO - [2022-12-31T21:21:39.176+0100] {dag.py:2676} INFO - Sync 1 DAGs
[2022-12-31T21:21:39.183+0100] {logging_mixin.py:137} INFO - [2022-12-31T21:21:39.183+0100] {dag.py:3423} INFO - Setting next_dagrun for example_complex to None, run_after=None
[2022-12-31T21:21:39.189+0100] {processor.py:175} INFO - Processing /Library/Frameworks/Python.framework/Versions/3.11/lib/python3.11/site-packages/airflow/example_dags/example_complex.py took 0.493 seconds
[2022-12-31T21:23:35.726+0100] {processor.py:153} INFO - Started process (PID=96854) to work on /Library/Frameworks/Python.framework/Versions/3.11/lib/python3.11/site-packages/airflow/example_dags/example_complex.py
[2022-12-31T21:23:35.729+0100] {processor.py:743} INFO - Processing file /Library/Frameworks/Python.framework/Versions/3.11/lib/python3.11/site-packages/airflow/example_dags/example_complex.py for tasks to queue
[2022-12-31T21:23:35.729+0100] {logging_mixin.py:137} INFO - [2022-12-31T21:23:35.729+0100] {dagbag.py:538} INFO - Filling up the DagBag from /Library/Frameworks/Python.framework/Versions/3.11/lib/python3.11/site-packages/airflow/example_dags/example_complex.py
[2022-12-31T21:23:35.743+0100] {logging_mixin.py:137} INFO - [2022-12-31T21:23:35.743+0100] {taskmixin.py:205} WARNING - Dependency <Task(BashOperator): create_entry_group>, delete_entry_group already registered for DAG: example_complex
[2022-12-31T21:23:35.744+0100] {logging_mixin.py:137} INFO - [2022-12-31T21:23:35.744+0100] {taskmixin.py:205} WARNING - Dependency <Task(BashOperator): delete_entry_group>, create_entry_group already registered for DAG: example_complex
[2022-12-31T21:23:35.744+0100] {logging_mixin.py:137} INFO - [2022-12-31T21:23:35.744+0100] {taskmixin.py:205} WARNING - Dependency <Task(BashOperator): create_entry_gcs>, delete_entry already registered for DAG: example_complex
[2022-12-31T21:23:35.744+0100] {logging_mixin.py:137} INFO - [2022-12-31T21:23:35.744+0100] {taskmixin.py:205} WARNING - Dependency <Task(BashOperator): delete_entry>, create_entry_gcs already registered for DAG: example_complex
[2022-12-31T21:23:35.744+0100] {logging_mixin.py:137} INFO - [2022-12-31T21:23:35.744+0100] {taskmixin.py:205} WARNING - Dependency <Task(BashOperator): create_tag>, delete_tag already registered for DAG: example_complex
[2022-12-31T21:23:35.744+0100] {logging_mixin.py:137} INFO - [2022-12-31T21:23:35.744+0100] {taskmixin.py:205} WARNING - Dependency <Task(BashOperator): delete_tag>, create_tag already registered for DAG: example_complex
[2022-12-31T21:23:35.747+0100] {processor.py:753} INFO - DAG(s) dict_keys(['example_complex']) retrieved from /Library/Frameworks/Python.framework/Versions/3.11/lib/python3.11/site-packages/airflow/example_dags/example_complex.py
[2022-12-31T21:23:36.191+0100] {logging_mixin.py:137} INFO - [2022-12-31T21:23:36.191+0100] {dag.py:2676} INFO - Sync 1 DAGs
[2022-12-31T21:23:36.197+0100] {logging_mixin.py:137} INFO - [2022-12-31T21:23:36.197+0100] {dag.py:3423} INFO - Setting next_dagrun for example_complex to None, run_after=None
[2022-12-31T21:23:36.203+0100] {processor.py:175} INFO - Processing /Library/Frameworks/Python.framework/Versions/3.11/lib/python3.11/site-packages/airflow/example_dags/example_complex.py took 0.477 seconds
[2022-12-31T21:25:27.828+0100] {processor.py:153} INFO - Started process (PID=97070) to work on /Library/Frameworks/Python.framework/Versions/3.11/lib/python3.11/site-packages/airflow/example_dags/example_complex.py
[2022-12-31T21:25:27.830+0100] {processor.py:743} INFO - Processing file /Library/Frameworks/Python.framework/Versions/3.11/lib/python3.11/site-packages/airflow/example_dags/example_complex.py for tasks to queue
[2022-12-31T21:25:27.830+0100] {logging_mixin.py:137} INFO - [2022-12-31T21:25:27.830+0100] {dagbag.py:538} INFO - Filling up the DagBag from /Library/Frameworks/Python.framework/Versions/3.11/lib/python3.11/site-packages/airflow/example_dags/example_complex.py
[2022-12-31T21:25:27.840+0100] {logging_mixin.py:137} INFO - [2022-12-31T21:25:27.840+0100] {taskmixin.py:205} WARNING - Dependency <Task(BashOperator): create_entry_group>, delete_entry_group already registered for DAG: example_complex
[2022-12-31T21:25:27.840+0100] {logging_mixin.py:137} INFO - [2022-12-31T21:25:27.840+0100] {taskmixin.py:205} WARNING - Dependency <Task(BashOperator): delete_entry_group>, create_entry_group already registered for DAG: example_complex
[2022-12-31T21:25:27.840+0100] {logging_mixin.py:137} INFO - [2022-12-31T21:25:27.840+0100] {taskmixin.py:205} WARNING - Dependency <Task(BashOperator): create_entry_gcs>, delete_entry already registered for DAG: example_complex
[2022-12-31T21:25:27.840+0100] {logging_mixin.py:137} INFO - [2022-12-31T21:25:27.840+0100] {taskmixin.py:205} WARNING - Dependency <Task(BashOperator): delete_entry>, create_entry_gcs already registered for DAG: example_complex
[2022-12-31T21:25:27.840+0100] {logging_mixin.py:137} INFO - [2022-12-31T21:25:27.840+0100] {taskmixin.py:205} WARNING - Dependency <Task(BashOperator): create_tag>, delete_tag already registered for DAG: example_complex
[2022-12-31T21:25:27.840+0100] {logging_mixin.py:137} INFO - [2022-12-31T21:25:27.840+0100] {taskmixin.py:205} WARNING - Dependency <Task(BashOperator): delete_tag>, create_tag already registered for DAG: example_complex
[2022-12-31T21:25:27.844+0100] {processor.py:753} INFO - DAG(s) dict_keys(['example_complex']) retrieved from /Library/Frameworks/Python.framework/Versions/3.11/lib/python3.11/site-packages/airflow/example_dags/example_complex.py
[2022-12-31T21:25:28.374+0100] {logging_mixin.py:137} INFO - [2022-12-31T21:25:28.374+0100] {dag.py:2676} INFO - Sync 1 DAGs
[2022-12-31T21:25:28.380+0100] {logging_mixin.py:137} INFO - [2022-12-31T21:25:28.380+0100] {dag.py:3423} INFO - Setting next_dagrun for example_complex to None, run_after=None
[2022-12-31T21:25:28.387+0100] {processor.py:175} INFO - Processing /Library/Frameworks/Python.framework/Versions/3.11/lib/python3.11/site-packages/airflow/example_dags/example_complex.py took 0.559 seconds
[2022-12-31T21:27:25.559+0100] {processor.py:153} INFO - Started process (PID=97329) to work on /Library/Frameworks/Python.framework/Versions/3.11/lib/python3.11/site-packages/airflow/example_dags/example_complex.py
[2022-12-31T21:27:25.565+0100] {processor.py:743} INFO - Processing file /Library/Frameworks/Python.framework/Versions/3.11/lib/python3.11/site-packages/airflow/example_dags/example_complex.py for tasks to queue
[2022-12-31T21:27:25.566+0100] {logging_mixin.py:137} INFO - [2022-12-31T21:27:25.566+0100] {dagbag.py:538} INFO - Filling up the DagBag from /Library/Frameworks/Python.framework/Versions/3.11/lib/python3.11/site-packages/airflow/example_dags/example_complex.py
[2022-12-31T21:27:25.575+0100] {logging_mixin.py:137} INFO - [2022-12-31T21:27:25.575+0100] {taskmixin.py:205} WARNING - Dependency <Task(BashOperator): create_entry_group>, delete_entry_group already registered for DAG: example_complex
[2022-12-31T21:27:25.575+0100] {logging_mixin.py:137} INFO - [2022-12-31T21:27:25.575+0100] {taskmixin.py:205} WARNING - Dependency <Task(BashOperator): delete_entry_group>, create_entry_group already registered for DAG: example_complex
[2022-12-31T21:27:25.575+0100] {logging_mixin.py:137} INFO - [2022-12-31T21:27:25.575+0100] {taskmixin.py:205} WARNING - Dependency <Task(BashOperator): create_entry_gcs>, delete_entry already registered for DAG: example_complex
[2022-12-31T21:27:25.575+0100] {logging_mixin.py:137} INFO - [2022-12-31T21:27:25.575+0100] {taskmixin.py:205} WARNING - Dependency <Task(BashOperator): delete_entry>, create_entry_gcs already registered for DAG: example_complex
[2022-12-31T21:27:25.576+0100] {logging_mixin.py:137} INFO - [2022-12-31T21:27:25.576+0100] {taskmixin.py:205} WARNING - Dependency <Task(BashOperator): create_tag>, delete_tag already registered for DAG: example_complex
[2022-12-31T21:27:25.576+0100] {logging_mixin.py:137} INFO - [2022-12-31T21:27:25.576+0100] {taskmixin.py:205} WARNING - Dependency <Task(BashOperator): delete_tag>, create_tag already registered for DAG: example_complex
[2022-12-31T21:27:25.579+0100] {processor.py:753} INFO - DAG(s) dict_keys(['example_complex']) retrieved from /Library/Frameworks/Python.framework/Versions/3.11/lib/python3.11/site-packages/airflow/example_dags/example_complex.py
[2022-12-31T21:27:26.050+0100] {logging_mixin.py:137} INFO - [2022-12-31T21:27:26.050+0100] {dag.py:2676} INFO - Sync 1 DAGs
[2022-12-31T21:27:26.056+0100] {logging_mixin.py:137} INFO - [2022-12-31T21:27:26.056+0100] {dag.py:3423} INFO - Setting next_dagrun for example_complex to None, run_after=None
[2022-12-31T21:27:26.062+0100] {processor.py:175} INFO - Processing /Library/Frameworks/Python.framework/Versions/3.11/lib/python3.11/site-packages/airflow/example_dags/example_complex.py took 0.504 seconds
