[2022-12-31T20:29:10.510+0100] {processor.py:153} INFO - Started process (PID=90160) to work on /Library/Frameworks/Python.framework/Versions/3.11/lib/python3.11/site-packages/airflow/example_dags/example_task_group_decorator.py
[2022-12-31T20:29:10.514+0100] {processor.py:743} INFO - Processing file /Library/Frameworks/Python.framework/Versions/3.11/lib/python3.11/site-packages/airflow/example_dags/example_task_group_decorator.py for tasks to queue
[2022-12-31T20:29:10.515+0100] {logging_mixin.py:137} INFO - [2022-12-31T20:29:10.515+0100] {dagbag.py:538} INFO - Filling up the DagBag from /Library/Frameworks/Python.framework/Versions/3.11/lib/python3.11/site-packages/airflow/example_dags/example_task_group_decorator.py
[2022-12-31T20:29:10.546+0100] {processor.py:753} INFO - DAG(s) dict_keys(['example_task_group_decorator']) retrieved from /Library/Frameworks/Python.framework/Versions/3.11/lib/python3.11/site-packages/airflow/example_dags/example_task_group_decorator.py
[2022-12-31T20:29:11.092+0100] {logging_mixin.py:137} INFO - [2022-12-31T20:29:11.092+0100] {manager.py:504} INFO - Created Permission View: can edit on DAG:example_task_group_decorator
[2022-12-31T20:29:11.095+0100] {logging_mixin.py:137} INFO - [2022-12-31T20:29:11.095+0100] {manager.py:504} INFO - Created Permission View: can delete on DAG:example_task_group_decorator
[2022-12-31T20:29:11.098+0100] {logging_mixin.py:137} INFO - [2022-12-31T20:29:11.098+0100] {manager.py:504} INFO - Created Permission View: can read on DAG:example_task_group_decorator
[2022-12-31T20:29:11.098+0100] {logging_mixin.py:137} INFO - [2022-12-31T20:29:11.098+0100] {dag.py:2676} INFO - Sync 1 DAGs
[2022-12-31T20:29:11.102+0100] {logging_mixin.py:137} INFO - [2022-12-31T20:29:11.102+0100] {dag.py:2697} INFO - Creating ORM DAG for example_task_group_decorator
[2022-12-31T20:29:11.105+0100] {logging_mixin.py:137} INFO - [2022-12-31T20:29:11.105+0100] {dag.py:3423} INFO - Setting next_dagrun for example_task_group_decorator to 2022-12-30T19:29:11.105549+00:00, run_after=2022-12-31T19:29:11.105549+00:00
[2022-12-31T20:29:11.111+0100] {processor.py:175} INFO - Processing /Library/Frameworks/Python.framework/Versions/3.11/lib/python3.11/site-packages/airflow/example_dags/example_task_group_decorator.py took 0.602 seconds
[2022-12-31T20:31:02.723+0100] {processor.py:153} INFO - Started process (PID=90382) to work on /Library/Frameworks/Python.framework/Versions/3.11/lib/python3.11/site-packages/airflow/example_dags/example_task_group_decorator.py
[2022-12-31T20:31:02.731+0100] {processor.py:743} INFO - Processing file /Library/Frameworks/Python.framework/Versions/3.11/lib/python3.11/site-packages/airflow/example_dags/example_task_group_decorator.py for tasks to queue
[2022-12-31T20:31:02.731+0100] {logging_mixin.py:137} INFO - [2022-12-31T20:31:02.731+0100] {dagbag.py:538} INFO - Filling up the DagBag from /Library/Frameworks/Python.framework/Versions/3.11/lib/python3.11/site-packages/airflow/example_dags/example_task_group_decorator.py
[2022-12-31T20:31:02.776+0100] {processor.py:753} INFO - DAG(s) dict_keys(['example_task_group_decorator']) retrieved from /Library/Frameworks/Python.framework/Versions/3.11/lib/python3.11/site-packages/airflow/example_dags/example_task_group_decorator.py
[2022-12-31T20:31:03.161+0100] {logging_mixin.py:137} INFO - [2022-12-31T20:31:03.161+0100] {dag.py:2676} INFO - Sync 1 DAGs
[2022-12-31T20:31:03.166+0100] {logging_mixin.py:137} INFO - [2022-12-31T20:31:03.166+0100] {dag.py:3423} INFO - Setting next_dagrun for example_task_group_decorator to 2022-12-30T19:31:03.166342+00:00, run_after=2022-12-31T19:31:03.166342+00:00
[2022-12-31T20:31:03.173+0100] {processor.py:175} INFO - Processing /Library/Frameworks/Python.framework/Versions/3.11/lib/python3.11/site-packages/airflow/example_dags/example_task_group_decorator.py took 0.450 seconds
[2022-12-31T20:32:24.613+0100] {processor.py:153} INFO - Started process (PID=90512) to work on /Library/Frameworks/Python.framework/Versions/3.11/lib/python3.11/site-packages/airflow/example_dags/example_task_group_decorator.py
[2022-12-31T20:32:24.617+0100] {processor.py:743} INFO - Processing file /Library/Frameworks/Python.framework/Versions/3.11/lib/python3.11/site-packages/airflow/example_dags/example_task_group_decorator.py for tasks to queue
[2022-12-31T20:32:24.617+0100] {logging_mixin.py:137} INFO - [2022-12-31T20:32:24.617+0100] {dagbag.py:538} INFO - Filling up the DagBag from /Library/Frameworks/Python.framework/Versions/3.11/lib/python3.11/site-packages/airflow/example_dags/example_task_group_decorator.py
[2022-12-31T20:32:24.639+0100] {processor.py:753} INFO - DAG(s) dict_keys(['example_task_group_decorator']) retrieved from /Library/Frameworks/Python.framework/Versions/3.11/lib/python3.11/site-packages/airflow/example_dags/example_task_group_decorator.py
[2022-12-31T20:32:25.049+0100] {logging_mixin.py:137} INFO - [2022-12-31T20:32:25.048+0100] {dag.py:2676} INFO - Sync 1 DAGs
[2022-12-31T20:32:25.055+0100] {logging_mixin.py:137} INFO - [2022-12-31T20:32:25.055+0100] {dag.py:3423} INFO - Setting next_dagrun for example_task_group_decorator to 2022-12-30T19:32:25.054947+00:00, run_after=2022-12-31T19:32:25.054947+00:00
[2022-12-31T20:32:25.062+0100] {processor.py:175} INFO - Processing /Library/Frameworks/Python.framework/Versions/3.11/lib/python3.11/site-packages/airflow/example_dags/example_task_group_decorator.py took 0.450 seconds
[2022-12-31T20:34:10.828+0100] {processor.py:153} INFO - Started process (PID=90654) to work on /Library/Frameworks/Python.framework/Versions/3.11/lib/python3.11/site-packages/airflow/example_dags/example_task_group_decorator.py
[2022-12-31T20:34:10.830+0100] {processor.py:743} INFO - Processing file /Library/Frameworks/Python.framework/Versions/3.11/lib/python3.11/site-packages/airflow/example_dags/example_task_group_decorator.py for tasks to queue
[2022-12-31T20:34:10.830+0100] {logging_mixin.py:137} INFO - [2022-12-31T20:34:10.830+0100] {dagbag.py:538} INFO - Filling up the DagBag from /Library/Frameworks/Python.framework/Versions/3.11/lib/python3.11/site-packages/airflow/example_dags/example_task_group_decorator.py
[2022-12-31T20:34:10.858+0100] {processor.py:753} INFO - DAG(s) dict_keys(['example_task_group_decorator']) retrieved from /Library/Frameworks/Python.framework/Versions/3.11/lib/python3.11/site-packages/airflow/example_dags/example_task_group_decorator.py
[2022-12-31T20:34:11.263+0100] {logging_mixin.py:137} INFO - [2022-12-31T20:34:11.263+0100] {dag.py:2676} INFO - Sync 1 DAGs
[2022-12-31T20:34:11.269+0100] {logging_mixin.py:137} INFO - [2022-12-31T20:34:11.269+0100] {dag.py:3423} INFO - Setting next_dagrun for example_task_group_decorator to 2022-12-30T19:34:11.269178+00:00, run_after=2022-12-31T19:34:11.269178+00:00
[2022-12-31T20:34:11.277+0100] {processor.py:175} INFO - Processing /Library/Frameworks/Python.framework/Versions/3.11/lib/python3.11/site-packages/airflow/example_dags/example_task_group_decorator.py took 0.449 seconds
[2022-12-31T20:35:45.642+0100] {processor.py:153} INFO - Started process (PID=90799) to work on /Library/Frameworks/Python.framework/Versions/3.11/lib/python3.11/site-packages/airflow/example_dags/example_task_group_decorator.py
[2022-12-31T20:35:45.646+0100] {processor.py:743} INFO - Processing file /Library/Frameworks/Python.framework/Versions/3.11/lib/python3.11/site-packages/airflow/example_dags/example_task_group_decorator.py for tasks to queue
[2022-12-31T20:35:45.646+0100] {logging_mixin.py:137} INFO - [2022-12-31T20:35:45.646+0100] {dagbag.py:538} INFO - Filling up the DagBag from /Library/Frameworks/Python.framework/Versions/3.11/lib/python3.11/site-packages/airflow/example_dags/example_task_group_decorator.py
[2022-12-31T20:35:45.676+0100] {processor.py:753} INFO - DAG(s) dict_keys(['example_task_group_decorator']) retrieved from /Library/Frameworks/Python.framework/Versions/3.11/lib/python3.11/site-packages/airflow/example_dags/example_task_group_decorator.py
[2022-12-31T20:35:46.081+0100] {logging_mixin.py:137} INFO - [2022-12-31T20:35:46.081+0100] {dag.py:2676} INFO - Sync 1 DAGs
[2022-12-31T20:35:46.086+0100] {logging_mixin.py:137} INFO - [2022-12-31T20:35:46.086+0100] {dag.py:3423} INFO - Setting next_dagrun for example_task_group_decorator to 2022-12-30T19:35:46.086406+00:00, run_after=2022-12-31T19:35:46.086406+00:00
[2022-12-31T20:35:46.094+0100] {processor.py:175} INFO - Processing /Library/Frameworks/Python.framework/Versions/3.11/lib/python3.11/site-packages/airflow/example_dags/example_task_group_decorator.py took 0.452 seconds
[2022-12-31T20:37:07.613+0100] {processor.py:153} INFO - Started process (PID=90919) to work on /Library/Frameworks/Python.framework/Versions/3.11/lib/python3.11/site-packages/airflow/example_dags/example_task_group_decorator.py
[2022-12-31T20:37:07.617+0100] {processor.py:743} INFO - Processing file /Library/Frameworks/Python.framework/Versions/3.11/lib/python3.11/site-packages/airflow/example_dags/example_task_group_decorator.py for tasks to queue
[2022-12-31T20:37:07.617+0100] {logging_mixin.py:137} INFO - [2022-12-31T20:37:07.617+0100] {dagbag.py:538} INFO - Filling up the DagBag from /Library/Frameworks/Python.framework/Versions/3.11/lib/python3.11/site-packages/airflow/example_dags/example_task_group_decorator.py
[2022-12-31T20:37:07.650+0100] {processor.py:753} INFO - DAG(s) dict_keys(['example_task_group_decorator']) retrieved from /Library/Frameworks/Python.framework/Versions/3.11/lib/python3.11/site-packages/airflow/example_dags/example_task_group_decorator.py
[2022-12-31T20:37:08.114+0100] {logging_mixin.py:137} INFO - [2022-12-31T20:37:08.114+0100] {dag.py:2676} INFO - Sync 1 DAGs
[2022-12-31T20:37:08.120+0100] {logging_mixin.py:137} INFO - [2022-12-31T20:37:08.120+0100] {dag.py:3423} INFO - Setting next_dagrun for example_task_group_decorator to 2022-12-30T19:37:08.120557+00:00, run_after=2022-12-31T19:37:08.120557+00:00
[2022-12-31T20:37:08.128+0100] {processor.py:175} INFO - Processing /Library/Frameworks/Python.framework/Versions/3.11/lib/python3.11/site-packages/airflow/example_dags/example_task_group_decorator.py took 0.517 seconds
[2022-12-31T20:38:48.036+0100] {processor.py:153} INFO - Started process (PID=91050) to work on /Library/Frameworks/Python.framework/Versions/3.11/lib/python3.11/site-packages/airflow/example_dags/example_task_group_decorator.py
[2022-12-31T20:38:48.038+0100] {processor.py:743} INFO - Processing file /Library/Frameworks/Python.framework/Versions/3.11/lib/python3.11/site-packages/airflow/example_dags/example_task_group_decorator.py for tasks to queue
[2022-12-31T20:38:48.038+0100] {logging_mixin.py:137} INFO - [2022-12-31T20:38:48.038+0100] {dagbag.py:538} INFO - Filling up the DagBag from /Library/Frameworks/Python.framework/Versions/3.11/lib/python3.11/site-packages/airflow/example_dags/example_task_group_decorator.py
[2022-12-31T20:38:48.060+0100] {processor.py:753} INFO - DAG(s) dict_keys(['example_task_group_decorator']) retrieved from /Library/Frameworks/Python.framework/Versions/3.11/lib/python3.11/site-packages/airflow/example_dags/example_task_group_decorator.py
[2022-12-31T20:38:48.449+0100] {logging_mixin.py:137} INFO - [2022-12-31T20:38:48.449+0100] {dag.py:2676} INFO - Sync 1 DAGs
[2022-12-31T20:38:48.455+0100] {logging_mixin.py:137} INFO - [2022-12-31T20:38:48.455+0100] {dag.py:3423} INFO - Setting next_dagrun for example_task_group_decorator to 2022-12-30T19:38:48.455129+00:00, run_after=2022-12-31T19:38:48.455129+00:00
[2022-12-31T20:38:48.462+0100] {processor.py:175} INFO - Processing /Library/Frameworks/Python.framework/Versions/3.11/lib/python3.11/site-packages/airflow/example_dags/example_task_group_decorator.py took 0.427 seconds
[2022-12-31T20:40:34.078+0100] {processor.py:153} INFO - Started process (PID=91255) to work on /Library/Frameworks/Python.framework/Versions/3.11/lib/python3.11/site-packages/airflow/example_dags/example_task_group_decorator.py
[2022-12-31T20:40:34.080+0100] {processor.py:743} INFO - Processing file /Library/Frameworks/Python.framework/Versions/3.11/lib/python3.11/site-packages/airflow/example_dags/example_task_group_decorator.py for tasks to queue
[2022-12-31T20:40:34.080+0100] {logging_mixin.py:137} INFO - [2022-12-31T20:40:34.080+0100] {dagbag.py:538} INFO - Filling up the DagBag from /Library/Frameworks/Python.framework/Versions/3.11/lib/python3.11/site-packages/airflow/example_dags/example_task_group_decorator.py
[2022-12-31T20:40:34.102+0100] {processor.py:753} INFO - DAG(s) dict_keys(['example_task_group_decorator']) retrieved from /Library/Frameworks/Python.framework/Versions/3.11/lib/python3.11/site-packages/airflow/example_dags/example_task_group_decorator.py
[2022-12-31T20:40:34.511+0100] {logging_mixin.py:137} INFO - [2022-12-31T20:40:34.511+0100] {dag.py:2676} INFO - Sync 1 DAGs
[2022-12-31T20:40:34.517+0100] {logging_mixin.py:137} INFO - [2022-12-31T20:40:34.517+0100] {dag.py:3423} INFO - Setting next_dagrun for example_task_group_decorator to 2022-12-30T19:40:34.516963+00:00, run_after=2022-12-31T19:40:34.516963+00:00
[2022-12-31T20:40:34.524+0100] {processor.py:175} INFO - Processing /Library/Frameworks/Python.framework/Versions/3.11/lib/python3.11/site-packages/airflow/example_dags/example_task_group_decorator.py took 0.446 seconds
[2022-12-31T20:42:22.261+0100] {processor.py:153} INFO - Started process (PID=91397) to work on /Library/Frameworks/Python.framework/Versions/3.11/lib/python3.11/site-packages/airflow/example_dags/example_task_group_decorator.py
[2022-12-31T20:42:22.265+0100] {processor.py:743} INFO - Processing file /Library/Frameworks/Python.framework/Versions/3.11/lib/python3.11/site-packages/airflow/example_dags/example_task_group_decorator.py for tasks to queue
[2022-12-31T20:42:22.265+0100] {logging_mixin.py:137} INFO - [2022-12-31T20:42:22.265+0100] {dagbag.py:538} INFO - Filling up the DagBag from /Library/Frameworks/Python.framework/Versions/3.11/lib/python3.11/site-packages/airflow/example_dags/example_task_group_decorator.py
[2022-12-31T20:42:22.286+0100] {processor.py:753} INFO - DAG(s) dict_keys(['example_task_group_decorator']) retrieved from /Library/Frameworks/Python.framework/Versions/3.11/lib/python3.11/site-packages/airflow/example_dags/example_task_group_decorator.py
[2022-12-31T20:42:22.697+0100] {logging_mixin.py:137} INFO - [2022-12-31T20:42:22.697+0100] {dag.py:2676} INFO - Sync 1 DAGs
[2022-12-31T20:42:22.702+0100] {logging_mixin.py:137} INFO - [2022-12-31T20:42:22.702+0100] {dag.py:3423} INFO - Setting next_dagrun for example_task_group_decorator to 2022-12-30T19:42:22.702702+00:00, run_after=2022-12-31T19:42:22.702702+00:00
[2022-12-31T20:42:22.708+0100] {processor.py:175} INFO - Processing /Library/Frameworks/Python.framework/Versions/3.11/lib/python3.11/site-packages/airflow/example_dags/example_task_group_decorator.py took 0.449 seconds
[2022-12-31T20:44:49.908+0100] {processor.py:153} INFO - Started process (PID=91709) to work on /Library/Frameworks/Python.framework/Versions/3.11/lib/python3.11/site-packages/airflow/example_dags/example_task_group_decorator.py
[2022-12-31T20:44:49.910+0100] {processor.py:743} INFO - Processing file /Library/Frameworks/Python.framework/Versions/3.11/lib/python3.11/site-packages/airflow/example_dags/example_task_group_decorator.py for tasks to queue
[2022-12-31T20:44:49.911+0100] {logging_mixin.py:137} INFO - [2022-12-31T20:44:49.911+0100] {dagbag.py:538} INFO - Filling up the DagBag from /Library/Frameworks/Python.framework/Versions/3.11/lib/python3.11/site-packages/airflow/example_dags/example_task_group_decorator.py
[2022-12-31T20:44:49.940+0100] {processor.py:753} INFO - DAG(s) dict_keys(['example_task_group_decorator']) retrieved from /Library/Frameworks/Python.framework/Versions/3.11/lib/python3.11/site-packages/airflow/example_dags/example_task_group_decorator.py
[2022-12-31T20:44:50.446+0100] {logging_mixin.py:137} INFO - [2022-12-31T20:44:50.446+0100] {dag.py:2676} INFO - Sync 1 DAGs
[2022-12-31T20:44:50.451+0100] {logging_mixin.py:137} INFO - [2022-12-31T20:44:50.451+0100] {dag.py:3423} INFO - Setting next_dagrun for example_task_group_decorator to 2022-12-30T19:44:50.451777+00:00, run_after=2022-12-31T19:44:50.451777+00:00
[2022-12-31T20:44:50.457+0100] {processor.py:175} INFO - Processing /Library/Frameworks/Python.framework/Versions/3.11/lib/python3.11/site-packages/airflow/example_dags/example_task_group_decorator.py took 0.550 seconds
[2022-12-31T20:46:47.929+0100] {processor.py:153} INFO - Started process (PID=91932) to work on /Library/Frameworks/Python.framework/Versions/3.11/lib/python3.11/site-packages/airflow/example_dags/example_task_group_decorator.py
[2022-12-31T20:46:47.932+0100] {processor.py:743} INFO - Processing file /Library/Frameworks/Python.framework/Versions/3.11/lib/python3.11/site-packages/airflow/example_dags/example_task_group_decorator.py for tasks to queue
[2022-12-31T20:46:47.932+0100] {logging_mixin.py:137} INFO - [2022-12-31T20:46:47.932+0100] {dagbag.py:538} INFO - Filling up the DagBag from /Library/Frameworks/Python.framework/Versions/3.11/lib/python3.11/site-packages/airflow/example_dags/example_task_group_decorator.py
[2022-12-31T20:46:47.960+0100] {processor.py:753} INFO - DAG(s) dict_keys(['example_task_group_decorator']) retrieved from /Library/Frameworks/Python.framework/Versions/3.11/lib/python3.11/site-packages/airflow/example_dags/example_task_group_decorator.py
[2022-12-31T20:46:48.386+0100] {logging_mixin.py:137} INFO - [2022-12-31T20:46:48.386+0100] {dag.py:2676} INFO - Sync 1 DAGs
[2022-12-31T20:46:48.391+0100] {logging_mixin.py:137} INFO - [2022-12-31T20:46:48.391+0100] {dag.py:3423} INFO - Setting next_dagrun for example_task_group_decorator to 2022-12-30T19:46:48.391762+00:00, run_after=2022-12-31T19:46:48.391762+00:00
[2022-12-31T20:46:48.397+0100] {processor.py:175} INFO - Processing /Library/Frameworks/Python.framework/Versions/3.11/lib/python3.11/site-packages/airflow/example_dags/example_task_group_decorator.py took 0.469 seconds
[2022-12-31T20:48:50.686+0100] {processor.py:153} INFO - Started process (PID=92154) to work on /Library/Frameworks/Python.framework/Versions/3.11/lib/python3.11/site-packages/airflow/example_dags/example_task_group_decorator.py
[2022-12-31T20:48:50.688+0100] {processor.py:743} INFO - Processing file /Library/Frameworks/Python.framework/Versions/3.11/lib/python3.11/site-packages/airflow/example_dags/example_task_group_decorator.py for tasks to queue
[2022-12-31T20:48:50.688+0100] {logging_mixin.py:137} INFO - [2022-12-31T20:48:50.688+0100] {dagbag.py:538} INFO - Filling up the DagBag from /Library/Frameworks/Python.framework/Versions/3.11/lib/python3.11/site-packages/airflow/example_dags/example_task_group_decorator.py
[2022-12-31T20:48:50.721+0100] {processor.py:753} INFO - DAG(s) dict_keys(['example_task_group_decorator']) retrieved from /Library/Frameworks/Python.framework/Versions/3.11/lib/python3.11/site-packages/airflow/example_dags/example_task_group_decorator.py
[2022-12-31T20:48:51.253+0100] {logging_mixin.py:137} INFO - [2022-12-31T20:48:51.253+0100] {dag.py:2676} INFO - Sync 1 DAGs
[2022-12-31T20:48:51.258+0100] {logging_mixin.py:137} INFO - [2022-12-31T20:48:51.258+0100] {dag.py:3423} INFO - Setting next_dagrun for example_task_group_decorator to 2022-12-30T19:48:51.258349+00:00, run_after=2022-12-31T19:48:51.258349+00:00
[2022-12-31T20:48:51.264+0100] {processor.py:175} INFO - Processing /Library/Frameworks/Python.framework/Versions/3.11/lib/python3.11/site-packages/airflow/example_dags/example_task_group_decorator.py took 0.578 seconds
[2022-12-31T20:51:04.948+0100] {processor.py:153} INFO - Started process (PID=92434) to work on /Library/Frameworks/Python.framework/Versions/3.11/lib/python3.11/site-packages/airflow/example_dags/example_task_group_decorator.py
[2022-12-31T20:51:04.950+0100] {processor.py:743} INFO - Processing file /Library/Frameworks/Python.framework/Versions/3.11/lib/python3.11/site-packages/airflow/example_dags/example_task_group_decorator.py for tasks to queue
[2022-12-31T20:51:04.950+0100] {logging_mixin.py:137} INFO - [2022-12-31T20:51:04.950+0100] {dagbag.py:538} INFO - Filling up the DagBag from /Library/Frameworks/Python.framework/Versions/3.11/lib/python3.11/site-packages/airflow/example_dags/example_task_group_decorator.py
[2022-12-31T20:51:04.984+0100] {processor.py:753} INFO - DAG(s) dict_keys(['example_task_group_decorator']) retrieved from /Library/Frameworks/Python.framework/Versions/3.11/lib/python3.11/site-packages/airflow/example_dags/example_task_group_decorator.py
[2022-12-31T20:51:05.659+0100] {logging_mixin.py:137} INFO - [2022-12-31T20:51:05.659+0100] {dag.py:2676} INFO - Sync 1 DAGs
[2022-12-31T20:51:05.666+0100] {logging_mixin.py:137} INFO - [2022-12-31T20:51:05.666+0100] {dag.py:3423} INFO - Setting next_dagrun for example_task_group_decorator to 2022-12-30T19:51:05.665962+00:00, run_after=2022-12-31T19:51:05.665962+00:00
[2022-12-31T20:51:05.673+0100] {processor.py:175} INFO - Processing /Library/Frameworks/Python.framework/Versions/3.11/lib/python3.11/site-packages/airflow/example_dags/example_task_group_decorator.py took 0.725 seconds
[2022-12-31T20:53:19.127+0100] {processor.py:153} INFO - Started process (PID=92817) to work on /Library/Frameworks/Python.framework/Versions/3.11/lib/python3.11/site-packages/airflow/example_dags/example_task_group_decorator.py
[2022-12-31T20:53:19.133+0100] {processor.py:743} INFO - Processing file /Library/Frameworks/Python.framework/Versions/3.11/lib/python3.11/site-packages/airflow/example_dags/example_task_group_decorator.py for tasks to queue
[2022-12-31T20:53:19.133+0100] {logging_mixin.py:137} INFO - [2022-12-31T20:53:19.133+0100] {dagbag.py:538} INFO - Filling up the DagBag from /Library/Frameworks/Python.framework/Versions/3.11/lib/python3.11/site-packages/airflow/example_dags/example_task_group_decorator.py
[2022-12-31T20:53:19.163+0100] {processor.py:753} INFO - DAG(s) dict_keys(['example_task_group_decorator']) retrieved from /Library/Frameworks/Python.framework/Versions/3.11/lib/python3.11/site-packages/airflow/example_dags/example_task_group_decorator.py
[2022-12-31T20:53:19.933+0100] {logging_mixin.py:137} INFO - [2022-12-31T20:53:19.933+0100] {dag.py:2676} INFO - Sync 1 DAGs
[2022-12-31T20:53:19.940+0100] {logging_mixin.py:137} INFO - [2022-12-31T20:53:19.940+0100] {dag.py:3423} INFO - Setting next_dagrun for example_task_group_decorator to 2022-12-30T19:53:19.940010+00:00, run_after=2022-12-31T19:53:19.940010+00:00
[2022-12-31T20:53:19.947+0100] {processor.py:175} INFO - Processing /Library/Frameworks/Python.framework/Versions/3.11/lib/python3.11/site-packages/airflow/example_dags/example_task_group_decorator.py took 0.822 seconds
[2022-12-31T20:55:18.120+0100] {processor.py:153} INFO - Started process (PID=93151) to work on /Library/Frameworks/Python.framework/Versions/3.11/lib/python3.11/site-packages/airflow/example_dags/example_task_group_decorator.py
[2022-12-31T20:55:18.125+0100] {processor.py:743} INFO - Processing file /Library/Frameworks/Python.framework/Versions/3.11/lib/python3.11/site-packages/airflow/example_dags/example_task_group_decorator.py for tasks to queue
[2022-12-31T20:55:18.125+0100] {logging_mixin.py:137} INFO - [2022-12-31T20:55:18.125+0100] {dagbag.py:538} INFO - Filling up the DagBag from /Library/Frameworks/Python.framework/Versions/3.11/lib/python3.11/site-packages/airflow/example_dags/example_task_group_decorator.py
[2022-12-31T20:55:18.145+0100] {processor.py:753} INFO - DAG(s) dict_keys(['example_task_group_decorator']) retrieved from /Library/Frameworks/Python.framework/Versions/3.11/lib/python3.11/site-packages/airflow/example_dags/example_task_group_decorator.py
[2022-12-31T20:55:18.548+0100] {logging_mixin.py:137} INFO - [2022-12-31T20:55:18.548+0100] {dag.py:2676} INFO - Sync 1 DAGs
[2022-12-31T20:55:18.553+0100] {logging_mixin.py:137} INFO - [2022-12-31T20:55:18.553+0100] {dag.py:3423} INFO - Setting next_dagrun for example_task_group_decorator to 2022-12-30T19:55:18.553466+00:00, run_after=2022-12-31T19:55:18.553466+00:00
[2022-12-31T20:55:18.560+0100] {processor.py:175} INFO - Processing /Library/Frameworks/Python.framework/Versions/3.11/lib/python3.11/site-packages/airflow/example_dags/example_task_group_decorator.py took 0.440 seconds
[2022-12-31T20:56:29.268+0100] {processor.py:153} INFO - Started process (PID=93286) to work on /Library/Frameworks/Python.framework/Versions/3.11/lib/python3.11/site-packages/airflow/example_dags/example_task_group_decorator.py
[2022-12-31T20:56:29.269+0100] {processor.py:743} INFO - Processing file /Library/Frameworks/Python.framework/Versions/3.11/lib/python3.11/site-packages/airflow/example_dags/example_task_group_decorator.py for tasks to queue
[2022-12-31T20:56:29.270+0100] {logging_mixin.py:137} INFO - [2022-12-31T20:56:29.270+0100] {dagbag.py:538} INFO - Filling up the DagBag from /Library/Frameworks/Python.framework/Versions/3.11/lib/python3.11/site-packages/airflow/example_dags/example_task_group_decorator.py
[2022-12-31T20:56:29.300+0100] {processor.py:753} INFO - DAG(s) dict_keys(['example_task_group_decorator']) retrieved from /Library/Frameworks/Python.framework/Versions/3.11/lib/python3.11/site-packages/airflow/example_dags/example_task_group_decorator.py
[2022-12-31T20:56:29.854+0100] {logging_mixin.py:137} INFO - [2022-12-31T20:56:29.854+0100] {dag.py:2676} INFO - Sync 1 DAGs
[2022-12-31T20:56:29.861+0100] {logging_mixin.py:137} INFO - [2022-12-31T20:56:29.861+0100] {dag.py:3423} INFO - Setting next_dagrun for example_task_group_decorator to 2022-12-30T19:56:29.861230+00:00, run_after=2022-12-31T19:56:29.861230+00:00
[2022-12-31T20:56:29.869+0100] {processor.py:175} INFO - Processing /Library/Frameworks/Python.framework/Versions/3.11/lib/python3.11/site-packages/airflow/example_dags/example_task_group_decorator.py took 0.602 seconds
[2022-12-31T20:57:32.966+0100] {processor.py:153} INFO - Started process (PID=93422) to work on /Library/Frameworks/Python.framework/Versions/3.11/lib/python3.11/site-packages/airflow/example_dags/example_task_group_decorator.py
[2022-12-31T20:57:32.970+0100] {processor.py:743} INFO - Processing file /Library/Frameworks/Python.framework/Versions/3.11/lib/python3.11/site-packages/airflow/example_dags/example_task_group_decorator.py for tasks to queue
[2022-12-31T20:57:32.970+0100] {logging_mixin.py:137} INFO - [2022-12-31T20:57:32.970+0100] {dagbag.py:538} INFO - Filling up the DagBag from /Library/Frameworks/Python.framework/Versions/3.11/lib/python3.11/site-packages/airflow/example_dags/example_task_group_decorator.py
[2022-12-31T20:57:32.999+0100] {processor.py:753} INFO - DAG(s) dict_keys(['example_task_group_decorator']) retrieved from /Library/Frameworks/Python.framework/Versions/3.11/lib/python3.11/site-packages/airflow/example_dags/example_task_group_decorator.py
[2022-12-31T20:57:33.436+0100] {logging_mixin.py:137} INFO - [2022-12-31T20:57:33.436+0100] {dag.py:2676} INFO - Sync 1 DAGs
[2022-12-31T20:57:33.441+0100] {logging_mixin.py:137} INFO - [2022-12-31T20:57:33.441+0100] {dag.py:3423} INFO - Setting next_dagrun for example_task_group_decorator to 2022-12-30T19:57:33.441677+00:00, run_after=2022-12-31T19:57:33.441677+00:00
[2022-12-31T20:57:33.449+0100] {processor.py:175} INFO - Processing /Library/Frameworks/Python.framework/Versions/3.11/lib/python3.11/site-packages/airflow/example_dags/example_task_group_decorator.py took 0.484 seconds
[2022-12-31T20:58:33.047+0100] {processor.py:153} INFO - Started process (PID=93564) to work on /Library/Frameworks/Python.framework/Versions/3.11/lib/python3.11/site-packages/airflow/example_dags/example_task_group_decorator.py
[2022-12-31T20:58:33.067+0100] {processor.py:743} INFO - Processing file /Library/Frameworks/Python.framework/Versions/3.11/lib/python3.11/site-packages/airflow/example_dags/example_task_group_decorator.py for tasks to queue
[2022-12-31T20:58:33.067+0100] {logging_mixin.py:137} INFO - [2022-12-31T20:58:33.067+0100] {dagbag.py:538} INFO - Filling up the DagBag from /Library/Frameworks/Python.framework/Versions/3.11/lib/python3.11/site-packages/airflow/example_dags/example_task_group_decorator.py
[2022-12-31T20:58:33.144+0100] {processor.py:753} INFO - DAG(s) dict_keys(['example_task_group_decorator']) retrieved from /Library/Frameworks/Python.framework/Versions/3.11/lib/python3.11/site-packages/airflow/example_dags/example_task_group_decorator.py
[2022-12-31T20:58:33.673+0100] {logging_mixin.py:137} INFO - [2022-12-31T20:58:33.673+0100] {dag.py:2676} INFO - Sync 1 DAGs
[2022-12-31T20:58:33.679+0100] {logging_mixin.py:137} INFO - [2022-12-31T20:58:33.679+0100] {dag.py:3423} INFO - Setting next_dagrun for example_task_group_decorator to 2022-12-30T19:58:33.679042+00:00, run_after=2022-12-31T19:58:33.679042+00:00
[2022-12-31T20:58:33.685+0100] {processor.py:175} INFO - Processing /Library/Frameworks/Python.framework/Versions/3.11/lib/python3.11/site-packages/airflow/example_dags/example_task_group_decorator.py took 0.639 seconds
[2022-12-31T20:59:35.510+0100] {processor.py:153} INFO - Started process (PID=93675) to work on /Library/Frameworks/Python.framework/Versions/3.11/lib/python3.11/site-packages/airflow/example_dags/example_task_group_decorator.py
[2022-12-31T20:59:35.515+0100] {processor.py:743} INFO - Processing file /Library/Frameworks/Python.framework/Versions/3.11/lib/python3.11/site-packages/airflow/example_dags/example_task_group_decorator.py for tasks to queue
[2022-12-31T20:59:35.515+0100] {logging_mixin.py:137} INFO - [2022-12-31T20:59:35.515+0100] {dagbag.py:538} INFO - Filling up the DagBag from /Library/Frameworks/Python.framework/Versions/3.11/lib/python3.11/site-packages/airflow/example_dags/example_task_group_decorator.py
[2022-12-31T20:59:35.552+0100] {processor.py:753} INFO - DAG(s) dict_keys(['example_task_group_decorator']) retrieved from /Library/Frameworks/Python.framework/Versions/3.11/lib/python3.11/site-packages/airflow/example_dags/example_task_group_decorator.py
[2022-12-31T20:59:36.051+0100] {logging_mixin.py:137} INFO - [2022-12-31T20:59:36.051+0100] {dag.py:2676} INFO - Sync 1 DAGs
[2022-12-31T20:59:36.058+0100] {logging_mixin.py:137} INFO - [2022-12-31T20:59:36.058+0100] {dag.py:3423} INFO - Setting next_dagrun for example_task_group_decorator to 2022-12-30T19:59:36.058361+00:00, run_after=2022-12-31T19:59:36.058361+00:00
[2022-12-31T20:59:36.066+0100] {processor.py:175} INFO - Processing /Library/Frameworks/Python.framework/Versions/3.11/lib/python3.11/site-packages/airflow/example_dags/example_task_group_decorator.py took 0.557 seconds
[2022-12-31T21:00:38.574+0100] {processor.py:153} INFO - Started process (PID=93798) to work on /Library/Frameworks/Python.framework/Versions/3.11/lib/python3.11/site-packages/airflow/example_dags/example_task_group_decorator.py
[2022-12-31T21:00:38.579+0100] {processor.py:743} INFO - Processing file /Library/Frameworks/Python.framework/Versions/3.11/lib/python3.11/site-packages/airflow/example_dags/example_task_group_decorator.py for tasks to queue
[2022-12-31T21:00:38.580+0100] {logging_mixin.py:137} INFO - [2022-12-31T21:00:38.580+0100] {dagbag.py:538} INFO - Filling up the DagBag from /Library/Frameworks/Python.framework/Versions/3.11/lib/python3.11/site-packages/airflow/example_dags/example_task_group_decorator.py
[2022-12-31T21:00:38.612+0100] {processor.py:753} INFO - DAG(s) dict_keys(['example_task_group_decorator']) retrieved from /Library/Frameworks/Python.framework/Versions/3.11/lib/python3.11/site-packages/airflow/example_dags/example_task_group_decorator.py
[2022-12-31T21:00:39.112+0100] {logging_mixin.py:137} INFO - [2022-12-31T21:00:39.112+0100] {dag.py:2676} INFO - Sync 1 DAGs
[2022-12-31T21:00:39.121+0100] {logging_mixin.py:137} INFO - [2022-12-31T21:00:39.121+0100] {dag.py:3423} INFO - Setting next_dagrun for example_task_group_decorator to 2022-12-30T20:00:39.121471+00:00, run_after=2022-12-31T20:00:39.121471+00:00
[2022-12-31T21:00:39.132+0100] {processor.py:175} INFO - Processing /Library/Frameworks/Python.framework/Versions/3.11/lib/python3.11/site-packages/airflow/example_dags/example_task_group_decorator.py took 0.560 seconds
[2022-12-31T21:01:38.563+0100] {processor.py:153} INFO - Started process (PID=93953) to work on /Library/Frameworks/Python.framework/Versions/3.11/lib/python3.11/site-packages/airflow/example_dags/example_task_group_decorator.py
[2022-12-31T21:01:38.568+0100] {processor.py:743} INFO - Processing file /Library/Frameworks/Python.framework/Versions/3.11/lib/python3.11/site-packages/airflow/example_dags/example_task_group_decorator.py for tasks to queue
[2022-12-31T21:01:38.568+0100] {logging_mixin.py:137} INFO - [2022-12-31T21:01:38.568+0100] {dagbag.py:538} INFO - Filling up the DagBag from /Library/Frameworks/Python.framework/Versions/3.11/lib/python3.11/site-packages/airflow/example_dags/example_task_group_decorator.py
[2022-12-31T21:01:38.589+0100] {processor.py:753} INFO - DAG(s) dict_keys(['example_task_group_decorator']) retrieved from /Library/Frameworks/Python.framework/Versions/3.11/lib/python3.11/site-packages/airflow/example_dags/example_task_group_decorator.py
[2022-12-31T21:01:39.007+0100] {logging_mixin.py:137} INFO - [2022-12-31T21:01:39.007+0100] {dag.py:2676} INFO - Sync 1 DAGs
[2022-12-31T21:01:39.013+0100] {logging_mixin.py:137} INFO - [2022-12-31T21:01:39.013+0100] {dag.py:3423} INFO - Setting next_dagrun for example_task_group_decorator to 2022-12-30T20:01:39.013043+00:00, run_after=2022-12-31T20:01:39.013043+00:00
[2022-12-31T21:01:39.019+0100] {processor.py:175} INFO - Processing /Library/Frameworks/Python.framework/Versions/3.11/lib/python3.11/site-packages/airflow/example_dags/example_task_group_decorator.py took 0.456 seconds
[2022-12-31T21:02:37.360+0100] {processor.py:153} INFO - Started process (PID=94137) to work on /Library/Frameworks/Python.framework/Versions/3.11/lib/python3.11/site-packages/airflow/example_dags/example_task_group_decorator.py
[2022-12-31T21:02:37.365+0100] {processor.py:743} INFO - Processing file /Library/Frameworks/Python.framework/Versions/3.11/lib/python3.11/site-packages/airflow/example_dags/example_task_group_decorator.py for tasks to queue
[2022-12-31T21:02:37.365+0100] {logging_mixin.py:137} INFO - [2022-12-31T21:02:37.365+0100] {dagbag.py:538} INFO - Filling up the DagBag from /Library/Frameworks/Python.framework/Versions/3.11/lib/python3.11/site-packages/airflow/example_dags/example_task_group_decorator.py
[2022-12-31T21:02:37.386+0100] {processor.py:753} INFO - DAG(s) dict_keys(['example_task_group_decorator']) retrieved from /Library/Frameworks/Python.framework/Versions/3.11/lib/python3.11/site-packages/airflow/example_dags/example_task_group_decorator.py
[2022-12-31T21:02:37.928+0100] {logging_mixin.py:137} INFO - [2022-12-31T21:02:37.928+0100] {dag.py:2676} INFO - Sync 1 DAGs
[2022-12-31T21:02:37.934+0100] {logging_mixin.py:137} INFO - [2022-12-31T21:02:37.934+0100] {dag.py:3423} INFO - Setting next_dagrun for example_task_group_decorator to 2022-12-30T20:02:37.934268+00:00, run_after=2022-12-31T20:02:37.934268+00:00
[2022-12-31T21:02:37.940+0100] {processor.py:175} INFO - Processing /Library/Frameworks/Python.framework/Versions/3.11/lib/python3.11/site-packages/airflow/example_dags/example_task_group_decorator.py took 0.580 seconds
[2022-12-31T21:03:41.841+0100] {processor.py:153} INFO - Started process (PID=94326) to work on /Library/Frameworks/Python.framework/Versions/3.11/lib/python3.11/site-packages/airflow/example_dags/example_task_group_decorator.py
[2022-12-31T21:03:41.847+0100] {processor.py:743} INFO - Processing file /Library/Frameworks/Python.framework/Versions/3.11/lib/python3.11/site-packages/airflow/example_dags/example_task_group_decorator.py for tasks to queue
[2022-12-31T21:03:41.847+0100] {logging_mixin.py:137} INFO - [2022-12-31T21:03:41.847+0100] {dagbag.py:538} INFO - Filling up the DagBag from /Library/Frameworks/Python.framework/Versions/3.11/lib/python3.11/site-packages/airflow/example_dags/example_task_group_decorator.py
[2022-12-31T21:03:41.897+0100] {processor.py:753} INFO - DAG(s) dict_keys(['example_task_group_decorator']) retrieved from /Library/Frameworks/Python.framework/Versions/3.11/lib/python3.11/site-packages/airflow/example_dags/example_task_group_decorator.py
[2022-12-31T21:03:42.387+0100] {logging_mixin.py:137} INFO - [2022-12-31T21:03:42.387+0100] {dag.py:2676} INFO - Sync 1 DAGs
[2022-12-31T21:03:42.394+0100] {logging_mixin.py:137} INFO - [2022-12-31T21:03:42.394+0100] {dag.py:3423} INFO - Setting next_dagrun for example_task_group_decorator to 2022-12-30T20:03:42.394345+00:00, run_after=2022-12-31T20:03:42.394345+00:00
[2022-12-31T21:03:42.401+0100] {processor.py:175} INFO - Processing /Library/Frameworks/Python.framework/Versions/3.11/lib/python3.11/site-packages/airflow/example_dags/example_task_group_decorator.py took 0.561 seconds
[2022-12-31T21:04:45.720+0100] {processor.py:153} INFO - Started process (PID=94448) to work on /Library/Frameworks/Python.framework/Versions/3.11/lib/python3.11/site-packages/airflow/example_dags/example_task_group_decorator.py
[2022-12-31T21:04:45.725+0100] {processor.py:743} INFO - Processing file /Library/Frameworks/Python.framework/Versions/3.11/lib/python3.11/site-packages/airflow/example_dags/example_task_group_decorator.py for tasks to queue
[2022-12-31T21:04:45.725+0100] {logging_mixin.py:137} INFO - [2022-12-31T21:04:45.725+0100] {dagbag.py:538} INFO - Filling up the DagBag from /Library/Frameworks/Python.framework/Versions/3.11/lib/python3.11/site-packages/airflow/example_dags/example_task_group_decorator.py
[2022-12-31T21:04:45.761+0100] {processor.py:753} INFO - DAG(s) dict_keys(['example_task_group_decorator']) retrieved from /Library/Frameworks/Python.framework/Versions/3.11/lib/python3.11/site-packages/airflow/example_dags/example_task_group_decorator.py
[2022-12-31T21:04:46.189+0100] {logging_mixin.py:137} INFO - [2022-12-31T21:04:46.189+0100] {dag.py:2676} INFO - Sync 1 DAGs
[2022-12-31T21:04:46.195+0100] {logging_mixin.py:137} INFO - [2022-12-31T21:04:46.195+0100] {dag.py:3423} INFO - Setting next_dagrun for example_task_group_decorator to 2022-12-30T20:04:46.195410+00:00, run_after=2022-12-31T20:04:46.195410+00:00
[2022-12-31T21:04:46.201+0100] {processor.py:175} INFO - Processing /Library/Frameworks/Python.framework/Versions/3.11/lib/python3.11/site-packages/airflow/example_dags/example_task_group_decorator.py took 0.481 seconds
[2022-12-31T21:05:45.388+0100] {processor.py:153} INFO - Started process (PID=94592) to work on /Library/Frameworks/Python.framework/Versions/3.11/lib/python3.11/site-packages/airflow/example_dags/example_task_group_decorator.py
[2022-12-31T21:05:45.393+0100] {processor.py:743} INFO - Processing file /Library/Frameworks/Python.framework/Versions/3.11/lib/python3.11/site-packages/airflow/example_dags/example_task_group_decorator.py for tasks to queue
[2022-12-31T21:05:45.394+0100] {logging_mixin.py:137} INFO - [2022-12-31T21:05:45.393+0100] {dagbag.py:538} INFO - Filling up the DagBag from /Library/Frameworks/Python.framework/Versions/3.11/lib/python3.11/site-packages/airflow/example_dags/example_task_group_decorator.py
[2022-12-31T21:05:45.476+0100] {processor.py:753} INFO - DAG(s) dict_keys(['example_task_group_decorator']) retrieved from /Library/Frameworks/Python.framework/Versions/3.11/lib/python3.11/site-packages/airflow/example_dags/example_task_group_decorator.py
[2022-12-31T21:05:45.986+0100] {logging_mixin.py:137} INFO - [2022-12-31T21:05:45.985+0100] {dag.py:2676} INFO - Sync 1 DAGs
[2022-12-31T21:05:45.993+0100] {logging_mixin.py:137} INFO - [2022-12-31T21:05:45.993+0100] {dag.py:3423} INFO - Setting next_dagrun for example_task_group_decorator to 2022-12-30T20:05:45.992921+00:00, run_after=2022-12-31T20:05:45.992921+00:00
[2022-12-31T21:05:46.000+0100] {processor.py:175} INFO - Processing /Library/Frameworks/Python.framework/Versions/3.11/lib/python3.11/site-packages/airflow/example_dags/example_task_group_decorator.py took 0.613 seconds
[2022-12-31T21:07:33.246+0100] {processor.py:153} INFO - Started process (PID=94783) to work on /Library/Frameworks/Python.framework/Versions/3.11/lib/python3.11/site-packages/airflow/example_dags/example_task_group_decorator.py
[2022-12-31T21:07:33.251+0100] {processor.py:743} INFO - Processing file /Library/Frameworks/Python.framework/Versions/3.11/lib/python3.11/site-packages/airflow/example_dags/example_task_group_decorator.py for tasks to queue
[2022-12-31T21:07:33.251+0100] {logging_mixin.py:137} INFO - [2022-12-31T21:07:33.251+0100] {dagbag.py:538} INFO - Filling up the DagBag from /Library/Frameworks/Python.framework/Versions/3.11/lib/python3.11/site-packages/airflow/example_dags/example_task_group_decorator.py
[2022-12-31T21:07:33.278+0100] {processor.py:753} INFO - DAG(s) dict_keys(['example_task_group_decorator']) retrieved from /Library/Frameworks/Python.framework/Versions/3.11/lib/python3.11/site-packages/airflow/example_dags/example_task_group_decorator.py
[2022-12-31T21:07:33.691+0100] {logging_mixin.py:137} INFO - [2022-12-31T21:07:33.691+0100] {dag.py:2676} INFO - Sync 1 DAGs
[2022-12-31T21:07:33.696+0100] {logging_mixin.py:137} INFO - [2022-12-31T21:07:33.696+0100] {dag.py:3423} INFO - Setting next_dagrun for example_task_group_decorator to 2022-12-30T20:07:33.696819+00:00, run_after=2022-12-31T20:07:33.696819+00:00
[2022-12-31T21:07:33.703+0100] {processor.py:175} INFO - Processing /Library/Frameworks/Python.framework/Versions/3.11/lib/python3.11/site-packages/airflow/example_dags/example_task_group_decorator.py took 0.458 seconds
[2022-12-31T21:09:32.017+0100] {processor.py:153} INFO - Started process (PID=95101) to work on /Library/Frameworks/Python.framework/Versions/3.11/lib/python3.11/site-packages/airflow/example_dags/example_task_group_decorator.py
[2022-12-31T21:09:32.020+0100] {processor.py:743} INFO - Processing file /Library/Frameworks/Python.framework/Versions/3.11/lib/python3.11/site-packages/airflow/example_dags/example_task_group_decorator.py for tasks to queue
[2022-12-31T21:09:32.020+0100] {logging_mixin.py:137} INFO - [2022-12-31T21:09:32.020+0100] {dagbag.py:538} INFO - Filling up the DagBag from /Library/Frameworks/Python.framework/Versions/3.11/lib/python3.11/site-packages/airflow/example_dags/example_task_group_decorator.py
[2022-12-31T21:09:32.074+0100] {processor.py:753} INFO - DAG(s) dict_keys(['example_task_group_decorator']) retrieved from /Library/Frameworks/Python.framework/Versions/3.11/lib/python3.11/site-packages/airflow/example_dags/example_task_group_decorator.py
[2022-12-31T21:09:32.557+0100] {logging_mixin.py:137} INFO - [2022-12-31T21:09:32.557+0100] {dag.py:2676} INFO - Sync 1 DAGs
[2022-12-31T21:09:32.563+0100] {logging_mixin.py:137} INFO - [2022-12-31T21:09:32.563+0100] {dag.py:3423} INFO - Setting next_dagrun for example_task_group_decorator to 2022-12-30T20:09:32.563385+00:00, run_after=2022-12-31T20:09:32.563385+00:00
[2022-12-31T21:09:32.572+0100] {processor.py:175} INFO - Processing /Library/Frameworks/Python.framework/Versions/3.11/lib/python3.11/site-packages/airflow/example_dags/example_task_group_decorator.py took 0.555 seconds
[2022-12-31T21:10:33.272+0100] {processor.py:153} INFO - Started process (PID=95248) to work on /Library/Frameworks/Python.framework/Versions/3.11/lib/python3.11/site-packages/airflow/example_dags/example_task_group_decorator.py
[2022-12-31T21:10:33.277+0100] {processor.py:743} INFO - Processing file /Library/Frameworks/Python.framework/Versions/3.11/lib/python3.11/site-packages/airflow/example_dags/example_task_group_decorator.py for tasks to queue
[2022-12-31T21:10:33.277+0100] {logging_mixin.py:137} INFO - [2022-12-31T21:10:33.277+0100] {dagbag.py:538} INFO - Filling up the DagBag from /Library/Frameworks/Python.framework/Versions/3.11/lib/python3.11/site-packages/airflow/example_dags/example_task_group_decorator.py
[2022-12-31T21:10:33.308+0100] {processor.py:753} INFO - DAG(s) dict_keys(['example_task_group_decorator']) retrieved from /Library/Frameworks/Python.framework/Versions/3.11/lib/python3.11/site-packages/airflow/example_dags/example_task_group_decorator.py
[2022-12-31T21:10:33.724+0100] {logging_mixin.py:137} INFO - [2022-12-31T21:10:33.723+0100] {dag.py:2676} INFO - Sync 1 DAGs
[2022-12-31T21:10:33.729+0100] {logging_mixin.py:137} INFO - [2022-12-31T21:10:33.729+0100] {dag.py:3423} INFO - Setting next_dagrun for example_task_group_decorator to 2022-12-30T20:10:33.729381+00:00, run_after=2022-12-31T20:10:33.729381+00:00
[2022-12-31T21:10:33.735+0100] {processor.py:175} INFO - Processing /Library/Frameworks/Python.framework/Versions/3.11/lib/python3.11/site-packages/airflow/example_dags/example_task_group_decorator.py took 0.464 seconds
[2022-12-31T21:11:36.839+0100] {processor.py:153} INFO - Started process (PID=95445) to work on /Library/Frameworks/Python.framework/Versions/3.11/lib/python3.11/site-packages/airflow/example_dags/example_task_group_decorator.py
[2022-12-31T21:11:36.845+0100] {processor.py:743} INFO - Processing file /Library/Frameworks/Python.framework/Versions/3.11/lib/python3.11/site-packages/airflow/example_dags/example_task_group_decorator.py for tasks to queue
[2022-12-31T21:11:36.845+0100] {logging_mixin.py:137} INFO - [2022-12-31T21:11:36.845+0100] {dagbag.py:538} INFO - Filling up the DagBag from /Library/Frameworks/Python.framework/Versions/3.11/lib/python3.11/site-packages/airflow/example_dags/example_task_group_decorator.py
[2022-12-31T21:11:36.881+0100] {processor.py:753} INFO - DAG(s) dict_keys(['example_task_group_decorator']) retrieved from /Library/Frameworks/Python.framework/Versions/3.11/lib/python3.11/site-packages/airflow/example_dags/example_task_group_decorator.py
[2022-12-31T21:11:37.474+0100] {logging_mixin.py:137} INFO - [2022-12-31T21:11:37.474+0100] {dag.py:2676} INFO - Sync 1 DAGs
[2022-12-31T21:11:37.484+0100] {logging_mixin.py:137} INFO - [2022-12-31T21:11:37.484+0100] {dag.py:3423} INFO - Setting next_dagrun for example_task_group_decorator to 2022-12-30T20:11:37.484528+00:00, run_after=2022-12-31T20:11:37.484528+00:00
[2022-12-31T21:11:37.492+0100] {processor.py:175} INFO - Processing /Library/Frameworks/Python.framework/Versions/3.11/lib/python3.11/site-packages/airflow/example_dags/example_task_group_decorator.py took 0.656 seconds
[2022-12-31T21:12:36.691+0100] {processor.py:153} INFO - Started process (PID=95561) to work on /Library/Frameworks/Python.framework/Versions/3.11/lib/python3.11/site-packages/airflow/example_dags/example_task_group_decorator.py
[2022-12-31T21:12:36.700+0100] {processor.py:743} INFO - Processing file /Library/Frameworks/Python.framework/Versions/3.11/lib/python3.11/site-packages/airflow/example_dags/example_task_group_decorator.py for tasks to queue
[2022-12-31T21:12:36.700+0100] {logging_mixin.py:137} INFO - [2022-12-31T21:12:36.700+0100] {dagbag.py:538} INFO - Filling up the DagBag from /Library/Frameworks/Python.framework/Versions/3.11/lib/python3.11/site-packages/airflow/example_dags/example_task_group_decorator.py
[2022-12-31T21:12:36.723+0100] {processor.py:753} INFO - DAG(s) dict_keys(['example_task_group_decorator']) retrieved from /Library/Frameworks/Python.framework/Versions/3.11/lib/python3.11/site-packages/airflow/example_dags/example_task_group_decorator.py
[2022-12-31T21:12:37.228+0100] {logging_mixin.py:137} INFO - [2022-12-31T21:12:37.228+0100] {dag.py:2676} INFO - Sync 1 DAGs
[2022-12-31T21:12:37.237+0100] {logging_mixin.py:137} INFO - [2022-12-31T21:12:37.237+0100] {dag.py:3423} INFO - Setting next_dagrun for example_task_group_decorator to 2022-12-30T20:12:37.236941+00:00, run_after=2022-12-31T20:12:37.236941+00:00
[2022-12-31T21:12:37.245+0100] {processor.py:175} INFO - Processing /Library/Frameworks/Python.framework/Versions/3.11/lib/python3.11/site-packages/airflow/example_dags/example_task_group_decorator.py took 0.555 seconds
[2022-12-31T21:13:46.639+0100] {processor.py:153} INFO - Started process (PID=95715) to work on /Library/Frameworks/Python.framework/Versions/3.11/lib/python3.11/site-packages/airflow/example_dags/example_task_group_decorator.py
[2022-12-31T21:13:46.644+0100] {processor.py:743} INFO - Processing file /Library/Frameworks/Python.framework/Versions/3.11/lib/python3.11/site-packages/airflow/example_dags/example_task_group_decorator.py for tasks to queue
[2022-12-31T21:13:46.644+0100] {logging_mixin.py:137} INFO - [2022-12-31T21:13:46.644+0100] {dagbag.py:538} INFO - Filling up the DagBag from /Library/Frameworks/Python.framework/Versions/3.11/lib/python3.11/site-packages/airflow/example_dags/example_task_group_decorator.py
[2022-12-31T21:13:46.666+0100] {processor.py:753} INFO - DAG(s) dict_keys(['example_task_group_decorator']) retrieved from /Library/Frameworks/Python.framework/Versions/3.11/lib/python3.11/site-packages/airflow/example_dags/example_task_group_decorator.py
[2022-12-31T21:13:47.083+0100] {logging_mixin.py:137} INFO - [2022-12-31T21:13:47.083+0100] {dag.py:2676} INFO - Sync 1 DAGs
[2022-12-31T21:13:47.090+0100] {logging_mixin.py:137} INFO - [2022-12-31T21:13:47.090+0100] {dag.py:3423} INFO - Setting next_dagrun for example_task_group_decorator to 2022-12-30T20:13:47.090118+00:00, run_after=2022-12-31T20:13:47.090118+00:00
[2022-12-31T21:13:47.096+0100] {processor.py:175} INFO - Processing /Library/Frameworks/Python.framework/Versions/3.11/lib/python3.11/site-packages/airflow/example_dags/example_task_group_decorator.py took 0.458 seconds
[2022-12-31T21:14:47.362+0100] {processor.py:153} INFO - Started process (PID=95819) to work on /Library/Frameworks/Python.framework/Versions/3.11/lib/python3.11/site-packages/airflow/example_dags/example_task_group_decorator.py
[2022-12-31T21:14:47.366+0100] {processor.py:743} INFO - Processing file /Library/Frameworks/Python.framework/Versions/3.11/lib/python3.11/site-packages/airflow/example_dags/example_task_group_decorator.py for tasks to queue
[2022-12-31T21:14:47.366+0100] {logging_mixin.py:137} INFO - [2022-12-31T21:14:47.366+0100] {dagbag.py:538} INFO - Filling up the DagBag from /Library/Frameworks/Python.framework/Versions/3.11/lib/python3.11/site-packages/airflow/example_dags/example_task_group_decorator.py
[2022-12-31T21:14:47.394+0100] {processor.py:753} INFO - DAG(s) dict_keys(['example_task_group_decorator']) retrieved from /Library/Frameworks/Python.framework/Versions/3.11/lib/python3.11/site-packages/airflow/example_dags/example_task_group_decorator.py
[2022-12-31T21:14:47.819+0100] {logging_mixin.py:137} INFO - [2022-12-31T21:14:47.819+0100] {dag.py:2676} INFO - Sync 1 DAGs
[2022-12-31T21:14:47.825+0100] {logging_mixin.py:137} INFO - [2022-12-31T21:14:47.824+0100] {dag.py:3423} INFO - Setting next_dagrun for example_task_group_decorator to 2022-12-30T20:14:47.824888+00:00, run_after=2022-12-31T20:14:47.824888+00:00
[2022-12-31T21:14:47.832+0100] {processor.py:175} INFO - Processing /Library/Frameworks/Python.framework/Versions/3.11/lib/python3.11/site-packages/airflow/example_dags/example_task_group_decorator.py took 0.471 seconds
[2022-12-31T21:16:38.885+0100] {processor.py:153} INFO - Started process (PID=96096) to work on /Library/Frameworks/Python.framework/Versions/3.11/lib/python3.11/site-packages/airflow/example_dags/example_task_group_decorator.py
[2022-12-31T21:16:38.889+0100] {processor.py:743} INFO - Processing file /Library/Frameworks/Python.framework/Versions/3.11/lib/python3.11/site-packages/airflow/example_dags/example_task_group_decorator.py for tasks to queue
[2022-12-31T21:16:38.889+0100] {logging_mixin.py:137} INFO - [2022-12-31T21:16:38.889+0100] {dagbag.py:538} INFO - Filling up the DagBag from /Library/Frameworks/Python.framework/Versions/3.11/lib/python3.11/site-packages/airflow/example_dags/example_task_group_decorator.py
[2022-12-31T21:16:38.919+0100] {processor.py:753} INFO - DAG(s) dict_keys(['example_task_group_decorator']) retrieved from /Library/Frameworks/Python.framework/Versions/3.11/lib/python3.11/site-packages/airflow/example_dags/example_task_group_decorator.py
[2022-12-31T21:16:39.331+0100] {logging_mixin.py:137} INFO - [2022-12-31T21:16:39.330+0100] {dag.py:2676} INFO - Sync 1 DAGs
[2022-12-31T21:16:39.336+0100] {logging_mixin.py:137} INFO - [2022-12-31T21:16:39.336+0100] {dag.py:3423} INFO - Setting next_dagrun for example_task_group_decorator to 2022-12-30T20:16:39.336292+00:00, run_after=2022-12-31T20:16:39.336292+00:00
[2022-12-31T21:16:39.343+0100] {processor.py:175} INFO - Processing /Library/Frameworks/Python.framework/Versions/3.11/lib/python3.11/site-packages/airflow/example_dags/example_task_group_decorator.py took 0.459 seconds
[2022-12-31T21:18:24.359+0100] {processor.py:153} INFO - Started process (PID=96320) to work on /Library/Frameworks/Python.framework/Versions/3.11/lib/python3.11/site-packages/airflow/example_dags/example_task_group_decorator.py
[2022-12-31T21:18:24.364+0100] {processor.py:743} INFO - Processing file /Library/Frameworks/Python.framework/Versions/3.11/lib/python3.11/site-packages/airflow/example_dags/example_task_group_decorator.py for tasks to queue
[2022-12-31T21:18:24.365+0100] {logging_mixin.py:137} INFO - [2022-12-31T21:18:24.365+0100] {dagbag.py:538} INFO - Filling up the DagBag from /Library/Frameworks/Python.framework/Versions/3.11/lib/python3.11/site-packages/airflow/example_dags/example_task_group_decorator.py
[2022-12-31T21:18:24.386+0100] {processor.py:753} INFO - DAG(s) dict_keys(['example_task_group_decorator']) retrieved from /Library/Frameworks/Python.framework/Versions/3.11/lib/python3.11/site-packages/airflow/example_dags/example_task_group_decorator.py
[2022-12-31T21:18:24.812+0100] {logging_mixin.py:137} INFO - [2022-12-31T21:18:24.812+0100] {dag.py:2676} INFO - Sync 1 DAGs
[2022-12-31T21:18:24.818+0100] {logging_mixin.py:137} INFO - [2022-12-31T21:18:24.818+0100] {dag.py:3423} INFO - Setting next_dagrun for example_task_group_decorator to 2022-12-30T20:18:24.817988+00:00, run_after=2022-12-31T20:18:24.817988+00:00
[2022-12-31T21:18:24.824+0100] {processor.py:175} INFO - Processing /Library/Frameworks/Python.framework/Versions/3.11/lib/python3.11/site-packages/airflow/example_dags/example_task_group_decorator.py took 0.466 seconds
[2022-12-31T21:20:25.212+0100] {processor.py:153} INFO - Started process (PID=96554) to work on /Library/Frameworks/Python.framework/Versions/3.11/lib/python3.11/site-packages/airflow/example_dags/example_task_group_decorator.py
[2022-12-31T21:20:25.214+0100] {processor.py:743} INFO - Processing file /Library/Frameworks/Python.framework/Versions/3.11/lib/python3.11/site-packages/airflow/example_dags/example_task_group_decorator.py for tasks to queue
[2022-12-31T21:20:25.214+0100] {logging_mixin.py:137} INFO - [2022-12-31T21:20:25.214+0100] {dagbag.py:538} INFO - Filling up the DagBag from /Library/Frameworks/Python.framework/Versions/3.11/lib/python3.11/site-packages/airflow/example_dags/example_task_group_decorator.py
[2022-12-31T21:20:25.244+0100] {processor.py:753} INFO - DAG(s) dict_keys(['example_task_group_decorator']) retrieved from /Library/Frameworks/Python.framework/Versions/3.11/lib/python3.11/site-packages/airflow/example_dags/example_task_group_decorator.py
[2022-12-31T21:20:25.640+0100] {logging_mixin.py:137} INFO - [2022-12-31T21:20:25.640+0100] {dag.py:2676} INFO - Sync 1 DAGs
[2022-12-31T21:20:25.646+0100] {logging_mixin.py:137} INFO - [2022-12-31T21:20:25.646+0100] {dag.py:3423} INFO - Setting next_dagrun for example_task_group_decorator to 2022-12-30T20:20:25.646057+00:00, run_after=2022-12-31T20:20:25.646057+00:00
[2022-12-31T21:20:25.652+0100] {processor.py:175} INFO - Processing /Library/Frameworks/Python.framework/Versions/3.11/lib/python3.11/site-packages/airflow/example_dags/example_task_group_decorator.py took 0.441 seconds
[2022-12-31T21:22:20.796+0100] {processor.py:153} INFO - Started process (PID=96756) to work on /Library/Frameworks/Python.framework/Versions/3.11/lib/python3.11/site-packages/airflow/example_dags/example_task_group_decorator.py
[2022-12-31T21:22:20.800+0100] {processor.py:743} INFO - Processing file /Library/Frameworks/Python.framework/Versions/3.11/lib/python3.11/site-packages/airflow/example_dags/example_task_group_decorator.py for tasks to queue
[2022-12-31T21:22:20.800+0100] {logging_mixin.py:137} INFO - [2022-12-31T21:22:20.800+0100] {dagbag.py:538} INFO - Filling up the DagBag from /Library/Frameworks/Python.framework/Versions/3.11/lib/python3.11/site-packages/airflow/example_dags/example_task_group_decorator.py
[2022-12-31T21:22:20.853+0100] {processor.py:753} INFO - DAG(s) dict_keys(['example_task_group_decorator']) retrieved from /Library/Frameworks/Python.framework/Versions/3.11/lib/python3.11/site-packages/airflow/example_dags/example_task_group_decorator.py
[2022-12-31T21:22:21.438+0100] {logging_mixin.py:137} INFO - [2022-12-31T21:22:21.438+0100] {dag.py:2676} INFO - Sync 1 DAGs
[2022-12-31T21:22:21.447+0100] {logging_mixin.py:137} INFO - [2022-12-31T21:22:21.447+0100] {dag.py:3423} INFO - Setting next_dagrun for example_task_group_decorator to 2022-12-30T20:22:21.447421+00:00, run_after=2022-12-31T20:22:21.447421+00:00
[2022-12-31T21:22:21.460+0100] {processor.py:175} INFO - Processing /Library/Frameworks/Python.framework/Versions/3.11/lib/python3.11/site-packages/airflow/example_dags/example_task_group_decorator.py took 0.665 seconds
[2022-12-31T21:24:21.211+0100] {processor.py:153} INFO - Started process (PID=96965) to work on /Library/Frameworks/Python.framework/Versions/3.11/lib/python3.11/site-packages/airflow/example_dags/example_task_group_decorator.py
[2022-12-31T21:24:21.217+0100] {processor.py:743} INFO - Processing file /Library/Frameworks/Python.framework/Versions/3.11/lib/python3.11/site-packages/airflow/example_dags/example_task_group_decorator.py for tasks to queue
[2022-12-31T21:24:21.217+0100] {logging_mixin.py:137} INFO - [2022-12-31T21:24:21.217+0100] {dagbag.py:538} INFO - Filling up the DagBag from /Library/Frameworks/Python.framework/Versions/3.11/lib/python3.11/site-packages/airflow/example_dags/example_task_group_decorator.py
[2022-12-31T21:24:21.239+0100] {processor.py:753} INFO - DAG(s) dict_keys(['example_task_group_decorator']) retrieved from /Library/Frameworks/Python.framework/Versions/3.11/lib/python3.11/site-packages/airflow/example_dags/example_task_group_decorator.py
[2022-12-31T21:24:21.652+0100] {logging_mixin.py:137} INFO - [2022-12-31T21:24:21.652+0100] {dag.py:2676} INFO - Sync 1 DAGs
[2022-12-31T21:24:21.659+0100] {logging_mixin.py:137} INFO - [2022-12-31T21:24:21.659+0100] {dag.py:3423} INFO - Setting next_dagrun for example_task_group_decorator to 2022-12-30T20:24:21.659086+00:00, run_after=2022-12-31T20:24:21.659086+00:00
[2022-12-31T21:24:21.665+0100] {processor.py:175} INFO - Processing /Library/Frameworks/Python.framework/Versions/3.11/lib/python3.11/site-packages/airflow/example_dags/example_task_group_decorator.py took 0.455 seconds
[2022-12-31T21:26:12.565+0100] {processor.py:153} INFO - Started process (PID=97176) to work on /Library/Frameworks/Python.framework/Versions/3.11/lib/python3.11/site-packages/airflow/example_dags/example_task_group_decorator.py
[2022-12-31T21:26:12.571+0100] {processor.py:743} INFO - Processing file /Library/Frameworks/Python.framework/Versions/3.11/lib/python3.11/site-packages/airflow/example_dags/example_task_group_decorator.py for tasks to queue
[2022-12-31T21:26:12.571+0100] {logging_mixin.py:137} INFO - [2022-12-31T21:26:12.571+0100] {dagbag.py:538} INFO - Filling up the DagBag from /Library/Frameworks/Python.framework/Versions/3.11/lib/python3.11/site-packages/airflow/example_dags/example_task_group_decorator.py
[2022-12-31T21:26:12.597+0100] {processor.py:753} INFO - DAG(s) dict_keys(['example_task_group_decorator']) retrieved from /Library/Frameworks/Python.framework/Versions/3.11/lib/python3.11/site-packages/airflow/example_dags/example_task_group_decorator.py
[2022-12-31T21:26:13.049+0100] {logging_mixin.py:137} INFO - [2022-12-31T21:26:13.049+0100] {dag.py:2676} INFO - Sync 1 DAGs
[2022-12-31T21:26:13.055+0100] {logging_mixin.py:137} INFO - [2022-12-31T21:26:13.055+0100] {dag.py:3423} INFO - Setting next_dagrun for example_task_group_decorator to 2022-12-30T20:26:13.055551+00:00, run_after=2022-12-31T20:26:13.055551+00:00
[2022-12-31T21:26:13.062+0100] {processor.py:175} INFO - Processing /Library/Frameworks/Python.framework/Versions/3.11/lib/python3.11/site-packages/airflow/example_dags/example_task_group_decorator.py took 0.498 seconds
[2022-12-31T21:28:08.721+0100] {processor.py:153} INFO - Started process (PID=97386) to work on /Library/Frameworks/Python.framework/Versions/3.11/lib/python3.11/site-packages/airflow/example_dags/example_task_group_decorator.py
[2022-12-31T21:28:08.727+0100] {processor.py:743} INFO - Processing file /Library/Frameworks/Python.framework/Versions/3.11/lib/python3.11/site-packages/airflow/example_dags/example_task_group_decorator.py for tasks to queue
[2022-12-31T21:28:08.727+0100] {logging_mixin.py:137} INFO - [2022-12-31T21:28:08.727+0100] {dagbag.py:538} INFO - Filling up the DagBag from /Library/Frameworks/Python.framework/Versions/3.11/lib/python3.11/site-packages/airflow/example_dags/example_task_group_decorator.py
[2022-12-31T21:28:08.749+0100] {processor.py:753} INFO - DAG(s) dict_keys(['example_task_group_decorator']) retrieved from /Library/Frameworks/Python.framework/Versions/3.11/lib/python3.11/site-packages/airflow/example_dags/example_task_group_decorator.py
[2022-12-31T21:28:09.295+0100] {logging_mixin.py:137} INFO - [2022-12-31T21:28:09.295+0100] {dag.py:2676} INFO - Sync 1 DAGs
[2022-12-31T21:28:09.303+0100] {logging_mixin.py:137} INFO - [2022-12-31T21:28:09.303+0100] {dag.py:3423} INFO - Setting next_dagrun for example_task_group_decorator to 2022-12-30T20:28:09.302982+00:00, run_after=2022-12-31T20:28:09.302982+00:00
[2022-12-31T21:28:09.311+0100] {processor.py:175} INFO - Processing /Library/Frameworks/Python.framework/Versions/3.11/lib/python3.11/site-packages/airflow/example_dags/example_task_group_decorator.py took 0.590 seconds
