[2022-12-31T20:29:48.082+0100] {processor.py:153} INFO - Started process (PID=90221) to work on /Library/Frameworks/Python.framework/Versions/3.11/lib/python3.11/site-packages/airflow/example_dags/example_datasets.py
[2022-12-31T20:29:48.086+0100] {processor.py:743} INFO - Processing file /Library/Frameworks/Python.framework/Versions/3.11/lib/python3.11/site-packages/airflow/example_dags/example_datasets.py for tasks to queue
[2022-12-31T20:29:48.086+0100] {logging_mixin.py:137} INFO - [2022-12-31T20:29:48.086+0100] {dagbag.py:538} INFO - Filling up the DagBag from /Library/Frameworks/Python.framework/Versions/3.11/lib/python3.11/site-packages/airflow/example_dags/example_datasets.py
[2022-12-31T20:29:48.120+0100] {processor.py:753} INFO - DAG(s) dict_keys(['dataset_consumes_1_and_2', 'dataset_consumes_unknown_never_scheduled', 'dataset_consumes_1', 'dataset_consumes_1_never_scheduled', 'dataset_produces_1', 'dataset_produces_2']) retrieved from /Library/Frameworks/Python.framework/Versions/3.11/lib/python3.11/site-packages/airflow/example_dags/example_datasets.py
[2022-12-31T20:29:48.578+0100] {logging_mixin.py:137} INFO - [2022-12-31T20:29:48.578+0100] {manager.py:504} INFO - Created Permission View: can delete on DAG:dataset_consumes_1_and_2
[2022-12-31T20:29:48.580+0100] {logging_mixin.py:137} INFO - [2022-12-31T20:29:48.580+0100] {manager.py:504} INFO - Created Permission View: can read on DAG:dataset_consumes_1_and_2
[2022-12-31T20:29:48.582+0100] {logging_mixin.py:137} INFO - [2022-12-31T20:29:48.582+0100] {manager.py:504} INFO - Created Permission View: can edit on DAG:dataset_consumes_1_and_2
[2022-12-31T20:29:48.586+0100] {logging_mixin.py:137} INFO - [2022-12-31T20:29:48.586+0100] {manager.py:504} INFO - Created Permission View: can delete on DAG:dataset_consumes_unknown_never_scheduled
[2022-12-31T20:29:48.588+0100] {logging_mixin.py:137} INFO - [2022-12-31T20:29:48.588+0100] {manager.py:504} INFO - Created Permission View: can read on DAG:dataset_consumes_unknown_never_scheduled
[2022-12-31T20:29:48.589+0100] {logging_mixin.py:137} INFO - [2022-12-31T20:29:48.589+0100] {manager.py:504} INFO - Created Permission View: can edit on DAG:dataset_consumes_unknown_never_scheduled
[2022-12-31T20:29:48.593+0100] {logging_mixin.py:137} INFO - [2022-12-31T20:29:48.593+0100] {manager.py:504} INFO - Created Permission View: can delete on DAG:dataset_consumes_1
[2022-12-31T20:29:48.594+0100] {logging_mixin.py:137} INFO - [2022-12-31T20:29:48.594+0100] {manager.py:504} INFO - Created Permission View: can read on DAG:dataset_consumes_1
[2022-12-31T20:29:48.596+0100] {logging_mixin.py:137} INFO - [2022-12-31T20:29:48.596+0100] {manager.py:504} INFO - Created Permission View: can edit on DAG:dataset_consumes_1
[2022-12-31T20:29:48.599+0100] {logging_mixin.py:137} INFO - [2022-12-31T20:29:48.599+0100] {manager.py:504} INFO - Created Permission View: can delete on DAG:dataset_consumes_1_never_scheduled
[2022-12-31T20:29:48.601+0100] {logging_mixin.py:137} INFO - [2022-12-31T20:29:48.601+0100] {manager.py:504} INFO - Created Permission View: can read on DAG:dataset_consumes_1_never_scheduled
[2022-12-31T20:29:48.602+0100] {logging_mixin.py:137} INFO - [2022-12-31T20:29:48.602+0100] {manager.py:504} INFO - Created Permission View: can edit on DAG:dataset_consumes_1_never_scheduled
[2022-12-31T20:29:48.606+0100] {logging_mixin.py:137} INFO - [2022-12-31T20:29:48.606+0100] {manager.py:504} INFO - Created Permission View: can delete on DAG:dataset_produces_1
[2022-12-31T20:29:48.608+0100] {logging_mixin.py:137} INFO - [2022-12-31T20:29:48.608+0100] {manager.py:504} INFO - Created Permission View: can read on DAG:dataset_produces_1
[2022-12-31T20:29:48.609+0100] {logging_mixin.py:137} INFO - [2022-12-31T20:29:48.609+0100] {manager.py:504} INFO - Created Permission View: can edit on DAG:dataset_produces_1
[2022-12-31T20:29:48.613+0100] {logging_mixin.py:137} INFO - [2022-12-31T20:29:48.613+0100] {manager.py:504} INFO - Created Permission View: can delete on DAG:dataset_produces_2
[2022-12-31T20:29:48.615+0100] {logging_mixin.py:137} INFO - [2022-12-31T20:29:48.615+0100] {manager.py:504} INFO - Created Permission View: can read on DAG:dataset_produces_2
[2022-12-31T20:29:48.617+0100] {logging_mixin.py:137} INFO - [2022-12-31T20:29:48.617+0100] {manager.py:504} INFO - Created Permission View: can edit on DAG:dataset_produces_2
[2022-12-31T20:29:48.617+0100] {logging_mixin.py:137} INFO - [2022-12-31T20:29:48.617+0100] {dag.py:2676} INFO - Sync 6 DAGs
[2022-12-31T20:29:48.620+0100] {logging_mixin.py:137} INFO - [2022-12-31T20:29:48.620+0100] {dag.py:2697} INFO - Creating ORM DAG for dataset_produces_2
[2022-12-31T20:29:48.620+0100] {logging_mixin.py:137} INFO - [2022-12-31T20:29:48.620+0100] {dag.py:2697} INFO - Creating ORM DAG for dataset_consumes_1_and_2
[2022-12-31T20:29:48.620+0100] {logging_mixin.py:137} INFO - [2022-12-31T20:29:48.620+0100] {dag.py:2697} INFO - Creating ORM DAG for dataset_consumes_1
[2022-12-31T20:29:48.621+0100] {logging_mixin.py:137} INFO - [2022-12-31T20:29:48.621+0100] {dag.py:2697} INFO - Creating ORM DAG for dataset_produces_1
[2022-12-31T20:29:48.621+0100] {logging_mixin.py:137} INFO - [2022-12-31T20:29:48.621+0100] {dag.py:2697} INFO - Creating ORM DAG for dataset_consumes_1_never_scheduled
[2022-12-31T20:29:48.621+0100] {logging_mixin.py:137} INFO - [2022-12-31T20:29:48.621+0100] {dag.py:2697} INFO - Creating ORM DAG for dataset_consumes_unknown_never_scheduled
[2022-12-31T20:29:48.623+0100] {logging_mixin.py:137} INFO - [2022-12-31T20:29:48.623+0100] {dag.py:3423} INFO - Setting next_dagrun for dataset_consumes_1 to None, run_after=None
[2022-12-31T20:29:48.624+0100] {logging_mixin.py:137} INFO - [2022-12-31T20:29:48.624+0100] {dag.py:3423} INFO - Setting next_dagrun for dataset_consumes_1_and_2 to None, run_after=None
[2022-12-31T20:29:48.624+0100] {logging_mixin.py:137} INFO - [2022-12-31T20:29:48.624+0100] {dag.py:3423} INFO - Setting next_dagrun for dataset_consumes_1_never_scheduled to None, run_after=None
[2022-12-31T20:29:48.624+0100] {logging_mixin.py:137} INFO - [2022-12-31T20:29:48.624+0100] {dag.py:3423} INFO - Setting next_dagrun for dataset_consumes_unknown_never_scheduled to None, run_after=None
[2022-12-31T20:29:48.624+0100] {logging_mixin.py:137} INFO - [2022-12-31T20:29:48.624+0100] {dag.py:3423} INFO - Setting next_dagrun for dataset_produces_1 to 2022-12-30T00:00:00+00:00, run_after=2022-12-31T00:00:00+00:00
[2022-12-31T20:29:48.625+0100] {logging_mixin.py:137} INFO - [2022-12-31T20:29:48.625+0100] {dag.py:3423} INFO - Setting next_dagrun for dataset_produces_2 to None, run_after=None
[2022-12-31T20:29:48.635+0100] {processor.py:175} INFO - Processing /Library/Frameworks/Python.framework/Versions/3.11/lib/python3.11/site-packages/airflow/example_dags/example_datasets.py took 0.554 seconds
[2022-12-31T20:31:39.895+0100] {processor.py:153} INFO - Started process (PID=90445) to work on /Library/Frameworks/Python.framework/Versions/3.11/lib/python3.11/site-packages/airflow/example_dags/example_datasets.py
[2022-12-31T20:31:39.900+0100] {processor.py:743} INFO - Processing file /Library/Frameworks/Python.framework/Versions/3.11/lib/python3.11/site-packages/airflow/example_dags/example_datasets.py for tasks to queue
[2022-12-31T20:31:39.900+0100] {logging_mixin.py:137} INFO - [2022-12-31T20:31:39.900+0100] {dagbag.py:538} INFO - Filling up the DagBag from /Library/Frameworks/Python.framework/Versions/3.11/lib/python3.11/site-packages/airflow/example_dags/example_datasets.py
[2022-12-31T20:31:39.913+0100] {processor.py:753} INFO - DAG(s) dict_keys(['dataset_produces_1', 'dataset_produces_2', 'dataset_consumes_1_and_2', 'dataset_consumes_1', 'dataset_consumes_unknown_never_scheduled', 'dataset_consumes_1_never_scheduled']) retrieved from /Library/Frameworks/Python.framework/Versions/3.11/lib/python3.11/site-packages/airflow/example_dags/example_datasets.py
[2022-12-31T20:31:40.326+0100] {logging_mixin.py:137} INFO - [2022-12-31T20:31:40.326+0100] {dag.py:2676} INFO - Sync 6 DAGs
[2022-12-31T20:31:40.331+0100] {logging_mixin.py:137} INFO - [2022-12-31T20:31:40.331+0100] {dag.py:3423} INFO - Setting next_dagrun for dataset_consumes_1 to None, run_after=None
[2022-12-31T20:31:40.332+0100] {logging_mixin.py:137} INFO - [2022-12-31T20:31:40.332+0100] {dag.py:3423} INFO - Setting next_dagrun for dataset_consumes_1_and_2 to None, run_after=None
[2022-12-31T20:31:40.332+0100] {logging_mixin.py:137} INFO - [2022-12-31T20:31:40.332+0100] {dag.py:3423} INFO - Setting next_dagrun for dataset_consumes_1_never_scheduled to None, run_after=None
[2022-12-31T20:31:40.333+0100] {logging_mixin.py:137} INFO - [2022-12-31T20:31:40.333+0100] {dag.py:3423} INFO - Setting next_dagrun for dataset_consumes_unknown_never_scheduled to None, run_after=None
[2022-12-31T20:31:40.333+0100] {logging_mixin.py:137} INFO - [2022-12-31T20:31:40.333+0100] {dag.py:3423} INFO - Setting next_dagrun for dataset_produces_1 to 2022-12-30T00:00:00+00:00, run_after=2022-12-31T00:00:00+00:00
[2022-12-31T20:31:40.334+0100] {logging_mixin.py:137} INFO - [2022-12-31T20:31:40.334+0100] {dag.py:3423} INFO - Setting next_dagrun for dataset_produces_2 to None, run_after=None
[2022-12-31T20:31:40.344+0100] {processor.py:175} INFO - Processing /Library/Frameworks/Python.framework/Versions/3.11/lib/python3.11/site-packages/airflow/example_dags/example_datasets.py took 0.449 seconds
[2022-12-31T20:33:24.534+0100] {processor.py:153} INFO - Started process (PID=90589) to work on /Library/Frameworks/Python.framework/Versions/3.11/lib/python3.11/site-packages/airflow/example_dags/example_datasets.py
[2022-12-31T20:33:24.539+0100] {processor.py:743} INFO - Processing file /Library/Frameworks/Python.framework/Versions/3.11/lib/python3.11/site-packages/airflow/example_dags/example_datasets.py for tasks to queue
[2022-12-31T20:33:24.539+0100] {logging_mixin.py:137} INFO - [2022-12-31T20:33:24.539+0100] {dagbag.py:538} INFO - Filling up the DagBag from /Library/Frameworks/Python.framework/Versions/3.11/lib/python3.11/site-packages/airflow/example_dags/example_datasets.py
[2022-12-31T20:33:24.552+0100] {processor.py:753} INFO - DAG(s) dict_keys(['dataset_produces_2', 'dataset_produces_1', 'dataset_consumes_1_never_scheduled', 'dataset_consumes_1_and_2', 'dataset_consumes_unknown_never_scheduled', 'dataset_consumes_1']) retrieved from /Library/Frameworks/Python.framework/Versions/3.11/lib/python3.11/site-packages/airflow/example_dags/example_datasets.py
[2022-12-31T20:33:24.998+0100] {logging_mixin.py:137} INFO - [2022-12-31T20:33:24.998+0100] {dag.py:2676} INFO - Sync 6 DAGs
[2022-12-31T20:33:25.004+0100] {logging_mixin.py:137} INFO - [2022-12-31T20:33:25.004+0100] {dag.py:3423} INFO - Setting next_dagrun for dataset_consumes_1 to None, run_after=None
[2022-12-31T20:33:25.004+0100] {logging_mixin.py:137} INFO - [2022-12-31T20:33:25.004+0100] {dag.py:3423} INFO - Setting next_dagrun for dataset_consumes_1_and_2 to None, run_after=None
[2022-12-31T20:33:25.005+0100] {logging_mixin.py:137} INFO - [2022-12-31T20:33:25.004+0100] {dag.py:3423} INFO - Setting next_dagrun for dataset_consumes_1_never_scheduled to None, run_after=None
[2022-12-31T20:33:25.005+0100] {logging_mixin.py:137} INFO - [2022-12-31T20:33:25.005+0100] {dag.py:3423} INFO - Setting next_dagrun for dataset_consumes_unknown_never_scheduled to None, run_after=None
[2022-12-31T20:33:25.005+0100] {logging_mixin.py:137} INFO - [2022-12-31T20:33:25.005+0100] {dag.py:3423} INFO - Setting next_dagrun for dataset_produces_1 to 2022-12-30T00:00:00+00:00, run_after=2022-12-31T00:00:00+00:00
[2022-12-31T20:33:25.006+0100] {logging_mixin.py:137} INFO - [2022-12-31T20:33:25.006+0100] {dag.py:3423} INFO - Setting next_dagrun for dataset_produces_2 to None, run_after=None
[2022-12-31T20:33:25.016+0100] {processor.py:175} INFO - Processing /Library/Frameworks/Python.framework/Versions/3.11/lib/python3.11/site-packages/airflow/example_dags/example_datasets.py took 0.483 seconds
[2022-12-31T20:36:22.301+0100] {processor.py:153} INFO - Started process (PID=90844) to work on /Library/Frameworks/Python.framework/Versions/3.11/lib/python3.11/site-packages/airflow/example_dags/example_datasets.py
[2022-12-31T20:36:22.307+0100] {processor.py:743} INFO - Processing file /Library/Frameworks/Python.framework/Versions/3.11/lib/python3.11/site-packages/airflow/example_dags/example_datasets.py for tasks to queue
[2022-12-31T20:36:22.307+0100] {logging_mixin.py:137} INFO - [2022-12-31T20:36:22.307+0100] {dagbag.py:538} INFO - Filling up the DagBag from /Library/Frameworks/Python.framework/Versions/3.11/lib/python3.11/site-packages/airflow/example_dags/example_datasets.py
[2022-12-31T20:36:22.320+0100] {processor.py:753} INFO - DAG(s) dict_keys(['dataset_consumes_1', 'dataset_consumes_1_and_2', 'dataset_consumes_1_never_scheduled', 'dataset_produces_2', 'dataset_consumes_unknown_never_scheduled', 'dataset_produces_1']) retrieved from /Library/Frameworks/Python.framework/Versions/3.11/lib/python3.11/site-packages/airflow/example_dags/example_datasets.py
[2022-12-31T20:36:22.726+0100] {logging_mixin.py:137} INFO - [2022-12-31T20:36:22.726+0100] {dag.py:2676} INFO - Sync 6 DAGs
[2022-12-31T20:36:22.731+0100] {logging_mixin.py:137} INFO - [2022-12-31T20:36:22.731+0100] {dag.py:3423} INFO - Setting next_dagrun for dataset_consumes_1 to None, run_after=None
[2022-12-31T20:36:22.732+0100] {logging_mixin.py:137} INFO - [2022-12-31T20:36:22.732+0100] {dag.py:3423} INFO - Setting next_dagrun for dataset_consumes_1_and_2 to None, run_after=None
[2022-12-31T20:36:22.732+0100] {logging_mixin.py:137} INFO - [2022-12-31T20:36:22.732+0100] {dag.py:3423} INFO - Setting next_dagrun for dataset_consumes_1_never_scheduled to None, run_after=None
[2022-12-31T20:36:22.733+0100] {logging_mixin.py:137} INFO - [2022-12-31T20:36:22.733+0100] {dag.py:3423} INFO - Setting next_dagrun for dataset_consumes_unknown_never_scheduled to None, run_after=None
[2022-12-31T20:36:22.733+0100] {logging_mixin.py:137} INFO - [2022-12-31T20:36:22.733+0100] {dag.py:3423} INFO - Setting next_dagrun for dataset_produces_1 to 2022-12-30T00:00:00+00:00, run_after=2022-12-31T00:00:00+00:00
[2022-12-31T20:36:22.734+0100] {logging_mixin.py:137} INFO - [2022-12-31T20:36:22.734+0100] {dag.py:3423} INFO - Setting next_dagrun for dataset_produces_2 to None, run_after=None
[2022-12-31T20:36:22.745+0100] {processor.py:175} INFO - Processing /Library/Frameworks/Python.framework/Versions/3.11/lib/python3.11/site-packages/airflow/example_dags/example_datasets.py took 0.444 seconds
[2022-12-31T20:38:04.743+0100] {processor.py:153} INFO - Started process (PID=90993) to work on /Library/Frameworks/Python.framework/Versions/3.11/lib/python3.11/site-packages/airflow/example_dags/example_datasets.py
[2022-12-31T20:38:04.749+0100] {processor.py:743} INFO - Processing file /Library/Frameworks/Python.framework/Versions/3.11/lib/python3.11/site-packages/airflow/example_dags/example_datasets.py for tasks to queue
[2022-12-31T20:38:04.749+0100] {logging_mixin.py:137} INFO - [2022-12-31T20:38:04.749+0100] {dagbag.py:538} INFO - Filling up the DagBag from /Library/Frameworks/Python.framework/Versions/3.11/lib/python3.11/site-packages/airflow/example_dags/example_datasets.py
[2022-12-31T20:38:04.762+0100] {processor.py:753} INFO - DAG(s) dict_keys(['dataset_consumes_1_never_scheduled', 'dataset_consumes_1', 'dataset_consumes_1_and_2', 'dataset_consumes_unknown_never_scheduled', 'dataset_produces_1', 'dataset_produces_2']) retrieved from /Library/Frameworks/Python.framework/Versions/3.11/lib/python3.11/site-packages/airflow/example_dags/example_datasets.py
[2022-12-31T20:38:05.179+0100] {logging_mixin.py:137} INFO - [2022-12-31T20:38:05.178+0100] {dag.py:2676} INFO - Sync 6 DAGs
[2022-12-31T20:38:05.184+0100] {logging_mixin.py:137} INFO - [2022-12-31T20:38:05.184+0100] {dag.py:3423} INFO - Setting next_dagrun for dataset_consumes_1 to None, run_after=None
[2022-12-31T20:38:05.185+0100] {logging_mixin.py:137} INFO - [2022-12-31T20:38:05.185+0100] {dag.py:3423} INFO - Setting next_dagrun for dataset_consumes_1_and_2 to None, run_after=None
[2022-12-31T20:38:05.185+0100] {logging_mixin.py:137} INFO - [2022-12-31T20:38:05.185+0100] {dag.py:3423} INFO - Setting next_dagrun for dataset_consumes_1_never_scheduled to None, run_after=None
[2022-12-31T20:38:05.185+0100] {logging_mixin.py:137} INFO - [2022-12-31T20:38:05.185+0100] {dag.py:3423} INFO - Setting next_dagrun for dataset_consumes_unknown_never_scheduled to None, run_after=None
[2022-12-31T20:38:05.186+0100] {logging_mixin.py:137} INFO - [2022-12-31T20:38:05.186+0100] {dag.py:3423} INFO - Setting next_dagrun for dataset_produces_1 to 2022-12-30T00:00:00+00:00, run_after=2022-12-31T00:00:00+00:00
[2022-12-31T20:38:05.186+0100] {logging_mixin.py:137} INFO - [2022-12-31T20:38:05.186+0100] {dag.py:3423} INFO - Setting next_dagrun for dataset_produces_2 to None, run_after=None
[2022-12-31T20:38:05.196+0100] {processor.py:175} INFO - Processing /Library/Frameworks/Python.framework/Versions/3.11/lib/python3.11/site-packages/airflow/example_dags/example_datasets.py took 0.454 seconds
[2022-12-31T20:39:48.566+0100] {processor.py:153} INFO - Started process (PID=91169) to work on /Library/Frameworks/Python.framework/Versions/3.11/lib/python3.11/site-packages/airflow/example_dags/example_datasets.py
[2022-12-31T20:39:48.570+0100] {processor.py:743} INFO - Processing file /Library/Frameworks/Python.framework/Versions/3.11/lib/python3.11/site-packages/airflow/example_dags/example_datasets.py for tasks to queue
[2022-12-31T20:39:48.570+0100] {logging_mixin.py:137} INFO - [2022-12-31T20:39:48.570+0100] {dagbag.py:538} INFO - Filling up the DagBag from /Library/Frameworks/Python.framework/Versions/3.11/lib/python3.11/site-packages/airflow/example_dags/example_datasets.py
[2022-12-31T20:39:48.583+0100] {processor.py:753} INFO - DAG(s) dict_keys(['dataset_produces_1', 'dataset_consumes_1_never_scheduled', 'dataset_consumes_1_and_2', 'dataset_produces_2', 'dataset_consumes_1', 'dataset_consumes_unknown_never_scheduled']) retrieved from /Library/Frameworks/Python.framework/Versions/3.11/lib/python3.11/site-packages/airflow/example_dags/example_datasets.py
[2022-12-31T20:39:48.987+0100] {logging_mixin.py:137} INFO - [2022-12-31T20:39:48.987+0100] {dag.py:2676} INFO - Sync 6 DAGs
[2022-12-31T20:39:48.992+0100] {logging_mixin.py:137} INFO - [2022-12-31T20:39:48.992+0100] {dag.py:3423} INFO - Setting next_dagrun for dataset_consumes_1 to None, run_after=None
[2022-12-31T20:39:48.993+0100] {logging_mixin.py:137} INFO - [2022-12-31T20:39:48.993+0100] {dag.py:3423} INFO - Setting next_dagrun for dataset_consumes_1_and_2 to None, run_after=None
[2022-12-31T20:39:48.993+0100] {logging_mixin.py:137} INFO - [2022-12-31T20:39:48.993+0100] {dag.py:3423} INFO - Setting next_dagrun for dataset_consumes_1_never_scheduled to None, run_after=None
[2022-12-31T20:39:48.993+0100] {logging_mixin.py:137} INFO - [2022-12-31T20:39:48.993+0100] {dag.py:3423} INFO - Setting next_dagrun for dataset_consumes_unknown_never_scheduled to None, run_after=None
[2022-12-31T20:39:48.994+0100] {logging_mixin.py:137} INFO - [2022-12-31T20:39:48.994+0100] {dag.py:3423} INFO - Setting next_dagrun for dataset_produces_1 to 2022-12-30T00:00:00+00:00, run_after=2022-12-31T00:00:00+00:00
[2022-12-31T20:39:48.994+0100] {logging_mixin.py:137} INFO - [2022-12-31T20:39:48.994+0100] {dag.py:3423} INFO - Setting next_dagrun for dataset_produces_2 to None, run_after=None
[2022-12-31T20:39:49.005+0100] {processor.py:175} INFO - Processing /Library/Frameworks/Python.framework/Versions/3.11/lib/python3.11/site-packages/airflow/example_dags/example_datasets.py took 0.440 seconds
[2022-12-31T20:41:36.906+0100] {processor.py:153} INFO - Started process (PID=91337) to work on /Library/Frameworks/Python.framework/Versions/3.11/lib/python3.11/site-packages/airflow/example_dags/example_datasets.py
[2022-12-31T20:41:36.910+0100] {processor.py:743} INFO - Processing file /Library/Frameworks/Python.framework/Versions/3.11/lib/python3.11/site-packages/airflow/example_dags/example_datasets.py for tasks to queue
[2022-12-31T20:41:36.910+0100] {logging_mixin.py:137} INFO - [2022-12-31T20:41:36.910+0100] {dagbag.py:538} INFO - Filling up the DagBag from /Library/Frameworks/Python.framework/Versions/3.11/lib/python3.11/site-packages/airflow/example_dags/example_datasets.py
[2022-12-31T20:41:36.923+0100] {processor.py:753} INFO - DAG(s) dict_keys(['dataset_consumes_unknown_never_scheduled', 'dataset_consumes_1_never_scheduled', 'dataset_produces_1', 'dataset_consumes_1', 'dataset_consumes_1_and_2', 'dataset_produces_2']) retrieved from /Library/Frameworks/Python.framework/Versions/3.11/lib/python3.11/site-packages/airflow/example_dags/example_datasets.py
[2022-12-31T20:41:37.337+0100] {logging_mixin.py:137} INFO - [2022-12-31T20:41:37.337+0100] {dag.py:2676} INFO - Sync 6 DAGs
[2022-12-31T20:41:37.343+0100] {logging_mixin.py:137} INFO - [2022-12-31T20:41:37.343+0100] {dag.py:3423} INFO - Setting next_dagrun for dataset_consumes_1 to None, run_after=None
[2022-12-31T20:41:37.343+0100] {logging_mixin.py:137} INFO - [2022-12-31T20:41:37.343+0100] {dag.py:3423} INFO - Setting next_dagrun for dataset_consumes_1_and_2 to None, run_after=None
[2022-12-31T20:41:37.344+0100] {logging_mixin.py:137} INFO - [2022-12-31T20:41:37.344+0100] {dag.py:3423} INFO - Setting next_dagrun for dataset_consumes_1_never_scheduled to None, run_after=None
[2022-12-31T20:41:37.344+0100] {logging_mixin.py:137} INFO - [2022-12-31T20:41:37.344+0100] {dag.py:3423} INFO - Setting next_dagrun for dataset_consumes_unknown_never_scheduled to None, run_after=None
[2022-12-31T20:41:37.345+0100] {logging_mixin.py:137} INFO - [2022-12-31T20:41:37.345+0100] {dag.py:3423} INFO - Setting next_dagrun for dataset_produces_1 to 2022-12-30T00:00:00+00:00, run_after=2022-12-31T00:00:00+00:00
[2022-12-31T20:41:37.345+0100] {logging_mixin.py:137} INFO - [2022-12-31T20:41:37.345+0100] {dag.py:3423} INFO - Setting next_dagrun for dataset_produces_2 to None, run_after=None
[2022-12-31T20:41:37.355+0100] {processor.py:175} INFO - Processing /Library/Frameworks/Python.framework/Versions/3.11/lib/python3.11/site-packages/airflow/example_dags/example_datasets.py took 0.450 seconds
[2022-12-31T20:43:21.519+0100] {processor.py:153} INFO - Started process (PID=91521) to work on /Library/Frameworks/Python.framework/Versions/3.11/lib/python3.11/site-packages/airflow/example_dags/example_datasets.py
[2022-12-31T20:43:21.520+0100] {processor.py:743} INFO - Processing file /Library/Frameworks/Python.framework/Versions/3.11/lib/python3.11/site-packages/airflow/example_dags/example_datasets.py for tasks to queue
[2022-12-31T20:43:21.520+0100] {logging_mixin.py:137} INFO - [2022-12-31T20:43:21.520+0100] {dagbag.py:538} INFO - Filling up the DagBag from /Library/Frameworks/Python.framework/Versions/3.11/lib/python3.11/site-packages/airflow/example_dags/example_datasets.py
[2022-12-31T20:43:21.533+0100] {processor.py:753} INFO - DAG(s) dict_keys(['dataset_consumes_1', 'dataset_consumes_unknown_never_scheduled', 'dataset_consumes_1_never_scheduled', 'dataset_consumes_1_and_2', 'dataset_produces_1', 'dataset_produces_2']) retrieved from /Library/Frameworks/Python.framework/Versions/3.11/lib/python3.11/site-packages/airflow/example_dags/example_datasets.py
[2022-12-31T20:43:21.958+0100] {logging_mixin.py:137} INFO - [2022-12-31T20:43:21.958+0100] {dag.py:2676} INFO - Sync 6 DAGs
[2022-12-31T20:43:21.964+0100] {logging_mixin.py:137} INFO - [2022-12-31T20:43:21.963+0100] {dag.py:3423} INFO - Setting next_dagrun for dataset_consumes_1 to None, run_after=None
[2022-12-31T20:43:21.964+0100] {logging_mixin.py:137} INFO - [2022-12-31T20:43:21.964+0100] {dag.py:3423} INFO - Setting next_dagrun for dataset_consumes_1_and_2 to None, run_after=None
[2022-12-31T20:43:21.964+0100] {logging_mixin.py:137} INFO - [2022-12-31T20:43:21.964+0100] {dag.py:3423} INFO - Setting next_dagrun for dataset_consumes_1_never_scheduled to None, run_after=None
[2022-12-31T20:43:21.965+0100] {logging_mixin.py:137} INFO - [2022-12-31T20:43:21.965+0100] {dag.py:3423} INFO - Setting next_dagrun for dataset_consumes_unknown_never_scheduled to None, run_after=None
[2022-12-31T20:43:21.965+0100] {logging_mixin.py:137} INFO - [2022-12-31T20:43:21.965+0100] {dag.py:3423} INFO - Setting next_dagrun for dataset_produces_1 to 2022-12-30T00:00:00+00:00, run_after=2022-12-31T00:00:00+00:00
[2022-12-31T20:43:21.966+0100] {logging_mixin.py:137} INFO - [2022-12-31T20:43:21.966+0100] {dag.py:3423} INFO - Setting next_dagrun for dataset_produces_2 to None, run_after=None
[2022-12-31T20:43:21.975+0100] {processor.py:175} INFO - Processing /Library/Frameworks/Python.framework/Versions/3.11/lib/python3.11/site-packages/airflow/example_dags/example_datasets.py took 0.456 seconds
[2022-12-31T20:47:43.195+0100] {processor.py:153} INFO - Started process (PID=92033) to work on /Library/Frameworks/Python.framework/Versions/3.11/lib/python3.11/site-packages/airflow/example_dags/example_datasets.py
[2022-12-31T20:47:43.198+0100] {processor.py:743} INFO - Processing file /Library/Frameworks/Python.framework/Versions/3.11/lib/python3.11/site-packages/airflow/example_dags/example_datasets.py for tasks to queue
[2022-12-31T20:47:43.198+0100] {logging_mixin.py:137} INFO - [2022-12-31T20:47:43.198+0100] {dagbag.py:538} INFO - Filling up the DagBag from /Library/Frameworks/Python.framework/Versions/3.11/lib/python3.11/site-packages/airflow/example_dags/example_datasets.py
[2022-12-31T20:47:43.216+0100] {processor.py:753} INFO - DAG(s) dict_keys(['dataset_produces_2', 'dataset_consumes_1_and_2', 'dataset_produces_1', 'dataset_consumes_unknown_never_scheduled', 'dataset_consumes_1_never_scheduled', 'dataset_consumes_1']) retrieved from /Library/Frameworks/Python.framework/Versions/3.11/lib/python3.11/site-packages/airflow/example_dags/example_datasets.py
[2022-12-31T20:47:43.769+0100] {logging_mixin.py:137} INFO - [2022-12-31T20:47:43.769+0100] {dag.py:2676} INFO - Sync 6 DAGs
[2022-12-31T20:47:43.774+0100] {logging_mixin.py:137} INFO - [2022-12-31T20:47:43.774+0100] {dag.py:3423} INFO - Setting next_dagrun for dataset_consumes_1 to None, run_after=None
[2022-12-31T20:47:43.775+0100] {logging_mixin.py:137} INFO - [2022-12-31T20:47:43.775+0100] {dag.py:3423} INFO - Setting next_dagrun for dataset_consumes_1_and_2 to None, run_after=None
[2022-12-31T20:47:43.775+0100] {logging_mixin.py:137} INFO - [2022-12-31T20:47:43.775+0100] {dag.py:3423} INFO - Setting next_dagrun for dataset_consumes_1_never_scheduled to None, run_after=None
[2022-12-31T20:47:43.776+0100] {logging_mixin.py:137} INFO - [2022-12-31T20:47:43.776+0100] {dag.py:3423} INFO - Setting next_dagrun for dataset_consumes_unknown_never_scheduled to None, run_after=None
[2022-12-31T20:47:43.776+0100] {logging_mixin.py:137} INFO - [2022-12-31T20:47:43.776+0100] {dag.py:3423} INFO - Setting next_dagrun for dataset_produces_1 to 2022-12-30T00:00:00+00:00, run_after=2022-12-31T00:00:00+00:00
[2022-12-31T20:47:43.776+0100] {logging_mixin.py:137} INFO - [2022-12-31T20:47:43.776+0100] {dag.py:3423} INFO - Setting next_dagrun for dataset_produces_2 to None, run_after=None
[2022-12-31T20:47:43.785+0100] {processor.py:175} INFO - Processing /Library/Frameworks/Python.framework/Versions/3.11/lib/python3.11/site-packages/airflow/example_dags/example_datasets.py took 0.591 seconds
[2022-12-31T20:52:05.661+0100] {processor.py:153} INFO - Started process (PID=92637) to work on /Library/Frameworks/Python.framework/Versions/3.11/lib/python3.11/site-packages/airflow/example_dags/example_datasets.py
[2022-12-31T20:52:05.664+0100] {processor.py:743} INFO - Processing file /Library/Frameworks/Python.framework/Versions/3.11/lib/python3.11/site-packages/airflow/example_dags/example_datasets.py for tasks to queue
[2022-12-31T20:52:05.664+0100] {logging_mixin.py:137} INFO - [2022-12-31T20:52:05.664+0100] {dagbag.py:538} INFO - Filling up the DagBag from /Library/Frameworks/Python.framework/Versions/3.11/lib/python3.11/site-packages/airflow/example_dags/example_datasets.py
[2022-12-31T20:52:05.681+0100] {processor.py:753} INFO - DAG(s) dict_keys(['dataset_consumes_1_and_2', 'dataset_consumes_1', 'dataset_produces_2', 'dataset_produces_1', 'dataset_consumes_unknown_never_scheduled', 'dataset_consumes_1_never_scheduled']) retrieved from /Library/Frameworks/Python.framework/Versions/3.11/lib/python3.11/site-packages/airflow/example_dags/example_datasets.py
[2022-12-31T20:52:06.306+0100] {logging_mixin.py:137} INFO - [2022-12-31T20:52:06.306+0100] {dag.py:2676} INFO - Sync 6 DAGs
[2022-12-31T20:52:06.313+0100] {logging_mixin.py:137} INFO - [2022-12-31T20:52:06.313+0100] {dag.py:3423} INFO - Setting next_dagrun for dataset_consumes_1 to None, run_after=None
[2022-12-31T20:52:06.314+0100] {logging_mixin.py:137} INFO - [2022-12-31T20:52:06.314+0100] {dag.py:3423} INFO - Setting next_dagrun for dataset_consumes_1_and_2 to None, run_after=None
[2022-12-31T20:52:06.314+0100] {logging_mixin.py:137} INFO - [2022-12-31T20:52:06.314+0100] {dag.py:3423} INFO - Setting next_dagrun for dataset_consumes_1_never_scheduled to None, run_after=None
[2022-12-31T20:52:06.314+0100] {logging_mixin.py:137} INFO - [2022-12-31T20:52:06.314+0100] {dag.py:3423} INFO - Setting next_dagrun for dataset_consumes_unknown_never_scheduled to None, run_after=None
[2022-12-31T20:52:06.315+0100] {logging_mixin.py:137} INFO - [2022-12-31T20:52:06.315+0100] {dag.py:3423} INFO - Setting next_dagrun for dataset_produces_1 to 2022-12-30T00:00:00+00:00, run_after=2022-12-31T00:00:00+00:00
[2022-12-31T20:52:06.315+0100] {logging_mixin.py:137} INFO - [2022-12-31T20:52:06.315+0100] {dag.py:3423} INFO - Setting next_dagrun for dataset_produces_2 to None, run_after=None
[2022-12-31T20:52:06.330+0100] {processor.py:175} INFO - Processing /Library/Frameworks/Python.framework/Versions/3.11/lib/python3.11/site-packages/airflow/example_dags/example_datasets.py took 0.670 seconds
[2022-12-31T20:55:40.302+0100] {processor.py:153} INFO - Started process (PID=93189) to work on /Library/Frameworks/Python.framework/Versions/3.11/lib/python3.11/site-packages/airflow/example_dags/example_datasets.py
[2022-12-31T20:55:40.307+0100] {processor.py:743} INFO - Processing file /Library/Frameworks/Python.framework/Versions/3.11/lib/python3.11/site-packages/airflow/example_dags/example_datasets.py for tasks to queue
[2022-12-31T20:55:40.307+0100] {logging_mixin.py:137} INFO - [2022-12-31T20:55:40.307+0100] {dagbag.py:538} INFO - Filling up the DagBag from /Library/Frameworks/Python.framework/Versions/3.11/lib/python3.11/site-packages/airflow/example_dags/example_datasets.py
[2022-12-31T20:55:40.321+0100] {processor.py:753} INFO - DAG(s) dict_keys(['dataset_consumes_unknown_never_scheduled', 'dataset_consumes_1', 'dataset_consumes_1_and_2', 'dataset_produces_1', 'dataset_consumes_1_never_scheduled', 'dataset_produces_2']) retrieved from /Library/Frameworks/Python.framework/Versions/3.11/lib/python3.11/site-packages/airflow/example_dags/example_datasets.py
[2022-12-31T20:55:40.909+0100] {logging_mixin.py:137} INFO - [2022-12-31T20:55:40.909+0100] {dag.py:2676} INFO - Sync 6 DAGs
[2022-12-31T20:55:40.918+0100] {logging_mixin.py:137} INFO - [2022-12-31T20:55:40.918+0100] {dag.py:3423} INFO - Setting next_dagrun for dataset_consumes_1 to None, run_after=None
[2022-12-31T20:55:40.920+0100] {logging_mixin.py:137} INFO - [2022-12-31T20:55:40.919+0100] {dag.py:3423} INFO - Setting next_dagrun for dataset_consumes_1_and_2 to None, run_after=None
[2022-12-31T20:55:40.921+0100] {logging_mixin.py:137} INFO - [2022-12-31T20:55:40.920+0100] {dag.py:3423} INFO - Setting next_dagrun for dataset_consumes_1_never_scheduled to None, run_after=None
[2022-12-31T20:55:40.921+0100] {logging_mixin.py:137} INFO - [2022-12-31T20:55:40.921+0100] {dag.py:3423} INFO - Setting next_dagrun for dataset_consumes_unknown_never_scheduled to None, run_after=None
[2022-12-31T20:55:40.924+0100] {logging_mixin.py:137} INFO - [2022-12-31T20:55:40.923+0100] {dag.py:3423} INFO - Setting next_dagrun for dataset_produces_1 to 2022-12-30T00:00:00+00:00, run_after=2022-12-31T00:00:00+00:00
[2022-12-31T20:55:40.925+0100] {logging_mixin.py:137} INFO - [2022-12-31T20:55:40.925+0100] {dag.py:3423} INFO - Setting next_dagrun for dataset_produces_2 to None, run_after=None
[2022-12-31T20:55:40.941+0100] {processor.py:175} INFO - Processing /Library/Frameworks/Python.framework/Versions/3.11/lib/python3.11/site-packages/airflow/example_dags/example_datasets.py took 0.640 seconds
[2022-12-31T20:57:44.211+0100] {processor.py:153} INFO - Started process (PID=93450) to work on /Library/Frameworks/Python.framework/Versions/3.11/lib/python3.11/site-packages/airflow/example_dags/example_datasets.py
[2022-12-31T20:57:44.213+0100] {processor.py:743} INFO - Processing file /Library/Frameworks/Python.framework/Versions/3.11/lib/python3.11/site-packages/airflow/example_dags/example_datasets.py for tasks to queue
[2022-12-31T20:57:44.213+0100] {logging_mixin.py:137} INFO - [2022-12-31T20:57:44.213+0100] {dagbag.py:538} INFO - Filling up the DagBag from /Library/Frameworks/Python.framework/Versions/3.11/lib/python3.11/site-packages/airflow/example_dags/example_datasets.py
[2022-12-31T20:57:44.225+0100] {processor.py:753} INFO - DAG(s) dict_keys(['dataset_consumes_1', 'dataset_consumes_1_never_scheduled', 'dataset_consumes_1_and_2', 'dataset_produces_2', 'dataset_consumes_unknown_never_scheduled', 'dataset_produces_1']) retrieved from /Library/Frameworks/Python.framework/Versions/3.11/lib/python3.11/site-packages/airflow/example_dags/example_datasets.py
[2022-12-31T20:57:44.734+0100] {logging_mixin.py:137} INFO - [2022-12-31T20:57:44.734+0100] {dag.py:2676} INFO - Sync 6 DAGs
[2022-12-31T20:57:44.742+0100] {logging_mixin.py:137} INFO - [2022-12-31T20:57:44.742+0100] {dag.py:3423} INFO - Setting next_dagrun for dataset_consumes_1 to None, run_after=None
[2022-12-31T20:57:44.743+0100] {logging_mixin.py:137} INFO - [2022-12-31T20:57:44.743+0100] {dag.py:3423} INFO - Setting next_dagrun for dataset_consumes_1_and_2 to None, run_after=None
[2022-12-31T20:57:44.743+0100] {logging_mixin.py:137} INFO - [2022-12-31T20:57:44.743+0100] {dag.py:3423} INFO - Setting next_dagrun for dataset_consumes_1_never_scheduled to None, run_after=None
[2022-12-31T20:57:44.744+0100] {logging_mixin.py:137} INFO - [2022-12-31T20:57:44.743+0100] {dag.py:3423} INFO - Setting next_dagrun for dataset_consumes_unknown_never_scheduled to None, run_after=None
[2022-12-31T20:57:44.744+0100] {logging_mixin.py:137} INFO - [2022-12-31T20:57:44.744+0100] {dag.py:3423} INFO - Setting next_dagrun for dataset_produces_1 to 2022-12-30T00:00:00+00:00, run_after=2022-12-31T00:00:00+00:00
[2022-12-31T20:57:44.744+0100] {logging_mixin.py:137} INFO - [2022-12-31T20:57:44.744+0100] {dag.py:3423} INFO - Setting next_dagrun for dataset_produces_2 to None, run_after=None
[2022-12-31T20:57:44.755+0100] {processor.py:175} INFO - Processing /Library/Frameworks/Python.framework/Versions/3.11/lib/python3.11/site-packages/airflow/example_dags/example_datasets.py took 0.545 seconds
[2022-12-31T20:59:47.100+0100] {processor.py:153} INFO - Started process (PID=93687) to work on /Library/Frameworks/Python.framework/Versions/3.11/lib/python3.11/site-packages/airflow/example_dags/example_datasets.py
[2022-12-31T20:59:47.105+0100] {processor.py:743} INFO - Processing file /Library/Frameworks/Python.framework/Versions/3.11/lib/python3.11/site-packages/airflow/example_dags/example_datasets.py for tasks to queue
[2022-12-31T20:59:47.105+0100] {logging_mixin.py:137} INFO - [2022-12-31T20:59:47.105+0100] {dagbag.py:538} INFO - Filling up the DagBag from /Library/Frameworks/Python.framework/Versions/3.11/lib/python3.11/site-packages/airflow/example_dags/example_datasets.py
[2022-12-31T20:59:47.117+0100] {processor.py:753} INFO - DAG(s) dict_keys(['dataset_consumes_1', 'dataset_consumes_1_and_2', 'dataset_produces_2', 'dataset_produces_1', 'dataset_consumes_1_never_scheduled', 'dataset_consumes_unknown_never_scheduled']) retrieved from /Library/Frameworks/Python.framework/Versions/3.11/lib/python3.11/site-packages/airflow/example_dags/example_datasets.py
[2022-12-31T20:59:47.604+0100] {logging_mixin.py:137} INFO - [2022-12-31T20:59:47.604+0100] {dag.py:2676} INFO - Sync 6 DAGs
[2022-12-31T20:59:47.611+0100] {logging_mixin.py:137} INFO - [2022-12-31T20:59:47.611+0100] {dag.py:3423} INFO - Setting next_dagrun for dataset_consumes_1 to None, run_after=None
[2022-12-31T20:59:47.612+0100] {logging_mixin.py:137} INFO - [2022-12-31T20:59:47.611+0100] {dag.py:3423} INFO - Setting next_dagrun for dataset_consumes_1_and_2 to None, run_after=None
[2022-12-31T20:59:47.612+0100] {logging_mixin.py:137} INFO - [2022-12-31T20:59:47.612+0100] {dag.py:3423} INFO - Setting next_dagrun for dataset_consumes_1_never_scheduled to None, run_after=None
[2022-12-31T20:59:47.612+0100] {logging_mixin.py:137} INFO - [2022-12-31T20:59:47.612+0100] {dag.py:3423} INFO - Setting next_dagrun for dataset_consumes_unknown_never_scheduled to None, run_after=None
[2022-12-31T20:59:47.613+0100] {logging_mixin.py:137} INFO - [2022-12-31T20:59:47.613+0100] {dag.py:3423} INFO - Setting next_dagrun for dataset_produces_1 to 2022-12-30T00:00:00+00:00, run_after=2022-12-31T00:00:00+00:00
[2022-12-31T20:59:47.613+0100] {logging_mixin.py:137} INFO - [2022-12-31T20:59:47.613+0100] {dag.py:3423} INFO - Setting next_dagrun for dataset_produces_2 to None, run_after=None
[2022-12-31T20:59:47.625+0100] {processor.py:175} INFO - Processing /Library/Frameworks/Python.framework/Versions/3.11/lib/python3.11/site-packages/airflow/example_dags/example_datasets.py took 0.526 seconds
[2022-12-31T21:01:49.708+0100] {processor.py:153} INFO - Started process (PID=94004) to work on /Library/Frameworks/Python.framework/Versions/3.11/lib/python3.11/site-packages/airflow/example_dags/example_datasets.py
[2022-12-31T21:01:49.710+0100] {processor.py:743} INFO - Processing file /Library/Frameworks/Python.framework/Versions/3.11/lib/python3.11/site-packages/airflow/example_dags/example_datasets.py for tasks to queue
[2022-12-31T21:01:49.710+0100] {logging_mixin.py:137} INFO - [2022-12-31T21:01:49.710+0100] {dagbag.py:538} INFO - Filling up the DagBag from /Library/Frameworks/Python.framework/Versions/3.11/lib/python3.11/site-packages/airflow/example_dags/example_datasets.py
[2022-12-31T21:01:49.723+0100] {processor.py:753} INFO - DAG(s) dict_keys(['dataset_consumes_1_never_scheduled', 'dataset_consumes_unknown_never_scheduled', 'dataset_consumes_1', 'dataset_consumes_1_and_2', 'dataset_produces_1', 'dataset_produces_2']) retrieved from /Library/Frameworks/Python.framework/Versions/3.11/lib/python3.11/site-packages/airflow/example_dags/example_datasets.py
[2022-12-31T21:01:50.178+0100] {logging_mixin.py:137} INFO - [2022-12-31T21:01:50.178+0100] {dag.py:2676} INFO - Sync 6 DAGs
[2022-12-31T21:01:50.184+0100] {logging_mixin.py:137} INFO - [2022-12-31T21:01:50.184+0100] {dag.py:3423} INFO - Setting next_dagrun for dataset_consumes_1 to None, run_after=None
[2022-12-31T21:01:50.185+0100] {logging_mixin.py:137} INFO - [2022-12-31T21:01:50.185+0100] {dag.py:3423} INFO - Setting next_dagrun for dataset_consumes_1_and_2 to None, run_after=None
[2022-12-31T21:01:50.185+0100] {logging_mixin.py:137} INFO - [2022-12-31T21:01:50.185+0100] {dag.py:3423} INFO - Setting next_dagrun for dataset_consumes_1_never_scheduled to None, run_after=None
[2022-12-31T21:01:50.185+0100] {logging_mixin.py:137} INFO - [2022-12-31T21:01:50.185+0100] {dag.py:3423} INFO - Setting next_dagrun for dataset_consumes_unknown_never_scheduled to None, run_after=None
[2022-12-31T21:01:50.186+0100] {logging_mixin.py:137} INFO - [2022-12-31T21:01:50.186+0100] {dag.py:3423} INFO - Setting next_dagrun for dataset_produces_1 to 2022-12-30T00:00:00+00:00, run_after=2022-12-31T00:00:00+00:00
[2022-12-31T21:01:50.186+0100] {logging_mixin.py:137} INFO - [2022-12-31T21:01:50.186+0100] {dag.py:3423} INFO - Setting next_dagrun for dataset_produces_2 to None, run_after=None
[2022-12-31T21:01:50.196+0100] {processor.py:175} INFO - Processing /Library/Frameworks/Python.framework/Versions/3.11/lib/python3.11/site-packages/airflow/example_dags/example_datasets.py took 0.489 seconds
[2022-12-31T21:03:53.188+0100] {processor.py:153} INFO - Started process (PID=94342) to work on /Library/Frameworks/Python.framework/Versions/3.11/lib/python3.11/site-packages/airflow/example_dags/example_datasets.py
[2022-12-31T21:03:53.195+0100] {processor.py:743} INFO - Processing file /Library/Frameworks/Python.framework/Versions/3.11/lib/python3.11/site-packages/airflow/example_dags/example_datasets.py for tasks to queue
[2022-12-31T21:03:53.195+0100] {logging_mixin.py:137} INFO - [2022-12-31T21:03:53.195+0100] {dagbag.py:538} INFO - Filling up the DagBag from /Library/Frameworks/Python.framework/Versions/3.11/lib/python3.11/site-packages/airflow/example_dags/example_datasets.py
[2022-12-31T21:03:53.208+0100] {processor.py:753} INFO - DAG(s) dict_keys(['dataset_consumes_1', 'dataset_consumes_unknown_never_scheduled', 'dataset_consumes_1_and_2', 'dataset_produces_2', 'dataset_consumes_1_never_scheduled', 'dataset_produces_1']) retrieved from /Library/Frameworks/Python.framework/Versions/3.11/lib/python3.11/site-packages/airflow/example_dags/example_datasets.py
[2022-12-31T21:03:53.795+0100] {logging_mixin.py:137} INFO - [2022-12-31T21:03:53.795+0100] {dag.py:2676} INFO - Sync 6 DAGs
[2022-12-31T21:03:53.804+0100] {logging_mixin.py:137} INFO - [2022-12-31T21:03:53.804+0100] {dag.py:3423} INFO - Setting next_dagrun for dataset_consumes_1 to None, run_after=None
[2022-12-31T21:03:53.805+0100] {logging_mixin.py:137} INFO - [2022-12-31T21:03:53.805+0100] {dag.py:3423} INFO - Setting next_dagrun for dataset_consumes_1_and_2 to None, run_after=None
[2022-12-31T21:03:53.806+0100] {logging_mixin.py:137} INFO - [2022-12-31T21:03:53.806+0100] {dag.py:3423} INFO - Setting next_dagrun for dataset_consumes_1_never_scheduled to None, run_after=None
[2022-12-31T21:03:53.806+0100] {logging_mixin.py:137} INFO - [2022-12-31T21:03:53.806+0100] {dag.py:3423} INFO - Setting next_dagrun for dataset_consumes_unknown_never_scheduled to None, run_after=None
[2022-12-31T21:03:53.808+0100] {logging_mixin.py:137} INFO - [2022-12-31T21:03:53.808+0100] {dag.py:3423} INFO - Setting next_dagrun for dataset_produces_1 to 2022-12-30T00:00:00+00:00, run_after=2022-12-31T00:00:00+00:00
[2022-12-31T21:03:53.808+0100] {logging_mixin.py:137} INFO - [2022-12-31T21:03:53.808+0100] {dag.py:3423} INFO - Setting next_dagrun for dataset_produces_2 to None, run_after=None
[2022-12-31T21:03:53.826+0100] {processor.py:175} INFO - Processing /Library/Frameworks/Python.framework/Versions/3.11/lib/python3.11/site-packages/airflow/example_dags/example_datasets.py took 0.639 seconds
[2022-12-31T21:05:54.377+0100] {processor.py:153} INFO - Started process (PID=94601) to work on /Library/Frameworks/Python.framework/Versions/3.11/lib/python3.11/site-packages/airflow/example_dags/example_datasets.py
[2022-12-31T21:05:54.382+0100] {processor.py:743} INFO - Processing file /Library/Frameworks/Python.framework/Versions/3.11/lib/python3.11/site-packages/airflow/example_dags/example_datasets.py for tasks to queue
[2022-12-31T21:05:54.382+0100] {logging_mixin.py:137} INFO - [2022-12-31T21:05:54.382+0100] {dagbag.py:538} INFO - Filling up the DagBag from /Library/Frameworks/Python.framework/Versions/3.11/lib/python3.11/site-packages/airflow/example_dags/example_datasets.py
[2022-12-31T21:05:54.396+0100] {processor.py:753} INFO - DAG(s) dict_keys(['dataset_consumes_unknown_never_scheduled', 'dataset_consumes_1', 'dataset_consumes_1_never_scheduled', 'dataset_produces_2', 'dataset_produces_1', 'dataset_consumes_1_and_2']) retrieved from /Library/Frameworks/Python.framework/Versions/3.11/lib/python3.11/site-packages/airflow/example_dags/example_datasets.py
[2022-12-31T21:05:54.821+0100] {logging_mixin.py:137} INFO - [2022-12-31T21:05:54.821+0100] {dag.py:2676} INFO - Sync 6 DAGs
[2022-12-31T21:05:54.826+0100] {logging_mixin.py:137} INFO - [2022-12-31T21:05:54.826+0100] {dag.py:3423} INFO - Setting next_dagrun for dataset_consumes_1 to None, run_after=None
[2022-12-31T21:05:54.827+0100] {logging_mixin.py:137} INFO - [2022-12-31T21:05:54.827+0100] {dag.py:3423} INFO - Setting next_dagrun for dataset_consumes_1_and_2 to None, run_after=None
[2022-12-31T21:05:54.827+0100] {logging_mixin.py:137} INFO - [2022-12-31T21:05:54.827+0100] {dag.py:3423} INFO - Setting next_dagrun for dataset_consumes_1_never_scheduled to None, run_after=None
[2022-12-31T21:05:54.827+0100] {logging_mixin.py:137} INFO - [2022-12-31T21:05:54.827+0100] {dag.py:3423} INFO - Setting next_dagrun for dataset_consumes_unknown_never_scheduled to None, run_after=None
[2022-12-31T21:05:54.828+0100] {logging_mixin.py:137} INFO - [2022-12-31T21:05:54.828+0100] {dag.py:3423} INFO - Setting next_dagrun for dataset_produces_1 to 2022-12-30T00:00:00+00:00, run_after=2022-12-31T00:00:00+00:00
[2022-12-31T21:05:54.828+0100] {logging_mixin.py:137} INFO - [2022-12-31T21:05:54.828+0100] {dag.py:3423} INFO - Setting next_dagrun for dataset_produces_2 to None, run_after=None
[2022-12-31T21:05:54.839+0100] {processor.py:175} INFO - Processing /Library/Frameworks/Python.framework/Versions/3.11/lib/python3.11/site-packages/airflow/example_dags/example_datasets.py took 0.463 seconds
[2022-12-31T21:07:42.416+0100] {processor.py:153} INFO - Started process (PID=94798) to work on /Library/Frameworks/Python.framework/Versions/3.11/lib/python3.11/site-packages/airflow/example_dags/example_datasets.py
[2022-12-31T21:07:42.421+0100] {processor.py:743} INFO - Processing file /Library/Frameworks/Python.framework/Versions/3.11/lib/python3.11/site-packages/airflow/example_dags/example_datasets.py for tasks to queue
[2022-12-31T21:07:42.421+0100] {logging_mixin.py:137} INFO - [2022-12-31T21:07:42.421+0100] {dagbag.py:538} INFO - Filling up the DagBag from /Library/Frameworks/Python.framework/Versions/3.11/lib/python3.11/site-packages/airflow/example_dags/example_datasets.py
[2022-12-31T21:07:42.433+0100] {processor.py:753} INFO - DAG(s) dict_keys(['dataset_consumes_unknown_never_scheduled', 'dataset_consumes_1', 'dataset_produces_2', 'dataset_produces_1', 'dataset_consumes_1_never_scheduled', 'dataset_consumes_1_and_2']) retrieved from /Library/Frameworks/Python.framework/Versions/3.11/lib/python3.11/site-packages/airflow/example_dags/example_datasets.py
[2022-12-31T21:07:42.905+0100] {logging_mixin.py:137} INFO - [2022-12-31T21:07:42.904+0100] {dag.py:2676} INFO - Sync 6 DAGs
[2022-12-31T21:07:42.911+0100] {logging_mixin.py:137} INFO - [2022-12-31T21:07:42.911+0100] {dag.py:3423} INFO - Setting next_dagrun for dataset_consumes_1 to None, run_after=None
[2022-12-31T21:07:42.912+0100] {logging_mixin.py:137} INFO - [2022-12-31T21:07:42.912+0100] {dag.py:3423} INFO - Setting next_dagrun for dataset_consumes_1_and_2 to None, run_after=None
[2022-12-31T21:07:42.912+0100] {logging_mixin.py:137} INFO - [2022-12-31T21:07:42.912+0100] {dag.py:3423} INFO - Setting next_dagrun for dataset_consumes_1_never_scheduled to None, run_after=None
[2022-12-31T21:07:42.912+0100] {logging_mixin.py:137} INFO - [2022-12-31T21:07:42.912+0100] {dag.py:3423} INFO - Setting next_dagrun for dataset_consumes_unknown_never_scheduled to None, run_after=None
[2022-12-31T21:07:42.913+0100] {logging_mixin.py:137} INFO - [2022-12-31T21:07:42.913+0100] {dag.py:3423} INFO - Setting next_dagrun for dataset_produces_1 to 2022-12-30T00:00:00+00:00, run_after=2022-12-31T00:00:00+00:00
[2022-12-31T21:07:42.913+0100] {logging_mixin.py:137} INFO - [2022-12-31T21:07:42.913+0100] {dag.py:3423} INFO - Setting next_dagrun for dataset_produces_2 to None, run_after=None
[2022-12-31T21:07:42.923+0100] {processor.py:175} INFO - Processing /Library/Frameworks/Python.framework/Versions/3.11/lib/python3.11/site-packages/airflow/example_dags/example_datasets.py took 0.508 seconds
[2022-12-31T21:09:45.175+0100] {processor.py:153} INFO - Started process (PID=95126) to work on /Library/Frameworks/Python.framework/Versions/3.11/lib/python3.11/site-packages/airflow/example_dags/example_datasets.py
[2022-12-31T21:09:45.182+0100] {processor.py:743} INFO - Processing file /Library/Frameworks/Python.framework/Versions/3.11/lib/python3.11/site-packages/airflow/example_dags/example_datasets.py for tasks to queue
[2022-12-31T21:09:45.182+0100] {logging_mixin.py:137} INFO - [2022-12-31T21:09:45.182+0100] {dagbag.py:538} INFO - Filling up the DagBag from /Library/Frameworks/Python.framework/Versions/3.11/lib/python3.11/site-packages/airflow/example_dags/example_datasets.py
[2022-12-31T21:09:45.195+0100] {processor.py:753} INFO - DAG(s) dict_keys(['dataset_consumes_unknown_never_scheduled', 'dataset_consumes_1', 'dataset_consumes_1_never_scheduled', 'dataset_produces_1', 'dataset_consumes_1_and_2', 'dataset_produces_2']) retrieved from /Library/Frameworks/Python.framework/Versions/3.11/lib/python3.11/site-packages/airflow/example_dags/example_datasets.py
[2022-12-31T21:09:45.897+0100] {logging_mixin.py:137} INFO - [2022-12-31T21:09:45.896+0100] {dag.py:2676} INFO - Sync 6 DAGs
[2022-12-31T21:09:45.905+0100] {logging_mixin.py:137} INFO - [2022-12-31T21:09:45.905+0100] {dag.py:3423} INFO - Setting next_dagrun for dataset_consumes_1 to None, run_after=None
[2022-12-31T21:09:45.906+0100] {logging_mixin.py:137} INFO - [2022-12-31T21:09:45.906+0100] {dag.py:3423} INFO - Setting next_dagrun for dataset_consumes_1_and_2 to None, run_after=None
[2022-12-31T21:09:45.906+0100] {logging_mixin.py:137} INFO - [2022-12-31T21:09:45.906+0100] {dag.py:3423} INFO - Setting next_dagrun for dataset_consumes_1_never_scheduled to None, run_after=None
[2022-12-31T21:09:45.906+0100] {logging_mixin.py:137} INFO - [2022-12-31T21:09:45.906+0100] {dag.py:3423} INFO - Setting next_dagrun for dataset_consumes_unknown_never_scheduled to None, run_after=None
[2022-12-31T21:09:45.907+0100] {logging_mixin.py:137} INFO - [2022-12-31T21:09:45.907+0100] {dag.py:3423} INFO - Setting next_dagrun for dataset_produces_1 to 2022-12-30T00:00:00+00:00, run_after=2022-12-31T00:00:00+00:00
[2022-12-31T21:09:45.908+0100] {logging_mixin.py:137} INFO - [2022-12-31T21:09:45.908+0100] {dag.py:3423} INFO - Setting next_dagrun for dataset_produces_2 to None, run_after=None
[2022-12-31T21:09:45.921+0100] {processor.py:175} INFO - Processing /Library/Frameworks/Python.framework/Versions/3.11/lib/python3.11/site-packages/airflow/example_dags/example_datasets.py took 0.746 seconds
[2022-12-31T21:11:47.606+0100] {processor.py:153} INFO - Started process (PID=95459) to work on /Library/Frameworks/Python.framework/Versions/3.11/lib/python3.11/site-packages/airflow/example_dags/example_datasets.py
[2022-12-31T21:11:47.609+0100] {processor.py:743} INFO - Processing file /Library/Frameworks/Python.framework/Versions/3.11/lib/python3.11/site-packages/airflow/example_dags/example_datasets.py for tasks to queue
[2022-12-31T21:11:47.609+0100] {logging_mixin.py:137} INFO - [2022-12-31T21:11:47.609+0100] {dagbag.py:538} INFO - Filling up the DagBag from /Library/Frameworks/Python.framework/Versions/3.11/lib/python3.11/site-packages/airflow/example_dags/example_datasets.py
[2022-12-31T21:11:47.623+0100] {processor.py:753} INFO - DAG(s) dict_keys(['dataset_consumes_1_and_2', 'dataset_consumes_1_never_scheduled', 'dataset_consumes_unknown_never_scheduled', 'dataset_produces_2', 'dataset_consumes_1', 'dataset_produces_1']) retrieved from /Library/Frameworks/Python.framework/Versions/3.11/lib/python3.11/site-packages/airflow/example_dags/example_datasets.py
[2022-12-31T21:11:48.332+0100] {logging_mixin.py:137} INFO - [2022-12-31T21:11:48.332+0100] {dag.py:2676} INFO - Sync 6 DAGs
[2022-12-31T21:11:48.338+0100] {logging_mixin.py:137} INFO - [2022-12-31T21:11:48.338+0100] {dag.py:3423} INFO - Setting next_dagrun for dataset_consumes_1 to None, run_after=None
[2022-12-31T21:11:48.339+0100] {logging_mixin.py:137} INFO - [2022-12-31T21:11:48.339+0100] {dag.py:3423} INFO - Setting next_dagrun for dataset_consumes_1_and_2 to None, run_after=None
[2022-12-31T21:11:48.340+0100] {logging_mixin.py:137} INFO - [2022-12-31T21:11:48.340+0100] {dag.py:3423} INFO - Setting next_dagrun for dataset_consumes_1_never_scheduled to None, run_after=None
[2022-12-31T21:11:48.341+0100] {logging_mixin.py:137} INFO - [2022-12-31T21:11:48.341+0100] {dag.py:3423} INFO - Setting next_dagrun for dataset_consumes_unknown_never_scheduled to None, run_after=None
[2022-12-31T21:11:48.342+0100] {logging_mixin.py:137} INFO - [2022-12-31T21:11:48.342+0100] {dag.py:3423} INFO - Setting next_dagrun for dataset_produces_1 to 2022-12-30T00:00:00+00:00, run_after=2022-12-31T00:00:00+00:00
[2022-12-31T21:11:48.342+0100] {logging_mixin.py:137} INFO - [2022-12-31T21:11:48.342+0100] {dag.py:3423} INFO - Setting next_dagrun for dataset_produces_2 to None, run_after=None
[2022-12-31T21:11:48.363+0100] {processor.py:175} INFO - Processing /Library/Frameworks/Python.framework/Versions/3.11/lib/python3.11/site-packages/airflow/example_dags/example_datasets.py took 0.757 seconds
[2022-12-31T21:14:00.884+0100] {processor.py:153} INFO - Started process (PID=95736) to work on /Library/Frameworks/Python.framework/Versions/3.11/lib/python3.11/site-packages/airflow/example_dags/example_datasets.py
[2022-12-31T21:14:00.891+0100] {processor.py:743} INFO - Processing file /Library/Frameworks/Python.framework/Versions/3.11/lib/python3.11/site-packages/airflow/example_dags/example_datasets.py for tasks to queue
[2022-12-31T21:14:00.904+0100] {logging_mixin.py:137} INFO - [2022-12-31T21:14:00.894+0100] {dagbag.py:538} INFO - Filling up the DagBag from /Library/Frameworks/Python.framework/Versions/3.11/lib/python3.11/site-packages/airflow/example_dags/example_datasets.py
[2022-12-31T21:14:00.974+0100] {processor.py:753} INFO - DAG(s) dict_keys(['dataset_consumes_unknown_never_scheduled', 'dataset_produces_2', 'dataset_produces_1', 'dataset_consumes_1', 'dataset_consumes_1_and_2', 'dataset_consumes_1_never_scheduled']) retrieved from /Library/Frameworks/Python.framework/Versions/3.11/lib/python3.11/site-packages/airflow/example_dags/example_datasets.py
[2022-12-31T21:14:01.480+0100] {logging_mixin.py:137} INFO - [2022-12-31T21:14:01.480+0100] {dag.py:2676} INFO - Sync 6 DAGs
[2022-12-31T21:14:01.485+0100] {logging_mixin.py:137} INFO - [2022-12-31T21:14:01.485+0100] {dag.py:3423} INFO - Setting next_dagrun for dataset_consumes_1 to None, run_after=None
[2022-12-31T21:14:01.486+0100] {logging_mixin.py:137} INFO - [2022-12-31T21:14:01.486+0100] {dag.py:3423} INFO - Setting next_dagrun for dataset_consumes_1_and_2 to None, run_after=None
[2022-12-31T21:14:01.486+0100] {logging_mixin.py:137} INFO - [2022-12-31T21:14:01.486+0100] {dag.py:3423} INFO - Setting next_dagrun for dataset_consumes_1_never_scheduled to None, run_after=None
[2022-12-31T21:14:01.487+0100] {logging_mixin.py:137} INFO - [2022-12-31T21:14:01.487+0100] {dag.py:3423} INFO - Setting next_dagrun for dataset_consumes_unknown_never_scheduled to None, run_after=None
[2022-12-31T21:14:01.487+0100] {logging_mixin.py:137} INFO - [2022-12-31T21:14:01.487+0100] {dag.py:3423} INFO - Setting next_dagrun for dataset_produces_1 to 2022-12-30T00:00:00+00:00, run_after=2022-12-31T00:00:00+00:00
[2022-12-31T21:14:01.488+0100] {logging_mixin.py:137} INFO - [2022-12-31T21:14:01.488+0100] {dag.py:3423} INFO - Setting next_dagrun for dataset_produces_2 to None, run_after=None
[2022-12-31T21:14:01.497+0100] {processor.py:175} INFO - Processing /Library/Frameworks/Python.framework/Versions/3.11/lib/python3.11/site-packages/airflow/example_dags/example_datasets.py took 0.614 seconds
[2022-12-31T21:15:53.471+0100] {processor.py:153} INFO - Started process (PID=96027) to work on /Library/Frameworks/Python.framework/Versions/3.11/lib/python3.11/site-packages/airflow/example_dags/example_datasets.py
[2022-12-31T21:15:53.473+0100] {processor.py:743} INFO - Processing file /Library/Frameworks/Python.framework/Versions/3.11/lib/python3.11/site-packages/airflow/example_dags/example_datasets.py for tasks to queue
[2022-12-31T21:15:53.473+0100] {logging_mixin.py:137} INFO - [2022-12-31T21:15:53.473+0100] {dagbag.py:538} INFO - Filling up the DagBag from /Library/Frameworks/Python.framework/Versions/3.11/lib/python3.11/site-packages/airflow/example_dags/example_datasets.py
[2022-12-31T21:15:53.485+0100] {processor.py:753} INFO - DAG(s) dict_keys(['dataset_consumes_unknown_never_scheduled', 'dataset_consumes_1_never_scheduled', 'dataset_produces_1', 'dataset_produces_2', 'dataset_consumes_1', 'dataset_consumes_1_and_2']) retrieved from /Library/Frameworks/Python.framework/Versions/3.11/lib/python3.11/site-packages/airflow/example_dags/example_datasets.py
[2022-12-31T21:15:53.946+0100] {logging_mixin.py:137} INFO - [2022-12-31T21:15:53.946+0100] {dag.py:2676} INFO - Sync 6 DAGs
[2022-12-31T21:15:53.952+0100] {logging_mixin.py:137} INFO - [2022-12-31T21:15:53.952+0100] {dag.py:3423} INFO - Setting next_dagrun for dataset_consumes_1 to None, run_after=None
[2022-12-31T21:15:53.953+0100] {logging_mixin.py:137} INFO - [2022-12-31T21:15:53.953+0100] {dag.py:3423} INFO - Setting next_dagrun for dataset_consumes_1_and_2 to None, run_after=None
[2022-12-31T21:15:53.953+0100] {logging_mixin.py:137} INFO - [2022-12-31T21:15:53.953+0100] {dag.py:3423} INFO - Setting next_dagrun for dataset_consumes_1_never_scheduled to None, run_after=None
[2022-12-31T21:15:53.953+0100] {logging_mixin.py:137} INFO - [2022-12-31T21:15:53.953+0100] {dag.py:3423} INFO - Setting next_dagrun for dataset_consumes_unknown_never_scheduled to None, run_after=None
[2022-12-31T21:15:53.954+0100] {logging_mixin.py:137} INFO - [2022-12-31T21:15:53.954+0100] {dag.py:3423} INFO - Setting next_dagrun for dataset_produces_1 to 2022-12-30T00:00:00+00:00, run_after=2022-12-31T00:00:00+00:00
[2022-12-31T21:15:53.954+0100] {logging_mixin.py:137} INFO - [2022-12-31T21:15:53.954+0100] {dag.py:3423} INFO - Setting next_dagrun for dataset_produces_2 to None, run_after=None
[2022-12-31T21:15:53.966+0100] {processor.py:175} INFO - Processing /Library/Frameworks/Python.framework/Versions/3.11/lib/python3.11/site-packages/airflow/example_dags/example_datasets.py took 0.495 seconds
[2022-12-31T21:17:39.855+0100] {processor.py:153} INFO - Started process (PID=96190) to work on /Library/Frameworks/Python.framework/Versions/3.11/lib/python3.11/site-packages/airflow/example_dags/example_datasets.py
[2022-12-31T21:17:39.861+0100] {processor.py:743} INFO - Processing file /Library/Frameworks/Python.framework/Versions/3.11/lib/python3.11/site-packages/airflow/example_dags/example_datasets.py for tasks to queue
[2022-12-31T21:17:39.861+0100] {logging_mixin.py:137} INFO - [2022-12-31T21:17:39.861+0100] {dagbag.py:538} INFO - Filling up the DagBag from /Library/Frameworks/Python.framework/Versions/3.11/lib/python3.11/site-packages/airflow/example_dags/example_datasets.py
[2022-12-31T21:17:39.873+0100] {processor.py:753} INFO - DAG(s) dict_keys(['dataset_consumes_1', 'dataset_produces_2', 'dataset_consumes_1_never_scheduled', 'dataset_consumes_unknown_never_scheduled', 'dataset_consumes_1_and_2', 'dataset_produces_1']) retrieved from /Library/Frameworks/Python.framework/Versions/3.11/lib/python3.11/site-packages/airflow/example_dags/example_datasets.py
[2022-12-31T21:17:40.301+0100] {logging_mixin.py:137} INFO - [2022-12-31T21:17:40.301+0100] {dag.py:2676} INFO - Sync 6 DAGs
[2022-12-31T21:17:40.307+0100] {logging_mixin.py:137} INFO - [2022-12-31T21:17:40.306+0100] {dag.py:3423} INFO - Setting next_dagrun for dataset_consumes_1 to None, run_after=None
[2022-12-31T21:17:40.307+0100] {logging_mixin.py:137} INFO - [2022-12-31T21:17:40.307+0100] {dag.py:3423} INFO - Setting next_dagrun for dataset_consumes_1_and_2 to None, run_after=None
[2022-12-31T21:17:40.308+0100] {logging_mixin.py:137} INFO - [2022-12-31T21:17:40.308+0100] {dag.py:3423} INFO - Setting next_dagrun for dataset_consumes_1_never_scheduled to None, run_after=None
[2022-12-31T21:17:40.308+0100] {logging_mixin.py:137} INFO - [2022-12-31T21:17:40.308+0100] {dag.py:3423} INFO - Setting next_dagrun for dataset_consumes_unknown_never_scheduled to None, run_after=None
[2022-12-31T21:17:40.309+0100] {logging_mixin.py:137} INFO - [2022-12-31T21:17:40.308+0100] {dag.py:3423} INFO - Setting next_dagrun for dataset_produces_1 to 2022-12-30T00:00:00+00:00, run_after=2022-12-31T00:00:00+00:00
[2022-12-31T21:17:40.309+0100] {logging_mixin.py:137} INFO - [2022-12-31T21:17:40.309+0100] {dag.py:3423} INFO - Setting next_dagrun for dataset_produces_2 to None, run_after=None
[2022-12-31T21:17:40.319+0100] {processor.py:175} INFO - Processing /Library/Frameworks/Python.framework/Versions/3.11/lib/python3.11/site-packages/airflow/example_dags/example_datasets.py took 0.464 seconds
[2022-12-31T21:19:37.824+0100] {processor.py:153} INFO - Started process (PID=96491) to work on /Library/Frameworks/Python.framework/Versions/3.11/lib/python3.11/site-packages/airflow/example_dags/example_datasets.py
[2022-12-31T21:19:37.828+0100] {processor.py:743} INFO - Processing file /Library/Frameworks/Python.framework/Versions/3.11/lib/python3.11/site-packages/airflow/example_dags/example_datasets.py for tasks to queue
[2022-12-31T21:19:37.828+0100] {logging_mixin.py:137} INFO - [2022-12-31T21:19:37.828+0100] {dagbag.py:538} INFO - Filling up the DagBag from /Library/Frameworks/Python.framework/Versions/3.11/lib/python3.11/site-packages/airflow/example_dags/example_datasets.py
[2022-12-31T21:19:37.847+0100] {processor.py:753} INFO - DAG(s) dict_keys(['dataset_produces_1', 'dataset_consumes_1_and_2', 'dataset_consumes_1', 'dataset_consumes_unknown_never_scheduled', 'dataset_consumes_1_never_scheduled', 'dataset_produces_2']) retrieved from /Library/Frameworks/Python.framework/Versions/3.11/lib/python3.11/site-packages/airflow/example_dags/example_datasets.py
[2022-12-31T21:19:38.590+0100] {logging_mixin.py:137} INFO - [2022-12-31T21:19:38.590+0100] {dag.py:2676} INFO - Sync 6 DAGs
[2022-12-31T21:19:38.598+0100] {logging_mixin.py:137} INFO - [2022-12-31T21:19:38.598+0100] {dag.py:3423} INFO - Setting next_dagrun for dataset_consumes_1 to None, run_after=None
[2022-12-31T21:19:38.599+0100] {logging_mixin.py:137} INFO - [2022-12-31T21:19:38.599+0100] {dag.py:3423} INFO - Setting next_dagrun for dataset_consumes_1_and_2 to None, run_after=None
[2022-12-31T21:19:38.600+0100] {logging_mixin.py:137} INFO - [2022-12-31T21:19:38.600+0100] {dag.py:3423} INFO - Setting next_dagrun for dataset_consumes_1_never_scheduled to None, run_after=None
[2022-12-31T21:19:38.600+0100] {logging_mixin.py:137} INFO - [2022-12-31T21:19:38.600+0100] {dag.py:3423} INFO - Setting next_dagrun for dataset_consumes_unknown_never_scheduled to None, run_after=None
[2022-12-31T21:19:38.601+0100] {logging_mixin.py:137} INFO - [2022-12-31T21:19:38.601+0100] {dag.py:3423} INFO - Setting next_dagrun for dataset_produces_1 to 2022-12-30T00:00:00+00:00, run_after=2022-12-31T00:00:00+00:00
[2022-12-31T21:19:38.601+0100] {logging_mixin.py:137} INFO - [2022-12-31T21:19:38.601+0100] {dag.py:3423} INFO - Setting next_dagrun for dataset_produces_2 to None, run_after=None
[2022-12-31T21:19:38.619+0100] {processor.py:175} INFO - Processing /Library/Frameworks/Python.framework/Versions/3.11/lib/python3.11/site-packages/airflow/example_dags/example_datasets.py took 0.795 seconds
[2022-12-31T21:21:34.573+0100] {processor.py:153} INFO - Started process (PID=96681) to work on /Library/Frameworks/Python.framework/Versions/3.11/lib/python3.11/site-packages/airflow/example_dags/example_datasets.py
[2022-12-31T21:21:34.579+0100] {processor.py:743} INFO - Processing file /Library/Frameworks/Python.framework/Versions/3.11/lib/python3.11/site-packages/airflow/example_dags/example_datasets.py for tasks to queue
[2022-12-31T21:21:34.579+0100] {logging_mixin.py:137} INFO - [2022-12-31T21:21:34.579+0100] {dagbag.py:538} INFO - Filling up the DagBag from /Library/Frameworks/Python.framework/Versions/3.11/lib/python3.11/site-packages/airflow/example_dags/example_datasets.py
[2022-12-31T21:21:34.592+0100] {processor.py:753} INFO - DAG(s) dict_keys(['dataset_consumes_unknown_never_scheduled', 'dataset_consumes_1_and_2', 'dataset_consumes_1', 'dataset_produces_1', 'dataset_consumes_1_never_scheduled', 'dataset_produces_2']) retrieved from /Library/Frameworks/Python.framework/Versions/3.11/lib/python3.11/site-packages/airflow/example_dags/example_datasets.py
[2022-12-31T21:21:35.019+0100] {logging_mixin.py:137} INFO - [2022-12-31T21:21:35.019+0100] {dag.py:2676} INFO - Sync 6 DAGs
[2022-12-31T21:21:35.025+0100] {logging_mixin.py:137} INFO - [2022-12-31T21:21:35.025+0100] {dag.py:3423} INFO - Setting next_dagrun for dataset_consumes_1 to None, run_after=None
[2022-12-31T21:21:35.025+0100] {logging_mixin.py:137} INFO - [2022-12-31T21:21:35.025+0100] {dag.py:3423} INFO - Setting next_dagrun for dataset_consumes_1_and_2 to None, run_after=None
[2022-12-31T21:21:35.026+0100] {logging_mixin.py:137} INFO - [2022-12-31T21:21:35.026+0100] {dag.py:3423} INFO - Setting next_dagrun for dataset_consumes_1_never_scheduled to None, run_after=None
[2022-12-31T21:21:35.026+0100] {logging_mixin.py:137} INFO - [2022-12-31T21:21:35.026+0100] {dag.py:3423} INFO - Setting next_dagrun for dataset_consumes_unknown_never_scheduled to None, run_after=None
[2022-12-31T21:21:35.027+0100] {logging_mixin.py:137} INFO - [2022-12-31T21:21:35.027+0100] {dag.py:3423} INFO - Setting next_dagrun for dataset_produces_1 to 2022-12-30T00:00:00+00:00, run_after=2022-12-31T00:00:00+00:00
[2022-12-31T21:21:35.027+0100] {logging_mixin.py:137} INFO - [2022-12-31T21:21:35.027+0100] {dag.py:3423} INFO - Setting next_dagrun for dataset_produces_2 to None, run_after=None
[2022-12-31T21:21:35.037+0100] {processor.py:175} INFO - Processing /Library/Frameworks/Python.framework/Versions/3.11/lib/python3.11/site-packages/airflow/example_dags/example_datasets.py took 0.465 seconds
[2022-12-31T21:23:31.404+0100] {processor.py:153} INFO - Started process (PID=96848) to work on /Library/Frameworks/Python.framework/Versions/3.11/lib/python3.11/site-packages/airflow/example_dags/example_datasets.py
[2022-12-31T21:23:31.408+0100] {processor.py:743} INFO - Processing file /Library/Frameworks/Python.framework/Versions/3.11/lib/python3.11/site-packages/airflow/example_dags/example_datasets.py for tasks to queue
[2022-12-31T21:23:31.408+0100] {logging_mixin.py:137} INFO - [2022-12-31T21:23:31.408+0100] {dagbag.py:538} INFO - Filling up the DagBag from /Library/Frameworks/Python.framework/Versions/3.11/lib/python3.11/site-packages/airflow/example_dags/example_datasets.py
[2022-12-31T21:23:31.421+0100] {processor.py:753} INFO - DAG(s) dict_keys(['dataset_consumes_1_and_2', 'dataset_produces_1', 'dataset_consumes_1_never_scheduled', 'dataset_consumes_unknown_never_scheduled', 'dataset_produces_2', 'dataset_consumes_1']) retrieved from /Library/Frameworks/Python.framework/Versions/3.11/lib/python3.11/site-packages/airflow/example_dags/example_datasets.py
[2022-12-31T21:23:31.853+0100] {logging_mixin.py:137} INFO - [2022-12-31T21:23:31.853+0100] {dag.py:2676} INFO - Sync 6 DAGs
[2022-12-31T21:23:31.859+0100] {logging_mixin.py:137} INFO - [2022-12-31T21:23:31.859+0100] {dag.py:3423} INFO - Setting next_dagrun for dataset_consumes_1 to None, run_after=None
[2022-12-31T21:23:31.860+0100] {logging_mixin.py:137} INFO - [2022-12-31T21:23:31.860+0100] {dag.py:3423} INFO - Setting next_dagrun for dataset_consumes_1_and_2 to None, run_after=None
[2022-12-31T21:23:31.860+0100] {logging_mixin.py:137} INFO - [2022-12-31T21:23:31.860+0100] {dag.py:3423} INFO - Setting next_dagrun for dataset_consumes_1_never_scheduled to None, run_after=None
[2022-12-31T21:23:31.860+0100] {logging_mixin.py:137} INFO - [2022-12-31T21:23:31.860+0100] {dag.py:3423} INFO - Setting next_dagrun for dataset_consumes_unknown_never_scheduled to None, run_after=None
[2022-12-31T21:23:31.861+0100] {logging_mixin.py:137} INFO - [2022-12-31T21:23:31.861+0100] {dag.py:3423} INFO - Setting next_dagrun for dataset_produces_1 to 2022-12-30T00:00:00+00:00, run_after=2022-12-31T00:00:00+00:00
[2022-12-31T21:23:31.861+0100] {logging_mixin.py:137} INFO - [2022-12-31T21:23:31.861+0100] {dag.py:3423} INFO - Setting next_dagrun for dataset_produces_2 to None, run_after=None
[2022-12-31T21:23:31.872+0100] {processor.py:175} INFO - Processing /Library/Frameworks/Python.framework/Versions/3.11/lib/python3.11/site-packages/airflow/example_dags/example_datasets.py took 0.469 seconds
[2022-12-31T21:25:23.789+0100] {processor.py:153} INFO - Started process (PID=97060) to work on /Library/Frameworks/Python.framework/Versions/3.11/lib/python3.11/site-packages/airflow/example_dags/example_datasets.py
[2022-12-31T21:25:23.791+0100] {processor.py:743} INFO - Processing file /Library/Frameworks/Python.framework/Versions/3.11/lib/python3.11/site-packages/airflow/example_dags/example_datasets.py for tasks to queue
[2022-12-31T21:25:23.791+0100] {logging_mixin.py:137} INFO - [2022-12-31T21:25:23.791+0100] {dagbag.py:538} INFO - Filling up the DagBag from /Library/Frameworks/Python.framework/Versions/3.11/lib/python3.11/site-packages/airflow/example_dags/example_datasets.py
[2022-12-31T21:25:23.810+0100] {processor.py:753} INFO - DAG(s) dict_keys(['dataset_consumes_unknown_never_scheduled', 'dataset_consumes_1', 'dataset_consumes_1_never_scheduled', 'dataset_produces_1', 'dataset_produces_2', 'dataset_consumes_1_and_2']) retrieved from /Library/Frameworks/Python.framework/Versions/3.11/lib/python3.11/site-packages/airflow/example_dags/example_datasets.py
[2022-12-31T21:25:24.301+0100] {logging_mixin.py:137} INFO - [2022-12-31T21:25:24.301+0100] {dag.py:2676} INFO - Sync 6 DAGs
[2022-12-31T21:25:24.309+0100] {logging_mixin.py:137} INFO - [2022-12-31T21:25:24.309+0100] {dag.py:3423} INFO - Setting next_dagrun for dataset_consumes_1 to None, run_after=None
[2022-12-31T21:25:24.310+0100] {logging_mixin.py:137} INFO - [2022-12-31T21:25:24.310+0100] {dag.py:3423} INFO - Setting next_dagrun for dataset_consumes_1_and_2 to None, run_after=None
[2022-12-31T21:25:24.310+0100] {logging_mixin.py:137} INFO - [2022-12-31T21:25:24.310+0100] {dag.py:3423} INFO - Setting next_dagrun for dataset_consumes_1_never_scheduled to None, run_after=None
[2022-12-31T21:25:24.310+0100] {logging_mixin.py:137} INFO - [2022-12-31T21:25:24.310+0100] {dag.py:3423} INFO - Setting next_dagrun for dataset_consumes_unknown_never_scheduled to None, run_after=None
[2022-12-31T21:25:24.311+0100] {logging_mixin.py:137} INFO - [2022-12-31T21:25:24.311+0100] {dag.py:3423} INFO - Setting next_dagrun for dataset_produces_1 to 2022-12-30T00:00:00+00:00, run_after=2022-12-31T00:00:00+00:00
[2022-12-31T21:25:24.311+0100] {logging_mixin.py:137} INFO - [2022-12-31T21:25:24.311+0100] {dag.py:3423} INFO - Setting next_dagrun for dataset_produces_2 to None, run_after=None
[2022-12-31T21:25:24.323+0100] {processor.py:175} INFO - Processing /Library/Frameworks/Python.framework/Versions/3.11/lib/python3.11/site-packages/airflow/example_dags/example_datasets.py took 0.534 seconds
[2022-12-31T21:27:21.639+0100] {processor.py:153} INFO - Started process (PID=97321) to work on /Library/Frameworks/Python.framework/Versions/3.11/lib/python3.11/site-packages/airflow/example_dags/example_datasets.py
[2022-12-31T21:27:21.642+0100] {processor.py:743} INFO - Processing file /Library/Frameworks/Python.framework/Versions/3.11/lib/python3.11/site-packages/airflow/example_dags/example_datasets.py for tasks to queue
[2022-12-31T21:27:21.642+0100] {logging_mixin.py:137} INFO - [2022-12-31T21:27:21.642+0100] {dagbag.py:538} INFO - Filling up the DagBag from /Library/Frameworks/Python.framework/Versions/3.11/lib/python3.11/site-packages/airflow/example_dags/example_datasets.py
[2022-12-31T21:27:21.655+0100] {processor.py:753} INFO - DAG(s) dict_keys(['dataset_produces_2', 'dataset_produces_1', 'dataset_consumes_1_and_2', 'dataset_consumes_1_never_scheduled', 'dataset_consumes_unknown_never_scheduled', 'dataset_consumes_1']) retrieved from /Library/Frameworks/Python.framework/Versions/3.11/lib/python3.11/site-packages/airflow/example_dags/example_datasets.py
[2022-12-31T21:27:22.219+0100] {logging_mixin.py:137} INFO - [2022-12-31T21:27:22.219+0100] {dag.py:2676} INFO - Sync 6 DAGs
[2022-12-31T21:27:22.229+0100] {logging_mixin.py:137} INFO - [2022-12-31T21:27:22.229+0100] {dag.py:3423} INFO - Setting next_dagrun for dataset_consumes_1 to None, run_after=None
[2022-12-31T21:27:22.230+0100] {logging_mixin.py:137} INFO - [2022-12-31T21:27:22.230+0100] {dag.py:3423} INFO - Setting next_dagrun for dataset_consumes_1_and_2 to None, run_after=None
[2022-12-31T21:27:22.231+0100] {logging_mixin.py:137} INFO - [2022-12-31T21:27:22.231+0100] {dag.py:3423} INFO - Setting next_dagrun for dataset_consumes_1_never_scheduled to None, run_after=None
[2022-12-31T21:27:22.231+0100] {logging_mixin.py:137} INFO - [2022-12-31T21:27:22.231+0100] {dag.py:3423} INFO - Setting next_dagrun for dataset_consumes_unknown_never_scheduled to None, run_after=None
[2022-12-31T21:27:22.232+0100] {logging_mixin.py:137} INFO - [2022-12-31T21:27:22.232+0100] {dag.py:3423} INFO - Setting next_dagrun for dataset_produces_1 to 2022-12-30T00:00:00+00:00, run_after=2022-12-31T00:00:00+00:00
[2022-12-31T21:27:22.233+0100] {logging_mixin.py:137} INFO - [2022-12-31T21:27:22.233+0100] {dag.py:3423} INFO - Setting next_dagrun for dataset_produces_2 to None, run_after=None
[2022-12-31T21:27:22.257+0100] {processor.py:175} INFO - Processing /Library/Frameworks/Python.framework/Versions/3.11/lib/python3.11/site-packages/airflow/example_dags/example_datasets.py took 0.618 seconds
