[2022-12-31T20:30:00.531+0100] {processor.py:153} INFO - Started process (PID=90242) to work on /Library/Frameworks/Python.framework/Versions/3.11/lib/python3.11/site-packages/airflow/example_dags/example_branch_labels.py
[2022-12-31T20:30:00.535+0100] {processor.py:743} INFO - Processing file /Library/Frameworks/Python.framework/Versions/3.11/lib/python3.11/site-packages/airflow/example_dags/example_branch_labels.py for tasks to queue
[2022-12-31T20:30:00.535+0100] {logging_mixin.py:137} INFO - [2022-12-31T20:30:00.535+0100] {dagbag.py:538} INFO - Filling up the DagBag from /Library/Frameworks/Python.framework/Versions/3.11/lib/python3.11/site-packages/airflow/example_dags/example_branch_labels.py
[2022-12-31T20:30:00.547+0100] {processor.py:753} INFO - DAG(s) dict_keys(['example_branch_labels']) retrieved from /Library/Frameworks/Python.framework/Versions/3.11/lib/python3.11/site-packages/airflow/example_dags/example_branch_labels.py
[2022-12-31T20:30:00.979+0100] {logging_mixin.py:137} INFO - [2022-12-31T20:30:00.979+0100] {manager.py:504} INFO - Created Permission View: can edit on DAG:example_branch_labels
[2022-12-31T20:30:00.982+0100] {logging_mixin.py:137} INFO - [2022-12-31T20:30:00.982+0100] {manager.py:504} INFO - Created Permission View: can read on DAG:example_branch_labels
[2022-12-31T20:30:00.983+0100] {logging_mixin.py:137} INFO - [2022-12-31T20:30:00.983+0100] {manager.py:504} INFO - Created Permission View: can delete on DAG:example_branch_labels
[2022-12-31T20:30:00.984+0100] {logging_mixin.py:137} INFO - [2022-12-31T20:30:00.983+0100] {dag.py:2676} INFO - Sync 1 DAGs
[2022-12-31T20:30:00.987+0100] {logging_mixin.py:137} INFO - [2022-12-31T20:30:00.987+0100] {dag.py:2697} INFO - Creating ORM DAG for example_branch_labels
[2022-12-31T20:30:00.990+0100] {logging_mixin.py:137} INFO - [2022-12-31T20:30:00.990+0100] {dag.py:3423} INFO - Setting next_dagrun for example_branch_labels to 2022-12-30T00:00:00+00:00, run_after=2022-12-31T00:00:00+00:00
[2022-12-31T20:30:00.996+0100] {processor.py:175} INFO - Processing /Library/Frameworks/Python.framework/Versions/3.11/lib/python3.11/site-packages/airflow/example_dags/example_branch_labels.py took 0.465 seconds
[2022-12-31T20:31:52.030+0100] {processor.py:153} INFO - Started process (PID=90470) to work on /Library/Frameworks/Python.framework/Versions/3.11/lib/python3.11/site-packages/airflow/example_dags/example_branch_labels.py
[2022-12-31T20:31:52.035+0100] {processor.py:743} INFO - Processing file /Library/Frameworks/Python.framework/Versions/3.11/lib/python3.11/site-packages/airflow/example_dags/example_branch_labels.py for tasks to queue
[2022-12-31T20:31:52.035+0100] {logging_mixin.py:137} INFO - [2022-12-31T20:31:52.035+0100] {dagbag.py:538} INFO - Filling up the DagBag from /Library/Frameworks/Python.framework/Versions/3.11/lib/python3.11/site-packages/airflow/example_dags/example_branch_labels.py
[2022-12-31T20:31:52.047+0100] {processor.py:753} INFO - DAG(s) dict_keys(['example_branch_labels']) retrieved from /Library/Frameworks/Python.framework/Versions/3.11/lib/python3.11/site-packages/airflow/example_dags/example_branch_labels.py
[2022-12-31T20:31:52.465+0100] {logging_mixin.py:137} INFO - [2022-12-31T20:31:52.465+0100] {dag.py:2676} INFO - Sync 1 DAGs
[2022-12-31T20:31:52.472+0100] {logging_mixin.py:137} INFO - [2022-12-31T20:31:52.472+0100] {dag.py:3423} INFO - Setting next_dagrun for example_branch_labels to 2022-12-30T00:00:00+00:00, run_after=2022-12-31T00:00:00+00:00
[2022-12-31T20:31:52.479+0100] {processor.py:175} INFO - Processing /Library/Frameworks/Python.framework/Versions/3.11/lib/python3.11/site-packages/airflow/example_dags/example_branch_labels.py took 0.451 seconds
[2022-12-31T20:33:36.425+0100] {processor.py:153} INFO - Started process (PID=90607) to work on /Library/Frameworks/Python.framework/Versions/3.11/lib/python3.11/site-packages/airflow/example_dags/example_branch_labels.py
[2022-12-31T20:33:36.428+0100] {processor.py:743} INFO - Processing file /Library/Frameworks/Python.framework/Versions/3.11/lib/python3.11/site-packages/airflow/example_dags/example_branch_labels.py for tasks to queue
[2022-12-31T20:33:36.428+0100] {logging_mixin.py:137} INFO - [2022-12-31T20:33:36.428+0100] {dagbag.py:538} INFO - Filling up the DagBag from /Library/Frameworks/Python.framework/Versions/3.11/lib/python3.11/site-packages/airflow/example_dags/example_branch_labels.py
[2022-12-31T20:33:36.439+0100] {processor.py:753} INFO - DAG(s) dict_keys(['example_branch_labels']) retrieved from /Library/Frameworks/Python.framework/Versions/3.11/lib/python3.11/site-packages/airflow/example_dags/example_branch_labels.py
[2022-12-31T20:33:36.874+0100] {logging_mixin.py:137} INFO - [2022-12-31T20:33:36.874+0100] {dag.py:2676} INFO - Sync 1 DAGs
[2022-12-31T20:33:36.881+0100] {logging_mixin.py:137} INFO - [2022-12-31T20:33:36.881+0100] {dag.py:3423} INFO - Setting next_dagrun for example_branch_labels to 2022-12-30T00:00:00+00:00, run_after=2022-12-31T00:00:00+00:00
[2022-12-31T20:33:36.888+0100] {processor.py:175} INFO - Processing /Library/Frameworks/Python.framework/Versions/3.11/lib/python3.11/site-packages/airflow/example_dags/example_branch_labels.py took 0.463 seconds
[2022-12-31T20:36:34.430+0100] {processor.py:153} INFO - Started process (PID=90872) to work on /Library/Frameworks/Python.framework/Versions/3.11/lib/python3.11/site-packages/airflow/example_dags/example_branch_labels.py
[2022-12-31T20:36:34.434+0100] {processor.py:743} INFO - Processing file /Library/Frameworks/Python.framework/Versions/3.11/lib/python3.11/site-packages/airflow/example_dags/example_branch_labels.py for tasks to queue
[2022-12-31T20:36:34.434+0100] {logging_mixin.py:137} INFO - [2022-12-31T20:36:34.434+0100] {dagbag.py:538} INFO - Filling up the DagBag from /Library/Frameworks/Python.framework/Versions/3.11/lib/python3.11/site-packages/airflow/example_dags/example_branch_labels.py
[2022-12-31T20:36:34.479+0100] {processor.py:753} INFO - DAG(s) dict_keys(['example_branch_labels']) retrieved from /Library/Frameworks/Python.framework/Versions/3.11/lib/python3.11/site-packages/airflow/example_dags/example_branch_labels.py
[2022-12-31T20:36:34.920+0100] {logging_mixin.py:137} INFO - [2022-12-31T20:36:34.919+0100] {dag.py:2676} INFO - Sync 1 DAGs
[2022-12-31T20:36:34.926+0100] {logging_mixin.py:137} INFO - [2022-12-31T20:36:34.926+0100] {dag.py:3423} INFO - Setting next_dagrun for example_branch_labels to 2022-12-30T00:00:00+00:00, run_after=2022-12-31T00:00:00+00:00
[2022-12-31T20:36:34.934+0100] {processor.py:175} INFO - Processing /Library/Frameworks/Python.framework/Versions/3.11/lib/python3.11/site-packages/airflow/example_dags/example_branch_labels.py took 0.505 seconds
[2022-12-31T20:38:16.784+0100] {processor.py:153} INFO - Started process (PID=91010) to work on /Library/Frameworks/Python.framework/Versions/3.11/lib/python3.11/site-packages/airflow/example_dags/example_branch_labels.py
[2022-12-31T20:38:16.789+0100] {processor.py:743} INFO - Processing file /Library/Frameworks/Python.framework/Versions/3.11/lib/python3.11/site-packages/airflow/example_dags/example_branch_labels.py for tasks to queue
[2022-12-31T20:38:16.789+0100] {logging_mixin.py:137} INFO - [2022-12-31T20:38:16.789+0100] {dagbag.py:538} INFO - Filling up the DagBag from /Library/Frameworks/Python.framework/Versions/3.11/lib/python3.11/site-packages/airflow/example_dags/example_branch_labels.py
[2022-12-31T20:38:16.800+0100] {processor.py:753} INFO - DAG(s) dict_keys(['example_branch_labels']) retrieved from /Library/Frameworks/Python.framework/Versions/3.11/lib/python3.11/site-packages/airflow/example_dags/example_branch_labels.py
[2022-12-31T20:38:17.217+0100] {logging_mixin.py:137} INFO - [2022-12-31T20:38:17.217+0100] {dag.py:2676} INFO - Sync 1 DAGs
[2022-12-31T20:38:17.223+0100] {logging_mixin.py:137} INFO - [2022-12-31T20:38:17.223+0100] {dag.py:3423} INFO - Setting next_dagrun for example_branch_labels to 2022-12-30T00:00:00+00:00, run_after=2022-12-31T00:00:00+00:00
[2022-12-31T20:38:17.230+0100] {processor.py:175} INFO - Processing /Library/Frameworks/Python.framework/Versions/3.11/lib/python3.11/site-packages/airflow/example_dags/example_branch_labels.py took 0.447 seconds
[2022-12-31T20:40:00.801+0100] {processor.py:153} INFO - Started process (PID=91191) to work on /Library/Frameworks/Python.framework/Versions/3.11/lib/python3.11/site-packages/airflow/example_dags/example_branch_labels.py
[2022-12-31T20:40:00.803+0100] {processor.py:743} INFO - Processing file /Library/Frameworks/Python.framework/Versions/3.11/lib/python3.11/site-packages/airflow/example_dags/example_branch_labels.py for tasks to queue
[2022-12-31T20:40:00.803+0100] {logging_mixin.py:137} INFO - [2022-12-31T20:40:00.803+0100] {dagbag.py:538} INFO - Filling up the DagBag from /Library/Frameworks/Python.framework/Versions/3.11/lib/python3.11/site-packages/airflow/example_dags/example_branch_labels.py
[2022-12-31T20:40:00.814+0100] {processor.py:753} INFO - DAG(s) dict_keys(['example_branch_labels']) retrieved from /Library/Frameworks/Python.framework/Versions/3.11/lib/python3.11/site-packages/airflow/example_dags/example_branch_labels.py
[2022-12-31T20:40:01.272+0100] {logging_mixin.py:137} INFO - [2022-12-31T20:40:01.272+0100] {dag.py:2676} INFO - Sync 1 DAGs
[2022-12-31T20:40:01.279+0100] {logging_mixin.py:137} INFO - [2022-12-31T20:40:01.279+0100] {dag.py:3423} INFO - Setting next_dagrun for example_branch_labels to 2022-12-30T00:00:00+00:00, run_after=2022-12-31T00:00:00+00:00
[2022-12-31T20:40:01.286+0100] {processor.py:175} INFO - Processing /Library/Frameworks/Python.framework/Versions/3.11/lib/python3.11/site-packages/airflow/example_dags/example_branch_labels.py took 0.485 seconds
[2022-12-31T20:41:48.891+0100] {processor.py:153} INFO - Started process (PID=91352) to work on /Library/Frameworks/Python.framework/Versions/3.11/lib/python3.11/site-packages/airflow/example_dags/example_branch_labels.py
[2022-12-31T20:41:48.896+0100] {processor.py:743} INFO - Processing file /Library/Frameworks/Python.framework/Versions/3.11/lib/python3.11/site-packages/airflow/example_dags/example_branch_labels.py for tasks to queue
[2022-12-31T20:41:48.897+0100] {logging_mixin.py:137} INFO - [2022-12-31T20:41:48.897+0100] {dagbag.py:538} INFO - Filling up the DagBag from /Library/Frameworks/Python.framework/Versions/3.11/lib/python3.11/site-packages/airflow/example_dags/example_branch_labels.py
[2022-12-31T20:41:48.908+0100] {processor.py:753} INFO - DAG(s) dict_keys(['example_branch_labels']) retrieved from /Library/Frameworks/Python.framework/Versions/3.11/lib/python3.11/site-packages/airflow/example_dags/example_branch_labels.py
[2022-12-31T20:41:49.370+0100] {logging_mixin.py:137} INFO - [2022-12-31T20:41:49.370+0100] {dag.py:2676} INFO - Sync 1 DAGs
[2022-12-31T20:41:49.377+0100] {logging_mixin.py:137} INFO - [2022-12-31T20:41:49.377+0100] {dag.py:3423} INFO - Setting next_dagrun for example_branch_labels to 2022-12-30T00:00:00+00:00, run_after=2022-12-31T00:00:00+00:00
[2022-12-31T20:41:49.384+0100] {processor.py:175} INFO - Processing /Library/Frameworks/Python.framework/Versions/3.11/lib/python3.11/site-packages/airflow/example_dags/example_branch_labels.py took 0.494 seconds
[2022-12-31T20:43:33.485+0100] {processor.py:153} INFO - Started process (PID=91551) to work on /Library/Frameworks/Python.framework/Versions/3.11/lib/python3.11/site-packages/airflow/example_dags/example_branch_labels.py
[2022-12-31T20:43:33.490+0100] {processor.py:743} INFO - Processing file /Library/Frameworks/Python.framework/Versions/3.11/lib/python3.11/site-packages/airflow/example_dags/example_branch_labels.py for tasks to queue
[2022-12-31T20:43:33.490+0100] {logging_mixin.py:137} INFO - [2022-12-31T20:43:33.490+0100] {dagbag.py:538} INFO - Filling up the DagBag from /Library/Frameworks/Python.framework/Versions/3.11/lib/python3.11/site-packages/airflow/example_dags/example_branch_labels.py
[2022-12-31T20:43:33.502+0100] {processor.py:753} INFO - DAG(s) dict_keys(['example_branch_labels']) retrieved from /Library/Frameworks/Python.framework/Versions/3.11/lib/python3.11/site-packages/airflow/example_dags/example_branch_labels.py
[2022-12-31T20:43:33.933+0100] {logging_mixin.py:137} INFO - [2022-12-31T20:43:33.933+0100] {dag.py:2676} INFO - Sync 1 DAGs
[2022-12-31T20:43:33.939+0100] {logging_mixin.py:137} INFO - [2022-12-31T20:43:33.939+0100] {dag.py:3423} INFO - Setting next_dagrun for example_branch_labels to 2022-12-30T00:00:00+00:00, run_after=2022-12-31T00:00:00+00:00
[2022-12-31T20:43:33.945+0100] {processor.py:175} INFO - Processing /Library/Frameworks/Python.framework/Versions/3.11/lib/python3.11/site-packages/airflow/example_dags/example_branch_labels.py took 0.460 seconds
[2022-12-31T20:47:55.134+0100] {processor.py:153} INFO - Started process (PID=92052) to work on /Library/Frameworks/Python.framework/Versions/3.11/lib/python3.11/site-packages/airflow/example_dags/example_branch_labels.py
[2022-12-31T20:47:55.138+0100] {processor.py:743} INFO - Processing file /Library/Frameworks/Python.framework/Versions/3.11/lib/python3.11/site-packages/airflow/example_dags/example_branch_labels.py for tasks to queue
[2022-12-31T20:47:55.139+0100] {logging_mixin.py:137} INFO - [2022-12-31T20:47:55.139+0100] {dagbag.py:538} INFO - Filling up the DagBag from /Library/Frameworks/Python.framework/Versions/3.11/lib/python3.11/site-packages/airflow/example_dags/example_branch_labels.py
[2022-12-31T20:47:55.151+0100] {processor.py:753} INFO - DAG(s) dict_keys(['example_branch_labels']) retrieved from /Library/Frameworks/Python.framework/Versions/3.11/lib/python3.11/site-packages/airflow/example_dags/example_branch_labels.py
[2022-12-31T20:47:55.561+0100] {logging_mixin.py:137} INFO - [2022-12-31T20:47:55.561+0100] {dag.py:2676} INFO - Sync 1 DAGs
[2022-12-31T20:47:55.567+0100] {logging_mixin.py:137} INFO - [2022-12-31T20:47:55.567+0100] {dag.py:3423} INFO - Setting next_dagrun for example_branch_labels to 2022-12-30T00:00:00+00:00, run_after=2022-12-31T00:00:00+00:00
[2022-12-31T20:47:55.573+0100] {processor.py:175} INFO - Processing /Library/Frameworks/Python.framework/Versions/3.11/lib/python3.11/site-packages/airflow/example_dags/example_branch_labels.py took 0.440 seconds
[2022-12-31T20:52:20.186+0100] {processor.py:153} INFO - Started process (PID=92661) to work on /Library/Frameworks/Python.framework/Versions/3.11/lib/python3.11/site-packages/airflow/example_dags/example_branch_labels.py
[2022-12-31T20:52:20.193+0100] {processor.py:743} INFO - Processing file /Library/Frameworks/Python.framework/Versions/3.11/lib/python3.11/site-packages/airflow/example_dags/example_branch_labels.py for tasks to queue
[2022-12-31T20:52:20.193+0100] {logging_mixin.py:137} INFO - [2022-12-31T20:52:20.193+0100] {dagbag.py:538} INFO - Filling up the DagBag from /Library/Frameworks/Python.framework/Versions/3.11/lib/python3.11/site-packages/airflow/example_dags/example_branch_labels.py
[2022-12-31T20:52:20.217+0100] {processor.py:753} INFO - DAG(s) dict_keys(['example_branch_labels']) retrieved from /Library/Frameworks/Python.framework/Versions/3.11/lib/python3.11/site-packages/airflow/example_dags/example_branch_labels.py
[2022-12-31T20:52:20.843+0100] {logging_mixin.py:137} INFO - [2022-12-31T20:52:20.843+0100] {dag.py:2676} INFO - Sync 1 DAGs
[2022-12-31T20:52:20.851+0100] {logging_mixin.py:137} INFO - [2022-12-31T20:52:20.851+0100] {dag.py:3423} INFO - Setting next_dagrun for example_branch_labels to 2022-12-30T00:00:00+00:00, run_after=2022-12-31T00:00:00+00:00
[2022-12-31T20:52:20.858+0100] {processor.py:175} INFO - Processing /Library/Frameworks/Python.framework/Versions/3.11/lib/python3.11/site-packages/airflow/example_dags/example_branch_labels.py took 0.673 seconds
[2022-12-31T20:55:53.795+0100] {processor.py:153} INFO - Started process (PID=93214) to work on /Library/Frameworks/Python.framework/Versions/3.11/lib/python3.11/site-packages/airflow/example_dags/example_branch_labels.py
[2022-12-31T20:55:53.801+0100] {processor.py:743} INFO - Processing file /Library/Frameworks/Python.framework/Versions/3.11/lib/python3.11/site-packages/airflow/example_dags/example_branch_labels.py for tasks to queue
[2022-12-31T20:55:53.801+0100] {logging_mixin.py:137} INFO - [2022-12-31T20:55:53.801+0100] {dagbag.py:538} INFO - Filling up the DagBag from /Library/Frameworks/Python.framework/Versions/3.11/lib/python3.11/site-packages/airflow/example_dags/example_branch_labels.py
[2022-12-31T20:55:53.812+0100] {processor.py:753} INFO - DAG(s) dict_keys(['example_branch_labels']) retrieved from /Library/Frameworks/Python.framework/Versions/3.11/lib/python3.11/site-packages/airflow/example_dags/example_branch_labels.py
[2022-12-31T20:55:54.320+0100] {logging_mixin.py:137} INFO - [2022-12-31T20:55:54.320+0100] {dag.py:2676} INFO - Sync 1 DAGs
[2022-12-31T20:55:54.335+0100] {logging_mixin.py:137} INFO - [2022-12-31T20:55:54.335+0100] {dag.py:3423} INFO - Setting next_dagrun for example_branch_labels to 2022-12-30T00:00:00+00:00, run_after=2022-12-31T00:00:00+00:00
[2022-12-31T20:55:54.342+0100] {processor.py:175} INFO - Processing /Library/Frameworks/Python.framework/Versions/3.11/lib/python3.11/site-packages/airflow/example_dags/example_branch_labels.py took 0.548 seconds
[2022-12-31T20:57:56.483+0100] {processor.py:153} INFO - Started process (PID=93478) to work on /Library/Frameworks/Python.framework/Versions/3.11/lib/python3.11/site-packages/airflow/example_dags/example_branch_labels.py
[2022-12-31T20:57:56.488+0100] {processor.py:743} INFO - Processing file /Library/Frameworks/Python.framework/Versions/3.11/lib/python3.11/site-packages/airflow/example_dags/example_branch_labels.py for tasks to queue
[2022-12-31T20:57:56.488+0100] {logging_mixin.py:137} INFO - [2022-12-31T20:57:56.488+0100] {dagbag.py:538} INFO - Filling up the DagBag from /Library/Frameworks/Python.framework/Versions/3.11/lib/python3.11/site-packages/airflow/example_dags/example_branch_labels.py
[2022-12-31T20:57:56.500+0100] {processor.py:753} INFO - DAG(s) dict_keys(['example_branch_labels']) retrieved from /Library/Frameworks/Python.framework/Versions/3.11/lib/python3.11/site-packages/airflow/example_dags/example_branch_labels.py
[2022-12-31T20:57:56.951+0100] {logging_mixin.py:137} INFO - [2022-12-31T20:57:56.951+0100] {dag.py:2676} INFO - Sync 1 DAGs
[2022-12-31T20:57:56.960+0100] {logging_mixin.py:137} INFO - [2022-12-31T20:57:56.959+0100] {dag.py:3423} INFO - Setting next_dagrun for example_branch_labels to 2022-12-30T00:00:00+00:00, run_after=2022-12-31T00:00:00+00:00
[2022-12-31T20:57:56.967+0100] {processor.py:175} INFO - Processing /Library/Frameworks/Python.framework/Versions/3.11/lib/python3.11/site-packages/airflow/example_dags/example_branch_labels.py took 0.484 seconds
[2022-12-31T20:59:59.011+0100] {processor.py:153} INFO - Started process (PID=93704) to work on /Library/Frameworks/Python.framework/Versions/3.11/lib/python3.11/site-packages/airflow/example_dags/example_branch_labels.py
[2022-12-31T20:59:59.017+0100] {processor.py:743} INFO - Processing file /Library/Frameworks/Python.framework/Versions/3.11/lib/python3.11/site-packages/airflow/example_dags/example_branch_labels.py for tasks to queue
[2022-12-31T20:59:59.017+0100] {logging_mixin.py:137} INFO - [2022-12-31T20:59:59.017+0100] {dagbag.py:538} INFO - Filling up the DagBag from /Library/Frameworks/Python.framework/Versions/3.11/lib/python3.11/site-packages/airflow/example_dags/example_branch_labels.py
[2022-12-31T20:59:59.030+0100] {processor.py:753} INFO - DAG(s) dict_keys(['example_branch_labels']) retrieved from /Library/Frameworks/Python.framework/Versions/3.11/lib/python3.11/site-packages/airflow/example_dags/example_branch_labels.py
[2022-12-31T20:59:59.564+0100] {logging_mixin.py:137} INFO - [2022-12-31T20:59:59.564+0100] {dag.py:2676} INFO - Sync 1 DAGs
[2022-12-31T20:59:59.573+0100] {logging_mixin.py:137} INFO - [2022-12-31T20:59:59.572+0100] {dag.py:3423} INFO - Setting next_dagrun for example_branch_labels to 2022-12-30T00:00:00+00:00, run_after=2022-12-31T00:00:00+00:00
[2022-12-31T20:59:59.580+0100] {processor.py:175} INFO - Processing /Library/Frameworks/Python.framework/Versions/3.11/lib/python3.11/site-packages/airflow/example_dags/example_branch_labels.py took 0.570 seconds
[2022-12-31T21:02:01.933+0100] {processor.py:153} INFO - Started process (PID=94038) to work on /Library/Frameworks/Python.framework/Versions/3.11/lib/python3.11/site-packages/airflow/example_dags/example_branch_labels.py
[2022-12-31T21:02:01.938+0100] {processor.py:743} INFO - Processing file /Library/Frameworks/Python.framework/Versions/3.11/lib/python3.11/site-packages/airflow/example_dags/example_branch_labels.py for tasks to queue
[2022-12-31T21:02:01.938+0100] {logging_mixin.py:137} INFO - [2022-12-31T21:02:01.938+0100] {dagbag.py:538} INFO - Filling up the DagBag from /Library/Frameworks/Python.framework/Versions/3.11/lib/python3.11/site-packages/airflow/example_dags/example_branch_labels.py
[2022-12-31T21:02:01.951+0100] {processor.py:753} INFO - DAG(s) dict_keys(['example_branch_labels']) retrieved from /Library/Frameworks/Python.framework/Versions/3.11/lib/python3.11/site-packages/airflow/example_dags/example_branch_labels.py
[2022-12-31T21:02:02.370+0100] {logging_mixin.py:137} INFO - [2022-12-31T21:02:02.370+0100] {dag.py:2676} INFO - Sync 1 DAGs
[2022-12-31T21:02:02.379+0100] {logging_mixin.py:137} INFO - [2022-12-31T21:02:02.379+0100] {dag.py:3423} INFO - Setting next_dagrun for example_branch_labels to 2022-12-30T00:00:00+00:00, run_after=2022-12-31T00:00:00+00:00
[2022-12-31T21:02:02.386+0100] {processor.py:175} INFO - Processing /Library/Frameworks/Python.framework/Versions/3.11/lib/python3.11/site-packages/airflow/example_dags/example_branch_labels.py took 0.454 seconds
[2022-12-31T21:04:07.629+0100] {processor.py:153} INFO - Started process (PID=94369) to work on /Library/Frameworks/Python.framework/Versions/3.11/lib/python3.11/site-packages/airflow/example_dags/example_branch_labels.py
[2022-12-31T21:04:07.634+0100] {processor.py:743} INFO - Processing file /Library/Frameworks/Python.framework/Versions/3.11/lib/python3.11/site-packages/airflow/example_dags/example_branch_labels.py for tasks to queue
[2022-12-31T21:04:07.635+0100] {logging_mixin.py:137} INFO - [2022-12-31T21:04:07.635+0100] {dagbag.py:538} INFO - Filling up the DagBag from /Library/Frameworks/Python.framework/Versions/3.11/lib/python3.11/site-packages/airflow/example_dags/example_branch_labels.py
[2022-12-31T21:04:07.646+0100] {processor.py:753} INFO - DAG(s) dict_keys(['example_branch_labels']) retrieved from /Library/Frameworks/Python.framework/Versions/3.11/lib/python3.11/site-packages/airflow/example_dags/example_branch_labels.py
[2022-12-31T21:04:08.293+0100] {logging_mixin.py:137} INFO - [2022-12-31T21:04:08.293+0100] {dag.py:2676} INFO - Sync 1 DAGs
[2022-12-31T21:04:08.307+0100] {logging_mixin.py:137} INFO - [2022-12-31T21:04:08.306+0100] {dag.py:3423} INFO - Setting next_dagrun for example_branch_labels to 2022-12-30T00:00:00+00:00, run_after=2022-12-31T00:00:00+00:00
[2022-12-31T21:04:08.318+0100] {processor.py:175} INFO - Processing /Library/Frameworks/Python.framework/Versions/3.11/lib/python3.11/site-packages/airflow/example_dags/example_branch_labels.py took 0.690 seconds
[2022-12-31T21:06:04.460+0100] {processor.py:153} INFO - Started process (PID=94615) to work on /Library/Frameworks/Python.framework/Versions/3.11/lib/python3.11/site-packages/airflow/example_dags/example_branch_labels.py
[2022-12-31T21:06:04.462+0100] {processor.py:743} INFO - Processing file /Library/Frameworks/Python.framework/Versions/3.11/lib/python3.11/site-packages/airflow/example_dags/example_branch_labels.py for tasks to queue
[2022-12-31T21:06:04.462+0100] {logging_mixin.py:137} INFO - [2022-12-31T21:06:04.462+0100] {dagbag.py:538} INFO - Filling up the DagBag from /Library/Frameworks/Python.framework/Versions/3.11/lib/python3.11/site-packages/airflow/example_dags/example_branch_labels.py
[2022-12-31T21:06:04.473+0100] {processor.py:753} INFO - DAG(s) dict_keys(['example_branch_labels']) retrieved from /Library/Frameworks/Python.framework/Versions/3.11/lib/python3.11/site-packages/airflow/example_dags/example_branch_labels.py
[2022-12-31T21:06:04.903+0100] {logging_mixin.py:137} INFO - [2022-12-31T21:06:04.903+0100] {dag.py:2676} INFO - Sync 1 DAGs
[2022-12-31T21:06:04.910+0100] {logging_mixin.py:137} INFO - [2022-12-31T21:06:04.910+0100] {dag.py:3423} INFO - Setting next_dagrun for example_branch_labels to 2022-12-30T00:00:00+00:00, run_after=2022-12-31T00:00:00+00:00
[2022-12-31T21:06:04.916+0100] {processor.py:175} INFO - Processing /Library/Frameworks/Python.framework/Versions/3.11/lib/python3.11/site-packages/airflow/example_dags/example_branch_labels.py took 0.456 seconds
[2022-12-31T21:07:54.559+0100] {processor.py:153} INFO - Started process (PID=94881) to work on /Library/Frameworks/Python.framework/Versions/3.11/lib/python3.11/site-packages/airflow/example_dags/example_branch_labels.py
[2022-12-31T21:07:54.563+0100] {processor.py:743} INFO - Processing file /Library/Frameworks/Python.framework/Versions/3.11/lib/python3.11/site-packages/airflow/example_dags/example_branch_labels.py for tasks to queue
[2022-12-31T21:07:54.563+0100] {logging_mixin.py:137} INFO - [2022-12-31T21:07:54.563+0100] {dagbag.py:538} INFO - Filling up the DagBag from /Library/Frameworks/Python.framework/Versions/3.11/lib/python3.11/site-packages/airflow/example_dags/example_branch_labels.py
[2022-12-31T21:07:54.574+0100] {processor.py:753} INFO - DAG(s) dict_keys(['example_branch_labels']) retrieved from /Library/Frameworks/Python.framework/Versions/3.11/lib/python3.11/site-packages/airflow/example_dags/example_branch_labels.py
[2022-12-31T21:07:55.070+0100] {logging_mixin.py:137} INFO - [2022-12-31T21:07:55.070+0100] {dag.py:2676} INFO - Sync 1 DAGs
[2022-12-31T21:07:55.082+0100] {logging_mixin.py:137} INFO - [2022-12-31T21:07:55.082+0100] {dag.py:3423} INFO - Setting next_dagrun for example_branch_labels to 2022-12-30T00:00:00+00:00, run_after=2022-12-31T00:00:00+00:00
[2022-12-31T21:07:55.090+0100] {processor.py:175} INFO - Processing /Library/Frameworks/Python.framework/Versions/3.11/lib/python3.11/site-packages/airflow/example_dags/example_branch_labels.py took 0.532 seconds
[2022-12-31T21:09:58.538+0100] {processor.py:153} INFO - Started process (PID=95167) to work on /Library/Frameworks/Python.framework/Versions/3.11/lib/python3.11/site-packages/airflow/example_dags/example_branch_labels.py
[2022-12-31T21:09:58.542+0100] {processor.py:743} INFO - Processing file /Library/Frameworks/Python.framework/Versions/3.11/lib/python3.11/site-packages/airflow/example_dags/example_branch_labels.py for tasks to queue
[2022-12-31T21:09:58.543+0100] {logging_mixin.py:137} INFO - [2022-12-31T21:09:58.543+0100] {dagbag.py:538} INFO - Filling up the DagBag from /Library/Frameworks/Python.framework/Versions/3.11/lib/python3.11/site-packages/airflow/example_dags/example_branch_labels.py
[2022-12-31T21:09:58.554+0100] {processor.py:753} INFO - DAG(s) dict_keys(['example_branch_labels']) retrieved from /Library/Frameworks/Python.framework/Versions/3.11/lib/python3.11/site-packages/airflow/example_dags/example_branch_labels.py
[2022-12-31T21:09:58.968+0100] {logging_mixin.py:137} INFO - [2022-12-31T21:09:58.967+0100] {dag.py:2676} INFO - Sync 1 DAGs
[2022-12-31T21:09:58.974+0100] {logging_mixin.py:137} INFO - [2022-12-31T21:09:58.974+0100] {dag.py:3423} INFO - Setting next_dagrun for example_branch_labels to 2022-12-30T00:00:00+00:00, run_after=2022-12-31T00:00:00+00:00
[2022-12-31T21:09:58.980+0100] {processor.py:175} INFO - Processing /Library/Frameworks/Python.framework/Versions/3.11/lib/python3.11/site-packages/airflow/example_dags/example_branch_labels.py took 0.443 seconds
[2022-12-31T21:12:00.844+0100] {processor.py:153} INFO - Started process (PID=95486) to work on /Library/Frameworks/Python.framework/Versions/3.11/lib/python3.11/site-packages/airflow/example_dags/example_branch_labels.py
[2022-12-31T21:12:00.850+0100] {processor.py:743} INFO - Processing file /Library/Frameworks/Python.framework/Versions/3.11/lib/python3.11/site-packages/airflow/example_dags/example_branch_labels.py for tasks to queue
[2022-12-31T21:12:00.851+0100] {logging_mixin.py:137} INFO - [2022-12-31T21:12:00.851+0100] {dagbag.py:538} INFO - Filling up the DagBag from /Library/Frameworks/Python.framework/Versions/3.11/lib/python3.11/site-packages/airflow/example_dags/example_branch_labels.py
[2022-12-31T21:12:00.862+0100] {processor.py:753} INFO - DAG(s) dict_keys(['example_branch_labels']) retrieved from /Library/Frameworks/Python.framework/Versions/3.11/lib/python3.11/site-packages/airflow/example_dags/example_branch_labels.py
[2022-12-31T21:12:01.361+0100] {logging_mixin.py:137} INFO - [2022-12-31T21:12:01.361+0100] {dag.py:2676} INFO - Sync 1 DAGs
[2022-12-31T21:12:01.368+0100] {logging_mixin.py:137} INFO - [2022-12-31T21:12:01.368+0100] {dag.py:3423} INFO - Setting next_dagrun for example_branch_labels to 2022-12-30T00:00:00+00:00, run_after=2022-12-31T00:00:00+00:00
[2022-12-31T21:12:01.375+0100] {processor.py:175} INFO - Processing /Library/Frameworks/Python.framework/Versions/3.11/lib/python3.11/site-packages/airflow/example_dags/example_branch_labels.py took 0.532 seconds
[2022-12-31T21:14:11.303+0100] {processor.py:153} INFO - Started process (PID=95775) to work on /Library/Frameworks/Python.framework/Versions/3.11/lib/python3.11/site-packages/airflow/example_dags/example_branch_labels.py
[2022-12-31T21:14:11.306+0100] {processor.py:743} INFO - Processing file /Library/Frameworks/Python.framework/Versions/3.11/lib/python3.11/site-packages/airflow/example_dags/example_branch_labels.py for tasks to queue
[2022-12-31T21:14:11.307+0100] {logging_mixin.py:137} INFO - [2022-12-31T21:14:11.307+0100] {dagbag.py:538} INFO - Filling up the DagBag from /Library/Frameworks/Python.framework/Versions/3.11/lib/python3.11/site-packages/airflow/example_dags/example_branch_labels.py
[2022-12-31T21:14:11.355+0100] {processor.py:753} INFO - DAG(s) dict_keys(['example_branch_labels']) retrieved from /Library/Frameworks/Python.framework/Versions/3.11/lib/python3.11/site-packages/airflow/example_dags/example_branch_labels.py
[2022-12-31T21:14:11.990+0100] {logging_mixin.py:137} INFO - [2022-12-31T21:14:11.990+0100] {dag.py:2676} INFO - Sync 1 DAGs
[2022-12-31T21:14:11.997+0100] {logging_mixin.py:137} INFO - [2022-12-31T21:14:11.997+0100] {dag.py:3423} INFO - Setting next_dagrun for example_branch_labels to 2022-12-30T00:00:00+00:00, run_after=2022-12-31T00:00:00+00:00
[2022-12-31T21:14:12.004+0100] {processor.py:175} INFO - Processing /Library/Frameworks/Python.framework/Versions/3.11/lib/python3.11/site-packages/airflow/example_dags/example_branch_labels.py took 0.703 seconds
[2022-12-31T21:16:05.754+0100] {processor.py:153} INFO - Started process (PID=96048) to work on /Library/Frameworks/Python.framework/Versions/3.11/lib/python3.11/site-packages/airflow/example_dags/example_branch_labels.py
[2022-12-31T21:16:05.760+0100] {processor.py:743} INFO - Processing file /Library/Frameworks/Python.framework/Versions/3.11/lib/python3.11/site-packages/airflow/example_dags/example_branch_labels.py for tasks to queue
[2022-12-31T21:16:05.761+0100] {logging_mixin.py:137} INFO - [2022-12-31T21:16:05.761+0100] {dagbag.py:538} INFO - Filling up the DagBag from /Library/Frameworks/Python.framework/Versions/3.11/lib/python3.11/site-packages/airflow/example_dags/example_branch_labels.py
[2022-12-31T21:16:05.785+0100] {processor.py:753} INFO - DAG(s) dict_keys(['example_branch_labels']) retrieved from /Library/Frameworks/Python.framework/Versions/3.11/lib/python3.11/site-packages/airflow/example_dags/example_branch_labels.py
[2022-12-31T21:16:06.223+0100] {logging_mixin.py:137} INFO - [2022-12-31T21:16:06.223+0100] {dag.py:2676} INFO - Sync 1 DAGs
[2022-12-31T21:16:06.231+0100] {logging_mixin.py:137} INFO - [2022-12-31T21:16:06.231+0100] {dag.py:3423} INFO - Setting next_dagrun for example_branch_labels to 2022-12-30T00:00:00+00:00, run_after=2022-12-31T00:00:00+00:00
[2022-12-31T21:16:06.237+0100] {processor.py:175} INFO - Processing /Library/Frameworks/Python.framework/Versions/3.11/lib/python3.11/site-packages/airflow/example_dags/example_branch_labels.py took 0.484 seconds
[2022-12-31T21:17:51.886+0100] {processor.py:153} INFO - Started process (PID=96206) to work on /Library/Frameworks/Python.framework/Versions/3.11/lib/python3.11/site-packages/airflow/example_dags/example_branch_labels.py
[2022-12-31T21:17:51.893+0100] {processor.py:743} INFO - Processing file /Library/Frameworks/Python.framework/Versions/3.11/lib/python3.11/site-packages/airflow/example_dags/example_branch_labels.py for tasks to queue
[2022-12-31T21:17:51.893+0100] {logging_mixin.py:137} INFO - [2022-12-31T21:17:51.893+0100] {dagbag.py:538} INFO - Filling up the DagBag from /Library/Frameworks/Python.framework/Versions/3.11/lib/python3.11/site-packages/airflow/example_dags/example_branch_labels.py
[2022-12-31T21:17:51.904+0100] {processor.py:753} INFO - DAG(s) dict_keys(['example_branch_labels']) retrieved from /Library/Frameworks/Python.framework/Versions/3.11/lib/python3.11/site-packages/airflow/example_dags/example_branch_labels.py
[2022-12-31T21:17:52.317+0100] {logging_mixin.py:137} INFO - [2022-12-31T21:17:52.317+0100] {dag.py:2676} INFO - Sync 1 DAGs
[2022-12-31T21:17:52.324+0100] {logging_mixin.py:137} INFO - [2022-12-31T21:17:52.324+0100] {dag.py:3423} INFO - Setting next_dagrun for example_branch_labels to 2022-12-30T00:00:00+00:00, run_after=2022-12-31T00:00:00+00:00
[2022-12-31T21:17:52.331+0100] {processor.py:175} INFO - Processing /Library/Frameworks/Python.framework/Versions/3.11/lib/python3.11/site-packages/airflow/example_dags/example_branch_labels.py took 0.446 seconds
[2022-12-31T21:19:47.603+0100] {processor.py:153} INFO - Started process (PID=96506) to work on /Library/Frameworks/Python.framework/Versions/3.11/lib/python3.11/site-packages/airflow/example_dags/example_branch_labels.py
[2022-12-31T21:19:47.606+0100] {processor.py:743} INFO - Processing file /Library/Frameworks/Python.framework/Versions/3.11/lib/python3.11/site-packages/airflow/example_dags/example_branch_labels.py for tasks to queue
[2022-12-31T21:19:47.606+0100] {logging_mixin.py:137} INFO - [2022-12-31T21:19:47.606+0100] {dagbag.py:538} INFO - Filling up the DagBag from /Library/Frameworks/Python.framework/Versions/3.11/lib/python3.11/site-packages/airflow/example_dags/example_branch_labels.py
[2022-12-31T21:19:47.642+0100] {processor.py:753} INFO - DAG(s) dict_keys(['example_branch_labels']) retrieved from /Library/Frameworks/Python.framework/Versions/3.11/lib/python3.11/site-packages/airflow/example_dags/example_branch_labels.py
[2022-12-31T21:19:48.236+0100] {logging_mixin.py:137} INFO - [2022-12-31T21:19:48.236+0100] {dag.py:2676} INFO - Sync 1 DAGs
[2022-12-31T21:19:48.244+0100] {logging_mixin.py:137} INFO - [2022-12-31T21:19:48.244+0100] {dag.py:3423} INFO - Setting next_dagrun for example_branch_labels to 2022-12-30T00:00:00+00:00, run_after=2022-12-31T00:00:00+00:00
[2022-12-31T21:19:48.285+0100] {processor.py:175} INFO - Processing /Library/Frameworks/Python.framework/Versions/3.11/lib/python3.11/site-packages/airflow/example_dags/example_branch_labels.py took 0.683 seconds
[2022-12-31T21:21:46.925+0100] {processor.py:153} INFO - Started process (PID=96703) to work on /Library/Frameworks/Python.framework/Versions/3.11/lib/python3.11/site-packages/airflow/example_dags/example_branch_labels.py
[2022-12-31T21:21:46.928+0100] {processor.py:743} INFO - Processing file /Library/Frameworks/Python.framework/Versions/3.11/lib/python3.11/site-packages/airflow/example_dags/example_branch_labels.py for tasks to queue
[2022-12-31T21:21:46.928+0100] {logging_mixin.py:137} INFO - [2022-12-31T21:21:46.928+0100] {dagbag.py:538} INFO - Filling up the DagBag from /Library/Frameworks/Python.framework/Versions/3.11/lib/python3.11/site-packages/airflow/example_dags/example_branch_labels.py
[2022-12-31T21:21:46.939+0100] {processor.py:753} INFO - DAG(s) dict_keys(['example_branch_labels']) retrieved from /Library/Frameworks/Python.framework/Versions/3.11/lib/python3.11/site-packages/airflow/example_dags/example_branch_labels.py
[2022-12-31T21:21:47.371+0100] {logging_mixin.py:137} INFO - [2022-12-31T21:21:47.371+0100] {dag.py:2676} INFO - Sync 1 DAGs
[2022-12-31T21:21:47.378+0100] {logging_mixin.py:137} INFO - [2022-12-31T21:21:47.378+0100] {dag.py:3423} INFO - Setting next_dagrun for example_branch_labels to 2022-12-30T00:00:00+00:00, run_after=2022-12-31T00:00:00+00:00
[2022-12-31T21:21:47.384+0100] {processor.py:175} INFO - Processing /Library/Frameworks/Python.framework/Versions/3.11/lib/python3.11/site-packages/airflow/example_dags/example_branch_labels.py took 0.460 seconds
[2022-12-31T21:23:43.338+0100] {processor.py:153} INFO - Started process (PID=96862) to work on /Library/Frameworks/Python.framework/Versions/3.11/lib/python3.11/site-packages/airflow/example_dags/example_branch_labels.py
[2022-12-31T21:23:43.344+0100] {processor.py:743} INFO - Processing file /Library/Frameworks/Python.framework/Versions/3.11/lib/python3.11/site-packages/airflow/example_dags/example_branch_labels.py for tasks to queue
[2022-12-31T21:23:43.344+0100] {logging_mixin.py:137} INFO - [2022-12-31T21:23:43.344+0100] {dagbag.py:538} INFO - Filling up the DagBag from /Library/Frameworks/Python.framework/Versions/3.11/lib/python3.11/site-packages/airflow/example_dags/example_branch_labels.py
[2022-12-31T21:23:43.356+0100] {processor.py:753} INFO - DAG(s) dict_keys(['example_branch_labels']) retrieved from /Library/Frameworks/Python.framework/Versions/3.11/lib/python3.11/site-packages/airflow/example_dags/example_branch_labels.py
[2022-12-31T21:23:43.875+0100] {logging_mixin.py:137} INFO - [2022-12-31T21:23:43.875+0100] {dag.py:2676} INFO - Sync 1 DAGs
[2022-12-31T21:23:43.882+0100] {logging_mixin.py:137} INFO - [2022-12-31T21:23:43.882+0100] {dag.py:3423} INFO - Setting next_dagrun for example_branch_labels to 2022-12-30T00:00:00+00:00, run_after=2022-12-31T00:00:00+00:00
[2022-12-31T21:23:43.888+0100] {processor.py:175} INFO - Processing /Library/Frameworks/Python.framework/Versions/3.11/lib/python3.11/site-packages/airflow/example_dags/example_branch_labels.py took 0.551 seconds
[2022-12-31T21:25:36.040+0100] {processor.py:153} INFO - Started process (PID=97086) to work on /Library/Frameworks/Python.framework/Versions/3.11/lib/python3.11/site-packages/airflow/example_dags/example_branch_labels.py
[2022-12-31T21:25:36.042+0100] {processor.py:743} INFO - Processing file /Library/Frameworks/Python.framework/Versions/3.11/lib/python3.11/site-packages/airflow/example_dags/example_branch_labels.py for tasks to queue
[2022-12-31T21:25:36.042+0100] {logging_mixin.py:137} INFO - [2022-12-31T21:25:36.042+0100] {dagbag.py:538} INFO - Filling up the DagBag from /Library/Frameworks/Python.framework/Versions/3.11/lib/python3.11/site-packages/airflow/example_dags/example_branch_labels.py
[2022-12-31T21:25:36.054+0100] {processor.py:753} INFO - DAG(s) dict_keys(['example_branch_labels']) retrieved from /Library/Frameworks/Python.framework/Versions/3.11/lib/python3.11/site-packages/airflow/example_dags/example_branch_labels.py
[2022-12-31T21:25:36.515+0100] {logging_mixin.py:137} INFO - [2022-12-31T21:25:36.515+0100] {dag.py:2676} INFO - Sync 1 DAGs
[2022-12-31T21:25:36.523+0100] {logging_mixin.py:137} INFO - [2022-12-31T21:25:36.523+0100] {dag.py:3423} INFO - Setting next_dagrun for example_branch_labels to 2022-12-30T00:00:00+00:00, run_after=2022-12-31T00:00:00+00:00
[2022-12-31T21:25:36.530+0100] {processor.py:175} INFO - Processing /Library/Frameworks/Python.framework/Versions/3.11/lib/python3.11/site-packages/airflow/example_dags/example_branch_labels.py took 0.492 seconds
[2022-12-31T21:27:33.311+0100] {processor.py:153} INFO - Started process (PID=97340) to work on /Library/Frameworks/Python.framework/Versions/3.11/lib/python3.11/site-packages/airflow/example_dags/example_branch_labels.py
[2022-12-31T21:27:33.316+0100] {processor.py:743} INFO - Processing file /Library/Frameworks/Python.framework/Versions/3.11/lib/python3.11/site-packages/airflow/example_dags/example_branch_labels.py for tasks to queue
[2022-12-31T21:27:33.317+0100] {logging_mixin.py:137} INFO - [2022-12-31T21:27:33.317+0100] {dagbag.py:538} INFO - Filling up the DagBag from /Library/Frameworks/Python.framework/Versions/3.11/lib/python3.11/site-packages/airflow/example_dags/example_branch_labels.py
[2022-12-31T21:27:33.328+0100] {processor.py:753} INFO - DAG(s) dict_keys(['example_branch_labels']) retrieved from /Library/Frameworks/Python.framework/Versions/3.11/lib/python3.11/site-packages/airflow/example_dags/example_branch_labels.py
[2022-12-31T21:27:33.838+0100] {logging_mixin.py:137} INFO - [2022-12-31T21:27:33.838+0100] {dag.py:2676} INFO - Sync 1 DAGs
[2022-12-31T21:27:33.846+0100] {logging_mixin.py:137} INFO - [2022-12-31T21:27:33.846+0100] {dag.py:3423} INFO - Setting next_dagrun for example_branch_labels to 2022-12-30T00:00:00+00:00, run_after=2022-12-31T00:00:00+00:00
[2022-12-31T21:27:33.854+0100] {processor.py:175} INFO - Processing /Library/Frameworks/Python.framework/Versions/3.11/lib/python3.11/site-packages/airflow/example_dags/example_branch_labels.py took 0.544 seconds
