[2022-12-31T20:29:29.396+0100] {processor.py:153} INFO - Started process (PID=90184) to work on /Library/Frameworks/Python.framework/Versions/3.11/lib/python3.11/site-packages/airflow/example_dags/example_sensor_decorator.py
[2022-12-31T20:29:29.399+0100] {processor.py:743} INFO - Processing file /Library/Frameworks/Python.framework/Versions/3.11/lib/python3.11/site-packages/airflow/example_dags/example_sensor_decorator.py for tasks to queue
[2022-12-31T20:29:29.400+0100] {logging_mixin.py:137} INFO - [2022-12-31T20:29:29.400+0100] {dagbag.py:538} INFO - Filling up the DagBag from /Library/Frameworks/Python.framework/Versions/3.11/lib/python3.11/site-packages/airflow/example_dags/example_sensor_decorator.py
[2022-12-31T20:29:29.439+0100] {logging_mixin.py:137} WARNING - /Library/Frameworks/Python.framework/Versions/3.11/lib/python3.11/site-packages/airflow/models/dag.py:3492 RemovedInAirflow3Warning: Param `schedule_interval` is deprecated and will be removed in a future release. Please use `schedule` instead.
[2022-12-31T20:29:29.443+0100] {processor.py:753} INFO - DAG(s) dict_keys(['example_sensor_decorator']) retrieved from /Library/Frameworks/Python.framework/Versions/3.11/lib/python3.11/site-packages/airflow/example_dags/example_sensor_decorator.py
[2022-12-31T20:29:30.755+0100] {logging_mixin.py:137} INFO - [2022-12-31T20:29:30.755+0100] {manager.py:504} INFO - Created Permission View: can delete on DAG:example_sensor_decorator
[2022-12-31T20:29:30.758+0100] {logging_mixin.py:137} INFO - [2022-12-31T20:29:30.757+0100] {manager.py:504} INFO - Created Permission View: can edit on DAG:example_sensor_decorator
[2022-12-31T20:29:30.759+0100] {logging_mixin.py:137} INFO - [2022-12-31T20:29:30.759+0100] {manager.py:504} INFO - Created Permission View: can read on DAG:example_sensor_decorator
[2022-12-31T20:29:30.759+0100] {logging_mixin.py:137} INFO - [2022-12-31T20:29:30.759+0100] {dag.py:2676} INFO - Sync 1 DAGs
[2022-12-31T20:29:30.762+0100] {logging_mixin.py:137} INFO - [2022-12-31T20:29:30.762+0100] {dag.py:2697} INFO - Creating ORM DAG for example_sensor_decorator
[2022-12-31T20:29:30.765+0100] {logging_mixin.py:137} INFO - [2022-12-31T20:29:30.765+0100] {dag.py:3423} INFO - Setting next_dagrun for example_sensor_decorator to None, run_after=None
[2022-12-31T20:29:30.771+0100] {processor.py:175} INFO - Processing /Library/Frameworks/Python.framework/Versions/3.11/lib/python3.11/site-packages/airflow/example_dags/example_sensor_decorator.py took 1.376 seconds
[2022-12-31T20:31:21.287+0100] {processor.py:153} INFO - Started process (PID=90417) to work on /Library/Frameworks/Python.framework/Versions/3.11/lib/python3.11/site-packages/airflow/example_dags/example_sensor_decorator.py
[2022-12-31T20:31:21.294+0100] {processor.py:743} INFO - Processing file /Library/Frameworks/Python.framework/Versions/3.11/lib/python3.11/site-packages/airflow/example_dags/example_sensor_decorator.py for tasks to queue
[2022-12-31T20:31:21.294+0100] {logging_mixin.py:137} INFO - [2022-12-31T20:31:21.294+0100] {dagbag.py:538} INFO - Filling up the DagBag from /Library/Frameworks/Python.framework/Versions/3.11/lib/python3.11/site-packages/airflow/example_dags/example_sensor_decorator.py
[2022-12-31T20:31:21.335+0100] {logging_mixin.py:137} WARNING - /Library/Frameworks/Python.framework/Versions/3.11/lib/python3.11/site-packages/airflow/models/dag.py:3492 RemovedInAirflow3Warning: Param `schedule_interval` is deprecated and will be removed in a future release. Please use `schedule` instead.
[2022-12-31T20:31:21.342+0100] {processor.py:753} INFO - DAG(s) dict_keys(['example_sensor_decorator']) retrieved from /Library/Frameworks/Python.framework/Versions/3.11/lib/python3.11/site-packages/airflow/example_dags/example_sensor_decorator.py
[2022-12-31T20:31:22.653+0100] {logging_mixin.py:137} INFO - [2022-12-31T20:31:22.653+0100] {dag.py:2676} INFO - Sync 1 DAGs
[2022-12-31T20:31:22.659+0100] {logging_mixin.py:137} INFO - [2022-12-31T20:31:22.659+0100] {dag.py:3423} INFO - Setting next_dagrun for example_sensor_decorator to None, run_after=None
[2022-12-31T20:31:22.667+0100] {processor.py:175} INFO - Processing /Library/Frameworks/Python.framework/Versions/3.11/lib/python3.11/site-packages/airflow/example_dags/example_sensor_decorator.py took 1.381 seconds
[2022-12-31T20:32:42.666+0100] {processor.py:153} INFO - Started process (PID=90534) to work on /Library/Frameworks/Python.framework/Versions/3.11/lib/python3.11/site-packages/airflow/example_dags/example_sensor_decorator.py
[2022-12-31T20:32:42.671+0100] {processor.py:743} INFO - Processing file /Library/Frameworks/Python.framework/Versions/3.11/lib/python3.11/site-packages/airflow/example_dags/example_sensor_decorator.py for tasks to queue
[2022-12-31T20:32:42.671+0100] {logging_mixin.py:137} INFO - [2022-12-31T20:32:42.671+0100] {dagbag.py:538} INFO - Filling up the DagBag from /Library/Frameworks/Python.framework/Versions/3.11/lib/python3.11/site-packages/airflow/example_dags/example_sensor_decorator.py
[2022-12-31T20:32:42.701+0100] {logging_mixin.py:137} WARNING - /Library/Frameworks/Python.framework/Versions/3.11/lib/python3.11/site-packages/airflow/models/dag.py:3492 RemovedInAirflow3Warning: Param `schedule_interval` is deprecated and will be removed in a future release. Please use `schedule` instead.
[2022-12-31T20:32:42.704+0100] {processor.py:753} INFO - DAG(s) dict_keys(['example_sensor_decorator']) retrieved from /Library/Frameworks/Python.framework/Versions/3.11/lib/python3.11/site-packages/airflow/example_dags/example_sensor_decorator.py
[2022-12-31T20:32:43.996+0100] {logging_mixin.py:137} INFO - [2022-12-31T20:32:43.996+0100] {dag.py:2676} INFO - Sync 1 DAGs
[2022-12-31T20:32:44.002+0100] {logging_mixin.py:137} INFO - [2022-12-31T20:32:44.002+0100] {dag.py:3423} INFO - Setting next_dagrun for example_sensor_decorator to None, run_after=None
[2022-12-31T20:32:44.010+0100] {processor.py:175} INFO - Processing /Library/Frameworks/Python.framework/Versions/3.11/lib/python3.11/site-packages/airflow/example_dags/example_sensor_decorator.py took 1.345 seconds
[2022-12-31T20:34:29.380+0100] {processor.py:153} INFO - Started process (PID=90687) to work on /Library/Frameworks/Python.framework/Versions/3.11/lib/python3.11/site-packages/airflow/example_dags/example_sensor_decorator.py
[2022-12-31T20:34:29.384+0100] {processor.py:743} INFO - Processing file /Library/Frameworks/Python.framework/Versions/3.11/lib/python3.11/site-packages/airflow/example_dags/example_sensor_decorator.py for tasks to queue
[2022-12-31T20:34:29.385+0100] {logging_mixin.py:137} INFO - [2022-12-31T20:34:29.385+0100] {dagbag.py:538} INFO - Filling up the DagBag from /Library/Frameworks/Python.framework/Versions/3.11/lib/python3.11/site-packages/airflow/example_dags/example_sensor_decorator.py
[2022-12-31T20:34:29.422+0100] {logging_mixin.py:137} WARNING - /Library/Frameworks/Python.framework/Versions/3.11/lib/python3.11/site-packages/airflow/models/dag.py:3492 RemovedInAirflow3Warning: Param `schedule_interval` is deprecated and will be removed in a future release. Please use `schedule` instead.
[2022-12-31T20:34:29.425+0100] {processor.py:753} INFO - DAG(s) dict_keys(['example_sensor_decorator']) retrieved from /Library/Frameworks/Python.framework/Versions/3.11/lib/python3.11/site-packages/airflow/example_dags/example_sensor_decorator.py
[2022-12-31T20:34:30.723+0100] {logging_mixin.py:137} INFO - [2022-12-31T20:34:30.723+0100] {dag.py:2676} INFO - Sync 1 DAGs
[2022-12-31T20:34:30.728+0100] {logging_mixin.py:137} INFO - [2022-12-31T20:34:30.728+0100] {dag.py:3423} INFO - Setting next_dagrun for example_sensor_decorator to None, run_after=None
[2022-12-31T20:34:30.736+0100] {processor.py:175} INFO - Processing /Library/Frameworks/Python.framework/Versions/3.11/lib/python3.11/site-packages/airflow/example_dags/example_sensor_decorator.py took 1.356 seconds
[2022-12-31T20:36:03.532+0100] {processor.py:153} INFO - Started process (PID=90819) to work on /Library/Frameworks/Python.framework/Versions/3.11/lib/python3.11/site-packages/airflow/example_dags/example_sensor_decorator.py
[2022-12-31T20:36:03.534+0100] {processor.py:743} INFO - Processing file /Library/Frameworks/Python.framework/Versions/3.11/lib/python3.11/site-packages/airflow/example_dags/example_sensor_decorator.py for tasks to queue
[2022-12-31T20:36:03.534+0100] {logging_mixin.py:137} INFO - [2022-12-31T20:36:03.534+0100] {dagbag.py:538} INFO - Filling up the DagBag from /Library/Frameworks/Python.framework/Versions/3.11/lib/python3.11/site-packages/airflow/example_dags/example_sensor_decorator.py
[2022-12-31T20:36:03.572+0100] {logging_mixin.py:137} WARNING - /Library/Frameworks/Python.framework/Versions/3.11/lib/python3.11/site-packages/airflow/models/dag.py:3492 RemovedInAirflow3Warning: Param `schedule_interval` is deprecated and will be removed in a future release. Please use `schedule` instead.
[2022-12-31T20:36:03.576+0100] {processor.py:753} INFO - DAG(s) dict_keys(['example_sensor_decorator']) retrieved from /Library/Frameworks/Python.framework/Versions/3.11/lib/python3.11/site-packages/airflow/example_dags/example_sensor_decorator.py
[2022-12-31T20:36:04.945+0100] {logging_mixin.py:137} INFO - [2022-12-31T20:36:04.945+0100] {dag.py:2676} INFO - Sync 1 DAGs
[2022-12-31T20:36:04.951+0100] {logging_mixin.py:137} INFO - [2022-12-31T20:36:04.951+0100] {dag.py:3423} INFO - Setting next_dagrun for example_sensor_decorator to None, run_after=None
[2022-12-31T20:36:04.959+0100] {processor.py:175} INFO - Processing /Library/Frameworks/Python.framework/Versions/3.11/lib/python3.11/site-packages/airflow/example_dags/example_sensor_decorator.py took 1.427 seconds
[2022-12-31T20:37:25.665+0100] {processor.py:153} INFO - Started process (PID=90944) to work on /Library/Frameworks/Python.framework/Versions/3.11/lib/python3.11/site-packages/airflow/example_dags/example_sensor_decorator.py
[2022-12-31T20:37:25.670+0100] {processor.py:743} INFO - Processing file /Library/Frameworks/Python.framework/Versions/3.11/lib/python3.11/site-packages/airflow/example_dags/example_sensor_decorator.py for tasks to queue
[2022-12-31T20:37:25.670+0100] {logging_mixin.py:137} INFO - [2022-12-31T20:37:25.670+0100] {dagbag.py:538} INFO - Filling up the DagBag from /Library/Frameworks/Python.framework/Versions/3.11/lib/python3.11/site-packages/airflow/example_dags/example_sensor_decorator.py
[2022-12-31T20:37:25.708+0100] {logging_mixin.py:137} WARNING - /Library/Frameworks/Python.framework/Versions/3.11/lib/python3.11/site-packages/airflow/models/dag.py:3492 RemovedInAirflow3Warning: Param `schedule_interval` is deprecated and will be removed in a future release. Please use `schedule` instead.
[2022-12-31T20:37:25.711+0100] {processor.py:753} INFO - DAG(s) dict_keys(['example_sensor_decorator']) retrieved from /Library/Frameworks/Python.framework/Versions/3.11/lib/python3.11/site-packages/airflow/example_dags/example_sensor_decorator.py
[2022-12-31T20:37:26.991+0100] {logging_mixin.py:137} INFO - [2022-12-31T20:37:26.991+0100] {dag.py:2676} INFO - Sync 1 DAGs
[2022-12-31T20:37:26.996+0100] {logging_mixin.py:137} INFO - [2022-12-31T20:37:26.996+0100] {dag.py:3423} INFO - Setting next_dagrun for example_sensor_decorator to None, run_after=None
[2022-12-31T20:37:27.004+0100] {processor.py:175} INFO - Processing /Library/Frameworks/Python.framework/Versions/3.11/lib/python3.11/site-packages/airflow/example_dags/example_sensor_decorator.py took 1.340 seconds
[2022-12-31T20:39:06.499+0100] {processor.py:153} INFO - Started process (PID=91075) to work on /Library/Frameworks/Python.framework/Versions/3.11/lib/python3.11/site-packages/airflow/example_dags/example_sensor_decorator.py
[2022-12-31T20:39:06.504+0100] {processor.py:743} INFO - Processing file /Library/Frameworks/Python.framework/Versions/3.11/lib/python3.11/site-packages/airflow/example_dags/example_sensor_decorator.py for tasks to queue
[2022-12-31T20:39:06.504+0100] {logging_mixin.py:137} INFO - [2022-12-31T20:39:06.504+0100] {dagbag.py:538} INFO - Filling up the DagBag from /Library/Frameworks/Python.framework/Versions/3.11/lib/python3.11/site-packages/airflow/example_dags/example_sensor_decorator.py
[2022-12-31T20:39:06.543+0100] {logging_mixin.py:137} WARNING - /Library/Frameworks/Python.framework/Versions/3.11/lib/python3.11/site-packages/airflow/models/dag.py:3492 RemovedInAirflow3Warning: Param `schedule_interval` is deprecated and will be removed in a future release. Please use `schedule` instead.
[2022-12-31T20:39:06.546+0100] {processor.py:753} INFO - DAG(s) dict_keys(['example_sensor_decorator']) retrieved from /Library/Frameworks/Python.framework/Versions/3.11/lib/python3.11/site-packages/airflow/example_dags/example_sensor_decorator.py
[2022-12-31T20:39:07.875+0100] {logging_mixin.py:137} INFO - [2022-12-31T20:39:07.875+0100] {dag.py:2676} INFO - Sync 1 DAGs
[2022-12-31T20:39:07.881+0100] {logging_mixin.py:137} INFO - [2022-12-31T20:39:07.881+0100] {dag.py:3423} INFO - Setting next_dagrun for example_sensor_decorator to None, run_after=None
[2022-12-31T20:39:07.888+0100] {processor.py:175} INFO - Processing /Library/Frameworks/Python.framework/Versions/3.11/lib/python3.11/site-packages/airflow/example_dags/example_sensor_decorator.py took 1.391 seconds
[2022-12-31T20:40:52.438+0100] {processor.py:153} INFO - Started process (PID=91279) to work on /Library/Frameworks/Python.framework/Versions/3.11/lib/python3.11/site-packages/airflow/example_dags/example_sensor_decorator.py
[2022-12-31T20:40:52.443+0100] {processor.py:743} INFO - Processing file /Library/Frameworks/Python.framework/Versions/3.11/lib/python3.11/site-packages/airflow/example_dags/example_sensor_decorator.py for tasks to queue
[2022-12-31T20:40:52.443+0100] {logging_mixin.py:137} INFO - [2022-12-31T20:40:52.443+0100] {dagbag.py:538} INFO - Filling up the DagBag from /Library/Frameworks/Python.framework/Versions/3.11/lib/python3.11/site-packages/airflow/example_dags/example_sensor_decorator.py
[2022-12-31T20:40:52.479+0100] {logging_mixin.py:137} WARNING - /Library/Frameworks/Python.framework/Versions/3.11/lib/python3.11/site-packages/airflow/models/dag.py:3492 RemovedInAirflow3Warning: Param `schedule_interval` is deprecated and will be removed in a future release. Please use `schedule` instead.
[2022-12-31T20:40:52.482+0100] {processor.py:753} INFO - DAG(s) dict_keys(['example_sensor_decorator']) retrieved from /Library/Frameworks/Python.framework/Versions/3.11/lib/python3.11/site-packages/airflow/example_dags/example_sensor_decorator.py
[2022-12-31T20:40:53.769+0100] {logging_mixin.py:137} INFO - [2022-12-31T20:40:53.769+0100] {dag.py:2676} INFO - Sync 1 DAGs
[2022-12-31T20:40:53.774+0100] {logging_mixin.py:137} INFO - [2022-12-31T20:40:53.774+0100] {dag.py:3423} INFO - Setting next_dagrun for example_sensor_decorator to None, run_after=None
[2022-12-31T20:40:53.782+0100] {processor.py:175} INFO - Processing /Library/Frameworks/Python.framework/Versions/3.11/lib/python3.11/site-packages/airflow/example_dags/example_sensor_decorator.py took 1.345 seconds
[2022-12-31T20:42:40.066+0100] {processor.py:153} INFO - Started process (PID=91465) to work on /Library/Frameworks/Python.framework/Versions/3.11/lib/python3.11/site-packages/airflow/example_dags/example_sensor_decorator.py
[2022-12-31T20:42:40.070+0100] {processor.py:743} INFO - Processing file /Library/Frameworks/Python.framework/Versions/3.11/lib/python3.11/site-packages/airflow/example_dags/example_sensor_decorator.py for tasks to queue
[2022-12-31T20:42:40.070+0100] {logging_mixin.py:137} INFO - [2022-12-31T20:42:40.070+0100] {dagbag.py:538} INFO - Filling up the DagBag from /Library/Frameworks/Python.framework/Versions/3.11/lib/python3.11/site-packages/airflow/example_dags/example_sensor_decorator.py
[2022-12-31T20:42:40.106+0100] {logging_mixin.py:137} WARNING - /Library/Frameworks/Python.framework/Versions/3.11/lib/python3.11/site-packages/airflow/models/dag.py:3492 RemovedInAirflow3Warning: Param `schedule_interval` is deprecated and will be removed in a future release. Please use `schedule` instead.
[2022-12-31T20:42:40.110+0100] {processor.py:753} INFO - DAG(s) dict_keys(['example_sensor_decorator']) retrieved from /Library/Frameworks/Python.framework/Versions/3.11/lib/python3.11/site-packages/airflow/example_dags/example_sensor_decorator.py
[2022-12-31T20:42:41.380+0100] {logging_mixin.py:137} INFO - [2022-12-31T20:42:41.380+0100] {dag.py:2676} INFO - Sync 1 DAGs
[2022-12-31T20:42:41.385+0100] {logging_mixin.py:137} INFO - [2022-12-31T20:42:41.385+0100] {dag.py:3423} INFO - Setting next_dagrun for example_sensor_decorator to None, run_after=None
[2022-12-31T20:42:41.392+0100] {processor.py:175} INFO - Processing /Library/Frameworks/Python.framework/Versions/3.11/lib/python3.11/site-packages/airflow/example_dags/example_sensor_decorator.py took 1.327 seconds
[2022-12-31T20:45:40.646+0100] {processor.py:153} INFO - Started process (PID=91817) to work on /Library/Frameworks/Python.framework/Versions/3.11/lib/python3.11/site-packages/airflow/example_dags/example_sensor_decorator.py
[2022-12-31T20:45:40.648+0100] {processor.py:743} INFO - Processing file /Library/Frameworks/Python.framework/Versions/3.11/lib/python3.11/site-packages/airflow/example_dags/example_sensor_decorator.py for tasks to queue
[2022-12-31T20:45:40.648+0100] {logging_mixin.py:137} INFO - [2022-12-31T20:45:40.648+0100] {dagbag.py:538} INFO - Filling up the DagBag from /Library/Frameworks/Python.framework/Versions/3.11/lib/python3.11/site-packages/airflow/example_dags/example_sensor_decorator.py
[2022-12-31T20:45:40.687+0100] {logging_mixin.py:137} WARNING - /Library/Frameworks/Python.framework/Versions/3.11/lib/python3.11/site-packages/airflow/models/dag.py:3492 RemovedInAirflow3Warning: Param `schedule_interval` is deprecated and will be removed in a future release. Please use `schedule` instead.
[2022-12-31T20:45:40.694+0100] {processor.py:753} INFO - DAG(s) dict_keys(['example_sensor_decorator']) retrieved from /Library/Frameworks/Python.framework/Versions/3.11/lib/python3.11/site-packages/airflow/example_dags/example_sensor_decorator.py
[2022-12-31T20:45:51.260+0100] {logging_mixin.py:137} INFO - [2022-12-31T20:45:51.260+0100] {dag.py:2676} INFO - Sync 1 DAGs
[2022-12-31T20:45:51.267+0100] {logging_mixin.py:137} INFO - [2022-12-31T20:45:51.267+0100] {dag.py:3423} INFO - Setting next_dagrun for example_sensor_decorator to None, run_after=None
[2022-12-31T20:45:51.275+0100] {processor.py:175} INFO - Processing /Library/Frameworks/Python.framework/Versions/3.11/lib/python3.11/site-packages/airflow/example_dags/example_sensor_decorator.py took 10.630 seconds
[2022-12-31T20:49:29.535+0100] {processor.py:153} INFO - Started process (PID=92253) to work on /Library/Frameworks/Python.framework/Versions/3.11/lib/python3.11/site-packages/airflow/example_dags/example_sensor_decorator.py
[2022-12-31T20:49:29.537+0100] {processor.py:743} INFO - Processing file /Library/Frameworks/Python.framework/Versions/3.11/lib/python3.11/site-packages/airflow/example_dags/example_sensor_decorator.py for tasks to queue
[2022-12-31T20:49:29.538+0100] {logging_mixin.py:137} INFO - [2022-12-31T20:49:29.537+0100] {dagbag.py:538} INFO - Filling up the DagBag from /Library/Frameworks/Python.framework/Versions/3.11/lib/python3.11/site-packages/airflow/example_dags/example_sensor_decorator.py
[2022-12-31T20:49:29.599+0100] {logging_mixin.py:137} WARNING - /Library/Frameworks/Python.framework/Versions/3.11/lib/python3.11/site-packages/airflow/models/dag.py:3492 RemovedInAirflow3Warning: Param `schedule_interval` is deprecated and will be removed in a future release. Please use `schedule` instead.
[2022-12-31T20:49:29.606+0100] {processor.py:753} INFO - DAG(s) dict_keys(['example_sensor_decorator']) retrieved from /Library/Frameworks/Python.framework/Versions/3.11/lib/python3.11/site-packages/airflow/example_dags/example_sensor_decorator.py
[2022-12-31T20:49:42.795+0100] {logging_mixin.py:137} INFO - {2.3: 'Indiana Pacers', 1.7: 'LA Clippers'}
[2022-12-31T20:49:42.928+0100] {logging_mixin.py:137} INFO - [2022-12-31T20:49:42.928+0100] {dag.py:2676} INFO - Sync 1 DAGs
[2022-12-31T20:49:42.934+0100] {logging_mixin.py:137} INFO - [2022-12-31T20:49:42.934+0100] {dag.py:3423} INFO - Setting next_dagrun for example_sensor_decorator to None, run_after=None
[2022-12-31T20:49:42.942+0100] {processor.py:175} INFO - Processing /Library/Frameworks/Python.framework/Versions/3.11/lib/python3.11/site-packages/airflow/example_dags/example_sensor_decorator.py took 13.407 seconds
[2022-12-31T20:54:04.692+0100] {processor.py:153} INFO - Started process (PID=92922) to work on /Library/Frameworks/Python.framework/Versions/3.11/lib/python3.11/site-packages/airflow/example_dags/example_sensor_decorator.py
[2022-12-31T20:54:04.694+0100] {processor.py:743} INFO - Processing file /Library/Frameworks/Python.framework/Versions/3.11/lib/python3.11/site-packages/airflow/example_dags/example_sensor_decorator.py for tasks to queue
[2022-12-31T20:54:04.694+0100] {logging_mixin.py:137} INFO - [2022-12-31T20:54:04.694+0100] {dagbag.py:538} INFO - Filling up the DagBag from /Library/Frameworks/Python.framework/Versions/3.11/lib/python3.11/site-packages/airflow/example_dags/example_sensor_decorator.py
[2022-12-31T20:54:04.745+0100] {logging_mixin.py:137} WARNING - /Library/Frameworks/Python.framework/Versions/3.11/lib/python3.11/site-packages/airflow/models/dag.py:3492 RemovedInAirflow3Warning: Param `schedule_interval` is deprecated and will be removed in a future release. Please use `schedule` instead.
[2022-12-31T20:54:04.750+0100] {processor.py:753} INFO - DAG(s) dict_keys(['example_sensor_decorator']) retrieved from /Library/Frameworks/Python.framework/Versions/3.11/lib/python3.11/site-packages/airflow/example_dags/example_sensor_decorator.py
[2022-12-31T20:54:17.146+0100] {logging_mixin.py:137} INFO - {2.3: 'Indiana Pacers', 1.7: 'LA Clippers'}
[2022-12-31T20:54:17.316+0100] {logging_mixin.py:137} INFO - [2022-12-31T20:54:17.316+0100] {dag.py:2676} INFO - Sync 1 DAGs
[2022-12-31T20:54:17.323+0100] {logging_mixin.py:137} INFO - [2022-12-31T20:54:17.323+0100] {dag.py:3423} INFO - Setting next_dagrun for example_sensor_decorator to None, run_after=None
[2022-12-31T20:54:17.333+0100] {processor.py:175} INFO - Processing /Library/Frameworks/Python.framework/Versions/3.11/lib/python3.11/site-packages/airflow/example_dags/example_sensor_decorator.py took 12.641 seconds
[2022-12-31T20:56:46.634+0100] {processor.py:153} INFO - Started process (PID=93330) to work on /Library/Frameworks/Python.framework/Versions/3.11/lib/python3.11/site-packages/airflow/example_dags/example_sensor_decorator.py
[2022-12-31T20:56:46.639+0100] {processor.py:743} INFO - Processing file /Library/Frameworks/Python.framework/Versions/3.11/lib/python3.11/site-packages/airflow/example_dags/example_sensor_decorator.py for tasks to queue
[2022-12-31T20:56:46.640+0100] {logging_mixin.py:137} INFO - [2022-12-31T20:56:46.639+0100] {dagbag.py:538} INFO - Filling up the DagBag from /Library/Frameworks/Python.framework/Versions/3.11/lib/python3.11/site-packages/airflow/example_dags/example_sensor_decorator.py
[2022-12-31T20:56:46.705+0100] {logging_mixin.py:137} WARNING - /Library/Frameworks/Python.framework/Versions/3.11/lib/python3.11/site-packages/airflow/models/dag.py:3492 RemovedInAirflow3Warning: Param `schedule_interval` is deprecated and will be removed in a future release. Please use `schedule` instead.
[2022-12-31T20:56:46.709+0100] {processor.py:753} INFO - DAG(s) dict_keys(['example_sensor_decorator']) retrieved from /Library/Frameworks/Python.framework/Versions/3.11/lib/python3.11/site-packages/airflow/example_dags/example_sensor_decorator.py
[2022-12-31T20:56:48.479+0100] {logging_mixin.py:137} INFO - {2.3: 'Indiana Pacers', 1.7: 'LA Clippers'}
[2022-12-31T20:56:48.624+0100] {logging_mixin.py:137} INFO - [2022-12-31T20:56:48.624+0100] {dag.py:2676} INFO - Sync 1 DAGs
[2022-12-31T20:56:48.632+0100] {logging_mixin.py:137} INFO - [2022-12-31T20:56:48.631+0100] {dag.py:3423} INFO - Setting next_dagrun for example_sensor_decorator to None, run_after=None
[2022-12-31T20:56:48.638+0100] {processor.py:175} INFO - Processing /Library/Frameworks/Python.framework/Versions/3.11/lib/python3.11/site-packages/airflow/example_dags/example_sensor_decorator.py took 2.005 seconds
[2022-12-31T20:58:48.249+0100] {processor.py:153} INFO - Started process (PID=93606) to work on /Library/Frameworks/Python.framework/Versions/3.11/lib/python3.11/site-packages/airflow/example_dags/example_sensor_decorator.py
[2022-12-31T20:58:48.253+0100] {processor.py:743} INFO - Processing file /Library/Frameworks/Python.framework/Versions/3.11/lib/python3.11/site-packages/airflow/example_dags/example_sensor_decorator.py for tasks to queue
[2022-12-31T20:58:48.253+0100] {logging_mixin.py:137} INFO - [2022-12-31T20:58:48.253+0100] {dagbag.py:538} INFO - Filling up the DagBag from /Library/Frameworks/Python.framework/Versions/3.11/lib/python3.11/site-packages/airflow/example_dags/example_sensor_decorator.py
[2022-12-31T20:58:48.291+0100] {logging_mixin.py:137} WARNING - /Library/Frameworks/Python.framework/Versions/3.11/lib/python3.11/site-packages/airflow/models/dag.py:3492 RemovedInAirflow3Warning: Param `schedule_interval` is deprecated and will be removed in a future release. Please use `schedule` instead.
[2022-12-31T20:58:48.295+0100] {processor.py:753} INFO - DAG(s) dict_keys(['example_sensor_decorator']) retrieved from /Library/Frameworks/Python.framework/Versions/3.11/lib/python3.11/site-packages/airflow/example_dags/example_sensor_decorator.py
[2022-12-31T20:58:49.842+0100] {logging_mixin.py:137} INFO - {2.3: 'Indiana Pacers', 1.72: 'LA Clippers'}
[2022-12-31T20:58:49.967+0100] {logging_mixin.py:137} INFO - [2022-12-31T20:58:49.967+0100] {dag.py:2676} INFO - Sync 1 DAGs
[2022-12-31T20:58:49.973+0100] {logging_mixin.py:137} INFO - [2022-12-31T20:58:49.973+0100] {dag.py:3423} INFO - Setting next_dagrun for example_sensor_decorator to None, run_after=None
[2022-12-31T20:58:49.979+0100] {processor.py:175} INFO - Processing /Library/Frameworks/Python.framework/Versions/3.11/lib/python3.11/site-packages/airflow/example_dags/example_sensor_decorator.py took 1.732 seconds
[2022-12-31T21:00:52.530+0100] {processor.py:153} INFO - Started process (PID=93819) to work on /Library/Frameworks/Python.framework/Versions/3.11/lib/python3.11/site-packages/airflow/example_dags/example_sensor_decorator.py
[2022-12-31T21:00:52.535+0100] {processor.py:743} INFO - Processing file /Library/Frameworks/Python.framework/Versions/3.11/lib/python3.11/site-packages/airflow/example_dags/example_sensor_decorator.py for tasks to queue
[2022-12-31T21:00:52.536+0100] {logging_mixin.py:137} INFO - [2022-12-31T21:00:52.535+0100] {dagbag.py:538} INFO - Filling up the DagBag from /Library/Frameworks/Python.framework/Versions/3.11/lib/python3.11/site-packages/airflow/example_dags/example_sensor_decorator.py
[2022-12-31T21:00:52.580+0100] {logging_mixin.py:137} WARNING - /Library/Frameworks/Python.framework/Versions/3.11/lib/python3.11/site-packages/airflow/models/dag.py:3492 RemovedInAirflow3Warning: Param `schedule_interval` is deprecated and will be removed in a future release. Please use `schedule` instead.
[2022-12-31T21:00:52.584+0100] {processor.py:753} INFO - DAG(s) dict_keys(['example_sensor_decorator']) retrieved from /Library/Frameworks/Python.framework/Versions/3.11/lib/python3.11/site-packages/airflow/example_dags/example_sensor_decorator.py
[2022-12-31T21:00:54.289+0100] {logging_mixin.py:137} INFO - {2.3: 'Indiana Pacers', 1.72: 'LA Clippers'}
[2022-12-31T21:00:54.430+0100] {logging_mixin.py:137} INFO - [2022-12-31T21:00:54.430+0100] {dag.py:2676} INFO - Sync 1 DAGs
[2022-12-31T21:00:54.439+0100] {logging_mixin.py:137} INFO - [2022-12-31T21:00:54.439+0100] {dag.py:3423} INFO - Setting next_dagrun for example_sensor_decorator to None, run_after=None
[2022-12-31T21:00:54.448+0100] {processor.py:175} INFO - Processing /Library/Frameworks/Python.framework/Versions/3.11/lib/python3.11/site-packages/airflow/example_dags/example_sensor_decorator.py took 1.919 seconds
[2022-12-31T21:02:52.259+0100] {processor.py:153} INFO - Started process (PID=94211) to work on /Library/Frameworks/Python.framework/Versions/3.11/lib/python3.11/site-packages/airflow/example_dags/example_sensor_decorator.py
[2022-12-31T21:02:52.263+0100] {processor.py:743} INFO - Processing file /Library/Frameworks/Python.framework/Versions/3.11/lib/python3.11/site-packages/airflow/example_dags/example_sensor_decorator.py for tasks to queue
[2022-12-31T21:02:52.263+0100] {logging_mixin.py:137} INFO - [2022-12-31T21:02:52.263+0100] {dagbag.py:538} INFO - Filling up the DagBag from /Library/Frameworks/Python.framework/Versions/3.11/lib/python3.11/site-packages/airflow/example_dags/example_sensor_decorator.py
[2022-12-31T21:02:52.323+0100] {logging_mixin.py:137} WARNING - /Library/Frameworks/Python.framework/Versions/3.11/lib/python3.11/site-packages/airflow/models/dag.py:3492 RemovedInAirflow3Warning: Param `schedule_interval` is deprecated and will be removed in a future release. Please use `schedule` instead.
[2022-12-31T21:02:52.326+0100] {processor.py:753} INFO - DAG(s) dict_keys(['example_sensor_decorator']) retrieved from /Library/Frameworks/Python.framework/Versions/3.11/lib/python3.11/site-packages/airflow/example_dags/example_sensor_decorator.py
[2022-12-31T21:02:54.904+0100] {logging_mixin.py:137} INFO - {2.3: 'Indiana Pacers', 1.72: 'LA Clippers'}
[2022-12-31T21:02:55.068+0100] {logging_mixin.py:137} INFO - [2022-12-31T21:02:55.068+0100] {dag.py:2676} INFO - Sync 1 DAGs
[2022-12-31T21:02:55.076+0100] {logging_mixin.py:137} INFO - [2022-12-31T21:02:55.076+0100] {dag.py:3423} INFO - Setting next_dagrun for example_sensor_decorator to None, run_after=None
[2022-12-31T21:02:55.084+0100] {processor.py:175} INFO - Processing /Library/Frameworks/Python.framework/Versions/3.11/lib/python3.11/site-packages/airflow/example_dags/example_sensor_decorator.py took 2.826 seconds
[2022-12-31T21:05:00.884+0100] {processor.py:153} INFO - Started process (PID=94473) to work on /Library/Frameworks/Python.framework/Versions/3.11/lib/python3.11/site-packages/airflow/example_dags/example_sensor_decorator.py
[2022-12-31T21:05:00.889+0100] {processor.py:743} INFO - Processing file /Library/Frameworks/Python.framework/Versions/3.11/lib/python3.11/site-packages/airflow/example_dags/example_sensor_decorator.py for tasks to queue
[2022-12-31T21:05:00.889+0100] {logging_mixin.py:137} INFO - [2022-12-31T21:05:00.889+0100] {dagbag.py:538} INFO - Filling up the DagBag from /Library/Frameworks/Python.framework/Versions/3.11/lib/python3.11/site-packages/airflow/example_dags/example_sensor_decorator.py
[2022-12-31T21:05:00.925+0100] {logging_mixin.py:137} WARNING - /Library/Frameworks/Python.framework/Versions/3.11/lib/python3.11/site-packages/airflow/models/dag.py:3492 RemovedInAirflow3Warning: Param `schedule_interval` is deprecated and will be removed in a future release. Please use `schedule` instead.
[2022-12-31T21:05:00.928+0100] {processor.py:753} INFO - DAG(s) dict_keys(['example_sensor_decorator']) retrieved from /Library/Frameworks/Python.framework/Versions/3.11/lib/python3.11/site-packages/airflow/example_dags/example_sensor_decorator.py
[2022-12-31T21:05:02.637+0100] {logging_mixin.py:137} INFO - {2.3: 'Indiana Pacers', 1.72: 'LA Clippers'}
[2022-12-31T21:05:02.764+0100] {logging_mixin.py:137} INFO - [2022-12-31T21:05:02.763+0100] {dag.py:2676} INFO - Sync 1 DAGs
[2022-12-31T21:05:02.769+0100] {logging_mixin.py:137} INFO - [2022-12-31T21:05:02.769+0100] {dag.py:3423} INFO - Setting next_dagrun for example_sensor_decorator to None, run_after=None
[2022-12-31T21:05:02.775+0100] {processor.py:175} INFO - Processing /Library/Frameworks/Python.framework/Versions/3.11/lib/python3.11/site-packages/airflow/example_dags/example_sensor_decorator.py took 1.892 seconds
[2022-12-31T21:06:49.328+0100] {processor.py:153} INFO - Started process (PID=94716) to work on /Library/Frameworks/Python.framework/Versions/3.11/lib/python3.11/site-packages/airflow/example_dags/example_sensor_decorator.py
[2022-12-31T21:06:49.333+0100] {processor.py:743} INFO - Processing file /Library/Frameworks/Python.framework/Versions/3.11/lib/python3.11/site-packages/airflow/example_dags/example_sensor_decorator.py for tasks to queue
[2022-12-31T21:06:49.333+0100] {logging_mixin.py:137} INFO - [2022-12-31T21:06:49.333+0100] {dagbag.py:538} INFO - Filling up the DagBag from /Library/Frameworks/Python.framework/Versions/3.11/lib/python3.11/site-packages/airflow/example_dags/example_sensor_decorator.py
[2022-12-31T21:06:49.364+0100] {logging_mixin.py:137} WARNING - /Library/Frameworks/Python.framework/Versions/3.11/lib/python3.11/site-packages/airflow/models/dag.py:3492 RemovedInAirflow3Warning: Param `schedule_interval` is deprecated and will be removed in a future release. Please use `schedule` instead.
[2022-12-31T21:06:49.367+0100] {processor.py:753} INFO - DAG(s) dict_keys(['example_sensor_decorator']) retrieved from /Library/Frameworks/Python.framework/Versions/3.11/lib/python3.11/site-packages/airflow/example_dags/example_sensor_decorator.py
[2022-12-31T21:06:50.955+0100] {logging_mixin.py:137} INFO - {2.3: 'Indiana Pacers', 1.72: 'LA Clippers'}
[2022-12-31T21:06:51.082+0100] {logging_mixin.py:137} INFO - [2022-12-31T21:06:51.082+0100] {dag.py:2676} INFO - Sync 1 DAGs
[2022-12-31T21:06:51.089+0100] {logging_mixin.py:137} INFO - [2022-12-31T21:06:51.089+0100] {dag.py:3423} INFO - Setting next_dagrun for example_sensor_decorator to None, run_after=None
[2022-12-31T21:06:51.096+0100] {processor.py:175} INFO - Processing /Library/Frameworks/Python.framework/Versions/3.11/lib/python3.11/site-packages/airflow/example_dags/example_sensor_decorator.py took 1.769 seconds
[2022-12-31T21:08:45.759+0100] {processor.py:153} INFO - Started process (PID=94986) to work on /Library/Frameworks/Python.framework/Versions/3.11/lib/python3.11/site-packages/airflow/example_dags/example_sensor_decorator.py
[2022-12-31T21:08:45.763+0100] {processor.py:743} INFO - Processing file /Library/Frameworks/Python.framework/Versions/3.11/lib/python3.11/site-packages/airflow/example_dags/example_sensor_decorator.py for tasks to queue
[2022-12-31T21:08:45.763+0100] {logging_mixin.py:137} INFO - [2022-12-31T21:08:45.763+0100] {dagbag.py:538} INFO - Filling up the DagBag from /Library/Frameworks/Python.framework/Versions/3.11/lib/python3.11/site-packages/airflow/example_dags/example_sensor_decorator.py
[2022-12-31T21:08:45.801+0100] {logging_mixin.py:137} WARNING - /Library/Frameworks/Python.framework/Versions/3.11/lib/python3.11/site-packages/airflow/models/dag.py:3492 RemovedInAirflow3Warning: Param `schedule_interval` is deprecated and will be removed in a future release. Please use `schedule` instead.
[2022-12-31T21:08:45.810+0100] {processor.py:753} INFO - DAG(s) dict_keys(['example_sensor_decorator']) retrieved from /Library/Frameworks/Python.framework/Versions/3.11/lib/python3.11/site-packages/airflow/example_dags/example_sensor_decorator.py
[2022-12-31T21:08:47.755+0100] {logging_mixin.py:137} INFO - {2.3: 'Indiana Pacers', 1.72: 'LA Clippers'}
[2022-12-31T21:08:47.916+0100] {logging_mixin.py:137} INFO - [2022-12-31T21:08:47.916+0100] {dag.py:2676} INFO - Sync 1 DAGs
[2022-12-31T21:08:47.924+0100] {logging_mixin.py:137} INFO - [2022-12-31T21:08:47.924+0100] {dag.py:3423} INFO - Setting next_dagrun for example_sensor_decorator to None, run_after=None
[2022-12-31T21:08:47.932+0100] {processor.py:175} INFO - Processing /Library/Frameworks/Python.framework/Versions/3.11/lib/python3.11/site-packages/airflow/example_dags/example_sensor_decorator.py took 2.174 seconds
[2022-12-31T21:10:47.205+0100] {processor.py:153} INFO - Started process (PID=95279) to work on /Library/Frameworks/Python.framework/Versions/3.11/lib/python3.11/site-packages/airflow/example_dags/example_sensor_decorator.py
[2022-12-31T21:10:47.210+0100] {processor.py:743} INFO - Processing file /Library/Frameworks/Python.framework/Versions/3.11/lib/python3.11/site-packages/airflow/example_dags/example_sensor_decorator.py for tasks to queue
[2022-12-31T21:10:47.210+0100] {logging_mixin.py:137} INFO - [2022-12-31T21:10:47.210+0100] {dagbag.py:538} INFO - Filling up the DagBag from /Library/Frameworks/Python.framework/Versions/3.11/lib/python3.11/site-packages/airflow/example_dags/example_sensor_decorator.py
[2022-12-31T21:10:47.269+0100] {logging_mixin.py:137} WARNING - /Library/Frameworks/Python.framework/Versions/3.11/lib/python3.11/site-packages/airflow/models/dag.py:3492 RemovedInAirflow3Warning: Param `schedule_interval` is deprecated and will be removed in a future release. Please use `schedule` instead.
[2022-12-31T21:10:47.273+0100] {processor.py:753} INFO - DAG(s) dict_keys(['example_sensor_decorator']) retrieved from /Library/Frameworks/Python.framework/Versions/3.11/lib/python3.11/site-packages/airflow/example_dags/example_sensor_decorator.py
[2022-12-31T21:10:49.637+0100] {logging_mixin.py:137} INFO - {2.3: 'Indiana Pacers', 1.72: 'LA Clippers'}
[2022-12-31T21:10:49.775+0100] {logging_mixin.py:137} INFO - [2022-12-31T21:10:49.775+0100] {dag.py:2676} INFO - Sync 1 DAGs
[2022-12-31T21:10:49.781+0100] {logging_mixin.py:137} INFO - [2022-12-31T21:10:49.781+0100] {dag.py:3423} INFO - Setting next_dagrun for example_sensor_decorator to None, run_after=None
[2022-12-31T21:10:49.787+0100] {processor.py:175} INFO - Processing /Library/Frameworks/Python.framework/Versions/3.11/lib/python3.11/site-packages/airflow/example_dags/example_sensor_decorator.py took 2.583 seconds
[2022-12-31T21:12:55.060+0100] {processor.py:153} INFO - Started process (PID=95598) to work on /Library/Frameworks/Python.framework/Versions/3.11/lib/python3.11/site-packages/airflow/example_dags/example_sensor_decorator.py
[2022-12-31T21:12:55.064+0100] {processor.py:743} INFO - Processing file /Library/Frameworks/Python.framework/Versions/3.11/lib/python3.11/site-packages/airflow/example_dags/example_sensor_decorator.py for tasks to queue
[2022-12-31T21:12:55.064+0100] {logging_mixin.py:137} INFO - [2022-12-31T21:12:55.064+0100] {dagbag.py:538} INFO - Filling up the DagBag from /Library/Frameworks/Python.framework/Versions/3.11/lib/python3.11/site-packages/airflow/example_dags/example_sensor_decorator.py
[2022-12-31T21:12:55.144+0100] {logging_mixin.py:137} WARNING - /Library/Frameworks/Python.framework/Versions/3.11/lib/python3.11/site-packages/airflow/models/dag.py:3492 RemovedInAirflow3Warning: Param `schedule_interval` is deprecated and will be removed in a future release. Please use `schedule` instead.
[2022-12-31T21:12:55.158+0100] {processor.py:753} INFO - DAG(s) dict_keys(['example_sensor_decorator']) retrieved from /Library/Frameworks/Python.framework/Versions/3.11/lib/python3.11/site-packages/airflow/example_dags/example_sensor_decorator.py
[2022-12-31T21:12:57.430+0100] {logging_mixin.py:137} INFO - {2.3: 'Indiana Pacers', 1.72: 'LA Clippers'}
[2022-12-31T21:12:57.582+0100] {logging_mixin.py:137} INFO - [2022-12-31T21:12:57.582+0100] {dag.py:2676} INFO - Sync 1 DAGs
[2022-12-31T21:12:57.590+0100] {logging_mixin.py:137} INFO - [2022-12-31T21:12:57.590+0100] {dag.py:3423} INFO - Setting next_dagrun for example_sensor_decorator to None, run_after=None
[2022-12-31T21:12:57.597+0100] {processor.py:175} INFO - Processing /Library/Frameworks/Python.framework/Versions/3.11/lib/python3.11/site-packages/airflow/example_dags/example_sensor_decorator.py took 2.537 seconds
[2022-12-31T21:14:57.966+0100] {processor.py:153} INFO - Started process (PID=95895) to work on /Library/Frameworks/Python.framework/Versions/3.11/lib/python3.11/site-packages/airflow/example_dags/example_sensor_decorator.py
[2022-12-31T21:14:57.972+0100] {processor.py:743} INFO - Processing file /Library/Frameworks/Python.framework/Versions/3.11/lib/python3.11/site-packages/airflow/example_dags/example_sensor_decorator.py for tasks to queue
[2022-12-31T21:14:57.972+0100] {logging_mixin.py:137} INFO - [2022-12-31T21:14:57.972+0100] {dagbag.py:538} INFO - Filling up the DagBag from /Library/Frameworks/Python.framework/Versions/3.11/lib/python3.11/site-packages/airflow/example_dags/example_sensor_decorator.py
[2022-12-31T21:14:58.014+0100] {logging_mixin.py:137} WARNING - /Library/Frameworks/Python.framework/Versions/3.11/lib/python3.11/site-packages/airflow/models/dag.py:3492 RemovedInAirflow3Warning: Param `schedule_interval` is deprecated and will be removed in a future release. Please use `schedule` instead.
[2022-12-31T21:14:58.019+0100] {processor.py:753} INFO - DAG(s) dict_keys(['example_sensor_decorator']) retrieved from /Library/Frameworks/Python.framework/Versions/3.11/lib/python3.11/site-packages/airflow/example_dags/example_sensor_decorator.py
[2022-12-31T21:14:59.582+0100] {logging_mixin.py:137} INFO - {2.3: 'Indiana Pacers', 1.72: 'LA Clippers'}
[2022-12-31T21:14:59.707+0100] {logging_mixin.py:137} INFO - [2022-12-31T21:14:59.707+0100] {dag.py:2676} INFO - Sync 1 DAGs
[2022-12-31T21:14:59.713+0100] {logging_mixin.py:137} INFO - [2022-12-31T21:14:59.713+0100] {dag.py:3423} INFO - Setting next_dagrun for example_sensor_decorator to None, run_after=None
[2022-12-31T21:14:59.719+0100] {processor.py:175} INFO - Processing /Library/Frameworks/Python.framework/Versions/3.11/lib/python3.11/site-packages/airflow/example_dags/example_sensor_decorator.py took 1.754 seconds
[2022-12-31T21:16:51.037+0100] {processor.py:153} INFO - Started process (PID=96119) to work on /Library/Frameworks/Python.framework/Versions/3.11/lib/python3.11/site-packages/airflow/example_dags/example_sensor_decorator.py
[2022-12-31T21:16:51.041+0100] {processor.py:743} INFO - Processing file /Library/Frameworks/Python.framework/Versions/3.11/lib/python3.11/site-packages/airflow/example_dags/example_sensor_decorator.py for tasks to queue
[2022-12-31T21:16:51.041+0100] {logging_mixin.py:137} INFO - [2022-12-31T21:16:51.041+0100] {dagbag.py:538} INFO - Filling up the DagBag from /Library/Frameworks/Python.framework/Versions/3.11/lib/python3.11/site-packages/airflow/example_dags/example_sensor_decorator.py
[2022-12-31T21:16:51.095+0100] {logging_mixin.py:137} WARNING - /Library/Frameworks/Python.framework/Versions/3.11/lib/python3.11/site-packages/airflow/models/dag.py:3492 RemovedInAirflow3Warning: Param `schedule_interval` is deprecated and will be removed in a future release. Please use `schedule` instead.
[2022-12-31T21:16:51.098+0100] {processor.py:753} INFO - DAG(s) dict_keys(['example_sensor_decorator']) retrieved from /Library/Frameworks/Python.framework/Versions/3.11/lib/python3.11/site-packages/airflow/example_dags/example_sensor_decorator.py
[2022-12-31T21:16:52.639+0100] {logging_mixin.py:137} INFO - {2.3: 'Indiana Pacers', 1.72: 'LA Clippers'}
[2022-12-31T21:16:52.768+0100] {logging_mixin.py:137} INFO - [2022-12-31T21:16:52.768+0100] {dag.py:2676} INFO - Sync 1 DAGs
[2022-12-31T21:16:52.774+0100] {logging_mixin.py:137} INFO - [2022-12-31T21:16:52.774+0100] {dag.py:3423} INFO - Setting next_dagrun for example_sensor_decorator to None, run_after=None
[2022-12-31T21:16:52.780+0100] {processor.py:175} INFO - Processing /Library/Frameworks/Python.framework/Versions/3.11/lib/python3.11/site-packages/airflow/example_dags/example_sensor_decorator.py took 1.745 seconds
[2022-12-31T21:18:36.668+0100] {processor.py:153} INFO - Started process (PID=96361) to work on /Library/Frameworks/Python.framework/Versions/3.11/lib/python3.11/site-packages/airflow/example_dags/example_sensor_decorator.py
[2022-12-31T21:18:36.673+0100] {processor.py:743} INFO - Processing file /Library/Frameworks/Python.framework/Versions/3.11/lib/python3.11/site-packages/airflow/example_dags/example_sensor_decorator.py for tasks to queue
[2022-12-31T21:18:36.673+0100] {logging_mixin.py:137} INFO - [2022-12-31T21:18:36.673+0100] {dagbag.py:538} INFO - Filling up the DagBag from /Library/Frameworks/Python.framework/Versions/3.11/lib/python3.11/site-packages/airflow/example_dags/example_sensor_decorator.py
[2022-12-31T21:18:36.748+0100] {logging_mixin.py:137} WARNING - /Library/Frameworks/Python.framework/Versions/3.11/lib/python3.11/site-packages/airflow/models/dag.py:3492 RemovedInAirflow3Warning: Param `schedule_interval` is deprecated and will be removed in a future release. Please use `schedule` instead.
[2022-12-31T21:18:36.752+0100] {processor.py:753} INFO - DAG(s) dict_keys(['example_sensor_decorator']) retrieved from /Library/Frameworks/Python.framework/Versions/3.11/lib/python3.11/site-packages/airflow/example_dags/example_sensor_decorator.py
[2022-12-31T21:18:38.868+0100] {logging_mixin.py:137} INFO - {2.3: 'Indiana Pacers', 1.72: 'LA Clippers'}
[2022-12-31T21:18:39.006+0100] {logging_mixin.py:137} INFO - [2022-12-31T21:18:39.006+0100] {dag.py:2676} INFO - Sync 1 DAGs
[2022-12-31T21:18:39.012+0100] {logging_mixin.py:137} INFO - [2022-12-31T21:18:39.012+0100] {dag.py:3423} INFO - Setting next_dagrun for example_sensor_decorator to None, run_after=None
[2022-12-31T21:18:39.019+0100] {processor.py:175} INFO - Processing /Library/Frameworks/Python.framework/Versions/3.11/lib/python3.11/site-packages/airflow/example_dags/example_sensor_decorator.py took 2.351 seconds
[2022-12-31T21:20:36.825+0100] {processor.py:153} INFO - Started process (PID=96571) to work on /Library/Frameworks/Python.framework/Versions/3.11/lib/python3.11/site-packages/airflow/example_dags/example_sensor_decorator.py
[2022-12-31T21:20:36.829+0100] {processor.py:743} INFO - Processing file /Library/Frameworks/Python.framework/Versions/3.11/lib/python3.11/site-packages/airflow/example_dags/example_sensor_decorator.py for tasks to queue
[2022-12-31T21:20:36.829+0100] {logging_mixin.py:137} INFO - [2022-12-31T21:20:36.829+0100] {dagbag.py:538} INFO - Filling up the DagBag from /Library/Frameworks/Python.framework/Versions/3.11/lib/python3.11/site-packages/airflow/example_dags/example_sensor_decorator.py
[2022-12-31T21:20:36.869+0100] {logging_mixin.py:137} WARNING - /Library/Frameworks/Python.framework/Versions/3.11/lib/python3.11/site-packages/airflow/models/dag.py:3492 RemovedInAirflow3Warning: Param `schedule_interval` is deprecated and will be removed in a future release. Please use `schedule` instead.
[2022-12-31T21:20:36.875+0100] {processor.py:753} INFO - DAG(s) dict_keys(['example_sensor_decorator']) retrieved from /Library/Frameworks/Python.framework/Versions/3.11/lib/python3.11/site-packages/airflow/example_dags/example_sensor_decorator.py
[2022-12-31T21:20:38.659+0100] {logging_mixin.py:137} INFO - {2.3: 'Indiana Pacers', 1.72: 'LA Clippers'}
[2022-12-31T21:20:38.833+0100] {logging_mixin.py:137} INFO - [2022-12-31T21:20:38.832+0100] {dag.py:2676} INFO - Sync 1 DAGs
[2022-12-31T21:20:38.885+0100] {logging_mixin.py:137} INFO - [2022-12-31T21:20:38.885+0100] {dag.py:3423} INFO - Setting next_dagrun for example_sensor_decorator to None, run_after=None
[2022-12-31T21:20:38.894+0100] {processor.py:175} INFO - Processing /Library/Frameworks/Python.framework/Versions/3.11/lib/python3.11/site-packages/airflow/example_dags/example_sensor_decorator.py took 2.071 seconds
[2022-12-31T21:22:32.701+0100] {processor.py:153} INFO - Started process (PID=96770) to work on /Library/Frameworks/Python.framework/Versions/3.11/lib/python3.11/site-packages/airflow/example_dags/example_sensor_decorator.py
[2022-12-31T21:22:32.708+0100] {processor.py:743} INFO - Processing file /Library/Frameworks/Python.framework/Versions/3.11/lib/python3.11/site-packages/airflow/example_dags/example_sensor_decorator.py for tasks to queue
[2022-12-31T21:22:32.709+0100] {logging_mixin.py:137} INFO - [2022-12-31T21:22:32.709+0100] {dagbag.py:538} INFO - Filling up the DagBag from /Library/Frameworks/Python.framework/Versions/3.11/lib/python3.11/site-packages/airflow/example_dags/example_sensor_decorator.py
[2022-12-31T21:22:32.840+0100] {logging_mixin.py:137} WARNING - /Library/Frameworks/Python.framework/Versions/3.11/lib/python3.11/site-packages/airflow/models/dag.py:3492 RemovedInAirflow3Warning: Param `schedule_interval` is deprecated and will be removed in a future release. Please use `schedule` instead.
[2022-12-31T21:22:32.851+0100] {processor.py:753} INFO - DAG(s) dict_keys(['example_sensor_decorator']) retrieved from /Library/Frameworks/Python.framework/Versions/3.11/lib/python3.11/site-packages/airflow/example_dags/example_sensor_decorator.py
[2022-12-31T21:22:34.772+0100] {logging_mixin.py:137} INFO - {2.3: 'Indiana Pacers', 1.72: 'LA Clippers'}
[2022-12-31T21:22:34.950+0100] {logging_mixin.py:137} INFO - [2022-12-31T21:22:34.949+0100] {dag.py:2676} INFO - Sync 1 DAGs
[2022-12-31T21:22:34.960+0100] {logging_mixin.py:137} INFO - [2022-12-31T21:22:34.960+0100] {dag.py:3423} INFO - Setting next_dagrun for example_sensor_decorator to None, run_after=None
[2022-12-31T21:22:34.971+0100] {processor.py:175} INFO - Processing /Library/Frameworks/Python.framework/Versions/3.11/lib/python3.11/site-packages/airflow/example_dags/example_sensor_decorator.py took 2.271 seconds
[2022-12-31T21:24:32.236+0100] {processor.py:153} INFO - Started process (PID=96979) to work on /Library/Frameworks/Python.framework/Versions/3.11/lib/python3.11/site-packages/airflow/example_dags/example_sensor_decorator.py
[2022-12-31T21:24:32.241+0100] {processor.py:743} INFO - Processing file /Library/Frameworks/Python.framework/Versions/3.11/lib/python3.11/site-packages/airflow/example_dags/example_sensor_decorator.py for tasks to queue
[2022-12-31T21:24:32.241+0100] {logging_mixin.py:137} INFO - [2022-12-31T21:24:32.241+0100] {dagbag.py:538} INFO - Filling up the DagBag from /Library/Frameworks/Python.framework/Versions/3.11/lib/python3.11/site-packages/airflow/example_dags/example_sensor_decorator.py
[2022-12-31T21:24:32.279+0100] {logging_mixin.py:137} WARNING - /Library/Frameworks/Python.framework/Versions/3.11/lib/python3.11/site-packages/airflow/models/dag.py:3492 RemovedInAirflow3Warning: Param `schedule_interval` is deprecated and will be removed in a future release. Please use `schedule` instead.
[2022-12-31T21:24:32.282+0100] {processor.py:753} INFO - DAG(s) dict_keys(['example_sensor_decorator']) retrieved from /Library/Frameworks/Python.framework/Versions/3.11/lib/python3.11/site-packages/airflow/example_dags/example_sensor_decorator.py
[2022-12-31T21:24:33.904+0100] {logging_mixin.py:137} INFO - {2.3: 'Indiana Pacers', 1.72: 'LA Clippers'}
[2022-12-31T21:24:34.032+0100] {logging_mixin.py:137} INFO - [2022-12-31T21:24:34.032+0100] {dag.py:2676} INFO - Sync 1 DAGs
[2022-12-31T21:24:34.038+0100] {logging_mixin.py:137} INFO - [2022-12-31T21:24:34.038+0100] {dag.py:3423} INFO - Setting next_dagrun for example_sensor_decorator to None, run_after=None
[2022-12-31T21:24:34.045+0100] {processor.py:175} INFO - Processing /Library/Frameworks/Python.framework/Versions/3.11/lib/python3.11/site-packages/airflow/example_dags/example_sensor_decorator.py took 1.810 seconds
[2022-12-31T21:26:23.853+0100] {processor.py:153} INFO - Started process (PID=97217) to work on /Library/Frameworks/Python.framework/Versions/3.11/lib/python3.11/site-packages/airflow/example_dags/example_sensor_decorator.py
[2022-12-31T21:26:23.864+0100] {processor.py:743} INFO - Processing file /Library/Frameworks/Python.framework/Versions/3.11/lib/python3.11/site-packages/airflow/example_dags/example_sensor_decorator.py for tasks to queue
[2022-12-31T21:26:23.864+0100] {logging_mixin.py:137} INFO - [2022-12-31T21:26:23.864+0100] {dagbag.py:538} INFO - Filling up the DagBag from /Library/Frameworks/Python.framework/Versions/3.11/lib/python3.11/site-packages/airflow/example_dags/example_sensor_decorator.py
[2022-12-31T21:26:23.902+0100] {logging_mixin.py:137} WARNING - /Library/Frameworks/Python.framework/Versions/3.11/lib/python3.11/site-packages/airflow/models/dag.py:3492 RemovedInAirflow3Warning: Param `schedule_interval` is deprecated and will be removed in a future release. Please use `schedule` instead.
[2022-12-31T21:26:23.909+0100] {processor.py:753} INFO - DAG(s) dict_keys(['example_sensor_decorator']) retrieved from /Library/Frameworks/Python.framework/Versions/3.11/lib/python3.11/site-packages/airflow/example_dags/example_sensor_decorator.py
[2022-12-31T21:26:25.741+0100] {logging_mixin.py:137} INFO - {2.3: 'Indiana Pacers', 1.72: 'LA Clippers'}
[2022-12-31T21:26:25.875+0100] {logging_mixin.py:137} INFO - [2022-12-31T21:26:25.875+0100] {dag.py:2676} INFO - Sync 1 DAGs
[2022-12-31T21:26:25.882+0100] {logging_mixin.py:137} INFO - [2022-12-31T21:26:25.882+0100] {dag.py:3423} INFO - Setting next_dagrun for example_sensor_decorator to None, run_after=None
[2022-12-31T21:26:25.890+0100] {processor.py:175} INFO - Processing /Library/Frameworks/Python.framework/Versions/3.11/lib/python3.11/site-packages/airflow/example_dags/example_sensor_decorator.py took 2.037 seconds
[2022-12-31T21:28:22.743+0100] {processor.py:153} INFO - Started process (PID=97404) to work on /Library/Frameworks/Python.framework/Versions/3.11/lib/python3.11/site-packages/airflow/example_dags/example_sensor_decorator.py
[2022-12-31T21:28:22.745+0100] {processor.py:743} INFO - Processing file /Library/Frameworks/Python.framework/Versions/3.11/lib/python3.11/site-packages/airflow/example_dags/example_sensor_decorator.py for tasks to queue
[2022-12-31T21:28:22.745+0100] {logging_mixin.py:137} INFO - [2022-12-31T21:28:22.745+0100] {dagbag.py:538} INFO - Filling up the DagBag from /Library/Frameworks/Python.framework/Versions/3.11/lib/python3.11/site-packages/airflow/example_dags/example_sensor_decorator.py
[2022-12-31T21:28:22.776+0100] {logging_mixin.py:137} WARNING - /Library/Frameworks/Python.framework/Versions/3.11/lib/python3.11/site-packages/airflow/models/dag.py:3492 RemovedInAirflow3Warning: Param `schedule_interval` is deprecated and will be removed in a future release. Please use `schedule` instead.
[2022-12-31T21:28:22.779+0100] {processor.py:753} INFO - DAG(s) dict_keys(['example_sensor_decorator']) retrieved from /Library/Frameworks/Python.framework/Versions/3.11/lib/python3.11/site-packages/airflow/example_dags/example_sensor_decorator.py
[2022-12-31T21:28:24.407+0100] {logging_mixin.py:137} INFO - {2.3: 'Indiana Pacers', 1.72: 'LA Clippers'}
[2022-12-31T21:28:24.534+0100] {logging_mixin.py:137} INFO - [2022-12-31T21:28:24.534+0100] {dag.py:2676} INFO - Sync 1 DAGs
[2022-12-31T21:28:24.540+0100] {logging_mixin.py:137} INFO - [2022-12-31T21:28:24.540+0100] {dag.py:3423} INFO - Setting next_dagrun for example_sensor_decorator to None, run_after=None
[2022-12-31T21:28:24.546+0100] {processor.py:175} INFO - Processing /Library/Frameworks/Python.framework/Versions/3.11/lib/python3.11/site-packages/airflow/example_dags/example_sensor_decorator.py took 1.804 seconds
