[2022-12-31T20:29:39.515+0100] {processor.py:153} INFO - Started process (PID=90204) to work on /Library/Frameworks/Python.framework/Versions/3.11/lib/python3.11/site-packages/airflow/example_dags/example_latest_only_with_trigger.py
[2022-12-31T20:29:39.519+0100] {processor.py:743} INFO - Processing file /Library/Frameworks/Python.framework/Versions/3.11/lib/python3.11/site-packages/airflow/example_dags/example_latest_only_with_trigger.py for tasks to queue
[2022-12-31T20:29:39.520+0100] {logging_mixin.py:137} INFO - [2022-12-31T20:29:39.520+0100] {dagbag.py:538} INFO - Filling up the DagBag from /Library/Frameworks/Python.framework/Versions/3.11/lib/python3.11/site-packages/airflow/example_dags/example_latest_only_with_trigger.py
[2022-12-31T20:29:39.532+0100] {processor.py:753} INFO - DAG(s) dict_keys(['latest_only_with_trigger']) retrieved from /Library/Frameworks/Python.framework/Versions/3.11/lib/python3.11/site-packages/airflow/example_dags/example_latest_only_with_trigger.py
[2022-12-31T20:29:39.998+0100] {logging_mixin.py:137} INFO - [2022-12-31T20:29:39.998+0100] {manager.py:504} INFO - Created Permission View: can delete on DAG:latest_only_with_trigger
[2022-12-31T20:29:40.001+0100] {logging_mixin.py:137} INFO - [2022-12-31T20:29:40.001+0100] {manager.py:504} INFO - Created Permission View: can read on DAG:latest_only_with_trigger
[2022-12-31T20:29:40.003+0100] {logging_mixin.py:137} INFO - [2022-12-31T20:29:40.003+0100] {manager.py:504} INFO - Created Permission View: can edit on DAG:latest_only_with_trigger
[2022-12-31T20:29:40.003+0100] {logging_mixin.py:137} INFO - [2022-12-31T20:29:40.003+0100] {dag.py:2676} INFO - Sync 1 DAGs
[2022-12-31T20:29:40.006+0100] {logging_mixin.py:137} INFO - [2022-12-31T20:29:40.006+0100] {dag.py:2697} INFO - Creating ORM DAG for latest_only_with_trigger
[2022-12-31T20:29:40.009+0100] {logging_mixin.py:137} INFO - [2022-12-31T20:29:40.009+0100] {dag.py:3423} INFO - Setting next_dagrun for latest_only_with_trigger to 2022-12-31T15:29:40.009456+00:00, run_after=2022-12-31T19:29:40.009456+00:00
[2022-12-31T20:29:40.015+0100] {processor.py:175} INFO - Processing /Library/Frameworks/Python.framework/Versions/3.11/lib/python3.11/site-packages/airflow/example_dags/example_latest_only_with_trigger.py took 0.501 seconds
[2022-12-31T20:31:31.358+0100] {processor.py:153} INFO - Started process (PID=90435) to work on /Library/Frameworks/Python.framework/Versions/3.11/lib/python3.11/site-packages/airflow/example_dags/example_latest_only_with_trigger.py
[2022-12-31T20:31:31.363+0100] {processor.py:743} INFO - Processing file /Library/Frameworks/Python.framework/Versions/3.11/lib/python3.11/site-packages/airflow/example_dags/example_latest_only_with_trigger.py for tasks to queue
[2022-12-31T20:31:31.363+0100] {logging_mixin.py:137} INFO - [2022-12-31T20:31:31.363+0100] {dagbag.py:538} INFO - Filling up the DagBag from /Library/Frameworks/Python.framework/Versions/3.11/lib/python3.11/site-packages/airflow/example_dags/example_latest_only_with_trigger.py
[2022-12-31T20:31:31.374+0100] {processor.py:753} INFO - DAG(s) dict_keys(['latest_only_with_trigger']) retrieved from /Library/Frameworks/Python.framework/Versions/3.11/lib/python3.11/site-packages/airflow/example_dags/example_latest_only_with_trigger.py
[2022-12-31T20:31:31.789+0100] {logging_mixin.py:137} INFO - [2022-12-31T20:31:31.789+0100] {dag.py:2676} INFO - Sync 1 DAGs
[2022-12-31T20:31:31.795+0100] {logging_mixin.py:137} INFO - [2022-12-31T20:31:31.795+0100] {dag.py:3423} INFO - Setting next_dagrun for latest_only_with_trigger to 2022-12-31T15:31:31.795579+00:00, run_after=2022-12-31T19:31:31.795579+00:00
[2022-12-31T20:31:31.802+0100] {processor.py:175} INFO - Processing /Library/Frameworks/Python.framework/Versions/3.11/lib/python3.11/site-packages/airflow/example_dags/example_latest_only_with_trigger.py took 0.446 seconds
[2022-12-31T20:33:15.119+0100] {processor.py:153} INFO - Started process (PID=90577) to work on /Library/Frameworks/Python.framework/Versions/3.11/lib/python3.11/site-packages/airflow/example_dags/example_latest_only_with_trigger.py
[2022-12-31T20:33:15.123+0100] {processor.py:743} INFO - Processing file /Library/Frameworks/Python.framework/Versions/3.11/lib/python3.11/site-packages/airflow/example_dags/example_latest_only_with_trigger.py for tasks to queue
[2022-12-31T20:33:15.123+0100] {logging_mixin.py:137} INFO - [2022-12-31T20:33:15.123+0100] {dagbag.py:538} INFO - Filling up the DagBag from /Library/Frameworks/Python.framework/Versions/3.11/lib/python3.11/site-packages/airflow/example_dags/example_latest_only_with_trigger.py
[2022-12-31T20:33:15.135+0100] {processor.py:753} INFO - DAG(s) dict_keys(['latest_only_with_trigger']) retrieved from /Library/Frameworks/Python.framework/Versions/3.11/lib/python3.11/site-packages/airflow/example_dags/example_latest_only_with_trigger.py
[2022-12-31T20:33:15.579+0100] {logging_mixin.py:137} INFO - [2022-12-31T20:33:15.579+0100] {dag.py:2676} INFO - Sync 1 DAGs
[2022-12-31T20:33:15.585+0100] {logging_mixin.py:137} INFO - [2022-12-31T20:33:15.585+0100] {dag.py:3423} INFO - Setting next_dagrun for latest_only_with_trigger to 2022-12-31T15:33:15.585555+00:00, run_after=2022-12-31T19:33:15.585555+00:00
[2022-12-31T20:33:15.596+0100] {processor.py:175} INFO - Processing /Library/Frameworks/Python.framework/Versions/3.11/lib/python3.11/site-packages/airflow/example_dags/example_latest_only_with_trigger.py took 0.478 seconds
[2022-12-31T20:35:00.823+0100] {processor.py:153} INFO - Started process (PID=90738) to work on /Library/Frameworks/Python.framework/Versions/3.11/lib/python3.11/site-packages/airflow/example_dags/example_latest_only_with_trigger.py
[2022-12-31T20:35:00.828+0100] {processor.py:743} INFO - Processing file /Library/Frameworks/Python.framework/Versions/3.11/lib/python3.11/site-packages/airflow/example_dags/example_latest_only_with_trigger.py for tasks to queue
[2022-12-31T20:35:00.828+0100] {logging_mixin.py:137} INFO - [2022-12-31T20:35:00.828+0100] {dagbag.py:538} INFO - Filling up the DagBag from /Library/Frameworks/Python.framework/Versions/3.11/lib/python3.11/site-packages/airflow/example_dags/example_latest_only_with_trigger.py
[2022-12-31T20:35:00.839+0100] {processor.py:753} INFO - DAG(s) dict_keys(['latest_only_with_trigger']) retrieved from /Library/Frameworks/Python.framework/Versions/3.11/lib/python3.11/site-packages/airflow/example_dags/example_latest_only_with_trigger.py
[2022-12-31T20:35:01.260+0100] {logging_mixin.py:137} INFO - [2022-12-31T20:35:01.260+0100] {dag.py:2676} INFO - Sync 1 DAGs
[2022-12-31T20:35:01.267+0100] {logging_mixin.py:137} INFO - [2022-12-31T20:35:01.267+0100] {dag.py:3423} INFO - Setting next_dagrun for latest_only_with_trigger to 2022-12-31T15:35:01.267520+00:00, run_after=2022-12-31T19:35:01.267520+00:00
[2022-12-31T20:35:01.275+0100] {processor.py:175} INFO - Processing /Library/Frameworks/Python.framework/Versions/3.11/lib/python3.11/site-packages/airflow/example_dags/example_latest_only_with_trigger.py took 0.453 seconds
[2022-12-31T20:36:13.536+0100] {processor.py:153} INFO - Started process (PID=90832) to work on /Library/Frameworks/Python.framework/Versions/3.11/lib/python3.11/site-packages/airflow/example_dags/example_latest_only_with_trigger.py
[2022-12-31T20:36:13.540+0100] {processor.py:743} INFO - Processing file /Library/Frameworks/Python.framework/Versions/3.11/lib/python3.11/site-packages/airflow/example_dags/example_latest_only_with_trigger.py for tasks to queue
[2022-12-31T20:36:13.540+0100] {logging_mixin.py:137} INFO - [2022-12-31T20:36:13.540+0100] {dagbag.py:538} INFO - Filling up the DagBag from /Library/Frameworks/Python.framework/Versions/3.11/lib/python3.11/site-packages/airflow/example_dags/example_latest_only_with_trigger.py
[2022-12-31T20:36:13.551+0100] {processor.py:753} INFO - DAG(s) dict_keys(['latest_only_with_trigger']) retrieved from /Library/Frameworks/Python.framework/Versions/3.11/lib/python3.11/site-packages/airflow/example_dags/example_latest_only_with_trigger.py
[2022-12-31T20:36:13.978+0100] {logging_mixin.py:137} INFO - [2022-12-31T20:36:13.978+0100] {dag.py:2676} INFO - Sync 1 DAGs
[2022-12-31T20:36:13.984+0100] {logging_mixin.py:137} INFO - [2022-12-31T20:36:13.984+0100] {dag.py:3423} INFO - Setting next_dagrun for latest_only_with_trigger to 2022-12-31T15:36:13.984584+00:00, run_after=2022-12-31T19:36:13.984584+00:00
[2022-12-31T20:36:13.991+0100] {processor.py:175} INFO - Processing /Library/Frameworks/Python.framework/Versions/3.11/lib/python3.11/site-packages/airflow/example_dags/example_latest_only_with_trigger.py took 0.456 seconds
[2022-12-31T20:37:56.818+0100] {processor.py:153} INFO - Started process (PID=90983) to work on /Library/Frameworks/Python.framework/Versions/3.11/lib/python3.11/site-packages/airflow/example_dags/example_latest_only_with_trigger.py
[2022-12-31T20:37:56.823+0100] {processor.py:743} INFO - Processing file /Library/Frameworks/Python.framework/Versions/3.11/lib/python3.11/site-packages/airflow/example_dags/example_latest_only_with_trigger.py for tasks to queue
[2022-12-31T20:37:56.823+0100] {logging_mixin.py:137} INFO - [2022-12-31T20:37:56.823+0100] {dagbag.py:538} INFO - Filling up the DagBag from /Library/Frameworks/Python.framework/Versions/3.11/lib/python3.11/site-packages/airflow/example_dags/example_latest_only_with_trigger.py
[2022-12-31T20:37:56.834+0100] {processor.py:753} INFO - DAG(s) dict_keys(['latest_only_with_trigger']) retrieved from /Library/Frameworks/Python.framework/Versions/3.11/lib/python3.11/site-packages/airflow/example_dags/example_latest_only_with_trigger.py
[2022-12-31T20:37:57.239+0100] {logging_mixin.py:137} INFO - [2022-12-31T20:37:57.239+0100] {dag.py:2676} INFO - Sync 1 DAGs
[2022-12-31T20:37:57.245+0100] {logging_mixin.py:137} INFO - [2022-12-31T20:37:57.245+0100] {dag.py:3423} INFO - Setting next_dagrun for latest_only_with_trigger to 2022-12-31T15:37:57.245369+00:00, run_after=2022-12-31T19:37:57.245369+00:00
[2022-12-31T20:37:57.252+0100] {processor.py:175} INFO - Processing /Library/Frameworks/Python.framework/Versions/3.11/lib/python3.11/site-packages/airflow/example_dags/example_latest_only_with_trigger.py took 0.435 seconds
[2022-12-31T20:39:39.599+0100] {processor.py:153} INFO - Started process (PID=91159) to work on /Library/Frameworks/Python.framework/Versions/3.11/lib/python3.11/site-packages/airflow/example_dags/example_latest_only_with_trigger.py
[2022-12-31T20:39:39.601+0100] {processor.py:743} INFO - Processing file /Library/Frameworks/Python.framework/Versions/3.11/lib/python3.11/site-packages/airflow/example_dags/example_latest_only_with_trigger.py for tasks to queue
[2022-12-31T20:39:39.601+0100] {logging_mixin.py:137} INFO - [2022-12-31T20:39:39.601+0100] {dagbag.py:538} INFO - Filling up the DagBag from /Library/Frameworks/Python.framework/Versions/3.11/lib/python3.11/site-packages/airflow/example_dags/example_latest_only_with_trigger.py
[2022-12-31T20:39:39.613+0100] {processor.py:753} INFO - DAG(s) dict_keys(['latest_only_with_trigger']) retrieved from /Library/Frameworks/Python.framework/Versions/3.11/lib/python3.11/site-packages/airflow/example_dags/example_latest_only_with_trigger.py
[2022-12-31T20:39:40.034+0100] {logging_mixin.py:137} INFO - [2022-12-31T20:39:40.034+0100] {dag.py:2676} INFO - Sync 1 DAGs
[2022-12-31T20:39:40.040+0100] {logging_mixin.py:137} INFO - [2022-12-31T20:39:40.040+0100] {dag.py:3423} INFO - Setting next_dagrun for latest_only_with_trigger to 2022-12-31T15:39:40.040427+00:00, run_after=2022-12-31T19:39:40.040427+00:00
[2022-12-31T20:39:40.047+0100] {processor.py:175} INFO - Processing /Library/Frameworks/Python.framework/Versions/3.11/lib/python3.11/site-packages/airflow/example_dags/example_latest_only_with_trigger.py took 0.449 seconds
[2022-12-31T20:41:27.908+0100] {processor.py:153} INFO - Started process (PID=91324) to work on /Library/Frameworks/Python.framework/Versions/3.11/lib/python3.11/site-packages/airflow/example_dags/example_latest_only_with_trigger.py
[2022-12-31T20:41:27.912+0100] {processor.py:743} INFO - Processing file /Library/Frameworks/Python.framework/Versions/3.11/lib/python3.11/site-packages/airflow/example_dags/example_latest_only_with_trigger.py for tasks to queue
[2022-12-31T20:41:27.913+0100] {logging_mixin.py:137} INFO - [2022-12-31T20:41:27.913+0100] {dagbag.py:538} INFO - Filling up the DagBag from /Library/Frameworks/Python.framework/Versions/3.11/lib/python3.11/site-packages/airflow/example_dags/example_latest_only_with_trigger.py
[2022-12-31T20:41:27.924+0100] {processor.py:753} INFO - DAG(s) dict_keys(['latest_only_with_trigger']) retrieved from /Library/Frameworks/Python.framework/Versions/3.11/lib/python3.11/site-packages/airflow/example_dags/example_latest_only_with_trigger.py
[2022-12-31T20:41:28.334+0100] {logging_mixin.py:137} INFO - [2022-12-31T20:41:28.334+0100] {dag.py:2676} INFO - Sync 1 DAGs
[2022-12-31T20:41:28.340+0100] {logging_mixin.py:137} INFO - [2022-12-31T20:41:28.340+0100] {dag.py:3423} INFO - Setting next_dagrun for latest_only_with_trigger to 2022-12-31T15:41:28.340224+00:00, run_after=2022-12-31T19:41:28.340224+00:00
[2022-12-31T20:41:28.346+0100] {processor.py:175} INFO - Processing /Library/Frameworks/Python.framework/Versions/3.11/lib/python3.11/site-packages/airflow/example_dags/example_latest_only_with_trigger.py took 0.438 seconds
[2022-12-31T20:43:12.344+0100] {processor.py:153} INFO - Started process (PID=91509) to work on /Library/Frameworks/Python.framework/Versions/3.11/lib/python3.11/site-packages/airflow/example_dags/example_latest_only_with_trigger.py
[2022-12-31T20:43:12.348+0100] {processor.py:743} INFO - Processing file /Library/Frameworks/Python.framework/Versions/3.11/lib/python3.11/site-packages/airflow/example_dags/example_latest_only_with_trigger.py for tasks to queue
[2022-12-31T20:43:12.348+0100] {logging_mixin.py:137} INFO - [2022-12-31T20:43:12.348+0100] {dagbag.py:538} INFO - Filling up the DagBag from /Library/Frameworks/Python.framework/Versions/3.11/lib/python3.11/site-packages/airflow/example_dags/example_latest_only_with_trigger.py
[2022-12-31T20:43:12.360+0100] {processor.py:753} INFO - DAG(s) dict_keys(['latest_only_with_trigger']) retrieved from /Library/Frameworks/Python.framework/Versions/3.11/lib/python3.11/site-packages/airflow/example_dags/example_latest_only_with_trigger.py
[2022-12-31T20:43:12.759+0100] {logging_mixin.py:137} INFO - [2022-12-31T20:43:12.758+0100] {dag.py:2676} INFO - Sync 1 DAGs
[2022-12-31T20:43:12.764+0100] {logging_mixin.py:137} INFO - [2022-12-31T20:43:12.764+0100] {dag.py:3423} INFO - Setting next_dagrun for latest_only_with_trigger to 2022-12-31T15:43:12.764723+00:00, run_after=2022-12-31T19:43:12.764723+00:00
[2022-12-31T20:43:12.770+0100] {processor.py:175} INFO - Processing /Library/Frameworks/Python.framework/Versions/3.11/lib/python3.11/site-packages/airflow/example_dags/example_latest_only_with_trigger.py took 0.427 seconds
[2022-12-31T20:47:12.304+0100] {processor.py:153} INFO - Started process (PID=91986) to work on /Library/Frameworks/Python.framework/Versions/3.11/lib/python3.11/site-packages/airflow/example_dags/example_latest_only_with_trigger.py
[2022-12-31T20:47:12.306+0100] {processor.py:743} INFO - Processing file /Library/Frameworks/Python.framework/Versions/3.11/lib/python3.11/site-packages/airflow/example_dags/example_latest_only_with_trigger.py for tasks to queue
[2022-12-31T20:47:12.306+0100] {logging_mixin.py:137} INFO - [2022-12-31T20:47:12.306+0100] {dagbag.py:538} INFO - Filling up the DagBag from /Library/Frameworks/Python.framework/Versions/3.11/lib/python3.11/site-packages/airflow/example_dags/example_latest_only_with_trigger.py
[2022-12-31T20:47:12.318+0100] {processor.py:753} INFO - DAG(s) dict_keys(['latest_only_with_trigger']) retrieved from /Library/Frameworks/Python.framework/Versions/3.11/lib/python3.11/site-packages/airflow/example_dags/example_latest_only_with_trigger.py
[2022-12-31T20:47:12.736+0100] {logging_mixin.py:137} INFO - [2022-12-31T20:47:12.736+0100] {dag.py:2676} INFO - Sync 1 DAGs
[2022-12-31T20:47:12.742+0100] {logging_mixin.py:137} INFO - [2022-12-31T20:47:12.742+0100] {dag.py:3423} INFO - Setting next_dagrun for latest_only_with_trigger to 2022-12-31T15:47:12.742302+00:00, run_after=2022-12-31T19:47:12.742302+00:00
[2022-12-31T20:47:12.749+0100] {processor.py:175} INFO - Processing /Library/Frameworks/Python.framework/Versions/3.11/lib/python3.11/site-packages/airflow/example_dags/example_latest_only_with_trigger.py took 0.446 seconds
[2022-12-31T20:49:52.653+0100] {processor.py:153} INFO - Started process (PID=92302) to work on /Library/Frameworks/Python.framework/Versions/3.11/lib/python3.11/site-packages/airflow/example_dags/example_latest_only_with_trigger.py
[2022-12-31T20:49:52.657+0100] {processor.py:743} INFO - Processing file /Library/Frameworks/Python.framework/Versions/3.11/lib/python3.11/site-packages/airflow/example_dags/example_latest_only_with_trigger.py for tasks to queue
[2022-12-31T20:49:52.657+0100] {logging_mixin.py:137} INFO - [2022-12-31T20:49:52.657+0100] {dagbag.py:538} INFO - Filling up the DagBag from /Library/Frameworks/Python.framework/Versions/3.11/lib/python3.11/site-packages/airflow/example_dags/example_latest_only_with_trigger.py
[2022-12-31T20:49:52.668+0100] {processor.py:753} INFO - DAG(s) dict_keys(['latest_only_with_trigger']) retrieved from /Library/Frameworks/Python.framework/Versions/3.11/lib/python3.11/site-packages/airflow/example_dags/example_latest_only_with_trigger.py
[2022-12-31T20:49:53.136+0100] {logging_mixin.py:137} INFO - [2022-12-31T20:49:53.136+0100] {dag.py:2676} INFO - Sync 1 DAGs
[2022-12-31T20:49:53.143+0100] {logging_mixin.py:137} INFO - [2022-12-31T20:49:53.143+0100] {dag.py:3423} INFO - Setting next_dagrun for latest_only_with_trigger to 2022-12-31T15:49:53.143217+00:00, run_after=2022-12-31T19:49:53.143217+00:00
[2022-12-31T20:49:53.151+0100] {processor.py:175} INFO - Processing /Library/Frameworks/Python.framework/Versions/3.11/lib/python3.11/site-packages/airflow/example_dags/example_latest_only_with_trigger.py took 0.499 seconds
[2022-12-31T20:54:28.056+0100] {processor.py:153} INFO - Started process (PID=92977) to work on /Library/Frameworks/Python.framework/Versions/3.11/lib/python3.11/site-packages/airflow/example_dags/example_latest_only_with_trigger.py
[2022-12-31T20:54:28.069+0100] {processor.py:743} INFO - Processing file /Library/Frameworks/Python.framework/Versions/3.11/lib/python3.11/site-packages/airflow/example_dags/example_latest_only_with_trigger.py for tasks to queue
[2022-12-31T20:54:28.069+0100] {logging_mixin.py:137} INFO - [2022-12-31T20:54:28.069+0100] {dagbag.py:538} INFO - Filling up the DagBag from /Library/Frameworks/Python.framework/Versions/3.11/lib/python3.11/site-packages/airflow/example_dags/example_latest_only_with_trigger.py
[2022-12-31T20:54:28.086+0100] {processor.py:753} INFO - DAG(s) dict_keys(['latest_only_with_trigger']) retrieved from /Library/Frameworks/Python.framework/Versions/3.11/lib/python3.11/site-packages/airflow/example_dags/example_latest_only_with_trigger.py
[2022-12-31T20:54:28.667+0100] {logging_mixin.py:137} INFO - [2022-12-31T20:54:28.667+0100] {dag.py:2676} INFO - Sync 1 DAGs
[2022-12-31T20:54:28.675+0100] {logging_mixin.py:137} INFO - [2022-12-31T20:54:28.675+0100] {dag.py:3423} INFO - Setting next_dagrun for latest_only_with_trigger to 2022-12-31T15:54:28.675038+00:00, run_after=2022-12-31T19:54:28.675038+00:00
[2022-12-31T20:54:28.685+0100] {processor.py:175} INFO - Processing /Library/Frameworks/Python.framework/Versions/3.11/lib/python3.11/site-packages/airflow/example_dags/example_latest_only_with_trigger.py took 0.645 seconds
[2022-12-31T20:56:59.465+0100] {processor.py:153} INFO - Started process (PID=93350) to work on /Library/Frameworks/Python.framework/Versions/3.11/lib/python3.11/site-packages/airflow/example_dags/example_latest_only_with_trigger.py
[2022-12-31T20:56:59.470+0100] {processor.py:743} INFO - Processing file /Library/Frameworks/Python.framework/Versions/3.11/lib/python3.11/site-packages/airflow/example_dags/example_latest_only_with_trigger.py for tasks to queue
[2022-12-31T20:56:59.470+0100] {logging_mixin.py:137} INFO - [2022-12-31T20:56:59.470+0100] {dagbag.py:538} INFO - Filling up the DagBag from /Library/Frameworks/Python.framework/Versions/3.11/lib/python3.11/site-packages/airflow/example_dags/example_latest_only_with_trigger.py
[2022-12-31T20:56:59.492+0100] {processor.py:753} INFO - DAG(s) dict_keys(['latest_only_with_trigger']) retrieved from /Library/Frameworks/Python.framework/Versions/3.11/lib/python3.11/site-packages/airflow/example_dags/example_latest_only_with_trigger.py
[2022-12-31T20:57:00.086+0100] {logging_mixin.py:137} INFO - [2022-12-31T20:57:00.086+0100] {dag.py:2676} INFO - Sync 1 DAGs
[2022-12-31T20:57:00.094+0100] {logging_mixin.py:137} INFO - [2022-12-31T20:57:00.094+0100] {dag.py:3423} INFO - Setting next_dagrun for latest_only_with_trigger to 2022-12-31T15:57:00.094157+00:00, run_after=2022-12-31T19:57:00.094157+00:00
[2022-12-31T20:57:00.103+0100] {processor.py:175} INFO - Processing /Library/Frameworks/Python.framework/Versions/3.11/lib/python3.11/site-packages/airflow/example_dags/example_latest_only_with_trigger.py took 0.639 seconds
[2022-12-31T20:58:59.860+0100] {processor.py:153} INFO - Started process (PID=93630) to work on /Library/Frameworks/Python.framework/Versions/3.11/lib/python3.11/site-packages/airflow/example_dags/example_latest_only_with_trigger.py
[2022-12-31T20:58:59.867+0100] {processor.py:743} INFO - Processing file /Library/Frameworks/Python.framework/Versions/3.11/lib/python3.11/site-packages/airflow/example_dags/example_latest_only_with_trigger.py for tasks to queue
[2022-12-31T20:58:59.868+0100] {logging_mixin.py:137} INFO - [2022-12-31T20:58:59.868+0100] {dagbag.py:538} INFO - Filling up the DagBag from /Library/Frameworks/Python.framework/Versions/3.11/lib/python3.11/site-packages/airflow/example_dags/example_latest_only_with_trigger.py
[2022-12-31T20:58:59.879+0100] {processor.py:753} INFO - DAG(s) dict_keys(['latest_only_with_trigger']) retrieved from /Library/Frameworks/Python.framework/Versions/3.11/lib/python3.11/site-packages/airflow/example_dags/example_latest_only_with_trigger.py
[2022-12-31T20:59:00.293+0100] {logging_mixin.py:137} INFO - [2022-12-31T20:59:00.293+0100] {dag.py:2676} INFO - Sync 1 DAGs
[2022-12-31T20:59:00.299+0100] {logging_mixin.py:137} INFO - [2022-12-31T20:59:00.299+0100] {dag.py:3423} INFO - Setting next_dagrun for latest_only_with_trigger to 2022-12-31T15:59:00.299299+00:00, run_after=2022-12-31T19:59:00.299299+00:00
[2022-12-31T20:59:00.306+0100] {processor.py:175} INFO - Processing /Library/Frameworks/Python.framework/Versions/3.11/lib/python3.11/site-packages/airflow/example_dags/example_latest_only_with_trigger.py took 0.448 seconds
[2022-12-31T21:01:04.178+0100] {processor.py:153} INFO - Started process (PID=93845) to work on /Library/Frameworks/Python.framework/Versions/3.11/lib/python3.11/site-packages/airflow/example_dags/example_latest_only_with_trigger.py
[2022-12-31T21:01:04.180+0100] {processor.py:743} INFO - Processing file /Library/Frameworks/Python.framework/Versions/3.11/lib/python3.11/site-packages/airflow/example_dags/example_latest_only_with_trigger.py for tasks to queue
[2022-12-31T21:01:04.180+0100] {logging_mixin.py:137} INFO - [2022-12-31T21:01:04.180+0100] {dagbag.py:538} INFO - Filling up the DagBag from /Library/Frameworks/Python.framework/Versions/3.11/lib/python3.11/site-packages/airflow/example_dags/example_latest_only_with_trigger.py
[2022-12-31T21:01:04.191+0100] {processor.py:753} INFO - DAG(s) dict_keys(['latest_only_with_trigger']) retrieved from /Library/Frameworks/Python.framework/Versions/3.11/lib/python3.11/site-packages/airflow/example_dags/example_latest_only_with_trigger.py
[2022-12-31T21:01:04.630+0100] {logging_mixin.py:137} INFO - [2022-12-31T21:01:04.630+0100] {dag.py:2676} INFO - Sync 1 DAGs
[2022-12-31T21:01:04.637+0100] {logging_mixin.py:137} INFO - [2022-12-31T21:01:04.637+0100] {dag.py:3423} INFO - Setting next_dagrun for latest_only_with_trigger to 2022-12-31T16:01:04.637029+00:00, run_after=2022-12-31T20:01:04.637029+00:00
[2022-12-31T21:01:04.644+0100] {processor.py:175} INFO - Processing /Library/Frameworks/Python.framework/Versions/3.11/lib/python3.11/site-packages/airflow/example_dags/example_latest_only_with_trigger.py took 0.466 seconds
[2022-12-31T21:03:05.162+0100] {processor.py:153} INFO - Started process (PID=94248) to work on /Library/Frameworks/Python.framework/Versions/3.11/lib/python3.11/site-packages/airflow/example_dags/example_latest_only_with_trigger.py
[2022-12-31T21:03:05.168+0100] {processor.py:743} INFO - Processing file /Library/Frameworks/Python.framework/Versions/3.11/lib/python3.11/site-packages/airflow/example_dags/example_latest_only_with_trigger.py for tasks to queue
[2022-12-31T21:03:05.177+0100] {logging_mixin.py:137} INFO - [2022-12-31T21:03:05.176+0100] {dagbag.py:538} INFO - Filling up the DagBag from /Library/Frameworks/Python.framework/Versions/3.11/lib/python3.11/site-packages/airflow/example_dags/example_latest_only_with_trigger.py
[2022-12-31T21:03:05.242+0100] {processor.py:753} INFO - DAG(s) dict_keys(['latest_only_with_trigger']) retrieved from /Library/Frameworks/Python.framework/Versions/3.11/lib/python3.11/site-packages/airflow/example_dags/example_latest_only_with_trigger.py
[2022-12-31T21:03:05.791+0100] {logging_mixin.py:137} INFO - [2022-12-31T21:03:05.791+0100] {dag.py:2676} INFO - Sync 1 DAGs
[2022-12-31T21:03:05.801+0100] {logging_mixin.py:137} INFO - [2022-12-31T21:03:05.801+0100] {dag.py:3423} INFO - Setting next_dagrun for latest_only_with_trigger to 2022-12-31T16:03:05.801192+00:00, run_after=2022-12-31T20:03:05.801192+00:00
[2022-12-31T21:03:05.811+0100] {processor.py:175} INFO - Processing /Library/Frameworks/Python.framework/Versions/3.11/lib/python3.11/site-packages/airflow/example_dags/example_latest_only_with_trigger.py took 0.655 seconds
[2022-12-31T21:05:11.444+0100] {processor.py:153} INFO - Started process (PID=94495) to work on /Library/Frameworks/Python.framework/Versions/3.11/lib/python3.11/site-packages/airflow/example_dags/example_latest_only_with_trigger.py
[2022-12-31T21:05:11.451+0100] {processor.py:743} INFO - Processing file /Library/Frameworks/Python.framework/Versions/3.11/lib/python3.11/site-packages/airflow/example_dags/example_latest_only_with_trigger.py for tasks to queue
[2022-12-31T21:05:11.451+0100] {logging_mixin.py:137} INFO - [2022-12-31T21:05:11.451+0100] {dagbag.py:538} INFO - Filling up the DagBag from /Library/Frameworks/Python.framework/Versions/3.11/lib/python3.11/site-packages/airflow/example_dags/example_latest_only_with_trigger.py
[2022-12-31T21:05:11.474+0100] {processor.py:753} INFO - DAG(s) dict_keys(['latest_only_with_trigger']) retrieved from /Library/Frameworks/Python.framework/Versions/3.11/lib/python3.11/site-packages/airflow/example_dags/example_latest_only_with_trigger.py
[2022-12-31T21:05:11.962+0100] {logging_mixin.py:137} INFO - [2022-12-31T21:05:11.962+0100] {dag.py:2676} INFO - Sync 1 DAGs
[2022-12-31T21:05:11.969+0100] {logging_mixin.py:137} INFO - [2022-12-31T21:05:11.969+0100] {dag.py:3423} INFO - Setting next_dagrun for latest_only_with_trigger to 2022-12-31T16:05:11.969359+00:00, run_after=2022-12-31T20:05:11.969359+00:00
[2022-12-31T21:05:11.977+0100] {processor.py:175} INFO - Processing /Library/Frameworks/Python.framework/Versions/3.11/lib/python3.11/site-packages/airflow/example_dags/example_latest_only_with_trigger.py took 0.536 seconds
[2022-12-31T21:07:00.245+0100] {processor.py:153} INFO - Started process (PID=94731) to work on /Library/Frameworks/Python.framework/Versions/3.11/lib/python3.11/site-packages/airflow/example_dags/example_latest_only_with_trigger.py
[2022-12-31T21:07:00.247+0100] {processor.py:743} INFO - Processing file /Library/Frameworks/Python.framework/Versions/3.11/lib/python3.11/site-packages/airflow/example_dags/example_latest_only_with_trigger.py for tasks to queue
[2022-12-31T21:07:00.247+0100] {logging_mixin.py:137} INFO - [2022-12-31T21:07:00.247+0100] {dagbag.py:538} INFO - Filling up the DagBag from /Library/Frameworks/Python.framework/Versions/3.11/lib/python3.11/site-packages/airflow/example_dags/example_latest_only_with_trigger.py
[2022-12-31T21:07:00.258+0100] {processor.py:753} INFO - DAG(s) dict_keys(['latest_only_with_trigger']) retrieved from /Library/Frameworks/Python.framework/Versions/3.11/lib/python3.11/site-packages/airflow/example_dags/example_latest_only_with_trigger.py
[2022-12-31T21:07:00.705+0100] {logging_mixin.py:137} INFO - [2022-12-31T21:07:00.705+0100] {dag.py:2676} INFO - Sync 1 DAGs
[2022-12-31T21:07:00.713+0100] {logging_mixin.py:137} INFO - [2022-12-31T21:07:00.713+0100] {dag.py:3423} INFO - Setting next_dagrun for latest_only_with_trigger to 2022-12-31T16:07:00.713192+00:00, run_after=2022-12-31T20:07:00.713192+00:00
[2022-12-31T21:07:00.723+0100] {processor.py:175} INFO - Processing /Library/Frameworks/Python.framework/Versions/3.11/lib/python3.11/site-packages/airflow/example_dags/example_latest_only_with_trigger.py took 0.478 seconds
[2022-12-31 20:08:44,361] {scheduler_job.py:182} INFO - Started process (PID=94) to work on /home/airflow/.local/lib/python3.6/site-packages/airflow/example_dags/example_latest_only_with_trigger.py
[2022-12-31 20:08:44,377] {scheduler_job.py:629} INFO - Processing file /home/airflow/.local/lib/python3.6/site-packages/airflow/example_dags/example_latest_only_with_trigger.py for tasks to queue
[2022-12-31 20:08:44,388] {logging_mixin.py:104} INFO - [2022-12-31 20:08:44,384] {dagbag.py:451} INFO - Filling up the DagBag from /home/airflow/.local/lib/python3.6/site-packages/airflow/example_dags/example_latest_only_with_trigger.py
[2022-12-31 20:08:44,481] {scheduler_job.py:639} INFO - DAG(s) dict_keys(['latest_only_with_trigger']) retrieved from /home/airflow/.local/lib/python3.6/site-packages/airflow/example_dags/example_latest_only_with_trigger.py
[2022-12-31 20:08:44,640] {logging_mixin.py:104} INFO - [2022-12-31 20:08:44,640] {dag.py:1824} INFO - Sync 1 DAGs
[2022-12-31 20:08:44,791] {logging_mixin.py:104} INFO - [2022-12-31 20:08:44,790] {dag.py:2280} INFO - Setting next_dagrun for latest_only_with_trigger to 2022-12-29 00:00:00+00:00
[2022-12-31 20:08:44,856] {scheduler_job.py:190} INFO - Processing /home/airflow/.local/lib/python3.6/site-packages/airflow/example_dags/example_latest_only_with_trigger.py took 0.529 seconds
[2022-12-31T21:08:57.527+0100] {processor.py:153} INFO - Started process (PID=95008) to work on /Library/Frameworks/Python.framework/Versions/3.11/lib/python3.11/site-packages/airflow/example_dags/example_latest_only_with_trigger.py
[2022-12-31T21:08:57.531+0100] {processor.py:743} INFO - Processing file /Library/Frameworks/Python.framework/Versions/3.11/lib/python3.11/site-packages/airflow/example_dags/example_latest_only_with_trigger.py for tasks to queue
[2022-12-31T21:08:57.532+0100] {logging_mixin.py:137} INFO - [2022-12-31T21:08:57.532+0100] {dagbag.py:538} INFO - Filling up the DagBag from /Library/Frameworks/Python.framework/Versions/3.11/lib/python3.11/site-packages/airflow/example_dags/example_latest_only_with_trigger.py
[2022-12-31T21:08:57.543+0100] {processor.py:753} INFO - DAG(s) dict_keys(['latest_only_with_trigger']) retrieved from /Library/Frameworks/Python.framework/Versions/3.11/lib/python3.11/site-packages/airflow/example_dags/example_latest_only_with_trigger.py
[2022-12-31T21:08:57.972+0100] {logging_mixin.py:137} INFO - [2022-12-31T21:08:57.972+0100] {dag.py:2676} INFO - Sync 1 DAGs
[2022-12-31T21:08:57.979+0100] {logging_mixin.py:137} INFO - [2022-12-31T21:08:57.979+0100] {dag.py:3423} INFO - Setting next_dagrun for latest_only_with_trigger to 2022-12-31T16:08:57.979144+00:00, run_after=2022-12-31T20:08:57.979144+00:00
[2022-12-31T21:08:57.988+0100] {processor.py:175} INFO - Processing /Library/Frameworks/Python.framework/Versions/3.11/lib/python3.11/site-packages/airflow/example_dags/example_latest_only_with_trigger.py took 0.462 seconds
[2022-12-31 20:09:15,314] {scheduler_job.py:182} INFO - Started process (PID=148) to work on /home/airflow/.local/lib/python3.6/site-packages/airflow/example_dags/example_latest_only_with_trigger.py
[2022-12-31 20:09:15,323] {scheduler_job.py:629} INFO - Processing file /home/airflow/.local/lib/python3.6/site-packages/airflow/example_dags/example_latest_only_with_trigger.py for tasks to queue
[2022-12-31 20:09:15,327] {logging_mixin.py:104} INFO - [2022-12-31 20:09:15,327] {dagbag.py:451} INFO - Filling up the DagBag from /home/airflow/.local/lib/python3.6/site-packages/airflow/example_dags/example_latest_only_with_trigger.py
[2022-12-31 20:09:15,382] {scheduler_job.py:639} INFO - DAG(s) dict_keys(['latest_only_with_trigger']) retrieved from /home/airflow/.local/lib/python3.6/site-packages/airflow/example_dags/example_latest_only_with_trigger.py
[2022-12-31 20:09:15,756] {logging_mixin.py:104} INFO - [2022-12-31 20:09:15,756] {dag.py:1824} INFO - Sync 1 DAGs
[2022-12-31 20:09:15,826] {logging_mixin.py:104} INFO - [2022-12-31 20:09:15,825] {dag.py:2280} INFO - Setting next_dagrun for latest_only_with_trigger to 2022-12-29 00:00:00+00:00
[2022-12-31 20:09:15,873] {scheduler_job.py:190} INFO - Processing /home/airflow/.local/lib/python3.6/site-packages/airflow/example_dags/example_latest_only_with_trigger.py took 0.572 seconds
[2022-12-31T21:10:59.719+0100] {processor.py:153} INFO - Started process (PID=95358) to work on /Library/Frameworks/Python.framework/Versions/3.11/lib/python3.11/site-packages/airflow/example_dags/example_latest_only_with_trigger.py
[2022-12-31T21:10:59.724+0100] {processor.py:743} INFO - Processing file /Library/Frameworks/Python.framework/Versions/3.11/lib/python3.11/site-packages/airflow/example_dags/example_latest_only_with_trigger.py for tasks to queue
[2022-12-31T21:10:59.724+0100] {logging_mixin.py:137} INFO - [2022-12-31T21:10:59.724+0100] {dagbag.py:538} INFO - Filling up the DagBag from /Library/Frameworks/Python.framework/Versions/3.11/lib/python3.11/site-packages/airflow/example_dags/example_latest_only_with_trigger.py
[2022-12-31T21:10:59.737+0100] {processor.py:753} INFO - DAG(s) dict_keys(['latest_only_with_trigger']) retrieved from /Library/Frameworks/Python.framework/Versions/3.11/lib/python3.11/site-packages/airflow/example_dags/example_latest_only_with_trigger.py
[2022-12-31T21:11:00.252+0100] {logging_mixin.py:137} INFO - [2022-12-31T21:11:00.251+0100] {dag.py:2676} INFO - Sync 1 DAGs
[2022-12-31T21:11:00.258+0100] {logging_mixin.py:137} INFO - [2022-12-31T21:11:00.258+0100] {dag.py:3423} INFO - Setting next_dagrun for latest_only_with_trigger to 2022-12-31T16:11:00.258841+00:00, run_after=2022-12-31T20:11:00.258841+00:00
[2022-12-31T21:11:00.266+0100] {processor.py:175} INFO - Processing /Library/Frameworks/Python.framework/Versions/3.11/lib/python3.11/site-packages/airflow/example_dags/example_latest_only_with_trigger.py took 0.548 seconds
[2022-12-31T21:13:08.288+0100] {processor.py:153} INFO - Started process (PID=95630) to work on /Library/Frameworks/Python.framework/Versions/3.11/lib/python3.11/site-packages/airflow/example_dags/example_latest_only_with_trigger.py
[2022-12-31T21:13:08.294+0100] {processor.py:743} INFO - Processing file /Library/Frameworks/Python.framework/Versions/3.11/lib/python3.11/site-packages/airflow/example_dags/example_latest_only_with_trigger.py for tasks to queue
[2022-12-31T21:13:08.295+0100] {logging_mixin.py:137} INFO - [2022-12-31T21:13:08.295+0100] {dagbag.py:538} INFO - Filling up the DagBag from /Library/Frameworks/Python.framework/Versions/3.11/lib/python3.11/site-packages/airflow/example_dags/example_latest_only_with_trigger.py
[2022-12-31T21:13:08.306+0100] {processor.py:753} INFO - DAG(s) dict_keys(['latest_only_with_trigger']) retrieved from /Library/Frameworks/Python.framework/Versions/3.11/lib/python3.11/site-packages/airflow/example_dags/example_latest_only_with_trigger.py
[2022-12-31T21:13:08.871+0100] {logging_mixin.py:137} INFO - [2022-12-31T21:13:08.871+0100] {dag.py:2676} INFO - Sync 1 DAGs
[2022-12-31T21:13:08.887+0100] {logging_mixin.py:137} INFO - [2022-12-31T21:13:08.887+0100] {dag.py:3423} INFO - Setting next_dagrun for latest_only_with_trigger to 2022-12-31T16:13:08.887200+00:00, run_after=2022-12-31T20:13:08.887200+00:00
[2022-12-31T21:13:08.897+0100] {processor.py:175} INFO - Processing /Library/Frameworks/Python.framework/Versions/3.11/lib/python3.11/site-packages/airflow/example_dags/example_latest_only_with_trigger.py took 0.610 seconds
[2022-12-31T21:15:09.612+0100] {processor.py:153} INFO - Started process (PID=95919) to work on /Library/Frameworks/Python.framework/Versions/3.11/lib/python3.11/site-packages/airflow/example_dags/example_latest_only_with_trigger.py
[2022-12-31T21:15:09.616+0100] {processor.py:743} INFO - Processing file /Library/Frameworks/Python.framework/Versions/3.11/lib/python3.11/site-packages/airflow/example_dags/example_latest_only_with_trigger.py for tasks to queue
[2022-12-31T21:15:09.616+0100] {logging_mixin.py:137} INFO - [2022-12-31T21:15:09.616+0100] {dagbag.py:538} INFO - Filling up the DagBag from /Library/Frameworks/Python.framework/Versions/3.11/lib/python3.11/site-packages/airflow/example_dags/example_latest_only_with_trigger.py
[2022-12-31T21:15:09.627+0100] {processor.py:753} INFO - DAG(s) dict_keys(['latest_only_with_trigger']) retrieved from /Library/Frameworks/Python.framework/Versions/3.11/lib/python3.11/site-packages/airflow/example_dags/example_latest_only_with_trigger.py
[2022-12-31T21:15:10.057+0100] {logging_mixin.py:137} INFO - [2022-12-31T21:15:10.057+0100] {dag.py:2676} INFO - Sync 1 DAGs
[2022-12-31T21:15:10.064+0100] {logging_mixin.py:137} INFO - [2022-12-31T21:15:10.064+0100] {dag.py:3423} INFO - Setting next_dagrun for latest_only_with_trigger to 2022-12-31T16:15:10.064076+00:00, run_after=2022-12-31T20:15:10.064076+00:00
[2022-12-31T21:15:10.071+0100] {processor.py:175} INFO - Processing /Library/Frameworks/Python.framework/Versions/3.11/lib/python3.11/site-packages/airflow/example_dags/example_latest_only_with_trigger.py took 0.461 seconds
[2022-12-31T21:17:02.015+0100] {processor.py:153} INFO - Started process (PID=96140) to work on /Library/Frameworks/Python.framework/Versions/3.11/lib/python3.11/site-packages/airflow/example_dags/example_latest_only_with_trigger.py
[2022-12-31T21:17:02.020+0100] {processor.py:743} INFO - Processing file /Library/Frameworks/Python.framework/Versions/3.11/lib/python3.11/site-packages/airflow/example_dags/example_latest_only_with_trigger.py for tasks to queue
[2022-12-31T21:17:02.020+0100] {logging_mixin.py:137} INFO - [2022-12-31T21:17:02.020+0100] {dagbag.py:538} INFO - Filling up the DagBag from /Library/Frameworks/Python.framework/Versions/3.11/lib/python3.11/site-packages/airflow/example_dags/example_latest_only_with_trigger.py
[2022-12-31T21:17:02.031+0100] {processor.py:753} INFO - DAG(s) dict_keys(['latest_only_with_trigger']) retrieved from /Library/Frameworks/Python.framework/Versions/3.11/lib/python3.11/site-packages/airflow/example_dags/example_latest_only_with_trigger.py
[2022-12-31T21:17:02.442+0100] {logging_mixin.py:137} INFO - [2022-12-31T21:17:02.441+0100] {dag.py:2676} INFO - Sync 1 DAGs
[2022-12-31T21:17:02.447+0100] {logging_mixin.py:137} INFO - [2022-12-31T21:17:02.447+0100] {dag.py:3423} INFO - Setting next_dagrun for latest_only_with_trigger to 2022-12-31T16:17:02.447746+00:00, run_after=2022-12-31T20:17:02.447746+00:00
[2022-12-31T21:17:02.455+0100] {processor.py:175} INFO - Processing /Library/Frameworks/Python.framework/Versions/3.11/lib/python3.11/site-packages/airflow/example_dags/example_latest_only_with_trigger.py took 0.441 seconds
[2022-12-31T21:18:49.392+0100] {processor.py:153} INFO - Started process (PID=96397) to work on /Library/Frameworks/Python.framework/Versions/3.11/lib/python3.11/site-packages/airflow/example_dags/example_latest_only_with_trigger.py
[2022-12-31T21:18:49.394+0100] {processor.py:743} INFO - Processing file /Library/Frameworks/Python.framework/Versions/3.11/lib/python3.11/site-packages/airflow/example_dags/example_latest_only_with_trigger.py for tasks to queue
[2022-12-31T21:18:49.394+0100] {logging_mixin.py:137} INFO - [2022-12-31T21:18:49.394+0100] {dagbag.py:538} INFO - Filling up the DagBag from /Library/Frameworks/Python.framework/Versions/3.11/lib/python3.11/site-packages/airflow/example_dags/example_latest_only_with_trigger.py
[2022-12-31T21:18:49.406+0100] {processor.py:753} INFO - DAG(s) dict_keys(['latest_only_with_trigger']) retrieved from /Library/Frameworks/Python.framework/Versions/3.11/lib/python3.11/site-packages/airflow/example_dags/example_latest_only_with_trigger.py
[2022-12-31T21:18:49.878+0100] {logging_mixin.py:137} INFO - [2022-12-31T21:18:49.878+0100] {dag.py:2676} INFO - Sync 1 DAGs
[2022-12-31T21:18:49.884+0100] {logging_mixin.py:137} INFO - [2022-12-31T21:18:49.884+0100] {dag.py:3423} INFO - Setting next_dagrun for latest_only_with_trigger to 2022-12-31T16:18:49.884778+00:00, run_after=2022-12-31T20:18:49.884778+00:00
[2022-12-31T21:18:49.893+0100] {processor.py:175} INFO - Processing /Library/Frameworks/Python.framework/Versions/3.11/lib/python3.11/site-packages/airflow/example_dags/example_latest_only_with_trigger.py took 0.501 seconds
[2022-12-31T21:20:48.810+0100] {processor.py:153} INFO - Started process (PID=96596) to work on /Library/Frameworks/Python.framework/Versions/3.11/lib/python3.11/site-packages/airflow/example_dags/example_latest_only_with_trigger.py
[2022-12-31T21:20:48.817+0100] {processor.py:743} INFO - Processing file /Library/Frameworks/Python.framework/Versions/3.11/lib/python3.11/site-packages/airflow/example_dags/example_latest_only_with_trigger.py for tasks to queue
[2022-12-31T21:20:48.817+0100] {logging_mixin.py:137} INFO - [2022-12-31T21:20:48.817+0100] {dagbag.py:538} INFO - Filling up the DagBag from /Library/Frameworks/Python.framework/Versions/3.11/lib/python3.11/site-packages/airflow/example_dags/example_latest_only_with_trigger.py
[2022-12-31T21:20:48.835+0100] {processor.py:753} INFO - DAG(s) dict_keys(['latest_only_with_trigger']) retrieved from /Library/Frameworks/Python.framework/Versions/3.11/lib/python3.11/site-packages/airflow/example_dags/example_latest_only_with_trigger.py
[2022-12-31T21:20:49.241+0100] {logging_mixin.py:137} INFO - [2022-12-31T21:20:49.241+0100] {dag.py:2676} INFO - Sync 1 DAGs
[2022-12-31T21:20:49.247+0100] {logging_mixin.py:137} INFO - [2022-12-31T21:20:49.247+0100] {dag.py:3423} INFO - Setting next_dagrun for latest_only_with_trigger to 2022-12-31T16:20:49.247662+00:00, run_after=2022-12-31T20:20:49.247662+00:00
[2022-12-31T21:20:49.255+0100] {processor.py:175} INFO - Processing /Library/Frameworks/Python.framework/Versions/3.11/lib/python3.11/site-packages/airflow/example_dags/example_latest_only_with_trigger.py took 0.445 seconds
[2022-12-31T21:22:44.959+0100] {processor.py:153} INFO - Started process (PID=96786) to work on /Library/Frameworks/Python.framework/Versions/3.11/lib/python3.11/site-packages/airflow/example_dags/example_latest_only_with_trigger.py
[2022-12-31T21:22:44.966+0100] {processor.py:743} INFO - Processing file /Library/Frameworks/Python.framework/Versions/3.11/lib/python3.11/site-packages/airflow/example_dags/example_latest_only_with_trigger.py for tasks to queue
[2022-12-31T21:22:44.966+0100] {logging_mixin.py:137} INFO - [2022-12-31T21:22:44.966+0100] {dagbag.py:538} INFO - Filling up the DagBag from /Library/Frameworks/Python.framework/Versions/3.11/lib/python3.11/site-packages/airflow/example_dags/example_latest_only_with_trigger.py
[2022-12-31T21:22:44.977+0100] {processor.py:753} INFO - DAG(s) dict_keys(['latest_only_with_trigger']) retrieved from /Library/Frameworks/Python.framework/Versions/3.11/lib/python3.11/site-packages/airflow/example_dags/example_latest_only_with_trigger.py
[2022-12-31T21:22:45.423+0100] {logging_mixin.py:137} INFO - [2022-12-31T21:22:45.423+0100] {dag.py:2676} INFO - Sync 1 DAGs
[2022-12-31T21:22:45.430+0100] {logging_mixin.py:137} INFO - [2022-12-31T21:22:45.430+0100] {dag.py:3423} INFO - Setting next_dagrun for latest_only_with_trigger to 2022-12-31T16:22:45.430215+00:00, run_after=2022-12-31T20:22:45.430215+00:00
[2022-12-31T21:22:45.438+0100] {processor.py:175} INFO - Processing /Library/Frameworks/Python.framework/Versions/3.11/lib/python3.11/site-packages/airflow/example_dags/example_latest_only_with_trigger.py took 0.480 seconds
[2022-12-31T21:24:43.197+0100] {processor.py:153} INFO - Started process (PID=96992) to work on /Library/Frameworks/Python.framework/Versions/3.11/lib/python3.11/site-packages/airflow/example_dags/example_latest_only_with_trigger.py
[2022-12-31T21:24:43.224+0100] {processor.py:743} INFO - Processing file /Library/Frameworks/Python.framework/Versions/3.11/lib/python3.11/site-packages/airflow/example_dags/example_latest_only_with_trigger.py for tasks to queue
[2022-12-31T21:24:43.225+0100] {logging_mixin.py:137} INFO - [2022-12-31T21:24:43.224+0100] {dagbag.py:538} INFO - Filling up the DagBag from /Library/Frameworks/Python.framework/Versions/3.11/lib/python3.11/site-packages/airflow/example_dags/example_latest_only_with_trigger.py
[2022-12-31T21:24:43.238+0100] {processor.py:753} INFO - DAG(s) dict_keys(['latest_only_with_trigger']) retrieved from /Library/Frameworks/Python.framework/Versions/3.11/lib/python3.11/site-packages/airflow/example_dags/example_latest_only_with_trigger.py
[2022-12-31T21:24:43.675+0100] {logging_mixin.py:137} INFO - [2022-12-31T21:24:43.675+0100] {dag.py:2676} INFO - Sync 1 DAGs
[2022-12-31T21:24:43.681+0100] {logging_mixin.py:137} INFO - [2022-12-31T21:24:43.681+0100] {dag.py:3423} INFO - Setting next_dagrun for latest_only_with_trigger to 2022-12-31T16:24:43.681190+00:00, run_after=2022-12-31T20:24:43.681190+00:00
[2022-12-31T21:24:43.687+0100] {processor.py:175} INFO - Processing /Library/Frameworks/Python.framework/Versions/3.11/lib/python3.11/site-packages/airflow/example_dags/example_latest_only_with_trigger.py took 0.490 seconds
[2022-12-31T21:26:36.360+0100] {processor.py:153} INFO - Started process (PID=97234) to work on /Library/Frameworks/Python.framework/Versions/3.11/lib/python3.11/site-packages/airflow/example_dags/example_latest_only_with_trigger.py
[2022-12-31T21:26:36.364+0100] {processor.py:743} INFO - Processing file /Library/Frameworks/Python.framework/Versions/3.11/lib/python3.11/site-packages/airflow/example_dags/example_latest_only_with_trigger.py for tasks to queue
[2022-12-31T21:26:36.364+0100] {logging_mixin.py:137} INFO - [2022-12-31T21:26:36.364+0100] {dagbag.py:538} INFO - Filling up the DagBag from /Library/Frameworks/Python.framework/Versions/3.11/lib/python3.11/site-packages/airflow/example_dags/example_latest_only_with_trigger.py
[2022-12-31T21:26:36.375+0100] {processor.py:753} INFO - DAG(s) dict_keys(['latest_only_with_trigger']) retrieved from /Library/Frameworks/Python.framework/Versions/3.11/lib/python3.11/site-packages/airflow/example_dags/example_latest_only_with_trigger.py
[2022-12-31T21:26:36.789+0100] {logging_mixin.py:137} INFO - [2022-12-31T21:26:36.788+0100] {dag.py:2676} INFO - Sync 1 DAGs
[2022-12-31T21:26:36.794+0100] {logging_mixin.py:137} INFO - [2022-12-31T21:26:36.794+0100] {dag.py:3423} INFO - Setting next_dagrun for latest_only_with_trigger to 2022-12-31T16:26:36.794862+00:00, run_after=2022-12-31T20:26:36.794862+00:00
[2022-12-31T21:26:36.802+0100] {processor.py:175} INFO - Processing /Library/Frameworks/Python.framework/Versions/3.11/lib/python3.11/site-packages/airflow/example_dags/example_latest_only_with_trigger.py took 0.443 seconds
