[2022-12-31T20:29:12.760+0100] {processor.py:153} INFO - Started process (PID=90162) to work on /Library/Frameworks/Python.framework/Versions/3.11/lib/python3.11/site-packages/airflow/example_dags/example_task_group.py
[2022-12-31T20:29:12.764+0100] {processor.py:743} INFO - Processing file /Library/Frameworks/Python.framework/Versions/3.11/lib/python3.11/site-packages/airflow/example_dags/example_task_group.py for tasks to queue
[2022-12-31T20:29:12.765+0100] {logging_mixin.py:137} INFO - [2022-12-31T20:29:12.765+0100] {dagbag.py:538} INFO - Filling up the DagBag from /Library/Frameworks/Python.framework/Versions/3.11/lib/python3.11/site-packages/airflow/example_dags/example_task_group.py
[2022-12-31T20:29:12.777+0100] {processor.py:753} INFO - DAG(s) dict_keys(['example_task_group']) retrieved from /Library/Frameworks/Python.framework/Versions/3.11/lib/python3.11/site-packages/airflow/example_dags/example_task_group.py
[2022-12-31T20:29:13.243+0100] {logging_mixin.py:137} INFO - [2022-12-31T20:29:13.243+0100] {manager.py:504} INFO - Created Permission View: can delete on DAG:example_task_group
[2022-12-31T20:29:13.246+0100] {logging_mixin.py:137} INFO - [2022-12-31T20:29:13.245+0100] {manager.py:504} INFO - Created Permission View: can edit on DAG:example_task_group
[2022-12-31T20:29:13.247+0100] {logging_mixin.py:137} INFO - [2022-12-31T20:29:13.247+0100] {manager.py:504} INFO - Created Permission View: can read on DAG:example_task_group
[2022-12-31T20:29:13.247+0100] {logging_mixin.py:137} INFO - [2022-12-31T20:29:13.247+0100] {dag.py:2676} INFO - Sync 1 DAGs
[2022-12-31T20:29:13.250+0100] {logging_mixin.py:137} INFO - [2022-12-31T20:29:13.250+0100] {dag.py:2697} INFO - Creating ORM DAG for example_task_group
[2022-12-31T20:29:13.253+0100] {logging_mixin.py:137} INFO - [2022-12-31T20:29:13.253+0100] {dag.py:3423} INFO - Setting next_dagrun for example_task_group to 2022-12-30T19:29:13.253416+00:00, run_after=2022-12-31T19:29:13.253416+00:00
[2022-12-31T20:29:13.260+0100] {processor.py:175} INFO - Processing /Library/Frameworks/Python.framework/Versions/3.11/lib/python3.11/site-packages/airflow/example_dags/example_task_group.py took 0.501 seconds
[2022-12-31T20:31:04.732+0100] {processor.py:153} INFO - Started process (PID=90385) to work on /Library/Frameworks/Python.framework/Versions/3.11/lib/python3.11/site-packages/airflow/example_dags/example_task_group.py
[2022-12-31T20:31:04.738+0100] {processor.py:743} INFO - Processing file /Library/Frameworks/Python.framework/Versions/3.11/lib/python3.11/site-packages/airflow/example_dags/example_task_group.py for tasks to queue
[2022-12-31T20:31:04.738+0100] {logging_mixin.py:137} INFO - [2022-12-31T20:31:04.738+0100] {dagbag.py:538} INFO - Filling up the DagBag from /Library/Frameworks/Python.framework/Versions/3.11/lib/python3.11/site-packages/airflow/example_dags/example_task_group.py
[2022-12-31T20:31:04.753+0100] {processor.py:753} INFO - DAG(s) dict_keys(['example_task_group']) retrieved from /Library/Frameworks/Python.framework/Versions/3.11/lib/python3.11/site-packages/airflow/example_dags/example_task_group.py
[2022-12-31T20:31:05.198+0100] {logging_mixin.py:137} INFO - [2022-12-31T20:31:05.198+0100] {dag.py:2676} INFO - Sync 1 DAGs
[2022-12-31T20:31:05.203+0100] {logging_mixin.py:137} INFO - [2022-12-31T20:31:05.203+0100] {dag.py:3423} INFO - Setting next_dagrun for example_task_group to 2022-12-30T19:31:05.203770+00:00, run_after=2022-12-31T19:31:05.203770+00:00
[2022-12-31T20:31:05.210+0100] {processor.py:175} INFO - Processing /Library/Frameworks/Python.framework/Versions/3.11/lib/python3.11/site-packages/airflow/example_dags/example_task_group.py took 0.479 seconds
[2022-12-31T20:32:26.637+0100] {processor.py:153} INFO - Started process (PID=90515) to work on /Library/Frameworks/Python.framework/Versions/3.11/lib/python3.11/site-packages/airflow/example_dags/example_task_group.py
[2022-12-31T20:32:26.641+0100] {processor.py:743} INFO - Processing file /Library/Frameworks/Python.framework/Versions/3.11/lib/python3.11/site-packages/airflow/example_dags/example_task_group.py for tasks to queue
[2022-12-31T20:32:26.641+0100] {logging_mixin.py:137} INFO - [2022-12-31T20:32:26.641+0100] {dagbag.py:538} INFO - Filling up the DagBag from /Library/Frameworks/Python.framework/Versions/3.11/lib/python3.11/site-packages/airflow/example_dags/example_task_group.py
[2022-12-31T20:32:26.652+0100] {processor.py:753} INFO - DAG(s) dict_keys(['example_task_group']) retrieved from /Library/Frameworks/Python.framework/Versions/3.11/lib/python3.11/site-packages/airflow/example_dags/example_task_group.py
[2022-12-31T20:32:27.082+0100] {logging_mixin.py:137} INFO - [2022-12-31T20:32:27.082+0100] {dag.py:2676} INFO - Sync 1 DAGs
[2022-12-31T20:32:27.088+0100] {logging_mixin.py:137} INFO - [2022-12-31T20:32:27.088+0100] {dag.py:3423} INFO - Setting next_dagrun for example_task_group to 2022-12-30T19:32:27.088531+00:00, run_after=2022-12-31T19:32:27.088531+00:00
[2022-12-31T20:32:27.095+0100] {processor.py:175} INFO - Processing /Library/Frameworks/Python.framework/Versions/3.11/lib/python3.11/site-packages/airflow/example_dags/example_task_group.py took 0.459 seconds
[2022-12-31T20:34:12.842+0100] {processor.py:153} INFO - Started process (PID=90655) to work on /Library/Frameworks/Python.framework/Versions/3.11/lib/python3.11/site-packages/airflow/example_dags/example_task_group.py
[2022-12-31T20:34:12.847+0100] {processor.py:743} INFO - Processing file /Library/Frameworks/Python.framework/Versions/3.11/lib/python3.11/site-packages/airflow/example_dags/example_task_group.py for tasks to queue
[2022-12-31T20:34:12.847+0100] {logging_mixin.py:137} INFO - [2022-12-31T20:34:12.847+0100] {dagbag.py:538} INFO - Filling up the DagBag from /Library/Frameworks/Python.framework/Versions/3.11/lib/python3.11/site-packages/airflow/example_dags/example_task_group.py
[2022-12-31T20:34:12.863+0100] {processor.py:753} INFO - DAG(s) dict_keys(['example_task_group']) retrieved from /Library/Frameworks/Python.framework/Versions/3.11/lib/python3.11/site-packages/airflow/example_dags/example_task_group.py
[2022-12-31T20:34:13.273+0100] {logging_mixin.py:137} INFO - [2022-12-31T20:34:13.273+0100] {dag.py:2676} INFO - Sync 1 DAGs
[2022-12-31T20:34:13.279+0100] {logging_mixin.py:137} INFO - [2022-12-31T20:34:13.279+0100] {dag.py:3423} INFO - Setting next_dagrun for example_task_group to 2022-12-30T19:34:13.279636+00:00, run_after=2022-12-31T19:34:13.279636+00:00
[2022-12-31T20:34:13.286+0100] {processor.py:175} INFO - Processing /Library/Frameworks/Python.framework/Versions/3.11/lib/python3.11/site-packages/airflow/example_dags/example_task_group.py took 0.445 seconds
[2022-12-31T20:35:47.674+0100] {processor.py:153} INFO - Started process (PID=90800) to work on /Library/Frameworks/Python.framework/Versions/3.11/lib/python3.11/site-packages/airflow/example_dags/example_task_group.py
[2022-12-31T20:35:47.677+0100] {processor.py:743} INFO - Processing file /Library/Frameworks/Python.framework/Versions/3.11/lib/python3.11/site-packages/airflow/example_dags/example_task_group.py for tasks to queue
[2022-12-31T20:35:47.677+0100] {logging_mixin.py:137} INFO - [2022-12-31T20:35:47.677+0100] {dagbag.py:538} INFO - Filling up the DagBag from /Library/Frameworks/Python.framework/Versions/3.11/lib/python3.11/site-packages/airflow/example_dags/example_task_group.py
[2022-12-31T20:35:47.690+0100] {processor.py:753} INFO - DAG(s) dict_keys(['example_task_group']) retrieved from /Library/Frameworks/Python.framework/Versions/3.11/lib/python3.11/site-packages/airflow/example_dags/example_task_group.py
[2022-12-31T20:35:48.114+0100] {logging_mixin.py:137} INFO - [2022-12-31T20:35:48.114+0100] {dag.py:2676} INFO - Sync 1 DAGs
[2022-12-31T20:35:48.120+0100] {logging_mixin.py:137} INFO - [2022-12-31T20:35:48.120+0100] {dag.py:3423} INFO - Setting next_dagrun for example_task_group to 2022-12-30T19:35:48.120129+00:00, run_after=2022-12-31T19:35:48.120129+00:00
[2022-12-31T20:35:48.127+0100] {processor.py:175} INFO - Processing /Library/Frameworks/Python.framework/Versions/3.11/lib/python3.11/site-packages/airflow/example_dags/example_task_group.py took 0.452 seconds
[2022-12-31T20:37:09.646+0100] {processor.py:153} INFO - Started process (PID=90922) to work on /Library/Frameworks/Python.framework/Versions/3.11/lib/python3.11/site-packages/airflow/example_dags/example_task_group.py
[2022-12-31T20:37:09.651+0100] {processor.py:743} INFO - Processing file /Library/Frameworks/Python.framework/Versions/3.11/lib/python3.11/site-packages/airflow/example_dags/example_task_group.py for tasks to queue
[2022-12-31T20:37:09.651+0100] {logging_mixin.py:137} INFO - [2022-12-31T20:37:09.651+0100] {dagbag.py:538} INFO - Filling up the DagBag from /Library/Frameworks/Python.framework/Versions/3.11/lib/python3.11/site-packages/airflow/example_dags/example_task_group.py
[2022-12-31T20:37:09.662+0100] {processor.py:753} INFO - DAG(s) dict_keys(['example_task_group']) retrieved from /Library/Frameworks/Python.framework/Versions/3.11/lib/python3.11/site-packages/airflow/example_dags/example_task_group.py
[2022-12-31T20:37:10.086+0100] {logging_mixin.py:137} INFO - [2022-12-31T20:37:10.086+0100] {dag.py:2676} INFO - Sync 1 DAGs
[2022-12-31T20:37:10.091+0100] {logging_mixin.py:137} INFO - [2022-12-31T20:37:10.091+0100] {dag.py:3423} INFO - Setting next_dagrun for example_task_group to 2022-12-30T19:37:10.091753+00:00, run_after=2022-12-31T19:37:10.091753+00:00
[2022-12-31T20:37:10.098+0100] {processor.py:175} INFO - Processing /Library/Frameworks/Python.framework/Versions/3.11/lib/python3.11/site-packages/airflow/example_dags/example_task_group.py took 0.453 seconds
[2022-12-31T20:38:50.019+0100] {processor.py:153} INFO - Started process (PID=91054) to work on /Library/Frameworks/Python.framework/Versions/3.11/lib/python3.11/site-packages/airflow/example_dags/example_task_group.py
[2022-12-31T20:38:50.025+0100] {processor.py:743} INFO - Processing file /Library/Frameworks/Python.framework/Versions/3.11/lib/python3.11/site-packages/airflow/example_dags/example_task_group.py for tasks to queue
[2022-12-31T20:38:50.025+0100] {logging_mixin.py:137} INFO - [2022-12-31T20:38:50.025+0100] {dagbag.py:538} INFO - Filling up the DagBag from /Library/Frameworks/Python.framework/Versions/3.11/lib/python3.11/site-packages/airflow/example_dags/example_task_group.py
[2022-12-31T20:38:50.036+0100] {processor.py:753} INFO - DAG(s) dict_keys(['example_task_group']) retrieved from /Library/Frameworks/Python.framework/Versions/3.11/lib/python3.11/site-packages/airflow/example_dags/example_task_group.py
[2022-12-31T20:38:50.457+0100] {logging_mixin.py:137} INFO - [2022-12-31T20:38:50.457+0100] {dag.py:2676} INFO - Sync 1 DAGs
[2022-12-31T20:38:50.463+0100] {logging_mixin.py:137} INFO - [2022-12-31T20:38:50.463+0100] {dag.py:3423} INFO - Setting next_dagrun for example_task_group to 2022-12-30T19:38:50.463458+00:00, run_after=2022-12-31T19:38:50.463458+00:00
[2022-12-31T20:38:50.470+0100] {processor.py:175} INFO - Processing /Library/Frameworks/Python.framework/Versions/3.11/lib/python3.11/site-packages/airflow/example_dags/example_task_group.py took 0.451 seconds
[2022-12-31T20:40:36.097+0100] {processor.py:153} INFO - Started process (PID=91260) to work on /Library/Frameworks/Python.framework/Versions/3.11/lib/python3.11/site-packages/airflow/example_dags/example_task_group.py
[2022-12-31T20:40:36.102+0100] {processor.py:743} INFO - Processing file /Library/Frameworks/Python.framework/Versions/3.11/lib/python3.11/site-packages/airflow/example_dags/example_task_group.py for tasks to queue
[2022-12-31T20:40:36.102+0100] {logging_mixin.py:137} INFO - [2022-12-31T20:40:36.102+0100] {dagbag.py:538} INFO - Filling up the DagBag from /Library/Frameworks/Python.framework/Versions/3.11/lib/python3.11/site-packages/airflow/example_dags/example_task_group.py
[2022-12-31T20:40:36.115+0100] {processor.py:753} INFO - DAG(s) dict_keys(['example_task_group']) retrieved from /Library/Frameworks/Python.framework/Versions/3.11/lib/python3.11/site-packages/airflow/example_dags/example_task_group.py
[2022-12-31T20:40:36.525+0100] {logging_mixin.py:137} INFO - [2022-12-31T20:40:36.525+0100] {dag.py:2676} INFO - Sync 1 DAGs
[2022-12-31T20:40:36.531+0100] {logging_mixin.py:137} INFO - [2022-12-31T20:40:36.531+0100] {dag.py:3423} INFO - Setting next_dagrun for example_task_group to 2022-12-30T19:40:36.531119+00:00, run_after=2022-12-31T19:40:36.531119+00:00
[2022-12-31T20:40:36.537+0100] {processor.py:175} INFO - Processing /Library/Frameworks/Python.framework/Versions/3.11/lib/python3.11/site-packages/airflow/example_dags/example_task_group.py took 0.441 seconds
[2022-12-31T20:42:24.062+0100] {processor.py:153} INFO - Started process (PID=91399) to work on /Library/Frameworks/Python.framework/Versions/3.11/lib/python3.11/site-packages/airflow/example_dags/example_task_group.py
[2022-12-31T20:42:24.067+0100] {processor.py:743} INFO - Processing file /Library/Frameworks/Python.framework/Versions/3.11/lib/python3.11/site-packages/airflow/example_dags/example_task_group.py for tasks to queue
[2022-12-31T20:42:24.067+0100] {logging_mixin.py:137} INFO - [2022-12-31T20:42:24.067+0100] {dagbag.py:538} INFO - Filling up the DagBag from /Library/Frameworks/Python.framework/Versions/3.11/lib/python3.11/site-packages/airflow/example_dags/example_task_group.py
[2022-12-31T20:42:24.078+0100] {processor.py:753} INFO - DAG(s) dict_keys(['example_task_group']) retrieved from /Library/Frameworks/Python.framework/Versions/3.11/lib/python3.11/site-packages/airflow/example_dags/example_task_group.py
[2022-12-31T20:42:24.493+0100] {logging_mixin.py:137} INFO - [2022-12-31T20:42:24.493+0100] {dag.py:2676} INFO - Sync 1 DAGs
[2022-12-31T20:42:24.499+0100] {logging_mixin.py:137} INFO - [2022-12-31T20:42:24.499+0100] {dag.py:3423} INFO - Setting next_dagrun for example_task_group to 2022-12-30T19:42:24.499126+00:00, run_after=2022-12-31T19:42:24.499126+00:00
[2022-12-31T20:42:24.505+0100] {processor.py:175} INFO - Processing /Library/Frameworks/Python.framework/Versions/3.11/lib/python3.11/site-packages/airflow/example_dags/example_task_group.py took 0.444 seconds
[2022-12-31T20:44:52.017+0100] {processor.py:153} INFO - Started process (PID=91714) to work on /Library/Frameworks/Python.framework/Versions/3.11/lib/python3.11/site-packages/airflow/example_dags/example_task_group.py
[2022-12-31T20:44:52.019+0100] {processor.py:743} INFO - Processing file /Library/Frameworks/Python.framework/Versions/3.11/lib/python3.11/site-packages/airflow/example_dags/example_task_group.py for tasks to queue
[2022-12-31T20:44:52.019+0100] {logging_mixin.py:137} INFO - [2022-12-31T20:44:52.019+0100] {dagbag.py:538} INFO - Filling up the DagBag from /Library/Frameworks/Python.framework/Versions/3.11/lib/python3.11/site-packages/airflow/example_dags/example_task_group.py
[2022-12-31T20:44:52.035+0100] {processor.py:753} INFO - DAG(s) dict_keys(['example_task_group']) retrieved from /Library/Frameworks/Python.framework/Versions/3.11/lib/python3.11/site-packages/airflow/example_dags/example_task_group.py
[2022-12-31T20:44:52.441+0100] {logging_mixin.py:137} INFO - [2022-12-31T20:44:52.441+0100] {dag.py:2676} INFO - Sync 1 DAGs
[2022-12-31T20:44:52.447+0100] {logging_mixin.py:137} INFO - [2022-12-31T20:44:52.447+0100] {dag.py:3423} INFO - Setting next_dagrun for example_task_group to 2022-12-30T19:44:52.447089+00:00, run_after=2022-12-31T19:44:52.447089+00:00
[2022-12-31T20:44:52.453+0100] {processor.py:175} INFO - Processing /Library/Frameworks/Python.framework/Versions/3.11/lib/python3.11/site-packages/airflow/example_dags/example_task_group.py took 0.437 seconds
[2022-12-31T20:46:49.964+0100] {processor.py:153} INFO - Started process (PID=91937) to work on /Library/Frameworks/Python.framework/Versions/3.11/lib/python3.11/site-packages/airflow/example_dags/example_task_group.py
[2022-12-31T20:46:49.968+0100] {processor.py:743} INFO - Processing file /Library/Frameworks/Python.framework/Versions/3.11/lib/python3.11/site-packages/airflow/example_dags/example_task_group.py for tasks to queue
[2022-12-31T20:46:49.968+0100] {logging_mixin.py:137} INFO - [2022-12-31T20:46:49.968+0100] {dagbag.py:538} INFO - Filling up the DagBag from /Library/Frameworks/Python.framework/Versions/3.11/lib/python3.11/site-packages/airflow/example_dags/example_task_group.py
[2022-12-31T20:46:49.989+0100] {processor.py:753} INFO - DAG(s) dict_keys(['example_task_group']) retrieved from /Library/Frameworks/Python.framework/Versions/3.11/lib/python3.11/site-packages/airflow/example_dags/example_task_group.py
[2022-12-31T20:46:50.415+0100] {logging_mixin.py:137} INFO - [2022-12-31T20:46:50.415+0100] {dag.py:2676} INFO - Sync 1 DAGs
[2022-12-31T20:46:50.421+0100] {logging_mixin.py:137} INFO - [2022-12-31T20:46:50.420+0100] {dag.py:3423} INFO - Setting next_dagrun for example_task_group to 2022-12-30T19:46:50.420912+00:00, run_after=2022-12-31T19:46:50.420912+00:00
[2022-12-31T20:46:50.426+0100] {processor.py:175} INFO - Processing /Library/Frameworks/Python.framework/Versions/3.11/lib/python3.11/site-packages/airflow/example_dags/example_task_group.py took 0.463 seconds
[2022-12-31T20:48:52.851+0100] {processor.py:153} INFO - Started process (PID=92179) to work on /Library/Frameworks/Python.framework/Versions/3.11/lib/python3.11/site-packages/airflow/example_dags/example_task_group.py
[2022-12-31T20:48:52.852+0100] {processor.py:743} INFO - Processing file /Library/Frameworks/Python.framework/Versions/3.11/lib/python3.11/site-packages/airflow/example_dags/example_task_group.py for tasks to queue
[2022-12-31T20:48:52.853+0100] {logging_mixin.py:137} INFO - [2022-12-31T20:48:52.853+0100] {dagbag.py:538} INFO - Filling up the DagBag from /Library/Frameworks/Python.framework/Versions/3.11/lib/python3.11/site-packages/airflow/example_dags/example_task_group.py
[2022-12-31T20:48:52.870+0100] {processor.py:753} INFO - DAG(s) dict_keys(['example_task_group']) retrieved from /Library/Frameworks/Python.framework/Versions/3.11/lib/python3.11/site-packages/airflow/example_dags/example_task_group.py
[2022-12-31T20:48:53.279+0100] {logging_mixin.py:137} INFO - [2022-12-31T20:48:53.279+0100] {dag.py:2676} INFO - Sync 1 DAGs
[2022-12-31T20:48:53.285+0100] {logging_mixin.py:137} INFO - [2022-12-31T20:48:53.285+0100] {dag.py:3423} INFO - Setting next_dagrun for example_task_group to 2022-12-30T19:48:53.285388+00:00, run_after=2022-12-31T19:48:53.285388+00:00
[2022-12-31T20:48:53.291+0100] {processor.py:175} INFO - Processing /Library/Frameworks/Python.framework/Versions/3.11/lib/python3.11/site-packages/airflow/example_dags/example_task_group.py took 0.442 seconds
[2022-12-31T20:51:07.554+0100] {processor.py:153} INFO - Started process (PID=92438) to work on /Library/Frameworks/Python.framework/Versions/3.11/lib/python3.11/site-packages/airflow/example_dags/example_task_group.py
[2022-12-31T20:51:07.559+0100] {processor.py:743} INFO - Processing file /Library/Frameworks/Python.framework/Versions/3.11/lib/python3.11/site-packages/airflow/example_dags/example_task_group.py for tasks to queue
[2022-12-31T20:51:07.559+0100] {logging_mixin.py:137} INFO - [2022-12-31T20:51:07.559+0100] {dagbag.py:538} INFO - Filling up the DagBag from /Library/Frameworks/Python.framework/Versions/3.11/lib/python3.11/site-packages/airflow/example_dags/example_task_group.py
[2022-12-31T20:51:07.572+0100] {processor.py:753} INFO - DAG(s) dict_keys(['example_task_group']) retrieved from /Library/Frameworks/Python.framework/Versions/3.11/lib/python3.11/site-packages/airflow/example_dags/example_task_group.py
[2022-12-31T20:51:08.208+0100] {logging_mixin.py:137} INFO - [2022-12-31T20:51:08.207+0100] {dag.py:2676} INFO - Sync 1 DAGs
[2022-12-31T20:51:08.226+0100] {logging_mixin.py:137} INFO - [2022-12-31T20:51:08.225+0100] {dag.py:3423} INFO - Setting next_dagrun for example_task_group to 2022-12-30T19:51:08.225768+00:00, run_after=2022-12-31T19:51:08.225768+00:00
[2022-12-31T20:51:08.239+0100] {processor.py:175} INFO - Processing /Library/Frameworks/Python.framework/Versions/3.11/lib/python3.11/site-packages/airflow/example_dags/example_task_group.py took 0.686 seconds
[2022-12-31T20:53:21.718+0100] {processor.py:153} INFO - Started process (PID=92824) to work on /Library/Frameworks/Python.framework/Versions/3.11/lib/python3.11/site-packages/airflow/example_dags/example_task_group.py
[2022-12-31T20:53:21.722+0100] {processor.py:743} INFO - Processing file /Library/Frameworks/Python.framework/Versions/3.11/lib/python3.11/site-packages/airflow/example_dags/example_task_group.py for tasks to queue
[2022-12-31T20:53:21.722+0100] {logging_mixin.py:137} INFO - [2022-12-31T20:53:21.722+0100] {dagbag.py:538} INFO - Filling up the DagBag from /Library/Frameworks/Python.framework/Versions/3.11/lib/python3.11/site-packages/airflow/example_dags/example_task_group.py
[2022-12-31T20:53:21.772+0100] {processor.py:753} INFO - DAG(s) dict_keys(['example_task_group']) retrieved from /Library/Frameworks/Python.framework/Versions/3.11/lib/python3.11/site-packages/airflow/example_dags/example_task_group.py
[2022-12-31T20:53:22.349+0100] {logging_mixin.py:137} INFO - [2022-12-31T20:53:22.349+0100] {dag.py:2676} INFO - Sync 1 DAGs
[2022-12-31T20:53:22.360+0100] {logging_mixin.py:137} INFO - [2022-12-31T20:53:22.360+0100] {dag.py:3423} INFO - Setting next_dagrun for example_task_group to 2022-12-30T19:53:22.359930+00:00, run_after=2022-12-31T19:53:22.359930+00:00
[2022-12-31T20:53:22.371+0100] {processor.py:175} INFO - Processing /Library/Frameworks/Python.framework/Versions/3.11/lib/python3.11/site-packages/airflow/example_dags/example_task_group.py took 0.655 seconds
[2022-12-31T20:55:20.121+0100] {processor.py:153} INFO - Started process (PID=93155) to work on /Library/Frameworks/Python.framework/Versions/3.11/lib/python3.11/site-packages/airflow/example_dags/example_task_group.py
[2022-12-31T20:55:20.125+0100] {processor.py:743} INFO - Processing file /Library/Frameworks/Python.framework/Versions/3.11/lib/python3.11/site-packages/airflow/example_dags/example_task_group.py for tasks to queue
[2022-12-31T20:55:20.126+0100] {logging_mixin.py:137} INFO - [2022-12-31T20:55:20.126+0100] {dagbag.py:538} INFO - Filling up the DagBag from /Library/Frameworks/Python.framework/Versions/3.11/lib/python3.11/site-packages/airflow/example_dags/example_task_group.py
[2022-12-31T20:55:20.143+0100] {processor.py:753} INFO - DAG(s) dict_keys(['example_task_group']) retrieved from /Library/Frameworks/Python.framework/Versions/3.11/lib/python3.11/site-packages/airflow/example_dags/example_task_group.py
[2022-12-31T20:55:20.554+0100] {logging_mixin.py:137} INFO - [2022-12-31T20:55:20.554+0100] {dag.py:2676} INFO - Sync 1 DAGs
[2022-12-31T20:55:20.560+0100] {logging_mixin.py:137} INFO - [2022-12-31T20:55:20.560+0100] {dag.py:3423} INFO - Setting next_dagrun for example_task_group to 2022-12-30T19:55:20.560570+00:00, run_after=2022-12-31T19:55:20.560570+00:00
[2022-12-31T20:55:20.567+0100] {processor.py:175} INFO - Processing /Library/Frameworks/Python.framework/Versions/3.11/lib/python3.11/site-packages/airflow/example_dags/example_task_group.py took 0.446 seconds
[2022-12-31T20:56:31.679+0100] {processor.py:153} INFO - Started process (PID=93290) to work on /Library/Frameworks/Python.framework/Versions/3.11/lib/python3.11/site-packages/airflow/example_dags/example_task_group.py
[2022-12-31T20:56:31.687+0100] {processor.py:743} INFO - Processing file /Library/Frameworks/Python.framework/Versions/3.11/lib/python3.11/site-packages/airflow/example_dags/example_task_group.py for tasks to queue
[2022-12-31T20:56:31.688+0100] {logging_mixin.py:137} INFO - [2022-12-31T20:56:31.688+0100] {dagbag.py:538} INFO - Filling up the DagBag from /Library/Frameworks/Python.framework/Versions/3.11/lib/python3.11/site-packages/airflow/example_dags/example_task_group.py
[2022-12-31T20:56:31.759+0100] {processor.py:753} INFO - DAG(s) dict_keys(['example_task_group']) retrieved from /Library/Frameworks/Python.framework/Versions/3.11/lib/python3.11/site-packages/airflow/example_dags/example_task_group.py
[2022-12-31T20:56:32.389+0100] {logging_mixin.py:137} INFO - [2022-12-31T20:56:32.389+0100] {dag.py:2676} INFO - Sync 1 DAGs
[2022-12-31T20:56:32.398+0100] {logging_mixin.py:137} INFO - [2022-12-31T20:56:32.398+0100] {dag.py:3423} INFO - Setting next_dagrun for example_task_group to 2022-12-30T19:56:32.397928+00:00, run_after=2022-12-31T19:56:32.397928+00:00
[2022-12-31T20:56:32.416+0100] {processor.py:175} INFO - Processing /Library/Frameworks/Python.framework/Versions/3.11/lib/python3.11/site-packages/airflow/example_dags/example_task_group.py took 0.738 seconds
[2022-12-31T20:57:35.094+0100] {processor.py:153} INFO - Started process (PID=93430) to work on /Library/Frameworks/Python.framework/Versions/3.11/lib/python3.11/site-packages/airflow/example_dags/example_task_group.py
[2022-12-31T20:57:35.097+0100] {processor.py:743} INFO - Processing file /Library/Frameworks/Python.framework/Versions/3.11/lib/python3.11/site-packages/airflow/example_dags/example_task_group.py for tasks to queue
[2022-12-31T20:57:35.097+0100] {logging_mixin.py:137} INFO - [2022-12-31T20:57:35.097+0100] {dagbag.py:538} INFO - Filling up the DagBag from /Library/Frameworks/Python.framework/Versions/3.11/lib/python3.11/site-packages/airflow/example_dags/example_task_group.py
[2022-12-31T20:57:35.109+0100] {processor.py:753} INFO - DAG(s) dict_keys(['example_task_group']) retrieved from /Library/Frameworks/Python.framework/Versions/3.11/lib/python3.11/site-packages/airflow/example_dags/example_task_group.py
[2022-12-31T20:57:35.585+0100] {logging_mixin.py:137} INFO - [2022-12-31T20:57:35.585+0100] {dag.py:2676} INFO - Sync 1 DAGs
[2022-12-31T20:57:35.591+0100] {logging_mixin.py:137} INFO - [2022-12-31T20:57:35.591+0100] {dag.py:3423} INFO - Setting next_dagrun for example_task_group to 2022-12-30T19:57:35.591297+00:00, run_after=2022-12-31T19:57:35.591297+00:00
[2022-12-31T20:57:35.597+0100] {processor.py:175} INFO - Processing /Library/Frameworks/Python.framework/Versions/3.11/lib/python3.11/site-packages/airflow/example_dags/example_task_group.py took 0.504 seconds
[2022-12-31T20:59:37.811+0100] {processor.py:153} INFO - Started process (PID=93676) to work on /Library/Frameworks/Python.framework/Versions/3.11/lib/python3.11/site-packages/airflow/example_dags/example_task_group.py
[2022-12-31T20:59:37.817+0100] {processor.py:743} INFO - Processing file /Library/Frameworks/Python.framework/Versions/3.11/lib/python3.11/site-packages/airflow/example_dags/example_task_group.py for tasks to queue
[2022-12-31T20:59:37.817+0100] {logging_mixin.py:137} INFO - [2022-12-31T20:59:37.817+0100] {dagbag.py:538} INFO - Filling up the DagBag from /Library/Frameworks/Python.framework/Versions/3.11/lib/python3.11/site-packages/airflow/example_dags/example_task_group.py
[2022-12-31T20:59:37.829+0100] {processor.py:753} INFO - DAG(s) dict_keys(['example_task_group']) retrieved from /Library/Frameworks/Python.framework/Versions/3.11/lib/python3.11/site-packages/airflow/example_dags/example_task_group.py
[2022-12-31T20:59:38.297+0100] {logging_mixin.py:137} INFO - [2022-12-31T20:59:38.297+0100] {dag.py:2676} INFO - Sync 1 DAGs
[2022-12-31T20:59:38.304+0100] {logging_mixin.py:137} INFO - [2022-12-31T20:59:38.304+0100] {dag.py:3423} INFO - Setting next_dagrun for example_task_group to 2022-12-30T19:59:38.304068+00:00, run_after=2022-12-31T19:59:38.304068+00:00
[2022-12-31T20:59:38.311+0100] {processor.py:175} INFO - Processing /Library/Frameworks/Python.framework/Versions/3.11/lib/python3.11/site-packages/airflow/example_dags/example_task_group.py took 0.500 seconds
[2022-12-31T21:01:40.645+0100] {processor.py:153} INFO - Started process (PID=93958) to work on /Library/Frameworks/Python.framework/Versions/3.11/lib/python3.11/site-packages/airflow/example_dags/example_task_group.py
[2022-12-31T21:01:40.647+0100] {processor.py:743} INFO - Processing file /Library/Frameworks/Python.framework/Versions/3.11/lib/python3.11/site-packages/airflow/example_dags/example_task_group.py for tasks to queue
[2022-12-31T21:01:40.647+0100] {logging_mixin.py:137} INFO - [2022-12-31T21:01:40.647+0100] {dagbag.py:538} INFO - Filling up the DagBag from /Library/Frameworks/Python.framework/Versions/3.11/lib/python3.11/site-packages/airflow/example_dags/example_task_group.py
[2022-12-31T21:01:40.660+0100] {processor.py:753} INFO - DAG(s) dict_keys(['example_task_group']) retrieved from /Library/Frameworks/Python.framework/Versions/3.11/lib/python3.11/site-packages/airflow/example_dags/example_task_group.py
[2022-12-31T21:01:41.213+0100] {logging_mixin.py:137} INFO - [2022-12-31T21:01:41.213+0100] {dag.py:2676} INFO - Sync 1 DAGs
[2022-12-31T21:01:41.219+0100] {logging_mixin.py:137} INFO - [2022-12-31T21:01:41.219+0100] {dag.py:3423} INFO - Setting next_dagrun for example_task_group to 2022-12-30T20:01:41.219662+00:00, run_after=2022-12-31T20:01:41.219662+00:00
[2022-12-31T21:01:41.226+0100] {processor.py:175} INFO - Processing /Library/Frameworks/Python.framework/Versions/3.11/lib/python3.11/site-packages/airflow/example_dags/example_task_group.py took 0.581 seconds
[2022-12-31T21:03:44.346+0100] {processor.py:153} INFO - Started process (PID=94327) to work on /Library/Frameworks/Python.framework/Versions/3.11/lib/python3.11/site-packages/airflow/example_dags/example_task_group.py
[2022-12-31T21:03:44.350+0100] {processor.py:743} INFO - Processing file /Library/Frameworks/Python.framework/Versions/3.11/lib/python3.11/site-packages/airflow/example_dags/example_task_group.py for tasks to queue
[2022-12-31T21:03:44.350+0100] {logging_mixin.py:137} INFO - [2022-12-31T21:03:44.350+0100] {dagbag.py:538} INFO - Filling up the DagBag from /Library/Frameworks/Python.framework/Versions/3.11/lib/python3.11/site-packages/airflow/example_dags/example_task_group.py
[2022-12-31T21:03:44.364+0100] {processor.py:753} INFO - DAG(s) dict_keys(['example_task_group']) retrieved from /Library/Frameworks/Python.framework/Versions/3.11/lib/python3.11/site-packages/airflow/example_dags/example_task_group.py
[2022-12-31T21:03:44.909+0100] {logging_mixin.py:137} INFO - [2022-12-31T21:03:44.908+0100] {dag.py:2676} INFO - Sync 1 DAGs
[2022-12-31T21:03:44.916+0100] {logging_mixin.py:137} INFO - [2022-12-31T21:03:44.916+0100] {dag.py:3423} INFO - Setting next_dagrun for example_task_group to 2022-12-30T20:03:44.916224+00:00, run_after=2022-12-31T20:03:44.916224+00:00
[2022-12-31T21:03:44.923+0100] {processor.py:175} INFO - Processing /Library/Frameworks/Python.framework/Versions/3.11/lib/python3.11/site-packages/airflow/example_dags/example_task_group.py took 0.579 seconds
[2022-12-31T21:04:47.795+0100] {processor.py:153} INFO - Started process (PID=94452) to work on /Library/Frameworks/Python.framework/Versions/3.11/lib/python3.11/site-packages/airflow/example_dags/example_task_group.py
[2022-12-31T21:04:47.797+0100] {processor.py:743} INFO - Processing file /Library/Frameworks/Python.framework/Versions/3.11/lib/python3.11/site-packages/airflow/example_dags/example_task_group.py for tasks to queue
[2022-12-31T21:04:47.797+0100] {logging_mixin.py:137} INFO - [2022-12-31T21:04:47.797+0100] {dagbag.py:538} INFO - Filling up the DagBag from /Library/Frameworks/Python.framework/Versions/3.11/lib/python3.11/site-packages/airflow/example_dags/example_task_group.py
[2022-12-31T21:04:47.808+0100] {processor.py:753} INFO - DAG(s) dict_keys(['example_task_group']) retrieved from /Library/Frameworks/Python.framework/Versions/3.11/lib/python3.11/site-packages/airflow/example_dags/example_task_group.py
[2022-12-31T21:04:48.248+0100] {logging_mixin.py:137} INFO - [2022-12-31T21:04:48.248+0100] {dag.py:2676} INFO - Sync 1 DAGs
[2022-12-31T21:04:48.254+0100] {logging_mixin.py:137} INFO - [2022-12-31T21:04:48.254+0100] {dag.py:3423} INFO - Setting next_dagrun for example_task_group to 2022-12-30T20:04:48.254152+00:00, run_after=2022-12-31T20:04:48.254152+00:00
[2022-12-31T21:04:48.261+0100] {processor.py:175} INFO - Processing /Library/Frameworks/Python.framework/Versions/3.11/lib/python3.11/site-packages/airflow/example_dags/example_task_group.py took 0.466 seconds
[2022-12-31T21:06:36.120+0100] {processor.py:153} INFO - Started process (PID=94681) to work on /Library/Frameworks/Python.framework/Versions/3.11/lib/python3.11/site-packages/airflow/example_dags/example_task_group.py
[2022-12-31T21:06:36.122+0100] {processor.py:743} INFO - Processing file /Library/Frameworks/Python.framework/Versions/3.11/lib/python3.11/site-packages/airflow/example_dags/example_task_group.py for tasks to queue
[2022-12-31T21:06:36.123+0100] {logging_mixin.py:137} INFO - [2022-12-31T21:06:36.123+0100] {dagbag.py:538} INFO - Filling up the DagBag from /Library/Frameworks/Python.framework/Versions/3.11/lib/python3.11/site-packages/airflow/example_dags/example_task_group.py
[2022-12-31T21:06:36.134+0100] {processor.py:753} INFO - DAG(s) dict_keys(['example_task_group']) retrieved from /Library/Frameworks/Python.framework/Versions/3.11/lib/python3.11/site-packages/airflow/example_dags/example_task_group.py
[2022-12-31T21:06:36.564+0100] {logging_mixin.py:137} INFO - [2022-12-31T21:06:36.564+0100] {dag.py:2676} INFO - Sync 1 DAGs
[2022-12-31T21:06:36.571+0100] {logging_mixin.py:137} INFO - [2022-12-31T21:06:36.571+0100] {dag.py:3423} INFO - Setting next_dagrun for example_task_group to 2022-12-30T20:06:36.571011+00:00, run_after=2022-12-31T20:06:36.571011+00:00
[2022-12-31T21:06:36.577+0100] {processor.py:175} INFO - Processing /Library/Frameworks/Python.framework/Versions/3.11/lib/python3.11/site-packages/airflow/example_dags/example_task_group.py took 0.458 seconds
[2022-12-31T21:08:30.759+0100] {processor.py:153} INFO - Started process (PID=94932) to work on /Library/Frameworks/Python.framework/Versions/3.11/lib/python3.11/site-packages/airflow/example_dags/example_task_group.py
[2022-12-31T21:08:30.763+0100] {processor.py:743} INFO - Processing file /Library/Frameworks/Python.framework/Versions/3.11/lib/python3.11/site-packages/airflow/example_dags/example_task_group.py for tasks to queue
[2022-12-31T21:08:30.763+0100] {logging_mixin.py:137} INFO - [2022-12-31T21:08:30.763+0100] {dagbag.py:538} INFO - Filling up the DagBag from /Library/Frameworks/Python.framework/Versions/3.11/lib/python3.11/site-packages/airflow/example_dags/example_task_group.py
[2022-12-31T21:08:30.774+0100] {processor.py:753} INFO - DAG(s) dict_keys(['example_task_group']) retrieved from /Library/Frameworks/Python.framework/Versions/3.11/lib/python3.11/site-packages/airflow/example_dags/example_task_group.py
[2022-12-31T21:08:31.269+0100] {logging_mixin.py:137} INFO - [2022-12-31T21:08:31.269+0100] {dag.py:2676} INFO - Sync 1 DAGs
[2022-12-31T21:08:31.282+0100] {logging_mixin.py:137} INFO - [2022-12-31T21:08:31.282+0100] {dag.py:3423} INFO - Setting next_dagrun for example_task_group to 2022-12-30T20:08:31.282073+00:00, run_after=2022-12-31T20:08:31.282073+00:00
[2022-12-31T21:08:31.289+0100] {processor.py:175} INFO - Processing /Library/Frameworks/Python.framework/Versions/3.11/lib/python3.11/site-packages/airflow/example_dags/example_task_group.py took 0.531 seconds
[2022-12-31 20:08:47,435] {scheduler_job.py:182} INFO - Started process (PID=104) to work on /home/airflow/.local/lib/python3.6/site-packages/airflow/example_dags/example_task_group.py
[2022-12-31 20:08:47,458] {scheduler_job.py:629} INFO - Processing file /home/airflow/.local/lib/python3.6/site-packages/airflow/example_dags/example_task_group.py for tasks to queue
[2022-12-31 20:08:47,470] {logging_mixin.py:104} INFO - [2022-12-31 20:08:47,469] {dagbag.py:451} INFO - Filling up the DagBag from /home/airflow/.local/lib/python3.6/site-packages/airflow/example_dags/example_task_group.py
[2022-12-31 20:08:47,600] {scheduler_job.py:639} INFO - DAG(s) dict_keys(['example_task_group']) retrieved from /home/airflow/.local/lib/python3.6/site-packages/airflow/example_dags/example_task_group.py
[2022-12-31 20:08:47,734] {logging_mixin.py:104} INFO - [2022-12-31 20:08:47,733] {dag.py:1824} INFO - Sync 1 DAGs
[2022-12-31 20:08:47,843] {logging_mixin.py:104} INFO - [2022-12-31 20:08:47,842] {dag.py:2280} INFO - Setting next_dagrun for example_task_group to 2022-12-29 00:00:00+00:00
[2022-12-31 20:08:47,895] {scheduler_job.py:190} INFO - Processing /home/airflow/.local/lib/python3.6/site-packages/airflow/example_dags/example_task_group.py took 0.527 seconds
[2022-12-31 20:09:18,371] {scheduler_job.py:182} INFO - Started process (PID=158) to work on /home/airflow/.local/lib/python3.6/site-packages/airflow/example_dags/example_task_group.py
[2022-12-31 20:09:18,378] {scheduler_job.py:629} INFO - Processing file /home/airflow/.local/lib/python3.6/site-packages/airflow/example_dags/example_task_group.py for tasks to queue
[2022-12-31 20:09:18,385] {logging_mixin.py:104} INFO - [2022-12-31 20:09:18,384] {dagbag.py:451} INFO - Filling up the DagBag from /home/airflow/.local/lib/python3.6/site-packages/airflow/example_dags/example_task_group.py
[2022-12-31 20:09:18,455] {scheduler_job.py:639} INFO - DAG(s) dict_keys(['example_task_group']) retrieved from /home/airflow/.local/lib/python3.6/site-packages/airflow/example_dags/example_task_group.py
[2022-12-31 20:09:18,545] {logging_mixin.py:104} INFO - [2022-12-31 20:09:18,545] {dag.py:1824} INFO - Sync 1 DAGs
[2022-12-31 20:09:18,601] {logging_mixin.py:104} INFO - [2022-12-31 20:09:18,601] {dag.py:2280} INFO - Setting next_dagrun for example_task_group to 2022-12-29 00:00:00+00:00
[2022-12-31 20:09:18,629] {scheduler_job.py:190} INFO - Processing /home/airflow/.local/lib/python3.6/site-packages/airflow/example_dags/example_task_group.py took 0.284 seconds
[2022-12-31T21:09:34.397+0100] {processor.py:153} INFO - Started process (PID=95104) to work on /Library/Frameworks/Python.framework/Versions/3.11/lib/python3.11/site-packages/airflow/example_dags/example_task_group.py
[2022-12-31T21:09:34.405+0100] {processor.py:743} INFO - Processing file /Library/Frameworks/Python.framework/Versions/3.11/lib/python3.11/site-packages/airflow/example_dags/example_task_group.py for tasks to queue
[2022-12-31T21:09:34.405+0100] {logging_mixin.py:137} INFO - [2022-12-31T21:09:34.405+0100] {dagbag.py:538} INFO - Filling up the DagBag from /Library/Frameworks/Python.framework/Versions/3.11/lib/python3.11/site-packages/airflow/example_dags/example_task_group.py
[2022-12-31T21:09:34.451+0100] {processor.py:753} INFO - DAG(s) dict_keys(['example_task_group']) retrieved from /Library/Frameworks/Python.framework/Versions/3.11/lib/python3.11/site-packages/airflow/example_dags/example_task_group.py
[2022-12-31T21:09:35.020+0100] {logging_mixin.py:137} INFO - [2022-12-31T21:09:35.019+0100] {dag.py:2676} INFO - Sync 1 DAGs
[2022-12-31T21:09:35.030+0100] {logging_mixin.py:137} INFO - [2022-12-31T21:09:35.030+0100] {dag.py:3423} INFO - Setting next_dagrun for example_task_group to 2022-12-30T20:09:35.030682+00:00, run_after=2022-12-31T20:09:35.030682+00:00
[2022-12-31T21:09:35.039+0100] {processor.py:175} INFO - Processing /Library/Frameworks/Python.framework/Versions/3.11/lib/python3.11/site-packages/airflow/example_dags/example_task_group.py took 0.643 seconds
[2022-12-31T21:10:35.319+0100] {processor.py:153} INFO - Started process (PID=95257) to work on /Library/Frameworks/Python.framework/Versions/3.11/lib/python3.11/site-packages/airflow/example_dags/example_task_group.py
[2022-12-31T21:10:35.323+0100] {processor.py:743} INFO - Processing file /Library/Frameworks/Python.framework/Versions/3.11/lib/python3.11/site-packages/airflow/example_dags/example_task_group.py for tasks to queue
[2022-12-31T21:10:35.323+0100] {logging_mixin.py:137} INFO - [2022-12-31T21:10:35.323+0100] {dagbag.py:538} INFO - Filling up the DagBag from /Library/Frameworks/Python.framework/Versions/3.11/lib/python3.11/site-packages/airflow/example_dags/example_task_group.py
[2022-12-31T21:10:35.335+0100] {processor.py:753} INFO - DAG(s) dict_keys(['example_task_group']) retrieved from /Library/Frameworks/Python.framework/Versions/3.11/lib/python3.11/site-packages/airflow/example_dags/example_task_group.py
[2022-12-31T21:10:35.749+0100] {logging_mixin.py:137} INFO - [2022-12-31T21:10:35.749+0100] {dag.py:2676} INFO - Sync 1 DAGs
[2022-12-31T21:10:35.755+0100] {logging_mixin.py:137} INFO - [2022-12-31T21:10:35.755+0100] {dag.py:3423} INFO - Setting next_dagrun for example_task_group to 2022-12-30T20:10:35.754963+00:00, run_after=2022-12-31T20:10:35.754963+00:00
[2022-12-31T21:10:35.760+0100] {processor.py:175} INFO - Processing /Library/Frameworks/Python.framework/Versions/3.11/lib/python3.11/site-packages/airflow/example_dags/example_task_group.py took 0.442 seconds
[2022-12-31T21:12:39.061+0100] {processor.py:153} INFO - Started process (PID=95565) to work on /Library/Frameworks/Python.framework/Versions/3.11/lib/python3.11/site-packages/airflow/example_dags/example_task_group.py
[2022-12-31T21:12:39.067+0100] {processor.py:743} INFO - Processing file /Library/Frameworks/Python.framework/Versions/3.11/lib/python3.11/site-packages/airflow/example_dags/example_task_group.py for tasks to queue
[2022-12-31T21:12:39.070+0100] {logging_mixin.py:137} INFO - [2022-12-31T21:12:39.070+0100] {dagbag.py:538} INFO - Filling up the DagBag from /Library/Frameworks/Python.framework/Versions/3.11/lib/python3.11/site-packages/airflow/example_dags/example_task_group.py
[2022-12-31T21:12:39.083+0100] {processor.py:753} INFO - DAG(s) dict_keys(['example_task_group']) retrieved from /Library/Frameworks/Python.framework/Versions/3.11/lib/python3.11/site-packages/airflow/example_dags/example_task_group.py
[2022-12-31T21:12:39.573+0100] {logging_mixin.py:137} INFO - [2022-12-31T21:12:39.573+0100] {dag.py:2676} INFO - Sync 1 DAGs
[2022-12-31T21:12:39.579+0100] {logging_mixin.py:137} INFO - [2022-12-31T21:12:39.579+0100] {dag.py:3423} INFO - Setting next_dagrun for example_task_group to 2022-12-30T20:12:39.579849+00:00, run_after=2022-12-31T20:12:39.579849+00:00
[2022-12-31T21:12:39.586+0100] {processor.py:175} INFO - Processing /Library/Frameworks/Python.framework/Versions/3.11/lib/python3.11/site-packages/airflow/example_dags/example_task_group.py took 0.526 seconds
[2022-12-31T21:13:48.731+0100] {processor.py:153} INFO - Started process (PID=95716) to work on /Library/Frameworks/Python.framework/Versions/3.11/lib/python3.11/site-packages/airflow/example_dags/example_task_group.py
[2022-12-31T21:13:48.732+0100] {processor.py:743} INFO - Processing file /Library/Frameworks/Python.framework/Versions/3.11/lib/python3.11/site-packages/airflow/example_dags/example_task_group.py for tasks to queue
[2022-12-31T21:13:48.733+0100] {logging_mixin.py:137} INFO - [2022-12-31T21:13:48.733+0100] {dagbag.py:538} INFO - Filling up the DagBag from /Library/Frameworks/Python.framework/Versions/3.11/lib/python3.11/site-packages/airflow/example_dags/example_task_group.py
[2022-12-31T21:13:48.763+0100] {processor.py:753} INFO - DAG(s) dict_keys(['example_task_group']) retrieved from /Library/Frameworks/Python.framework/Versions/3.11/lib/python3.11/site-packages/airflow/example_dags/example_task_group.py
[2022-12-31T21:13:49.190+0100] {logging_mixin.py:137} INFO - [2022-12-31T21:13:49.190+0100] {dag.py:2676} INFO - Sync 1 DAGs
[2022-12-31T21:13:49.196+0100] {logging_mixin.py:137} INFO - [2022-12-31T21:13:49.196+0100] {dag.py:3423} INFO - Setting next_dagrun for example_task_group to 2022-12-30T20:13:49.196403+00:00, run_after=2022-12-31T20:13:49.196403+00:00
[2022-12-31T21:13:49.202+0100] {processor.py:175} INFO - Processing /Library/Frameworks/Python.framework/Versions/3.11/lib/python3.11/site-packages/airflow/example_dags/example_task_group.py took 0.472 seconds
[2022-12-31T21:15:41.045+0100] {processor.py:153} INFO - Started process (PID=95987) to work on /Library/Frameworks/Python.framework/Versions/3.11/lib/python3.11/site-packages/airflow/example_dags/example_task_group.py
[2022-12-31T21:15:41.050+0100] {processor.py:743} INFO - Processing file /Library/Frameworks/Python.framework/Versions/3.11/lib/python3.11/site-packages/airflow/example_dags/example_task_group.py for tasks to queue
[2022-12-31T21:15:41.050+0100] {logging_mixin.py:137} INFO - [2022-12-31T21:15:41.050+0100] {dagbag.py:538} INFO - Filling up the DagBag from /Library/Frameworks/Python.framework/Versions/3.11/lib/python3.11/site-packages/airflow/example_dags/example_task_group.py
[2022-12-31T21:15:41.061+0100] {processor.py:753} INFO - DAG(s) dict_keys(['example_task_group']) retrieved from /Library/Frameworks/Python.framework/Versions/3.11/lib/python3.11/site-packages/airflow/example_dags/example_task_group.py
[2022-12-31T21:15:41.499+0100] {logging_mixin.py:137} INFO - [2022-12-31T21:15:41.498+0100] {dag.py:2676} INFO - Sync 1 DAGs
[2022-12-31T21:15:41.506+0100] {logging_mixin.py:137} INFO - [2022-12-31T21:15:41.505+0100] {dag.py:3423} INFO - Setting next_dagrun for example_task_group to 2022-12-30T20:15:41.505888+00:00, run_after=2022-12-31T20:15:41.505888+00:00
[2022-12-31T21:15:41.512+0100] {processor.py:175} INFO - Processing /Library/Frameworks/Python.framework/Versions/3.11/lib/python3.11/site-packages/airflow/example_dags/example_task_group.py took 0.468 seconds
[2022-12-31T21:16:40.926+0100] {processor.py:153} INFO - Started process (PID=96101) to work on /Library/Frameworks/Python.framework/Versions/3.11/lib/python3.11/site-packages/airflow/example_dags/example_task_group.py
[2022-12-31T21:16:40.930+0100] {processor.py:743} INFO - Processing file /Library/Frameworks/Python.framework/Versions/3.11/lib/python3.11/site-packages/airflow/example_dags/example_task_group.py for tasks to queue
[2022-12-31T21:16:40.930+0100] {logging_mixin.py:137} INFO - [2022-12-31T21:16:40.930+0100] {dagbag.py:538} INFO - Filling up the DagBag from /Library/Frameworks/Python.framework/Versions/3.11/lib/python3.11/site-packages/airflow/example_dags/example_task_group.py
[2022-12-31T21:16:40.941+0100] {processor.py:753} INFO - DAG(s) dict_keys(['example_task_group']) retrieved from /Library/Frameworks/Python.framework/Versions/3.11/lib/python3.11/site-packages/airflow/example_dags/example_task_group.py
[2022-12-31T21:16:41.361+0100] {logging_mixin.py:137} INFO - [2022-12-31T21:16:41.361+0100] {dag.py:2676} INFO - Sync 1 DAGs
[2022-12-31T21:16:41.367+0100] {logging_mixin.py:137} INFO - [2022-12-31T21:16:41.367+0100] {dag.py:3423} INFO - Setting next_dagrun for example_task_group to 2022-12-30T20:16:41.367120+00:00, run_after=2022-12-31T20:16:41.367120+00:00
[2022-12-31T21:16:41.373+0100] {processor.py:175} INFO - Processing /Library/Frameworks/Python.framework/Versions/3.11/lib/python3.11/site-packages/airflow/example_dags/example_task_group.py took 0.448 seconds
[2022-12-31T21:18:26.424+0100] {processor.py:153} INFO - Started process (PID=96323) to work on /Library/Frameworks/Python.framework/Versions/3.11/lib/python3.11/site-packages/airflow/example_dags/example_task_group.py
[2022-12-31T21:18:26.429+0100] {processor.py:743} INFO - Processing file /Library/Frameworks/Python.framework/Versions/3.11/lib/python3.11/site-packages/airflow/example_dags/example_task_group.py for tasks to queue
[2022-12-31T21:18:26.429+0100] {logging_mixin.py:137} INFO - [2022-12-31T21:18:26.429+0100] {dagbag.py:538} INFO - Filling up the DagBag from /Library/Frameworks/Python.framework/Versions/3.11/lib/python3.11/site-packages/airflow/example_dags/example_task_group.py
[2022-12-31T21:18:26.441+0100] {processor.py:753} INFO - DAG(s) dict_keys(['example_task_group']) retrieved from /Library/Frameworks/Python.framework/Versions/3.11/lib/python3.11/site-packages/airflow/example_dags/example_task_group.py
[2022-12-31T21:18:26.884+0100] {logging_mixin.py:137} INFO - [2022-12-31T21:18:26.884+0100] {dag.py:2676} INFO - Sync 1 DAGs
[2022-12-31T21:18:26.890+0100] {logging_mixin.py:137} INFO - [2022-12-31T21:18:26.890+0100] {dag.py:3423} INFO - Setting next_dagrun for example_task_group to 2022-12-30T20:18:26.890633+00:00, run_after=2022-12-31T20:18:26.890633+00:00
[2022-12-31T21:18:26.897+0100] {processor.py:175} INFO - Processing /Library/Frameworks/Python.framework/Versions/3.11/lib/python3.11/site-packages/airflow/example_dags/example_task_group.py took 0.473 seconds
[2022-12-31T21:20:26.358+0100] {processor.py:153} INFO - Started process (PID=96555) to work on /Library/Frameworks/Python.framework/Versions/3.11/lib/python3.11/site-packages/airflow/example_dags/example_task_group.py
[2022-12-31T21:20:26.360+0100] {processor.py:743} INFO - Processing file /Library/Frameworks/Python.framework/Versions/3.11/lib/python3.11/site-packages/airflow/example_dags/example_task_group.py for tasks to queue
[2022-12-31T21:20:26.361+0100] {logging_mixin.py:137} INFO - [2022-12-31T21:20:26.361+0100] {dagbag.py:538} INFO - Filling up the DagBag from /Library/Frameworks/Python.framework/Versions/3.11/lib/python3.11/site-packages/airflow/example_dags/example_task_group.py
[2022-12-31T21:20:26.372+0100] {processor.py:753} INFO - DAG(s) dict_keys(['example_task_group']) retrieved from /Library/Frameworks/Python.framework/Versions/3.11/lib/python3.11/site-packages/airflow/example_dags/example_task_group.py
[2022-12-31T21:20:26.801+0100] {logging_mixin.py:137} INFO - [2022-12-31T21:20:26.801+0100] {dag.py:2676} INFO - Sync 1 DAGs
[2022-12-31T21:20:26.807+0100] {logging_mixin.py:137} INFO - [2022-12-31T21:20:26.807+0100] {dag.py:3423} INFO - Setting next_dagrun for example_task_group to 2022-12-30T20:20:26.807574+00:00, run_after=2022-12-31T20:20:26.807574+00:00
[2022-12-31T21:20:26.815+0100] {processor.py:175} INFO - Processing /Library/Frameworks/Python.framework/Versions/3.11/lib/python3.11/site-packages/airflow/example_dags/example_task_group.py took 0.457 seconds
[2022-12-31T21:22:22.860+0100] {processor.py:153} INFO - Started process (PID=96757) to work on /Library/Frameworks/Python.framework/Versions/3.11/lib/python3.11/site-packages/airflow/example_dags/example_task_group.py
[2022-12-31T21:22:22.862+0100] {processor.py:743} INFO - Processing file /Library/Frameworks/Python.framework/Versions/3.11/lib/python3.11/site-packages/airflow/example_dags/example_task_group.py for tasks to queue
[2022-12-31T21:22:22.862+0100] {logging_mixin.py:137} INFO - [2022-12-31T21:22:22.862+0100] {dagbag.py:538} INFO - Filling up the DagBag from /Library/Frameworks/Python.framework/Versions/3.11/lib/python3.11/site-packages/airflow/example_dags/example_task_group.py
[2022-12-31T21:22:22.873+0100] {processor.py:753} INFO - DAG(s) dict_keys(['example_task_group']) retrieved from /Library/Frameworks/Python.framework/Versions/3.11/lib/python3.11/site-packages/airflow/example_dags/example_task_group.py
[2022-12-31T21:22:23.309+0100] {logging_mixin.py:137} INFO - [2022-12-31T21:22:23.308+0100] {dag.py:2676} INFO - Sync 1 DAGs
[2022-12-31T21:22:23.315+0100] {logging_mixin.py:137} INFO - [2022-12-31T21:22:23.315+0100] {dag.py:3423} INFO - Setting next_dagrun for example_task_group to 2022-12-30T20:22:23.315213+00:00, run_after=2022-12-31T20:22:23.315213+00:00
[2022-12-31T21:22:23.321+0100] {processor.py:175} INFO - Processing /Library/Frameworks/Python.framework/Versions/3.11/lib/python3.11/site-packages/airflow/example_dags/example_task_group.py took 0.461 seconds
[2022-12-31T21:24:23.261+0100] {processor.py:153} INFO - Started process (PID=96966) to work on /Library/Frameworks/Python.framework/Versions/3.11/lib/python3.11/site-packages/airflow/example_dags/example_task_group.py
[2022-12-31T21:24:23.263+0100] {processor.py:743} INFO - Processing file /Library/Frameworks/Python.framework/Versions/3.11/lib/python3.11/site-packages/airflow/example_dags/example_task_group.py for tasks to queue
[2022-12-31T21:24:23.263+0100] {logging_mixin.py:137} INFO - [2022-12-31T21:24:23.263+0100] {dagbag.py:538} INFO - Filling up the DagBag from /Library/Frameworks/Python.framework/Versions/3.11/lib/python3.11/site-packages/airflow/example_dags/example_task_group.py
[2022-12-31T21:24:23.275+0100] {processor.py:753} INFO - DAG(s) dict_keys(['example_task_group']) retrieved from /Library/Frameworks/Python.framework/Versions/3.11/lib/python3.11/site-packages/airflow/example_dags/example_task_group.py
[2022-12-31T21:24:23.694+0100] {logging_mixin.py:137} INFO - [2022-12-31T21:24:23.694+0100] {dag.py:2676} INFO - Sync 1 DAGs
[2022-12-31T21:24:23.700+0100] {logging_mixin.py:137} INFO - [2022-12-31T21:24:23.700+0100] {dag.py:3423} INFO - Setting next_dagrun for example_task_group to 2022-12-30T20:24:23.700237+00:00, run_after=2022-12-31T20:24:23.700237+00:00
[2022-12-31T21:24:23.706+0100] {processor.py:175} INFO - Processing /Library/Frameworks/Python.framework/Versions/3.11/lib/python3.11/site-packages/airflow/example_dags/example_task_group.py took 0.445 seconds
[2022-12-31T21:26:14.620+0100] {processor.py:153} INFO - Started process (PID=97179) to work on /Library/Frameworks/Python.framework/Versions/3.11/lib/python3.11/site-packages/airflow/example_dags/example_task_group.py
[2022-12-31T21:26:14.625+0100] {processor.py:743} INFO - Processing file /Library/Frameworks/Python.framework/Versions/3.11/lib/python3.11/site-packages/airflow/example_dags/example_task_group.py for tasks to queue
[2022-12-31T21:26:14.625+0100] {logging_mixin.py:137} INFO - [2022-12-31T21:26:14.625+0100] {dagbag.py:538} INFO - Filling up the DagBag from /Library/Frameworks/Python.framework/Versions/3.11/lib/python3.11/site-packages/airflow/example_dags/example_task_group.py
[2022-12-31T21:26:14.638+0100] {processor.py:753} INFO - DAG(s) dict_keys(['example_task_group']) retrieved from /Library/Frameworks/Python.framework/Versions/3.11/lib/python3.11/site-packages/airflow/example_dags/example_task_group.py
[2022-12-31T21:26:15.087+0100] {logging_mixin.py:137} INFO - [2022-12-31T21:26:15.087+0100] {dag.py:2676} INFO - Sync 1 DAGs
[2022-12-31T21:26:15.094+0100] {logging_mixin.py:137} INFO - [2022-12-31T21:26:15.094+0100] {dag.py:3423} INFO - Setting next_dagrun for example_task_group to 2022-12-30T20:26:15.094116+00:00, run_after=2022-12-31T20:26:15.094116+00:00
[2022-12-31T21:26:15.100+0100] {processor.py:175} INFO - Processing /Library/Frameworks/Python.framework/Versions/3.11/lib/python3.11/site-packages/airflow/example_dags/example_task_group.py took 0.481 seconds
[2022-12-31T21:28:11.040+0100] {processor.py:153} INFO - Started process (PID=97391) to work on /Library/Frameworks/Python.framework/Versions/3.11/lib/python3.11/site-packages/airflow/example_dags/example_task_group.py
[2022-12-31T21:28:11.045+0100] {processor.py:743} INFO - Processing file /Library/Frameworks/Python.framework/Versions/3.11/lib/python3.11/site-packages/airflow/example_dags/example_task_group.py for tasks to queue
[2022-12-31T21:28:11.045+0100] {logging_mixin.py:137} INFO - [2022-12-31T21:28:11.045+0100] {dagbag.py:538} INFO - Filling up the DagBag from /Library/Frameworks/Python.framework/Versions/3.11/lib/python3.11/site-packages/airflow/example_dags/example_task_group.py
[2022-12-31T21:28:11.065+0100] {processor.py:753} INFO - DAG(s) dict_keys(['example_task_group']) retrieved from /Library/Frameworks/Python.framework/Versions/3.11/lib/python3.11/site-packages/airflow/example_dags/example_task_group.py
[2022-12-31T21:28:11.538+0100] {logging_mixin.py:137} INFO - [2022-12-31T21:28:11.537+0100] {dag.py:2676} INFO - Sync 1 DAGs
[2022-12-31T21:28:11.544+0100] {logging_mixin.py:137} INFO - [2022-12-31T21:28:11.544+0100] {dag.py:3423} INFO - Setting next_dagrun for example_task_group to 2022-12-30T20:28:11.543961+00:00, run_after=2022-12-31T20:28:11.543961+00:00
[2022-12-31T21:28:11.550+0100] {processor.py:175} INFO - Processing /Library/Frameworks/Python.framework/Versions/3.11/lib/python3.11/site-packages/airflow/example_dags/example_task_group.py took 0.511 seconds
