[2022-12-31T20:29:56.604+0100] {processor.py:153} INFO - Started process (PID=90236) to work on /Library/Frameworks/Python.framework/Versions/3.11/lib/python3.11/site-packages/airflow/example_dags/example_branch_operator_decorator.py
[2022-12-31T20:29:56.609+0100] {processor.py:743} INFO - Processing file /Library/Frameworks/Python.framework/Versions/3.11/lib/python3.11/site-packages/airflow/example_dags/example_branch_operator_decorator.py for tasks to queue
[2022-12-31T20:29:56.609+0100] {logging_mixin.py:137} INFO - [2022-12-31T20:29:56.609+0100] {dagbag.py:538} INFO - Filling up the DagBag from /Library/Frameworks/Python.framework/Versions/3.11/lib/python3.11/site-packages/airflow/example_dags/example_branch_operator_decorator.py
[2022-12-31T20:29:56.668+0100] {processor.py:753} INFO - DAG(s) dict_keys(['example_branch_python_operator_decorator']) retrieved from /Library/Frameworks/Python.framework/Versions/3.11/lib/python3.11/site-packages/airflow/example_dags/example_branch_operator_decorator.py
[2022-12-31T20:29:57.069+0100] {logging_mixin.py:137} INFO - [2022-12-31T20:29:57.069+0100] {manager.py:504} INFO - Created Permission View: can delete on DAG:example_branch_python_operator_decorator
[2022-12-31T20:29:57.071+0100] {logging_mixin.py:137} INFO - [2022-12-31T20:29:57.071+0100] {manager.py:504} INFO - Created Permission View: can read on DAG:example_branch_python_operator_decorator
[2022-12-31T20:29:57.073+0100] {logging_mixin.py:137} INFO - [2022-12-31T20:29:57.073+0100] {manager.py:504} INFO - Created Permission View: can edit on DAG:example_branch_python_operator_decorator
[2022-12-31T20:29:57.073+0100] {logging_mixin.py:137} INFO - [2022-12-31T20:29:57.073+0100] {dag.py:2676} INFO - Sync 1 DAGs
[2022-12-31T20:29:57.076+0100] {logging_mixin.py:137} INFO - [2022-12-31T20:29:57.076+0100] {dag.py:2697} INFO - Creating ORM DAG for example_branch_python_operator_decorator
[2022-12-31T20:29:57.079+0100] {logging_mixin.py:137} INFO - [2022-12-31T20:29:57.079+0100] {dag.py:3423} INFO - Setting next_dagrun for example_branch_python_operator_decorator to 2022-12-30T00:00:00+00:00, run_after=2022-12-31T00:00:00+00:00
[2022-12-31T20:29:57.085+0100] {processor.py:175} INFO - Processing /Library/Frameworks/Python.framework/Versions/3.11/lib/python3.11/site-packages/airflow/example_dags/example_branch_operator_decorator.py took 0.482 seconds
[2022-12-31T20:31:48.054+0100] {processor.py:153} INFO - Started process (PID=90463) to work on /Library/Frameworks/Python.framework/Versions/3.11/lib/python3.11/site-packages/airflow/example_dags/example_branch_operator_decorator.py
[2022-12-31T20:31:48.060+0100] {processor.py:743} INFO - Processing file /Library/Frameworks/Python.framework/Versions/3.11/lib/python3.11/site-packages/airflow/example_dags/example_branch_operator_decorator.py for tasks to queue
[2022-12-31T20:31:48.060+0100] {logging_mixin.py:137} INFO - [2022-12-31T20:31:48.060+0100] {dagbag.py:538} INFO - Filling up the DagBag from /Library/Frameworks/Python.framework/Versions/3.11/lib/python3.11/site-packages/airflow/example_dags/example_branch_operator_decorator.py
[2022-12-31T20:31:48.081+0100] {processor.py:753} INFO - DAG(s) dict_keys(['example_branch_python_operator_decorator']) retrieved from /Library/Frameworks/Python.framework/Versions/3.11/lib/python3.11/site-packages/airflow/example_dags/example_branch_operator_decorator.py
[2022-12-31T20:31:48.508+0100] {logging_mixin.py:137} INFO - [2022-12-31T20:31:48.508+0100] {dag.py:2676} INFO - Sync 1 DAGs
[2022-12-31T20:31:48.514+0100] {logging_mixin.py:137} INFO - [2022-12-31T20:31:48.514+0100] {dag.py:3423} INFO - Setting next_dagrun for example_branch_python_operator_decorator to 2022-12-30T00:00:00+00:00, run_after=2022-12-31T00:00:00+00:00
[2022-12-31T20:31:48.521+0100] {processor.py:175} INFO - Processing /Library/Frameworks/Python.framework/Versions/3.11/lib/python3.11/site-packages/airflow/example_dags/example_branch_operator_decorator.py took 0.468 seconds
[2022-12-31T20:33:32.290+0100] {processor.py:153} INFO - Started process (PID=90600) to work on /Library/Frameworks/Python.framework/Versions/3.11/lib/python3.11/site-packages/airflow/example_dags/example_branch_operator_decorator.py
[2022-12-31T20:33:32.295+0100] {processor.py:743} INFO - Processing file /Library/Frameworks/Python.framework/Versions/3.11/lib/python3.11/site-packages/airflow/example_dags/example_branch_operator_decorator.py for tasks to queue
[2022-12-31T20:33:32.295+0100] {logging_mixin.py:137} INFO - [2022-12-31T20:33:32.295+0100] {dagbag.py:538} INFO - Filling up the DagBag from /Library/Frameworks/Python.framework/Versions/3.11/lib/python3.11/site-packages/airflow/example_dags/example_branch_operator_decorator.py
[2022-12-31T20:33:32.319+0100] {processor.py:753} INFO - DAG(s) dict_keys(['example_branch_python_operator_decorator']) retrieved from /Library/Frameworks/Python.framework/Versions/3.11/lib/python3.11/site-packages/airflow/example_dags/example_branch_operator_decorator.py
[2022-12-31T20:33:32.730+0100] {logging_mixin.py:137} INFO - [2022-12-31T20:33:32.730+0100] {dag.py:2676} INFO - Sync 1 DAGs
[2022-12-31T20:33:32.735+0100] {logging_mixin.py:137} INFO - [2022-12-31T20:33:32.735+0100] {dag.py:3423} INFO - Setting next_dagrun for example_branch_python_operator_decorator to 2022-12-30T00:00:00+00:00, run_after=2022-12-31T00:00:00+00:00
[2022-12-31T20:33:32.742+0100] {processor.py:175} INFO - Processing /Library/Frameworks/Python.framework/Versions/3.11/lib/python3.11/site-packages/airflow/example_dags/example_branch_operator_decorator.py took 0.453 seconds
[2022-12-31T20:36:30.317+0100] {processor.py:153} INFO - Started process (PID=90858) to work on /Library/Frameworks/Python.framework/Versions/3.11/lib/python3.11/site-packages/airflow/example_dags/example_branch_operator_decorator.py
[2022-12-31T20:36:30.321+0100] {processor.py:743} INFO - Processing file /Library/Frameworks/Python.framework/Versions/3.11/lib/python3.11/site-packages/airflow/example_dags/example_branch_operator_decorator.py for tasks to queue
[2022-12-31T20:36:30.321+0100] {logging_mixin.py:137} INFO - [2022-12-31T20:36:30.321+0100] {dagbag.py:538} INFO - Filling up the DagBag from /Library/Frameworks/Python.framework/Versions/3.11/lib/python3.11/site-packages/airflow/example_dags/example_branch_operator_decorator.py
[2022-12-31T20:36:30.346+0100] {processor.py:753} INFO - DAG(s) dict_keys(['example_branch_python_operator_decorator']) retrieved from /Library/Frameworks/Python.framework/Versions/3.11/lib/python3.11/site-packages/airflow/example_dags/example_branch_operator_decorator.py
[2022-12-31T20:36:30.771+0100] {logging_mixin.py:137} INFO - [2022-12-31T20:36:30.771+0100] {dag.py:2676} INFO - Sync 1 DAGs
[2022-12-31T20:36:30.777+0100] {logging_mixin.py:137} INFO - [2022-12-31T20:36:30.777+0100] {dag.py:3423} INFO - Setting next_dagrun for example_branch_python_operator_decorator to 2022-12-30T00:00:00+00:00, run_after=2022-12-31T00:00:00+00:00
[2022-12-31T20:36:30.787+0100] {processor.py:175} INFO - Processing /Library/Frameworks/Python.framework/Versions/3.11/lib/python3.11/site-packages/airflow/example_dags/example_branch_operator_decorator.py took 0.470 seconds
[2022-12-31T20:38:12.792+0100] {processor.py:153} INFO - Started process (PID=91004) to work on /Library/Frameworks/Python.framework/Versions/3.11/lib/python3.11/site-packages/airflow/example_dags/example_branch_operator_decorator.py
[2022-12-31T20:38:12.794+0100] {processor.py:743} INFO - Processing file /Library/Frameworks/Python.framework/Versions/3.11/lib/python3.11/site-packages/airflow/example_dags/example_branch_operator_decorator.py for tasks to queue
[2022-12-31T20:38:12.795+0100] {logging_mixin.py:137} INFO - [2022-12-31T20:38:12.795+0100] {dagbag.py:538} INFO - Filling up the DagBag from /Library/Frameworks/Python.framework/Versions/3.11/lib/python3.11/site-packages/airflow/example_dags/example_branch_operator_decorator.py
[2022-12-31T20:38:12.823+0100] {processor.py:753} INFO - DAG(s) dict_keys(['example_branch_python_operator_decorator']) retrieved from /Library/Frameworks/Python.framework/Versions/3.11/lib/python3.11/site-packages/airflow/example_dags/example_branch_operator_decorator.py
[2022-12-31T20:38:13.226+0100] {logging_mixin.py:137} INFO - [2022-12-31T20:38:13.226+0100] {dag.py:2676} INFO - Sync 1 DAGs
[2022-12-31T20:38:13.232+0100] {logging_mixin.py:137} INFO - [2022-12-31T20:38:13.232+0100] {dag.py:3423} INFO - Setting next_dagrun for example_branch_python_operator_decorator to 2022-12-30T00:00:00+00:00, run_after=2022-12-31T00:00:00+00:00
[2022-12-31T20:38:13.238+0100] {processor.py:175} INFO - Processing /Library/Frameworks/Python.framework/Versions/3.11/lib/python3.11/site-packages/airflow/example_dags/example_branch_operator_decorator.py took 0.446 seconds
[2022-12-31T20:39:56.646+0100] {processor.py:153} INFO - Started process (PID=91181) to work on /Library/Frameworks/Python.framework/Versions/3.11/lib/python3.11/site-packages/airflow/example_dags/example_branch_operator_decorator.py
[2022-12-31T20:39:56.648+0100] {processor.py:743} INFO - Processing file /Library/Frameworks/Python.framework/Versions/3.11/lib/python3.11/site-packages/airflow/example_dags/example_branch_operator_decorator.py for tasks to queue
[2022-12-31T20:39:56.649+0100] {logging_mixin.py:137} INFO - [2022-12-31T20:39:56.649+0100] {dagbag.py:538} INFO - Filling up the DagBag from /Library/Frameworks/Python.framework/Versions/3.11/lib/python3.11/site-packages/airflow/example_dags/example_branch_operator_decorator.py
[2022-12-31T20:39:56.670+0100] {processor.py:753} INFO - DAG(s) dict_keys(['example_branch_python_operator_decorator']) retrieved from /Library/Frameworks/Python.framework/Versions/3.11/lib/python3.11/site-packages/airflow/example_dags/example_branch_operator_decorator.py
[2022-12-31T20:39:57.079+0100] {logging_mixin.py:137} INFO - [2022-12-31T20:39:57.079+0100] {dag.py:2676} INFO - Sync 1 DAGs
[2022-12-31T20:39:57.085+0100] {logging_mixin.py:137} INFO - [2022-12-31T20:39:57.085+0100] {dag.py:3423} INFO - Setting next_dagrun for example_branch_python_operator_decorator to 2022-12-30T00:00:00+00:00, run_after=2022-12-31T00:00:00+00:00
[2022-12-31T20:39:57.092+0100] {processor.py:175} INFO - Processing /Library/Frameworks/Python.framework/Versions/3.11/lib/python3.11/site-packages/airflow/example_dags/example_branch_operator_decorator.py took 0.446 seconds
[2022-12-31T20:41:44.914+0100] {processor.py:153} INFO - Started process (PID=91348) to work on /Library/Frameworks/Python.framework/Versions/3.11/lib/python3.11/site-packages/airflow/example_dags/example_branch_operator_decorator.py
[2022-12-31T20:41:44.918+0100] {processor.py:743} INFO - Processing file /Library/Frameworks/Python.framework/Versions/3.11/lib/python3.11/site-packages/airflow/example_dags/example_branch_operator_decorator.py for tasks to queue
[2022-12-31T20:41:44.918+0100] {logging_mixin.py:137} INFO - [2022-12-31T20:41:44.918+0100] {dagbag.py:538} INFO - Filling up the DagBag from /Library/Frameworks/Python.framework/Versions/3.11/lib/python3.11/site-packages/airflow/example_dags/example_branch_operator_decorator.py
[2022-12-31T20:41:44.945+0100] {processor.py:753} INFO - DAG(s) dict_keys(['example_branch_python_operator_decorator']) retrieved from /Library/Frameworks/Python.framework/Versions/3.11/lib/python3.11/site-packages/airflow/example_dags/example_branch_operator_decorator.py
[2022-12-31T20:41:45.357+0100] {logging_mixin.py:137} INFO - [2022-12-31T20:41:45.357+0100] {dag.py:2676} INFO - Sync 1 DAGs
[2022-12-31T20:41:45.363+0100] {logging_mixin.py:137} INFO - [2022-12-31T20:41:45.363+0100] {dag.py:3423} INFO - Setting next_dagrun for example_branch_python_operator_decorator to 2022-12-30T00:00:00+00:00, run_after=2022-12-31T00:00:00+00:00
[2022-12-31T20:41:45.369+0100] {processor.py:175} INFO - Processing /Library/Frameworks/Python.framework/Versions/3.11/lib/python3.11/site-packages/airflow/example_dags/example_branch_operator_decorator.py took 0.455 seconds
[2022-12-31T20:43:29.598+0100] {processor.py:153} INFO - Started process (PID=91541) to work on /Library/Frameworks/Python.framework/Versions/3.11/lib/python3.11/site-packages/airflow/example_dags/example_branch_operator_decorator.py
[2022-12-31T20:43:29.604+0100] {processor.py:743} INFO - Processing file /Library/Frameworks/Python.framework/Versions/3.11/lib/python3.11/site-packages/airflow/example_dags/example_branch_operator_decorator.py for tasks to queue
[2022-12-31T20:43:29.604+0100] {logging_mixin.py:137} INFO - [2022-12-31T20:43:29.604+0100] {dagbag.py:538} INFO - Filling up the DagBag from /Library/Frameworks/Python.framework/Versions/3.11/lib/python3.11/site-packages/airflow/example_dags/example_branch_operator_decorator.py
[2022-12-31T20:43:29.631+0100] {processor.py:753} INFO - DAG(s) dict_keys(['example_branch_python_operator_decorator']) retrieved from /Library/Frameworks/Python.framework/Versions/3.11/lib/python3.11/site-packages/airflow/example_dags/example_branch_operator_decorator.py
[2022-12-31T20:43:30.027+0100] {logging_mixin.py:137} INFO - [2022-12-31T20:43:30.026+0100] {dag.py:2676} INFO - Sync 1 DAGs
[2022-12-31T20:43:30.032+0100] {logging_mixin.py:137} INFO - [2022-12-31T20:43:30.032+0100] {dag.py:3423} INFO - Setting next_dagrun for example_branch_python_operator_decorator to 2022-12-30T00:00:00+00:00, run_after=2022-12-31T00:00:00+00:00
[2022-12-31T20:43:30.039+0100] {processor.py:175} INFO - Processing /Library/Frameworks/Python.framework/Versions/3.11/lib/python3.11/site-packages/airflow/example_dags/example_branch_operator_decorator.py took 0.441 seconds
[2022-12-31T20:47:51.132+0100] {processor.py:153} INFO - Started process (PID=92047) to work on /Library/Frameworks/Python.framework/Versions/3.11/lib/python3.11/site-packages/airflow/example_dags/example_branch_operator_decorator.py
[2022-12-31T20:47:51.137+0100] {processor.py:743} INFO - Processing file /Library/Frameworks/Python.framework/Versions/3.11/lib/python3.11/site-packages/airflow/example_dags/example_branch_operator_decorator.py for tasks to queue
[2022-12-31T20:47:51.137+0100] {logging_mixin.py:137} INFO - [2022-12-31T20:47:51.137+0100] {dagbag.py:538} INFO - Filling up the DagBag from /Library/Frameworks/Python.framework/Versions/3.11/lib/python3.11/site-packages/airflow/example_dags/example_branch_operator_decorator.py
[2022-12-31T20:47:51.163+0100] {processor.py:753} INFO - DAG(s) dict_keys(['example_branch_python_operator_decorator']) retrieved from /Library/Frameworks/Python.framework/Versions/3.11/lib/python3.11/site-packages/airflow/example_dags/example_branch_operator_decorator.py
[2022-12-31T20:47:51.570+0100] {logging_mixin.py:137} INFO - [2022-12-31T20:47:51.570+0100] {dag.py:2676} INFO - Sync 1 DAGs
[2022-12-31T20:47:51.576+0100] {logging_mixin.py:137} INFO - [2022-12-31T20:47:51.576+0100] {dag.py:3423} INFO - Setting next_dagrun for example_branch_python_operator_decorator to 2022-12-30T00:00:00+00:00, run_after=2022-12-31T00:00:00+00:00
[2022-12-31T20:47:51.582+0100] {processor.py:175} INFO - Processing /Library/Frameworks/Python.framework/Versions/3.11/lib/python3.11/site-packages/airflow/example_dags/example_branch_operator_decorator.py took 0.451 seconds
[2022-12-31T20:52:14.785+0100] {processor.py:153} INFO - Started process (PID=92651) to work on /Library/Frameworks/Python.framework/Versions/3.11/lib/python3.11/site-packages/airflow/example_dags/example_branch_operator_decorator.py
[2022-12-31T20:52:14.792+0100] {processor.py:743} INFO - Processing file /Library/Frameworks/Python.framework/Versions/3.11/lib/python3.11/site-packages/airflow/example_dags/example_branch_operator_decorator.py for tasks to queue
[2022-12-31T20:52:14.792+0100] {logging_mixin.py:137} INFO - [2022-12-31T20:52:14.792+0100] {dagbag.py:538} INFO - Filling up the DagBag from /Library/Frameworks/Python.framework/Versions/3.11/lib/python3.11/site-packages/airflow/example_dags/example_branch_operator_decorator.py
[2022-12-31T20:52:14.875+0100] {processor.py:753} INFO - DAG(s) dict_keys(['example_branch_python_operator_decorator']) retrieved from /Library/Frameworks/Python.framework/Versions/3.11/lib/python3.11/site-packages/airflow/example_dags/example_branch_operator_decorator.py
[2022-12-31T20:52:15.396+0100] {logging_mixin.py:137} INFO - [2022-12-31T20:52:15.396+0100] {dag.py:2676} INFO - Sync 1 DAGs
[2022-12-31T20:52:15.403+0100] {logging_mixin.py:137} INFO - [2022-12-31T20:52:15.402+0100] {dag.py:3423} INFO - Setting next_dagrun for example_branch_python_operator_decorator to 2022-12-30T00:00:00+00:00, run_after=2022-12-31T00:00:00+00:00
[2022-12-31T20:52:15.411+0100] {processor.py:175} INFO - Processing /Library/Frameworks/Python.framework/Versions/3.11/lib/python3.11/site-packages/airflow/example_dags/example_branch_operator_decorator.py took 0.626 seconds
[2022-12-31T20:55:49.281+0100] {processor.py:153} INFO - Started process (PID=93210) to work on /Library/Frameworks/Python.framework/Versions/3.11/lib/python3.11/site-packages/airflow/example_dags/example_branch_operator_decorator.py
[2022-12-31T20:55:49.283+0100] {processor.py:743} INFO - Processing file /Library/Frameworks/Python.framework/Versions/3.11/lib/python3.11/site-packages/airflow/example_dags/example_branch_operator_decorator.py for tasks to queue
[2022-12-31T20:55:49.296+0100] {logging_mixin.py:137} INFO - [2022-12-31T20:55:49.296+0100] {dagbag.py:538} INFO - Filling up the DagBag from /Library/Frameworks/Python.framework/Versions/3.11/lib/python3.11/site-packages/airflow/example_dags/example_branch_operator_decorator.py
[2022-12-31T20:55:49.335+0100] {processor.py:753} INFO - DAG(s) dict_keys(['example_branch_python_operator_decorator']) retrieved from /Library/Frameworks/Python.framework/Versions/3.11/lib/python3.11/site-packages/airflow/example_dags/example_branch_operator_decorator.py
[2022-12-31T20:55:49.836+0100] {logging_mixin.py:137} INFO - [2022-12-31T20:55:49.836+0100] {dag.py:2676} INFO - Sync 1 DAGs
[2022-12-31T20:55:49.843+0100] {logging_mixin.py:137} INFO - [2022-12-31T20:55:49.843+0100] {dag.py:3423} INFO - Setting next_dagrun for example_branch_python_operator_decorator to 2022-12-30T00:00:00+00:00, run_after=2022-12-31T00:00:00+00:00
[2022-12-31T20:55:49.850+0100] {processor.py:175} INFO - Processing /Library/Frameworks/Python.framework/Versions/3.11/lib/python3.11/site-packages/airflow/example_dags/example_branch_operator_decorator.py took 0.577 seconds
[2022-12-31T20:57:52.462+0100] {processor.py:153} INFO - Started process (PID=93472) to work on /Library/Frameworks/Python.framework/Versions/3.11/lib/python3.11/site-packages/airflow/example_dags/example_branch_operator_decorator.py
[2022-12-31T20:57:52.466+0100] {processor.py:743} INFO - Processing file /Library/Frameworks/Python.framework/Versions/3.11/lib/python3.11/site-packages/airflow/example_dags/example_branch_operator_decorator.py for tasks to queue
[2022-12-31T20:57:52.466+0100] {logging_mixin.py:137} INFO - [2022-12-31T20:57:52.466+0100] {dagbag.py:538} INFO - Filling up the DagBag from /Library/Frameworks/Python.framework/Versions/3.11/lib/python3.11/site-packages/airflow/example_dags/example_branch_operator_decorator.py
[2022-12-31T20:57:52.489+0100] {processor.py:753} INFO - DAG(s) dict_keys(['example_branch_python_operator_decorator']) retrieved from /Library/Frameworks/Python.framework/Versions/3.11/lib/python3.11/site-packages/airflow/example_dags/example_branch_operator_decorator.py
[2022-12-31T20:57:53.026+0100] {logging_mixin.py:137} INFO - [2022-12-31T20:57:53.026+0100] {dag.py:2676} INFO - Sync 1 DAGs
[2022-12-31T20:57:53.032+0100] {logging_mixin.py:137} INFO - [2022-12-31T20:57:53.032+0100] {dag.py:3423} INFO - Setting next_dagrun for example_branch_python_operator_decorator to 2022-12-30T00:00:00+00:00, run_after=2022-12-31T00:00:00+00:00
[2022-12-31T20:57:53.038+0100] {processor.py:175} INFO - Processing /Library/Frameworks/Python.framework/Versions/3.11/lib/python3.11/site-packages/airflow/example_dags/example_branch_operator_decorator.py took 0.577 seconds
[2022-12-31T20:59:54.996+0100] {processor.py:153} INFO - Started process (PID=93700) to work on /Library/Frameworks/Python.framework/Versions/3.11/lib/python3.11/site-packages/airflow/example_dags/example_branch_operator_decorator.py
[2022-12-31T20:59:55.000+0100] {processor.py:743} INFO - Processing file /Library/Frameworks/Python.framework/Versions/3.11/lib/python3.11/site-packages/airflow/example_dags/example_branch_operator_decorator.py for tasks to queue
[2022-12-31T20:59:55.000+0100] {logging_mixin.py:137} INFO - [2022-12-31T20:59:55.000+0100] {dagbag.py:538} INFO - Filling up the DagBag from /Library/Frameworks/Python.framework/Versions/3.11/lib/python3.11/site-packages/airflow/example_dags/example_branch_operator_decorator.py
[2022-12-31T20:59:55.021+0100] {processor.py:753} INFO - DAG(s) dict_keys(['example_branch_python_operator_decorator']) retrieved from /Library/Frameworks/Python.framework/Versions/3.11/lib/python3.11/site-packages/airflow/example_dags/example_branch_operator_decorator.py
[2022-12-31T20:59:55.511+0100] {logging_mixin.py:137} INFO - [2022-12-31T20:59:55.511+0100] {dag.py:2676} INFO - Sync 1 DAGs
[2022-12-31T20:59:55.518+0100] {logging_mixin.py:137} INFO - [2022-12-31T20:59:55.518+0100] {dag.py:3423} INFO - Setting next_dagrun for example_branch_python_operator_decorator to 2022-12-30T00:00:00+00:00, run_after=2022-12-31T00:00:00+00:00
[2022-12-31T20:59:55.525+0100] {processor.py:175} INFO - Processing /Library/Frameworks/Python.framework/Versions/3.11/lib/python3.11/site-packages/airflow/example_dags/example_branch_operator_decorator.py took 0.530 seconds
[2022-12-31T21:01:57.906+0100] {processor.py:153} INFO - Started process (PID=94031) to work on /Library/Frameworks/Python.framework/Versions/3.11/lib/python3.11/site-packages/airflow/example_dags/example_branch_operator_decorator.py
[2022-12-31T21:01:57.911+0100] {processor.py:743} INFO - Processing file /Library/Frameworks/Python.framework/Versions/3.11/lib/python3.11/site-packages/airflow/example_dags/example_branch_operator_decorator.py for tasks to queue
[2022-12-31T21:01:57.911+0100] {logging_mixin.py:137} INFO - [2022-12-31T21:01:57.911+0100] {dagbag.py:538} INFO - Filling up the DagBag from /Library/Frameworks/Python.framework/Versions/3.11/lib/python3.11/site-packages/airflow/example_dags/example_branch_operator_decorator.py
[2022-12-31T21:01:57.935+0100] {processor.py:753} INFO - DAG(s) dict_keys(['example_branch_python_operator_decorator']) retrieved from /Library/Frameworks/Python.framework/Versions/3.11/lib/python3.11/site-packages/airflow/example_dags/example_branch_operator_decorator.py
[2022-12-31T21:01:58.416+0100] {logging_mixin.py:137} INFO - [2022-12-31T21:01:58.416+0100] {dag.py:2676} INFO - Sync 1 DAGs
[2022-12-31T21:01:58.422+0100] {logging_mixin.py:137} INFO - [2022-12-31T21:01:58.422+0100] {dag.py:3423} INFO - Setting next_dagrun for example_branch_python_operator_decorator to 2022-12-30T00:00:00+00:00, run_after=2022-12-31T00:00:00+00:00
[2022-12-31T21:01:58.428+0100] {processor.py:175} INFO - Processing /Library/Frameworks/Python.framework/Versions/3.11/lib/python3.11/site-packages/airflow/example_dags/example_branch_operator_decorator.py took 0.523 seconds
[2022-12-31T21:04:02.304+0100] {processor.py:153} INFO - Started process (PID=94356) to work on /Library/Frameworks/Python.framework/Versions/3.11/lib/python3.11/site-packages/airflow/example_dags/example_branch_operator_decorator.py
[2022-12-31T21:04:02.310+0100] {processor.py:743} INFO - Processing file /Library/Frameworks/Python.framework/Versions/3.11/lib/python3.11/site-packages/airflow/example_dags/example_branch_operator_decorator.py for tasks to queue
[2022-12-31T21:04:02.310+0100] {logging_mixin.py:137} INFO - [2022-12-31T21:04:02.310+0100] {dagbag.py:538} INFO - Filling up the DagBag from /Library/Frameworks/Python.framework/Versions/3.11/lib/python3.11/site-packages/airflow/example_dags/example_branch_operator_decorator.py
[2022-12-31T21:04:02.344+0100] {processor.py:753} INFO - DAG(s) dict_keys(['example_branch_python_operator_decorator']) retrieved from /Library/Frameworks/Python.framework/Versions/3.11/lib/python3.11/site-packages/airflow/example_dags/example_branch_operator_decorator.py
[2022-12-31T21:04:02.854+0100] {logging_mixin.py:137} INFO - [2022-12-31T21:04:02.854+0100] {dag.py:2676} INFO - Sync 1 DAGs
[2022-12-31T21:04:02.861+0100] {logging_mixin.py:137} INFO - [2022-12-31T21:04:02.861+0100] {dag.py:3423} INFO - Setting next_dagrun for example_branch_python_operator_decorator to 2022-12-30T00:00:00+00:00, run_after=2022-12-31T00:00:00+00:00
[2022-12-31T21:04:02.869+0100] {processor.py:175} INFO - Processing /Library/Frameworks/Python.framework/Versions/3.11/lib/python3.11/site-packages/airflow/example_dags/example_branch_operator_decorator.py took 0.567 seconds
[2022-12-31T21:06:00.392+0100] {processor.py:153} INFO - Started process (PID=94611) to work on /Library/Frameworks/Python.framework/Versions/3.11/lib/python3.11/site-packages/airflow/example_dags/example_branch_operator_decorator.py
[2022-12-31T21:06:00.396+0100] {processor.py:743} INFO - Processing file /Library/Frameworks/Python.framework/Versions/3.11/lib/python3.11/site-packages/airflow/example_dags/example_branch_operator_decorator.py for tasks to queue
[2022-12-31T21:06:00.396+0100] {logging_mixin.py:137} INFO - [2022-12-31T21:06:00.396+0100] {dagbag.py:538} INFO - Filling up the DagBag from /Library/Frameworks/Python.framework/Versions/3.11/lib/python3.11/site-packages/airflow/example_dags/example_branch_operator_decorator.py
[2022-12-31T21:06:00.421+0100] {processor.py:753} INFO - DAG(s) dict_keys(['example_branch_python_operator_decorator']) retrieved from /Library/Frameworks/Python.framework/Versions/3.11/lib/python3.11/site-packages/airflow/example_dags/example_branch_operator_decorator.py
[2022-12-31T21:06:00.848+0100] {logging_mixin.py:137} INFO - [2022-12-31T21:06:00.848+0100] {dag.py:2676} INFO - Sync 1 DAGs
[2022-12-31T21:06:00.854+0100] {logging_mixin.py:137} INFO - [2022-12-31T21:06:00.854+0100] {dag.py:3423} INFO - Setting next_dagrun for example_branch_python_operator_decorator to 2022-12-30T00:00:00+00:00, run_after=2022-12-31T00:00:00+00:00
[2022-12-31T21:06:00.860+0100] {processor.py:175} INFO - Processing /Library/Frameworks/Python.framework/Versions/3.11/lib/python3.11/site-packages/airflow/example_dags/example_branch_operator_decorator.py took 0.469 seconds
[2022-12-31T21:07:50.518+0100] {processor.py:153} INFO - Started process (PID=94835) to work on /Library/Frameworks/Python.framework/Versions/3.11/lib/python3.11/site-packages/airflow/example_dags/example_branch_operator_decorator.py
[2022-12-31T21:07:50.520+0100] {processor.py:743} INFO - Processing file /Library/Frameworks/Python.framework/Versions/3.11/lib/python3.11/site-packages/airflow/example_dags/example_branch_operator_decorator.py for tasks to queue
[2022-12-31T21:07:50.520+0100] {logging_mixin.py:137} INFO - [2022-12-31T21:07:50.520+0100] {dagbag.py:538} INFO - Filling up the DagBag from /Library/Frameworks/Python.framework/Versions/3.11/lib/python3.11/site-packages/airflow/example_dags/example_branch_operator_decorator.py
[2022-12-31T21:07:50.546+0100] {processor.py:753} INFO - DAG(s) dict_keys(['example_branch_python_operator_decorator']) retrieved from /Library/Frameworks/Python.framework/Versions/3.11/lib/python3.11/site-packages/airflow/example_dags/example_branch_operator_decorator.py
[2022-12-31T21:07:50.994+0100] {logging_mixin.py:137} INFO - [2022-12-31T21:07:50.994+0100] {dag.py:2676} INFO - Sync 1 DAGs
[2022-12-31T21:07:51.000+0100] {logging_mixin.py:137} INFO - [2022-12-31T21:07:51.000+0100] {dag.py:3423} INFO - Setting next_dagrun for example_branch_python_operator_decorator to 2022-12-30T00:00:00+00:00, run_after=2022-12-31T00:00:00+00:00
[2022-12-31T21:07:51.006+0100] {processor.py:175} INFO - Processing /Library/Frameworks/Python.framework/Versions/3.11/lib/python3.11/site-packages/airflow/example_dags/example_branch_operator_decorator.py took 0.489 seconds
[2022-12-31T21:09:54.235+0100] {processor.py:153} INFO - Started process (PID=95160) to work on /Library/Frameworks/Python.framework/Versions/3.11/lib/python3.11/site-packages/airflow/example_dags/example_branch_operator_decorator.py
[2022-12-31T21:09:54.240+0100] {processor.py:743} INFO - Processing file /Library/Frameworks/Python.framework/Versions/3.11/lib/python3.11/site-packages/airflow/example_dags/example_branch_operator_decorator.py for tasks to queue
[2022-12-31T21:09:54.240+0100] {logging_mixin.py:137} INFO - [2022-12-31T21:09:54.240+0100] {dagbag.py:538} INFO - Filling up the DagBag from /Library/Frameworks/Python.framework/Versions/3.11/lib/python3.11/site-packages/airflow/example_dags/example_branch_operator_decorator.py
[2022-12-31T21:09:54.262+0100] {processor.py:753} INFO - DAG(s) dict_keys(['example_branch_python_operator_decorator']) retrieved from /Library/Frameworks/Python.framework/Versions/3.11/lib/python3.11/site-packages/airflow/example_dags/example_branch_operator_decorator.py
[2022-12-31T21:09:54.913+0100] {logging_mixin.py:137} INFO - [2022-12-31T21:09:54.913+0100] {dag.py:2676} INFO - Sync 1 DAGs
[2022-12-31T21:09:54.920+0100] {logging_mixin.py:137} INFO - [2022-12-31T21:09:54.919+0100] {dag.py:3423} INFO - Setting next_dagrun for example_branch_python_operator_decorator to 2022-12-30T00:00:00+00:00, run_after=2022-12-31T00:00:00+00:00
[2022-12-31T21:09:54.927+0100] {processor.py:175} INFO - Processing /Library/Frameworks/Python.framework/Versions/3.11/lib/python3.11/site-packages/airflow/example_dags/example_branch_operator_decorator.py took 0.692 seconds
[2022-12-31T21:11:56.835+0100] {processor.py:153} INFO - Started process (PID=95475) to work on /Library/Frameworks/Python.framework/Versions/3.11/lib/python3.11/site-packages/airflow/example_dags/example_branch_operator_decorator.py
[2022-12-31T21:11:56.839+0100] {processor.py:743} INFO - Processing file /Library/Frameworks/Python.framework/Versions/3.11/lib/python3.11/site-packages/airflow/example_dags/example_branch_operator_decorator.py for tasks to queue
[2022-12-31T21:11:56.840+0100] {logging_mixin.py:137} INFO - [2022-12-31T21:11:56.840+0100] {dagbag.py:538} INFO - Filling up the DagBag from /Library/Frameworks/Python.framework/Versions/3.11/lib/python3.11/site-packages/airflow/example_dags/example_branch_operator_decorator.py
[2022-12-31T21:11:56.862+0100] {processor.py:753} INFO - DAG(s) dict_keys(['example_branch_python_operator_decorator']) retrieved from /Library/Frameworks/Python.framework/Versions/3.11/lib/python3.11/site-packages/airflow/example_dags/example_branch_operator_decorator.py
[2022-12-31T21:11:57.334+0100] {logging_mixin.py:137} INFO - [2022-12-31T21:11:57.333+0100] {dag.py:2676} INFO - Sync 1 DAGs
[2022-12-31T21:11:57.345+0100] {logging_mixin.py:137} INFO - [2022-12-31T21:11:57.345+0100] {dag.py:3423} INFO - Setting next_dagrun for example_branch_python_operator_decorator to 2022-12-30T00:00:00+00:00, run_after=2022-12-31T00:00:00+00:00
[2022-12-31T21:11:57.353+0100] {processor.py:175} INFO - Processing /Library/Frameworks/Python.framework/Versions/3.11/lib/python3.11/site-packages/airflow/example_dags/example_branch_operator_decorator.py took 0.518 seconds
[2022-12-31T21:14:07.774+0100] {processor.py:153} INFO - Started process (PID=95768) to work on /Library/Frameworks/Python.framework/Versions/3.11/lib/python3.11/site-packages/airflow/example_dags/example_branch_operator_decorator.py
[2022-12-31T21:14:07.779+0100] {processor.py:743} INFO - Processing file /Library/Frameworks/Python.framework/Versions/3.11/lib/python3.11/site-packages/airflow/example_dags/example_branch_operator_decorator.py for tasks to queue
[2022-12-31T21:14:07.779+0100] {logging_mixin.py:137} INFO - [2022-12-31T21:14:07.779+0100] {dagbag.py:538} INFO - Filling up the DagBag from /Library/Frameworks/Python.framework/Versions/3.11/lib/python3.11/site-packages/airflow/example_dags/example_branch_operator_decorator.py
[2022-12-31T21:14:07.834+0100] {processor.py:753} INFO - DAG(s) dict_keys(['example_branch_python_operator_decorator']) retrieved from /Library/Frameworks/Python.framework/Versions/3.11/lib/python3.11/site-packages/airflow/example_dags/example_branch_operator_decorator.py
[2022-12-31T21:14:08.257+0100] {logging_mixin.py:137} INFO - [2022-12-31T21:14:08.257+0100] {dag.py:2676} INFO - Sync 1 DAGs
[2022-12-31T21:14:08.263+0100] {logging_mixin.py:137} INFO - [2022-12-31T21:14:08.263+0100] {dag.py:3423} INFO - Setting next_dagrun for example_branch_python_operator_decorator to 2022-12-30T00:00:00+00:00, run_after=2022-12-31T00:00:00+00:00
[2022-12-31T21:14:08.270+0100] {processor.py:175} INFO - Processing /Library/Frameworks/Python.framework/Versions/3.11/lib/python3.11/site-packages/airflow/example_dags/example_branch_operator_decorator.py took 0.503 seconds
[2022-12-31T21:16:01.678+0100] {processor.py:153} INFO - Started process (PID=96039) to work on /Library/Frameworks/Python.framework/Versions/3.11/lib/python3.11/site-packages/airflow/example_dags/example_branch_operator_decorator.py
[2022-12-31T21:16:01.679+0100] {processor.py:743} INFO - Processing file /Library/Frameworks/Python.framework/Versions/3.11/lib/python3.11/site-packages/airflow/example_dags/example_branch_operator_decorator.py for tasks to queue
[2022-12-31T21:16:01.679+0100] {logging_mixin.py:137} INFO - [2022-12-31T21:16:01.679+0100] {dagbag.py:538} INFO - Filling up the DagBag from /Library/Frameworks/Python.framework/Versions/3.11/lib/python3.11/site-packages/airflow/example_dags/example_branch_operator_decorator.py
[2022-12-31T21:16:01.708+0100] {processor.py:753} INFO - DAG(s) dict_keys(['example_branch_python_operator_decorator']) retrieved from /Library/Frameworks/Python.framework/Versions/3.11/lib/python3.11/site-packages/airflow/example_dags/example_branch_operator_decorator.py
[2022-12-31T21:16:02.163+0100] {logging_mixin.py:137} INFO - [2022-12-31T21:16:02.163+0100] {dag.py:2676} INFO - Sync 1 DAGs
[2022-12-31T21:16:02.170+0100] {logging_mixin.py:137} INFO - [2022-12-31T21:16:02.170+0100] {dag.py:3423} INFO - Setting next_dagrun for example_branch_python_operator_decorator to 2022-12-30T00:00:00+00:00, run_after=2022-12-31T00:00:00+00:00
[2022-12-31T21:16:02.177+0100] {processor.py:175} INFO - Processing /Library/Frameworks/Python.framework/Versions/3.11/lib/python3.11/site-packages/airflow/example_dags/example_branch_operator_decorator.py took 0.499 seconds
[2022-12-31T21:17:47.865+0100] {processor.py:153} INFO - Started process (PID=96200) to work on /Library/Frameworks/Python.framework/Versions/3.11/lib/python3.11/site-packages/airflow/example_dags/example_branch_operator_decorator.py
[2022-12-31T21:17:47.870+0100] {processor.py:743} INFO - Processing file /Library/Frameworks/Python.framework/Versions/3.11/lib/python3.11/site-packages/airflow/example_dags/example_branch_operator_decorator.py for tasks to queue
[2022-12-31T21:17:47.870+0100] {logging_mixin.py:137} INFO - [2022-12-31T21:17:47.870+0100] {dagbag.py:538} INFO - Filling up the DagBag from /Library/Frameworks/Python.framework/Versions/3.11/lib/python3.11/site-packages/airflow/example_dags/example_branch_operator_decorator.py
[2022-12-31T21:17:47.891+0100] {processor.py:753} INFO - DAG(s) dict_keys(['example_branch_python_operator_decorator']) retrieved from /Library/Frameworks/Python.framework/Versions/3.11/lib/python3.11/site-packages/airflow/example_dags/example_branch_operator_decorator.py
[2022-12-31T21:17:48.318+0100] {logging_mixin.py:137} INFO - [2022-12-31T21:17:48.317+0100] {dag.py:2676} INFO - Sync 1 DAGs
[2022-12-31T21:17:48.323+0100] {logging_mixin.py:137} INFO - [2022-12-31T21:17:48.323+0100] {dag.py:3423} INFO - Setting next_dagrun for example_branch_python_operator_decorator to 2022-12-30T00:00:00+00:00, run_after=2022-12-31T00:00:00+00:00
[2022-12-31T21:17:48.329+0100] {processor.py:175} INFO - Processing /Library/Frameworks/Python.framework/Versions/3.11/lib/python3.11/site-packages/airflow/example_dags/example_branch_operator_decorator.py took 0.465 seconds
[2022-12-31T21:19:44.285+0100] {processor.py:153} INFO - Started process (PID=96502) to work on /Library/Frameworks/Python.framework/Versions/3.11/lib/python3.11/site-packages/airflow/example_dags/example_branch_operator_decorator.py
[2022-12-31T21:19:44.294+0100] {processor.py:743} INFO - Processing file /Library/Frameworks/Python.framework/Versions/3.11/lib/python3.11/site-packages/airflow/example_dags/example_branch_operator_decorator.py for tasks to queue
[2022-12-31T21:19:44.295+0100] {logging_mixin.py:137} INFO - [2022-12-31T21:19:44.295+0100] {dagbag.py:538} INFO - Filling up the DagBag from /Library/Frameworks/Python.framework/Versions/3.11/lib/python3.11/site-packages/airflow/example_dags/example_branch_operator_decorator.py
[2022-12-31T21:19:44.315+0100] {processor.py:753} INFO - DAG(s) dict_keys(['example_branch_python_operator_decorator']) retrieved from /Library/Frameworks/Python.framework/Versions/3.11/lib/python3.11/site-packages/airflow/example_dags/example_branch_operator_decorator.py
[2022-12-31T21:19:44.741+0100] {logging_mixin.py:137} INFO - [2022-12-31T21:19:44.741+0100] {dag.py:2676} INFO - Sync 1 DAGs
[2022-12-31T21:19:44.748+0100] {logging_mixin.py:137} INFO - [2022-12-31T21:19:44.748+0100] {dag.py:3423} INFO - Setting next_dagrun for example_branch_python_operator_decorator to 2022-12-30T00:00:00+00:00, run_after=2022-12-31T00:00:00+00:00
[2022-12-31T21:19:44.754+0100] {processor.py:175} INFO - Processing /Library/Frameworks/Python.framework/Versions/3.11/lib/python3.11/site-packages/airflow/example_dags/example_branch_operator_decorator.py took 0.469 seconds
[2022-12-31T21:21:43.066+0100] {processor.py:153} INFO - Started process (PID=96695) to work on /Library/Frameworks/Python.framework/Versions/3.11/lib/python3.11/site-packages/airflow/example_dags/example_branch_operator_decorator.py
[2022-12-31T21:21:43.071+0100] {processor.py:743} INFO - Processing file /Library/Frameworks/Python.framework/Versions/3.11/lib/python3.11/site-packages/airflow/example_dags/example_branch_operator_decorator.py for tasks to queue
[2022-12-31T21:21:43.072+0100] {logging_mixin.py:137} INFO - [2022-12-31T21:21:43.072+0100] {dagbag.py:538} INFO - Filling up the DagBag from /Library/Frameworks/Python.framework/Versions/3.11/lib/python3.11/site-packages/airflow/example_dags/example_branch_operator_decorator.py
[2022-12-31T21:21:43.093+0100] {processor.py:753} INFO - DAG(s) dict_keys(['example_branch_python_operator_decorator']) retrieved from /Library/Frameworks/Python.framework/Versions/3.11/lib/python3.11/site-packages/airflow/example_dags/example_branch_operator_decorator.py
[2022-12-31T21:21:43.559+0100] {logging_mixin.py:137} INFO - [2022-12-31T21:21:43.559+0100] {dag.py:2676} INFO - Sync 1 DAGs
[2022-12-31T21:21:43.567+0100] {logging_mixin.py:137} INFO - [2022-12-31T21:21:43.566+0100] {dag.py:3423} INFO - Setting next_dagrun for example_branch_python_operator_decorator to 2022-12-30T00:00:00+00:00, run_after=2022-12-31T00:00:00+00:00
[2022-12-31T21:21:43.576+0100] {processor.py:175} INFO - Processing /Library/Frameworks/Python.framework/Versions/3.11/lib/python3.11/site-packages/airflow/example_dags/example_branch_operator_decorator.py took 0.514 seconds
[2022-12-31T21:23:39.407+0100] {processor.py:153} INFO - Started process (PID=96858) to work on /Library/Frameworks/Python.framework/Versions/3.11/lib/python3.11/site-packages/airflow/example_dags/example_branch_operator_decorator.py
[2022-12-31T21:23:39.411+0100] {processor.py:743} INFO - Processing file /Library/Frameworks/Python.framework/Versions/3.11/lib/python3.11/site-packages/airflow/example_dags/example_branch_operator_decorator.py for tasks to queue
[2022-12-31T21:23:39.411+0100] {logging_mixin.py:137} INFO - [2022-12-31T21:23:39.411+0100] {dagbag.py:538} INFO - Filling up the DagBag from /Library/Frameworks/Python.framework/Versions/3.11/lib/python3.11/site-packages/airflow/example_dags/example_branch_operator_decorator.py
[2022-12-31T21:23:39.441+0100] {processor.py:753} INFO - DAG(s) dict_keys(['example_branch_python_operator_decorator']) retrieved from /Library/Frameworks/Python.framework/Versions/3.11/lib/python3.11/site-packages/airflow/example_dags/example_branch_operator_decorator.py
[2022-12-31T21:23:39.913+0100] {logging_mixin.py:137} INFO - [2022-12-31T21:23:39.913+0100] {dag.py:2676} INFO - Sync 1 DAGs
[2022-12-31T21:23:39.919+0100] {logging_mixin.py:137} INFO - [2022-12-31T21:23:39.919+0100] {dag.py:3423} INFO - Setting next_dagrun for example_branch_python_operator_decorator to 2022-12-30T00:00:00+00:00, run_after=2022-12-31T00:00:00+00:00
[2022-12-31T21:23:39.927+0100] {processor.py:175} INFO - Processing /Library/Frameworks/Python.framework/Versions/3.11/lib/python3.11/site-packages/airflow/example_dags/example_branch_operator_decorator.py took 0.520 seconds
[2022-12-31T21:25:32.077+0100] {processor.py:153} INFO - Started process (PID=97080) to work on /Library/Frameworks/Python.framework/Versions/3.11/lib/python3.11/site-packages/airflow/example_dags/example_branch_operator_decorator.py
[2022-12-31T21:25:32.082+0100] {processor.py:743} INFO - Processing file /Library/Frameworks/Python.framework/Versions/3.11/lib/python3.11/site-packages/airflow/example_dags/example_branch_operator_decorator.py for tasks to queue
[2022-12-31T21:25:32.082+0100] {logging_mixin.py:137} INFO - [2022-12-31T21:25:32.082+0100] {dagbag.py:538} INFO - Filling up the DagBag from /Library/Frameworks/Python.framework/Versions/3.11/lib/python3.11/site-packages/airflow/example_dags/example_branch_operator_decorator.py
[2022-12-31T21:25:32.103+0100] {processor.py:753} INFO - DAG(s) dict_keys(['example_branch_python_operator_decorator']) retrieved from /Library/Frameworks/Python.framework/Versions/3.11/lib/python3.11/site-packages/airflow/example_dags/example_branch_operator_decorator.py
[2022-12-31T21:25:32.524+0100] {logging_mixin.py:137} INFO - [2022-12-31T21:25:32.524+0100] {dag.py:2676} INFO - Sync 1 DAGs
[2022-12-31T21:25:32.530+0100] {logging_mixin.py:137} INFO - [2022-12-31T21:25:32.529+0100] {dag.py:3423} INFO - Setting next_dagrun for example_branch_python_operator_decorator to 2022-12-30T00:00:00+00:00, run_after=2022-12-31T00:00:00+00:00
[2022-12-31T21:25:32.536+0100] {processor.py:175} INFO - Processing /Library/Frameworks/Python.framework/Versions/3.11/lib/python3.11/site-packages/airflow/example_dags/example_branch_operator_decorator.py took 0.459 seconds
[2022-12-31T21:27:29.256+0100] {processor.py:153} INFO - Started process (PID=97336) to work on /Library/Frameworks/Python.framework/Versions/3.11/lib/python3.11/site-packages/airflow/example_dags/example_branch_operator_decorator.py
[2022-12-31T21:27:29.261+0100] {processor.py:743} INFO - Processing file /Library/Frameworks/Python.framework/Versions/3.11/lib/python3.11/site-packages/airflow/example_dags/example_branch_operator_decorator.py for tasks to queue
[2022-12-31T21:27:29.261+0100] {logging_mixin.py:137} INFO - [2022-12-31T21:27:29.261+0100] {dagbag.py:538} INFO - Filling up the DagBag from /Library/Frameworks/Python.framework/Versions/3.11/lib/python3.11/site-packages/airflow/example_dags/example_branch_operator_decorator.py
[2022-12-31T21:27:29.288+0100] {processor.py:753} INFO - DAG(s) dict_keys(['example_branch_python_operator_decorator']) retrieved from /Library/Frameworks/Python.framework/Versions/3.11/lib/python3.11/site-packages/airflow/example_dags/example_branch_operator_decorator.py
[2022-12-31T21:27:29.729+0100] {logging_mixin.py:137} INFO - [2022-12-31T21:27:29.729+0100] {dag.py:2676} INFO - Sync 1 DAGs
[2022-12-31T21:27:29.736+0100] {logging_mixin.py:137} INFO - [2022-12-31T21:27:29.736+0100] {dag.py:3423} INFO - Setting next_dagrun for example_branch_python_operator_decorator to 2022-12-30T00:00:00+00:00, run_after=2022-12-31T00:00:00+00:00
[2022-12-31T21:27:29.743+0100] {processor.py:175} INFO - Processing /Library/Frameworks/Python.framework/Versions/3.11/lib/python3.11/site-packages/airflow/example_dags/example_branch_operator_decorator.py took 0.488 seconds
