[2022-12-31T20:29:17.995+0100] {processor.py:153} INFO - Started process (PID=90168) to work on /Library/Frameworks/Python.framework/Versions/3.11/lib/python3.11/site-packages/airflow/example_dags/example_sla_dag.py
[2022-12-31T20:29:17.996+0100] {processor.py:743} INFO - Processing file /Library/Frameworks/Python.framework/Versions/3.11/lib/python3.11/site-packages/airflow/example_dags/example_sla_dag.py for tasks to queue
[2022-12-31T20:29:17.996+0100] {logging_mixin.py:137} INFO - [2022-12-31T20:29:17.996+0100] {dagbag.py:538} INFO - Filling up the DagBag from /Library/Frameworks/Python.framework/Versions/3.11/lib/python3.11/site-packages/airflow/example_dags/example_sla_dag.py
[2022-12-31T20:29:18.016+0100] {processor.py:753} INFO - DAG(s) dict_keys(['example_sla_dag']) retrieved from /Library/Frameworks/Python.framework/Versions/3.11/lib/python3.11/site-packages/airflow/example_dags/example_sla_dag.py
[2022-12-31T20:29:18.471+0100] {logging_mixin.py:137} INFO - [2022-12-31T20:29:18.471+0100] {manager.py:504} INFO - Created Permission View: can read on DAG:example_sla_dag
[2022-12-31T20:29:18.474+0100] {logging_mixin.py:137} INFO - [2022-12-31T20:29:18.474+0100] {manager.py:504} INFO - Created Permission View: can edit on DAG:example_sla_dag
[2022-12-31T20:29:18.475+0100] {logging_mixin.py:137} INFO - [2022-12-31T20:29:18.475+0100] {manager.py:504} INFO - Created Permission View: can delete on DAG:example_sla_dag
[2022-12-31T20:29:18.476+0100] {logging_mixin.py:137} INFO - [2022-12-31T20:29:18.475+0100] {dag.py:2676} INFO - Sync 1 DAGs
[2022-12-31T20:29:18.479+0100] {logging_mixin.py:137} INFO - [2022-12-31T20:29:18.479+0100] {dag.py:2697} INFO - Creating ORM DAG for example_sla_dag
[2022-12-31T20:29:18.482+0100] {logging_mixin.py:137} INFO - [2022-12-31T20:29:18.482+0100] {dag.py:3423} INFO - Setting next_dagrun for example_sla_dag to 2022-12-31T19:26:00+00:00, run_after=2022-12-31T19:28:00+00:00
[2022-12-31T20:29:18.488+0100] {processor.py:175} INFO - Processing /Library/Frameworks/Python.framework/Versions/3.11/lib/python3.11/site-packages/airflow/example_dags/example_sla_dag.py took 0.493 seconds
[2022-12-31T20:31:09.783+0100] {processor.py:153} INFO - Started process (PID=90392) to work on /Library/Frameworks/Python.framework/Versions/3.11/lib/python3.11/site-packages/airflow/example_dags/example_sla_dag.py
[2022-12-31T20:31:09.789+0100] {processor.py:743} INFO - Processing file /Library/Frameworks/Python.framework/Versions/3.11/lib/python3.11/site-packages/airflow/example_dags/example_sla_dag.py for tasks to queue
[2022-12-31T20:31:09.790+0100] {logging_mixin.py:137} INFO - [2022-12-31T20:31:09.790+0100] {dagbag.py:538} INFO - Filling up the DagBag from /Library/Frameworks/Python.framework/Versions/3.11/lib/python3.11/site-packages/airflow/example_dags/example_sla_dag.py
[2022-12-31T20:31:09.834+0100] {processor.py:753} INFO - DAG(s) dict_keys(['example_sla_dag']) retrieved from /Library/Frameworks/Python.framework/Versions/3.11/lib/python3.11/site-packages/airflow/example_dags/example_sla_dag.py
[2022-12-31T20:31:10.240+0100] {logging_mixin.py:137} INFO - [2022-12-31T20:31:10.240+0100] {dag.py:2676} INFO - Sync 1 DAGs
[2022-12-31T20:31:10.247+0100] {logging_mixin.py:137} INFO - [2022-12-31T20:31:10.247+0100] {dag.py:3423} INFO - Setting next_dagrun for example_sla_dag to 2022-12-31T19:28:00+00:00, run_after=2022-12-31T19:30:00+00:00
[2022-12-31T20:31:10.254+0100] {processor.py:175} INFO - Processing /Library/Frameworks/Python.framework/Versions/3.11/lib/python3.11/site-packages/airflow/example_dags/example_sla_dag.py took 0.472 seconds
[2022-12-31T20:32:31.840+0100] {processor.py:153} INFO - Started process (PID=90521) to work on /Library/Frameworks/Python.framework/Versions/3.11/lib/python3.11/site-packages/airflow/example_dags/example_sla_dag.py
[2022-12-31T20:32:31.846+0100] {processor.py:743} INFO - Processing file /Library/Frameworks/Python.framework/Versions/3.11/lib/python3.11/site-packages/airflow/example_dags/example_sla_dag.py for tasks to queue
[2022-12-31T20:32:31.846+0100] {logging_mixin.py:137} INFO - [2022-12-31T20:32:31.846+0100] {dagbag.py:538} INFO - Filling up the DagBag from /Library/Frameworks/Python.framework/Versions/3.11/lib/python3.11/site-packages/airflow/example_dags/example_sla_dag.py
[2022-12-31T20:32:31.873+0100] {processor.py:753} INFO - DAG(s) dict_keys(['example_sla_dag']) retrieved from /Library/Frameworks/Python.framework/Versions/3.11/lib/python3.11/site-packages/airflow/example_dags/example_sla_dag.py
[2022-12-31T20:32:32.287+0100] {logging_mixin.py:137} INFO - [2022-12-31T20:32:32.287+0100] {dag.py:2676} INFO - Sync 1 DAGs
[2022-12-31T20:32:32.293+0100] {logging_mixin.py:137} INFO - [2022-12-31T20:32:32.293+0100] {dag.py:3423} INFO - Setting next_dagrun for example_sla_dag to 2022-12-31T19:30:00+00:00, run_after=2022-12-31T19:32:00+00:00
[2022-12-31T20:32:32.300+0100] {processor.py:175} INFO - Processing /Library/Frameworks/Python.framework/Versions/3.11/lib/python3.11/site-packages/airflow/example_dags/example_sla_dag.py took 0.461 seconds
[2022-12-31T20:34:17.573+0100] {processor.py:153} INFO - Started process (PID=90662) to work on /Library/Frameworks/Python.framework/Versions/3.11/lib/python3.11/site-packages/airflow/example_dags/example_sla_dag.py
[2022-12-31T20:34:17.577+0100] {processor.py:743} INFO - Processing file /Library/Frameworks/Python.framework/Versions/3.11/lib/python3.11/site-packages/airflow/example_dags/example_sla_dag.py for tasks to queue
[2022-12-31T20:34:17.577+0100] {logging_mixin.py:137} INFO - [2022-12-31T20:34:17.577+0100] {dagbag.py:538} INFO - Filling up the DagBag from /Library/Frameworks/Python.framework/Versions/3.11/lib/python3.11/site-packages/airflow/example_dags/example_sla_dag.py
[2022-12-31T20:34:17.602+0100] {processor.py:753} INFO - DAG(s) dict_keys(['example_sla_dag']) retrieved from /Library/Frameworks/Python.framework/Versions/3.11/lib/python3.11/site-packages/airflow/example_dags/example_sla_dag.py
[2022-12-31T20:34:18.017+0100] {logging_mixin.py:137} INFO - [2022-12-31T20:34:18.017+0100] {dag.py:2676} INFO - Sync 1 DAGs
[2022-12-31T20:34:18.024+0100] {logging_mixin.py:137} INFO - [2022-12-31T20:34:18.024+0100] {dag.py:3423} INFO - Setting next_dagrun for example_sla_dag to 2022-12-31T19:32:00+00:00, run_after=2022-12-31T19:34:00+00:00
[2022-12-31T20:34:18.031+0100] {processor.py:175} INFO - Processing /Library/Frameworks/Python.framework/Versions/3.11/lib/python3.11/site-packages/airflow/example_dags/example_sla_dag.py took 0.459 seconds
[2022-12-31T20:35:52.237+0100] {processor.py:153} INFO - Started process (PID=90806) to work on /Library/Frameworks/Python.framework/Versions/3.11/lib/python3.11/site-packages/airflow/example_dags/example_sla_dag.py
[2022-12-31T20:35:52.243+0100] {processor.py:743} INFO - Processing file /Library/Frameworks/Python.framework/Versions/3.11/lib/python3.11/site-packages/airflow/example_dags/example_sla_dag.py for tasks to queue
[2022-12-31T20:35:52.243+0100] {logging_mixin.py:137} INFO - [2022-12-31T20:35:52.243+0100] {dagbag.py:538} INFO - Filling up the DagBag from /Library/Frameworks/Python.framework/Versions/3.11/lib/python3.11/site-packages/airflow/example_dags/example_sla_dag.py
[2022-12-31T20:35:52.270+0100] {processor.py:753} INFO - DAG(s) dict_keys(['example_sla_dag']) retrieved from /Library/Frameworks/Python.framework/Versions/3.11/lib/python3.11/site-packages/airflow/example_dags/example_sla_dag.py
[2022-12-31T20:35:52.671+0100] {logging_mixin.py:137} INFO - [2022-12-31T20:35:52.670+0100] {dag.py:2676} INFO - Sync 1 DAGs
[2022-12-31T20:35:52.677+0100] {logging_mixin.py:137} INFO - [2022-12-31T20:35:52.677+0100] {dag.py:3423} INFO - Setting next_dagrun for example_sla_dag to 2022-12-31T19:32:00+00:00, run_after=2022-12-31T19:34:00+00:00
[2022-12-31T20:35:52.687+0100] {processor.py:175} INFO - Processing /Library/Frameworks/Python.framework/Versions/3.11/lib/python3.11/site-packages/airflow/example_dags/example_sla_dag.py took 0.450 seconds
[2022-12-31T20:37:14.871+0100] {processor.py:153} INFO - Started process (PID=90928) to work on /Library/Frameworks/Python.framework/Versions/3.11/lib/python3.11/site-packages/airflow/example_dags/example_sla_dag.py
[2022-12-31T20:37:14.873+0100] {processor.py:743} INFO - Processing file /Library/Frameworks/Python.framework/Versions/3.11/lib/python3.11/site-packages/airflow/example_dags/example_sla_dag.py for tasks to queue
[2022-12-31T20:37:14.873+0100] {logging_mixin.py:137} INFO - [2022-12-31T20:37:14.873+0100] {dagbag.py:538} INFO - Filling up the DagBag from /Library/Frameworks/Python.framework/Versions/3.11/lib/python3.11/site-packages/airflow/example_dags/example_sla_dag.py
[2022-12-31T20:37:14.894+0100] {processor.py:753} INFO - DAG(s) dict_keys(['example_sla_dag']) retrieved from /Library/Frameworks/Python.framework/Versions/3.11/lib/python3.11/site-packages/airflow/example_dags/example_sla_dag.py
[2022-12-31T20:37:15.297+0100] {logging_mixin.py:137} INFO - [2022-12-31T20:37:15.297+0100] {dag.py:2676} INFO - Sync 1 DAGs
[2022-12-31T20:37:15.303+0100] {logging_mixin.py:137} INFO - [2022-12-31T20:37:15.303+0100] {dag.py:3423} INFO - Setting next_dagrun for example_sla_dag to 2022-12-31T19:34:00+00:00, run_after=2022-12-31T19:36:00+00:00
[2022-12-31T20:37:15.310+0100] {processor.py:175} INFO - Processing /Library/Frameworks/Python.framework/Versions/3.11/lib/python3.11/site-packages/airflow/example_dags/example_sla_dag.py took 0.439 seconds
[2022-12-31T20:38:55.203+0100] {processor.py:153} INFO - Started process (PID=91062) to work on /Library/Frameworks/Python.framework/Versions/3.11/lib/python3.11/site-packages/airflow/example_dags/example_sla_dag.py
[2022-12-31T20:38:55.205+0100] {processor.py:743} INFO - Processing file /Library/Frameworks/Python.framework/Versions/3.11/lib/python3.11/site-packages/airflow/example_dags/example_sla_dag.py for tasks to queue
[2022-12-31T20:38:55.205+0100] {logging_mixin.py:137} INFO - [2022-12-31T20:38:55.205+0100] {dagbag.py:538} INFO - Filling up the DagBag from /Library/Frameworks/Python.framework/Versions/3.11/lib/python3.11/site-packages/airflow/example_dags/example_sla_dag.py
[2022-12-31T20:38:55.226+0100] {processor.py:753} INFO - DAG(s) dict_keys(['example_sla_dag']) retrieved from /Library/Frameworks/Python.framework/Versions/3.11/lib/python3.11/site-packages/airflow/example_dags/example_sla_dag.py
[2022-12-31T20:38:55.637+0100] {logging_mixin.py:137} INFO - [2022-12-31T20:38:55.637+0100] {dag.py:2676} INFO - Sync 1 DAGs
[2022-12-31T20:38:55.644+0100] {logging_mixin.py:137} INFO - [2022-12-31T20:38:55.643+0100] {dag.py:3423} INFO - Setting next_dagrun for example_sla_dag to 2022-12-31T19:36:00+00:00, run_after=2022-12-31T19:38:00+00:00
[2022-12-31T20:38:55.650+0100] {processor.py:175} INFO - Processing /Library/Frameworks/Python.framework/Versions/3.11/lib/python3.11/site-packages/airflow/example_dags/example_sla_dag.py took 0.448 seconds
[2022-12-31T20:40:41.246+0100] {processor.py:153} INFO - Started process (PID=91266) to work on /Library/Frameworks/Python.framework/Versions/3.11/lib/python3.11/site-packages/airflow/example_dags/example_sla_dag.py
[2022-12-31T20:40:41.250+0100] {processor.py:743} INFO - Processing file /Library/Frameworks/Python.framework/Versions/3.11/lib/python3.11/site-packages/airflow/example_dags/example_sla_dag.py for tasks to queue
[2022-12-31T20:40:41.250+0100] {logging_mixin.py:137} INFO - [2022-12-31T20:40:41.250+0100] {dagbag.py:538} INFO - Filling up the DagBag from /Library/Frameworks/Python.framework/Versions/3.11/lib/python3.11/site-packages/airflow/example_dags/example_sla_dag.py
[2022-12-31T20:40:41.270+0100] {processor.py:753} INFO - DAG(s) dict_keys(['example_sla_dag']) retrieved from /Library/Frameworks/Python.framework/Versions/3.11/lib/python3.11/site-packages/airflow/example_dags/example_sla_dag.py
[2022-12-31T20:40:41.685+0100] {logging_mixin.py:137} INFO - [2022-12-31T20:40:41.685+0100] {dag.py:2676} INFO - Sync 1 DAGs
[2022-12-31T20:40:41.691+0100] {logging_mixin.py:137} INFO - [2022-12-31T20:40:41.691+0100] {dag.py:3423} INFO - Setting next_dagrun for example_sla_dag to 2022-12-31T19:38:00+00:00, run_after=2022-12-31T19:40:00+00:00
[2022-12-31T20:40:41.698+0100] {processor.py:175} INFO - Processing /Library/Frameworks/Python.framework/Versions/3.11/lib/python3.11/site-packages/airflow/example_dags/example_sla_dag.py took 0.453 seconds
[2022-12-31T20:42:29.256+0100] {processor.py:153} INFO - Started process (PID=91409) to work on /Library/Frameworks/Python.framework/Versions/3.11/lib/python3.11/site-packages/airflow/example_dags/example_sla_dag.py
[2022-12-31T20:42:29.258+0100] {processor.py:743} INFO - Processing file /Library/Frameworks/Python.framework/Versions/3.11/lib/python3.11/site-packages/airflow/example_dags/example_sla_dag.py for tasks to queue
[2022-12-31T20:42:29.258+0100] {logging_mixin.py:137} INFO - [2022-12-31T20:42:29.258+0100] {dagbag.py:538} INFO - Filling up the DagBag from /Library/Frameworks/Python.framework/Versions/3.11/lib/python3.11/site-packages/airflow/example_dags/example_sla_dag.py
[2022-12-31T20:42:29.280+0100] {processor.py:753} INFO - DAG(s) dict_keys(['example_sla_dag']) retrieved from /Library/Frameworks/Python.framework/Versions/3.11/lib/python3.11/site-packages/airflow/example_dags/example_sla_dag.py
[2022-12-31T20:42:29.735+0100] {logging_mixin.py:137} INFO - [2022-12-31T20:42:29.734+0100] {dag.py:2676} INFO - Sync 1 DAGs
[2022-12-31T20:42:29.741+0100] {logging_mixin.py:137} INFO - [2022-12-31T20:42:29.741+0100] {dag.py:3423} INFO - Setting next_dagrun for example_sla_dag to 2022-12-31T19:40:00+00:00, run_after=2022-12-31T19:42:00+00:00
[2022-12-31T20:42:29.747+0100] {processor.py:175} INFO - Processing /Library/Frameworks/Python.framework/Versions/3.11/lib/python3.11/site-packages/airflow/example_dags/example_sla_dag.py took 0.493 seconds
[2022-12-31T20:45:14.083+0100] {processor.py:153} INFO - Started process (PID=91767) to work on /Library/Frameworks/Python.framework/Versions/3.11/lib/python3.11/site-packages/airflow/example_dags/example_sla_dag.py
[2022-12-31T20:45:14.085+0100] {processor.py:743} INFO - Processing file /Library/Frameworks/Python.framework/Versions/3.11/lib/python3.11/site-packages/airflow/example_dags/example_sla_dag.py for tasks to queue
[2022-12-31T20:45:14.086+0100] {logging_mixin.py:137} INFO - [2022-12-31T20:45:14.085+0100] {dagbag.py:538} INFO - Filling up the DagBag from /Library/Frameworks/Python.framework/Versions/3.11/lib/python3.11/site-packages/airflow/example_dags/example_sla_dag.py
[2022-12-31T20:45:14.112+0100] {processor.py:753} INFO - DAG(s) dict_keys(['example_sla_dag']) retrieved from /Library/Frameworks/Python.framework/Versions/3.11/lib/python3.11/site-packages/airflow/example_dags/example_sla_dag.py
[2022-12-31T20:45:14.585+0100] {logging_mixin.py:137} INFO - [2022-12-31T20:45:14.585+0100] {dag.py:2676} INFO - Sync 1 DAGs
[2022-12-31T20:45:14.592+0100] {logging_mixin.py:137} INFO - [2022-12-31T20:45:14.592+0100] {dag.py:3423} INFO - Setting next_dagrun for example_sla_dag to 2022-12-31T19:42:00+00:00, run_after=2022-12-31T19:44:00+00:00
[2022-12-31T20:45:14.597+0100] {processor.py:175} INFO - Processing /Library/Frameworks/Python.framework/Versions/3.11/lib/python3.11/site-packages/airflow/example_dags/example_sla_dag.py took 0.515 seconds
[2022-12-31T20:47:04.415+0100] {processor.py:153} INFO - Started process (PID=91974) to work on /Library/Frameworks/Python.framework/Versions/3.11/lib/python3.11/site-packages/airflow/example_dags/example_sla_dag.py
[2022-12-31T20:47:04.417+0100] {processor.py:743} INFO - Processing file /Library/Frameworks/Python.framework/Versions/3.11/lib/python3.11/site-packages/airflow/example_dags/example_sla_dag.py for tasks to queue
[2022-12-31T20:47:04.417+0100] {logging_mixin.py:137} INFO - [2022-12-31T20:47:04.417+0100] {dagbag.py:538} INFO - Filling up the DagBag from /Library/Frameworks/Python.framework/Versions/3.11/lib/python3.11/site-packages/airflow/example_dags/example_sla_dag.py
[2022-12-31T20:47:04.443+0100] {processor.py:753} INFO - DAG(s) dict_keys(['example_sla_dag']) retrieved from /Library/Frameworks/Python.framework/Versions/3.11/lib/python3.11/site-packages/airflow/example_dags/example_sla_dag.py
[2022-12-31T20:47:04.928+0100] {logging_mixin.py:137} INFO - [2022-12-31T20:47:04.928+0100] {dag.py:2676} INFO - Sync 1 DAGs
[2022-12-31T20:47:04.934+0100] {logging_mixin.py:137} INFO - [2022-12-31T20:47:04.934+0100] {dag.py:3423} INFO - Setting next_dagrun for example_sla_dag to 2022-12-31T19:44:00+00:00, run_after=2022-12-31T19:46:00+00:00
[2022-12-31T20:47:04.940+0100] {processor.py:175} INFO - Processing /Library/Frameworks/Python.framework/Versions/3.11/lib/python3.11/site-packages/airflow/example_dags/example_sla_dag.py took 0.525 seconds
[2022-12-31T20:49:09.412+0100] {processor.py:153} INFO - Started process (PID=92211) to work on /Library/Frameworks/Python.framework/Versions/3.11/lib/python3.11/site-packages/airflow/example_dags/example_sla_dag.py
[2022-12-31T20:49:09.414+0100] {processor.py:743} INFO - Processing file /Library/Frameworks/Python.framework/Versions/3.11/lib/python3.11/site-packages/airflow/example_dags/example_sla_dag.py for tasks to queue
[2022-12-31T20:49:09.414+0100] {logging_mixin.py:137} INFO - [2022-12-31T20:49:09.414+0100] {dagbag.py:538} INFO - Filling up the DagBag from /Library/Frameworks/Python.framework/Versions/3.11/lib/python3.11/site-packages/airflow/example_dags/example_sla_dag.py
[2022-12-31T20:49:09.441+0100] {processor.py:753} INFO - DAG(s) dict_keys(['example_sla_dag']) retrieved from /Library/Frameworks/Python.framework/Versions/3.11/lib/python3.11/site-packages/airflow/example_dags/example_sla_dag.py
[2022-12-31T20:49:09.937+0100] {logging_mixin.py:137} INFO - [2022-12-31T20:49:09.937+0100] {dag.py:2676} INFO - Sync 1 DAGs
[2022-12-31T20:49:09.944+0100] {logging_mixin.py:137} INFO - [2022-12-31T20:49:09.944+0100] {dag.py:3423} INFO - Setting next_dagrun for example_sla_dag to 2022-12-31T19:46:00+00:00, run_after=2022-12-31T19:48:00+00:00
[2022-12-31T20:49:09.949+0100] {processor.py:175} INFO - Processing /Library/Frameworks/Python.framework/Versions/3.11/lib/python3.11/site-packages/airflow/example_dags/example_sla_dag.py took 0.538 seconds
[2022-12-31T20:51:29.365+0100] {processor.py:153} INFO - Started process (PID=92495) to work on /Library/Frameworks/Python.framework/Versions/3.11/lib/python3.11/site-packages/airflow/example_dags/example_sla_dag.py
[2022-12-31T20:51:29.367+0100] {processor.py:743} INFO - Processing file /Library/Frameworks/Python.framework/Versions/3.11/lib/python3.11/site-packages/airflow/example_dags/example_sla_dag.py for tasks to queue
[2022-12-31T20:51:29.367+0100] {logging_mixin.py:137} INFO - [2022-12-31T20:51:29.367+0100] {dagbag.py:538} INFO - Filling up the DagBag from /Library/Frameworks/Python.framework/Versions/3.11/lib/python3.11/site-packages/airflow/example_dags/example_sla_dag.py
[2022-12-31T20:51:29.395+0100] {processor.py:753} INFO - DAG(s) dict_keys(['example_sla_dag']) retrieved from /Library/Frameworks/Python.framework/Versions/3.11/lib/python3.11/site-packages/airflow/example_dags/example_sla_dag.py
[2022-12-31T20:51:30.091+0100] {logging_mixin.py:137} INFO - [2022-12-31T20:51:30.091+0100] {dag.py:2676} INFO - Sync 1 DAGs
[2022-12-31T20:51:30.099+0100] {logging_mixin.py:137} INFO - [2022-12-31T20:51:30.099+0100] {dag.py:3423} INFO - Setting next_dagrun for example_sla_dag to 2022-12-31T19:48:00+00:00, run_after=2022-12-31T19:50:00+00:00
[2022-12-31T20:51:30.106+0100] {processor.py:175} INFO - Processing /Library/Frameworks/Python.framework/Versions/3.11/lib/python3.11/site-packages/airflow/example_dags/example_sla_dag.py took 0.741 seconds
[2022-12-31T20:53:42.668+0100] {processor.py:153} INFO - Started process (PID=92867) to work on /Library/Frameworks/Python.framework/Versions/3.11/lib/python3.11/site-packages/airflow/example_dags/example_sla_dag.py
[2022-12-31T20:53:42.670+0100] {processor.py:743} INFO - Processing file /Library/Frameworks/Python.framework/Versions/3.11/lib/python3.11/site-packages/airflow/example_dags/example_sla_dag.py for tasks to queue
[2022-12-31T20:53:42.670+0100] {logging_mixin.py:137} INFO - [2022-12-31T20:53:42.670+0100] {dagbag.py:538} INFO - Filling up the DagBag from /Library/Frameworks/Python.framework/Versions/3.11/lib/python3.11/site-packages/airflow/example_dags/example_sla_dag.py
[2022-12-31T20:53:42.706+0100] {processor.py:753} INFO - DAG(s) dict_keys(['example_sla_dag']) retrieved from /Library/Frameworks/Python.framework/Versions/3.11/lib/python3.11/site-packages/airflow/example_dags/example_sla_dag.py
[2022-12-31T20:53:43.390+0100] {logging_mixin.py:137} INFO - [2022-12-31T20:53:43.390+0100] {dag.py:2676} INFO - Sync 1 DAGs
[2022-12-31T20:53:43.399+0100] {logging_mixin.py:137} INFO - [2022-12-31T20:53:43.399+0100] {dag.py:3423} INFO - Setting next_dagrun for example_sla_dag to 2022-12-31T19:50:00+00:00, run_after=2022-12-31T19:52:00+00:00
[2022-12-31T20:53:43.407+0100] {processor.py:175} INFO - Processing /Library/Frameworks/Python.framework/Versions/3.11/lib/python3.11/site-packages/airflow/example_dags/example_sla_dag.py took 0.740 seconds
[2022-12-31T20:55:24.170+0100] {processor.py:153} INFO - Started process (PID=93165) to work on /Library/Frameworks/Python.framework/Versions/3.11/lib/python3.11/site-packages/airflow/example_dags/example_sla_dag.py
[2022-12-31T20:55:24.171+0100] {processor.py:743} INFO - Processing file /Library/Frameworks/Python.framework/Versions/3.11/lib/python3.11/site-packages/airflow/example_dags/example_sla_dag.py for tasks to queue
[2022-12-31T20:55:24.172+0100] {logging_mixin.py:137} INFO - [2022-12-31T20:55:24.172+0100] {dagbag.py:538} INFO - Filling up the DagBag from /Library/Frameworks/Python.framework/Versions/3.11/lib/python3.11/site-packages/airflow/example_dags/example_sla_dag.py
[2022-12-31T20:55:24.198+0100] {processor.py:753} INFO - DAG(s) dict_keys(['example_sla_dag']) retrieved from /Library/Frameworks/Python.framework/Versions/3.11/lib/python3.11/site-packages/airflow/example_dags/example_sla_dag.py
[2022-12-31T20:55:24.614+0100] {logging_mixin.py:137} INFO - [2022-12-31T20:55:24.614+0100] {dag.py:2676} INFO - Sync 1 DAGs
[2022-12-31T20:55:24.620+0100] {logging_mixin.py:137} INFO - [2022-12-31T20:55:24.620+0100] {dag.py:3423} INFO - Setting next_dagrun for example_sla_dag to 2022-12-31T19:52:00+00:00, run_after=2022-12-31T19:54:00+00:00
[2022-12-31T20:55:24.626+0100] {processor.py:175} INFO - Processing /Library/Frameworks/Python.framework/Versions/3.11/lib/python3.11/site-packages/airflow/example_dags/example_sla_dag.py took 0.457 seconds
[2022-12-31T20:56:37.622+0100] {processor.py:153} INFO - Started process (PID=93305) to work on /Library/Frameworks/Python.framework/Versions/3.11/lib/python3.11/site-packages/airflow/example_dags/example_sla_dag.py
[2022-12-31T20:56:37.627+0100] {processor.py:743} INFO - Processing file /Library/Frameworks/Python.framework/Versions/3.11/lib/python3.11/site-packages/airflow/example_dags/example_sla_dag.py for tasks to queue
[2022-12-31T20:56:37.627+0100] {logging_mixin.py:137} INFO - [2022-12-31T20:56:37.627+0100] {dagbag.py:538} INFO - Filling up the DagBag from /Library/Frameworks/Python.framework/Versions/3.11/lib/python3.11/site-packages/airflow/example_dags/example_sla_dag.py
[2022-12-31T20:56:37.647+0100] {processor.py:753} INFO - DAG(s) dict_keys(['example_sla_dag']) retrieved from /Library/Frameworks/Python.framework/Versions/3.11/lib/python3.11/site-packages/airflow/example_dags/example_sla_dag.py
[2022-12-31T20:56:38.144+0100] {logging_mixin.py:137} INFO - [2022-12-31T20:56:38.144+0100] {dag.py:2676} INFO - Sync 1 DAGs
[2022-12-31T20:56:38.152+0100] {logging_mixin.py:137} INFO - [2022-12-31T20:56:38.151+0100] {dag.py:3423} INFO - Setting next_dagrun for example_sla_dag to 2022-12-31T19:54:00+00:00, run_after=2022-12-31T19:56:00+00:00
[2022-12-31T20:56:38.159+0100] {processor.py:175} INFO - Processing /Library/Frameworks/Python.framework/Versions/3.11/lib/python3.11/site-packages/airflow/example_dags/example_sla_dag.py took 0.537 seconds
[2022-12-31T20:58:39.711+0100] {processor.py:153} INFO - Started process (PID=93587) to work on /Library/Frameworks/Python.framework/Versions/3.11/lib/python3.11/site-packages/airflow/example_dags/example_sla_dag.py
[2022-12-31T20:58:39.715+0100] {processor.py:743} INFO - Processing file /Library/Frameworks/Python.framework/Versions/3.11/lib/python3.11/site-packages/airflow/example_dags/example_sla_dag.py for tasks to queue
[2022-12-31T20:58:39.728+0100] {logging_mixin.py:137} INFO - [2022-12-31T20:58:39.728+0100] {dagbag.py:538} INFO - Filling up the DagBag from /Library/Frameworks/Python.framework/Versions/3.11/lib/python3.11/site-packages/airflow/example_dags/example_sla_dag.py
[2022-12-31T20:58:39.808+0100] {processor.py:753} INFO - DAG(s) dict_keys(['example_sla_dag']) retrieved from /Library/Frameworks/Python.framework/Versions/3.11/lib/python3.11/site-packages/airflow/example_dags/example_sla_dag.py
[2022-12-31T20:58:40.434+0100] {logging_mixin.py:137} INFO - [2022-12-31T20:58:40.434+0100] {dag.py:2676} INFO - Sync 1 DAGs
[2022-12-31T20:58:40.442+0100] {logging_mixin.py:137} INFO - [2022-12-31T20:58:40.442+0100] {dag.py:3423} INFO - Setting next_dagrun for example_sla_dag to 2022-12-31T19:56:00+00:00, run_after=2022-12-31T19:58:00+00:00
[2022-12-31T20:58:40.451+0100] {processor.py:175} INFO - Processing /Library/Frameworks/Python.framework/Versions/3.11/lib/python3.11/site-packages/airflow/example_dags/example_sla_dag.py took 0.745 seconds
[2022-12-31T21:00:44.646+0100] {processor.py:153} INFO - Started process (PID=93807) to work on /Library/Frameworks/Python.framework/Versions/3.11/lib/python3.11/site-packages/airflow/example_dags/example_sla_dag.py
[2022-12-31T21:00:44.651+0100] {processor.py:743} INFO - Processing file /Library/Frameworks/Python.framework/Versions/3.11/lib/python3.11/site-packages/airflow/example_dags/example_sla_dag.py for tasks to queue
[2022-12-31T21:00:44.651+0100] {logging_mixin.py:137} INFO - [2022-12-31T21:00:44.651+0100] {dagbag.py:538} INFO - Filling up the DagBag from /Library/Frameworks/Python.framework/Versions/3.11/lib/python3.11/site-packages/airflow/example_dags/example_sla_dag.py
[2022-12-31T21:00:44.679+0100] {processor.py:753} INFO - DAG(s) dict_keys(['example_sla_dag']) retrieved from /Library/Frameworks/Python.framework/Versions/3.11/lib/python3.11/site-packages/airflow/example_dags/example_sla_dag.py
[2022-12-31T21:00:45.181+0100] {logging_mixin.py:137} INFO - [2022-12-31T21:00:45.181+0100] {dag.py:2676} INFO - Sync 1 DAGs
[2022-12-31T21:00:45.189+0100] {logging_mixin.py:137} INFO - [2022-12-31T21:00:45.189+0100] {dag.py:3423} INFO - Setting next_dagrun for example_sla_dag to 2022-12-31T19:58:00+00:00, run_after=2022-12-31T20:00:00+00:00
[2022-12-31T21:00:45.197+0100] {processor.py:175} INFO - Processing /Library/Frameworks/Python.framework/Versions/3.11/lib/python3.11/site-packages/airflow/example_dags/example_sla_dag.py took 0.551 seconds
[2022-12-31T21:02:43.647+0100] {processor.py:153} INFO - Started process (PID=94199) to work on /Library/Frameworks/Python.framework/Versions/3.11/lib/python3.11/site-packages/airflow/example_dags/example_sla_dag.py
[2022-12-31T21:02:43.653+0100] {processor.py:743} INFO - Processing file /Library/Frameworks/Python.framework/Versions/3.11/lib/python3.11/site-packages/airflow/example_dags/example_sla_dag.py for tasks to queue
[2022-12-31T21:02:43.654+0100] {logging_mixin.py:137} INFO - [2022-12-31T21:02:43.654+0100] {dagbag.py:538} INFO - Filling up the DagBag from /Library/Frameworks/Python.framework/Versions/3.11/lib/python3.11/site-packages/airflow/example_dags/example_sla_dag.py
[2022-12-31T21:02:43.698+0100] {processor.py:753} INFO - DAG(s) dict_keys(['example_sla_dag']) retrieved from /Library/Frameworks/Python.framework/Versions/3.11/lib/python3.11/site-packages/airflow/example_dags/example_sla_dag.py
[2022-12-31T21:02:44.244+0100] {logging_mixin.py:137} INFO - [2022-12-31T21:02:44.244+0100] {dag.py:2676} INFO - Sync 1 DAGs
[2022-12-31T21:02:44.252+0100] {logging_mixin.py:137} INFO - [2022-12-31T21:02:44.252+0100] {dag.py:3423} INFO - Setting next_dagrun for example_sla_dag to 2022-12-31T20:00:00+00:00, run_after=2022-12-31T20:02:00+00:00
[2022-12-31T21:02:44.260+0100] {processor.py:175} INFO - Processing /Library/Frameworks/Python.framework/Versions/3.11/lib/python3.11/site-packages/airflow/example_dags/example_sla_dag.py took 0.614 seconds
[2022-12-31T21:04:53.264+0100] {processor.py:153} INFO - Started process (PID=94459) to work on /Library/Frameworks/Python.framework/Versions/3.11/lib/python3.11/site-packages/airflow/example_dags/example_sla_dag.py
[2022-12-31T21:04:53.270+0100] {processor.py:743} INFO - Processing file /Library/Frameworks/Python.framework/Versions/3.11/lib/python3.11/site-packages/airflow/example_dags/example_sla_dag.py for tasks to queue
[2022-12-31T21:04:53.270+0100] {logging_mixin.py:137} INFO - [2022-12-31T21:04:53.270+0100] {dagbag.py:538} INFO - Filling up the DagBag from /Library/Frameworks/Python.framework/Versions/3.11/lib/python3.11/site-packages/airflow/example_dags/example_sla_dag.py
[2022-12-31T21:04:53.290+0100] {processor.py:753} INFO - DAG(s) dict_keys(['example_sla_dag']) retrieved from /Library/Frameworks/Python.framework/Versions/3.11/lib/python3.11/site-packages/airflow/example_dags/example_sla_dag.py
[2022-12-31T21:04:53.719+0100] {logging_mixin.py:137} INFO - [2022-12-31T21:04:53.719+0100] {dag.py:2676} INFO - Sync 1 DAGs
[2022-12-31T21:04:53.725+0100] {logging_mixin.py:137} INFO - [2022-12-31T21:04:53.725+0100] {dag.py:3423} INFO - Setting next_dagrun for example_sla_dag to 2022-12-31T20:02:00+00:00, run_after=2022-12-31T20:04:00+00:00
[2022-12-31T21:04:53.732+0100] {processor.py:175} INFO - Processing /Library/Frameworks/Python.framework/Versions/3.11/lib/python3.11/site-packages/airflow/example_dags/example_sla_dag.py took 0.468 seconds
[2022-12-31T21:06:41.691+0100] {processor.py:153} INFO - Started process (PID=94697) to work on /Library/Frameworks/Python.framework/Versions/3.11/lib/python3.11/site-packages/airflow/example_dags/example_sla_dag.py
[2022-12-31T21:06:41.695+0100] {processor.py:743} INFO - Processing file /Library/Frameworks/Python.framework/Versions/3.11/lib/python3.11/site-packages/airflow/example_dags/example_sla_dag.py for tasks to queue
[2022-12-31T21:06:41.695+0100] {logging_mixin.py:137} INFO - [2022-12-31T21:06:41.695+0100] {dagbag.py:538} INFO - Filling up the DagBag from /Library/Frameworks/Python.framework/Versions/3.11/lib/python3.11/site-packages/airflow/example_dags/example_sla_dag.py
[2022-12-31T21:06:41.724+0100] {processor.py:753} INFO - DAG(s) dict_keys(['example_sla_dag']) retrieved from /Library/Frameworks/Python.framework/Versions/3.11/lib/python3.11/site-packages/airflow/example_dags/example_sla_dag.py
[2022-12-31T21:06:42.147+0100] {logging_mixin.py:137} INFO - [2022-12-31T21:06:42.147+0100] {dag.py:2676} INFO - Sync 1 DAGs
[2022-12-31T21:06:42.154+0100] {logging_mixin.py:137} INFO - [2022-12-31T21:06:42.154+0100] {dag.py:3423} INFO - Setting next_dagrun for example_sla_dag to 2022-12-31T20:04:00+00:00, run_after=2022-12-31T20:06:00+00:00
[2022-12-31T21:06:42.160+0100] {processor.py:175} INFO - Processing /Library/Frameworks/Python.framework/Versions/3.11/lib/python3.11/site-packages/airflow/example_dags/example_sla_dag.py took 0.470 seconds
[2022-12-31T21:08:36.949+0100] {processor.py:153} INFO - Started process (PID=94952) to work on /Library/Frameworks/Python.framework/Versions/3.11/lib/python3.11/site-packages/airflow/example_dags/example_sla_dag.py
[2022-12-31T21:08:36.953+0100] {processor.py:743} INFO - Processing file /Library/Frameworks/Python.framework/Versions/3.11/lib/python3.11/site-packages/airflow/example_dags/example_sla_dag.py for tasks to queue
[2022-12-31T21:08:36.953+0100] {logging_mixin.py:137} INFO - [2022-12-31T21:08:36.953+0100] {dagbag.py:538} INFO - Filling up the DagBag from /Library/Frameworks/Python.framework/Versions/3.11/lib/python3.11/site-packages/airflow/example_dags/example_sla_dag.py
[2022-12-31T21:08:36.981+0100] {processor.py:753} INFO - DAG(s) dict_keys(['example_sla_dag']) retrieved from /Library/Frameworks/Python.framework/Versions/3.11/lib/python3.11/site-packages/airflow/example_dags/example_sla_dag.py
[2022-12-31T21:08:37.470+0100] {logging_mixin.py:137} INFO - [2022-12-31T21:08:37.470+0100] {dag.py:2676} INFO - Sync 1 DAGs
[2022-12-31T21:08:37.480+0100] {logging_mixin.py:137} INFO - [2022-12-31T21:08:37.480+0100] {dag.py:3423} INFO - Setting next_dagrun for example_sla_dag to 2022-12-31T20:06:00+00:00, run_after=2022-12-31T20:08:00+00:00
[2022-12-31T21:08:37.488+0100] {processor.py:175} INFO - Processing /Library/Frameworks/Python.framework/Versions/3.11/lib/python3.11/site-packages/airflow/example_dags/example_sla_dag.py took 0.540 seconds
[2022-12-31T21:10:39.316+0100] {processor.py:153} INFO - Started process (PID=95261) to work on /Library/Frameworks/Python.framework/Versions/3.11/lib/python3.11/site-packages/airflow/example_dags/example_sla_dag.py
[2022-12-31T21:10:39.320+0100] {processor.py:743} INFO - Processing file /Library/Frameworks/Python.framework/Versions/3.11/lib/python3.11/site-packages/airflow/example_dags/example_sla_dag.py for tasks to queue
[2022-12-31T21:10:39.320+0100] {logging_mixin.py:137} INFO - [2022-12-31T21:10:39.320+0100] {dagbag.py:538} INFO - Filling up the DagBag from /Library/Frameworks/Python.framework/Versions/3.11/lib/python3.11/site-packages/airflow/example_dags/example_sla_dag.py
[2022-12-31T21:10:39.349+0100] {processor.py:753} INFO - DAG(s) dict_keys(['example_sla_dag']) retrieved from /Library/Frameworks/Python.framework/Versions/3.11/lib/python3.11/site-packages/airflow/example_dags/example_sla_dag.py
[2022-12-31T21:10:39.765+0100] {logging_mixin.py:137} INFO - [2022-12-31T21:10:39.765+0100] {dag.py:2676} INFO - Sync 1 DAGs
[2022-12-31T21:10:39.771+0100] {logging_mixin.py:137} INFO - [2022-12-31T21:10:39.771+0100] {dag.py:3423} INFO - Setting next_dagrun for example_sla_dag to 2022-12-31T20:08:00+00:00, run_after=2022-12-31T20:10:00+00:00
[2022-12-31T21:10:39.777+0100] {processor.py:175} INFO - Processing /Library/Frameworks/Python.framework/Versions/3.11/lib/python3.11/site-packages/airflow/example_dags/example_sla_dag.py took 0.463 seconds
[2022-12-31T21:12:45.572+0100] {processor.py:153} INFO - Started process (PID=95582) to work on /Library/Frameworks/Python.framework/Versions/3.11/lib/python3.11/site-packages/airflow/example_dags/example_sla_dag.py
[2022-12-31T21:12:45.577+0100] {processor.py:743} INFO - Processing file /Library/Frameworks/Python.framework/Versions/3.11/lib/python3.11/site-packages/airflow/example_dags/example_sla_dag.py for tasks to queue
[2022-12-31T21:12:45.577+0100] {logging_mixin.py:137} INFO - [2022-12-31T21:12:45.577+0100] {dagbag.py:538} INFO - Filling up the DagBag from /Library/Frameworks/Python.framework/Versions/3.11/lib/python3.11/site-packages/airflow/example_dags/example_sla_dag.py
[2022-12-31T21:12:45.598+0100] {processor.py:753} INFO - DAG(s) dict_keys(['example_sla_dag']) retrieved from /Library/Frameworks/Python.framework/Versions/3.11/lib/python3.11/site-packages/airflow/example_dags/example_sla_dag.py
[2022-12-31T21:12:46.155+0100] {logging_mixin.py:137} INFO - [2022-12-31T21:12:46.155+0100] {dag.py:2676} INFO - Sync 1 DAGs
[2022-12-31T21:12:46.169+0100] {logging_mixin.py:137} INFO - [2022-12-31T21:12:46.169+0100] {dag.py:3423} INFO - Setting next_dagrun for example_sla_dag to 2022-12-31T20:10:00+00:00, run_after=2022-12-31T20:12:00+00:00
[2022-12-31T21:12:46.181+0100] {processor.py:175} INFO - Processing /Library/Frameworks/Python.framework/Versions/3.11/lib/python3.11/site-packages/airflow/example_dags/example_sla_dag.py took 0.610 seconds
[2022-12-31T21:14:49.056+0100] {processor.py:153} INFO - Started process (PID=95820) to work on /Library/Frameworks/Python.framework/Versions/3.11/lib/python3.11/site-packages/airflow/example_dags/example_sla_dag.py
[2022-12-31T21:14:49.058+0100] {processor.py:743} INFO - Processing file /Library/Frameworks/Python.framework/Versions/3.11/lib/python3.11/site-packages/airflow/example_dags/example_sla_dag.py for tasks to queue
[2022-12-31T21:14:49.058+0100] {logging_mixin.py:137} INFO - [2022-12-31T21:14:49.058+0100] {dagbag.py:538} INFO - Filling up the DagBag from /Library/Frameworks/Python.framework/Versions/3.11/lib/python3.11/site-packages/airflow/example_dags/example_sla_dag.py
[2022-12-31T21:14:49.078+0100] {processor.py:753} INFO - DAG(s) dict_keys(['example_sla_dag']) retrieved from /Library/Frameworks/Python.framework/Versions/3.11/lib/python3.11/site-packages/airflow/example_dags/example_sla_dag.py
[2022-12-31T21:14:49.480+0100] {logging_mixin.py:137} INFO - [2022-12-31T21:14:49.479+0100] {dag.py:2676} INFO - Sync 1 DAGs
[2022-12-31T21:14:49.486+0100] {logging_mixin.py:137} INFO - [2022-12-31T21:14:49.486+0100] {dag.py:3423} INFO - Setting next_dagrun for example_sla_dag to 2022-12-31T20:12:00+00:00, run_after=2022-12-31T20:14:00+00:00
[2022-12-31T21:14:49.492+0100] {processor.py:175} INFO - Processing /Library/Frameworks/Python.framework/Versions/3.11/lib/python3.11/site-packages/airflow/example_dags/example_sla_dag.py took 0.436 seconds
[2022-12-31T21:16:42.931+0100] {processor.py:153} INFO - Started process (PID=96102) to work on /Library/Frameworks/Python.framework/Versions/3.11/lib/python3.11/site-packages/airflow/example_dags/example_sla_dag.py
[2022-12-31T21:16:42.933+0100] {processor.py:743} INFO - Processing file /Library/Frameworks/Python.framework/Versions/3.11/lib/python3.11/site-packages/airflow/example_dags/example_sla_dag.py for tasks to queue
[2022-12-31T21:16:42.933+0100] {logging_mixin.py:137} INFO - [2022-12-31T21:16:42.933+0100] {dagbag.py:538} INFO - Filling up the DagBag from /Library/Frameworks/Python.framework/Versions/3.11/lib/python3.11/site-packages/airflow/example_dags/example_sla_dag.py
[2022-12-31T21:16:42.953+0100] {processor.py:753} INFO - DAG(s) dict_keys(['example_sla_dag']) retrieved from /Library/Frameworks/Python.framework/Versions/3.11/lib/python3.11/site-packages/airflow/example_dags/example_sla_dag.py
[2022-12-31T21:16:43.372+0100] {logging_mixin.py:137} INFO - [2022-12-31T21:16:43.372+0100] {dag.py:2676} INFO - Sync 1 DAGs
[2022-12-31T21:16:43.378+0100] {logging_mixin.py:137} INFO - [2022-12-31T21:16:43.378+0100] {dag.py:3423} INFO - Setting next_dagrun for example_sla_dag to 2022-12-31T20:14:00+00:00, run_after=2022-12-31T20:16:00+00:00
[2022-12-31T21:16:43.385+0100] {processor.py:175} INFO - Processing /Library/Frameworks/Python.framework/Versions/3.11/lib/python3.11/site-packages/airflow/example_dags/example_sla_dag.py took 0.454 seconds
[2022-12-31T21:18:28.516+0100] {processor.py:153} INFO - Started process (PID=96326) to work on /Library/Frameworks/Python.framework/Versions/3.11/lib/python3.11/site-packages/airflow/example_dags/example_sla_dag.py
[2022-12-31T21:18:28.521+0100] {processor.py:743} INFO - Processing file /Library/Frameworks/Python.framework/Versions/3.11/lib/python3.11/site-packages/airflow/example_dags/example_sla_dag.py for tasks to queue
[2022-12-31T21:18:28.522+0100] {logging_mixin.py:137} INFO - [2022-12-31T21:18:28.521+0100] {dagbag.py:538} INFO - Filling up the DagBag from /Library/Frameworks/Python.framework/Versions/3.11/lib/python3.11/site-packages/airflow/example_dags/example_sla_dag.py
[2022-12-31T21:18:28.543+0100] {processor.py:753} INFO - DAG(s) dict_keys(['example_sla_dag']) retrieved from /Library/Frameworks/Python.framework/Versions/3.11/lib/python3.11/site-packages/airflow/example_dags/example_sla_dag.py
[2022-12-31T21:18:29.199+0100] {logging_mixin.py:137} INFO - [2022-12-31T21:18:29.199+0100] {dag.py:2676} INFO - Sync 1 DAGs
[2022-12-31T21:18:29.212+0100] {logging_mixin.py:137} INFO - [2022-12-31T21:18:29.212+0100] {dag.py:3423} INFO - Setting next_dagrun for example_sla_dag to 2022-12-31T20:16:00+00:00, run_after=2022-12-31T20:18:00+00:00
[2022-12-31T21:18:29.223+0100] {processor.py:175} INFO - Processing /Library/Frameworks/Python.framework/Versions/3.11/lib/python3.11/site-packages/airflow/example_dags/example_sla_dag.py took 0.709 seconds
[2022-12-31T21:20:28.532+0100] {processor.py:153} INFO - Started process (PID=96556) to work on /Library/Frameworks/Python.framework/Versions/3.11/lib/python3.11/site-packages/airflow/example_dags/example_sla_dag.py
[2022-12-31T21:20:28.538+0100] {processor.py:743} INFO - Processing file /Library/Frameworks/Python.framework/Versions/3.11/lib/python3.11/site-packages/airflow/example_dags/example_sla_dag.py for tasks to queue
[2022-12-31T21:20:28.538+0100] {logging_mixin.py:137} INFO - [2022-12-31T21:20:28.538+0100] {dagbag.py:538} INFO - Filling up the DagBag from /Library/Frameworks/Python.framework/Versions/3.11/lib/python3.11/site-packages/airflow/example_dags/example_sla_dag.py
[2022-12-31T21:20:28.558+0100] {processor.py:753} INFO - DAG(s) dict_keys(['example_sla_dag']) retrieved from /Library/Frameworks/Python.framework/Versions/3.11/lib/python3.11/site-packages/airflow/example_dags/example_sla_dag.py
[2022-12-31T21:20:29.022+0100] {logging_mixin.py:137} INFO - [2022-12-31T21:20:29.022+0100] {dag.py:2676} INFO - Sync 1 DAGs
[2022-12-31T21:20:29.031+0100] {logging_mixin.py:137} INFO - [2022-12-31T21:20:29.031+0100] {dag.py:3423} INFO - Setting next_dagrun for example_sla_dag to 2022-12-31T20:18:00+00:00, run_after=2022-12-31T20:20:00+00:00
[2022-12-31T21:20:29.041+0100] {processor.py:175} INFO - Processing /Library/Frameworks/Python.framework/Versions/3.11/lib/python3.11/site-packages/airflow/example_dags/example_sla_dag.py took 0.510 seconds
[2022-12-31T21:22:24.943+0100] {processor.py:153} INFO - Started process (PID=96760) to work on /Library/Frameworks/Python.framework/Versions/3.11/lib/python3.11/site-packages/airflow/example_dags/example_sla_dag.py
[2022-12-31T21:22:24.949+0100] {processor.py:743} INFO - Processing file /Library/Frameworks/Python.framework/Versions/3.11/lib/python3.11/site-packages/airflow/example_dags/example_sla_dag.py for tasks to queue
[2022-12-31T21:22:24.949+0100] {logging_mixin.py:137} INFO - [2022-12-31T21:22:24.949+0100] {dagbag.py:538} INFO - Filling up the DagBag from /Library/Frameworks/Python.framework/Versions/3.11/lib/python3.11/site-packages/airflow/example_dags/example_sla_dag.py
[2022-12-31T21:22:24.979+0100] {processor.py:753} INFO - DAG(s) dict_keys(['example_sla_dag']) retrieved from /Library/Frameworks/Python.framework/Versions/3.11/lib/python3.11/site-packages/airflow/example_dags/example_sla_dag.py
[2022-12-31T21:22:25.398+0100] {logging_mixin.py:137} INFO - [2022-12-31T21:22:25.398+0100] {dag.py:2676} INFO - Sync 1 DAGs
[2022-12-31T21:22:25.404+0100] {logging_mixin.py:137} INFO - [2022-12-31T21:22:25.404+0100] {dag.py:3423} INFO - Setting next_dagrun for example_sla_dag to 2022-12-31T20:20:00+00:00, run_after=2022-12-31T20:22:00+00:00
[2022-12-31T21:22:25.410+0100] {processor.py:175} INFO - Processing /Library/Frameworks/Python.framework/Versions/3.11/lib/python3.11/site-packages/airflow/example_dags/example_sla_dag.py took 0.468 seconds
[2022-12-31T21:24:25.281+0100] {processor.py:153} INFO - Started process (PID=96971) to work on /Library/Frameworks/Python.framework/Versions/3.11/lib/python3.11/site-packages/airflow/example_dags/example_sla_dag.py
[2022-12-31T21:24:25.287+0100] {processor.py:743} INFO - Processing file /Library/Frameworks/Python.framework/Versions/3.11/lib/python3.11/site-packages/airflow/example_dags/example_sla_dag.py for tasks to queue
[2022-12-31T21:24:25.288+0100] {logging_mixin.py:137} INFO - [2022-12-31T21:24:25.288+0100] {dagbag.py:538} INFO - Filling up the DagBag from /Library/Frameworks/Python.framework/Versions/3.11/lib/python3.11/site-packages/airflow/example_dags/example_sla_dag.py
[2022-12-31T21:24:25.308+0100] {processor.py:753} INFO - DAG(s) dict_keys(['example_sla_dag']) retrieved from /Library/Frameworks/Python.framework/Versions/3.11/lib/python3.11/site-packages/airflow/example_dags/example_sla_dag.py
[2022-12-31T21:24:25.738+0100] {logging_mixin.py:137} INFO - [2022-12-31T21:24:25.738+0100] {dag.py:2676} INFO - Sync 1 DAGs
[2022-12-31T21:24:25.745+0100] {logging_mixin.py:137} INFO - [2022-12-31T21:24:25.745+0100] {dag.py:3423} INFO - Setting next_dagrun for example_sla_dag to 2022-12-31T20:22:00+00:00, run_after=2022-12-31T20:24:00+00:00
[2022-12-31T21:24:25.751+0100] {processor.py:175} INFO - Processing /Library/Frameworks/Python.framework/Versions/3.11/lib/python3.11/site-packages/airflow/example_dags/example_sla_dag.py took 0.471 seconds
[2022-12-31T21:26:15.989+0100] {processor.py:153} INFO - Started process (PID=97182) to work on /Library/Frameworks/Python.framework/Versions/3.11/lib/python3.11/site-packages/airflow/example_dags/example_sla_dag.py
[2022-12-31T21:26:15.991+0100] {processor.py:743} INFO - Processing file /Library/Frameworks/Python.framework/Versions/3.11/lib/python3.11/site-packages/airflow/example_dags/example_sla_dag.py for tasks to queue
[2022-12-31T21:26:15.991+0100] {logging_mixin.py:137} INFO - [2022-12-31T21:26:15.991+0100] {dagbag.py:538} INFO - Filling up the DagBag from /Library/Frameworks/Python.framework/Versions/3.11/lib/python3.11/site-packages/airflow/example_dags/example_sla_dag.py
[2022-12-31T21:26:16.012+0100] {processor.py:753} INFO - DAG(s) dict_keys(['example_sla_dag']) retrieved from /Library/Frameworks/Python.framework/Versions/3.11/lib/python3.11/site-packages/airflow/example_dags/example_sla_dag.py
[2022-12-31T21:26:16.446+0100] {logging_mixin.py:137} INFO - [2022-12-31T21:26:16.446+0100] {dag.py:2676} INFO - Sync 1 DAGs
[2022-12-31T21:26:16.454+0100] {logging_mixin.py:137} INFO - [2022-12-31T21:26:16.454+0100] {dag.py:3423} INFO - Setting next_dagrun for example_sla_dag to 2022-12-31T20:24:00+00:00, run_after=2022-12-31T20:26:00+00:00
[2022-12-31T21:26:16.463+0100] {processor.py:175} INFO - Processing /Library/Frameworks/Python.framework/Versions/3.11/lib/python3.11/site-packages/airflow/example_dags/example_sla_dag.py took 0.475 seconds
[2022-12-31T21:28:13.156+0100] {processor.py:153} INFO - Started process (PID=97392) to work on /Library/Frameworks/Python.framework/Versions/3.11/lib/python3.11/site-packages/airflow/example_dags/example_sla_dag.py
[2022-12-31T21:28:13.162+0100] {processor.py:743} INFO - Processing file /Library/Frameworks/Python.framework/Versions/3.11/lib/python3.11/site-packages/airflow/example_dags/example_sla_dag.py for tasks to queue
[2022-12-31T21:28:13.162+0100] {logging_mixin.py:137} INFO - [2022-12-31T21:28:13.162+0100] {dagbag.py:538} INFO - Filling up the DagBag from /Library/Frameworks/Python.framework/Versions/3.11/lib/python3.11/site-packages/airflow/example_dags/example_sla_dag.py
[2022-12-31T21:28:13.182+0100] {processor.py:753} INFO - DAG(s) dict_keys(['example_sla_dag']) retrieved from /Library/Frameworks/Python.framework/Versions/3.11/lib/python3.11/site-packages/airflow/example_dags/example_sla_dag.py
[2022-12-31T21:28:13.613+0100] {logging_mixin.py:137} INFO - [2022-12-31T21:28:13.613+0100] {dag.py:2676} INFO - Sync 1 DAGs
[2022-12-31T21:28:13.619+0100] {logging_mixin.py:137} INFO - [2022-12-31T21:28:13.619+0100] {dag.py:3423} INFO - Setting next_dagrun for example_sla_dag to 2022-12-31T20:26:00+00:00, run_after=2022-12-31T20:28:00+00:00
[2022-12-31T21:28:13.626+0100] {processor.py:175} INFO - Processing /Library/Frameworks/Python.framework/Versions/3.11/lib/python3.11/site-packages/airflow/example_dags/example_sla_dag.py took 0.470 seconds
