[2022-12-31T20:29:24.052+0100] {processor.py:153} INFO - Started process (PID=90175) to work on /Library/Frameworks/Python.framework/Versions/3.11/lib/python3.11/site-packages/airflow/example_dags/example_short_circuit_decorator.py
[2022-12-31T20:29:24.056+0100] {processor.py:743} INFO - Processing file /Library/Frameworks/Python.framework/Versions/3.11/lib/python3.11/site-packages/airflow/example_dags/example_short_circuit_decorator.py for tasks to queue
[2022-12-31T20:29:24.057+0100] {logging_mixin.py:137} INFO - [2022-12-31T20:29:24.056+0100] {dagbag.py:538} INFO - Filling up the DagBag from /Library/Frameworks/Python.framework/Versions/3.11/lib/python3.11/site-packages/airflow/example_dags/example_short_circuit_decorator.py
[2022-12-31T20:29:24.091+0100] {processor.py:753} INFO - DAG(s) dict_keys(['example_short_circuit_decorator']) retrieved from /Library/Frameworks/Python.framework/Versions/3.11/lib/python3.11/site-packages/airflow/example_dags/example_short_circuit_decorator.py
[2022-12-31T20:29:24.523+0100] {logging_mixin.py:137} INFO - [2022-12-31T20:29:24.523+0100] {manager.py:504} INFO - Created Permission View: can edit on DAG:example_short_circuit_decorator
[2022-12-31T20:29:24.525+0100] {logging_mixin.py:137} INFO - [2022-12-31T20:29:24.525+0100] {manager.py:504} INFO - Created Permission View: can delete on DAG:example_short_circuit_decorator
[2022-12-31T20:29:24.527+0100] {logging_mixin.py:137} INFO - [2022-12-31T20:29:24.527+0100] {manager.py:504} INFO - Created Permission View: can read on DAG:example_short_circuit_decorator
[2022-12-31T20:29:24.527+0100] {logging_mixin.py:137} INFO - [2022-12-31T20:29:24.527+0100] {dag.py:2676} INFO - Sync 1 DAGs
[2022-12-31T20:29:24.530+0100] {logging_mixin.py:137} INFO - [2022-12-31T20:29:24.530+0100] {dag.py:2697} INFO - Creating ORM DAG for example_short_circuit_decorator
[2022-12-31T20:29:24.533+0100] {logging_mixin.py:137} INFO - [2022-12-31T20:29:24.533+0100] {dag.py:3423} INFO - Setting next_dagrun for example_short_circuit_decorator to 2022-12-30T19:29:24.533132+00:00, run_after=2022-12-31T19:29:24.533132+00:00
[2022-12-31T20:29:24.538+0100] {processor.py:175} INFO - Processing /Library/Frameworks/Python.framework/Versions/3.11/lib/python3.11/site-packages/airflow/example_dags/example_short_circuit_decorator.py took 0.487 seconds
[2022-12-31T20:31:15.822+0100] {processor.py:153} INFO - Started process (PID=90407) to work on /Library/Frameworks/Python.framework/Versions/3.11/lib/python3.11/site-packages/airflow/example_dags/example_short_circuit_decorator.py
[2022-12-31T20:31:15.827+0100] {processor.py:743} INFO - Processing file /Library/Frameworks/Python.framework/Versions/3.11/lib/python3.11/site-packages/airflow/example_dags/example_short_circuit_decorator.py for tasks to queue
[2022-12-31T20:31:15.827+0100] {logging_mixin.py:137} INFO - [2022-12-31T20:31:15.827+0100] {dagbag.py:538} INFO - Filling up the DagBag from /Library/Frameworks/Python.framework/Versions/3.11/lib/python3.11/site-packages/airflow/example_dags/example_short_circuit_decorator.py
[2022-12-31T20:31:15.850+0100] {processor.py:753} INFO - DAG(s) dict_keys(['example_short_circuit_decorator']) retrieved from /Library/Frameworks/Python.framework/Versions/3.11/lib/python3.11/site-packages/airflow/example_dags/example_short_circuit_decorator.py
[2022-12-31T20:31:16.281+0100] {logging_mixin.py:137} INFO - [2022-12-31T20:31:16.281+0100] {dag.py:2676} INFO - Sync 1 DAGs
[2022-12-31T20:31:16.286+0100] {logging_mixin.py:137} INFO - [2022-12-31T20:31:16.286+0100] {dag.py:3423} INFO - Setting next_dagrun for example_short_circuit_decorator to 2022-12-30T19:31:16.286756+00:00, run_after=2022-12-31T19:31:16.286756+00:00
[2022-12-31T20:31:16.293+0100] {processor.py:175} INFO - Processing /Library/Frameworks/Python.framework/Versions/3.11/lib/python3.11/site-packages/airflow/example_dags/example_short_circuit_decorator.py took 0.472 seconds
[2022-12-31T20:32:37.638+0100] {processor.py:153} INFO - Started process (PID=90528) to work on /Library/Frameworks/Python.framework/Versions/3.11/lib/python3.11/site-packages/airflow/example_dags/example_short_circuit_decorator.py
[2022-12-31T20:32:37.643+0100] {processor.py:743} INFO - Processing file /Library/Frameworks/Python.framework/Versions/3.11/lib/python3.11/site-packages/airflow/example_dags/example_short_circuit_decorator.py for tasks to queue
[2022-12-31T20:32:37.643+0100] {logging_mixin.py:137} INFO - [2022-12-31T20:32:37.643+0100] {dagbag.py:538} INFO - Filling up the DagBag from /Library/Frameworks/Python.framework/Versions/3.11/lib/python3.11/site-packages/airflow/example_dags/example_short_circuit_decorator.py
[2022-12-31T20:32:37.663+0100] {processor.py:753} INFO - DAG(s) dict_keys(['example_short_circuit_decorator']) retrieved from /Library/Frameworks/Python.framework/Versions/3.11/lib/python3.11/site-packages/airflow/example_dags/example_short_circuit_decorator.py
[2022-12-31T20:32:38.083+0100] {logging_mixin.py:137} INFO - [2022-12-31T20:32:38.083+0100] {dag.py:2676} INFO - Sync 1 DAGs
[2022-12-31T20:32:38.088+0100] {logging_mixin.py:137} INFO - [2022-12-31T20:32:38.088+0100] {dag.py:3423} INFO - Setting next_dagrun for example_short_circuit_decorator to 2022-12-30T19:32:38.088445+00:00, run_after=2022-12-31T19:32:38.088445+00:00
[2022-12-31T20:32:38.095+0100] {processor.py:175} INFO - Processing /Library/Frameworks/Python.framework/Versions/3.11/lib/python3.11/site-packages/airflow/example_dags/example_short_circuit_decorator.py took 0.458 seconds
[2022-12-31T20:34:23.670+0100] {processor.py:153} INFO - Started process (PID=90669) to work on /Library/Frameworks/Python.framework/Versions/3.11/lib/python3.11/site-packages/airflow/example_dags/example_short_circuit_decorator.py
[2022-12-31T20:34:23.675+0100] {processor.py:743} INFO - Processing file /Library/Frameworks/Python.framework/Versions/3.11/lib/python3.11/site-packages/airflow/example_dags/example_short_circuit_decorator.py for tasks to queue
[2022-12-31T20:34:23.675+0100] {logging_mixin.py:137} INFO - [2022-12-31T20:34:23.675+0100] {dagbag.py:538} INFO - Filling up the DagBag from /Library/Frameworks/Python.framework/Versions/3.11/lib/python3.11/site-packages/airflow/example_dags/example_short_circuit_decorator.py
[2022-12-31T20:34:23.696+0100] {processor.py:753} INFO - DAG(s) dict_keys(['example_short_circuit_decorator']) retrieved from /Library/Frameworks/Python.framework/Versions/3.11/lib/python3.11/site-packages/airflow/example_dags/example_short_circuit_decorator.py
[2022-12-31T20:34:24.225+0100] {logging_mixin.py:137} INFO - [2022-12-31T20:34:24.225+0100] {dag.py:2676} INFO - Sync 1 DAGs
[2022-12-31T20:34:24.233+0100] {logging_mixin.py:137} INFO - [2022-12-31T20:34:24.233+0100] {dag.py:3423} INFO - Setting next_dagrun for example_short_circuit_decorator to 2022-12-30T19:34:24.233844+00:00, run_after=2022-12-31T19:34:24.233844+00:00
[2022-12-31T20:34:24.241+0100] {processor.py:175} INFO - Processing /Library/Frameworks/Python.framework/Versions/3.11/lib/python3.11/site-packages/airflow/example_dags/example_short_circuit_decorator.py took 0.572 seconds
[2022-12-31T20:35:58.234+0100] {processor.py:153} INFO - Started process (PID=90813) to work on /Library/Frameworks/Python.framework/Versions/3.11/lib/python3.11/site-packages/airflow/example_dags/example_short_circuit_decorator.py
[2022-12-31T20:35:58.238+0100] {processor.py:743} INFO - Processing file /Library/Frameworks/Python.framework/Versions/3.11/lib/python3.11/site-packages/airflow/example_dags/example_short_circuit_decorator.py for tasks to queue
[2022-12-31T20:35:58.238+0100] {logging_mixin.py:137} INFO - [2022-12-31T20:35:58.238+0100] {dagbag.py:538} INFO - Filling up the DagBag from /Library/Frameworks/Python.framework/Versions/3.11/lib/python3.11/site-packages/airflow/example_dags/example_short_circuit_decorator.py
[2022-12-31T20:35:58.258+0100] {processor.py:753} INFO - DAG(s) dict_keys(['example_short_circuit_decorator']) retrieved from /Library/Frameworks/Python.framework/Versions/3.11/lib/python3.11/site-packages/airflow/example_dags/example_short_circuit_decorator.py
[2022-12-31T20:35:58.686+0100] {logging_mixin.py:137} INFO - [2022-12-31T20:35:58.686+0100] {dag.py:2676} INFO - Sync 1 DAGs
[2022-12-31T20:35:58.691+0100] {logging_mixin.py:137} INFO - [2022-12-31T20:35:58.691+0100] {dag.py:3423} INFO - Setting next_dagrun for example_short_circuit_decorator to 2022-12-30T19:35:58.691797+00:00, run_after=2022-12-31T19:35:58.691797+00:00
[2022-12-31T20:35:58.698+0100] {processor.py:175} INFO - Processing /Library/Frameworks/Python.framework/Versions/3.11/lib/python3.11/site-packages/airflow/example_dags/example_short_circuit_decorator.py took 0.465 seconds
[2022-12-31T20:37:20.889+0100] {processor.py:153} INFO - Started process (PID=90938) to work on /Library/Frameworks/Python.framework/Versions/3.11/lib/python3.11/site-packages/airflow/example_dags/example_short_circuit_decorator.py
[2022-12-31T20:37:20.895+0100] {processor.py:743} INFO - Processing file /Library/Frameworks/Python.framework/Versions/3.11/lib/python3.11/site-packages/airflow/example_dags/example_short_circuit_decorator.py for tasks to queue
[2022-12-31T20:37:20.895+0100] {logging_mixin.py:137} INFO - [2022-12-31T20:37:20.895+0100] {dagbag.py:538} INFO - Filling up the DagBag from /Library/Frameworks/Python.framework/Versions/3.11/lib/python3.11/site-packages/airflow/example_dags/example_short_circuit_decorator.py
[2022-12-31T20:37:20.915+0100] {processor.py:753} INFO - DAG(s) dict_keys(['example_short_circuit_decorator']) retrieved from /Library/Frameworks/Python.framework/Versions/3.11/lib/python3.11/site-packages/airflow/example_dags/example_short_circuit_decorator.py
[2022-12-31T20:37:21.319+0100] {logging_mixin.py:137} INFO - [2022-12-31T20:37:21.319+0100] {dag.py:2676} INFO - Sync 1 DAGs
[2022-12-31T20:37:21.324+0100] {logging_mixin.py:137} INFO - [2022-12-31T20:37:21.324+0100] {dag.py:3423} INFO - Setting next_dagrun for example_short_circuit_decorator to 2022-12-30T19:37:21.324669+00:00, run_after=2022-12-31T19:37:21.324669+00:00
[2022-12-31T20:37:21.331+0100] {processor.py:175} INFO - Processing /Library/Frameworks/Python.framework/Versions/3.11/lib/python3.11/site-packages/airflow/example_dags/example_short_circuit_decorator.py took 0.443 seconds
[2022-12-31T20:39:01.207+0100] {processor.py:153} INFO - Started process (PID=91069) to work on /Library/Frameworks/Python.framework/Versions/3.11/lib/python3.11/site-packages/airflow/example_dags/example_short_circuit_decorator.py
[2022-12-31T20:39:01.212+0100] {processor.py:743} INFO - Processing file /Library/Frameworks/Python.framework/Versions/3.11/lib/python3.11/site-packages/airflow/example_dags/example_short_circuit_decorator.py for tasks to queue
[2022-12-31T20:39:01.212+0100] {logging_mixin.py:137} INFO - [2022-12-31T20:39:01.212+0100] {dagbag.py:538} INFO - Filling up the DagBag from /Library/Frameworks/Python.framework/Versions/3.11/lib/python3.11/site-packages/airflow/example_dags/example_short_circuit_decorator.py
[2022-12-31T20:39:01.232+0100] {processor.py:753} INFO - DAG(s) dict_keys(['example_short_circuit_decorator']) retrieved from /Library/Frameworks/Python.framework/Versions/3.11/lib/python3.11/site-packages/airflow/example_dags/example_short_circuit_decorator.py
[2022-12-31T20:39:01.657+0100] {logging_mixin.py:137} INFO - [2022-12-31T20:39:01.657+0100] {dag.py:2676} INFO - Sync 1 DAGs
[2022-12-31T20:39:01.662+0100] {logging_mixin.py:137} INFO - [2022-12-31T20:39:01.662+0100] {dag.py:3423} INFO - Setting next_dagrun for example_short_circuit_decorator to 2022-12-30T19:39:01.662834+00:00, run_after=2022-12-31T19:39:01.662834+00:00
[2022-12-31T20:39:01.669+0100] {processor.py:175} INFO - Processing /Library/Frameworks/Python.framework/Versions/3.11/lib/python3.11/site-packages/airflow/example_dags/example_short_circuit_decorator.py took 0.463 seconds
[2022-12-31T20:40:47.248+0100] {processor.py:153} INFO - Started process (PID=91273) to work on /Library/Frameworks/Python.framework/Versions/3.11/lib/python3.11/site-packages/airflow/example_dags/example_short_circuit_decorator.py
[2022-12-31T20:40:47.251+0100] {processor.py:743} INFO - Processing file /Library/Frameworks/Python.framework/Versions/3.11/lib/python3.11/site-packages/airflow/example_dags/example_short_circuit_decorator.py for tasks to queue
[2022-12-31T20:40:47.251+0100] {logging_mixin.py:137} INFO - [2022-12-31T20:40:47.251+0100] {dagbag.py:538} INFO - Filling up the DagBag from /Library/Frameworks/Python.framework/Versions/3.11/lib/python3.11/site-packages/airflow/example_dags/example_short_circuit_decorator.py
[2022-12-31T20:40:47.276+0100] {processor.py:753} INFO - DAG(s) dict_keys(['example_short_circuit_decorator']) retrieved from /Library/Frameworks/Python.framework/Versions/3.11/lib/python3.11/site-packages/airflow/example_dags/example_short_circuit_decorator.py
[2022-12-31T20:40:47.698+0100] {logging_mixin.py:137} INFO - [2022-12-31T20:40:47.698+0100] {dag.py:2676} INFO - Sync 1 DAGs
[2022-12-31T20:40:47.705+0100] {logging_mixin.py:137} INFO - [2022-12-31T20:40:47.705+0100] {dag.py:3423} INFO - Setting next_dagrun for example_short_circuit_decorator to 2022-12-30T19:40:47.705023+00:00, run_after=2022-12-31T19:40:47.705023+00:00
[2022-12-31T20:40:47.712+0100] {processor.py:175} INFO - Processing /Library/Frameworks/Python.framework/Versions/3.11/lib/python3.11/site-packages/airflow/example_dags/example_short_circuit_decorator.py took 0.464 seconds
[2022-12-31T20:42:35.382+0100] {processor.py:153} INFO - Started process (PID=91459) to work on /Library/Frameworks/Python.framework/Versions/3.11/lib/python3.11/site-packages/airflow/example_dags/example_short_circuit_decorator.py
[2022-12-31T20:42:35.391+0100] {processor.py:743} INFO - Processing file /Library/Frameworks/Python.framework/Versions/3.11/lib/python3.11/site-packages/airflow/example_dags/example_short_circuit_decorator.py for tasks to queue
[2022-12-31T20:42:35.396+0100] {logging_mixin.py:137} INFO - [2022-12-31T20:42:35.396+0100] {dagbag.py:538} INFO - Filling up the DagBag from /Library/Frameworks/Python.framework/Versions/3.11/lib/python3.11/site-packages/airflow/example_dags/example_short_circuit_decorator.py
[2022-12-31T20:42:35.448+0100] {processor.py:753} INFO - DAG(s) dict_keys(['example_short_circuit_decorator']) retrieved from /Library/Frameworks/Python.framework/Versions/3.11/lib/python3.11/site-packages/airflow/example_dags/example_short_circuit_decorator.py
[2022-12-31T20:42:35.855+0100] {logging_mixin.py:137} INFO - [2022-12-31T20:42:35.855+0100] {dag.py:2676} INFO - Sync 1 DAGs
[2022-12-31T20:42:35.861+0100] {logging_mixin.py:137} INFO - [2022-12-31T20:42:35.861+0100] {dag.py:3423} INFO - Setting next_dagrun for example_short_circuit_decorator to 2022-12-30T19:42:35.861092+00:00, run_after=2022-12-31T19:42:35.861092+00:00
[2022-12-31T20:42:35.867+0100] {processor.py:175} INFO - Processing /Library/Frameworks/Python.framework/Versions/3.11/lib/python3.11/site-packages/airflow/example_dags/example_short_circuit_decorator.py took 0.485 seconds
[2022-12-31T20:45:19.035+0100] {processor.py:153} INFO - Started process (PID=91776) to work on /Library/Frameworks/Python.framework/Versions/3.11/lib/python3.11/site-packages/airflow/example_dags/example_short_circuit_decorator.py
[2022-12-31T20:45:19.040+0100] {processor.py:743} INFO - Processing file /Library/Frameworks/Python.framework/Versions/3.11/lib/python3.11/site-packages/airflow/example_dags/example_short_circuit_decorator.py for tasks to queue
[2022-12-31T20:45:19.040+0100] {logging_mixin.py:137} INFO - [2022-12-31T20:45:19.040+0100] {dagbag.py:538} INFO - Filling up the DagBag from /Library/Frameworks/Python.framework/Versions/3.11/lib/python3.11/site-packages/airflow/example_dags/example_short_circuit_decorator.py
[2022-12-31T20:45:19.060+0100] {processor.py:753} INFO - DAG(s) dict_keys(['example_short_circuit_decorator']) retrieved from /Library/Frameworks/Python.framework/Versions/3.11/lib/python3.11/site-packages/airflow/example_dags/example_short_circuit_decorator.py
[2022-12-31T20:45:19.470+0100] {logging_mixin.py:137} INFO - [2022-12-31T20:45:19.470+0100] {dag.py:2676} INFO - Sync 1 DAGs
[2022-12-31T20:45:19.475+0100] {logging_mixin.py:137} INFO - [2022-12-31T20:45:19.475+0100] {dag.py:3423} INFO - Setting next_dagrun for example_short_circuit_decorator to 2022-12-30T19:45:19.475738+00:00, run_after=2022-12-31T19:45:19.475738+00:00
[2022-12-31T20:45:19.481+0100] {processor.py:175} INFO - Processing /Library/Frameworks/Python.framework/Versions/3.11/lib/python3.11/site-packages/airflow/example_dags/example_short_circuit_decorator.py took 0.448 seconds
[2022-12-31T20:47:10.286+0100] {processor.py:153} INFO - Started process (PID=91985) to work on /Library/Frameworks/Python.framework/Versions/3.11/lib/python3.11/site-packages/airflow/example_dags/example_short_circuit_decorator.py
[2022-12-31T20:47:10.291+0100] {processor.py:743} INFO - Processing file /Library/Frameworks/Python.framework/Versions/3.11/lib/python3.11/site-packages/airflow/example_dags/example_short_circuit_decorator.py for tasks to queue
[2022-12-31T20:47:10.291+0100] {logging_mixin.py:137} INFO - [2022-12-31T20:47:10.291+0100] {dagbag.py:538} INFO - Filling up the DagBag from /Library/Frameworks/Python.framework/Versions/3.11/lib/python3.11/site-packages/airflow/example_dags/example_short_circuit_decorator.py
[2022-12-31T20:47:10.327+0100] {processor.py:753} INFO - DAG(s) dict_keys(['example_short_circuit_decorator']) retrieved from /Library/Frameworks/Python.framework/Versions/3.11/lib/python3.11/site-packages/airflow/example_dags/example_short_circuit_decorator.py
[2022-12-31T20:47:10.726+0100] {logging_mixin.py:137} INFO - [2022-12-31T20:47:10.726+0100] {dag.py:2676} INFO - Sync 1 DAGs
[2022-12-31T20:47:10.731+0100] {logging_mixin.py:137} INFO - [2022-12-31T20:47:10.731+0100] {dag.py:3423} INFO - Setting next_dagrun for example_short_circuit_decorator to 2022-12-30T19:47:10.731787+00:00, run_after=2022-12-31T19:47:10.731787+00:00
[2022-12-31T20:47:10.737+0100] {processor.py:175} INFO - Processing /Library/Frameworks/Python.framework/Versions/3.11/lib/python3.11/site-packages/airflow/example_dags/example_short_circuit_decorator.py took 0.451 seconds
[2022-12-31T20:49:15.058+0100] {processor.py:153} INFO - Started process (PID=92222) to work on /Library/Frameworks/Python.framework/Versions/3.11/lib/python3.11/site-packages/airflow/example_dags/example_short_circuit_decorator.py
[2022-12-31T20:49:15.063+0100] {processor.py:743} INFO - Processing file /Library/Frameworks/Python.framework/Versions/3.11/lib/python3.11/site-packages/airflow/example_dags/example_short_circuit_decorator.py for tasks to queue
[2022-12-31T20:49:15.063+0100] {logging_mixin.py:137} INFO - [2022-12-31T20:49:15.063+0100] {dagbag.py:538} INFO - Filling up the DagBag from /Library/Frameworks/Python.framework/Versions/3.11/lib/python3.11/site-packages/airflow/example_dags/example_short_circuit_decorator.py
[2022-12-31T20:49:15.088+0100] {processor.py:753} INFO - DAG(s) dict_keys(['example_short_circuit_decorator']) retrieved from /Library/Frameworks/Python.framework/Versions/3.11/lib/python3.11/site-packages/airflow/example_dags/example_short_circuit_decorator.py
[2022-12-31T20:49:15.496+0100] {logging_mixin.py:137} INFO - [2022-12-31T20:49:15.495+0100] {dag.py:2676} INFO - Sync 1 DAGs
[2022-12-31T20:49:15.501+0100] {logging_mixin.py:137} INFO - [2022-12-31T20:49:15.501+0100] {dag.py:3423} INFO - Setting next_dagrun for example_short_circuit_decorator to 2022-12-30T19:49:15.501444+00:00, run_after=2022-12-31T19:49:15.501444+00:00
[2022-12-31T20:49:15.508+0100] {processor.py:175} INFO - Processing /Library/Frameworks/Python.framework/Versions/3.11/lib/python3.11/site-packages/airflow/example_dags/example_short_circuit_decorator.py took 0.450 seconds
[2022-12-31T20:51:35.432+0100] {processor.py:153} INFO - Started process (PID=92513) to work on /Library/Frameworks/Python.framework/Versions/3.11/lib/python3.11/site-packages/airflow/example_dags/example_short_circuit_decorator.py
[2022-12-31T20:51:35.445+0100] {processor.py:743} INFO - Processing file /Library/Frameworks/Python.framework/Versions/3.11/lib/python3.11/site-packages/airflow/example_dags/example_short_circuit_decorator.py for tasks to queue
[2022-12-31T20:51:35.446+0100] {logging_mixin.py:137} INFO - [2022-12-31T20:51:35.446+0100] {dagbag.py:538} INFO - Filling up the DagBag from /Library/Frameworks/Python.framework/Versions/3.11/lib/python3.11/site-packages/airflow/example_dags/example_short_circuit_decorator.py
[2022-12-31T20:51:35.467+0100] {processor.py:753} INFO - DAG(s) dict_keys(['example_short_circuit_decorator']) retrieved from /Library/Frameworks/Python.framework/Versions/3.11/lib/python3.11/site-packages/airflow/example_dags/example_short_circuit_decorator.py
[2022-12-31T20:51:35.979+0100] {logging_mixin.py:137} INFO - [2022-12-31T20:51:35.979+0100] {dag.py:2676} INFO - Sync 1 DAGs
[2022-12-31T20:51:35.985+0100] {logging_mixin.py:137} INFO - [2022-12-31T20:51:35.985+0100] {dag.py:3423} INFO - Setting next_dagrun for example_short_circuit_decorator to 2022-12-30T19:51:35.985749+00:00, run_after=2022-12-31T19:51:35.985749+00:00
[2022-12-31T20:51:35.992+0100] {processor.py:175} INFO - Processing /Library/Frameworks/Python.framework/Versions/3.11/lib/python3.11/site-packages/airflow/example_dags/example_short_circuit_decorator.py took 0.561 seconds
[2022-12-31T20:53:49.741+0100] {processor.py:153} INFO - Started process (PID=92880) to work on /Library/Frameworks/Python.framework/Versions/3.11/lib/python3.11/site-packages/airflow/example_dags/example_short_circuit_decorator.py
[2022-12-31T20:53:49.755+0100] {processor.py:743} INFO - Processing file /Library/Frameworks/Python.framework/Versions/3.11/lib/python3.11/site-packages/airflow/example_dags/example_short_circuit_decorator.py for tasks to queue
[2022-12-31T20:53:49.756+0100] {logging_mixin.py:137} INFO - [2022-12-31T20:53:49.756+0100] {dagbag.py:538} INFO - Filling up the DagBag from /Library/Frameworks/Python.framework/Versions/3.11/lib/python3.11/site-packages/airflow/example_dags/example_short_circuit_decorator.py
[2022-12-31T20:53:49.809+0100] {processor.py:753} INFO - DAG(s) dict_keys(['example_short_circuit_decorator']) retrieved from /Library/Frameworks/Python.framework/Versions/3.11/lib/python3.11/site-packages/airflow/example_dags/example_short_circuit_decorator.py
[2022-12-31T20:53:50.322+0100] {logging_mixin.py:137} INFO - [2022-12-31T20:53:50.322+0100] {dag.py:2676} INFO - Sync 1 DAGs
[2022-12-31T20:53:50.328+0100] {logging_mixin.py:137} INFO - [2022-12-31T20:53:50.328+0100] {dag.py:3423} INFO - Setting next_dagrun for example_short_circuit_decorator to 2022-12-30T19:53:50.328750+00:00, run_after=2022-12-31T19:53:50.328750+00:00
[2022-12-31T20:53:50.336+0100] {processor.py:175} INFO - Processing /Library/Frameworks/Python.framework/Versions/3.11/lib/python3.11/site-packages/airflow/example_dags/example_short_circuit_decorator.py took 0.596 seconds
[2022-12-31T20:55:30.250+0100] {processor.py:153} INFO - Started process (PID=93174) to work on /Library/Frameworks/Python.framework/Versions/3.11/lib/python3.11/site-packages/airflow/example_dags/example_short_circuit_decorator.py
[2022-12-31T20:55:30.251+0100] {processor.py:743} INFO - Processing file /Library/Frameworks/Python.framework/Versions/3.11/lib/python3.11/site-packages/airflow/example_dags/example_short_circuit_decorator.py for tasks to queue
[2022-12-31T20:55:30.252+0100] {logging_mixin.py:137} INFO - [2022-12-31T20:55:30.251+0100] {dagbag.py:538} INFO - Filling up the DagBag from /Library/Frameworks/Python.framework/Versions/3.11/lib/python3.11/site-packages/airflow/example_dags/example_short_circuit_decorator.py
[2022-12-31T20:55:30.293+0100] {processor.py:753} INFO - DAG(s) dict_keys(['example_short_circuit_decorator']) retrieved from /Library/Frameworks/Python.framework/Versions/3.11/lib/python3.11/site-packages/airflow/example_dags/example_short_circuit_decorator.py
[2022-12-31T20:55:30.796+0100] {logging_mixin.py:137} INFO - [2022-12-31T20:55:30.796+0100] {dag.py:2676} INFO - Sync 1 DAGs
[2022-12-31T20:55:30.805+0100] {logging_mixin.py:137} INFO - [2022-12-31T20:55:30.805+0100] {dag.py:3423} INFO - Setting next_dagrun for example_short_circuit_decorator to 2022-12-30T19:55:30.805030+00:00, run_after=2022-12-31T19:55:30.805030+00:00
[2022-12-31T20:55:30.816+0100] {processor.py:175} INFO - Processing /Library/Frameworks/Python.framework/Versions/3.11/lib/python3.11/site-packages/airflow/example_dags/example_short_circuit_decorator.py took 0.567 seconds
[2022-12-31T20:56:43.858+0100] {processor.py:153} INFO - Started process (PID=93317) to work on /Library/Frameworks/Python.framework/Versions/3.11/lib/python3.11/site-packages/airflow/example_dags/example_short_circuit_decorator.py
[2022-12-31T20:56:43.862+0100] {processor.py:743} INFO - Processing file /Library/Frameworks/Python.framework/Versions/3.11/lib/python3.11/site-packages/airflow/example_dags/example_short_circuit_decorator.py for tasks to queue
[2022-12-31T20:56:43.862+0100] {logging_mixin.py:137} INFO - [2022-12-31T20:56:43.862+0100] {dagbag.py:538} INFO - Filling up the DagBag from /Library/Frameworks/Python.framework/Versions/3.11/lib/python3.11/site-packages/airflow/example_dags/example_short_circuit_decorator.py
[2022-12-31T20:56:43.882+0100] {processor.py:753} INFO - DAG(s) dict_keys(['example_short_circuit_decorator']) retrieved from /Library/Frameworks/Python.framework/Versions/3.11/lib/python3.11/site-packages/airflow/example_dags/example_short_circuit_decorator.py
[2022-12-31T20:56:44.689+0100] {logging_mixin.py:137} INFO - [2022-12-31T20:56:44.689+0100] {dag.py:2676} INFO - Sync 1 DAGs
[2022-12-31T20:56:44.702+0100] {logging_mixin.py:137} INFO - [2022-12-31T20:56:44.701+0100] {dag.py:3423} INFO - Setting next_dagrun for example_short_circuit_decorator to 2022-12-30T19:56:44.701638+00:00, run_after=2022-12-31T19:56:44.701638+00:00
[2022-12-31T20:56:44.714+0100] {processor.py:175} INFO - Processing /Library/Frameworks/Python.framework/Versions/3.11/lib/python3.11/site-packages/airflow/example_dags/example_short_circuit_decorator.py took 0.857 seconds
[2022-12-31T20:58:46.207+0100] {processor.py:153} INFO - Started process (PID=93605) to work on /Library/Frameworks/Python.framework/Versions/3.11/lib/python3.11/site-packages/airflow/example_dags/example_short_circuit_decorator.py
[2022-12-31T20:58:46.211+0100] {processor.py:743} INFO - Processing file /Library/Frameworks/Python.framework/Versions/3.11/lib/python3.11/site-packages/airflow/example_dags/example_short_circuit_decorator.py for tasks to queue
[2022-12-31T20:58:46.212+0100] {logging_mixin.py:137} INFO - [2022-12-31T20:58:46.212+0100] {dagbag.py:538} INFO - Filling up the DagBag from /Library/Frameworks/Python.framework/Versions/3.11/lib/python3.11/site-packages/airflow/example_dags/example_short_circuit_decorator.py
[2022-12-31T20:58:46.233+0100] {processor.py:753} INFO - DAG(s) dict_keys(['example_short_circuit_decorator']) retrieved from /Library/Frameworks/Python.framework/Versions/3.11/lib/python3.11/site-packages/airflow/example_dags/example_short_circuit_decorator.py
[2022-12-31T20:58:46.642+0100] {logging_mixin.py:137} INFO - [2022-12-31T20:58:46.642+0100] {dag.py:2676} INFO - Sync 1 DAGs
[2022-12-31T20:58:46.648+0100] {logging_mixin.py:137} INFO - [2022-12-31T20:58:46.648+0100] {dag.py:3423} INFO - Setting next_dagrun for example_short_circuit_decorator to 2022-12-30T19:58:46.648251+00:00, run_after=2022-12-31T19:58:46.648251+00:00
[2022-12-31T20:58:46.655+0100] {processor.py:175} INFO - Processing /Library/Frameworks/Python.framework/Versions/3.11/lib/python3.11/site-packages/airflow/example_dags/example_short_circuit_decorator.py took 0.449 seconds
[2022-12-31T21:00:50.997+0100] {processor.py:153} INFO - Started process (PID=93817) to work on /Library/Frameworks/Python.framework/Versions/3.11/lib/python3.11/site-packages/airflow/example_dags/example_short_circuit_decorator.py
[2022-12-31T21:00:51.002+0100] {processor.py:743} INFO - Processing file /Library/Frameworks/Python.framework/Versions/3.11/lib/python3.11/site-packages/airflow/example_dags/example_short_circuit_decorator.py for tasks to queue
[2022-12-31T21:00:51.002+0100] {logging_mixin.py:137} INFO - [2022-12-31T21:00:51.002+0100] {dagbag.py:538} INFO - Filling up the DagBag from /Library/Frameworks/Python.framework/Versions/3.11/lib/python3.11/site-packages/airflow/example_dags/example_short_circuit_decorator.py
[2022-12-31T21:00:51.040+0100] {processor.py:753} INFO - DAG(s) dict_keys(['example_short_circuit_decorator']) retrieved from /Library/Frameworks/Python.framework/Versions/3.11/lib/python3.11/site-packages/airflow/example_dags/example_short_circuit_decorator.py
[2022-12-31T21:00:51.501+0100] {logging_mixin.py:137} INFO - [2022-12-31T21:00:51.501+0100] {dag.py:2676} INFO - Sync 1 DAGs
[2022-12-31T21:00:51.508+0100] {logging_mixin.py:137} INFO - [2022-12-31T21:00:51.508+0100] {dag.py:3423} INFO - Setting next_dagrun for example_short_circuit_decorator to 2022-12-30T20:00:51.508291+00:00, run_after=2022-12-31T20:00:51.508291+00:00
[2022-12-31T21:00:51.515+0100] {processor.py:175} INFO - Processing /Library/Frameworks/Python.framework/Versions/3.11/lib/python3.11/site-packages/airflow/example_dags/example_short_circuit_decorator.py took 0.518 seconds
[2022-12-31T21:02:49.964+0100] {processor.py:153} INFO - Started process (PID=94208) to work on /Library/Frameworks/Python.framework/Versions/3.11/lib/python3.11/site-packages/airflow/example_dags/example_short_circuit_decorator.py
[2022-12-31T21:02:49.969+0100] {processor.py:743} INFO - Processing file /Library/Frameworks/Python.framework/Versions/3.11/lib/python3.11/site-packages/airflow/example_dags/example_short_circuit_decorator.py for tasks to queue
[2022-12-31T21:02:49.969+0100] {logging_mixin.py:137} INFO - [2022-12-31T21:02:49.969+0100] {dagbag.py:538} INFO - Filling up the DagBag from /Library/Frameworks/Python.framework/Versions/3.11/lib/python3.11/site-packages/airflow/example_dags/example_short_circuit_decorator.py
[2022-12-31T21:02:49.990+0100] {processor.py:753} INFO - DAG(s) dict_keys(['example_short_circuit_decorator']) retrieved from /Library/Frameworks/Python.framework/Versions/3.11/lib/python3.11/site-packages/airflow/example_dags/example_short_circuit_decorator.py
[2022-12-31T21:02:50.475+0100] {logging_mixin.py:137} INFO - [2022-12-31T21:02:50.474+0100] {dag.py:2676} INFO - Sync 1 DAGs
[2022-12-31T21:02:50.482+0100] {logging_mixin.py:137} INFO - [2022-12-31T21:02:50.481+0100] {dag.py:3423} INFO - Setting next_dagrun for example_short_circuit_decorator to 2022-12-30T20:02:50.481915+00:00, run_after=2022-12-31T20:02:50.481915+00:00
[2022-12-31T21:02:50.489+0100] {processor.py:175} INFO - Processing /Library/Frameworks/Python.framework/Versions/3.11/lib/python3.11/site-packages/airflow/example_dags/example_short_circuit_decorator.py took 0.525 seconds
[2022-12-31T21:04:58.828+0100] {processor.py:153} INFO - Started process (PID=94468) to work on /Library/Frameworks/Python.framework/Versions/3.11/lib/python3.11/site-packages/airflow/example_dags/example_short_circuit_decorator.py
[2022-12-31T21:04:58.832+0100] {processor.py:743} INFO - Processing file /Library/Frameworks/Python.framework/Versions/3.11/lib/python3.11/site-packages/airflow/example_dags/example_short_circuit_decorator.py for tasks to queue
[2022-12-31T21:04:58.832+0100] {logging_mixin.py:137} INFO - [2022-12-31T21:04:58.832+0100] {dagbag.py:538} INFO - Filling up the DagBag from /Library/Frameworks/Python.framework/Versions/3.11/lib/python3.11/site-packages/airflow/example_dags/example_short_circuit_decorator.py
[2022-12-31T21:04:58.854+0100] {processor.py:753} INFO - DAG(s) dict_keys(['example_short_circuit_decorator']) retrieved from /Library/Frameworks/Python.framework/Versions/3.11/lib/python3.11/site-packages/airflow/example_dags/example_short_circuit_decorator.py
[2022-12-31T21:04:59.287+0100] {logging_mixin.py:137} INFO - [2022-12-31T21:04:59.287+0100] {dag.py:2676} INFO - Sync 1 DAGs
[2022-12-31T21:04:59.292+0100] {logging_mixin.py:137} INFO - [2022-12-31T21:04:59.292+0100] {dag.py:3423} INFO - Setting next_dagrun for example_short_circuit_decorator to 2022-12-30T20:04:59.292435+00:00, run_after=2022-12-31T20:04:59.292435+00:00
[2022-12-31T21:04:59.298+0100] {processor.py:175} INFO - Processing /Library/Frameworks/Python.framework/Versions/3.11/lib/python3.11/site-packages/airflow/example_dags/example_short_circuit_decorator.py took 0.471 seconds
[2022-12-31T21:06:47.208+0100] {processor.py:153} INFO - Started process (PID=94710) to work on /Library/Frameworks/Python.framework/Versions/3.11/lib/python3.11/site-packages/airflow/example_dags/example_short_circuit_decorator.py
[2022-12-31T21:06:47.211+0100] {processor.py:743} INFO - Processing file /Library/Frameworks/Python.framework/Versions/3.11/lib/python3.11/site-packages/airflow/example_dags/example_short_circuit_decorator.py for tasks to queue
[2022-12-31T21:06:47.211+0100] {logging_mixin.py:137} INFO - [2022-12-31T21:06:47.211+0100] {dagbag.py:538} INFO - Filling up the DagBag from /Library/Frameworks/Python.framework/Versions/3.11/lib/python3.11/site-packages/airflow/example_dags/example_short_circuit_decorator.py
[2022-12-31T21:06:47.234+0100] {processor.py:753} INFO - DAG(s) dict_keys(['example_short_circuit_decorator']) retrieved from /Library/Frameworks/Python.framework/Versions/3.11/lib/python3.11/site-packages/airflow/example_dags/example_short_circuit_decorator.py
[2022-12-31T21:06:47.652+0100] {logging_mixin.py:137} INFO - [2022-12-31T21:06:47.652+0100] {dag.py:2676} INFO - Sync 1 DAGs
[2022-12-31T21:06:47.658+0100] {logging_mixin.py:137} INFO - [2022-12-31T21:06:47.658+0100] {dag.py:3423} INFO - Setting next_dagrun for example_short_circuit_decorator to 2022-12-30T20:06:47.658841+00:00, run_after=2022-12-31T20:06:47.658841+00:00
[2022-12-31T21:06:47.665+0100] {processor.py:175} INFO - Processing /Library/Frameworks/Python.framework/Versions/3.11/lib/python3.11/site-packages/airflow/example_dags/example_short_circuit_decorator.py took 0.458 seconds
[2022-12-31T21:08:43.275+0100] {processor.py:153} INFO - Started process (PID=94966) to work on /Library/Frameworks/Python.framework/Versions/3.11/lib/python3.11/site-packages/airflow/example_dags/example_short_circuit_decorator.py
[2022-12-31T21:08:43.279+0100] {processor.py:743} INFO - Processing file /Library/Frameworks/Python.framework/Versions/3.11/lib/python3.11/site-packages/airflow/example_dags/example_short_circuit_decorator.py for tasks to queue
[2022-12-31T21:08:43.279+0100] {logging_mixin.py:137} INFO - [2022-12-31T21:08:43.279+0100] {dagbag.py:538} INFO - Filling up the DagBag from /Library/Frameworks/Python.framework/Versions/3.11/lib/python3.11/site-packages/airflow/example_dags/example_short_circuit_decorator.py
[2022-12-31T21:08:43.323+0100] {processor.py:753} INFO - DAG(s) dict_keys(['example_short_circuit_decorator']) retrieved from /Library/Frameworks/Python.framework/Versions/3.11/lib/python3.11/site-packages/airflow/example_dags/example_short_circuit_decorator.py
[2022-12-31T21:08:43.879+0100] {logging_mixin.py:137} INFO - [2022-12-31T21:08:43.879+0100] {dag.py:2676} INFO - Sync 1 DAGs
[2022-12-31T21:08:43.886+0100] {logging_mixin.py:137} INFO - [2022-12-31T21:08:43.886+0100] {dag.py:3423} INFO - Setting next_dagrun for example_short_circuit_decorator to 2022-12-30T20:08:43.886425+00:00, run_after=2022-12-31T20:08:43.886425+00:00
[2022-12-31T21:08:43.895+0100] {processor.py:175} INFO - Processing /Library/Frameworks/Python.framework/Versions/3.11/lib/python3.11/site-packages/airflow/example_dags/example_short_circuit_decorator.py took 0.623 seconds
[2022-12-31T21:10:45.366+0100] {processor.py:153} INFO - Started process (PID=95278) to work on /Library/Frameworks/Python.framework/Versions/3.11/lib/python3.11/site-packages/airflow/example_dags/example_short_circuit_decorator.py
[2022-12-31T21:10:45.370+0100] {processor.py:743} INFO - Processing file /Library/Frameworks/Python.framework/Versions/3.11/lib/python3.11/site-packages/airflow/example_dags/example_short_circuit_decorator.py for tasks to queue
[2022-12-31T21:10:45.371+0100] {logging_mixin.py:137} INFO - [2022-12-31T21:10:45.371+0100] {dagbag.py:538} INFO - Filling up the DagBag from /Library/Frameworks/Python.framework/Versions/3.11/lib/python3.11/site-packages/airflow/example_dags/example_short_circuit_decorator.py
[2022-12-31T21:10:45.394+0100] {processor.py:753} INFO - DAG(s) dict_keys(['example_short_circuit_decorator']) retrieved from /Library/Frameworks/Python.framework/Versions/3.11/lib/python3.11/site-packages/airflow/example_dags/example_short_circuit_decorator.py
[2022-12-31T21:10:45.802+0100] {logging_mixin.py:137} INFO - [2022-12-31T21:10:45.802+0100] {dag.py:2676} INFO - Sync 1 DAGs
[2022-12-31T21:10:45.807+0100] {logging_mixin.py:137} INFO - [2022-12-31T21:10:45.807+0100] {dag.py:3423} INFO - Setting next_dagrun for example_short_circuit_decorator to 2022-12-30T20:10:45.807837+00:00, run_after=2022-12-31T20:10:45.807837+00:00
[2022-12-31T21:10:45.814+0100] {processor.py:175} INFO - Processing /Library/Frameworks/Python.framework/Versions/3.11/lib/python3.11/site-packages/airflow/example_dags/example_short_circuit_decorator.py took 0.449 seconds
[2022-12-31T21:12:52.574+0100] {processor.py:153} INFO - Started process (PID=95593) to work on /Library/Frameworks/Python.framework/Versions/3.11/lib/python3.11/site-packages/airflow/example_dags/example_short_circuit_decorator.py
[2022-12-31T21:12:52.576+0100] {processor.py:743} INFO - Processing file /Library/Frameworks/Python.framework/Versions/3.11/lib/python3.11/site-packages/airflow/example_dags/example_short_circuit_decorator.py for tasks to queue
[2022-12-31T21:12:52.579+0100] {logging_mixin.py:137} INFO - [2022-12-31T21:12:52.579+0100] {dagbag.py:538} INFO - Filling up the DagBag from /Library/Frameworks/Python.framework/Versions/3.11/lib/python3.11/site-packages/airflow/example_dags/example_short_circuit_decorator.py
[2022-12-31T21:12:52.601+0100] {processor.py:753} INFO - DAG(s) dict_keys(['example_short_circuit_decorator']) retrieved from /Library/Frameworks/Python.framework/Versions/3.11/lib/python3.11/site-packages/airflow/example_dags/example_short_circuit_decorator.py
[2022-12-31T21:12:53.235+0100] {logging_mixin.py:137} INFO - [2022-12-31T21:12:53.234+0100] {dag.py:2676} INFO - Sync 1 DAGs
[2022-12-31T21:12:53.241+0100] {logging_mixin.py:137} INFO - [2022-12-31T21:12:53.241+0100] {dag.py:3423} INFO - Setting next_dagrun for example_short_circuit_decorator to 2022-12-30T20:12:53.241526+00:00, run_after=2022-12-31T20:12:53.241526+00:00
[2022-12-31T21:12:53.250+0100] {processor.py:175} INFO - Processing /Library/Frameworks/Python.framework/Versions/3.11/lib/python3.11/site-packages/airflow/example_dags/example_short_circuit_decorator.py took 0.676 seconds
[2022-12-31T21:14:55.693+0100] {processor.py:153} INFO - Started process (PID=95880) to work on /Library/Frameworks/Python.framework/Versions/3.11/lib/python3.11/site-packages/airflow/example_dags/example_short_circuit_decorator.py
[2022-12-31T21:14:55.697+0100] {processor.py:743} INFO - Processing file /Library/Frameworks/Python.framework/Versions/3.11/lib/python3.11/site-packages/airflow/example_dags/example_short_circuit_decorator.py for tasks to queue
[2022-12-31T21:14:55.697+0100] {logging_mixin.py:137} INFO - [2022-12-31T21:14:55.697+0100] {dagbag.py:538} INFO - Filling up the DagBag from /Library/Frameworks/Python.framework/Versions/3.11/lib/python3.11/site-packages/airflow/example_dags/example_short_circuit_decorator.py
[2022-12-31T21:14:55.794+0100] {processor.py:753} INFO - DAG(s) dict_keys(['example_short_circuit_decorator']) retrieved from /Library/Frameworks/Python.framework/Versions/3.11/lib/python3.11/site-packages/airflow/example_dags/example_short_circuit_decorator.py
[2022-12-31T21:14:56.225+0100] {logging_mixin.py:137} INFO - [2022-12-31T21:14:56.225+0100] {dag.py:2676} INFO - Sync 1 DAGs
[2022-12-31T21:14:56.230+0100] {logging_mixin.py:137} INFO - [2022-12-31T21:14:56.230+0100] {dag.py:3423} INFO - Setting next_dagrun for example_short_circuit_decorator to 2022-12-30T20:14:56.230807+00:00, run_after=2022-12-31T20:14:56.230807+00:00
[2022-12-31T21:14:56.237+0100] {processor.py:175} INFO - Processing /Library/Frameworks/Python.framework/Versions/3.11/lib/python3.11/site-packages/airflow/example_dags/example_short_circuit_decorator.py took 0.545 seconds
[2022-12-31T21:16:48.997+0100] {processor.py:153} INFO - Started process (PID=96114) to work on /Library/Frameworks/Python.framework/Versions/3.11/lib/python3.11/site-packages/airflow/example_dags/example_short_circuit_decorator.py
[2022-12-31T21:16:49.001+0100] {processor.py:743} INFO - Processing file /Library/Frameworks/Python.framework/Versions/3.11/lib/python3.11/site-packages/airflow/example_dags/example_short_circuit_decorator.py for tasks to queue
[2022-12-31T21:16:49.001+0100] {logging_mixin.py:137} INFO - [2022-12-31T21:16:49.001+0100] {dagbag.py:538} INFO - Filling up the DagBag from /Library/Frameworks/Python.framework/Versions/3.11/lib/python3.11/site-packages/airflow/example_dags/example_short_circuit_decorator.py
[2022-12-31T21:16:49.022+0100] {processor.py:753} INFO - DAG(s) dict_keys(['example_short_circuit_decorator']) retrieved from /Library/Frameworks/Python.framework/Versions/3.11/lib/python3.11/site-packages/airflow/example_dags/example_short_circuit_decorator.py
[2022-12-31T21:16:49.448+0100] {logging_mixin.py:137} INFO - [2022-12-31T21:16:49.448+0100] {dag.py:2676} INFO - Sync 1 DAGs
[2022-12-31T21:16:49.454+0100] {logging_mixin.py:137} INFO - [2022-12-31T21:16:49.454+0100] {dag.py:3423} INFO - Setting next_dagrun for example_short_circuit_decorator to 2022-12-30T20:16:49.454167+00:00, run_after=2022-12-31T20:16:49.454167+00:00
[2022-12-31T21:16:49.461+0100] {processor.py:175} INFO - Processing /Library/Frameworks/Python.framework/Versions/3.11/lib/python3.11/site-packages/airflow/example_dags/example_short_circuit_decorator.py took 0.466 seconds
[2022-12-31T21:18:34.809+0100] {processor.py:153} INFO - Started process (PID=96348) to work on /Library/Frameworks/Python.framework/Versions/3.11/lib/python3.11/site-packages/airflow/example_dags/example_short_circuit_decorator.py
[2022-12-31T21:18:34.815+0100] {processor.py:743} INFO - Processing file /Library/Frameworks/Python.framework/Versions/3.11/lib/python3.11/site-packages/airflow/example_dags/example_short_circuit_decorator.py for tasks to queue
[2022-12-31T21:18:34.815+0100] {logging_mixin.py:137} INFO - [2022-12-31T21:18:34.815+0100] {dagbag.py:538} INFO - Filling up the DagBag from /Library/Frameworks/Python.framework/Versions/3.11/lib/python3.11/site-packages/airflow/example_dags/example_short_circuit_decorator.py
[2022-12-31T21:18:34.836+0100] {processor.py:753} INFO - DAG(s) dict_keys(['example_short_circuit_decorator']) retrieved from /Library/Frameworks/Python.framework/Versions/3.11/lib/python3.11/site-packages/airflow/example_dags/example_short_circuit_decorator.py
[2022-12-31T21:18:35.257+0100] {logging_mixin.py:137} INFO - [2022-12-31T21:18:35.257+0100] {dag.py:2676} INFO - Sync 1 DAGs
[2022-12-31T21:18:35.263+0100] {logging_mixin.py:137} INFO - [2022-12-31T21:18:35.263+0100] {dag.py:3423} INFO - Setting next_dagrun for example_short_circuit_decorator to 2022-12-30T20:18:35.263307+00:00, run_after=2022-12-31T20:18:35.263307+00:00
[2022-12-31T21:18:35.271+0100] {processor.py:175} INFO - Processing /Library/Frameworks/Python.framework/Versions/3.11/lib/python3.11/site-packages/airflow/example_dags/example_short_circuit_decorator.py took 0.462 seconds
[2022-12-31T21:20:34.735+0100] {processor.py:153} INFO - Started process (PID=96567) to work on /Library/Frameworks/Python.framework/Versions/3.11/lib/python3.11/site-packages/airflow/example_dags/example_short_circuit_decorator.py
[2022-12-31T21:20:34.742+0100] {processor.py:743} INFO - Processing file /Library/Frameworks/Python.framework/Versions/3.11/lib/python3.11/site-packages/airflow/example_dags/example_short_circuit_decorator.py for tasks to queue
[2022-12-31T21:20:34.742+0100] {logging_mixin.py:137} INFO - [2022-12-31T21:20:34.742+0100] {dagbag.py:538} INFO - Filling up the DagBag from /Library/Frameworks/Python.framework/Versions/3.11/lib/python3.11/site-packages/airflow/example_dags/example_short_circuit_decorator.py
[2022-12-31T21:20:34.769+0100] {processor.py:753} INFO - DAG(s) dict_keys(['example_short_circuit_decorator']) retrieved from /Library/Frameworks/Python.framework/Versions/3.11/lib/python3.11/site-packages/airflow/example_dags/example_short_circuit_decorator.py
[2022-12-31T21:20:35.185+0100] {logging_mixin.py:137} INFO - [2022-12-31T21:20:35.185+0100] {dag.py:2676} INFO - Sync 1 DAGs
[2022-12-31T21:20:35.191+0100] {logging_mixin.py:137} INFO - [2022-12-31T21:20:35.191+0100] {dag.py:3423} INFO - Setting next_dagrun for example_short_circuit_decorator to 2022-12-30T20:20:35.191554+00:00, run_after=2022-12-31T20:20:35.191554+00:00
[2022-12-31T21:20:35.197+0100] {processor.py:175} INFO - Processing /Library/Frameworks/Python.framework/Versions/3.11/lib/python3.11/site-packages/airflow/example_dags/example_short_circuit_decorator.py took 0.463 seconds
[2022-12-31T21:22:30.508+0100] {processor.py:153} INFO - Started process (PID=96769) to work on /Library/Frameworks/Python.framework/Versions/3.11/lib/python3.11/site-packages/airflow/example_dags/example_short_circuit_decorator.py
[2022-12-31T21:22:30.512+0100] {processor.py:743} INFO - Processing file /Library/Frameworks/Python.framework/Versions/3.11/lib/python3.11/site-packages/airflow/example_dags/example_short_circuit_decorator.py for tasks to queue
[2022-12-31T21:22:30.512+0100] {logging_mixin.py:137} INFO - [2022-12-31T21:22:30.512+0100] {dagbag.py:538} INFO - Filling up the DagBag from /Library/Frameworks/Python.framework/Versions/3.11/lib/python3.11/site-packages/airflow/example_dags/example_short_circuit_decorator.py
[2022-12-31T21:22:30.533+0100] {processor.py:753} INFO - DAG(s) dict_keys(['example_short_circuit_decorator']) retrieved from /Library/Frameworks/Python.framework/Versions/3.11/lib/python3.11/site-packages/airflow/example_dags/example_short_circuit_decorator.py
[2022-12-31T21:22:30.972+0100] {logging_mixin.py:137} INFO - [2022-12-31T21:22:30.972+0100] {dag.py:2676} INFO - Sync 1 DAGs
[2022-12-31T21:22:30.978+0100] {logging_mixin.py:137} INFO - [2022-12-31T21:22:30.978+0100] {dag.py:3423} INFO - Setting next_dagrun for example_short_circuit_decorator to 2022-12-30T20:22:30.977952+00:00, run_after=2022-12-31T20:22:30.977952+00:00
[2022-12-31T21:22:30.984+0100] {processor.py:175} INFO - Processing /Library/Frameworks/Python.framework/Versions/3.11/lib/python3.11/site-packages/airflow/example_dags/example_short_circuit_decorator.py took 0.477 seconds
[2022-12-31T21:24:30.171+0100] {processor.py:153} INFO - Started process (PID=96978) to work on /Library/Frameworks/Python.framework/Versions/3.11/lib/python3.11/site-packages/airflow/example_dags/example_short_circuit_decorator.py
[2022-12-31T21:24:30.174+0100] {processor.py:743} INFO - Processing file /Library/Frameworks/Python.framework/Versions/3.11/lib/python3.11/site-packages/airflow/example_dags/example_short_circuit_decorator.py for tasks to queue
[2022-12-31T21:24:30.174+0100] {logging_mixin.py:137} INFO - [2022-12-31T21:24:30.174+0100] {dagbag.py:538} INFO - Filling up the DagBag from /Library/Frameworks/Python.framework/Versions/3.11/lib/python3.11/site-packages/airflow/example_dags/example_short_circuit_decorator.py
[2022-12-31T21:24:30.194+0100] {processor.py:753} INFO - DAG(s) dict_keys(['example_short_circuit_decorator']) retrieved from /Library/Frameworks/Python.framework/Versions/3.11/lib/python3.11/site-packages/airflow/example_dags/example_short_circuit_decorator.py
[2022-12-31T21:24:30.604+0100] {logging_mixin.py:137} INFO - [2022-12-31T21:24:30.603+0100] {dag.py:2676} INFO - Sync 1 DAGs
[2022-12-31T21:24:30.609+0100] {logging_mixin.py:137} INFO - [2022-12-31T21:24:30.609+0100] {dag.py:3423} INFO - Setting next_dagrun for example_short_circuit_decorator to 2022-12-30T20:24:30.609542+00:00, run_after=2022-12-31T20:24:30.609542+00:00
[2022-12-31T21:24:30.616+0100] {processor.py:175} INFO - Processing /Library/Frameworks/Python.framework/Versions/3.11/lib/python3.11/site-packages/airflow/example_dags/example_short_circuit_decorator.py took 0.446 seconds
[2022-12-31T21:26:21.564+0100] {processor.py:153} INFO - Started process (PID=97216) to work on /Library/Frameworks/Python.framework/Versions/3.11/lib/python3.11/site-packages/airflow/example_dags/example_short_circuit_decorator.py
[2022-12-31T21:26:21.573+0100] {processor.py:743} INFO - Processing file /Library/Frameworks/Python.framework/Versions/3.11/lib/python3.11/site-packages/airflow/example_dags/example_short_circuit_decorator.py for tasks to queue
[2022-12-31T21:26:21.573+0100] {logging_mixin.py:137} INFO - [2022-12-31T21:26:21.573+0100] {dagbag.py:538} INFO - Filling up the DagBag from /Library/Frameworks/Python.framework/Versions/3.11/lib/python3.11/site-packages/airflow/example_dags/example_short_circuit_decorator.py
[2022-12-31T21:26:21.602+0100] {processor.py:753} INFO - DAG(s) dict_keys(['example_short_circuit_decorator']) retrieved from /Library/Frameworks/Python.framework/Versions/3.11/lib/python3.11/site-packages/airflow/example_dags/example_short_circuit_decorator.py
[2022-12-31T21:26:22.086+0100] {logging_mixin.py:137} INFO - [2022-12-31T21:26:22.086+0100] {dag.py:2676} INFO - Sync 1 DAGs
[2022-12-31T21:26:22.098+0100] {logging_mixin.py:137} INFO - [2022-12-31T21:26:22.098+0100] {dag.py:3423} INFO - Setting next_dagrun for example_short_circuit_decorator to 2022-12-30T20:26:22.098432+00:00, run_after=2022-12-31T20:26:22.098432+00:00
[2022-12-31T21:26:22.105+0100] {processor.py:175} INFO - Processing /Library/Frameworks/Python.framework/Versions/3.11/lib/python3.11/site-packages/airflow/example_dags/example_short_circuit_decorator.py took 0.542 seconds
[2022-12-31T21:28:20.242+0100] {processor.py:153} INFO - Started process (PID=97401) to work on /Library/Frameworks/Python.framework/Versions/3.11/lib/python3.11/site-packages/airflow/example_dags/example_short_circuit_decorator.py
[2022-12-31T21:28:20.250+0100] {processor.py:743} INFO - Processing file /Library/Frameworks/Python.framework/Versions/3.11/lib/python3.11/site-packages/airflow/example_dags/example_short_circuit_decorator.py for tasks to queue
[2022-12-31T21:28:20.250+0100] {logging_mixin.py:137} INFO - [2022-12-31T21:28:20.250+0100] {dagbag.py:538} INFO - Filling up the DagBag from /Library/Frameworks/Python.framework/Versions/3.11/lib/python3.11/site-packages/airflow/example_dags/example_short_circuit_decorator.py
[2022-12-31T21:28:20.377+0100] {processor.py:753} INFO - DAG(s) dict_keys(['example_short_circuit_decorator']) retrieved from /Library/Frameworks/Python.framework/Versions/3.11/lib/python3.11/site-packages/airflow/example_dags/example_short_circuit_decorator.py
[2022-12-31T21:28:20.960+0100] {logging_mixin.py:137} INFO - [2022-12-31T21:28:20.960+0100] {dag.py:2676} INFO - Sync 1 DAGs
[2022-12-31T21:28:20.968+0100] {logging_mixin.py:137} INFO - [2022-12-31T21:28:20.967+0100] {dag.py:3423} INFO - Setting next_dagrun for example_short_circuit_decorator to 2022-12-30T20:28:20.967828+00:00, run_after=2022-12-31T20:28:20.967828+00:00
[2022-12-31T21:28:20.976+0100] {processor.py:175} INFO - Processing /Library/Frameworks/Python.framework/Versions/3.11/lib/python3.11/site-packages/airflow/example_dags/example_short_circuit_decorator.py took 0.735 seconds
