[2022-12-31T20:29:07.193+0100] {processor.py:153} INFO - Started process (PID=90148) to work on /Library/Frameworks/Python.framework/Versions/3.11/lib/python3.11/site-packages/airflow/example_dags/example_time_delta_sensor_async.py
[2022-12-31T20:29:07.197+0100] {processor.py:743} INFO - Processing file /Library/Frameworks/Python.framework/Versions/3.11/lib/python3.11/site-packages/airflow/example_dags/example_time_delta_sensor_async.py for tasks to queue
[2022-12-31T20:29:07.197+0100] {logging_mixin.py:137} INFO - [2022-12-31T20:29:07.197+0100] {dagbag.py:538} INFO - Filling up the DagBag from /Library/Frameworks/Python.framework/Versions/3.11/lib/python3.11/site-packages/airflow/example_dags/example_time_delta_sensor_async.py
[2022-12-31T20:29:07.214+0100] {processor.py:753} INFO - DAG(s) dict_keys(['example_time_delta_sensor_async']) retrieved from /Library/Frameworks/Python.framework/Versions/3.11/lib/python3.11/site-packages/airflow/example_dags/example_time_delta_sensor_async.py
[2022-12-31T20:29:08.725+0100] {logging_mixin.py:137} INFO - [2022-12-31T20:29:08.725+0100] {manager.py:504} INFO - Created Permission View: can read on DAG:example_time_delta_sensor_async
[2022-12-31T20:29:08.728+0100] {logging_mixin.py:137} INFO - [2022-12-31T20:29:08.728+0100] {manager.py:504} INFO - Created Permission View: can edit on DAG:example_time_delta_sensor_async
[2022-12-31T20:29:08.729+0100] {logging_mixin.py:137} INFO - [2022-12-31T20:29:08.729+0100] {manager.py:504} INFO - Created Permission View: can delete on DAG:example_time_delta_sensor_async
[2022-12-31T20:29:08.730+0100] {logging_mixin.py:137} INFO - [2022-12-31T20:29:08.729+0100] {dag.py:2676} INFO - Sync 1 DAGs
[2022-12-31T20:29:08.733+0100] {logging_mixin.py:137} INFO - [2022-12-31T20:29:08.733+0100] {dag.py:2697} INFO - Creating ORM DAG for example_time_delta_sensor_async
[2022-12-31T20:29:08.736+0100] {logging_mixin.py:137} INFO - [2022-12-31T20:29:08.736+0100] {dag.py:3423} INFO - Setting next_dagrun for example_time_delta_sensor_async to None, run_after=None
[2022-12-31T20:29:08.741+0100] {processor.py:175} INFO - Processing /Library/Frameworks/Python.framework/Versions/3.11/lib/python3.11/site-packages/airflow/example_dags/example_time_delta_sensor_async.py took 1.549 seconds
[2022-12-31T20:30:59.299+0100] {processor.py:153} INFO - Started process (PID=90379) to work on /Library/Frameworks/Python.framework/Versions/3.11/lib/python3.11/site-packages/airflow/example_dags/example_time_delta_sensor_async.py
[2022-12-31T20:30:59.306+0100] {processor.py:743} INFO - Processing file /Library/Frameworks/Python.framework/Versions/3.11/lib/python3.11/site-packages/airflow/example_dags/example_time_delta_sensor_async.py for tasks to queue
[2022-12-31T20:30:59.307+0100] {logging_mixin.py:137} INFO - [2022-12-31T20:30:59.307+0100] {dagbag.py:538} INFO - Filling up the DagBag from /Library/Frameworks/Python.framework/Versions/3.11/lib/python3.11/site-packages/airflow/example_dags/example_time_delta_sensor_async.py
[2022-12-31T20:30:59.323+0100] {processor.py:753} INFO - DAG(s) dict_keys(['example_time_delta_sensor_async']) retrieved from /Library/Frameworks/Python.framework/Versions/3.11/lib/python3.11/site-packages/airflow/example_dags/example_time_delta_sensor_async.py
[2022-12-31T20:31:00.936+0100] {logging_mixin.py:137} INFO - [2022-12-31T20:31:00.936+0100] {dag.py:2676} INFO - Sync 1 DAGs
[2022-12-31T20:31:00.941+0100] {logging_mixin.py:137} INFO - [2022-12-31T20:31:00.941+0100] {dag.py:3423} INFO - Setting next_dagrun for example_time_delta_sensor_async to None, run_after=None
[2022-12-31T20:31:00.948+0100] {processor.py:175} INFO - Processing /Library/Frameworks/Python.framework/Versions/3.11/lib/python3.11/site-packages/airflow/example_dags/example_time_delta_sensor_async.py took 1.650 seconds
[2022-12-31T20:32:21.284+0100] {processor.py:153} INFO - Started process (PID=90509) to work on /Library/Frameworks/Python.framework/Versions/3.11/lib/python3.11/site-packages/airflow/example_dags/example_time_delta_sensor_async.py
[2022-12-31T20:32:21.289+0100] {processor.py:743} INFO - Processing file /Library/Frameworks/Python.framework/Versions/3.11/lib/python3.11/site-packages/airflow/example_dags/example_time_delta_sensor_async.py for tasks to queue
[2022-12-31T20:32:21.289+0100] {logging_mixin.py:137} INFO - [2022-12-31T20:32:21.289+0100] {dagbag.py:538} INFO - Filling up the DagBag from /Library/Frameworks/Python.framework/Versions/3.11/lib/python3.11/site-packages/airflow/example_dags/example_time_delta_sensor_async.py
[2022-12-31T20:32:21.307+0100] {processor.py:753} INFO - DAG(s) dict_keys(['example_time_delta_sensor_async']) retrieved from /Library/Frameworks/Python.framework/Versions/3.11/lib/python3.11/site-packages/airflow/example_dags/example_time_delta_sensor_async.py
[2022-12-31T20:32:22.886+0100] {logging_mixin.py:137} INFO - [2022-12-31T20:32:22.886+0100] {dag.py:2676} INFO - Sync 1 DAGs
[2022-12-31T20:32:22.892+0100] {logging_mixin.py:137} INFO - [2022-12-31T20:32:22.892+0100] {dag.py:3423} INFO - Setting next_dagrun for example_time_delta_sensor_async to None, run_after=None
[2022-12-31T20:32:22.900+0100] {processor.py:175} INFO - Processing /Library/Frameworks/Python.framework/Versions/3.11/lib/python3.11/site-packages/airflow/example_dags/example_time_delta_sensor_async.py took 1.616 seconds
[2022-12-31T20:34:07.633+0100] {processor.py:153} INFO - Started process (PID=90649) to work on /Library/Frameworks/Python.framework/Versions/3.11/lib/python3.11/site-packages/airflow/example_dags/example_time_delta_sensor_async.py
[2022-12-31T20:34:07.636+0100] {processor.py:743} INFO - Processing file /Library/Frameworks/Python.framework/Versions/3.11/lib/python3.11/site-packages/airflow/example_dags/example_time_delta_sensor_async.py for tasks to queue
[2022-12-31T20:34:07.636+0100] {logging_mixin.py:137} INFO - [2022-12-31T20:34:07.636+0100] {dagbag.py:538} INFO - Filling up the DagBag from /Library/Frameworks/Python.framework/Versions/3.11/lib/python3.11/site-packages/airflow/example_dags/example_time_delta_sensor_async.py
[2022-12-31T20:34:07.653+0100] {processor.py:753} INFO - DAG(s) dict_keys(['example_time_delta_sensor_async']) retrieved from /Library/Frameworks/Python.framework/Versions/3.11/lib/python3.11/site-packages/airflow/example_dags/example_time_delta_sensor_async.py
[2022-12-31T20:34:09.130+0100] {logging_mixin.py:137} INFO - [2022-12-31T20:34:09.130+0100] {dag.py:2676} INFO - Sync 1 DAGs
[2022-12-31T20:34:09.135+0100] {logging_mixin.py:137} INFO - [2022-12-31T20:34:09.135+0100] {dag.py:3423} INFO - Setting next_dagrun for example_time_delta_sensor_async to None, run_after=None
[2022-12-31T20:34:09.143+0100] {processor.py:175} INFO - Processing /Library/Frameworks/Python.framework/Versions/3.11/lib/python3.11/site-packages/airflow/example_dags/example_time_delta_sensor_async.py took 1.510 seconds
[2022-12-31T20:35:41.944+0100] {processor.py:153} INFO - Started process (PID=90794) to work on /Library/Frameworks/Python.framework/Versions/3.11/lib/python3.11/site-packages/airflow/example_dags/example_time_delta_sensor_async.py
[2022-12-31T20:35:41.946+0100] {processor.py:743} INFO - Processing file /Library/Frameworks/Python.framework/Versions/3.11/lib/python3.11/site-packages/airflow/example_dags/example_time_delta_sensor_async.py for tasks to queue
[2022-12-31T20:35:41.946+0100] {logging_mixin.py:137} INFO - [2022-12-31T20:35:41.946+0100] {dagbag.py:538} INFO - Filling up the DagBag from /Library/Frameworks/Python.framework/Versions/3.11/lib/python3.11/site-packages/airflow/example_dags/example_time_delta_sensor_async.py
[2022-12-31T20:35:41.970+0100] {processor.py:753} INFO - DAG(s) dict_keys(['example_time_delta_sensor_async']) retrieved from /Library/Frameworks/Python.framework/Versions/3.11/lib/python3.11/site-packages/airflow/example_dags/example_time_delta_sensor_async.py
[2022-12-31T20:35:43.806+0100] {logging_mixin.py:137} INFO - [2022-12-31T20:35:43.806+0100] {dag.py:2676} INFO - Sync 1 DAGs
[2022-12-31T20:35:43.812+0100] {logging_mixin.py:137} INFO - [2022-12-31T20:35:43.812+0100] {dag.py:3423} INFO - Setting next_dagrun for example_time_delta_sensor_async to None, run_after=None
[2022-12-31T20:35:43.820+0100] {processor.py:175} INFO - Processing /Library/Frameworks/Python.framework/Versions/3.11/lib/python3.11/site-packages/airflow/example_dags/example_time_delta_sensor_async.py took 1.877 seconds
[2022-12-31T20:37:04.568+0100] {processor.py:153} INFO - Started process (PID=90916) to work on /Library/Frameworks/Python.framework/Versions/3.11/lib/python3.11/site-packages/airflow/example_dags/example_time_delta_sensor_async.py
[2022-12-31T20:37:04.573+0100] {processor.py:743} INFO - Processing file /Library/Frameworks/Python.framework/Versions/3.11/lib/python3.11/site-packages/airflow/example_dags/example_time_delta_sensor_async.py for tasks to queue
[2022-12-31T20:37:04.573+0100] {logging_mixin.py:137} INFO - [2022-12-31T20:37:04.573+0100] {dagbag.py:538} INFO - Filling up the DagBag from /Library/Frameworks/Python.framework/Versions/3.11/lib/python3.11/site-packages/airflow/example_dags/example_time_delta_sensor_async.py
[2022-12-31T20:37:04.590+0100] {processor.py:753} INFO - DAG(s) dict_keys(['example_time_delta_sensor_async']) retrieved from /Library/Frameworks/Python.framework/Versions/3.11/lib/python3.11/site-packages/airflow/example_dags/example_time_delta_sensor_async.py
[2022-12-31T20:37:06.139+0100] {logging_mixin.py:137} INFO - [2022-12-31T20:37:06.139+0100] {dag.py:2676} INFO - Sync 1 DAGs
[2022-12-31T20:37:06.144+0100] {logging_mixin.py:137} INFO - [2022-12-31T20:37:06.144+0100] {dag.py:3423} INFO - Setting next_dagrun for example_time_delta_sensor_async to None, run_after=None
[2022-12-31T20:37:06.155+0100] {processor.py:175} INFO - Processing /Library/Frameworks/Python.framework/Versions/3.11/lib/python3.11/site-packages/airflow/example_dags/example_time_delta_sensor_async.py took 1.587 seconds
[2022-12-31T20:38:44.783+0100] {processor.py:153} INFO - Started process (PID=91047) to work on /Library/Frameworks/Python.framework/Versions/3.11/lib/python3.11/site-packages/airflow/example_dags/example_time_delta_sensor_async.py
[2022-12-31T20:38:44.787+0100] {processor.py:743} INFO - Processing file /Library/Frameworks/Python.framework/Versions/3.11/lib/python3.11/site-packages/airflow/example_dags/example_time_delta_sensor_async.py for tasks to queue
[2022-12-31T20:38:44.787+0100] {logging_mixin.py:137} INFO - [2022-12-31T20:38:44.787+0100] {dagbag.py:538} INFO - Filling up the DagBag from /Library/Frameworks/Python.framework/Versions/3.11/lib/python3.11/site-packages/airflow/example_dags/example_time_delta_sensor_async.py
[2022-12-31T20:38:44.804+0100] {processor.py:753} INFO - DAG(s) dict_keys(['example_time_delta_sensor_async']) retrieved from /Library/Frameworks/Python.framework/Versions/3.11/lib/python3.11/site-packages/airflow/example_dags/example_time_delta_sensor_async.py
[2022-12-31T20:38:46.308+0100] {logging_mixin.py:137} INFO - [2022-12-31T20:38:46.308+0100] {dag.py:2676} INFO - Sync 1 DAGs
[2022-12-31T20:38:46.314+0100] {logging_mixin.py:137} INFO - [2022-12-31T20:38:46.314+0100] {dag.py:3423} INFO - Setting next_dagrun for example_time_delta_sensor_async to None, run_after=None
[2022-12-31T20:38:46.322+0100] {processor.py:175} INFO - Processing /Library/Frameworks/Python.framework/Versions/3.11/lib/python3.11/site-packages/airflow/example_dags/example_time_delta_sensor_async.py took 1.541 seconds
[2022-12-31T20:40:31.080+0100] {processor.py:153} INFO - Started process (PID=91254) to work on /Library/Frameworks/Python.framework/Versions/3.11/lib/python3.11/site-packages/airflow/example_dags/example_time_delta_sensor_async.py
[2022-12-31T20:40:31.085+0100] {processor.py:743} INFO - Processing file /Library/Frameworks/Python.framework/Versions/3.11/lib/python3.11/site-packages/airflow/example_dags/example_time_delta_sensor_async.py for tasks to queue
[2022-12-31T20:40:31.085+0100] {logging_mixin.py:137} INFO - [2022-12-31T20:40:31.085+0100] {dagbag.py:538} INFO - Filling up the DagBag from /Library/Frameworks/Python.framework/Versions/3.11/lib/python3.11/site-packages/airflow/example_dags/example_time_delta_sensor_async.py
[2022-12-31T20:40:31.101+0100] {processor.py:753} INFO - DAG(s) dict_keys(['example_time_delta_sensor_async']) retrieved from /Library/Frameworks/Python.framework/Versions/3.11/lib/python3.11/site-packages/airflow/example_dags/example_time_delta_sensor_async.py
[2022-12-31T20:40:32.712+0100] {logging_mixin.py:137} INFO - [2022-12-31T20:40:32.712+0100] {dag.py:2676} INFO - Sync 1 DAGs
[2022-12-31T20:40:32.718+0100] {logging_mixin.py:137} INFO - [2022-12-31T20:40:32.717+0100] {dag.py:3423} INFO - Setting next_dagrun for example_time_delta_sensor_async to None, run_after=None
[2022-12-31T20:40:32.725+0100] {processor.py:175} INFO - Processing /Library/Frameworks/Python.framework/Versions/3.11/lib/python3.11/site-packages/airflow/example_dags/example_time_delta_sensor_async.py took 1.645 seconds
[2022-12-31T20:41:24.683+0100] {processor.py:153} INFO - Started process (PID=91321) to work on /Library/Frameworks/Python.framework/Versions/3.11/lib/python3.11/site-packages/airflow/example_dags/example_time_delta_sensor_async.py
[2022-12-31T20:41:24.688+0100] {processor.py:743} INFO - Processing file /Library/Frameworks/Python.framework/Versions/3.11/lib/python3.11/site-packages/airflow/example_dags/example_time_delta_sensor_async.py for tasks to queue
[2022-12-31T20:41:24.689+0100] {logging_mixin.py:137} INFO - [2022-12-31T20:41:24.689+0100] {dagbag.py:538} INFO - Filling up the DagBag from /Library/Frameworks/Python.framework/Versions/3.11/lib/python3.11/site-packages/airflow/example_dags/example_time_delta_sensor_async.py
[2022-12-31T20:41:24.705+0100] {processor.py:753} INFO - DAG(s) dict_keys(['example_time_delta_sensor_async']) retrieved from /Library/Frameworks/Python.framework/Versions/3.11/lib/python3.11/site-packages/airflow/example_dags/example_time_delta_sensor_async.py
[2022-12-31T20:41:26.216+0100] {logging_mixin.py:137} INFO - [2022-12-31T20:41:26.216+0100] {dag.py:2676} INFO - Sync 1 DAGs
[2022-12-31T20:41:26.222+0100] {logging_mixin.py:137} INFO - [2022-12-31T20:41:26.222+0100] {dag.py:3423} INFO - Setting next_dagrun for example_time_delta_sensor_async to None, run_after=None
[2022-12-31T20:41:26.229+0100] {processor.py:175} INFO - Processing /Library/Frameworks/Python.framework/Versions/3.11/lib/python3.11/site-packages/airflow/example_dags/example_time_delta_sensor_async.py took 1.546 seconds
[2022-12-31T20:42:19.030+0100] {processor.py:153} INFO - Started process (PID=91392) to work on /Library/Frameworks/Python.framework/Versions/3.11/lib/python3.11/site-packages/airflow/example_dags/example_time_delta_sensor_async.py
[2022-12-31T20:42:19.035+0100] {processor.py:743} INFO - Processing file /Library/Frameworks/Python.framework/Versions/3.11/lib/python3.11/site-packages/airflow/example_dags/example_time_delta_sensor_async.py for tasks to queue
[2022-12-31T20:42:19.036+0100] {logging_mixin.py:137} INFO - [2022-12-31T20:42:19.036+0100] {dagbag.py:538} INFO - Filling up the DagBag from /Library/Frameworks/Python.framework/Versions/3.11/lib/python3.11/site-packages/airflow/example_dags/example_time_delta_sensor_async.py
[2022-12-31T20:42:19.052+0100] {processor.py:753} INFO - DAG(s) dict_keys(['example_time_delta_sensor_async']) retrieved from /Library/Frameworks/Python.framework/Versions/3.11/lib/python3.11/site-packages/airflow/example_dags/example_time_delta_sensor_async.py
[2022-12-31T20:42:20.579+0100] {logging_mixin.py:137} INFO - [2022-12-31T20:42:20.579+0100] {dag.py:2676} INFO - Sync 1 DAGs
[2022-12-31T20:42:20.584+0100] {logging_mixin.py:137} INFO - [2022-12-31T20:42:20.584+0100] {dag.py:3423} INFO - Setting next_dagrun for example_time_delta_sensor_async to None, run_after=None
[2022-12-31T20:42:20.591+0100] {processor.py:175} INFO - Processing /Library/Frameworks/Python.framework/Versions/3.11/lib/python3.11/site-packages/airflow/example_dags/example_time_delta_sensor_async.py took 1.561 seconds
[2022-12-31T20:44:27.136+0100] {processor.py:153} INFO - Started process (PID=91680) to work on /Library/Frameworks/Python.framework/Versions/3.11/lib/python3.11/site-packages/airflow/example_dags/example_time_delta_sensor_async.py
[2022-12-31T20:44:27.141+0100] {processor.py:743} INFO - Processing file /Library/Frameworks/Python.framework/Versions/3.11/lib/python3.11/site-packages/airflow/example_dags/example_time_delta_sensor_async.py for tasks to queue
[2022-12-31T20:44:27.141+0100] {logging_mixin.py:137} INFO - [2022-12-31T20:44:27.141+0100] {dagbag.py:538} INFO - Filling up the DagBag from /Library/Frameworks/Python.framework/Versions/3.11/lib/python3.11/site-packages/airflow/example_dags/example_time_delta_sensor_async.py
[2022-12-31T20:44:27.157+0100] {processor.py:753} INFO - DAG(s) dict_keys(['example_time_delta_sensor_async']) retrieved from /Library/Frameworks/Python.framework/Versions/3.11/lib/python3.11/site-packages/airflow/example_dags/example_time_delta_sensor_async.py
[2022-12-31T20:44:48.050+0100] {logging_mixin.py:137} INFO - [2022-12-31T20:44:48.050+0100] {dag.py:2676} INFO - Sync 1 DAGs
[2022-12-31T20:44:48.056+0100] {logging_mixin.py:137} INFO - [2022-12-31T20:44:48.056+0100] {dag.py:3423} INFO - Setting next_dagrun for example_time_delta_sensor_async to None, run_after=None
[2022-12-31T20:44:48.063+0100] {processor.py:175} INFO - Processing /Library/Frameworks/Python.framework/Versions/3.11/lib/python3.11/site-packages/airflow/example_dags/example_time_delta_sensor_async.py took 20.928 seconds
[2022-12-31T20:46:35.433+0100] {processor.py:153} INFO - Started process (PID=91897) to work on /Library/Frameworks/Python.framework/Versions/3.11/lib/python3.11/site-packages/airflow/example_dags/example_time_delta_sensor_async.py
[2022-12-31T20:46:35.437+0100] {processor.py:743} INFO - Processing file /Library/Frameworks/Python.framework/Versions/3.11/lib/python3.11/site-packages/airflow/example_dags/example_time_delta_sensor_async.py for tasks to queue
[2022-12-31T20:46:35.438+0100] {logging_mixin.py:137} INFO - [2022-12-31T20:46:35.438+0100] {dagbag.py:538} INFO - Filling up the DagBag from /Library/Frameworks/Python.framework/Versions/3.11/lib/python3.11/site-packages/airflow/example_dags/example_time_delta_sensor_async.py
[2022-12-31T20:46:35.454+0100] {processor.py:753} INFO - DAG(s) dict_keys(['example_time_delta_sensor_async']) retrieved from /Library/Frameworks/Python.framework/Versions/3.11/lib/python3.11/site-packages/airflow/example_dags/example_time_delta_sensor_async.py
[2022-12-31T20:46:46.049+0100] {logging_mixin.py:137} INFO - [2022-12-31T20:46:46.049+0100] {dag.py:2676} INFO - Sync 1 DAGs
[2022-12-31T20:46:46.055+0100] {logging_mixin.py:137} INFO - [2022-12-31T20:46:46.055+0100] {dag.py:3423} INFO - Setting next_dagrun for example_time_delta_sensor_async to None, run_after=None
[2022-12-31T20:46:46.062+0100] {processor.py:175} INFO - Processing /Library/Frameworks/Python.framework/Versions/3.11/lib/python3.11/site-packages/airflow/example_dags/example_time_delta_sensor_async.py took 10.630 seconds
[2022-12-31T20:48:36.113+0100] {processor.py:153} INFO - Started process (PID=92130) to work on /Library/Frameworks/Python.framework/Versions/3.11/lib/python3.11/site-packages/airflow/example_dags/example_time_delta_sensor_async.py
[2022-12-31T20:48:36.117+0100] {processor.py:743} INFO - Processing file /Library/Frameworks/Python.framework/Versions/3.11/lib/python3.11/site-packages/airflow/example_dags/example_time_delta_sensor_async.py for tasks to queue
[2022-12-31T20:48:36.117+0100] {logging_mixin.py:137} INFO - [2022-12-31T20:48:36.117+0100] {dagbag.py:538} INFO - Filling up the DagBag from /Library/Frameworks/Python.framework/Versions/3.11/lib/python3.11/site-packages/airflow/example_dags/example_time_delta_sensor_async.py
[2022-12-31T20:48:36.134+0100] {processor.py:753} INFO - DAG(s) dict_keys(['example_time_delta_sensor_async']) retrieved from /Library/Frameworks/Python.framework/Versions/3.11/lib/python3.11/site-packages/airflow/example_dags/example_time_delta_sensor_async.py
[2022-12-31T20:48:48.749+0100] {logging_mixin.py:137} INFO - [2022-12-31T20:48:48.749+0100] {dag.py:2676} INFO - Sync 1 DAGs
[2022-12-31T20:48:48.763+0100] {logging_mixin.py:137} INFO - [2022-12-31T20:48:48.763+0100] {dag.py:3423} INFO - Setting next_dagrun for example_time_delta_sensor_async to None, run_after=None
[2022-12-31T20:48:48.776+0100] {processor.py:175} INFO - Processing /Library/Frameworks/Python.framework/Versions/3.11/lib/python3.11/site-packages/airflow/example_dags/example_time_delta_sensor_async.py took 12.663 seconds
[2022-12-31T20:50:37.493+0100] {processor.py:153} INFO - Started process (PID=92378) to work on /Library/Frameworks/Python.framework/Versions/3.11/lib/python3.11/site-packages/airflow/example_dags/example_time_delta_sensor_async.py
[2022-12-31T20:50:37.495+0100] {processor.py:743} INFO - Processing file /Library/Frameworks/Python.framework/Versions/3.11/lib/python3.11/site-packages/airflow/example_dags/example_time_delta_sensor_async.py for tasks to queue
[2022-12-31T20:50:37.495+0100] {logging_mixin.py:137} INFO - [2022-12-31T20:50:37.495+0100] {dagbag.py:538} INFO - Filling up the DagBag from /Library/Frameworks/Python.framework/Versions/3.11/lib/python3.11/site-packages/airflow/example_dags/example_time_delta_sensor_async.py
[2022-12-31T20:50:37.513+0100] {processor.py:753} INFO - DAG(s) dict_keys(['example_time_delta_sensor_async']) retrieved from /Library/Frameworks/Python.framework/Versions/3.11/lib/python3.11/site-packages/airflow/example_dags/example_time_delta_sensor_async.py
[2022-12-31T20:51:02.575+0100] {logging_mixin.py:137} INFO - {2.3: 'Indiana Pacers', 1.7: 'LA Clippers'}
[2022-12-31T20:51:02.788+0100] {logging_mixin.py:137} INFO - [2022-12-31T20:51:02.788+0100] {dag.py:2676} INFO - Sync 1 DAGs
[2022-12-31T20:51:02.797+0100] {logging_mixin.py:137} INFO - [2022-12-31T20:51:02.797+0100] {dag.py:3423} INFO - Setting next_dagrun for example_time_delta_sensor_async to None, run_after=None
[2022-12-31T20:51:02.807+0100] {processor.py:175} INFO - Processing /Library/Frameworks/Python.framework/Versions/3.11/lib/python3.11/site-packages/airflow/example_dags/example_time_delta_sensor_async.py took 25.314 seconds
[2022-12-31T20:53:04.638+0100] {processor.py:153} INFO - Started process (PID=92765) to work on /Library/Frameworks/Python.framework/Versions/3.11/lib/python3.11/site-packages/airflow/example_dags/example_time_delta_sensor_async.py
[2022-12-31T20:53:04.643+0100] {processor.py:743} INFO - Processing file /Library/Frameworks/Python.framework/Versions/3.11/lib/python3.11/site-packages/airflow/example_dags/example_time_delta_sensor_async.py for tasks to queue
[2022-12-31T20:53:04.643+0100] {logging_mixin.py:137} INFO - [2022-12-31T20:53:04.643+0100] {dagbag.py:538} INFO - Filling up the DagBag from /Library/Frameworks/Python.framework/Versions/3.11/lib/python3.11/site-packages/airflow/example_dags/example_time_delta_sensor_async.py
[2022-12-31T20:53:04.660+0100] {processor.py:753} INFO - DAG(s) dict_keys(['example_time_delta_sensor_async']) retrieved from /Library/Frameworks/Python.framework/Versions/3.11/lib/python3.11/site-packages/airflow/example_dags/example_time_delta_sensor_async.py
[2022-12-31T20:53:16.804+0100] {logging_mixin.py:137} INFO - {2.3: 'Indiana Pacers', 1.7: 'LA Clippers'}
[2022-12-31T20:53:16.999+0100] {logging_mixin.py:137} INFO - [2022-12-31T20:53:16.999+0100] {dag.py:2676} INFO - Sync 1 DAGs
[2022-12-31T20:53:17.007+0100] {logging_mixin.py:137} INFO - [2022-12-31T20:53:17.007+0100] {dag.py:3423} INFO - Setting next_dagrun for example_time_delta_sensor_async to None, run_after=None
[2022-12-31T20:53:17.016+0100] {processor.py:175} INFO - Processing /Library/Frameworks/Python.framework/Versions/3.11/lib/python3.11/site-packages/airflow/example_dags/example_time_delta_sensor_async.py took 12.378 seconds
[2022-12-31T20:55:14.162+0100] {processor.py:153} INFO - Started process (PID=93148) to work on /Library/Frameworks/Python.framework/Versions/3.11/lib/python3.11/site-packages/airflow/example_dags/example_time_delta_sensor_async.py
[2022-12-31T20:55:14.166+0100] {processor.py:743} INFO - Processing file /Library/Frameworks/Python.framework/Versions/3.11/lib/python3.11/site-packages/airflow/example_dags/example_time_delta_sensor_async.py for tasks to queue
[2022-12-31T20:55:14.166+0100] {logging_mixin.py:137} INFO - [2022-12-31T20:55:14.166+0100] {dagbag.py:538} INFO - Filling up the DagBag from /Library/Frameworks/Python.framework/Versions/3.11/lib/python3.11/site-packages/airflow/example_dags/example_time_delta_sensor_async.py
[2022-12-31T20:55:14.183+0100] {processor.py:753} INFO - DAG(s) dict_keys(['example_time_delta_sensor_async']) retrieved from /Library/Frameworks/Python.framework/Versions/3.11/lib/python3.11/site-packages/airflow/example_dags/example_time_delta_sensor_async.py
[2022-12-31T20:55:16.304+0100] {logging_mixin.py:137} INFO - {2.3: 'Indiana Pacers', 1.7: 'LA Clippers'}
[2022-12-31T20:55:16.430+0100] {logging_mixin.py:137} INFO - [2022-12-31T20:55:16.430+0100] {dag.py:2676} INFO - Sync 1 DAGs
[2022-12-31T20:55:16.436+0100] {logging_mixin.py:137} INFO - [2022-12-31T20:55:16.436+0100] {dag.py:3423} INFO - Setting next_dagrun for example_time_delta_sensor_async to None, run_after=None
[2022-12-31T20:55:16.442+0100] {processor.py:175} INFO - Processing /Library/Frameworks/Python.framework/Versions/3.11/lib/python3.11/site-packages/airflow/example_dags/example_time_delta_sensor_async.py took 2.281 seconds
[2022-12-31T20:56:25.211+0100] {processor.py:153} INFO - Started process (PID=93278) to work on /Library/Frameworks/Python.framework/Versions/3.11/lib/python3.11/site-packages/airflow/example_dags/example_time_delta_sensor_async.py
[2022-12-31T20:56:25.216+0100] {processor.py:743} INFO - Processing file /Library/Frameworks/Python.framework/Versions/3.11/lib/python3.11/site-packages/airflow/example_dags/example_time_delta_sensor_async.py for tasks to queue
[2022-12-31T20:56:25.216+0100] {logging_mixin.py:137} INFO - [2022-12-31T20:56:25.216+0100] {dagbag.py:538} INFO - Filling up the DagBag from /Library/Frameworks/Python.framework/Versions/3.11/lib/python3.11/site-packages/airflow/example_dags/example_time_delta_sensor_async.py
[2022-12-31T20:56:25.232+0100] {processor.py:753} INFO - DAG(s) dict_keys(['example_time_delta_sensor_async']) retrieved from /Library/Frameworks/Python.framework/Versions/3.11/lib/python3.11/site-packages/airflow/example_dags/example_time_delta_sensor_async.py
[2022-12-31T20:56:27.016+0100] {logging_mixin.py:137} INFO - {2.3: 'Indiana Pacers', 1.7: 'LA Clippers'}
[2022-12-31T20:56:27.160+0100] {logging_mixin.py:137} INFO - [2022-12-31T20:56:27.159+0100] {dag.py:2676} INFO - Sync 1 DAGs
[2022-12-31T20:56:27.167+0100] {logging_mixin.py:137} INFO - [2022-12-31T20:56:27.166+0100] {dag.py:3423} INFO - Setting next_dagrun for example_time_delta_sensor_async to None, run_after=None
[2022-12-31T20:56:27.174+0100] {processor.py:175} INFO - Processing /Library/Frameworks/Python.framework/Versions/3.11/lib/python3.11/site-packages/airflow/example_dags/example_time_delta_sensor_async.py took 1.963 seconds
[2022-12-31T20:57:29.958+0100] {processor.py:153} INFO - Started process (PID=93415) to work on /Library/Frameworks/Python.framework/Versions/3.11/lib/python3.11/site-packages/airflow/example_dags/example_time_delta_sensor_async.py
[2022-12-31T20:57:29.965+0100] {processor.py:743} INFO - Processing file /Library/Frameworks/Python.framework/Versions/3.11/lib/python3.11/site-packages/airflow/example_dags/example_time_delta_sensor_async.py for tasks to queue
[2022-12-31T20:57:29.965+0100] {logging_mixin.py:137} INFO - [2022-12-31T20:57:29.965+0100] {dagbag.py:538} INFO - Filling up the DagBag from /Library/Frameworks/Python.framework/Versions/3.11/lib/python3.11/site-packages/airflow/example_dags/example_time_delta_sensor_async.py
[2022-12-31T20:57:29.982+0100] {processor.py:753} INFO - DAG(s) dict_keys(['example_time_delta_sensor_async']) retrieved from /Library/Frameworks/Python.framework/Versions/3.11/lib/python3.11/site-packages/airflow/example_dags/example_time_delta_sensor_async.py
[2022-12-31T20:57:31.571+0100] {logging_mixin.py:137} INFO - {2.3: 'Indiana Pacers', 1.7: 'LA Clippers'}
[2022-12-31T20:57:31.701+0100] {logging_mixin.py:137} INFO - [2022-12-31T20:57:31.701+0100] {dag.py:2676} INFO - Sync 1 DAGs
[2022-12-31T20:57:31.710+0100] {logging_mixin.py:137} INFO - [2022-12-31T20:57:31.709+0100] {dag.py:3423} INFO - Setting next_dagrun for example_time_delta_sensor_async to None, run_after=None
[2022-12-31T20:57:31.716+0100] {processor.py:175} INFO - Processing /Library/Frameworks/Python.framework/Versions/3.11/lib/python3.11/site-packages/airflow/example_dags/example_time_delta_sensor_async.py took 1.759 seconds
[2022-12-31T20:58:28.961+0100] {processor.py:153} INFO - Started process (PID=93551) to work on /Library/Frameworks/Python.framework/Versions/3.11/lib/python3.11/site-packages/airflow/example_dags/example_time_delta_sensor_async.py
[2022-12-31T20:58:28.966+0100] {processor.py:743} INFO - Processing file /Library/Frameworks/Python.framework/Versions/3.11/lib/python3.11/site-packages/airflow/example_dags/example_time_delta_sensor_async.py for tasks to queue
[2022-12-31T20:58:28.966+0100] {logging_mixin.py:137} INFO - [2022-12-31T20:58:28.966+0100] {dagbag.py:538} INFO - Filling up the DagBag from /Library/Frameworks/Python.framework/Versions/3.11/lib/python3.11/site-packages/airflow/example_dags/example_time_delta_sensor_async.py
[2022-12-31T20:58:28.983+0100] {processor.py:753} INFO - DAG(s) dict_keys(['example_time_delta_sensor_async']) retrieved from /Library/Frameworks/Python.framework/Versions/3.11/lib/python3.11/site-packages/airflow/example_dags/example_time_delta_sensor_async.py
[2022-12-31T20:58:31.082+0100] {logging_mixin.py:137} INFO - {2.3: 'Indiana Pacers', 1.72: 'LA Clippers'}
[2022-12-31T20:58:31.222+0100] {logging_mixin.py:137} INFO - [2022-12-31T20:58:31.222+0100] {dag.py:2676} INFO - Sync 1 DAGs
[2022-12-31T20:58:31.229+0100] {logging_mixin.py:137} INFO - [2022-12-31T20:58:31.229+0100] {dag.py:3423} INFO - Setting next_dagrun for example_time_delta_sensor_async to None, run_after=None
[2022-12-31T20:58:31.236+0100] {processor.py:175} INFO - Processing /Library/Frameworks/Python.framework/Versions/3.11/lib/python3.11/site-packages/airflow/example_dags/example_time_delta_sensor_async.py took 2.275 seconds
[2022-12-31T20:59:31.570+0100] {processor.py:153} INFO - Started process (PID=93670) to work on /Library/Frameworks/Python.framework/Versions/3.11/lib/python3.11/site-packages/airflow/example_dags/example_time_delta_sensor_async.py
[2022-12-31T20:59:31.577+0100] {processor.py:743} INFO - Processing file /Library/Frameworks/Python.framework/Versions/3.11/lib/python3.11/site-packages/airflow/example_dags/example_time_delta_sensor_async.py for tasks to queue
[2022-12-31T20:59:31.577+0100] {logging_mixin.py:137} INFO - [2022-12-31T20:59:31.577+0100] {dagbag.py:538} INFO - Filling up the DagBag from /Library/Frameworks/Python.framework/Versions/3.11/lib/python3.11/site-packages/airflow/example_dags/example_time_delta_sensor_async.py
[2022-12-31T20:59:31.595+0100] {processor.py:753} INFO - DAG(s) dict_keys(['example_time_delta_sensor_async']) retrieved from /Library/Frameworks/Python.framework/Versions/3.11/lib/python3.11/site-packages/airflow/example_dags/example_time_delta_sensor_async.py
[2022-12-31T20:59:33.578+0100] {logging_mixin.py:137} INFO - {2.3: 'Indiana Pacers', 1.72: 'LA Clippers'}
[2022-12-31T20:59:33.732+0100] {logging_mixin.py:137} INFO - [2022-12-31T20:59:33.732+0100] {dag.py:2676} INFO - Sync 1 DAGs
[2022-12-31T20:59:33.740+0100] {logging_mixin.py:137} INFO - [2022-12-31T20:59:33.740+0100] {dag.py:3423} INFO - Setting next_dagrun for example_time_delta_sensor_async to None, run_after=None
[2022-12-31T20:59:33.749+0100] {processor.py:175} INFO - Processing /Library/Frameworks/Python.framework/Versions/3.11/lib/python3.11/site-packages/airflow/example_dags/example_time_delta_sensor_async.py took 2.180 seconds
[2022-12-31T21:00:34.504+0100] {processor.py:153} INFO - Started process (PID=93788) to work on /Library/Frameworks/Python.framework/Versions/3.11/lib/python3.11/site-packages/airflow/example_dags/example_time_delta_sensor_async.py
[2022-12-31T21:00:34.507+0100] {processor.py:743} INFO - Processing file /Library/Frameworks/Python.framework/Versions/3.11/lib/python3.11/site-packages/airflow/example_dags/example_time_delta_sensor_async.py for tasks to queue
[2022-12-31T21:00:34.507+0100] {logging_mixin.py:137} INFO - [2022-12-31T21:00:34.507+0100] {dagbag.py:538} INFO - Filling up the DagBag from /Library/Frameworks/Python.framework/Versions/3.11/lib/python3.11/site-packages/airflow/example_dags/example_time_delta_sensor_async.py
[2022-12-31T21:00:34.527+0100] {processor.py:753} INFO - DAG(s) dict_keys(['example_time_delta_sensor_async']) retrieved from /Library/Frameworks/Python.framework/Versions/3.11/lib/python3.11/site-packages/airflow/example_dags/example_time_delta_sensor_async.py
[2022-12-31T21:00:36.375+0100] {logging_mixin.py:137} INFO - {2.3: 'Indiana Pacers', 1.72: 'LA Clippers'}
[2022-12-31T21:00:36.522+0100] {logging_mixin.py:137} INFO - [2022-12-31T21:00:36.521+0100] {dag.py:2676} INFO - Sync 1 DAGs
[2022-12-31T21:00:36.533+0100] {logging_mixin.py:137} INFO - [2022-12-31T21:00:36.533+0100] {dag.py:3423} INFO - Setting next_dagrun for example_time_delta_sensor_async to None, run_after=None
[2022-12-31T21:00:36.542+0100] {processor.py:175} INFO - Processing /Library/Frameworks/Python.framework/Versions/3.11/lib/python3.11/site-packages/airflow/example_dags/example_time_delta_sensor_async.py took 2.041 seconds
[2022-12-31T21:01:34.512+0100] {processor.py:153} INFO - Started process (PID=93942) to work on /Library/Frameworks/Python.framework/Versions/3.11/lib/python3.11/site-packages/airflow/example_dags/example_time_delta_sensor_async.py
[2022-12-31T21:01:34.516+0100] {processor.py:743} INFO - Processing file /Library/Frameworks/Python.framework/Versions/3.11/lib/python3.11/site-packages/airflow/example_dags/example_time_delta_sensor_async.py for tasks to queue
[2022-12-31T21:01:34.516+0100] {logging_mixin.py:137} INFO - [2022-12-31T21:01:34.516+0100] {dagbag.py:538} INFO - Filling up the DagBag from /Library/Frameworks/Python.framework/Versions/3.11/lib/python3.11/site-packages/airflow/example_dags/example_time_delta_sensor_async.py
[2022-12-31T21:01:34.538+0100] {processor.py:753} INFO - DAG(s) dict_keys(['example_time_delta_sensor_async']) retrieved from /Library/Frameworks/Python.framework/Versions/3.11/lib/python3.11/site-packages/airflow/example_dags/example_time_delta_sensor_async.py
[2022-12-31T21:01:36.622+0100] {logging_mixin.py:137} INFO - {2.3: 'Indiana Pacers', 1.72: 'LA Clippers'}
[2022-12-31T21:01:36.755+0100] {logging_mixin.py:137} INFO - [2022-12-31T21:01:36.755+0100] {dag.py:2676} INFO - Sync 1 DAGs
[2022-12-31T21:01:36.761+0100] {logging_mixin.py:137} INFO - [2022-12-31T21:01:36.761+0100] {dag.py:3423} INFO - Setting next_dagrun for example_time_delta_sensor_async to None, run_after=None
[2022-12-31T21:01:36.767+0100] {processor.py:175} INFO - Processing /Library/Frameworks/Python.framework/Versions/3.11/lib/python3.11/site-packages/airflow/example_dags/example_time_delta_sensor_async.py took 2.256 seconds
[2022-12-31T21:02:34.329+0100] {processor.py:153} INFO - Started process (PID=94130) to work on /Library/Frameworks/Python.framework/Versions/3.11/lib/python3.11/site-packages/airflow/example_dags/example_time_delta_sensor_async.py
[2022-12-31T21:02:34.331+0100] {processor.py:743} INFO - Processing file /Library/Frameworks/Python.framework/Versions/3.11/lib/python3.11/site-packages/airflow/example_dags/example_time_delta_sensor_async.py for tasks to queue
[2022-12-31T21:02:34.331+0100] {logging_mixin.py:137} INFO - [2022-12-31T21:02:34.331+0100] {dagbag.py:538} INFO - Filling up the DagBag from /Library/Frameworks/Python.framework/Versions/3.11/lib/python3.11/site-packages/airflow/example_dags/example_time_delta_sensor_async.py
[2022-12-31T21:02:34.347+0100] {processor.py:753} INFO - DAG(s) dict_keys(['example_time_delta_sensor_async']) retrieved from /Library/Frameworks/Python.framework/Versions/3.11/lib/python3.11/site-packages/airflow/example_dags/example_time_delta_sensor_async.py
[2022-12-31T21:02:35.935+0100] {logging_mixin.py:137} INFO - {2.3: 'Indiana Pacers', 1.72: 'LA Clippers'}
[2022-12-31T21:02:36.078+0100] {logging_mixin.py:137} INFO - [2022-12-31T21:02:36.078+0100] {dag.py:2676} INFO - Sync 1 DAGs
[2022-12-31T21:02:36.085+0100] {logging_mixin.py:137} INFO - [2022-12-31T21:02:36.085+0100] {dag.py:3423} INFO - Setting next_dagrun for example_time_delta_sensor_async to None, run_after=None
[2022-12-31T21:02:36.104+0100] {processor.py:175} INFO - Processing /Library/Frameworks/Python.framework/Versions/3.11/lib/python3.11/site-packages/airflow/example_dags/example_time_delta_sensor_async.py took 1.776 seconds
[2022-12-31T21:03:37.924+0100] {processor.py:153} INFO - Started process (PID=94321) to work on /Library/Frameworks/Python.framework/Versions/3.11/lib/python3.11/site-packages/airflow/example_dags/example_time_delta_sensor_async.py
[2022-12-31T21:03:37.927+0100] {processor.py:743} INFO - Processing file /Library/Frameworks/Python.framework/Versions/3.11/lib/python3.11/site-packages/airflow/example_dags/example_time_delta_sensor_async.py for tasks to queue
[2022-12-31T21:03:37.927+0100] {logging_mixin.py:137} INFO - [2022-12-31T21:03:37.927+0100] {dagbag.py:538} INFO - Filling up the DagBag from /Library/Frameworks/Python.framework/Versions/3.11/lib/python3.11/site-packages/airflow/example_dags/example_time_delta_sensor_async.py
[2022-12-31T21:03:37.964+0100] {processor.py:753} INFO - DAG(s) dict_keys(['example_time_delta_sensor_async']) retrieved from /Library/Frameworks/Python.framework/Versions/3.11/lib/python3.11/site-packages/airflow/example_dags/example_time_delta_sensor_async.py
[2022-12-31T21:03:39.702+0100] {logging_mixin.py:137} INFO - {2.3: 'Indiana Pacers', 1.72: 'LA Clippers'}
[2022-12-31T21:03:39.856+0100] {logging_mixin.py:137} INFO - [2022-12-31T21:03:39.856+0100] {dag.py:2676} INFO - Sync 1 DAGs
[2022-12-31T21:03:39.864+0100] {logging_mixin.py:137} INFO - [2022-12-31T21:03:39.864+0100] {dag.py:3423} INFO - Setting next_dagrun for example_time_delta_sensor_async to None, run_after=None
[2022-12-31T21:03:39.872+0100] {processor.py:175} INFO - Processing /Library/Frameworks/Python.framework/Versions/3.11/lib/python3.11/site-packages/airflow/example_dags/example_time_delta_sensor_async.py took 1.948 seconds
[2022-12-31T21:04:42.298+0100] {processor.py:153} INFO - Started process (PID=94442) to work on /Library/Frameworks/Python.framework/Versions/3.11/lib/python3.11/site-packages/airflow/example_dags/example_time_delta_sensor_async.py
[2022-12-31T21:04:42.302+0100] {processor.py:743} INFO - Processing file /Library/Frameworks/Python.framework/Versions/3.11/lib/python3.11/site-packages/airflow/example_dags/example_time_delta_sensor_async.py for tasks to queue
[2022-12-31T21:04:42.302+0100] {logging_mixin.py:137} INFO - [2022-12-31T21:04:42.302+0100] {dagbag.py:538} INFO - Filling up the DagBag from /Library/Frameworks/Python.framework/Versions/3.11/lib/python3.11/site-packages/airflow/example_dags/example_time_delta_sensor_async.py
[2022-12-31T21:04:42.319+0100] {processor.py:753} INFO - DAG(s) dict_keys(['example_time_delta_sensor_async']) retrieved from /Library/Frameworks/Python.framework/Versions/3.11/lib/python3.11/site-packages/airflow/example_dags/example_time_delta_sensor_async.py
[2022-12-31T21:04:43.838+0100] {logging_mixin.py:137} INFO - {2.3: 'Indiana Pacers', 1.72: 'LA Clippers'}
[2022-12-31T21:04:43.973+0100] {logging_mixin.py:137} INFO - [2022-12-31T21:04:43.973+0100] {dag.py:2676} INFO - Sync 1 DAGs
[2022-12-31T21:04:43.979+0100] {logging_mixin.py:137} INFO - [2022-12-31T21:04:43.979+0100] {dag.py:3423} INFO - Setting next_dagrun for example_time_delta_sensor_async to None, run_after=None
[2022-12-31T21:04:43.985+0100] {processor.py:175} INFO - Processing /Library/Frameworks/Python.framework/Versions/3.11/lib/python3.11/site-packages/airflow/example_dags/example_time_delta_sensor_async.py took 1.688 seconds
[2022-12-31T21:05:41.549+0100] {processor.py:153} INFO - Started process (PID=94587) to work on /Library/Frameworks/Python.framework/Versions/3.11/lib/python3.11/site-packages/airflow/example_dags/example_time_delta_sensor_async.py
[2022-12-31T21:05:41.555+0100] {processor.py:743} INFO - Processing file /Library/Frameworks/Python.framework/Versions/3.11/lib/python3.11/site-packages/airflow/example_dags/example_time_delta_sensor_async.py for tasks to queue
[2022-12-31T21:05:41.555+0100] {logging_mixin.py:137} INFO - [2022-12-31T21:05:41.555+0100] {dagbag.py:538} INFO - Filling up the DagBag from /Library/Frameworks/Python.framework/Versions/3.11/lib/python3.11/site-packages/airflow/example_dags/example_time_delta_sensor_async.py
[2022-12-31T21:05:41.571+0100] {processor.py:753} INFO - DAG(s) dict_keys(['example_time_delta_sensor_async']) retrieved from /Library/Frameworks/Python.framework/Versions/3.11/lib/python3.11/site-packages/airflow/example_dags/example_time_delta_sensor_async.py
[2022-12-31T21:05:43.442+0100] {logging_mixin.py:137} INFO - {2.3: 'Indiana Pacers', 1.72: 'LA Clippers'}
[2022-12-31T21:05:43.575+0100] {logging_mixin.py:137} INFO - [2022-12-31T21:05:43.575+0100] {dag.py:2676} INFO - Sync 1 DAGs
[2022-12-31T21:05:43.581+0100] {logging_mixin.py:137} INFO - [2022-12-31T21:05:43.581+0100] {dag.py:3423} INFO - Setting next_dagrun for example_time_delta_sensor_async to None, run_after=None
[2022-12-31T21:05:43.587+0100] {processor.py:175} INFO - Processing /Library/Frameworks/Python.framework/Versions/3.11/lib/python3.11/site-packages/airflow/example_dags/example_time_delta_sensor_async.py took 2.038 seconds
[2022-12-31T21:07:29.680+0100] {processor.py:153} INFO - Started process (PID=94775) to work on /Library/Frameworks/Python.framework/Versions/3.11/lib/python3.11/site-packages/airflow/example_dags/example_time_delta_sensor_async.py
[2022-12-31T21:07:29.683+0100] {processor.py:743} INFO - Processing file /Library/Frameworks/Python.framework/Versions/3.11/lib/python3.11/site-packages/airflow/example_dags/example_time_delta_sensor_async.py for tasks to queue
[2022-12-31T21:07:29.683+0100] {logging_mixin.py:137} INFO - [2022-12-31T21:07:29.683+0100] {dagbag.py:538} INFO - Filling up the DagBag from /Library/Frameworks/Python.framework/Versions/3.11/lib/python3.11/site-packages/airflow/example_dags/example_time_delta_sensor_async.py
[2022-12-31T21:07:29.699+0100] {processor.py:753} INFO - DAG(s) dict_keys(['example_time_delta_sensor_async']) retrieved from /Library/Frameworks/Python.framework/Versions/3.11/lib/python3.11/site-packages/airflow/example_dags/example_time_delta_sensor_async.py
[2022-12-31T21:07:31.365+0100] {logging_mixin.py:137} INFO - {2.3: 'Indiana Pacers', 1.72: 'LA Clippers'}
[2022-12-31T21:07:31.496+0100] {logging_mixin.py:137} INFO - [2022-12-31T21:07:31.496+0100] {dag.py:2676} INFO - Sync 1 DAGs
[2022-12-31T21:07:31.503+0100] {logging_mixin.py:137} INFO - [2022-12-31T21:07:31.503+0100] {dag.py:3423} INFO - Setting next_dagrun for example_time_delta_sensor_async to None, run_after=None
[2022-12-31T21:07:31.509+0100] {processor.py:175} INFO - Processing /Library/Frameworks/Python.framework/Versions/3.11/lib/python3.11/site-packages/airflow/example_dags/example_time_delta_sensor_async.py took 1.829 seconds
[2022-12-31T21:08:26.958+0100] {processor.py:153} INFO - Started process (PID=94927) to work on /Library/Frameworks/Python.framework/Versions/3.11/lib/python3.11/site-packages/airflow/example_dags/example_time_delta_sensor_async.py
[2022-12-31T21:08:26.962+0100] {processor.py:743} INFO - Processing file /Library/Frameworks/Python.framework/Versions/3.11/lib/python3.11/site-packages/airflow/example_dags/example_time_delta_sensor_async.py for tasks to queue
[2022-12-31T21:08:26.962+0100] {logging_mixin.py:137} INFO - [2022-12-31T21:08:26.962+0100] {dagbag.py:538} INFO - Filling up the DagBag from /Library/Frameworks/Python.framework/Versions/3.11/lib/python3.11/site-packages/airflow/example_dags/example_time_delta_sensor_async.py
[2022-12-31T21:08:26.990+0100] {processor.py:753} INFO - DAG(s) dict_keys(['example_time_delta_sensor_async']) retrieved from /Library/Frameworks/Python.framework/Versions/3.11/lib/python3.11/site-packages/airflow/example_dags/example_time_delta_sensor_async.py
[2022-12-31T21:08:28.774+0100] {logging_mixin.py:137} INFO - {2.3: 'Indiana Pacers', 1.72: 'LA Clippers'}
[2022-12-31T21:08:28.914+0100] {logging_mixin.py:137} INFO - [2022-12-31T21:08:28.914+0100] {dag.py:2676} INFO - Sync 1 DAGs
[2022-12-31T21:08:28.921+0100] {logging_mixin.py:137} INFO - [2022-12-31T21:08:28.921+0100] {dag.py:3423} INFO - Setting next_dagrun for example_time_delta_sensor_async to None, run_after=None
[2022-12-31T21:08:28.928+0100] {processor.py:175} INFO - Processing /Library/Frameworks/Python.framework/Versions/3.11/lib/python3.11/site-packages/airflow/example_dags/example_time_delta_sensor_async.py took 1.972 seconds
[2022-12-31T21:09:28.150+0100] {processor.py:153} INFO - Started process (PID=95091) to work on /Library/Frameworks/Python.framework/Versions/3.11/lib/python3.11/site-packages/airflow/example_dags/example_time_delta_sensor_async.py
[2022-12-31T21:09:28.158+0100] {processor.py:743} INFO - Processing file /Library/Frameworks/Python.framework/Versions/3.11/lib/python3.11/site-packages/airflow/example_dags/example_time_delta_sensor_async.py for tasks to queue
[2022-12-31T21:09:28.158+0100] {logging_mixin.py:137} INFO - [2022-12-31T21:09:28.158+0100] {dagbag.py:538} INFO - Filling up the DagBag from /Library/Frameworks/Python.framework/Versions/3.11/lib/python3.11/site-packages/airflow/example_dags/example_time_delta_sensor_async.py
[2022-12-31T21:09:28.175+0100] {processor.py:753} INFO - DAG(s) dict_keys(['example_time_delta_sensor_async']) retrieved from /Library/Frameworks/Python.framework/Versions/3.11/lib/python3.11/site-packages/airflow/example_dags/example_time_delta_sensor_async.py
[2022-12-31T21:09:29.984+0100] {logging_mixin.py:137} INFO - {2.3: 'Indiana Pacers', 1.72: 'LA Clippers'}
[2022-12-31T21:09:30.129+0100] {logging_mixin.py:137} INFO - [2022-12-31T21:09:30.129+0100] {dag.py:2676} INFO - Sync 1 DAGs
[2022-12-31T21:09:30.136+0100] {logging_mixin.py:137} INFO - [2022-12-31T21:09:30.136+0100] {dag.py:3423} INFO - Setting next_dagrun for example_time_delta_sensor_async to None, run_after=None
[2022-12-31T21:09:30.144+0100] {processor.py:175} INFO - Processing /Library/Frameworks/Python.framework/Versions/3.11/lib/python3.11/site-packages/airflow/example_dags/example_time_delta_sensor_async.py took 1.994 seconds
[2022-12-31T21:10:29.811+0100] {processor.py:153} INFO - Started process (PID=95245) to work on /Library/Frameworks/Python.framework/Versions/3.11/lib/python3.11/site-packages/airflow/example_dags/example_time_delta_sensor_async.py
[2022-12-31T21:10:29.820+0100] {processor.py:743} INFO - Processing file /Library/Frameworks/Python.framework/Versions/3.11/lib/python3.11/site-packages/airflow/example_dags/example_time_delta_sensor_async.py for tasks to queue
[2022-12-31T21:10:29.821+0100] {logging_mixin.py:137} INFO - [2022-12-31T21:10:29.821+0100] {dagbag.py:538} INFO - Filling up the DagBag from /Library/Frameworks/Python.framework/Versions/3.11/lib/python3.11/site-packages/airflow/example_dags/example_time_delta_sensor_async.py
[2022-12-31T21:10:29.837+0100] {processor.py:753} INFO - DAG(s) dict_keys(['example_time_delta_sensor_async']) retrieved from /Library/Frameworks/Python.framework/Versions/3.11/lib/python3.11/site-packages/airflow/example_dags/example_time_delta_sensor_async.py
[2022-12-31T21:10:31.337+0100] {logging_mixin.py:137} INFO - {2.3: 'Indiana Pacers', 1.72: 'LA Clippers'}
[2022-12-31T21:10:31.465+0100] {logging_mixin.py:137} INFO - [2022-12-31T21:10:31.465+0100] {dag.py:2676} INFO - Sync 1 DAGs
[2022-12-31T21:10:31.471+0100] {logging_mixin.py:137} INFO - [2022-12-31T21:10:31.471+0100] {dag.py:3423} INFO - Setting next_dagrun for example_time_delta_sensor_async to None, run_after=None
[2022-12-31T21:10:31.477+0100] {processor.py:175} INFO - Processing /Library/Frameworks/Python.framework/Versions/3.11/lib/python3.11/site-packages/airflow/example_dags/example_time_delta_sensor_async.py took 1.666 seconds
[2022-12-31T21:11:32.650+0100] {processor.py:153} INFO - Started process (PID=95440) to work on /Library/Frameworks/Python.framework/Versions/3.11/lib/python3.11/site-packages/airflow/example_dags/example_time_delta_sensor_async.py
[2022-12-31T21:11:32.657+0100] {processor.py:743} INFO - Processing file /Library/Frameworks/Python.framework/Versions/3.11/lib/python3.11/site-packages/airflow/example_dags/example_time_delta_sensor_async.py for tasks to queue
[2022-12-31T21:11:32.669+0100] {logging_mixin.py:137} INFO - [2022-12-31T21:11:32.657+0100] {dagbag.py:538} INFO - Filling up the DagBag from /Library/Frameworks/Python.framework/Versions/3.11/lib/python3.11/site-packages/airflow/example_dags/example_time_delta_sensor_async.py
[2022-12-31T21:11:32.690+0100] {processor.py:753} INFO - DAG(s) dict_keys(['example_time_delta_sensor_async']) retrieved from /Library/Frameworks/Python.framework/Versions/3.11/lib/python3.11/site-packages/airflow/example_dags/example_time_delta_sensor_async.py
[2022-12-31T21:11:34.625+0100] {logging_mixin.py:137} INFO - {2.3: 'Indiana Pacers', 1.72: 'LA Clippers'}
[2022-12-31T21:11:34.769+0100] {logging_mixin.py:137} INFO - [2022-12-31T21:11:34.769+0100] {dag.py:2676} INFO - Sync 1 DAGs
[2022-12-31T21:11:34.776+0100] {logging_mixin.py:137} INFO - [2022-12-31T21:11:34.776+0100] {dag.py:3423} INFO - Setting next_dagrun for example_time_delta_sensor_async to None, run_after=None
[2022-12-31T21:11:34.783+0100] {processor.py:175} INFO - Processing /Library/Frameworks/Python.framework/Versions/3.11/lib/python3.11/site-packages/airflow/example_dags/example_time_delta_sensor_async.py took 2.134 seconds
[2022-12-31T21:12:33.621+0100] {processor.py:153} INFO - Started process (PID=95554) to work on /Library/Frameworks/Python.framework/Versions/3.11/lib/python3.11/site-packages/airflow/example_dags/example_time_delta_sensor_async.py
[2022-12-31T21:12:33.625+0100] {processor.py:743} INFO - Processing file /Library/Frameworks/Python.framework/Versions/3.11/lib/python3.11/site-packages/airflow/example_dags/example_time_delta_sensor_async.py for tasks to queue
[2022-12-31T21:12:33.626+0100] {logging_mixin.py:137} INFO - [2022-12-31T21:12:33.626+0100] {dagbag.py:538} INFO - Filling up the DagBag from /Library/Frameworks/Python.framework/Versions/3.11/lib/python3.11/site-packages/airflow/example_dags/example_time_delta_sensor_async.py
[2022-12-31T21:12:33.650+0100] {processor.py:753} INFO - DAG(s) dict_keys(['example_time_delta_sensor_async']) retrieved from /Library/Frameworks/Python.framework/Versions/3.11/lib/python3.11/site-packages/airflow/example_dags/example_time_delta_sensor_async.py
[2022-12-31T21:12:35.481+0100] {logging_mixin.py:137} INFO - {2.3: 'Indiana Pacers', 1.72: 'LA Clippers'}
[2022-12-31T21:12:35.627+0100] {logging_mixin.py:137} INFO - [2022-12-31T21:12:35.627+0100] {dag.py:2676} INFO - Sync 1 DAGs
[2022-12-31T21:12:35.634+0100] {logging_mixin.py:137} INFO - [2022-12-31T21:12:35.634+0100] {dag.py:3423} INFO - Setting next_dagrun for example_time_delta_sensor_async to None, run_after=None
[2022-12-31T21:12:35.642+0100] {processor.py:175} INFO - Processing /Library/Frameworks/Python.framework/Versions/3.11/lib/python3.11/site-packages/airflow/example_dags/example_time_delta_sensor_async.py took 2.022 seconds
[2022-12-31T21:13:42.568+0100] {processor.py:153} INFO - Started process (PID=95709) to work on /Library/Frameworks/Python.framework/Versions/3.11/lib/python3.11/site-packages/airflow/example_dags/example_time_delta_sensor_async.py
[2022-12-31T21:13:42.576+0100] {processor.py:743} INFO - Processing file /Library/Frameworks/Python.framework/Versions/3.11/lib/python3.11/site-packages/airflow/example_dags/example_time_delta_sensor_async.py for tasks to queue
[2022-12-31T21:13:42.576+0100] {logging_mixin.py:137} INFO - [2022-12-31T21:13:42.576+0100] {dagbag.py:538} INFO - Filling up the DagBag from /Library/Frameworks/Python.framework/Versions/3.11/lib/python3.11/site-packages/airflow/example_dags/example_time_delta_sensor_async.py
[2022-12-31T21:13:42.593+0100] {processor.py:753} INFO - DAG(s) dict_keys(['example_time_delta_sensor_async']) retrieved from /Library/Frameworks/Python.framework/Versions/3.11/lib/python3.11/site-packages/airflow/example_dags/example_time_delta_sensor_async.py
[2022-12-31T21:13:44.578+0100] {logging_mixin.py:137} INFO - {2.3: 'Indiana Pacers', 1.72: 'LA Clippers'}
[2022-12-31T21:13:44.718+0100] {logging_mixin.py:137} INFO - [2022-12-31T21:13:44.718+0100] {dag.py:2676} INFO - Sync 1 DAGs
[2022-12-31T21:13:44.725+0100] {logging_mixin.py:137} INFO - [2022-12-31T21:13:44.725+0100] {dag.py:3423} INFO - Setting next_dagrun for example_time_delta_sensor_async to None, run_after=None
[2022-12-31T21:13:44.731+0100] {processor.py:175} INFO - Processing /Library/Frameworks/Python.framework/Versions/3.11/lib/python3.11/site-packages/airflow/example_dags/example_time_delta_sensor_async.py took 2.164 seconds
[2022-12-31T21:14:43.945+0100] {processor.py:153} INFO - Started process (PID=95814) to work on /Library/Frameworks/Python.framework/Versions/3.11/lib/python3.11/site-packages/airflow/example_dags/example_time_delta_sensor_async.py
[2022-12-31T21:14:43.962+0100] {processor.py:743} INFO - Processing file /Library/Frameworks/Python.framework/Versions/3.11/lib/python3.11/site-packages/airflow/example_dags/example_time_delta_sensor_async.py for tasks to queue
[2022-12-31T21:14:43.962+0100] {logging_mixin.py:137} INFO - [2022-12-31T21:14:43.962+0100] {dagbag.py:538} INFO - Filling up the DagBag from /Library/Frameworks/Python.framework/Versions/3.11/lib/python3.11/site-packages/airflow/example_dags/example_time_delta_sensor_async.py
[2022-12-31T21:14:43.980+0100] {processor.py:753} INFO - DAG(s) dict_keys(['example_time_delta_sensor_async']) retrieved from /Library/Frameworks/Python.framework/Versions/3.11/lib/python3.11/site-packages/airflow/example_dags/example_time_delta_sensor_async.py
[2022-12-31T21:14:45.509+0100] {logging_mixin.py:137} INFO - {2.3: 'Indiana Pacers', 1.72: 'LA Clippers'}
[2022-12-31T21:14:45.640+0100] {logging_mixin.py:137} INFO - [2022-12-31T21:14:45.640+0100] {dag.py:2676} INFO - Sync 1 DAGs
[2022-12-31T21:14:45.647+0100] {logging_mixin.py:137} INFO - [2022-12-31T21:14:45.646+0100] {dag.py:3423} INFO - Setting next_dagrun for example_time_delta_sensor_async to None, run_after=None
[2022-12-31T21:14:45.653+0100] {processor.py:175} INFO - Processing /Library/Frameworks/Python.framework/Versions/3.11/lib/python3.11/site-packages/airflow/example_dags/example_time_delta_sensor_async.py took 1.709 seconds
[2022-12-31T21:16:35.588+0100] {processor.py:153} INFO - Started process (PID=96095) to work on /Library/Frameworks/Python.framework/Versions/3.11/lib/python3.11/site-packages/airflow/example_dags/example_time_delta_sensor_async.py
[2022-12-31T21:16:35.593+0100] {processor.py:743} INFO - Processing file /Library/Frameworks/Python.framework/Versions/3.11/lib/python3.11/site-packages/airflow/example_dags/example_time_delta_sensor_async.py for tasks to queue
[2022-12-31T21:16:35.593+0100] {logging_mixin.py:137} INFO - [2022-12-31T21:16:35.593+0100] {dagbag.py:538} INFO - Filling up the DagBag from /Library/Frameworks/Python.framework/Versions/3.11/lib/python3.11/site-packages/airflow/example_dags/example_time_delta_sensor_async.py
[2022-12-31T21:16:35.610+0100] {processor.py:753} INFO - DAG(s) dict_keys(['example_time_delta_sensor_async']) retrieved from /Library/Frameworks/Python.framework/Versions/3.11/lib/python3.11/site-packages/airflow/example_dags/example_time_delta_sensor_async.py
[2022-12-31T21:16:37.142+0100] {logging_mixin.py:137} INFO - {2.3: 'Indiana Pacers', 1.72: 'LA Clippers'}
[2022-12-31T21:16:37.289+0100] {logging_mixin.py:137} INFO - [2022-12-31T21:16:37.289+0100] {dag.py:2676} INFO - Sync 1 DAGs
[2022-12-31T21:16:37.295+0100] {logging_mixin.py:137} INFO - [2022-12-31T21:16:37.295+0100] {dag.py:3423} INFO - Setting next_dagrun for example_time_delta_sensor_async to None, run_after=None
[2022-12-31T21:16:37.302+0100] {processor.py:175} INFO - Processing /Library/Frameworks/Python.framework/Versions/3.11/lib/python3.11/site-packages/airflow/example_dags/example_time_delta_sensor_async.py took 1.715 seconds
[2022-12-31T21:18:21.892+0100] {processor.py:153} INFO - Started process (PID=96317) to work on /Library/Frameworks/Python.framework/Versions/3.11/lib/python3.11/site-packages/airflow/example_dags/example_time_delta_sensor_async.py
[2022-12-31T21:18:21.897+0100] {processor.py:743} INFO - Processing file /Library/Frameworks/Python.framework/Versions/3.11/lib/python3.11/site-packages/airflow/example_dags/example_time_delta_sensor_async.py for tasks to queue
[2022-12-31T21:18:21.897+0100] {logging_mixin.py:137} INFO - [2022-12-31T21:18:21.897+0100] {dagbag.py:538} INFO - Filling up the DagBag from /Library/Frameworks/Python.framework/Versions/3.11/lib/python3.11/site-packages/airflow/example_dags/example_time_delta_sensor_async.py
[2022-12-31T21:18:21.913+0100] {processor.py:753} INFO - DAG(s) dict_keys(['example_time_delta_sensor_async']) retrieved from /Library/Frameworks/Python.framework/Versions/3.11/lib/python3.11/site-packages/airflow/example_dags/example_time_delta_sensor_async.py
[2022-12-31T21:18:23.509+0100] {logging_mixin.py:137} INFO - {2.3: 'Indiana Pacers', 1.72: 'LA Clippers'}
[2022-12-31T21:18:23.638+0100] {logging_mixin.py:137} INFO - [2022-12-31T21:18:23.638+0100] {dag.py:2676} INFO - Sync 1 DAGs
[2022-12-31T21:18:23.645+0100] {logging_mixin.py:137} INFO - [2022-12-31T21:18:23.645+0100] {dag.py:3423} INFO - Setting next_dagrun for example_time_delta_sensor_async to None, run_after=None
[2022-12-31T21:18:23.652+0100] {processor.py:175} INFO - Processing /Library/Frameworks/Python.framework/Versions/3.11/lib/python3.11/site-packages/airflow/example_dags/example_time_delta_sensor_async.py took 1.761 seconds
[2022-12-31T21:19:22.903+0100] {processor.py:153} INFO - Started process (PID=96466) to work on /Library/Frameworks/Python.framework/Versions/3.11/lib/python3.11/site-packages/airflow/example_dags/example_time_delta_sensor_async.py
[2022-12-31T21:19:22.907+0100] {processor.py:743} INFO - Processing file /Library/Frameworks/Python.framework/Versions/3.11/lib/python3.11/site-packages/airflow/example_dags/example_time_delta_sensor_async.py for tasks to queue
[2022-12-31T21:19:22.907+0100] {logging_mixin.py:137} INFO - [2022-12-31T21:19:22.907+0100] {dagbag.py:538} INFO - Filling up the DagBag from /Library/Frameworks/Python.framework/Versions/3.11/lib/python3.11/site-packages/airflow/example_dags/example_time_delta_sensor_async.py
[2022-12-31T21:19:22.924+0100] {processor.py:753} INFO - DAG(s) dict_keys(['example_time_delta_sensor_async']) retrieved from /Library/Frameworks/Python.framework/Versions/3.11/lib/python3.11/site-packages/airflow/example_dags/example_time_delta_sensor_async.py
[2022-12-31T21:19:24.810+0100] {logging_mixin.py:137} INFO - {2.3: 'Indiana Pacers', 1.72: 'LA Clippers'}
[2022-12-31T21:19:24.946+0100] {logging_mixin.py:137} INFO - [2022-12-31T21:19:24.946+0100] {dag.py:2676} INFO - Sync 1 DAGs
[2022-12-31T21:19:24.953+0100] {logging_mixin.py:137} INFO - [2022-12-31T21:19:24.953+0100] {dag.py:3423} INFO - Setting next_dagrun for example_time_delta_sensor_async to None, run_after=None
[2022-12-31T21:19:24.961+0100] {processor.py:175} INFO - Processing /Library/Frameworks/Python.framework/Versions/3.11/lib/python3.11/site-packages/airflow/example_dags/example_time_delta_sensor_async.py took 2.059 seconds
[2022-12-31T21:20:21.638+0100] {processor.py:153} INFO - Started process (PID=96549) to work on /Library/Frameworks/Python.framework/Versions/3.11/lib/python3.11/site-packages/airflow/example_dags/example_time_delta_sensor_async.py
[2022-12-31T21:20:21.643+0100] {processor.py:743} INFO - Processing file /Library/Frameworks/Python.framework/Versions/3.11/lib/python3.11/site-packages/airflow/example_dags/example_time_delta_sensor_async.py for tasks to queue
[2022-12-31T21:20:21.643+0100] {logging_mixin.py:137} INFO - [2022-12-31T21:20:21.643+0100] {dagbag.py:538} INFO - Filling up the DagBag from /Library/Frameworks/Python.framework/Versions/3.11/lib/python3.11/site-packages/airflow/example_dags/example_time_delta_sensor_async.py
[2022-12-31T21:20:21.659+0100] {processor.py:753} INFO - DAG(s) dict_keys(['example_time_delta_sensor_async']) retrieved from /Library/Frameworks/Python.framework/Versions/3.11/lib/python3.11/site-packages/airflow/example_dags/example_time_delta_sensor_async.py
[2022-12-31T21:20:23.275+0100] {logging_mixin.py:137} INFO - {2.3: 'Indiana Pacers', 1.72: 'LA Clippers'}
[2022-12-31T21:20:23.407+0100] {logging_mixin.py:137} INFO - [2022-12-31T21:20:23.407+0100] {dag.py:2676} INFO - Sync 1 DAGs
[2022-12-31T21:20:23.413+0100] {logging_mixin.py:137} INFO - [2022-12-31T21:20:23.413+0100] {dag.py:3423} INFO - Setting next_dagrun for example_time_delta_sensor_async to None, run_after=None
[2022-12-31T21:20:23.420+0100] {processor.py:175} INFO - Processing /Library/Frameworks/Python.framework/Versions/3.11/lib/python3.11/site-packages/airflow/example_dags/example_time_delta_sensor_async.py took 1.783 seconds
[2022-12-31T21:21:20.637+0100] {processor.py:153} INFO - Started process (PID=96656) to work on /Library/Frameworks/Python.framework/Versions/3.11/lib/python3.11/site-packages/airflow/example_dags/example_time_delta_sensor_async.py
[2022-12-31T21:21:20.642+0100] {processor.py:743} INFO - Processing file /Library/Frameworks/Python.framework/Versions/3.11/lib/python3.11/site-packages/airflow/example_dags/example_time_delta_sensor_async.py for tasks to queue
[2022-12-31T21:21:20.643+0100] {logging_mixin.py:137} INFO - [2022-12-31T21:21:20.643+0100] {dagbag.py:538} INFO - Filling up the DagBag from /Library/Frameworks/Python.framework/Versions/3.11/lib/python3.11/site-packages/airflow/example_dags/example_time_delta_sensor_async.py
[2022-12-31T21:21:20.659+0100] {processor.py:753} INFO - DAG(s) dict_keys(['example_time_delta_sensor_async']) retrieved from /Library/Frameworks/Python.framework/Versions/3.11/lib/python3.11/site-packages/airflow/example_dags/example_time_delta_sensor_async.py
[2022-12-31T21:21:22.316+0100] {logging_mixin.py:137} INFO - {2.3: 'Indiana Pacers', 1.72: 'LA Clippers'}
[2022-12-31T21:21:22.445+0100] {logging_mixin.py:137} INFO - [2022-12-31T21:21:22.445+0100] {dag.py:2676} INFO - Sync 1 DAGs
[2022-12-31T21:21:22.451+0100] {logging_mixin.py:137} INFO - [2022-12-31T21:21:22.451+0100] {dag.py:3423} INFO - Setting next_dagrun for example_time_delta_sensor_async to None, run_after=None
[2022-12-31T21:21:22.457+0100] {processor.py:175} INFO - Processing /Library/Frameworks/Python.framework/Versions/3.11/lib/python3.11/site-packages/airflow/example_dags/example_time_delta_sensor_async.py took 1.822 seconds
[2022-12-31T21:22:17.811+0100] {processor.py:153} INFO - Started process (PID=96751) to work on /Library/Frameworks/Python.framework/Versions/3.11/lib/python3.11/site-packages/airflow/example_dags/example_time_delta_sensor_async.py
[2022-12-31T21:22:17.827+0100] {processor.py:743} INFO - Processing file /Library/Frameworks/Python.framework/Versions/3.11/lib/python3.11/site-packages/airflow/example_dags/example_time_delta_sensor_async.py for tasks to queue
[2022-12-31T21:22:17.827+0100] {logging_mixin.py:137} INFO - [2022-12-31T21:22:17.827+0100] {dagbag.py:538} INFO - Filling up the DagBag from /Library/Frameworks/Python.framework/Versions/3.11/lib/python3.11/site-packages/airflow/example_dags/example_time_delta_sensor_async.py
[2022-12-31T21:22:17.843+0100] {processor.py:753} INFO - DAG(s) dict_keys(['example_time_delta_sensor_async']) retrieved from /Library/Frameworks/Python.framework/Versions/3.11/lib/python3.11/site-packages/airflow/example_dags/example_time_delta_sensor_async.py
[2022-12-31T21:22:19.483+0100] {logging_mixin.py:137} INFO - {2.3: 'Indiana Pacers', 1.72: 'LA Clippers'}
[2022-12-31T21:22:19.615+0100] {logging_mixin.py:137} INFO - [2022-12-31T21:22:19.615+0100] {dag.py:2676} INFO - Sync 1 DAGs
[2022-12-31T21:22:19.621+0100] {logging_mixin.py:137} INFO - [2022-12-31T21:22:19.621+0100] {dag.py:3423} INFO - Setting next_dagrun for example_time_delta_sensor_async to None, run_after=None
[2022-12-31T21:22:19.626+0100] {processor.py:175} INFO - Processing /Library/Frameworks/Python.framework/Versions/3.11/lib/python3.11/site-packages/airflow/example_dags/example_time_delta_sensor_async.py took 1.816 seconds
[2022-12-31T21:23:17.002+0100] {processor.py:153} INFO - Started process (PID=96828) to work on /Library/Frameworks/Python.framework/Versions/3.11/lib/python3.11/site-packages/airflow/example_dags/example_time_delta_sensor_async.py
[2022-12-31T21:23:17.005+0100] {processor.py:743} INFO - Processing file /Library/Frameworks/Python.framework/Versions/3.11/lib/python3.11/site-packages/airflow/example_dags/example_time_delta_sensor_async.py for tasks to queue
[2022-12-31T21:23:17.005+0100] {logging_mixin.py:137} INFO - [2022-12-31T21:23:17.005+0100] {dagbag.py:538} INFO - Filling up the DagBag from /Library/Frameworks/Python.framework/Versions/3.11/lib/python3.11/site-packages/airflow/example_dags/example_time_delta_sensor_async.py
[2022-12-31T21:23:17.021+0100] {processor.py:753} INFO - DAG(s) dict_keys(['example_time_delta_sensor_async']) retrieved from /Library/Frameworks/Python.framework/Versions/3.11/lib/python3.11/site-packages/airflow/example_dags/example_time_delta_sensor_async.py
[2022-12-31T21:23:18.593+0100] {logging_mixin.py:137} INFO - {2.3: 'Indiana Pacers', 1.72: 'LA Clippers'}
[2022-12-31T21:23:18.734+0100] {logging_mixin.py:137} INFO - [2022-12-31T21:23:18.734+0100] {dag.py:2676} INFO - Sync 1 DAGs
[2022-12-31T21:23:18.740+0100] {logging_mixin.py:137} INFO - [2022-12-31T21:23:18.740+0100] {dag.py:3423} INFO - Setting next_dagrun for example_time_delta_sensor_async to None, run_after=None
[2022-12-31T21:23:18.746+0100] {processor.py:175} INFO - Processing /Library/Frameworks/Python.framework/Versions/3.11/lib/python3.11/site-packages/airflow/example_dags/example_time_delta_sensor_async.py took 1.744 seconds
[2022-12-31T21:24:17.467+0100] {processor.py:153} INFO - Started process (PID=96956) to work on /Library/Frameworks/Python.framework/Versions/3.11/lib/python3.11/site-packages/airflow/example_dags/example_time_delta_sensor_async.py
[2022-12-31T21:24:17.470+0100] {processor.py:743} INFO - Processing file /Library/Frameworks/Python.framework/Versions/3.11/lib/python3.11/site-packages/airflow/example_dags/example_time_delta_sensor_async.py for tasks to queue
[2022-12-31T21:24:17.470+0100] {logging_mixin.py:137} INFO - [2022-12-31T21:24:17.470+0100] {dagbag.py:538} INFO - Filling up the DagBag from /Library/Frameworks/Python.framework/Versions/3.11/lib/python3.11/site-packages/airflow/example_dags/example_time_delta_sensor_async.py
[2022-12-31T21:24:17.487+0100] {processor.py:753} INFO - DAG(s) dict_keys(['example_time_delta_sensor_async']) retrieved from /Library/Frameworks/Python.framework/Versions/3.11/lib/python3.11/site-packages/airflow/example_dags/example_time_delta_sensor_async.py
[2022-12-31T21:24:19.166+0100] {logging_mixin.py:137} INFO - {2.3: 'Indiana Pacers', 1.72: 'LA Clippers'}
[2022-12-31T21:24:19.395+0100] {logging_mixin.py:137} INFO - [2022-12-31T21:24:19.395+0100] {dag.py:2676} INFO - Sync 1 DAGs
[2022-12-31T21:24:19.408+0100] {logging_mixin.py:137} INFO - [2022-12-31T21:24:19.407+0100] {dag.py:3423} INFO - Setting next_dagrun for example_time_delta_sensor_async to None, run_after=None
[2022-12-31T21:24:19.415+0100] {processor.py:175} INFO - Processing /Library/Frameworks/Python.framework/Versions/3.11/lib/python3.11/site-packages/airflow/example_dags/example_time_delta_sensor_async.py took 1.949 seconds
[2022-12-31T21:26:08.942+0100] {processor.py:153} INFO - Started process (PID=97156) to work on /Library/Frameworks/Python.framework/Versions/3.11/lib/python3.11/site-packages/airflow/example_dags/example_time_delta_sensor_async.py
[2022-12-31T21:26:08.946+0100] {processor.py:743} INFO - Processing file /Library/Frameworks/Python.framework/Versions/3.11/lib/python3.11/site-packages/airflow/example_dags/example_time_delta_sensor_async.py for tasks to queue
[2022-12-31T21:26:08.946+0100] {logging_mixin.py:137} INFO - [2022-12-31T21:26:08.946+0100] {dagbag.py:538} INFO - Filling up the DagBag from /Library/Frameworks/Python.framework/Versions/3.11/lib/python3.11/site-packages/airflow/example_dags/example_time_delta_sensor_async.py
[2022-12-31T21:26:08.963+0100] {processor.py:753} INFO - DAG(s) dict_keys(['example_time_delta_sensor_async']) retrieved from /Library/Frameworks/Python.framework/Versions/3.11/lib/python3.11/site-packages/airflow/example_dags/example_time_delta_sensor_async.py
[2022-12-31T21:26:10.646+0100] {logging_mixin.py:137} INFO - {2.3: 'Indiana Pacers', 1.72: 'LA Clippers'}
[2022-12-31T21:26:10.791+0100] {logging_mixin.py:137} INFO - [2022-12-31T21:26:10.791+0100] {dag.py:2676} INFO - Sync 1 DAGs
[2022-12-31T21:26:10.799+0100] {logging_mixin.py:137} INFO - [2022-12-31T21:26:10.799+0100] {dag.py:3423} INFO - Setting next_dagrun for example_time_delta_sensor_async to None, run_after=None
[2022-12-31T21:26:10.806+0100] {processor.py:175} INFO - Processing /Library/Frameworks/Python.framework/Versions/3.11/lib/python3.11/site-packages/airflow/example_dags/example_time_delta_sensor_async.py took 1.865 seconds
[2022-12-31T21:27:07.599+0100] {processor.py:153} INFO - Started process (PID=97289) to work on /Library/Frameworks/Python.framework/Versions/3.11/lib/python3.11/site-packages/airflow/example_dags/example_time_delta_sensor_async.py
[2022-12-31T21:27:07.606+0100] {processor.py:743} INFO - Processing file /Library/Frameworks/Python.framework/Versions/3.11/lib/python3.11/site-packages/airflow/example_dags/example_time_delta_sensor_async.py for tasks to queue
[2022-12-31T21:27:07.606+0100] {logging_mixin.py:137} INFO - [2022-12-31T21:27:07.606+0100] {dagbag.py:538} INFO - Filling up the DagBag from /Library/Frameworks/Python.framework/Versions/3.11/lib/python3.11/site-packages/airflow/example_dags/example_time_delta_sensor_async.py
[2022-12-31T21:27:07.622+0100] {processor.py:753} INFO - DAG(s) dict_keys(['example_time_delta_sensor_async']) retrieved from /Library/Frameworks/Python.framework/Versions/3.11/lib/python3.11/site-packages/airflow/example_dags/example_time_delta_sensor_async.py
[2022-12-31T21:27:09.364+0100] {logging_mixin.py:137} INFO - {2.3: 'Indiana Pacers', 1.72: 'LA Clippers'}
[2022-12-31T21:27:09.518+0100] {logging_mixin.py:137} INFO - [2022-12-31T21:27:09.518+0100] {dag.py:2676} INFO - Sync 1 DAGs
[2022-12-31T21:27:09.526+0100] {logging_mixin.py:137} INFO - [2022-12-31T21:27:09.526+0100] {dag.py:3423} INFO - Setting next_dagrun for example_time_delta_sensor_async to None, run_after=None
[2022-12-31T21:27:09.536+0100] {processor.py:175} INFO - Processing /Library/Frameworks/Python.framework/Versions/3.11/lib/python3.11/site-packages/airflow/example_dags/example_time_delta_sensor_async.py took 1.938 seconds
[2022-12-31T21:28:04.967+0100] {processor.py:153} INFO - Started process (PID=97383) to work on /Library/Frameworks/Python.framework/Versions/3.11/lib/python3.11/site-packages/airflow/example_dags/example_time_delta_sensor_async.py
[2022-12-31T21:28:04.970+0100] {processor.py:743} INFO - Processing file /Library/Frameworks/Python.framework/Versions/3.11/lib/python3.11/site-packages/airflow/example_dags/example_time_delta_sensor_async.py for tasks to queue
[2022-12-31T21:28:04.970+0100] {logging_mixin.py:137} INFO - [2022-12-31T21:28:04.970+0100] {dagbag.py:538} INFO - Filling up the DagBag from /Library/Frameworks/Python.framework/Versions/3.11/lib/python3.11/site-packages/airflow/example_dags/example_time_delta_sensor_async.py
[2022-12-31T21:28:05.001+0100] {processor.py:753} INFO - DAG(s) dict_keys(['example_time_delta_sensor_async']) retrieved from /Library/Frameworks/Python.framework/Versions/3.11/lib/python3.11/site-packages/airflow/example_dags/example_time_delta_sensor_async.py
[2022-12-31T21:28:06.689+0100] {logging_mixin.py:137} INFO - {2.3: 'Indiana Pacers', 1.72: 'LA Clippers'}
[2022-12-31T21:28:06.820+0100] {logging_mixin.py:137} INFO - [2022-12-31T21:28:06.819+0100] {dag.py:2676} INFO - Sync 1 DAGs
[2022-12-31T21:28:06.826+0100] {logging_mixin.py:137} INFO - [2022-12-31T21:28:06.826+0100] {dag.py:3423} INFO - Setting next_dagrun for example_time_delta_sensor_async to None, run_after=None
[2022-12-31T21:28:06.832+0100] {processor.py:175} INFO - Processing /Library/Frameworks/Python.framework/Versions/3.11/lib/python3.11/site-packages/airflow/example_dags/example_time_delta_sensor_async.py took 1.866 seconds
