[2022-12-31T20:29:35.551+0100] {processor.py:153} INFO - Started process (PID=90198) to work on /Library/Frameworks/Python.framework/Versions/3.11/lib/python3.11/site-packages/airflow/example_dags/example_nested_branch_dag.py
[2022-12-31T20:29:35.556+0100] {processor.py:743} INFO - Processing file /Library/Frameworks/Python.framework/Versions/3.11/lib/python3.11/site-packages/airflow/example_dags/example_nested_branch_dag.py for tasks to queue
[2022-12-31T20:29:35.556+0100] {logging_mixin.py:137} INFO - [2022-12-31T20:29:35.556+0100] {dagbag.py:538} INFO - Filling up the DagBag from /Library/Frameworks/Python.framework/Versions/3.11/lib/python3.11/site-packages/airflow/example_dags/example_nested_branch_dag.py
[2022-12-31T20:29:35.578+0100] {processor.py:753} INFO - DAG(s) dict_keys(['example_nested_branch_dag']) retrieved from /Library/Frameworks/Python.framework/Versions/3.11/lib/python3.11/site-packages/airflow/example_dags/example_nested_branch_dag.py
[2022-12-31T20:29:36.062+0100] {logging_mixin.py:137} INFO - [2022-12-31T20:29:36.062+0100] {manager.py:504} INFO - Created Permission View: can read on DAG:example_nested_branch_dag
[2022-12-31T20:29:36.065+0100] {logging_mixin.py:137} INFO - [2022-12-31T20:29:36.065+0100] {manager.py:504} INFO - Created Permission View: can delete on DAG:example_nested_branch_dag
[2022-12-31T20:29:36.066+0100] {logging_mixin.py:137} INFO - [2022-12-31T20:29:36.066+0100] {manager.py:504} INFO - Created Permission View: can edit on DAG:example_nested_branch_dag
[2022-12-31T20:29:36.066+0100] {logging_mixin.py:137} INFO - [2022-12-31T20:29:36.066+0100] {dag.py:2676} INFO - Sync 1 DAGs
[2022-12-31T20:29:36.070+0100] {logging_mixin.py:137} INFO - [2022-12-31T20:29:36.070+0100] {dag.py:2697} INFO - Creating ORM DAG for example_nested_branch_dag
[2022-12-31T20:29:36.073+0100] {logging_mixin.py:137} INFO - [2022-12-31T20:29:36.073+0100] {dag.py:3423} INFO - Setting next_dagrun for example_nested_branch_dag to 2022-12-30T00:00:00+00:00, run_after=2022-12-31T00:00:00+00:00
[2022-12-31T20:29:36.078+0100] {processor.py:175} INFO - Processing /Library/Frameworks/Python.framework/Versions/3.11/lib/python3.11/site-packages/airflow/example_dags/example_nested_branch_dag.py took 0.528 seconds
[2022-12-31T20:31:27.328+0100] {processor.py:153} INFO - Started process (PID=90425) to work on /Library/Frameworks/Python.framework/Versions/3.11/lib/python3.11/site-packages/airflow/example_dags/example_nested_branch_dag.py
[2022-12-31T20:31:27.333+0100] {processor.py:743} INFO - Processing file /Library/Frameworks/Python.framework/Versions/3.11/lib/python3.11/site-packages/airflow/example_dags/example_nested_branch_dag.py for tasks to queue
[2022-12-31T20:31:27.333+0100] {logging_mixin.py:137} INFO - [2022-12-31T20:31:27.333+0100] {dagbag.py:538} INFO - Filling up the DagBag from /Library/Frameworks/Python.framework/Versions/3.11/lib/python3.11/site-packages/airflow/example_dags/example_nested_branch_dag.py
[2022-12-31T20:31:27.366+0100] {processor.py:753} INFO - DAG(s) dict_keys(['example_nested_branch_dag']) retrieved from /Library/Frameworks/Python.framework/Versions/3.11/lib/python3.11/site-packages/airflow/example_dags/example_nested_branch_dag.py
[2022-12-31T20:31:27.758+0100] {logging_mixin.py:137} INFO - [2022-12-31T20:31:27.758+0100] {dag.py:2676} INFO - Sync 1 DAGs
[2022-12-31T20:31:27.764+0100] {logging_mixin.py:137} INFO - [2022-12-31T20:31:27.764+0100] {dag.py:3423} INFO - Setting next_dagrun for example_nested_branch_dag to 2022-12-30T00:00:00+00:00, run_after=2022-12-31T00:00:00+00:00
[2022-12-31T20:31:27.772+0100] {processor.py:175} INFO - Processing /Library/Frameworks/Python.framework/Versions/3.11/lib/python3.11/site-packages/airflow/example_dags/example_nested_branch_dag.py took 0.445 seconds
[2022-12-31T20:32:48.888+0100] {processor.py:153} INFO - Started process (PID=90541) to work on /Library/Frameworks/Python.framework/Versions/3.11/lib/python3.11/site-packages/airflow/example_dags/example_nested_branch_dag.py
[2022-12-31T20:32:48.898+0100] {processor.py:743} INFO - Processing file /Library/Frameworks/Python.framework/Versions/3.11/lib/python3.11/site-packages/airflow/example_dags/example_nested_branch_dag.py for tasks to queue
[2022-12-31T20:32:48.898+0100] {logging_mixin.py:137} INFO - [2022-12-31T20:32:48.898+0100] {dagbag.py:538} INFO - Filling up the DagBag from /Library/Frameworks/Python.framework/Versions/3.11/lib/python3.11/site-packages/airflow/example_dags/example_nested_branch_dag.py
[2022-12-31T20:32:48.925+0100] {processor.py:753} INFO - DAG(s) dict_keys(['example_nested_branch_dag']) retrieved from /Library/Frameworks/Python.framework/Versions/3.11/lib/python3.11/site-packages/airflow/example_dags/example_nested_branch_dag.py
[2022-12-31T20:32:49.328+0100] {logging_mixin.py:137} INFO - [2022-12-31T20:32:49.328+0100] {dag.py:2676} INFO - Sync 1 DAGs
[2022-12-31T20:32:49.334+0100] {logging_mixin.py:137} INFO - [2022-12-31T20:32:49.334+0100] {dag.py:3423} INFO - Setting next_dagrun for example_nested_branch_dag to 2022-12-30T00:00:00+00:00, run_after=2022-12-31T00:00:00+00:00
[2022-12-31T20:32:49.341+0100] {processor.py:175} INFO - Processing /Library/Frameworks/Python.framework/Versions/3.11/lib/python3.11/site-packages/airflow/example_dags/example_nested_branch_dag.py took 0.453 seconds
[2022-12-31T20:34:35.608+0100] {processor.py:153} INFO - Started process (PID=90696) to work on /Library/Frameworks/Python.framework/Versions/3.11/lib/python3.11/site-packages/airflow/example_dags/example_nested_branch_dag.py
[2022-12-31T20:34:35.613+0100] {processor.py:743} INFO - Processing file /Library/Frameworks/Python.framework/Versions/3.11/lib/python3.11/site-packages/airflow/example_dags/example_nested_branch_dag.py for tasks to queue
[2022-12-31T20:34:35.613+0100] {logging_mixin.py:137} INFO - [2022-12-31T20:34:35.613+0100] {dagbag.py:538} INFO - Filling up the DagBag from /Library/Frameworks/Python.framework/Versions/3.11/lib/python3.11/site-packages/airflow/example_dags/example_nested_branch_dag.py
[2022-12-31T20:34:35.640+0100] {processor.py:753} INFO - DAG(s) dict_keys(['example_nested_branch_dag']) retrieved from /Library/Frameworks/Python.framework/Versions/3.11/lib/python3.11/site-packages/airflow/example_dags/example_nested_branch_dag.py
[2022-12-31T20:34:36.038+0100] {logging_mixin.py:137} INFO - [2022-12-31T20:34:36.038+0100] {dag.py:2676} INFO - Sync 1 DAGs
[2022-12-31T20:34:36.044+0100] {logging_mixin.py:137} INFO - [2022-12-31T20:34:36.044+0100] {dag.py:3423} INFO - Setting next_dagrun for example_nested_branch_dag to 2022-12-30T00:00:00+00:00, run_after=2022-12-31T00:00:00+00:00
[2022-12-31T20:34:36.051+0100] {processor.py:175} INFO - Processing /Library/Frameworks/Python.framework/Versions/3.11/lib/python3.11/site-packages/airflow/example_dags/example_nested_branch_dag.py took 0.444 seconds
[2022-12-31T20:36:09.535+0100] {processor.py:153} INFO - Started process (PID=90828) to work on /Library/Frameworks/Python.framework/Versions/3.11/lib/python3.11/site-packages/airflow/example_dags/example_nested_branch_dag.py
[2022-12-31T20:36:09.539+0100] {processor.py:743} INFO - Processing file /Library/Frameworks/Python.framework/Versions/3.11/lib/python3.11/site-packages/airflow/example_dags/example_nested_branch_dag.py for tasks to queue
[2022-12-31T20:36:09.540+0100] {logging_mixin.py:137} INFO - [2022-12-31T20:36:09.540+0100] {dagbag.py:538} INFO - Filling up the DagBag from /Library/Frameworks/Python.framework/Versions/3.11/lib/python3.11/site-packages/airflow/example_dags/example_nested_branch_dag.py
[2022-12-31T20:36:09.567+0100] {processor.py:753} INFO - DAG(s) dict_keys(['example_nested_branch_dag']) retrieved from /Library/Frameworks/Python.framework/Versions/3.11/lib/python3.11/site-packages/airflow/example_dags/example_nested_branch_dag.py
[2022-12-31T20:36:09.996+0100] {logging_mixin.py:137} INFO - [2022-12-31T20:36:09.996+0100] {dag.py:2676} INFO - Sync 1 DAGs
[2022-12-31T20:36:10.003+0100] {logging_mixin.py:137} INFO - [2022-12-31T20:36:10.003+0100] {dag.py:3423} INFO - Setting next_dagrun for example_nested_branch_dag to 2022-12-30T00:00:00+00:00, run_after=2022-12-31T00:00:00+00:00
[2022-12-31T20:36:10.010+0100] {processor.py:175} INFO - Processing /Library/Frameworks/Python.framework/Versions/3.11/lib/python3.11/site-packages/airflow/example_dags/example_nested_branch_dag.py took 0.476 seconds
[2022-12-31T20:37:31.856+0100] {processor.py:153} INFO - Started process (PID=90951) to work on /Library/Frameworks/Python.framework/Versions/3.11/lib/python3.11/site-packages/airflow/example_dags/example_nested_branch_dag.py
[2022-12-31T20:37:31.862+0100] {processor.py:743} INFO - Processing file /Library/Frameworks/Python.framework/Versions/3.11/lib/python3.11/site-packages/airflow/example_dags/example_nested_branch_dag.py for tasks to queue
[2022-12-31T20:37:31.862+0100] {logging_mixin.py:137} INFO - [2022-12-31T20:37:31.862+0100] {dagbag.py:538} INFO - Filling up the DagBag from /Library/Frameworks/Python.framework/Versions/3.11/lib/python3.11/site-packages/airflow/example_dags/example_nested_branch_dag.py
[2022-12-31T20:37:31.890+0100] {processor.py:753} INFO - DAG(s) dict_keys(['example_nested_branch_dag']) retrieved from /Library/Frameworks/Python.framework/Versions/3.11/lib/python3.11/site-packages/airflow/example_dags/example_nested_branch_dag.py
[2022-12-31T20:37:32.297+0100] {logging_mixin.py:137} INFO - [2022-12-31T20:37:32.297+0100] {dag.py:2676} INFO - Sync 1 DAGs
[2022-12-31T20:37:32.303+0100] {logging_mixin.py:137} INFO - [2022-12-31T20:37:32.303+0100] {dag.py:3423} INFO - Setting next_dagrun for example_nested_branch_dag to 2022-12-30T00:00:00+00:00, run_after=2022-12-31T00:00:00+00:00
[2022-12-31T20:37:32.310+0100] {processor.py:175} INFO - Processing /Library/Frameworks/Python.framework/Versions/3.11/lib/python3.11/site-packages/airflow/example_dags/example_nested_branch_dag.py took 0.454 seconds
[2022-12-31T20:39:13.820+0100] {processor.py:153} INFO - Started process (PID=91116) to work on /Library/Frameworks/Python.framework/Versions/3.11/lib/python3.11/site-packages/airflow/example_dags/example_nested_branch_dag.py
[2022-12-31T20:39:13.823+0100] {processor.py:743} INFO - Processing file /Library/Frameworks/Python.framework/Versions/3.11/lib/python3.11/site-packages/airflow/example_dags/example_nested_branch_dag.py for tasks to queue
[2022-12-31T20:39:13.823+0100] {logging_mixin.py:137} INFO - [2022-12-31T20:39:13.823+0100] {dagbag.py:538} INFO - Filling up the DagBag from /Library/Frameworks/Python.framework/Versions/3.11/lib/python3.11/site-packages/airflow/example_dags/example_nested_branch_dag.py
[2022-12-31T20:39:13.844+0100] {processor.py:753} INFO - DAG(s) dict_keys(['example_nested_branch_dag']) retrieved from /Library/Frameworks/Python.framework/Versions/3.11/lib/python3.11/site-packages/airflow/example_dags/example_nested_branch_dag.py
[2022-12-31T20:39:14.245+0100] {logging_mixin.py:137} INFO - [2022-12-31T20:39:14.245+0100] {dag.py:2676} INFO - Sync 1 DAGs
[2022-12-31T20:39:14.251+0100] {logging_mixin.py:137} INFO - [2022-12-31T20:39:14.251+0100] {dag.py:3423} INFO - Setting next_dagrun for example_nested_branch_dag to 2022-12-30T00:00:00+00:00, run_after=2022-12-31T00:00:00+00:00
[2022-12-31T20:39:14.258+0100] {processor.py:175} INFO - Processing /Library/Frameworks/Python.framework/Versions/3.11/lib/python3.11/site-packages/airflow/example_dags/example_nested_branch_dag.py took 0.439 seconds
[2022-12-31T20:40:59.566+0100] {processor.py:153} INFO - Started process (PID=91288) to work on /Library/Frameworks/Python.framework/Versions/3.11/lib/python3.11/site-packages/airflow/example_dags/example_nested_branch_dag.py
[2022-12-31T20:40:59.572+0100] {processor.py:743} INFO - Processing file /Library/Frameworks/Python.framework/Versions/3.11/lib/python3.11/site-packages/airflow/example_dags/example_nested_branch_dag.py for tasks to queue
[2022-12-31T20:40:59.572+0100] {logging_mixin.py:137} INFO - [2022-12-31T20:40:59.572+0100] {dagbag.py:538} INFO - Filling up the DagBag from /Library/Frameworks/Python.framework/Versions/3.11/lib/python3.11/site-packages/airflow/example_dags/example_nested_branch_dag.py
[2022-12-31T20:40:59.598+0100] {processor.py:753} INFO - DAG(s) dict_keys(['example_nested_branch_dag']) retrieved from /Library/Frameworks/Python.framework/Versions/3.11/lib/python3.11/site-packages/airflow/example_dags/example_nested_branch_dag.py
[2022-12-31T20:41:00.005+0100] {logging_mixin.py:137} INFO - [2022-12-31T20:41:00.005+0100] {dag.py:2676} INFO - Sync 1 DAGs
[2022-12-31T20:41:00.011+0100] {logging_mixin.py:137} INFO - [2022-12-31T20:41:00.011+0100] {dag.py:3423} INFO - Setting next_dagrun for example_nested_branch_dag to 2022-12-30T00:00:00+00:00, run_after=2022-12-31T00:00:00+00:00
[2022-12-31T20:41:00.019+0100] {processor.py:175} INFO - Processing /Library/Frameworks/Python.framework/Versions/3.11/lib/python3.11/site-packages/airflow/example_dags/example_nested_branch_dag.py took 0.454 seconds
[2022-12-31T20:42:46.350+0100] {processor.py:153} INFO - Started process (PID=91476) to work on /Library/Frameworks/Python.framework/Versions/3.11/lib/python3.11/site-packages/airflow/example_dags/example_nested_branch_dag.py
[2022-12-31T20:42:46.357+0100] {processor.py:743} INFO - Processing file /Library/Frameworks/Python.framework/Versions/3.11/lib/python3.11/site-packages/airflow/example_dags/example_nested_branch_dag.py for tasks to queue
[2022-12-31T20:42:46.357+0100] {logging_mixin.py:137} INFO - [2022-12-31T20:42:46.357+0100] {dagbag.py:538} INFO - Filling up the DagBag from /Library/Frameworks/Python.framework/Versions/3.11/lib/python3.11/site-packages/airflow/example_dags/example_nested_branch_dag.py
[2022-12-31T20:42:46.384+0100] {processor.py:753} INFO - DAG(s) dict_keys(['example_nested_branch_dag']) retrieved from /Library/Frameworks/Python.framework/Versions/3.11/lib/python3.11/site-packages/airflow/example_dags/example_nested_branch_dag.py
[2022-12-31T20:42:46.796+0100] {logging_mixin.py:137} INFO - [2022-12-31T20:42:46.796+0100] {dag.py:2676} INFO - Sync 1 DAGs
[2022-12-31T20:42:46.802+0100] {logging_mixin.py:137} INFO - [2022-12-31T20:42:46.802+0100] {dag.py:3423} INFO - Setting next_dagrun for example_nested_branch_dag to 2022-12-30T00:00:00+00:00, run_after=2022-12-31T00:00:00+00:00
[2022-12-31T20:42:46.808+0100] {processor.py:175} INFO - Processing /Library/Frameworks/Python.framework/Versions/3.11/lib/python3.11/site-packages/airflow/example_dags/example_nested_branch_dag.py took 0.458 seconds
[2022-12-31T20:45:56.532+0100] {processor.py:153} INFO - Started process (PID=91839) to work on /Library/Frameworks/Python.framework/Versions/3.11/lib/python3.11/site-packages/airflow/example_dags/example_nested_branch_dag.py
[2022-12-31T20:45:56.537+0100] {processor.py:743} INFO - Processing file /Library/Frameworks/Python.framework/Versions/3.11/lib/python3.11/site-packages/airflow/example_dags/example_nested_branch_dag.py for tasks to queue
[2022-12-31T20:45:56.538+0100] {logging_mixin.py:137} INFO - [2022-12-31T20:45:56.538+0100] {dagbag.py:538} INFO - Filling up the DagBag from /Library/Frameworks/Python.framework/Versions/3.11/lib/python3.11/site-packages/airflow/example_dags/example_nested_branch_dag.py
[2022-12-31T20:45:56.558+0100] {processor.py:753} INFO - DAG(s) dict_keys(['example_nested_branch_dag']) retrieved from /Library/Frameworks/Python.framework/Versions/3.11/lib/python3.11/site-packages/airflow/example_dags/example_nested_branch_dag.py
[2022-12-31T20:45:56.989+0100] {logging_mixin.py:137} INFO - [2022-12-31T20:45:56.988+0100] {dag.py:2676} INFO - Sync 1 DAGs
[2022-12-31T20:45:56.994+0100] {logging_mixin.py:137} INFO - [2022-12-31T20:45:56.994+0100] {dag.py:3423} INFO - Setting next_dagrun for example_nested_branch_dag to 2022-12-30T00:00:00+00:00, run_after=2022-12-31T00:00:00+00:00
[2022-12-31T20:45:57.000+0100] {processor.py:175} INFO - Processing /Library/Frameworks/Python.framework/Versions/3.11/lib/python3.11/site-packages/airflow/example_dags/example_nested_branch_dag.py took 0.469 seconds
[2022-12-31T20:49:48.688+0100] {processor.py:153} INFO - Started process (PID=92296) to work on /Library/Frameworks/Python.framework/Versions/3.11/lib/python3.11/site-packages/airflow/example_dags/example_nested_branch_dag.py
[2022-12-31T20:49:48.694+0100] {processor.py:743} INFO - Processing file /Library/Frameworks/Python.framework/Versions/3.11/lib/python3.11/site-packages/airflow/example_dags/example_nested_branch_dag.py for tasks to queue
[2022-12-31T20:49:48.694+0100] {logging_mixin.py:137} INFO - [2022-12-31T20:49:48.694+0100] {dagbag.py:538} INFO - Filling up the DagBag from /Library/Frameworks/Python.framework/Versions/3.11/lib/python3.11/site-packages/airflow/example_dags/example_nested_branch_dag.py
[2022-12-31T20:49:48.714+0100] {processor.py:753} INFO - DAG(s) dict_keys(['example_nested_branch_dag']) retrieved from /Library/Frameworks/Python.framework/Versions/3.11/lib/python3.11/site-packages/airflow/example_dags/example_nested_branch_dag.py
[2022-12-31T20:49:49.112+0100] {logging_mixin.py:137} INFO - [2022-12-31T20:49:49.112+0100] {dag.py:2676} INFO - Sync 1 DAGs
[2022-12-31T20:49:49.118+0100] {logging_mixin.py:137} INFO - [2022-12-31T20:49:49.118+0100] {dag.py:3423} INFO - Setting next_dagrun for example_nested_branch_dag to 2022-12-30T00:00:00+00:00, run_after=2022-12-31T00:00:00+00:00
[2022-12-31T20:49:49.124+0100] {processor.py:175} INFO - Processing /Library/Frameworks/Python.framework/Versions/3.11/lib/python3.11/site-packages/airflow/example_dags/example_nested_branch_dag.py took 0.436 seconds
[2022-12-31T20:54:23.264+0100] {processor.py:153} INFO - Started process (PID=92967) to work on /Library/Frameworks/Python.framework/Versions/3.11/lib/python3.11/site-packages/airflow/example_dags/example_nested_branch_dag.py
[2022-12-31T20:54:23.268+0100] {processor.py:743} INFO - Processing file /Library/Frameworks/Python.framework/Versions/3.11/lib/python3.11/site-packages/airflow/example_dags/example_nested_branch_dag.py for tasks to queue
[2022-12-31T20:54:23.269+0100] {logging_mixin.py:137} INFO - [2022-12-31T20:54:23.269+0100] {dagbag.py:538} INFO - Filling up the DagBag from /Library/Frameworks/Python.framework/Versions/3.11/lib/python3.11/site-packages/airflow/example_dags/example_nested_branch_dag.py
[2022-12-31T20:54:23.339+0100] {processor.py:753} INFO - DAG(s) dict_keys(['example_nested_branch_dag']) retrieved from /Library/Frameworks/Python.framework/Versions/3.11/lib/python3.11/site-packages/airflow/example_dags/example_nested_branch_dag.py
[2022-12-31T20:54:23.802+0100] {logging_mixin.py:137} INFO - [2022-12-31T20:54:23.802+0100] {dag.py:2676} INFO - Sync 1 DAGs
[2022-12-31T20:54:23.809+0100] {logging_mixin.py:137} INFO - [2022-12-31T20:54:23.809+0100] {dag.py:3423} INFO - Setting next_dagrun for example_nested_branch_dag to 2022-12-30T00:00:00+00:00, run_after=2022-12-31T00:00:00+00:00
[2022-12-31T20:54:23.816+0100] {processor.py:175} INFO - Processing /Library/Frameworks/Python.framework/Versions/3.11/lib/python3.11/site-packages/airflow/example_dags/example_nested_branch_dag.py took 0.552 seconds
[2022-12-31T20:56:54.656+0100] {processor.py:153} INFO - Started process (PID=93342) to work on /Library/Frameworks/Python.framework/Versions/3.11/lib/python3.11/site-packages/airflow/example_dags/example_nested_branch_dag.py
[2022-12-31T20:56:54.663+0100] {processor.py:743} INFO - Processing file /Library/Frameworks/Python.framework/Versions/3.11/lib/python3.11/site-packages/airflow/example_dags/example_nested_branch_dag.py for tasks to queue
[2022-12-31T20:56:54.664+0100] {logging_mixin.py:137} INFO - [2022-12-31T20:56:54.664+0100] {dagbag.py:538} INFO - Filling up the DagBag from /Library/Frameworks/Python.framework/Versions/3.11/lib/python3.11/site-packages/airflow/example_dags/example_nested_branch_dag.py
[2022-12-31T20:56:54.718+0100] {processor.py:753} INFO - DAG(s) dict_keys(['example_nested_branch_dag']) retrieved from /Library/Frameworks/Python.framework/Versions/3.11/lib/python3.11/site-packages/airflow/example_dags/example_nested_branch_dag.py
[2022-12-31T20:56:55.279+0100] {logging_mixin.py:137} INFO - [2022-12-31T20:56:55.279+0100] {dag.py:2676} INFO - Sync 1 DAGs
[2022-12-31T20:56:55.286+0100] {logging_mixin.py:137} INFO - [2022-12-31T20:56:55.286+0100] {dag.py:3423} INFO - Setting next_dagrun for example_nested_branch_dag to 2022-12-30T00:00:00+00:00, run_after=2022-12-31T00:00:00+00:00
[2022-12-31T20:56:55.295+0100] {processor.py:175} INFO - Processing /Library/Frameworks/Python.framework/Versions/3.11/lib/python3.11/site-packages/airflow/example_dags/example_nested_branch_dag.py took 0.640 seconds
[2022-12-31T20:58:55.865+0100] {processor.py:153} INFO - Started process (PID=93621) to work on /Library/Frameworks/Python.framework/Versions/3.11/lib/python3.11/site-packages/airflow/example_dags/example_nested_branch_dag.py
[2022-12-31T20:58:55.871+0100] {processor.py:743} INFO - Processing file /Library/Frameworks/Python.framework/Versions/3.11/lib/python3.11/site-packages/airflow/example_dags/example_nested_branch_dag.py for tasks to queue
[2022-12-31T20:58:55.871+0100] {logging_mixin.py:137} INFO - [2022-12-31T20:58:55.871+0100] {dagbag.py:538} INFO - Filling up the DagBag from /Library/Frameworks/Python.framework/Versions/3.11/lib/python3.11/site-packages/airflow/example_dags/example_nested_branch_dag.py
[2022-12-31T20:58:55.897+0100] {processor.py:753} INFO - DAG(s) dict_keys(['example_nested_branch_dag']) retrieved from /Library/Frameworks/Python.framework/Versions/3.11/lib/python3.11/site-packages/airflow/example_dags/example_nested_branch_dag.py
[2022-12-31T20:58:56.310+0100] {logging_mixin.py:137} INFO - [2022-12-31T20:58:56.310+0100] {dag.py:2676} INFO - Sync 1 DAGs
[2022-12-31T20:58:56.316+0100] {logging_mixin.py:137} INFO - [2022-12-31T20:58:56.316+0100] {dag.py:3423} INFO - Setting next_dagrun for example_nested_branch_dag to 2022-12-30T00:00:00+00:00, run_after=2022-12-31T00:00:00+00:00
[2022-12-31T20:58:56.322+0100] {processor.py:175} INFO - Processing /Library/Frameworks/Python.framework/Versions/3.11/lib/python3.11/site-packages/airflow/example_dags/example_nested_branch_dag.py took 0.458 seconds
[2022-12-31T21:00:59.924+0100] {processor.py:153} INFO - Started process (PID=93830) to work on /Library/Frameworks/Python.framework/Versions/3.11/lib/python3.11/site-packages/airflow/example_dags/example_nested_branch_dag.py
[2022-12-31T21:00:59.929+0100] {processor.py:743} INFO - Processing file /Library/Frameworks/Python.framework/Versions/3.11/lib/python3.11/site-packages/airflow/example_dags/example_nested_branch_dag.py for tasks to queue
[2022-12-31T21:00:59.929+0100] {logging_mixin.py:137} INFO - [2022-12-31T21:00:59.929+0100] {dagbag.py:538} INFO - Filling up the DagBag from /Library/Frameworks/Python.framework/Versions/3.11/lib/python3.11/site-packages/airflow/example_dags/example_nested_branch_dag.py
[2022-12-31T21:00:59.950+0100] {processor.py:753} INFO - DAG(s) dict_keys(['example_nested_branch_dag']) retrieved from /Library/Frameworks/Python.framework/Versions/3.11/lib/python3.11/site-packages/airflow/example_dags/example_nested_branch_dag.py
[2022-12-31T21:01:00.376+0100] {logging_mixin.py:137} INFO - [2022-12-31T21:01:00.376+0100] {dag.py:2676} INFO - Sync 1 DAGs
[2022-12-31T21:01:00.382+0100] {logging_mixin.py:137} INFO - [2022-12-31T21:01:00.382+0100] {dag.py:3423} INFO - Setting next_dagrun for example_nested_branch_dag to 2022-12-30T00:00:00+00:00, run_after=2022-12-31T00:00:00+00:00
[2022-12-31T21:01:00.388+0100] {processor.py:175} INFO - Processing /Library/Frameworks/Python.framework/Versions/3.11/lib/python3.11/site-packages/airflow/example_dags/example_nested_branch_dag.py took 0.465 seconds
[2022-12-31T21:03:01.110+0100] {processor.py:153} INFO - Started process (PID=94234) to work on /Library/Frameworks/Python.framework/Versions/3.11/lib/python3.11/site-packages/airflow/example_dags/example_nested_branch_dag.py
[2022-12-31T21:03:01.115+0100] {processor.py:743} INFO - Processing file /Library/Frameworks/Python.framework/Versions/3.11/lib/python3.11/site-packages/airflow/example_dags/example_nested_branch_dag.py for tasks to queue
[2022-12-31T21:03:01.115+0100] {logging_mixin.py:137} INFO - [2022-12-31T21:03:01.115+0100] {dagbag.py:538} INFO - Filling up the DagBag from /Library/Frameworks/Python.framework/Versions/3.11/lib/python3.11/site-packages/airflow/example_dags/example_nested_branch_dag.py
[2022-12-31T21:03:01.205+0100] {processor.py:753} INFO - DAG(s) dict_keys(['example_nested_branch_dag']) retrieved from /Library/Frameworks/Python.framework/Versions/3.11/lib/python3.11/site-packages/airflow/example_dags/example_nested_branch_dag.py
[2022-12-31T21:03:01.749+0100] {logging_mixin.py:137} INFO - [2022-12-31T21:03:01.749+0100] {dag.py:2676} INFO - Sync 1 DAGs
[2022-12-31T21:03:01.756+0100] {logging_mixin.py:137} INFO - [2022-12-31T21:03:01.756+0100] {dag.py:3423} INFO - Setting next_dagrun for example_nested_branch_dag to 2022-12-30T00:00:00+00:00, run_after=2022-12-31T00:00:00+00:00
[2022-12-31T21:03:01.766+0100] {processor.py:175} INFO - Processing /Library/Frameworks/Python.framework/Versions/3.11/lib/python3.11/site-packages/airflow/example_dags/example_nested_branch_dag.py took 0.657 seconds
[2022-12-31T21:05:08.605+0100] {processor.py:153} INFO - Started process (PID=94482) to work on /Library/Frameworks/Python.framework/Versions/3.11/lib/python3.11/site-packages/airflow/example_dags/example_nested_branch_dag.py
[2022-12-31T21:05:08.611+0100] {processor.py:743} INFO - Processing file /Library/Frameworks/Python.framework/Versions/3.11/lib/python3.11/site-packages/airflow/example_dags/example_nested_branch_dag.py for tasks to queue
[2022-12-31T21:05:08.611+0100] {logging_mixin.py:137} INFO - [2022-12-31T21:05:08.611+0100] {dagbag.py:538} INFO - Filling up the DagBag from /Library/Frameworks/Python.framework/Versions/3.11/lib/python3.11/site-packages/airflow/example_dags/example_nested_branch_dag.py
[2022-12-31T21:05:08.642+0100] {processor.py:753} INFO - DAG(s) dict_keys(['example_nested_branch_dag']) retrieved from /Library/Frameworks/Python.framework/Versions/3.11/lib/python3.11/site-packages/airflow/example_dags/example_nested_branch_dag.py
[2022-12-31T21:05:09.081+0100] {logging_mixin.py:137} INFO - [2022-12-31T21:05:09.081+0100] {dag.py:2676} INFO - Sync 1 DAGs
[2022-12-31T21:05:09.087+0100] {logging_mixin.py:137} INFO - [2022-12-31T21:05:09.087+0100] {dag.py:3423} INFO - Setting next_dagrun for example_nested_branch_dag to 2022-12-30T00:00:00+00:00, run_after=2022-12-31T00:00:00+00:00
[2022-12-31T21:05:09.093+0100] {processor.py:175} INFO - Processing /Library/Frameworks/Python.framework/Versions/3.11/lib/python3.11/site-packages/airflow/example_dags/example_nested_branch_dag.py took 0.489 seconds
[2022-12-31T21:06:56.831+0100] {processor.py:153} INFO - Started process (PID=94725) to work on /Library/Frameworks/Python.framework/Versions/3.11/lib/python3.11/site-packages/airflow/example_dags/example_nested_branch_dag.py
[2022-12-31T21:06:56.833+0100] {processor.py:743} INFO - Processing file /Library/Frameworks/Python.framework/Versions/3.11/lib/python3.11/site-packages/airflow/example_dags/example_nested_branch_dag.py for tasks to queue
[2022-12-31T21:06:56.833+0100] {logging_mixin.py:137} INFO - [2022-12-31T21:06:56.833+0100] {dagbag.py:538} INFO - Filling up the DagBag from /Library/Frameworks/Python.framework/Versions/3.11/lib/python3.11/site-packages/airflow/example_dags/example_nested_branch_dag.py
[2022-12-31T21:06:56.856+0100] {processor.py:753} INFO - DAG(s) dict_keys(['example_nested_branch_dag']) retrieved from /Library/Frameworks/Python.framework/Versions/3.11/lib/python3.11/site-packages/airflow/example_dags/example_nested_branch_dag.py
[2022-12-31T21:06:57.286+0100] {logging_mixin.py:137} INFO - [2022-12-31T21:06:57.286+0100] {dag.py:2676} INFO - Sync 1 DAGs
[2022-12-31T21:06:57.293+0100] {logging_mixin.py:137} INFO - [2022-12-31T21:06:57.293+0100] {dag.py:3423} INFO - Setting next_dagrun for example_nested_branch_dag to 2022-12-30T00:00:00+00:00, run_after=2022-12-31T00:00:00+00:00
[2022-12-31T21:06:57.299+0100] {processor.py:175} INFO - Processing /Library/Frameworks/Python.framework/Versions/3.11/lib/python3.11/site-packages/airflow/example_dags/example_nested_branch_dag.py took 0.469 seconds
[2022-12-31 20:08:44,794] {scheduler_job.py:182} INFO - Started process (PID=96) to work on /home/airflow/.local/lib/python3.6/site-packages/airflow/example_dags/example_nested_branch_dag.py
[2022-12-31 20:08:44,802] {scheduler_job.py:629} INFO - Processing file /home/airflow/.local/lib/python3.6/site-packages/airflow/example_dags/example_nested_branch_dag.py for tasks to queue
[2022-12-31 20:08:44,805] {logging_mixin.py:104} INFO - [2022-12-31 20:08:44,804] {dagbag.py:451} INFO - Filling up the DagBag from /home/airflow/.local/lib/python3.6/site-packages/airflow/example_dags/example_nested_branch_dag.py
[2022-12-31 20:08:44,942] {scheduler_job.py:639} INFO - DAG(s) dict_keys(['example_nested_branch_dag']) retrieved from /home/airflow/.local/lib/python3.6/site-packages/airflow/example_dags/example_nested_branch_dag.py
[2022-12-31 20:08:45,121] {logging_mixin.py:104} INFO - [2022-12-31 20:08:45,121] {dag.py:1824} INFO - Sync 1 DAGs
[2022-12-31 20:08:46,086] {logging_mixin.py:104} INFO - [2022-12-31 20:08:46,084] {dag.py:2280} INFO - Setting next_dagrun for example_nested_branch_dag to 2022-12-29 00:00:00+00:00
[2022-12-31 20:08:46,249] {scheduler_job.py:190} INFO - Processing /home/airflow/.local/lib/python3.6/site-packages/airflow/example_dags/example_nested_branch_dag.py took 1.470 seconds
[2022-12-31T21:08:53.144+0100] {processor.py:153} INFO - Started process (PID=95002) to work on /Library/Frameworks/Python.framework/Versions/3.11/lib/python3.11/site-packages/airflow/example_dags/example_nested_branch_dag.py
[2022-12-31T21:08:53.148+0100] {processor.py:743} INFO - Processing file /Library/Frameworks/Python.framework/Versions/3.11/lib/python3.11/site-packages/airflow/example_dags/example_nested_branch_dag.py for tasks to queue
[2022-12-31T21:08:53.148+0100] {logging_mixin.py:137} INFO - [2022-12-31T21:08:53.148+0100] {dagbag.py:538} INFO - Filling up the DagBag from /Library/Frameworks/Python.framework/Versions/3.11/lib/python3.11/site-packages/airflow/example_dags/example_nested_branch_dag.py
[2022-12-31T21:08:53.171+0100] {processor.py:753} INFO - DAG(s) dict_keys(['example_nested_branch_dag']) retrieved from /Library/Frameworks/Python.framework/Versions/3.11/lib/python3.11/site-packages/airflow/example_dags/example_nested_branch_dag.py
[2022-12-31T21:08:53.675+0100] {logging_mixin.py:137} INFO - [2022-12-31T21:08:53.675+0100] {dag.py:2676} INFO - Sync 1 DAGs
[2022-12-31T21:08:53.682+0100] {logging_mixin.py:137} INFO - [2022-12-31T21:08:53.682+0100] {dag.py:3423} INFO - Setting next_dagrun for example_nested_branch_dag to 2022-12-30T00:00:00+00:00, run_after=2022-12-31T00:00:00+00:00
[2022-12-31T21:08:53.691+0100] {processor.py:175} INFO - Processing /Library/Frameworks/Python.framework/Versions/3.11/lib/python3.11/site-packages/airflow/example_dags/example_nested_branch_dag.py took 0.548 seconds
[2022-12-31 20:09:16,418] {scheduler_job.py:182} INFO - Started process (PID=152) to work on /home/airflow/.local/lib/python3.6/site-packages/airflow/example_dags/example_nested_branch_dag.py
[2022-12-31 20:09:16,424] {scheduler_job.py:629} INFO - Processing file /home/airflow/.local/lib/python3.6/site-packages/airflow/example_dags/example_nested_branch_dag.py for tasks to queue
[2022-12-31 20:09:16,427] {logging_mixin.py:104} INFO - [2022-12-31 20:09:16,426] {dagbag.py:451} INFO - Filling up the DagBag from /home/airflow/.local/lib/python3.6/site-packages/airflow/example_dags/example_nested_branch_dag.py
[2022-12-31 20:09:16,489] {scheduler_job.py:639} INFO - DAG(s) dict_keys(['example_nested_branch_dag']) retrieved from /home/airflow/.local/lib/python3.6/site-packages/airflow/example_dags/example_nested_branch_dag.py
[2022-12-31 20:09:16,551] {logging_mixin.py:104} INFO - [2022-12-31 20:09:16,551] {dag.py:1824} INFO - Sync 1 DAGs
[2022-12-31 20:09:16,651] {logging_mixin.py:104} INFO - [2022-12-31 20:09:16,651] {dag.py:2280} INFO - Setting next_dagrun for example_nested_branch_dag to 2022-12-29 00:00:00+00:00
[2022-12-31 20:09:16,677] {scheduler_job.py:190} INFO - Processing /home/airflow/.local/lib/python3.6/site-packages/airflow/example_dags/example_nested_branch_dag.py took 0.266 seconds
[2022-12-31T21:10:55.570+0100] {processor.py:153} INFO - Started process (PID=95333) to work on /Library/Frameworks/Python.framework/Versions/3.11/lib/python3.11/site-packages/airflow/example_dags/example_nested_branch_dag.py
[2022-12-31T21:10:55.575+0100] {processor.py:743} INFO - Processing file /Library/Frameworks/Python.framework/Versions/3.11/lib/python3.11/site-packages/airflow/example_dags/example_nested_branch_dag.py for tasks to queue
[2022-12-31T21:10:55.575+0100] {logging_mixin.py:137} INFO - [2022-12-31T21:10:55.575+0100] {dagbag.py:538} INFO - Filling up the DagBag from /Library/Frameworks/Python.framework/Versions/3.11/lib/python3.11/site-packages/airflow/example_dags/example_nested_branch_dag.py
[2022-12-31T21:10:55.596+0100] {processor.py:753} INFO - DAG(s) dict_keys(['example_nested_branch_dag']) retrieved from /Library/Frameworks/Python.framework/Versions/3.11/lib/python3.11/site-packages/airflow/example_dags/example_nested_branch_dag.py
[2022-12-31T21:10:56.081+0100] {logging_mixin.py:137} INFO - [2022-12-31T21:10:56.081+0100] {dag.py:2676} INFO - Sync 1 DAGs
[2022-12-31T21:10:56.089+0100] {logging_mixin.py:137} INFO - [2022-12-31T21:10:56.089+0100] {dag.py:3423} INFO - Setting next_dagrun for example_nested_branch_dag to 2022-12-30T00:00:00+00:00, run_after=2022-12-31T00:00:00+00:00
[2022-12-31T21:10:56.096+0100] {processor.py:175} INFO - Processing /Library/Frameworks/Python.framework/Versions/3.11/lib/python3.11/site-packages/airflow/example_dags/example_nested_branch_dag.py took 0.527 seconds
[2022-12-31T21:13:03.579+0100] {processor.py:153} INFO - Started process (PID=95620) to work on /Library/Frameworks/Python.framework/Versions/3.11/lib/python3.11/site-packages/airflow/example_dags/example_nested_branch_dag.py
[2022-12-31T21:13:03.583+0100] {processor.py:743} INFO - Processing file /Library/Frameworks/Python.framework/Versions/3.11/lib/python3.11/site-packages/airflow/example_dags/example_nested_branch_dag.py for tasks to queue
[2022-12-31T21:13:03.584+0100] {logging_mixin.py:137} INFO - [2022-12-31T21:13:03.584+0100] {dagbag.py:538} INFO - Filling up the DagBag from /Library/Frameworks/Python.framework/Versions/3.11/lib/python3.11/site-packages/airflow/example_dags/example_nested_branch_dag.py
[2022-12-31T21:13:03.609+0100] {processor.py:753} INFO - DAG(s) dict_keys(['example_nested_branch_dag']) retrieved from /Library/Frameworks/Python.framework/Versions/3.11/lib/python3.11/site-packages/airflow/example_dags/example_nested_branch_dag.py
[2022-12-31T21:13:04.194+0100] {logging_mixin.py:137} INFO - [2022-12-31T21:13:04.194+0100] {dag.py:2676} INFO - Sync 1 DAGs
[2022-12-31T21:13:04.208+0100] {logging_mixin.py:137} INFO - [2022-12-31T21:13:04.208+0100] {dag.py:3423} INFO - Setting next_dagrun for example_nested_branch_dag to 2022-12-30T00:00:00+00:00, run_after=2022-12-31T00:00:00+00:00
[2022-12-31T21:13:04.217+0100] {processor.py:175} INFO - Processing /Library/Frameworks/Python.framework/Versions/3.11/lib/python3.11/site-packages/airflow/example_dags/example_nested_branch_dag.py took 0.638 seconds
[2022-12-31T21:15:05.441+0100] {processor.py:153} INFO - Started process (PID=95912) to work on /Library/Frameworks/Python.framework/Versions/3.11/lib/python3.11/site-packages/airflow/example_dags/example_nested_branch_dag.py
[2022-12-31T21:15:05.445+0100] {processor.py:743} INFO - Processing file /Library/Frameworks/Python.framework/Versions/3.11/lib/python3.11/site-packages/airflow/example_dags/example_nested_branch_dag.py for tasks to queue
[2022-12-31T21:15:05.446+0100] {logging_mixin.py:137} INFO - [2022-12-31T21:15:05.446+0100] {dagbag.py:538} INFO - Filling up the DagBag from /Library/Frameworks/Python.framework/Versions/3.11/lib/python3.11/site-packages/airflow/example_dags/example_nested_branch_dag.py
[2022-12-31T21:15:05.478+0100] {processor.py:753} INFO - DAG(s) dict_keys(['example_nested_branch_dag']) retrieved from /Library/Frameworks/Python.framework/Versions/3.11/lib/python3.11/site-packages/airflow/example_dags/example_nested_branch_dag.py
[2022-12-31T21:15:05.898+0100] {logging_mixin.py:137} INFO - [2022-12-31T21:15:05.898+0100] {dag.py:2676} INFO - Sync 1 DAGs
[2022-12-31T21:15:05.904+0100] {logging_mixin.py:137} INFO - [2022-12-31T21:15:05.904+0100] {dag.py:3423} INFO - Setting next_dagrun for example_nested_branch_dag to 2022-12-30T00:00:00+00:00, run_after=2022-12-31T00:00:00+00:00
[2022-12-31T21:15:05.911+0100] {processor.py:175} INFO - Processing /Library/Frameworks/Python.framework/Versions/3.11/lib/python3.11/site-packages/airflow/example_dags/example_nested_branch_dag.py took 0.470 seconds
[2022-12-31T21:16:58.555+0100] {processor.py:153} INFO - Started process (PID=96134) to work on /Library/Frameworks/Python.framework/Versions/3.11/lib/python3.11/site-packages/airflow/example_dags/example_nested_branch_dag.py
[2022-12-31T21:16:58.557+0100] {processor.py:743} INFO - Processing file /Library/Frameworks/Python.framework/Versions/3.11/lib/python3.11/site-packages/airflow/example_dags/example_nested_branch_dag.py for tasks to queue
[2022-12-31T21:16:58.558+0100] {logging_mixin.py:137} INFO - [2022-12-31T21:16:58.558+0100] {dagbag.py:538} INFO - Filling up the DagBag from /Library/Frameworks/Python.framework/Versions/3.11/lib/python3.11/site-packages/airflow/example_dags/example_nested_branch_dag.py
[2022-12-31T21:16:58.578+0100] {processor.py:753} INFO - DAG(s) dict_keys(['example_nested_branch_dag']) retrieved from /Library/Frameworks/Python.framework/Versions/3.11/lib/python3.11/site-packages/airflow/example_dags/example_nested_branch_dag.py
[2022-12-31T21:16:58.977+0100] {logging_mixin.py:137} INFO - [2022-12-31T21:16:58.977+0100] {dag.py:2676} INFO - Sync 1 DAGs
[2022-12-31T21:16:58.982+0100] {logging_mixin.py:137} INFO - [2022-12-31T21:16:58.982+0100] {dag.py:3423} INFO - Setting next_dagrun for example_nested_branch_dag to 2022-12-30T00:00:00+00:00, run_after=2022-12-31T00:00:00+00:00
[2022-12-31T21:16:58.989+0100] {processor.py:175} INFO - Processing /Library/Frameworks/Python.framework/Versions/3.11/lib/python3.11/site-packages/airflow/example_dags/example_nested_branch_dag.py took 0.435 seconds
[2022-12-31T21:18:44.899+0100] {processor.py:153} INFO - Started process (PID=96391) to work on /Library/Frameworks/Python.framework/Versions/3.11/lib/python3.11/site-packages/airflow/example_dags/example_nested_branch_dag.py
[2022-12-31T21:18:44.903+0100] {processor.py:743} INFO - Processing file /Library/Frameworks/Python.framework/Versions/3.11/lib/python3.11/site-packages/airflow/example_dags/example_nested_branch_dag.py for tasks to queue
[2022-12-31T21:18:44.904+0100] {logging_mixin.py:137} INFO - [2022-12-31T21:18:44.904+0100] {dagbag.py:538} INFO - Filling up the DagBag from /Library/Frameworks/Python.framework/Versions/3.11/lib/python3.11/site-packages/airflow/example_dags/example_nested_branch_dag.py
[2022-12-31T21:18:44.947+0100] {processor.py:753} INFO - DAG(s) dict_keys(['example_nested_branch_dag']) retrieved from /Library/Frameworks/Python.framework/Versions/3.11/lib/python3.11/site-packages/airflow/example_dags/example_nested_branch_dag.py
[2022-12-31T21:18:45.416+0100] {logging_mixin.py:137} INFO - [2022-12-31T21:18:45.416+0100] {dag.py:2676} INFO - Sync 1 DAGs
[2022-12-31T21:18:45.422+0100] {logging_mixin.py:137} INFO - [2022-12-31T21:18:45.422+0100] {dag.py:3423} INFO - Setting next_dagrun for example_nested_branch_dag to 2022-12-30T00:00:00+00:00, run_after=2022-12-31T00:00:00+00:00
[2022-12-31T21:18:45.429+0100] {processor.py:175} INFO - Processing /Library/Frameworks/Python.framework/Versions/3.11/lib/python3.11/site-packages/airflow/example_dags/example_nested_branch_dag.py took 0.531 seconds
[2022-12-31T21:20:45.253+0100] {processor.py:153} INFO - Started process (PID=96593) to work on /Library/Frameworks/Python.framework/Versions/3.11/lib/python3.11/site-packages/airflow/example_dags/example_nested_branch_dag.py
[2022-12-31T21:20:45.258+0100] {processor.py:743} INFO - Processing file /Library/Frameworks/Python.framework/Versions/3.11/lib/python3.11/site-packages/airflow/example_dags/example_nested_branch_dag.py for tasks to queue
[2022-12-31T21:20:45.258+0100] {logging_mixin.py:137} INFO - [2022-12-31T21:20:45.258+0100] {dagbag.py:538} INFO - Filling up the DagBag from /Library/Frameworks/Python.framework/Versions/3.11/lib/python3.11/site-packages/airflow/example_dags/example_nested_branch_dag.py
[2022-12-31T21:20:45.285+0100] {processor.py:753} INFO - DAG(s) dict_keys(['example_nested_branch_dag']) retrieved from /Library/Frameworks/Python.framework/Versions/3.11/lib/python3.11/site-packages/airflow/example_dags/example_nested_branch_dag.py
[2022-12-31T21:20:45.697+0100] {logging_mixin.py:137} INFO - [2022-12-31T21:20:45.697+0100] {dag.py:2676} INFO - Sync 1 DAGs
[2022-12-31T21:20:45.703+0100] {logging_mixin.py:137} INFO - [2022-12-31T21:20:45.703+0100] {dag.py:3423} INFO - Setting next_dagrun for example_nested_branch_dag to 2022-12-30T00:00:00+00:00, run_after=2022-12-31T00:00:00+00:00
[2022-12-31T21:20:45.711+0100] {processor.py:175} INFO - Processing /Library/Frameworks/Python.framework/Versions/3.11/lib/python3.11/site-packages/airflow/example_dags/example_nested_branch_dag.py took 0.458 seconds
[2022-12-31T21:22:40.857+0100] {processor.py:153} INFO - Started process (PID=96781) to work on /Library/Frameworks/Python.framework/Versions/3.11/lib/python3.11/site-packages/airflow/example_dags/example_nested_branch_dag.py
[2022-12-31T21:22:40.861+0100] {processor.py:743} INFO - Processing file /Library/Frameworks/Python.framework/Versions/3.11/lib/python3.11/site-packages/airflow/example_dags/example_nested_branch_dag.py for tasks to queue
[2022-12-31T21:22:40.861+0100] {logging_mixin.py:137} INFO - [2022-12-31T21:22:40.861+0100] {dagbag.py:538} INFO - Filling up the DagBag from /Library/Frameworks/Python.framework/Versions/3.11/lib/python3.11/site-packages/airflow/example_dags/example_nested_branch_dag.py
[2022-12-31T21:22:40.882+0100] {processor.py:753} INFO - DAG(s) dict_keys(['example_nested_branch_dag']) retrieved from /Library/Frameworks/Python.framework/Versions/3.11/lib/python3.11/site-packages/airflow/example_dags/example_nested_branch_dag.py
[2022-12-31T21:22:41.338+0100] {logging_mixin.py:137} INFO - [2022-12-31T21:22:41.338+0100] {dag.py:2676} INFO - Sync 1 DAGs
[2022-12-31T21:22:41.345+0100] {logging_mixin.py:137} INFO - [2022-12-31T21:22:41.345+0100] {dag.py:3423} INFO - Setting next_dagrun for example_nested_branch_dag to 2022-12-30T00:00:00+00:00, run_after=2022-12-31T00:00:00+00:00
[2022-12-31T21:22:41.351+0100] {processor.py:175} INFO - Processing /Library/Frameworks/Python.framework/Versions/3.11/lib/python3.11/site-packages/airflow/example_dags/example_nested_branch_dag.py took 0.496 seconds
[2022-12-31T21:24:39.874+0100] {processor.py:153} INFO - Started process (PID=96988) to work on /Library/Frameworks/Python.framework/Versions/3.11/lib/python3.11/site-packages/airflow/example_dags/example_nested_branch_dag.py
[2022-12-31T21:24:39.880+0100] {processor.py:743} INFO - Processing file /Library/Frameworks/Python.framework/Versions/3.11/lib/python3.11/site-packages/airflow/example_dags/example_nested_branch_dag.py for tasks to queue
[2022-12-31T21:24:39.880+0100] {logging_mixin.py:137} INFO - [2022-12-31T21:24:39.880+0100] {dagbag.py:538} INFO - Filling up the DagBag from /Library/Frameworks/Python.framework/Versions/3.11/lib/python3.11/site-packages/airflow/example_dags/example_nested_branch_dag.py
[2022-12-31T21:24:39.906+0100] {processor.py:753} INFO - DAG(s) dict_keys(['example_nested_branch_dag']) retrieved from /Library/Frameworks/Python.framework/Versions/3.11/lib/python3.11/site-packages/airflow/example_dags/example_nested_branch_dag.py
[2022-12-31T21:24:40.385+0100] {logging_mixin.py:137} INFO - [2022-12-31T21:24:40.385+0100] {dag.py:2676} INFO - Sync 1 DAGs
[2022-12-31T21:24:40.398+0100] {logging_mixin.py:137} INFO - [2022-12-31T21:24:40.397+0100] {dag.py:3423} INFO - Setting next_dagrun for example_nested_branch_dag to 2022-12-30T00:00:00+00:00, run_after=2022-12-31T00:00:00+00:00
[2022-12-31T21:24:40.409+0100] {processor.py:175} INFO - Processing /Library/Frameworks/Python.framework/Versions/3.11/lib/python3.11/site-packages/airflow/example_dags/example_nested_branch_dag.py took 0.535 seconds
[2022-12-31T21:26:32.838+0100] {processor.py:153} INFO - Started process (PID=97228) to work on /Library/Frameworks/Python.framework/Versions/3.11/lib/python3.11/site-packages/airflow/example_dags/example_nested_branch_dag.py
[2022-12-31T21:26:32.843+0100] {processor.py:743} INFO - Processing file /Library/Frameworks/Python.framework/Versions/3.11/lib/python3.11/site-packages/airflow/example_dags/example_nested_branch_dag.py for tasks to queue
[2022-12-31T21:26:32.843+0100] {logging_mixin.py:137} INFO - [2022-12-31T21:26:32.843+0100] {dagbag.py:538} INFO - Filling up the DagBag from /Library/Frameworks/Python.framework/Versions/3.11/lib/python3.11/site-packages/airflow/example_dags/example_nested_branch_dag.py
[2022-12-31T21:26:32.874+0100] {processor.py:753} INFO - DAG(s) dict_keys(['example_nested_branch_dag']) retrieved from /Library/Frameworks/Python.framework/Versions/3.11/lib/python3.11/site-packages/airflow/example_dags/example_nested_branch_dag.py
[2022-12-31T21:26:33.372+0100] {logging_mixin.py:137} INFO - [2022-12-31T21:26:33.372+0100] {dag.py:2676} INFO - Sync 1 DAGs
[2022-12-31T21:26:33.380+0100] {logging_mixin.py:137} INFO - [2022-12-31T21:26:33.380+0100] {dag.py:3423} INFO - Setting next_dagrun for example_nested_branch_dag to 2022-12-30T00:00:00+00:00, run_after=2022-12-31T00:00:00+00:00
[2022-12-31T21:26:33.388+0100] {processor.py:175} INFO - Processing /Library/Frameworks/Python.framework/Versions/3.11/lib/python3.11/site-packages/airflow/example_dags/example_nested_branch_dag.py took 0.550 seconds
[2022-12-31T21:28:30.354+0100] {processor.py:153} INFO - Started process (PID=97424) to work on /Library/Frameworks/Python.framework/Versions/3.11/lib/python3.11/site-packages/airflow/example_dags/example_nested_branch_dag.py
[2022-12-31T21:28:30.357+0100] {processor.py:743} INFO - Processing file /Library/Frameworks/Python.framework/Versions/3.11/lib/python3.11/site-packages/airflow/example_dags/example_nested_branch_dag.py for tasks to queue
[2022-12-31T21:28:30.357+0100] {logging_mixin.py:137} INFO - [2022-12-31T21:28:30.357+0100] {dagbag.py:538} INFO - Filling up the DagBag from /Library/Frameworks/Python.framework/Versions/3.11/lib/python3.11/site-packages/airflow/example_dags/example_nested_branch_dag.py
[2022-12-31T21:28:30.385+0100] {processor.py:753} INFO - DAG(s) dict_keys(['example_nested_branch_dag']) retrieved from /Library/Frameworks/Python.framework/Versions/3.11/lib/python3.11/site-packages/airflow/example_dags/example_nested_branch_dag.py
[2022-12-31T21:28:30.841+0100] {logging_mixin.py:137} INFO - [2022-12-31T21:28:30.841+0100] {dag.py:2676} INFO - Sync 1 DAGs
[2022-12-31T21:28:30.848+0100] {logging_mixin.py:137} INFO - [2022-12-31T21:28:30.848+0100] {dag.py:3423} INFO - Setting next_dagrun for example_nested_branch_dag to 2022-12-30T00:00:00+00:00, run_after=2022-12-31T00:00:00+00:00
[2022-12-31T21:28:30.854+0100] {processor.py:175} INFO - Processing /Library/Frameworks/Python.framework/Versions/3.11/lib/python3.11/site-packages/airflow/example_dags/example_nested_branch_dag.py took 0.501 seconds
