[2022-12-31T20:29:43.729+0100] {processor.py:153} INFO - Started process (PID=90214) to work on /Library/Frameworks/Python.framework/Versions/3.11/lib/python3.11/site-packages/airflow/example_dags/example_kubernetes_executor.py
[2022-12-31T20:29:43.734+0100] {processor.py:743} INFO - Processing file /Library/Frameworks/Python.framework/Versions/3.11/lib/python3.11/site-packages/airflow/example_dags/example_kubernetes_executor.py for tasks to queue
[2022-12-31T20:29:43.734+0100] {logging_mixin.py:137} INFO - [2022-12-31T20:29:43.734+0100] {dagbag.py:538} INFO - Filling up the DagBag from /Library/Frameworks/Python.framework/Versions/3.11/lib/python3.11/site-packages/airflow/example_dags/example_kubernetes_executor.py
[2022-12-31T20:29:43.775+0100] {logging_mixin.py:137} INFO - [2022-12-31T20:29:43.775+0100] {example_kubernetes_executor.py:41} WARNING - The example_kubernetes_executor example DAG requires the kubernetes provider. Please install it with: pip install apache-airflow[cncf.kubernetes]
[2022-12-31T20:29:43.775+0100] {processor.py:755} WARNING - No viable dags retrieved from /Library/Frameworks/Python.framework/Versions/3.11/lib/python3.11/site-packages/airflow/example_dags/example_kubernetes_executor.py
[2022-12-31T20:29:44.153+0100] {processor.py:175} INFO - Processing /Library/Frameworks/Python.framework/Versions/3.11/lib/python3.11/site-packages/airflow/example_dags/example_kubernetes_executor.py took 0.443 seconds
[2022-12-31T20:31:35.431+0100] {processor.py:153} INFO - Started process (PID=90441) to work on /Library/Frameworks/Python.framework/Versions/3.11/lib/python3.11/site-packages/airflow/example_dags/example_kubernetes_executor.py
[2022-12-31T20:31:35.436+0100] {processor.py:743} INFO - Processing file /Library/Frameworks/Python.framework/Versions/3.11/lib/python3.11/site-packages/airflow/example_dags/example_kubernetes_executor.py for tasks to queue
[2022-12-31T20:31:35.436+0100] {logging_mixin.py:137} INFO - [2022-12-31T20:31:35.436+0100] {dagbag.py:538} INFO - Filling up the DagBag from /Library/Frameworks/Python.framework/Versions/3.11/lib/python3.11/site-packages/airflow/example_dags/example_kubernetes_executor.py
[2022-12-31T20:31:35.453+0100] {logging_mixin.py:137} INFO - [2022-12-31T20:31:35.453+0100] {example_kubernetes_executor.py:41} WARNING - The example_kubernetes_executor example DAG requires the kubernetes provider. Please install it with: pip install apache-airflow[cncf.kubernetes]
[2022-12-31T20:31:35.453+0100] {processor.py:755} WARNING - No viable dags retrieved from /Library/Frameworks/Python.framework/Versions/3.11/lib/python3.11/site-packages/airflow/example_dags/example_kubernetes_executor.py
[2022-12-31T20:31:35.880+0100] {processor.py:175} INFO - Processing /Library/Frameworks/Python.framework/Versions/3.11/lib/python3.11/site-packages/airflow/example_dags/example_kubernetes_executor.py took 0.450 seconds
[2022-12-31T20:33:19.283+0100] {processor.py:153} INFO - Started process (PID=90583) to work on /Library/Frameworks/Python.framework/Versions/3.11/lib/python3.11/site-packages/airflow/example_dags/example_kubernetes_executor.py
[2022-12-31T20:33:19.287+0100] {processor.py:743} INFO - Processing file /Library/Frameworks/Python.framework/Versions/3.11/lib/python3.11/site-packages/airflow/example_dags/example_kubernetes_executor.py for tasks to queue
[2022-12-31T20:33:19.287+0100] {logging_mixin.py:137} INFO - [2022-12-31T20:33:19.287+0100] {dagbag.py:538} INFO - Filling up the DagBag from /Library/Frameworks/Python.framework/Versions/3.11/lib/python3.11/site-packages/airflow/example_dags/example_kubernetes_executor.py
[2022-12-31T20:33:19.305+0100] {logging_mixin.py:137} INFO - [2022-12-31T20:33:19.305+0100] {example_kubernetes_executor.py:41} WARNING - The example_kubernetes_executor example DAG requires the kubernetes provider. Please install it with: pip install apache-airflow[cncf.kubernetes]
[2022-12-31T20:33:19.306+0100] {processor.py:755} WARNING - No viable dags retrieved from /Library/Frameworks/Python.framework/Versions/3.11/lib/python3.11/site-packages/airflow/example_dags/example_kubernetes_executor.py
[2022-12-31T20:33:19.718+0100] {processor.py:175} INFO - Processing /Library/Frameworks/Python.framework/Versions/3.11/lib/python3.11/site-packages/airflow/example_dags/example_kubernetes_executor.py took 0.436 seconds
[2022-12-31T20:35:04.912+0100] {processor.py:153} INFO - Started process (PID=90742) to work on /Library/Frameworks/Python.framework/Versions/3.11/lib/python3.11/site-packages/airflow/example_dags/example_kubernetes_executor.py
[2022-12-31T20:35:04.914+0100] {processor.py:743} INFO - Processing file /Library/Frameworks/Python.framework/Versions/3.11/lib/python3.11/site-packages/airflow/example_dags/example_kubernetes_executor.py for tasks to queue
[2022-12-31T20:35:04.914+0100] {logging_mixin.py:137} INFO - [2022-12-31T20:35:04.914+0100] {dagbag.py:538} INFO - Filling up the DagBag from /Library/Frameworks/Python.framework/Versions/3.11/lib/python3.11/site-packages/airflow/example_dags/example_kubernetes_executor.py
[2022-12-31T20:35:04.932+0100] {logging_mixin.py:137} INFO - [2022-12-31T20:35:04.932+0100] {example_kubernetes_executor.py:41} WARNING - The example_kubernetes_executor example DAG requires the kubernetes provider. Please install it with: pip install apache-airflow[cncf.kubernetes]
[2022-12-31T20:35:04.932+0100] {processor.py:755} WARNING - No viable dags retrieved from /Library/Frameworks/Python.framework/Versions/3.11/lib/python3.11/site-packages/airflow/example_dags/example_kubernetes_executor.py
[2022-12-31T20:35:05.334+0100] {processor.py:175} INFO - Processing /Library/Frameworks/Python.framework/Versions/3.11/lib/python3.11/site-packages/airflow/example_dags/example_kubernetes_executor.py took 0.423 seconds
[2022-12-31T20:36:17.587+0100] {processor.py:153} INFO - Started process (PID=90838) to work on /Library/Frameworks/Python.framework/Versions/3.11/lib/python3.11/site-packages/airflow/example_dags/example_kubernetes_executor.py
[2022-12-31T20:36:17.591+0100] {processor.py:743} INFO - Processing file /Library/Frameworks/Python.framework/Versions/3.11/lib/python3.11/site-packages/airflow/example_dags/example_kubernetes_executor.py for tasks to queue
[2022-12-31T20:36:17.592+0100] {logging_mixin.py:137} INFO - [2022-12-31T20:36:17.592+0100] {dagbag.py:538} INFO - Filling up the DagBag from /Library/Frameworks/Python.framework/Versions/3.11/lib/python3.11/site-packages/airflow/example_dags/example_kubernetes_executor.py
[2022-12-31T20:36:17.611+0100] {logging_mixin.py:137} INFO - [2022-12-31T20:36:17.611+0100] {example_kubernetes_executor.py:41} WARNING - The example_kubernetes_executor example DAG requires the kubernetes provider. Please install it with: pip install apache-airflow[cncf.kubernetes]
[2022-12-31T20:36:17.611+0100] {processor.py:755} WARNING - No viable dags retrieved from /Library/Frameworks/Python.framework/Versions/3.11/lib/python3.11/site-packages/airflow/example_dags/example_kubernetes_executor.py
[2022-12-31T20:36:17.989+0100] {processor.py:175} INFO - Processing /Library/Frameworks/Python.framework/Versions/3.11/lib/python3.11/site-packages/airflow/example_dags/example_kubernetes_executor.py took 0.403 seconds
[2022-12-31T20:37:59.867+0100] {processor.py:153} INFO - Started process (PID=90987) to work on /Library/Frameworks/Python.framework/Versions/3.11/lib/python3.11/site-packages/airflow/example_dags/example_kubernetes_executor.py
[2022-12-31T20:37:59.872+0100] {processor.py:743} INFO - Processing file /Library/Frameworks/Python.framework/Versions/3.11/lib/python3.11/site-packages/airflow/example_dags/example_kubernetes_executor.py for tasks to queue
[2022-12-31T20:37:59.872+0100] {logging_mixin.py:137} INFO - [2022-12-31T20:37:59.872+0100] {dagbag.py:538} INFO - Filling up the DagBag from /Library/Frameworks/Python.framework/Versions/3.11/lib/python3.11/site-packages/airflow/example_dags/example_kubernetes_executor.py
[2022-12-31T20:37:59.892+0100] {logging_mixin.py:137} INFO - [2022-12-31T20:37:59.892+0100] {example_kubernetes_executor.py:41} WARNING - The example_kubernetes_executor example DAG requires the kubernetes provider. Please install it with: pip install apache-airflow[cncf.kubernetes]
[2022-12-31T20:37:59.893+0100] {processor.py:755} WARNING - No viable dags retrieved from /Library/Frameworks/Python.framework/Versions/3.11/lib/python3.11/site-packages/airflow/example_dags/example_kubernetes_executor.py
[2022-12-31T20:38:00.282+0100] {processor.py:175} INFO - Processing /Library/Frameworks/Python.framework/Versions/3.11/lib/python3.11/site-packages/airflow/example_dags/example_kubernetes_executor.py took 0.417 seconds
[2022-12-31T20:39:43.617+0100] {processor.py:153} INFO - Started process (PID=91163) to work on /Library/Frameworks/Python.framework/Versions/3.11/lib/python3.11/site-packages/airflow/example_dags/example_kubernetes_executor.py
[2022-12-31T20:39:43.623+0100] {processor.py:743} INFO - Processing file /Library/Frameworks/Python.framework/Versions/3.11/lib/python3.11/site-packages/airflow/example_dags/example_kubernetes_executor.py for tasks to queue
[2022-12-31T20:39:43.623+0100] {logging_mixin.py:137} INFO - [2022-12-31T20:39:43.623+0100] {dagbag.py:538} INFO - Filling up the DagBag from /Library/Frameworks/Python.framework/Versions/3.11/lib/python3.11/site-packages/airflow/example_dags/example_kubernetes_executor.py
[2022-12-31T20:39:43.639+0100] {logging_mixin.py:137} INFO - [2022-12-31T20:39:43.639+0100] {example_kubernetes_executor.py:41} WARNING - The example_kubernetes_executor example DAG requires the kubernetes provider. Please install it with: pip install apache-airflow[cncf.kubernetes]
[2022-12-31T20:39:43.639+0100] {processor.py:755} WARNING - No viable dags retrieved from /Library/Frameworks/Python.framework/Versions/3.11/lib/python3.11/site-packages/airflow/example_dags/example_kubernetes_executor.py
[2022-12-31T20:39:44.036+0100] {processor.py:175} INFO - Processing /Library/Frameworks/Python.framework/Versions/3.11/lib/python3.11/site-packages/airflow/example_dags/example_kubernetes_executor.py took 0.420 seconds
[2022-12-31T20:41:31.903+0100] {processor.py:153} INFO - Started process (PID=91331) to work on /Library/Frameworks/Python.framework/Versions/3.11/lib/python3.11/site-packages/airflow/example_dags/example_kubernetes_executor.py
[2022-12-31T20:41:31.907+0100] {processor.py:743} INFO - Processing file /Library/Frameworks/Python.framework/Versions/3.11/lib/python3.11/site-packages/airflow/example_dags/example_kubernetes_executor.py for tasks to queue
[2022-12-31T20:41:31.907+0100] {logging_mixin.py:137} INFO - [2022-12-31T20:41:31.907+0100] {dagbag.py:538} INFO - Filling up the DagBag from /Library/Frameworks/Python.framework/Versions/3.11/lib/python3.11/site-packages/airflow/example_dags/example_kubernetes_executor.py
[2022-12-31T20:41:31.931+0100] {logging_mixin.py:137} INFO - [2022-12-31T20:41:31.931+0100] {example_kubernetes_executor.py:41} WARNING - The example_kubernetes_executor example DAG requires the kubernetes provider. Please install it with: pip install apache-airflow[cncf.kubernetes]
[2022-12-31T20:41:31.931+0100] {processor.py:755} WARNING - No viable dags retrieved from /Library/Frameworks/Python.framework/Versions/3.11/lib/python3.11/site-packages/airflow/example_dags/example_kubernetes_executor.py
[2022-12-31T20:41:32.320+0100] {processor.py:175} INFO - Processing /Library/Frameworks/Python.framework/Versions/3.11/lib/python3.11/site-packages/airflow/example_dags/example_kubernetes_executor.py took 0.417 seconds
[2022-12-31T20:43:16.327+0100] {processor.py:153} INFO - Started process (PID=91515) to work on /Library/Frameworks/Python.framework/Versions/3.11/lib/python3.11/site-packages/airflow/example_dags/example_kubernetes_executor.py
[2022-12-31T20:43:16.330+0100] {processor.py:743} INFO - Processing file /Library/Frameworks/Python.framework/Versions/3.11/lib/python3.11/site-packages/airflow/example_dags/example_kubernetes_executor.py for tasks to queue
[2022-12-31T20:43:16.330+0100] {logging_mixin.py:137} INFO - [2022-12-31T20:43:16.330+0100] {dagbag.py:538} INFO - Filling up the DagBag from /Library/Frameworks/Python.framework/Versions/3.11/lib/python3.11/site-packages/airflow/example_dags/example_kubernetes_executor.py
[2022-12-31T20:43:16.347+0100] {logging_mixin.py:137} INFO - [2022-12-31T20:43:16.347+0100] {example_kubernetes_executor.py:41} WARNING - The example_kubernetes_executor example DAG requires the kubernetes provider. Please install it with: pip install apache-airflow[cncf.kubernetes]
[2022-12-31T20:43:16.347+0100] {processor.py:755} WARNING - No viable dags retrieved from /Library/Frameworks/Python.framework/Versions/3.11/lib/python3.11/site-packages/airflow/example_dags/example_kubernetes_executor.py
[2022-12-31T20:43:16.745+0100] {processor.py:175} INFO - Processing /Library/Frameworks/Python.framework/Versions/3.11/lib/python3.11/site-packages/airflow/example_dags/example_kubernetes_executor.py took 0.419 seconds
[2022-12-31T20:47:16.298+0100] {processor.py:153} INFO - Started process (PID=91992) to work on /Library/Frameworks/Python.framework/Versions/3.11/lib/python3.11/site-packages/airflow/example_dags/example_kubernetes_executor.py
[2022-12-31T20:47:16.305+0100] {processor.py:743} INFO - Processing file /Library/Frameworks/Python.framework/Versions/3.11/lib/python3.11/site-packages/airflow/example_dags/example_kubernetes_executor.py for tasks to queue
[2022-12-31T20:47:16.305+0100] {logging_mixin.py:137} INFO - [2022-12-31T20:47:16.305+0100] {dagbag.py:538} INFO - Filling up the DagBag from /Library/Frameworks/Python.framework/Versions/3.11/lib/python3.11/site-packages/airflow/example_dags/example_kubernetes_executor.py
[2022-12-31T20:47:16.322+0100] {logging_mixin.py:137} INFO - [2022-12-31T20:47:16.322+0100] {example_kubernetes_executor.py:41} WARNING - The example_kubernetes_executor example DAG requires the kubernetes provider. Please install it with: pip install apache-airflow[cncf.kubernetes]
[2022-12-31T20:47:16.322+0100] {processor.py:755} WARNING - No viable dags retrieved from /Library/Frameworks/Python.framework/Versions/3.11/lib/python3.11/site-packages/airflow/example_dags/example_kubernetes_executor.py
[2022-12-31T20:47:16.707+0100] {processor.py:175} INFO - Processing /Library/Frameworks/Python.framework/Versions/3.11/lib/python3.11/site-packages/airflow/example_dags/example_kubernetes_executor.py took 0.410 seconds
[2022-12-31T20:49:56.738+0100] {processor.py:153} INFO - Started process (PID=92312) to work on /Library/Frameworks/Python.framework/Versions/3.11/lib/python3.11/site-packages/airflow/example_dags/example_kubernetes_executor.py
[2022-12-31T20:49:56.742+0100] {processor.py:743} INFO - Processing file /Library/Frameworks/Python.framework/Versions/3.11/lib/python3.11/site-packages/airflow/example_dags/example_kubernetes_executor.py for tasks to queue
[2022-12-31T20:49:56.742+0100] {logging_mixin.py:137} INFO - [2022-12-31T20:49:56.742+0100] {dagbag.py:538} INFO - Filling up the DagBag from /Library/Frameworks/Python.framework/Versions/3.11/lib/python3.11/site-packages/airflow/example_dags/example_kubernetes_executor.py
[2022-12-31T20:49:56.769+0100] {logging_mixin.py:137} INFO - [2022-12-31T20:49:56.769+0100] {example_kubernetes_executor.py:41} WARNING - The example_kubernetes_executor example DAG requires the kubernetes provider. Please install it with: pip install apache-airflow[cncf.kubernetes]
[2022-12-31T20:49:56.769+0100] {processor.py:755} WARNING - No viable dags retrieved from /Library/Frameworks/Python.framework/Versions/3.11/lib/python3.11/site-packages/airflow/example_dags/example_kubernetes_executor.py
[2022-12-31T20:49:57.175+0100] {processor.py:175} INFO - Processing /Library/Frameworks/Python.framework/Versions/3.11/lib/python3.11/site-packages/airflow/example_dags/example_kubernetes_executor.py took 0.438 seconds
[2022-12-31T20:54:32.273+0100] {processor.py:153} INFO - Started process (PID=92989) to work on /Library/Frameworks/Python.framework/Versions/3.11/lib/python3.11/site-packages/airflow/example_dags/example_kubernetes_executor.py
[2022-12-31T20:54:32.283+0100] {processor.py:743} INFO - Processing file /Library/Frameworks/Python.framework/Versions/3.11/lib/python3.11/site-packages/airflow/example_dags/example_kubernetes_executor.py for tasks to queue
[2022-12-31T20:54:32.283+0100] {logging_mixin.py:137} INFO - [2022-12-31T20:54:32.283+0100] {dagbag.py:538} INFO - Filling up the DagBag from /Library/Frameworks/Python.framework/Versions/3.11/lib/python3.11/site-packages/airflow/example_dags/example_kubernetes_executor.py
[2022-12-31T20:54:32.321+0100] {logging_mixin.py:137} INFO - [2022-12-31T20:54:32.321+0100] {example_kubernetes_executor.py:41} WARNING - The example_kubernetes_executor example DAG requires the kubernetes provider. Please install it with: pip install apache-airflow[cncf.kubernetes]
[2022-12-31T20:54:32.321+0100] {processor.py:755} WARNING - No viable dags retrieved from /Library/Frameworks/Python.framework/Versions/3.11/lib/python3.11/site-packages/airflow/example_dags/example_kubernetes_executor.py
[2022-12-31T20:54:32.862+0100] {processor.py:175} INFO - Processing /Library/Frameworks/Python.framework/Versions/3.11/lib/python3.11/site-packages/airflow/example_dags/example_kubernetes_executor.py took 0.592 seconds
[2022-12-31T20:57:03.629+0100] {processor.py:153} INFO - Started process (PID=93357) to work on /Library/Frameworks/Python.framework/Versions/3.11/lib/python3.11/site-packages/airflow/example_dags/example_kubernetes_executor.py
[2022-12-31T20:57:03.633+0100] {processor.py:743} INFO - Processing file /Library/Frameworks/Python.framework/Versions/3.11/lib/python3.11/site-packages/airflow/example_dags/example_kubernetes_executor.py for tasks to queue
[2022-12-31T20:57:03.633+0100] {logging_mixin.py:137} INFO - [2022-12-31T20:57:03.633+0100] {dagbag.py:538} INFO - Filling up the DagBag from /Library/Frameworks/Python.framework/Versions/3.11/lib/python3.11/site-packages/airflow/example_dags/example_kubernetes_executor.py
[2022-12-31T20:57:03.652+0100] {logging_mixin.py:137} INFO - [2022-12-31T20:57:03.652+0100] {example_kubernetes_executor.py:41} WARNING - The example_kubernetes_executor example DAG requires the kubernetes provider. Please install it with: pip install apache-airflow[cncf.kubernetes]
[2022-12-31T20:57:03.652+0100] {processor.py:755} WARNING - No viable dags retrieved from /Library/Frameworks/Python.framework/Versions/3.11/lib/python3.11/site-packages/airflow/example_dags/example_kubernetes_executor.py
[2022-12-31T20:57:04.223+0100] {processor.py:175} INFO - Processing /Library/Frameworks/Python.framework/Versions/3.11/lib/python3.11/site-packages/airflow/example_dags/example_kubernetes_executor.py took 0.596 seconds
[2022-12-31T20:59:03.882+0100] {processor.py:153} INFO - Started process (PID=93634) to work on /Library/Frameworks/Python.framework/Versions/3.11/lib/python3.11/site-packages/airflow/example_dags/example_kubernetes_executor.py
[2022-12-31T20:59:03.888+0100] {processor.py:743} INFO - Processing file /Library/Frameworks/Python.framework/Versions/3.11/lib/python3.11/site-packages/airflow/example_dags/example_kubernetes_executor.py for tasks to queue
[2022-12-31T20:59:03.888+0100] {logging_mixin.py:137} INFO - [2022-12-31T20:59:03.888+0100] {dagbag.py:538} INFO - Filling up the DagBag from /Library/Frameworks/Python.framework/Versions/3.11/lib/python3.11/site-packages/airflow/example_dags/example_kubernetes_executor.py
[2022-12-31T20:59:03.915+0100] {logging_mixin.py:137} INFO - [2022-12-31T20:59:03.915+0100] {example_kubernetes_executor.py:41} WARNING - The example_kubernetes_executor example DAG requires the kubernetes provider. Please install it with: pip install apache-airflow[cncf.kubernetes]
[2022-12-31T20:59:03.915+0100] {processor.py:755} WARNING - No viable dags retrieved from /Library/Frameworks/Python.framework/Versions/3.11/lib/python3.11/site-packages/airflow/example_dags/example_kubernetes_executor.py
[2022-12-31T20:59:04.434+0100] {processor.py:175} INFO - Processing /Library/Frameworks/Python.framework/Versions/3.11/lib/python3.11/site-packages/airflow/example_dags/example_kubernetes_executor.py took 0.553 seconds
[2022-12-31T21:01:08.222+0100] {processor.py:153} INFO - Started process (PID=93851) to work on /Library/Frameworks/Python.framework/Versions/3.11/lib/python3.11/site-packages/airflow/example_dags/example_kubernetes_executor.py
[2022-12-31T21:01:08.227+0100] {processor.py:743} INFO - Processing file /Library/Frameworks/Python.framework/Versions/3.11/lib/python3.11/site-packages/airflow/example_dags/example_kubernetes_executor.py for tasks to queue
[2022-12-31T21:01:08.227+0100] {logging_mixin.py:137} INFO - [2022-12-31T21:01:08.227+0100] {dagbag.py:538} INFO - Filling up the DagBag from /Library/Frameworks/Python.framework/Versions/3.11/lib/python3.11/site-packages/airflow/example_dags/example_kubernetes_executor.py
[2022-12-31T21:01:08.245+0100] {logging_mixin.py:137} INFO - [2022-12-31T21:01:08.245+0100] {example_kubernetes_executor.py:41} WARNING - The example_kubernetes_executor example DAG requires the kubernetes provider. Please install it with: pip install apache-airflow[cncf.kubernetes]
[2022-12-31T21:01:08.245+0100] {processor.py:755} WARNING - No viable dags retrieved from /Library/Frameworks/Python.framework/Versions/3.11/lib/python3.11/site-packages/airflow/example_dags/example_kubernetes_executor.py
[2022-12-31T21:01:08.737+0100] {processor.py:175} INFO - Processing /Library/Frameworks/Python.framework/Versions/3.11/lib/python3.11/site-packages/airflow/example_dags/example_kubernetes_executor.py took 0.515 seconds
[2022-12-31T21:03:10.147+0100] {processor.py:153} INFO - Started process (PID=94255) to work on /Library/Frameworks/Python.framework/Versions/3.11/lib/python3.11/site-packages/airflow/example_dags/example_kubernetes_executor.py
[2022-12-31T21:03:10.151+0100] {processor.py:743} INFO - Processing file /Library/Frameworks/Python.framework/Versions/3.11/lib/python3.11/site-packages/airflow/example_dags/example_kubernetes_executor.py for tasks to queue
[2022-12-31T21:03:10.152+0100] {logging_mixin.py:137} INFO - [2022-12-31T21:03:10.152+0100] {dagbag.py:538} INFO - Filling up the DagBag from /Library/Frameworks/Python.framework/Versions/3.11/lib/python3.11/site-packages/airflow/example_dags/example_kubernetes_executor.py
[2022-12-31T21:03:10.171+0100] {logging_mixin.py:137} INFO - [2022-12-31T21:03:10.171+0100] {example_kubernetes_executor.py:41} WARNING - The example_kubernetes_executor example DAG requires the kubernetes provider. Please install it with: pip install apache-airflow[cncf.kubernetes]
[2022-12-31T21:03:10.171+0100] {processor.py:755} WARNING - No viable dags retrieved from /Library/Frameworks/Python.framework/Versions/3.11/lib/python3.11/site-packages/airflow/example_dags/example_kubernetes_executor.py
[2022-12-31T21:03:10.878+0100] {processor.py:175} INFO - Processing /Library/Frameworks/Python.framework/Versions/3.11/lib/python3.11/site-packages/airflow/example_dags/example_kubernetes_executor.py took 0.731 seconds
[2022-12-31T21:05:15.703+0100] {processor.py:153} INFO - Started process (PID=94515) to work on /Library/Frameworks/Python.framework/Versions/3.11/lib/python3.11/site-packages/airflow/example_dags/example_kubernetes_executor.py
[2022-12-31T21:05:15.707+0100] {processor.py:743} INFO - Processing file /Library/Frameworks/Python.framework/Versions/3.11/lib/python3.11/site-packages/airflow/example_dags/example_kubernetes_executor.py for tasks to queue
[2022-12-31T21:05:15.707+0100] {logging_mixin.py:137} INFO - [2022-12-31T21:05:15.707+0100] {dagbag.py:538} INFO - Filling up the DagBag from /Library/Frameworks/Python.framework/Versions/3.11/lib/python3.11/site-packages/airflow/example_dags/example_kubernetes_executor.py
[2022-12-31T21:05:15.725+0100] {logging_mixin.py:137} INFO - [2022-12-31T21:05:15.725+0100] {example_kubernetes_executor.py:41} WARNING - The example_kubernetes_executor example DAG requires the kubernetes provider. Please install it with: pip install apache-airflow[cncf.kubernetes]
[2022-12-31T21:05:15.725+0100] {processor.py:755} WARNING - No viable dags retrieved from /Library/Frameworks/Python.framework/Versions/3.11/lib/python3.11/site-packages/airflow/example_dags/example_kubernetes_executor.py
[2022-12-31T21:05:16.148+0100] {processor.py:175} INFO - Processing /Library/Frameworks/Python.framework/Versions/3.11/lib/python3.11/site-packages/airflow/example_dags/example_kubernetes_executor.py took 0.446 seconds
[2022-12-31T21:07:04.361+0100] {processor.py:153} INFO - Started process (PID=94735) to work on /Library/Frameworks/Python.framework/Versions/3.11/lib/python3.11/site-packages/airflow/example_dags/example_kubernetes_executor.py
[2022-12-31T21:07:04.367+0100] {processor.py:743} INFO - Processing file /Library/Frameworks/Python.framework/Versions/3.11/lib/python3.11/site-packages/airflow/example_dags/example_kubernetes_executor.py for tasks to queue
[2022-12-31T21:07:04.367+0100] {logging_mixin.py:137} INFO - [2022-12-31T21:07:04.367+0100] {dagbag.py:538} INFO - Filling up the DagBag from /Library/Frameworks/Python.framework/Versions/3.11/lib/python3.11/site-packages/airflow/example_dags/example_kubernetes_executor.py
[2022-12-31T21:07:04.396+0100] {logging_mixin.py:137} INFO - [2022-12-31T21:07:04.395+0100] {example_kubernetes_executor.py:41} WARNING - The example_kubernetes_executor example DAG requires the kubernetes provider. Please install it with: pip install apache-airflow[cncf.kubernetes]
[2022-12-31T21:07:04.396+0100] {processor.py:755} WARNING - No viable dags retrieved from /Library/Frameworks/Python.framework/Versions/3.11/lib/python3.11/site-packages/airflow/example_dags/example_kubernetes_executor.py
[2022-12-31T21:07:04.815+0100] {processor.py:175} INFO - Processing /Library/Frameworks/Python.framework/Versions/3.11/lib/python3.11/site-packages/airflow/example_dags/example_kubernetes_executor.py took 0.455 seconds
[2022-12-31 20:08:44,951] {scheduler_job.py:182} INFO - Started process (PID=98) to work on /home/airflow/.local/lib/python3.6/site-packages/airflow/example_dags/example_kubernetes_executor.py
[2022-12-31 20:08:44,977] {scheduler_job.py:629} INFO - Processing file /home/airflow/.local/lib/python3.6/site-packages/airflow/example_dags/example_kubernetes_executor.py for tasks to queue
[2022-12-31 20:08:44,983] {logging_mixin.py:104} INFO - [2022-12-31 20:08:44,981] {dagbag.py:451} INFO - Filling up the DagBag from /home/airflow/.local/lib/python3.6/site-packages/airflow/example_dags/example_kubernetes_executor.py
[2022-12-31 20:08:45,059] {scheduler_job.py:639} INFO - DAG(s) dict_keys(['example_kubernetes_executor']) retrieved from /home/airflow/.local/lib/python3.6/site-packages/airflow/example_dags/example_kubernetes_executor.py
[2022-12-31 20:08:45,263] {logging_mixin.py:104} INFO - [2022-12-31 20:08:45,261] {dag.py:1824} INFO - Sync 1 DAGs
[2022-12-31 20:08:45,578] {logging_mixin.py:104} INFO - [2022-12-31 20:08:45,567] {dag.py:2280} INFO - Setting next_dagrun for example_kubernetes_executor to None
[2022-12-31 20:08:46,042] {scheduler_job.py:190} INFO - Processing /home/airflow/.local/lib/python3.6/site-packages/airflow/example_dags/example_kubernetes_executor.py took 1.113 seconds
[2022-12-31T21:09:00.909+0100] {processor.py:153} INFO - Started process (PID=95015) to work on /Library/Frameworks/Python.framework/Versions/3.11/lib/python3.11/site-packages/airflow/example_dags/example_kubernetes_executor.py
[2022-12-31T21:09:00.914+0100] {processor.py:743} INFO - Processing file /Library/Frameworks/Python.framework/Versions/3.11/lib/python3.11/site-packages/airflow/example_dags/example_kubernetes_executor.py for tasks to queue
[2022-12-31T21:09:00.914+0100] {logging_mixin.py:137} INFO - [2022-12-31T21:09:00.914+0100] {dagbag.py:538} INFO - Filling up the DagBag from /Library/Frameworks/Python.framework/Versions/3.11/lib/python3.11/site-packages/airflow/example_dags/example_kubernetes_executor.py
[2022-12-31T21:09:00.953+0100] {logging_mixin.py:137} INFO - [2022-12-31T21:09:00.953+0100] {example_kubernetes_executor.py:41} WARNING - The example_kubernetes_executor example DAG requires the kubernetes provider. Please install it with: pip install apache-airflow[cncf.kubernetes]
[2022-12-31T21:09:00.953+0100] {processor.py:755} WARNING - No viable dags retrieved from /Library/Frameworks/Python.framework/Versions/3.11/lib/python3.11/site-packages/airflow/example_dags/example_kubernetes_executor.py
[2022-12-31T21:09:01.407+0100] {processor.py:175} INFO - Processing /Library/Frameworks/Python.framework/Versions/3.11/lib/python3.11/site-packages/airflow/example_dags/example_kubernetes_executor.py took 0.499 seconds
[2022-12-31 20:09:16,414] {scheduler_job.py:182} INFO - Started process (PID=150) to work on /home/airflow/.local/lib/python3.6/site-packages/airflow/example_dags/example_kubernetes_executor.py
[2022-12-31 20:09:16,418] {scheduler_job.py:629} INFO - Processing file /home/airflow/.local/lib/python3.6/site-packages/airflow/example_dags/example_kubernetes_executor.py for tasks to queue
[2022-12-31 20:09:16,421] {logging_mixin.py:104} INFO - [2022-12-31 20:09:16,420] {dagbag.py:451} INFO - Filling up the DagBag from /home/airflow/.local/lib/python3.6/site-packages/airflow/example_dags/example_kubernetes_executor.py
[2022-12-31 20:09:16,467] {scheduler_job.py:639} INFO - DAG(s) dict_keys(['example_kubernetes_executor']) retrieved from /home/airflow/.local/lib/python3.6/site-packages/airflow/example_dags/example_kubernetes_executor.py
[2022-12-31 20:09:16,526] {logging_mixin.py:104} INFO - [2022-12-31 20:09:16,526] {dag.py:1824} INFO - Sync 1 DAGs
[2022-12-31 20:09:16,586] {logging_mixin.py:104} INFO - [2022-12-31 20:09:16,585] {dag.py:2280} INFO - Setting next_dagrun for example_kubernetes_executor to None
[2022-12-31 20:09:16,617] {scheduler_job.py:190} INFO - Processing /home/airflow/.local/lib/python3.6/site-packages/airflow/example_dags/example_kubernetes_executor.py took 0.213 seconds
[2022-12-31T21:11:03.763+0100] {processor.py:153} INFO - Started process (PID=95368) to work on /Library/Frameworks/Python.framework/Versions/3.11/lib/python3.11/site-packages/airflow/example_dags/example_kubernetes_executor.py
[2022-12-31T21:11:03.767+0100] {processor.py:743} INFO - Processing file /Library/Frameworks/Python.framework/Versions/3.11/lib/python3.11/site-packages/airflow/example_dags/example_kubernetes_executor.py for tasks to queue
[2022-12-31T21:11:03.768+0100] {logging_mixin.py:137} INFO - [2022-12-31T21:11:03.768+0100] {dagbag.py:538} INFO - Filling up the DagBag from /Library/Frameworks/Python.framework/Versions/3.11/lib/python3.11/site-packages/airflow/example_dags/example_kubernetes_executor.py
[2022-12-31T21:11:03.792+0100] {logging_mixin.py:137} INFO - [2022-12-31T21:11:03.792+0100] {example_kubernetes_executor.py:41} WARNING - The example_kubernetes_executor example DAG requires the kubernetes provider. Please install it with: pip install apache-airflow[cncf.kubernetes]
[2022-12-31T21:11:03.793+0100] {processor.py:755} WARNING - No viable dags retrieved from /Library/Frameworks/Python.framework/Versions/3.11/lib/python3.11/site-packages/airflow/example_dags/example_kubernetes_executor.py
[2022-12-31T21:11:04.300+0100] {processor.py:175} INFO - Processing /Library/Frameworks/Python.framework/Versions/3.11/lib/python3.11/site-packages/airflow/example_dags/example_kubernetes_executor.py took 0.538 seconds
[2022-12-31T21:13:13.632+0100] {processor.py:153} INFO - Started process (PID=95647) to work on /Library/Frameworks/Python.framework/Versions/3.11/lib/python3.11/site-packages/airflow/example_dags/example_kubernetes_executor.py
[2022-12-31T21:13:13.636+0100] {processor.py:743} INFO - Processing file /Library/Frameworks/Python.framework/Versions/3.11/lib/python3.11/site-packages/airflow/example_dags/example_kubernetes_executor.py for tasks to queue
[2022-12-31T21:13:13.636+0100] {logging_mixin.py:137} INFO - [2022-12-31T21:13:13.636+0100] {dagbag.py:538} INFO - Filling up the DagBag from /Library/Frameworks/Python.framework/Versions/3.11/lib/python3.11/site-packages/airflow/example_dags/example_kubernetes_executor.py
[2022-12-31T21:13:13.750+0100] {logging_mixin.py:137} INFO - [2022-12-31T21:13:13.749+0100] {example_kubernetes_executor.py:41} WARNING - The example_kubernetes_executor example DAG requires the kubernetes provider. Please install it with: pip install apache-airflow[cncf.kubernetes]
[2022-12-31T21:13:13.750+0100] {processor.py:755} WARNING - No viable dags retrieved from /Library/Frameworks/Python.framework/Versions/3.11/lib/python3.11/site-packages/airflow/example_dags/example_kubernetes_executor.py
[2022-12-31T21:13:14.510+0100] {processor.py:175} INFO - Processing /Library/Frameworks/Python.framework/Versions/3.11/lib/python3.11/site-packages/airflow/example_dags/example_kubernetes_executor.py took 0.899 seconds
[2022-12-31T21:15:13.608+0100] {processor.py:153} INFO - Started process (PID=95927) to work on /Library/Frameworks/Python.framework/Versions/3.11/lib/python3.11/site-packages/airflow/example_dags/example_kubernetes_executor.py
[2022-12-31T21:15:13.612+0100] {processor.py:743} INFO - Processing file /Library/Frameworks/Python.framework/Versions/3.11/lib/python3.11/site-packages/airflow/example_dags/example_kubernetes_executor.py for tasks to queue
[2022-12-31T21:15:13.612+0100] {logging_mixin.py:137} INFO - [2022-12-31T21:15:13.612+0100] {dagbag.py:538} INFO - Filling up the DagBag from /Library/Frameworks/Python.framework/Versions/3.11/lib/python3.11/site-packages/airflow/example_dags/example_kubernetes_executor.py
[2022-12-31T21:15:13.630+0100] {logging_mixin.py:137} INFO - [2022-12-31T21:15:13.630+0100] {example_kubernetes_executor.py:41} WARNING - The example_kubernetes_executor example DAG requires the kubernetes provider. Please install it with: pip install apache-airflow[cncf.kubernetes]
[2022-12-31T21:15:13.631+0100] {processor.py:755} WARNING - No viable dags retrieved from /Library/Frameworks/Python.framework/Versions/3.11/lib/python3.11/site-packages/airflow/example_dags/example_kubernetes_executor.py
[2022-12-31T21:15:14.058+0100] {processor.py:175} INFO - Processing /Library/Frameworks/Python.framework/Versions/3.11/lib/python3.11/site-packages/airflow/example_dags/example_kubernetes_executor.py took 0.451 seconds
[2022-12-31T21:17:05.062+0100] {processor.py:153} INFO - Started process (PID=96144) to work on /Library/Frameworks/Python.framework/Versions/3.11/lib/python3.11/site-packages/airflow/example_dags/example_kubernetes_executor.py
[2022-12-31T21:17:05.068+0100] {processor.py:743} INFO - Processing file /Library/Frameworks/Python.framework/Versions/3.11/lib/python3.11/site-packages/airflow/example_dags/example_kubernetes_executor.py for tasks to queue
[2022-12-31T21:17:05.068+0100] {logging_mixin.py:137} INFO - [2022-12-31T21:17:05.068+0100] {dagbag.py:538} INFO - Filling up the DagBag from /Library/Frameworks/Python.framework/Versions/3.11/lib/python3.11/site-packages/airflow/example_dags/example_kubernetes_executor.py
[2022-12-31T21:17:05.090+0100] {logging_mixin.py:137} INFO - [2022-12-31T21:17:05.090+0100] {example_kubernetes_executor.py:41} WARNING - The example_kubernetes_executor example DAG requires the kubernetes provider. Please install it with: pip install apache-airflow[cncf.kubernetes]
[2022-12-31T21:17:05.090+0100] {processor.py:755} WARNING - No viable dags retrieved from /Library/Frameworks/Python.framework/Versions/3.11/lib/python3.11/site-packages/airflow/example_dags/example_kubernetes_executor.py
[2022-12-31T21:17:05.465+0100] {processor.py:175} INFO - Processing /Library/Frameworks/Python.framework/Versions/3.11/lib/python3.11/site-packages/airflow/example_dags/example_kubernetes_executor.py took 0.403 seconds
[2022-12-31T21:18:53.452+0100] {processor.py:153} INFO - Started process (PID=96401) to work on /Library/Frameworks/Python.framework/Versions/3.11/lib/python3.11/site-packages/airflow/example_dags/example_kubernetes_executor.py
[2022-12-31T21:18:53.457+0100] {processor.py:743} INFO - Processing file /Library/Frameworks/Python.framework/Versions/3.11/lib/python3.11/site-packages/airflow/example_dags/example_kubernetes_executor.py for tasks to queue
[2022-12-31T21:18:53.457+0100] {logging_mixin.py:137} INFO - [2022-12-31T21:18:53.457+0100] {dagbag.py:538} INFO - Filling up the DagBag from /Library/Frameworks/Python.framework/Versions/3.11/lib/python3.11/site-packages/airflow/example_dags/example_kubernetes_executor.py
[2022-12-31T21:18:53.475+0100] {logging_mixin.py:137} INFO - [2022-12-31T21:18:53.474+0100] {example_kubernetes_executor.py:41} WARNING - The example_kubernetes_executor example DAG requires the kubernetes provider. Please install it with: pip install apache-airflow[cncf.kubernetes]
[2022-12-31T21:18:53.475+0100] {processor.py:755} WARNING - No viable dags retrieved from /Library/Frameworks/Python.framework/Versions/3.11/lib/python3.11/site-packages/airflow/example_dags/example_kubernetes_executor.py
[2022-12-31T21:18:53.932+0100] {processor.py:175} INFO - Processing /Library/Frameworks/Python.framework/Versions/3.11/lib/python3.11/site-packages/airflow/example_dags/example_kubernetes_executor.py took 0.481 seconds
[2022-12-31T21:20:53.137+0100] {processor.py:153} INFO - Started process (PID=96602) to work on /Library/Frameworks/Python.framework/Versions/3.11/lib/python3.11/site-packages/airflow/example_dags/example_kubernetes_executor.py
[2022-12-31T21:20:53.140+0100] {processor.py:743} INFO - Processing file /Library/Frameworks/Python.framework/Versions/3.11/lib/python3.11/site-packages/airflow/example_dags/example_kubernetes_executor.py for tasks to queue
[2022-12-31T21:20:53.140+0100] {logging_mixin.py:137} INFO - [2022-12-31T21:20:53.140+0100] {dagbag.py:538} INFO - Filling up the DagBag from /Library/Frameworks/Python.framework/Versions/3.11/lib/python3.11/site-packages/airflow/example_dags/example_kubernetes_executor.py
[2022-12-31T21:20:53.195+0100] {logging_mixin.py:137} INFO - [2022-12-31T21:20:53.195+0100] {example_kubernetes_executor.py:41} WARNING - The example_kubernetes_executor example DAG requires the kubernetes provider. Please install it with: pip install apache-airflow[cncf.kubernetes]
[2022-12-31T21:20:53.195+0100] {processor.py:755} WARNING - No viable dags retrieved from /Library/Frameworks/Python.framework/Versions/3.11/lib/python3.11/site-packages/airflow/example_dags/example_kubernetes_executor.py
[2022-12-31T21:20:53.846+0100] {processor.py:175} INFO - Processing /Library/Frameworks/Python.framework/Versions/3.11/lib/python3.11/site-packages/airflow/example_dags/example_kubernetes_executor.py took 0.710 seconds
[2022-12-31T21:22:49.850+0100] {processor.py:153} INFO - Started process (PID=96792) to work on /Library/Frameworks/Python.framework/Versions/3.11/lib/python3.11/site-packages/airflow/example_dags/example_kubernetes_executor.py
[2022-12-31T21:22:49.855+0100] {processor.py:743} INFO - Processing file /Library/Frameworks/Python.framework/Versions/3.11/lib/python3.11/site-packages/airflow/example_dags/example_kubernetes_executor.py for tasks to queue
[2022-12-31T21:22:49.856+0100] {logging_mixin.py:137} INFO - [2022-12-31T21:22:49.856+0100] {dagbag.py:538} INFO - Filling up the DagBag from /Library/Frameworks/Python.framework/Versions/3.11/lib/python3.11/site-packages/airflow/example_dags/example_kubernetes_executor.py
[2022-12-31T21:22:49.875+0100] {logging_mixin.py:137} INFO - [2022-12-31T21:22:49.874+0100] {example_kubernetes_executor.py:41} WARNING - The example_kubernetes_executor example DAG requires the kubernetes provider. Please install it with: pip install apache-airflow[cncf.kubernetes]
[2022-12-31T21:22:49.875+0100] {processor.py:755} WARNING - No viable dags retrieved from /Library/Frameworks/Python.framework/Versions/3.11/lib/python3.11/site-packages/airflow/example_dags/example_kubernetes_executor.py
[2022-12-31T21:22:50.393+0100] {processor.py:175} INFO - Processing /Library/Frameworks/Python.framework/Versions/3.11/lib/python3.11/site-packages/airflow/example_dags/example_kubernetes_executor.py took 0.544 seconds
[2022-12-31T21:24:47.128+0100] {processor.py:153} INFO - Started process (PID=96998) to work on /Library/Frameworks/Python.framework/Versions/3.11/lib/python3.11/site-packages/airflow/example_dags/example_kubernetes_executor.py
[2022-12-31T21:24:47.133+0100] {processor.py:743} INFO - Processing file /Library/Frameworks/Python.framework/Versions/3.11/lib/python3.11/site-packages/airflow/example_dags/example_kubernetes_executor.py for tasks to queue
[2022-12-31T21:24:47.134+0100] {logging_mixin.py:137} INFO - [2022-12-31T21:24:47.134+0100] {dagbag.py:538} INFO - Filling up the DagBag from /Library/Frameworks/Python.framework/Versions/3.11/lib/python3.11/site-packages/airflow/example_dags/example_kubernetes_executor.py
[2022-12-31T21:24:47.150+0100] {logging_mixin.py:137} INFO - [2022-12-31T21:24:47.150+0100] {example_kubernetes_executor.py:41} WARNING - The example_kubernetes_executor example DAG requires the kubernetes provider. Please install it with: pip install apache-airflow[cncf.kubernetes]
[2022-12-31T21:24:47.151+0100] {processor.py:755} WARNING - No viable dags retrieved from /Library/Frameworks/Python.framework/Versions/3.11/lib/python3.11/site-packages/airflow/example_dags/example_kubernetes_executor.py
[2022-12-31T21:24:47.568+0100] {processor.py:175} INFO - Processing /Library/Frameworks/Python.framework/Versions/3.11/lib/python3.11/site-packages/airflow/example_dags/example_kubernetes_executor.py took 0.440 seconds
[2022-12-31T21:26:40.364+0100] {processor.py:153} INFO - Started process (PID=97240) to work on /Library/Frameworks/Python.framework/Versions/3.11/lib/python3.11/site-packages/airflow/example_dags/example_kubernetes_executor.py
[2022-12-31T21:26:40.366+0100] {processor.py:743} INFO - Processing file /Library/Frameworks/Python.framework/Versions/3.11/lib/python3.11/site-packages/airflow/example_dags/example_kubernetes_executor.py for tasks to queue
[2022-12-31T21:26:40.366+0100] {logging_mixin.py:137} INFO - [2022-12-31T21:26:40.366+0100] {dagbag.py:538} INFO - Filling up the DagBag from /Library/Frameworks/Python.framework/Versions/3.11/lib/python3.11/site-packages/airflow/example_dags/example_kubernetes_executor.py
[2022-12-31T21:26:40.384+0100] {logging_mixin.py:137} INFO - [2022-12-31T21:26:40.384+0100] {example_kubernetes_executor.py:41} WARNING - The example_kubernetes_executor example DAG requires the kubernetes provider. Please install it with: pip install apache-airflow[cncf.kubernetes]
[2022-12-31T21:26:40.384+0100] {processor.py:755} WARNING - No viable dags retrieved from /Library/Frameworks/Python.framework/Versions/3.11/lib/python3.11/site-packages/airflow/example_dags/example_kubernetes_executor.py
[2022-12-31T21:26:40.782+0100] {processor.py:175} INFO - Processing /Library/Frameworks/Python.framework/Versions/3.11/lib/python3.11/site-packages/airflow/example_dags/example_kubernetes_executor.py took 0.418 seconds
