[2022-12-31T20:30:02.566+0100] {processor.py:153} INFO - Started process (PID=90243) to work on /Library/Frameworks/Python.framework/Versions/3.11/lib/python3.11/site-packages/airflow/example_dags/example_branch_day_of_week_operator.py
[2022-12-31T20:30:02.571+0100] {processor.py:743} INFO - Processing file /Library/Frameworks/Python.framework/Versions/3.11/lib/python3.11/site-packages/airflow/example_dags/example_branch_day_of_week_operator.py for tasks to queue
[2022-12-31T20:30:02.571+0100] {logging_mixin.py:137} INFO - [2022-12-31T20:30:02.571+0100] {dagbag.py:538} INFO - Filling up the DagBag from /Library/Frameworks/Python.framework/Versions/3.11/lib/python3.11/site-packages/airflow/example_dags/example_branch_day_of_week_operator.py
[2022-12-31T20:30:02.585+0100] {processor.py:753} INFO - DAG(s) dict_keys(['example_weekday_branch_operator']) retrieved from /Library/Frameworks/Python.framework/Versions/3.11/lib/python3.11/site-packages/airflow/example_dags/example_branch_day_of_week_operator.py
[2022-12-31T20:30:03.063+0100] {logging_mixin.py:137} INFO - [2022-12-31T20:30:03.063+0100] {manager.py:504} INFO - Created Permission View: can delete on DAG:example_weekday_branch_operator
[2022-12-31T20:30:03.066+0100] {logging_mixin.py:137} INFO - [2022-12-31T20:30:03.066+0100] {manager.py:504} INFO - Created Permission View: can edit on DAG:example_weekday_branch_operator
[2022-12-31T20:30:03.067+0100] {logging_mixin.py:137} INFO - [2022-12-31T20:30:03.067+0100] {manager.py:504} INFO - Created Permission View: can read on DAG:example_weekday_branch_operator
[2022-12-31T20:30:03.068+0100] {logging_mixin.py:137} INFO - [2022-12-31T20:30:03.067+0100] {dag.py:2676} INFO - Sync 1 DAGs
[2022-12-31T20:30:03.071+0100] {logging_mixin.py:137} INFO - [2022-12-31T20:30:03.071+0100] {dag.py:2697} INFO - Creating ORM DAG for example_weekday_branch_operator
[2022-12-31T20:30:03.074+0100] {logging_mixin.py:137} INFO - [2022-12-31T20:30:03.074+0100] {dag.py:3423} INFO - Setting next_dagrun for example_weekday_branch_operator to 2022-12-30T00:00:00+00:00, run_after=2022-12-31T00:00:00+00:00
[2022-12-31T20:30:03.080+0100] {processor.py:175} INFO - Processing /Library/Frameworks/Python.framework/Versions/3.11/lib/python3.11/site-packages/airflow/example_dags/example_branch_day_of_week_operator.py took 0.515 seconds
[2022-12-31T20:31:54.043+0100] {processor.py:153} INFO - Started process (PID=90471) to work on /Library/Frameworks/Python.framework/Versions/3.11/lib/python3.11/site-packages/airflow/example_dags/example_branch_day_of_week_operator.py
[2022-12-31T20:31:54.047+0100] {processor.py:743} INFO - Processing file /Library/Frameworks/Python.framework/Versions/3.11/lib/python3.11/site-packages/airflow/example_dags/example_branch_day_of_week_operator.py for tasks to queue
[2022-12-31T20:31:54.047+0100] {logging_mixin.py:137} INFO - [2022-12-31T20:31:54.047+0100] {dagbag.py:538} INFO - Filling up the DagBag from /Library/Frameworks/Python.framework/Versions/3.11/lib/python3.11/site-packages/airflow/example_dags/example_branch_day_of_week_operator.py
[2022-12-31T20:31:54.059+0100] {processor.py:753} INFO - DAG(s) dict_keys(['example_weekday_branch_operator']) retrieved from /Library/Frameworks/Python.framework/Versions/3.11/lib/python3.11/site-packages/airflow/example_dags/example_branch_day_of_week_operator.py
[2022-12-31T20:31:54.482+0100] {logging_mixin.py:137} INFO - [2022-12-31T20:31:54.482+0100] {dag.py:2676} INFO - Sync 1 DAGs
[2022-12-31T20:31:54.488+0100] {logging_mixin.py:137} INFO - [2022-12-31T20:31:54.488+0100] {dag.py:3423} INFO - Setting next_dagrun for example_weekday_branch_operator to 2022-12-30T00:00:00+00:00, run_after=2022-12-31T00:00:00+00:00
[2022-12-31T20:31:54.495+0100] {processor.py:175} INFO - Processing /Library/Frameworks/Python.framework/Versions/3.11/lib/python3.11/site-packages/airflow/example_dags/example_branch_day_of_week_operator.py took 0.453 seconds
[2022-12-31T20:33:38.461+0100] {processor.py:153} INFO - Started process (PID=90608) to work on /Library/Frameworks/Python.framework/Versions/3.11/lib/python3.11/site-packages/airflow/example_dags/example_branch_day_of_week_operator.py
[2022-12-31T20:33:38.465+0100] {processor.py:743} INFO - Processing file /Library/Frameworks/Python.framework/Versions/3.11/lib/python3.11/site-packages/airflow/example_dags/example_branch_day_of_week_operator.py for tasks to queue
[2022-12-31T20:33:38.466+0100] {logging_mixin.py:137} INFO - [2022-12-31T20:33:38.465+0100] {dagbag.py:538} INFO - Filling up the DagBag from /Library/Frameworks/Python.framework/Versions/3.11/lib/python3.11/site-packages/airflow/example_dags/example_branch_day_of_week_operator.py
[2022-12-31T20:33:38.477+0100] {processor.py:753} INFO - DAG(s) dict_keys(['example_weekday_branch_operator']) retrieved from /Library/Frameworks/Python.framework/Versions/3.11/lib/python3.11/site-packages/airflow/example_dags/example_branch_day_of_week_operator.py
[2022-12-31T20:33:38.890+0100] {logging_mixin.py:137} INFO - [2022-12-31T20:33:38.890+0100] {dag.py:2676} INFO - Sync 1 DAGs
[2022-12-31T20:33:38.896+0100] {logging_mixin.py:137} INFO - [2022-12-31T20:33:38.896+0100] {dag.py:3423} INFO - Setting next_dagrun for example_weekday_branch_operator to 2022-12-30T00:00:00+00:00, run_after=2022-12-31T00:00:00+00:00
[2022-12-31T20:33:38.903+0100] {processor.py:175} INFO - Processing /Library/Frameworks/Python.framework/Versions/3.11/lib/python3.11/site-packages/airflow/example_dags/example_branch_day_of_week_operator.py took 0.443 seconds
[2022-12-31T20:36:36.506+0100] {processor.py:153} INFO - Started process (PID=90878) to work on /Library/Frameworks/Python.framework/Versions/3.11/lib/python3.11/site-packages/airflow/example_dags/example_branch_day_of_week_operator.py
[2022-12-31T20:36:36.510+0100] {processor.py:743} INFO - Processing file /Library/Frameworks/Python.framework/Versions/3.11/lib/python3.11/site-packages/airflow/example_dags/example_branch_day_of_week_operator.py for tasks to queue
[2022-12-31T20:36:36.510+0100] {logging_mixin.py:137} INFO - [2022-12-31T20:36:36.510+0100] {dagbag.py:538} INFO - Filling up the DagBag from /Library/Frameworks/Python.framework/Versions/3.11/lib/python3.11/site-packages/airflow/example_dags/example_branch_day_of_week_operator.py
[2022-12-31T20:36:36.525+0100] {processor.py:753} INFO - DAG(s) dict_keys(['example_weekday_branch_operator']) retrieved from /Library/Frameworks/Python.framework/Versions/3.11/lib/python3.11/site-packages/airflow/example_dags/example_branch_day_of_week_operator.py
[2022-12-31T20:36:36.938+0100] {logging_mixin.py:137} INFO - [2022-12-31T20:36:36.938+0100] {dag.py:2676} INFO - Sync 1 DAGs
[2022-12-31T20:36:36.946+0100] {logging_mixin.py:137} INFO - [2022-12-31T20:36:36.946+0100] {dag.py:3423} INFO - Setting next_dagrun for example_weekday_branch_operator to 2022-12-30T00:00:00+00:00, run_after=2022-12-31T00:00:00+00:00
[2022-12-31T20:36:36.953+0100] {processor.py:175} INFO - Processing /Library/Frameworks/Python.framework/Versions/3.11/lib/python3.11/site-packages/airflow/example_dags/example_branch_day_of_week_operator.py took 0.448 seconds
[2022-12-31T20:38:18.811+0100] {processor.py:153} INFO - Started process (PID=91011) to work on /Library/Frameworks/Python.framework/Versions/3.11/lib/python3.11/site-packages/airflow/example_dags/example_branch_day_of_week_operator.py
[2022-12-31T20:38:18.816+0100] {processor.py:743} INFO - Processing file /Library/Frameworks/Python.framework/Versions/3.11/lib/python3.11/site-packages/airflow/example_dags/example_branch_day_of_week_operator.py for tasks to queue
[2022-12-31T20:38:18.816+0100] {logging_mixin.py:137} INFO - [2022-12-31T20:38:18.816+0100] {dagbag.py:538} INFO - Filling up the DagBag from /Library/Frameworks/Python.framework/Versions/3.11/lib/python3.11/site-packages/airflow/example_dags/example_branch_day_of_week_operator.py
[2022-12-31T20:38:18.829+0100] {processor.py:753} INFO - DAG(s) dict_keys(['example_weekday_branch_operator']) retrieved from /Library/Frameworks/Python.framework/Versions/3.11/lib/python3.11/site-packages/airflow/example_dags/example_branch_day_of_week_operator.py
[2022-12-31T20:38:19.221+0100] {logging_mixin.py:137} INFO - [2022-12-31T20:38:19.221+0100] {dag.py:2676} INFO - Sync 1 DAGs
[2022-12-31T20:38:19.227+0100] {logging_mixin.py:137} INFO - [2022-12-31T20:38:19.227+0100] {dag.py:3423} INFO - Setting next_dagrun for example_weekday_branch_operator to 2022-12-30T00:00:00+00:00, run_after=2022-12-31T00:00:00+00:00
[2022-12-31T20:38:19.234+0100] {processor.py:175} INFO - Processing /Library/Frameworks/Python.framework/Versions/3.11/lib/python3.11/site-packages/airflow/example_dags/example_branch_day_of_week_operator.py took 0.424 seconds
[2022-12-31T20:40:02.903+0100] {processor.py:153} INFO - Started process (PID=91192) to work on /Library/Frameworks/Python.framework/Versions/3.11/lib/python3.11/site-packages/airflow/example_dags/example_branch_day_of_week_operator.py
[2022-12-31T20:40:02.909+0100] {processor.py:743} INFO - Processing file /Library/Frameworks/Python.framework/Versions/3.11/lib/python3.11/site-packages/airflow/example_dags/example_branch_day_of_week_operator.py for tasks to queue
[2022-12-31T20:40:02.910+0100] {logging_mixin.py:137} INFO - [2022-12-31T20:40:02.910+0100] {dagbag.py:538} INFO - Filling up the DagBag from /Library/Frameworks/Python.framework/Versions/3.11/lib/python3.11/site-packages/airflow/example_dags/example_branch_day_of_week_operator.py
[2022-12-31T20:40:02.926+0100] {processor.py:753} INFO - DAG(s) dict_keys(['example_weekday_branch_operator']) retrieved from /Library/Frameworks/Python.framework/Versions/3.11/lib/python3.11/site-packages/airflow/example_dags/example_branch_day_of_week_operator.py
[2022-12-31T20:40:03.348+0100] {logging_mixin.py:137} INFO - [2022-12-31T20:40:03.348+0100] {dag.py:2676} INFO - Sync 1 DAGs
[2022-12-31T20:40:03.355+0100] {logging_mixin.py:137} INFO - [2022-12-31T20:40:03.355+0100] {dag.py:3423} INFO - Setting next_dagrun for example_weekday_branch_operator to 2022-12-30T00:00:00+00:00, run_after=2022-12-31T00:00:00+00:00
[2022-12-31T20:40:03.362+0100] {processor.py:175} INFO - Processing /Library/Frameworks/Python.framework/Versions/3.11/lib/python3.11/site-packages/airflow/example_dags/example_branch_day_of_week_operator.py took 0.460 seconds
[2022-12-31T20:41:50.994+0100] {processor.py:153} INFO - Started process (PID=91358) to work on /Library/Frameworks/Python.framework/Versions/3.11/lib/python3.11/site-packages/airflow/example_dags/example_branch_day_of_week_operator.py
[2022-12-31T20:41:50.999+0100] {processor.py:743} INFO - Processing file /Library/Frameworks/Python.framework/Versions/3.11/lib/python3.11/site-packages/airflow/example_dags/example_branch_day_of_week_operator.py for tasks to queue
[2022-12-31T20:41:50.999+0100] {logging_mixin.py:137} INFO - [2022-12-31T20:41:50.999+0100] {dagbag.py:538} INFO - Filling up the DagBag from /Library/Frameworks/Python.framework/Versions/3.11/lib/python3.11/site-packages/airflow/example_dags/example_branch_day_of_week_operator.py
[2022-12-31T20:41:51.011+0100] {processor.py:753} INFO - DAG(s) dict_keys(['example_weekday_branch_operator']) retrieved from /Library/Frameworks/Python.framework/Versions/3.11/lib/python3.11/site-packages/airflow/example_dags/example_branch_day_of_week_operator.py
[2022-12-31T20:41:51.420+0100] {logging_mixin.py:137} INFO - [2022-12-31T20:41:51.420+0100] {dag.py:2676} INFO - Sync 1 DAGs
[2022-12-31T20:41:51.426+0100] {logging_mixin.py:137} INFO - [2022-12-31T20:41:51.426+0100] {dag.py:3423} INFO - Setting next_dagrun for example_weekday_branch_operator to 2022-12-30T00:00:00+00:00, run_after=2022-12-31T00:00:00+00:00
[2022-12-31T20:41:51.432+0100] {processor.py:175} INFO - Processing /Library/Frameworks/Python.framework/Versions/3.11/lib/python3.11/site-packages/airflow/example_dags/example_branch_day_of_week_operator.py took 0.439 seconds
[2022-12-31T20:43:35.519+0100] {processor.py:153} INFO - Started process (PID=91558) to work on /Library/Frameworks/Python.framework/Versions/3.11/lib/python3.11/site-packages/airflow/example_dags/example_branch_day_of_week_operator.py
[2022-12-31T20:43:35.524+0100] {processor.py:743} INFO - Processing file /Library/Frameworks/Python.framework/Versions/3.11/lib/python3.11/site-packages/airflow/example_dags/example_branch_day_of_week_operator.py for tasks to queue
[2022-12-31T20:43:35.525+0100] {logging_mixin.py:137} INFO - [2022-12-31T20:43:35.524+0100] {dagbag.py:538} INFO - Filling up the DagBag from /Library/Frameworks/Python.framework/Versions/3.11/lib/python3.11/site-packages/airflow/example_dags/example_branch_day_of_week_operator.py
[2022-12-31T20:43:35.537+0100] {processor.py:753} INFO - DAG(s) dict_keys(['example_weekday_branch_operator']) retrieved from /Library/Frameworks/Python.framework/Versions/3.11/lib/python3.11/site-packages/airflow/example_dags/example_branch_day_of_week_operator.py
[2022-12-31T20:43:36.027+0100] {logging_mixin.py:137} INFO - [2022-12-31T20:43:36.027+0100] {dag.py:2676} INFO - Sync 1 DAGs
[2022-12-31T20:43:36.036+0100] {logging_mixin.py:137} INFO - [2022-12-31T20:43:36.036+0100] {dag.py:3423} INFO - Setting next_dagrun for example_weekday_branch_operator to 2022-12-30T00:00:00+00:00, run_after=2022-12-31T00:00:00+00:00
[2022-12-31T20:43:36.047+0100] {processor.py:175} INFO - Processing /Library/Frameworks/Python.framework/Versions/3.11/lib/python3.11/site-packages/airflow/example_dags/example_branch_day_of_week_operator.py took 0.529 seconds
[2022-12-31T20:47:57.076+0100] {processor.py:153} INFO - Started process (PID=92055) to work on /Library/Frameworks/Python.framework/Versions/3.11/lib/python3.11/site-packages/airflow/example_dags/example_branch_day_of_week_operator.py
[2022-12-31T20:47:57.081+0100] {processor.py:743} INFO - Processing file /Library/Frameworks/Python.framework/Versions/3.11/lib/python3.11/site-packages/airflow/example_dags/example_branch_day_of_week_operator.py for tasks to queue
[2022-12-31T20:47:57.082+0100] {logging_mixin.py:137} INFO - [2022-12-31T20:47:57.082+0100] {dagbag.py:538} INFO - Filling up the DagBag from /Library/Frameworks/Python.framework/Versions/3.11/lib/python3.11/site-packages/airflow/example_dags/example_branch_day_of_week_operator.py
[2022-12-31T20:47:57.094+0100] {processor.py:753} INFO - DAG(s) dict_keys(['example_weekday_branch_operator']) retrieved from /Library/Frameworks/Python.framework/Versions/3.11/lib/python3.11/site-packages/airflow/example_dags/example_branch_day_of_week_operator.py
[2022-12-31T20:47:57.521+0100] {logging_mixin.py:137} INFO - [2022-12-31T20:47:57.521+0100] {dag.py:2676} INFO - Sync 1 DAGs
[2022-12-31T20:47:57.527+0100] {logging_mixin.py:137} INFO - [2022-12-31T20:47:57.527+0100] {dag.py:3423} INFO - Setting next_dagrun for example_weekday_branch_operator to 2022-12-30T00:00:00+00:00, run_after=2022-12-31T00:00:00+00:00
[2022-12-31T20:47:57.533+0100] {processor.py:175} INFO - Processing /Library/Frameworks/Python.framework/Versions/3.11/lib/python3.11/site-packages/airflow/example_dags/example_branch_day_of_week_operator.py took 0.457 seconds
[2022-12-31T20:52:22.202+0100] {processor.py:153} INFO - Started process (PID=92664) to work on /Library/Frameworks/Python.framework/Versions/3.11/lib/python3.11/site-packages/airflow/example_dags/example_branch_day_of_week_operator.py
[2022-12-31T20:52:22.204+0100] {processor.py:743} INFO - Processing file /Library/Frameworks/Python.framework/Versions/3.11/lib/python3.11/site-packages/airflow/example_dags/example_branch_day_of_week_operator.py for tasks to queue
[2022-12-31T20:52:22.204+0100] {logging_mixin.py:137} INFO - [2022-12-31T20:52:22.204+0100] {dagbag.py:538} INFO - Filling up the DagBag from /Library/Frameworks/Python.framework/Versions/3.11/lib/python3.11/site-packages/airflow/example_dags/example_branch_day_of_week_operator.py
[2022-12-31T20:52:22.221+0100] {processor.py:753} INFO - DAG(s) dict_keys(['example_weekday_branch_operator']) retrieved from /Library/Frameworks/Python.framework/Versions/3.11/lib/python3.11/site-packages/airflow/example_dags/example_branch_day_of_week_operator.py
[2022-12-31T20:52:23.027+0100] {logging_mixin.py:137} INFO - [2022-12-31T20:52:23.026+0100] {dag.py:2676} INFO - Sync 1 DAGs
[2022-12-31T20:52:23.039+0100] {logging_mixin.py:137} INFO - [2022-12-31T20:52:23.039+0100] {dag.py:3423} INFO - Setting next_dagrun for example_weekday_branch_operator to 2022-12-30T00:00:00+00:00, run_after=2022-12-31T00:00:00+00:00
[2022-12-31T20:52:23.048+0100] {processor.py:175} INFO - Processing /Library/Frameworks/Python.framework/Versions/3.11/lib/python3.11/site-packages/airflow/example_dags/example_branch_day_of_week_operator.py took 0.847 seconds
[2022-12-31T20:55:55.540+0100] {processor.py:153} INFO - Started process (PID=93219) to work on /Library/Frameworks/Python.framework/Versions/3.11/lib/python3.11/site-packages/airflow/example_dags/example_branch_day_of_week_operator.py
[2022-12-31T20:55:55.545+0100] {processor.py:743} INFO - Processing file /Library/Frameworks/Python.framework/Versions/3.11/lib/python3.11/site-packages/airflow/example_dags/example_branch_day_of_week_operator.py for tasks to queue
[2022-12-31T20:55:55.545+0100] {logging_mixin.py:137} INFO - [2022-12-31T20:55:55.545+0100] {dagbag.py:538} INFO - Filling up the DagBag from /Library/Frameworks/Python.framework/Versions/3.11/lib/python3.11/site-packages/airflow/example_dags/example_branch_day_of_week_operator.py
[2022-12-31T20:55:55.557+0100] {processor.py:753} INFO - DAG(s) dict_keys(['example_weekday_branch_operator']) retrieved from /Library/Frameworks/Python.framework/Versions/3.11/lib/python3.11/site-packages/airflow/example_dags/example_branch_day_of_week_operator.py
[2022-12-31T20:55:56.074+0100] {logging_mixin.py:137} INFO - [2022-12-31T20:55:56.074+0100] {dag.py:2676} INFO - Sync 1 DAGs
[2022-12-31T20:55:56.082+0100] {logging_mixin.py:137} INFO - [2022-12-31T20:55:56.082+0100] {dag.py:3423} INFO - Setting next_dagrun for example_weekday_branch_operator to 2022-12-30T00:00:00+00:00, run_after=2022-12-31T00:00:00+00:00
[2022-12-31T20:55:56.089+0100] {processor.py:175} INFO - Processing /Library/Frameworks/Python.framework/Versions/3.11/lib/python3.11/site-packages/airflow/example_dags/example_branch_day_of_week_operator.py took 0.550 seconds
[2022-12-31T20:57:58.549+0100] {processor.py:153} INFO - Started process (PID=93479) to work on /Library/Frameworks/Python.framework/Versions/3.11/lib/python3.11/site-packages/airflow/example_dags/example_branch_day_of_week_operator.py
[2022-12-31T20:57:58.555+0100] {processor.py:743} INFO - Processing file /Library/Frameworks/Python.framework/Versions/3.11/lib/python3.11/site-packages/airflow/example_dags/example_branch_day_of_week_operator.py for tasks to queue
[2022-12-31T20:57:58.555+0100] {logging_mixin.py:137} INFO - [2022-12-31T20:57:58.555+0100] {dagbag.py:538} INFO - Filling up the DagBag from /Library/Frameworks/Python.framework/Versions/3.11/lib/python3.11/site-packages/airflow/example_dags/example_branch_day_of_week_operator.py
[2022-12-31T20:57:58.569+0100] {processor.py:753} INFO - DAG(s) dict_keys(['example_weekday_branch_operator']) retrieved from /Library/Frameworks/Python.framework/Versions/3.11/lib/python3.11/site-packages/airflow/example_dags/example_branch_day_of_week_operator.py
[2022-12-31T20:57:59.030+0100] {logging_mixin.py:137} INFO - [2022-12-31T20:57:59.030+0100] {dag.py:2676} INFO - Sync 1 DAGs
[2022-12-31T20:57:59.038+0100] {logging_mixin.py:137} INFO - [2022-12-31T20:57:59.038+0100] {dag.py:3423} INFO - Setting next_dagrun for example_weekday_branch_operator to 2022-12-30T00:00:00+00:00, run_after=2022-12-31T00:00:00+00:00
[2022-12-31T20:57:59.047+0100] {processor.py:175} INFO - Processing /Library/Frameworks/Python.framework/Versions/3.11/lib/python3.11/site-packages/airflow/example_dags/example_branch_day_of_week_operator.py took 0.499 seconds
[2022-12-31T21:00:01.236+0100] {processor.py:153} INFO - Started process (PID=93709) to work on /Library/Frameworks/Python.framework/Versions/3.11/lib/python3.11/site-packages/airflow/example_dags/example_branch_day_of_week_operator.py
[2022-12-31T21:00:01.242+0100] {processor.py:743} INFO - Processing file /Library/Frameworks/Python.framework/Versions/3.11/lib/python3.11/site-packages/airflow/example_dags/example_branch_day_of_week_operator.py for tasks to queue
[2022-12-31T21:00:01.243+0100] {logging_mixin.py:137} INFO - [2022-12-31T21:00:01.243+0100] {dagbag.py:538} INFO - Filling up the DagBag from /Library/Frameworks/Python.framework/Versions/3.11/lib/python3.11/site-packages/airflow/example_dags/example_branch_day_of_week_operator.py
[2022-12-31T21:00:01.255+0100] {processor.py:753} INFO - DAG(s) dict_keys(['example_weekday_branch_operator']) retrieved from /Library/Frameworks/Python.framework/Versions/3.11/lib/python3.11/site-packages/airflow/example_dags/example_branch_day_of_week_operator.py
[2022-12-31T21:00:01.707+0100] {logging_mixin.py:137} INFO - [2022-12-31T21:00:01.707+0100] {dag.py:2676} INFO - Sync 1 DAGs
[2022-12-31T21:00:01.717+0100] {logging_mixin.py:137} INFO - [2022-12-31T21:00:01.717+0100] {dag.py:3423} INFO - Setting next_dagrun for example_weekday_branch_operator to 2022-12-30T00:00:00+00:00, run_after=2022-12-31T00:00:00+00:00
[2022-12-31T21:00:01.728+0100] {processor.py:175} INFO - Processing /Library/Frameworks/Python.framework/Versions/3.11/lib/python3.11/site-packages/airflow/example_dags/example_branch_day_of_week_operator.py took 0.493 seconds
[2022-12-31T21:02:04.050+0100] {processor.py:153} INFO - Started process (PID=94045) to work on /Library/Frameworks/Python.framework/Versions/3.11/lib/python3.11/site-packages/airflow/example_dags/example_branch_day_of_week_operator.py
[2022-12-31T21:02:04.055+0100] {processor.py:743} INFO - Processing file /Library/Frameworks/Python.framework/Versions/3.11/lib/python3.11/site-packages/airflow/example_dags/example_branch_day_of_week_operator.py for tasks to queue
[2022-12-31T21:02:04.055+0100] {logging_mixin.py:137} INFO - [2022-12-31T21:02:04.055+0100] {dagbag.py:538} INFO - Filling up the DagBag from /Library/Frameworks/Python.framework/Versions/3.11/lib/python3.11/site-packages/airflow/example_dags/example_branch_day_of_week_operator.py
[2022-12-31T21:02:04.069+0100] {processor.py:753} INFO - DAG(s) dict_keys(['example_weekday_branch_operator']) retrieved from /Library/Frameworks/Python.framework/Versions/3.11/lib/python3.11/site-packages/airflow/example_dags/example_branch_day_of_week_operator.py
[2022-12-31T21:02:04.601+0100] {logging_mixin.py:137} INFO - [2022-12-31T21:02:04.601+0100] {dag.py:2676} INFO - Sync 1 DAGs
[2022-12-31T21:02:04.610+0100] {logging_mixin.py:137} INFO - [2022-12-31T21:02:04.610+0100] {dag.py:3423} INFO - Setting next_dagrun for example_weekday_branch_operator to 2022-12-30T00:00:00+00:00, run_after=2022-12-31T00:00:00+00:00
[2022-12-31T21:02:04.617+0100] {processor.py:175} INFO - Processing /Library/Frameworks/Python.framework/Versions/3.11/lib/python3.11/site-packages/airflow/example_dags/example_branch_day_of_week_operator.py took 0.568 seconds
[2022-12-31T21:04:10.280+0100] {processor.py:153} INFO - Started process (PID=94372) to work on /Library/Frameworks/Python.framework/Versions/3.11/lib/python3.11/site-packages/airflow/example_dags/example_branch_day_of_week_operator.py
[2022-12-31T21:04:10.286+0100] {processor.py:743} INFO - Processing file /Library/Frameworks/Python.framework/Versions/3.11/lib/python3.11/site-packages/airflow/example_dags/example_branch_day_of_week_operator.py for tasks to queue
[2022-12-31T21:04:10.286+0100] {logging_mixin.py:137} INFO - [2022-12-31T21:04:10.286+0100] {dagbag.py:538} INFO - Filling up the DagBag from /Library/Frameworks/Python.framework/Versions/3.11/lib/python3.11/site-packages/airflow/example_dags/example_branch_day_of_week_operator.py
[2022-12-31T21:04:10.300+0100] {processor.py:753} INFO - DAG(s) dict_keys(['example_weekday_branch_operator']) retrieved from /Library/Frameworks/Python.framework/Versions/3.11/lib/python3.11/site-packages/airflow/example_dags/example_branch_day_of_week_operator.py
[2022-12-31T21:04:11.008+0100] {logging_mixin.py:137} INFO - [2022-12-31T21:04:11.007+0100] {dag.py:2676} INFO - Sync 1 DAGs
[2022-12-31T21:04:11.017+0100] {logging_mixin.py:137} INFO - [2022-12-31T21:04:11.017+0100] {dag.py:3423} INFO - Setting next_dagrun for example_weekday_branch_operator to 2022-12-30T00:00:00+00:00, run_after=2022-12-31T00:00:00+00:00
[2022-12-31T21:04:11.029+0100] {processor.py:175} INFO - Processing /Library/Frameworks/Python.framework/Versions/3.11/lib/python3.11/site-packages/airflow/example_dags/example_branch_day_of_week_operator.py took 0.750 seconds
[2022-12-31T21:06:06.417+0100] {processor.py:153} INFO - Started process (PID=94618) to work on /Library/Frameworks/Python.framework/Versions/3.11/lib/python3.11/site-packages/airflow/example_dags/example_branch_day_of_week_operator.py
[2022-12-31T21:06:06.422+0100] {processor.py:743} INFO - Processing file /Library/Frameworks/Python.framework/Versions/3.11/lib/python3.11/site-packages/airflow/example_dags/example_branch_day_of_week_operator.py for tasks to queue
[2022-12-31T21:06:06.422+0100] {logging_mixin.py:137} INFO - [2022-12-31T21:06:06.422+0100] {dagbag.py:538} INFO - Filling up the DagBag from /Library/Frameworks/Python.framework/Versions/3.11/lib/python3.11/site-packages/airflow/example_dags/example_branch_day_of_week_operator.py
[2022-12-31T21:06:06.434+0100] {processor.py:753} INFO - DAG(s) dict_keys(['example_weekday_branch_operator']) retrieved from /Library/Frameworks/Python.framework/Versions/3.11/lib/python3.11/site-packages/airflow/example_dags/example_branch_day_of_week_operator.py
[2022-12-31T21:06:06.837+0100] {logging_mixin.py:137} INFO - [2022-12-31T21:06:06.837+0100] {dag.py:2676} INFO - Sync 1 DAGs
[2022-12-31T21:06:06.844+0100] {logging_mixin.py:137} INFO - [2022-12-31T21:06:06.844+0100] {dag.py:3423} INFO - Setting next_dagrun for example_weekday_branch_operator to 2022-12-30T00:00:00+00:00, run_after=2022-12-31T00:00:00+00:00
[2022-12-31T21:06:06.850+0100] {processor.py:175} INFO - Processing /Library/Frameworks/Python.framework/Versions/3.11/lib/python3.11/site-packages/airflow/example_dags/example_branch_day_of_week_operator.py took 0.433 seconds
[2022-12-31T21:07:56.790+0100] {processor.py:153} INFO - Started process (PID=94884) to work on /Library/Frameworks/Python.framework/Versions/3.11/lib/python3.11/site-packages/airflow/example_dags/example_branch_day_of_week_operator.py
[2022-12-31T21:07:56.795+0100] {processor.py:743} INFO - Processing file /Library/Frameworks/Python.framework/Versions/3.11/lib/python3.11/site-packages/airflow/example_dags/example_branch_day_of_week_operator.py for tasks to queue
[2022-12-31T21:07:56.795+0100] {logging_mixin.py:137} INFO - [2022-12-31T21:07:56.795+0100] {dagbag.py:538} INFO - Filling up the DagBag from /Library/Frameworks/Python.framework/Versions/3.11/lib/python3.11/site-packages/airflow/example_dags/example_branch_day_of_week_operator.py
[2022-12-31T21:07:56.807+0100] {processor.py:753} INFO - DAG(s) dict_keys(['example_weekday_branch_operator']) retrieved from /Library/Frameworks/Python.framework/Versions/3.11/lib/python3.11/site-packages/airflow/example_dags/example_branch_day_of_week_operator.py
[2022-12-31T21:07:57.287+0100] {logging_mixin.py:137} INFO - [2022-12-31T21:07:57.286+0100] {dag.py:2676} INFO - Sync 1 DAGs
[2022-12-31T21:07:57.294+0100] {logging_mixin.py:137} INFO - [2022-12-31T21:07:57.294+0100] {dag.py:3423} INFO - Setting next_dagrun for example_weekday_branch_operator to 2022-12-30T00:00:00+00:00, run_after=2022-12-31T00:00:00+00:00
[2022-12-31T21:07:57.301+0100] {processor.py:175} INFO - Processing /Library/Frameworks/Python.framework/Versions/3.11/lib/python3.11/site-packages/airflow/example_dags/example_branch_day_of_week_operator.py took 0.511 seconds
[2022-12-31T21:10:00.547+0100] {processor.py:153} INFO - Started process (PID=95172) to work on /Library/Frameworks/Python.framework/Versions/3.11/lib/python3.11/site-packages/airflow/example_dags/example_branch_day_of_week_operator.py
[2022-12-31T21:10:00.551+0100] {processor.py:743} INFO - Processing file /Library/Frameworks/Python.framework/Versions/3.11/lib/python3.11/site-packages/airflow/example_dags/example_branch_day_of_week_operator.py for tasks to queue
[2022-12-31T21:10:00.551+0100] {logging_mixin.py:137} INFO - [2022-12-31T21:10:00.551+0100] {dagbag.py:538} INFO - Filling up the DagBag from /Library/Frameworks/Python.framework/Versions/3.11/lib/python3.11/site-packages/airflow/example_dags/example_branch_day_of_week_operator.py
[2022-12-31T21:10:00.563+0100] {processor.py:753} INFO - DAG(s) dict_keys(['example_weekday_branch_operator']) retrieved from /Library/Frameworks/Python.framework/Versions/3.11/lib/python3.11/site-packages/airflow/example_dags/example_branch_day_of_week_operator.py
[2022-12-31T21:10:00.981+0100] {logging_mixin.py:137} INFO - [2022-12-31T21:10:00.981+0100] {dag.py:2676} INFO - Sync 1 DAGs
[2022-12-31T21:10:00.987+0100] {logging_mixin.py:137} INFO - [2022-12-31T21:10:00.987+0100] {dag.py:3423} INFO - Setting next_dagrun for example_weekday_branch_operator to 2022-12-30T00:00:00+00:00, run_after=2022-12-31T00:00:00+00:00
[2022-12-31T21:10:00.993+0100] {processor.py:175} INFO - Processing /Library/Frameworks/Python.framework/Versions/3.11/lib/python3.11/site-packages/airflow/example_dags/example_branch_day_of_week_operator.py took 0.447 seconds
[2022-12-31T21:12:02.998+0100] {processor.py:153} INFO - Started process (PID=95487) to work on /Library/Frameworks/Python.framework/Versions/3.11/lib/python3.11/site-packages/airflow/example_dags/example_branch_day_of_week_operator.py
[2022-12-31T21:12:03.005+0100] {processor.py:743} INFO - Processing file /Library/Frameworks/Python.framework/Versions/3.11/lib/python3.11/site-packages/airflow/example_dags/example_branch_day_of_week_operator.py for tasks to queue
[2022-12-31T21:12:03.006+0100] {logging_mixin.py:137} INFO - [2022-12-31T21:12:03.006+0100] {dagbag.py:538} INFO - Filling up the DagBag from /Library/Frameworks/Python.framework/Versions/3.11/lib/python3.11/site-packages/airflow/example_dags/example_branch_day_of_week_operator.py
[2022-12-31T21:12:03.019+0100] {processor.py:753} INFO - DAG(s) dict_keys(['example_weekday_branch_operator']) retrieved from /Library/Frameworks/Python.framework/Versions/3.11/lib/python3.11/site-packages/airflow/example_dags/example_branch_day_of_week_operator.py
[2022-12-31T21:12:03.602+0100] {logging_mixin.py:137} INFO - [2022-12-31T21:12:03.602+0100] {dag.py:2676} INFO - Sync 1 DAGs
[2022-12-31T21:12:03.611+0100] {logging_mixin.py:137} INFO - [2022-12-31T21:12:03.611+0100] {dag.py:3423} INFO - Setting next_dagrun for example_weekday_branch_operator to 2022-12-30T00:00:00+00:00, run_after=2022-12-31T00:00:00+00:00
[2022-12-31T21:12:03.619+0100] {processor.py:175} INFO - Processing /Library/Frameworks/Python.framework/Versions/3.11/lib/python3.11/site-packages/airflow/example_dags/example_branch_day_of_week_operator.py took 0.623 seconds
[2022-12-31T21:14:13.667+0100] {processor.py:153} INFO - Started process (PID=95776) to work on /Library/Frameworks/Python.framework/Versions/3.11/lib/python3.11/site-packages/airflow/example_dags/example_branch_day_of_week_operator.py
[2022-12-31T21:14:13.671+0100] {processor.py:743} INFO - Processing file /Library/Frameworks/Python.framework/Versions/3.11/lib/python3.11/site-packages/airflow/example_dags/example_branch_day_of_week_operator.py for tasks to queue
[2022-12-31T21:14:13.671+0100] {logging_mixin.py:137} INFO - [2022-12-31T21:14:13.671+0100] {dagbag.py:538} INFO - Filling up the DagBag from /Library/Frameworks/Python.framework/Versions/3.11/lib/python3.11/site-packages/airflow/example_dags/example_branch_day_of_week_operator.py
[2022-12-31T21:14:13.683+0100] {processor.py:753} INFO - DAG(s) dict_keys(['example_weekday_branch_operator']) retrieved from /Library/Frameworks/Python.framework/Versions/3.11/lib/python3.11/site-packages/airflow/example_dags/example_branch_day_of_week_operator.py
[2022-12-31T21:14:14.138+0100] {logging_mixin.py:137} INFO - [2022-12-31T21:14:14.138+0100] {dag.py:2676} INFO - Sync 1 DAGs
[2022-12-31T21:14:14.145+0100] {logging_mixin.py:137} INFO - [2022-12-31T21:14:14.145+0100] {dag.py:3423} INFO - Setting next_dagrun for example_weekday_branch_operator to 2022-12-30T00:00:00+00:00, run_after=2022-12-31T00:00:00+00:00
[2022-12-31T21:14:14.151+0100] {processor.py:175} INFO - Processing /Library/Frameworks/Python.framework/Versions/3.11/lib/python3.11/site-packages/airflow/example_dags/example_branch_day_of_week_operator.py took 0.485 seconds
[2022-12-31T21:16:08.235+0100] {processor.py:153} INFO - Started process (PID=96050) to work on /Library/Frameworks/Python.framework/Versions/3.11/lib/python3.11/site-packages/airflow/example_dags/example_branch_day_of_week_operator.py
[2022-12-31T21:16:08.236+0100] {processor.py:743} INFO - Processing file /Library/Frameworks/Python.framework/Versions/3.11/lib/python3.11/site-packages/airflow/example_dags/example_branch_day_of_week_operator.py for tasks to queue
[2022-12-31T21:16:08.236+0100] {logging_mixin.py:137} INFO - [2022-12-31T21:16:08.236+0100] {dagbag.py:538} INFO - Filling up the DagBag from /Library/Frameworks/Python.framework/Versions/3.11/lib/python3.11/site-packages/airflow/example_dags/example_branch_day_of_week_operator.py
[2022-12-31T21:16:08.249+0100] {processor.py:753} INFO - DAG(s) dict_keys(['example_weekday_branch_operator']) retrieved from /Library/Frameworks/Python.framework/Versions/3.11/lib/python3.11/site-packages/airflow/example_dags/example_branch_day_of_week_operator.py
[2022-12-31T21:16:08.748+0100] {logging_mixin.py:137} INFO - [2022-12-31T21:16:08.748+0100] {dag.py:2676} INFO - Sync 1 DAGs
[2022-12-31T21:16:08.757+0100] {logging_mixin.py:137} INFO - [2022-12-31T21:16:08.757+0100] {dag.py:3423} INFO - Setting next_dagrun for example_weekday_branch_operator to 2022-12-30T00:00:00+00:00, run_after=2022-12-31T00:00:00+00:00
[2022-12-31T21:16:08.764+0100] {processor.py:175} INFO - Processing /Library/Frameworks/Python.framework/Versions/3.11/lib/python3.11/site-packages/airflow/example_dags/example_branch_day_of_week_operator.py took 0.530 seconds
[2022-12-31T21:17:52.899+0100] {processor.py:153} INFO - Started process (PID=96207) to work on /Library/Frameworks/Python.framework/Versions/3.11/lib/python3.11/site-packages/airflow/example_dags/example_branch_day_of_week_operator.py
[2022-12-31T21:17:52.901+0100] {processor.py:743} INFO - Processing file /Library/Frameworks/Python.framework/Versions/3.11/lib/python3.11/site-packages/airflow/example_dags/example_branch_day_of_week_operator.py for tasks to queue
[2022-12-31T21:17:52.901+0100] {logging_mixin.py:137} INFO - [2022-12-31T21:17:52.901+0100] {dagbag.py:538} INFO - Filling up the DagBag from /Library/Frameworks/Python.framework/Versions/3.11/lib/python3.11/site-packages/airflow/example_dags/example_branch_day_of_week_operator.py
[2022-12-31T21:17:52.913+0100] {processor.py:753} INFO - DAG(s) dict_keys(['example_weekday_branch_operator']) retrieved from /Library/Frameworks/Python.framework/Versions/3.11/lib/python3.11/site-packages/airflow/example_dags/example_branch_day_of_week_operator.py
[2022-12-31T21:17:53.318+0100] {logging_mixin.py:137} INFO - [2022-12-31T21:17:53.318+0100] {dag.py:2676} INFO - Sync 1 DAGs
[2022-12-31T21:17:53.324+0100] {logging_mixin.py:137} INFO - [2022-12-31T21:17:53.324+0100] {dag.py:3423} INFO - Setting next_dagrun for example_weekday_branch_operator to 2022-12-30T00:00:00+00:00, run_after=2022-12-31T00:00:00+00:00
[2022-12-31T21:17:53.331+0100] {processor.py:175} INFO - Processing /Library/Frameworks/Python.framework/Versions/3.11/lib/python3.11/site-packages/airflow/example_dags/example_branch_day_of_week_operator.py took 0.432 seconds
[2022-12-31T21:19:50.543+0100] {processor.py:153} INFO - Started process (PID=96511) to work on /Library/Frameworks/Python.framework/Versions/3.11/lib/python3.11/site-packages/airflow/example_dags/example_branch_day_of_week_operator.py
[2022-12-31T21:19:50.546+0100] {processor.py:743} INFO - Processing file /Library/Frameworks/Python.framework/Versions/3.11/lib/python3.11/site-packages/airflow/example_dags/example_branch_day_of_week_operator.py for tasks to queue
[2022-12-31T21:19:50.551+0100] {logging_mixin.py:137} INFO - [2022-12-31T21:19:50.551+0100] {dagbag.py:538} INFO - Filling up the DagBag from /Library/Frameworks/Python.framework/Versions/3.11/lib/python3.11/site-packages/airflow/example_dags/example_branch_day_of_week_operator.py
[2022-12-31T21:19:50.583+0100] {processor.py:753} INFO - DAG(s) dict_keys(['example_weekday_branch_operator']) retrieved from /Library/Frameworks/Python.framework/Versions/3.11/lib/python3.11/site-packages/airflow/example_dags/example_branch_day_of_week_operator.py
[2022-12-31T21:19:51.583+0100] {logging_mixin.py:137} INFO - [2022-12-31T21:19:51.582+0100] {dag.py:2676} INFO - Sync 1 DAGs
[2022-12-31T21:19:51.593+0100] {logging_mixin.py:137} INFO - [2022-12-31T21:19:51.593+0100] {dag.py:3423} INFO - Setting next_dagrun for example_weekday_branch_operator to 2022-12-30T00:00:00+00:00, run_after=2022-12-31T00:00:00+00:00
[2022-12-31T21:19:51.625+0100] {processor.py:175} INFO - Processing /Library/Frameworks/Python.framework/Versions/3.11/lib/python3.11/site-packages/airflow/example_dags/example_branch_day_of_week_operator.py took 1.085 seconds
[2022-12-31T21:21:48.979+0100] {processor.py:153} INFO - Started process (PID=96706) to work on /Library/Frameworks/Python.framework/Versions/3.11/lib/python3.11/site-packages/airflow/example_dags/example_branch_day_of_week_operator.py
[2022-12-31T21:21:48.983+0100] {processor.py:743} INFO - Processing file /Library/Frameworks/Python.framework/Versions/3.11/lib/python3.11/site-packages/airflow/example_dags/example_branch_day_of_week_operator.py for tasks to queue
[2022-12-31T21:21:48.983+0100] {logging_mixin.py:137} INFO - [2022-12-31T21:21:48.983+0100] {dagbag.py:538} INFO - Filling up the DagBag from /Library/Frameworks/Python.framework/Versions/3.11/lib/python3.11/site-packages/airflow/example_dags/example_branch_day_of_week_operator.py
[2022-12-31T21:21:48.996+0100] {processor.py:753} INFO - DAG(s) dict_keys(['example_weekday_branch_operator']) retrieved from /Library/Frameworks/Python.framework/Versions/3.11/lib/python3.11/site-packages/airflow/example_dags/example_branch_day_of_week_operator.py
[2022-12-31T21:21:49.451+0100] {logging_mixin.py:137} INFO - [2022-12-31T21:21:49.451+0100] {dag.py:2676} INFO - Sync 1 DAGs
[2022-12-31T21:21:49.457+0100] {logging_mixin.py:137} INFO - [2022-12-31T21:21:49.457+0100] {dag.py:3423} INFO - Setting next_dagrun for example_weekday_branch_operator to 2022-12-30T00:00:00+00:00, run_after=2022-12-31T00:00:00+00:00
[2022-12-31T21:21:49.463+0100] {processor.py:175} INFO - Processing /Library/Frameworks/Python.framework/Versions/3.11/lib/python3.11/site-packages/airflow/example_dags/example_branch_day_of_week_operator.py took 0.484 seconds
[2022-12-31T21:23:45.529+0100] {processor.py:153} INFO - Started process (PID=96867) to work on /Library/Frameworks/Python.framework/Versions/3.11/lib/python3.11/site-packages/airflow/example_dags/example_branch_day_of_week_operator.py
[2022-12-31T21:23:45.533+0100] {processor.py:743} INFO - Processing file /Library/Frameworks/Python.framework/Versions/3.11/lib/python3.11/site-packages/airflow/example_dags/example_branch_day_of_week_operator.py for tasks to queue
[2022-12-31T21:23:45.534+0100] {logging_mixin.py:137} INFO - [2022-12-31T21:23:45.534+0100] {dagbag.py:538} INFO - Filling up the DagBag from /Library/Frameworks/Python.framework/Versions/3.11/lib/python3.11/site-packages/airflow/example_dags/example_branch_day_of_week_operator.py
[2022-12-31T21:23:45.556+0100] {processor.py:753} INFO - DAG(s) dict_keys(['example_weekday_branch_operator']) retrieved from /Library/Frameworks/Python.framework/Versions/3.11/lib/python3.11/site-packages/airflow/example_dags/example_branch_day_of_week_operator.py
[2022-12-31T21:23:46.016+0100] {logging_mixin.py:137} INFO - [2022-12-31T21:23:46.016+0100] {dag.py:2676} INFO - Sync 1 DAGs
[2022-12-31T21:23:46.023+0100] {logging_mixin.py:137} INFO - [2022-12-31T21:23:46.022+0100] {dag.py:3423} INFO - Setting next_dagrun for example_weekday_branch_operator to 2022-12-30T00:00:00+00:00, run_after=2022-12-31T00:00:00+00:00
[2022-12-31T21:23:46.029+0100] {processor.py:175} INFO - Processing /Library/Frameworks/Python.framework/Versions/3.11/lib/python3.11/site-packages/airflow/example_dags/example_branch_day_of_week_operator.py took 0.501 seconds
[2022-12-31T21:25:38.153+0100] {processor.py:153} INFO - Started process (PID=97091) to work on /Library/Frameworks/Python.framework/Versions/3.11/lib/python3.11/site-packages/airflow/example_dags/example_branch_day_of_week_operator.py
[2022-12-31T21:25:38.157+0100] {processor.py:743} INFO - Processing file /Library/Frameworks/Python.framework/Versions/3.11/lib/python3.11/site-packages/airflow/example_dags/example_branch_day_of_week_operator.py for tasks to queue
[2022-12-31T21:25:38.158+0100] {logging_mixin.py:137} INFO - [2022-12-31T21:25:38.158+0100] {dagbag.py:538} INFO - Filling up the DagBag from /Library/Frameworks/Python.framework/Versions/3.11/lib/python3.11/site-packages/airflow/example_dags/example_branch_day_of_week_operator.py
[2022-12-31T21:25:38.170+0100] {processor.py:753} INFO - DAG(s) dict_keys(['example_weekday_branch_operator']) retrieved from /Library/Frameworks/Python.framework/Versions/3.11/lib/python3.11/site-packages/airflow/example_dags/example_branch_day_of_week_operator.py
[2022-12-31T21:25:38.644+0100] {logging_mixin.py:137} INFO - [2022-12-31T21:25:38.644+0100] {dag.py:2676} INFO - Sync 1 DAGs
[2022-12-31T21:25:38.652+0100] {logging_mixin.py:137} INFO - [2022-12-31T21:25:38.652+0100] {dag.py:3423} INFO - Setting next_dagrun for example_weekday_branch_operator to 2022-12-30T00:00:00+00:00, run_after=2022-12-31T00:00:00+00:00
[2022-12-31T21:25:38.659+0100] {processor.py:175} INFO - Processing /Library/Frameworks/Python.framework/Versions/3.11/lib/python3.11/site-packages/airflow/example_dags/example_branch_day_of_week_operator.py took 0.507 seconds
[2022-12-31T21:27:35.494+0100] {processor.py:153} INFO - Started process (PID=97345) to work on /Library/Frameworks/Python.framework/Versions/3.11/lib/python3.11/site-packages/airflow/example_dags/example_branch_day_of_week_operator.py
[2022-12-31T21:27:35.497+0100] {processor.py:743} INFO - Processing file /Library/Frameworks/Python.framework/Versions/3.11/lib/python3.11/site-packages/airflow/example_dags/example_branch_day_of_week_operator.py for tasks to queue
[2022-12-31T21:27:35.497+0100] {logging_mixin.py:137} INFO - [2022-12-31T21:27:35.497+0100] {dagbag.py:538} INFO - Filling up the DagBag from /Library/Frameworks/Python.framework/Versions/3.11/lib/python3.11/site-packages/airflow/example_dags/example_branch_day_of_week_operator.py
[2022-12-31T21:27:35.518+0100] {processor.py:753} INFO - DAG(s) dict_keys(['example_weekday_branch_operator']) retrieved from /Library/Frameworks/Python.framework/Versions/3.11/lib/python3.11/site-packages/airflow/example_dags/example_branch_day_of_week_operator.py
[2022-12-31T21:27:35.947+0100] {logging_mixin.py:137} INFO - [2022-12-31T21:27:35.947+0100] {dag.py:2676} INFO - Sync 1 DAGs
[2022-12-31T21:27:35.954+0100] {logging_mixin.py:137} INFO - [2022-12-31T21:27:35.954+0100] {dag.py:3423} INFO - Setting next_dagrun for example_weekday_branch_operator to 2022-12-30T00:00:00+00:00, run_after=2022-12-31T00:00:00+00:00
[2022-12-31T21:27:35.961+0100] {processor.py:175} INFO - Processing /Library/Frameworks/Python.framework/Versions/3.11/lib/python3.11/site-packages/airflow/example_dags/example_branch_day_of_week_operator.py took 0.467 seconds
