[2022-12-31T20:30:04.282+0100] {processor.py:153} INFO - Started process (PID=90256) to work on /Library/Frameworks/Python.framework/Versions/3.11/lib/python3.11/site-packages/airflow/example_dags/example_branch_datetime_operator.py
[2022-12-31T20:30:04.287+0100] {processor.py:743} INFO - Processing file /Library/Frameworks/Python.framework/Versions/3.11/lib/python3.11/site-packages/airflow/example_dags/example_branch_datetime_operator.py for tasks to queue
[2022-12-31T20:30:04.292+0100] {logging_mixin.py:137} INFO - [2022-12-31T20:30:04.292+0100] {dagbag.py:538} INFO - Filling up the DagBag from /Library/Frameworks/Python.framework/Versions/3.11/lib/python3.11/site-packages/airflow/example_dags/example_branch_datetime_operator.py
[2022-12-31T20:30:04.305+0100] {processor.py:753} INFO - DAG(s) dict_keys(['example_branch_datetime_operator', 'example_branch_datetime_operator_2', 'example_branch_datetime_operator_3']) retrieved from /Library/Frameworks/Python.framework/Versions/3.11/lib/python3.11/site-packages/airflow/example_dags/example_branch_datetime_operator.py
[2022-12-31T20:30:04.816+0100] {logging_mixin.py:137} INFO - [2022-12-31T20:30:04.816+0100] {manager.py:504} INFO - Created Permission View: can delete on DAG:example_branch_datetime_operator
[2022-12-31T20:30:04.819+0100] {logging_mixin.py:137} INFO - [2022-12-31T20:30:04.819+0100] {manager.py:504} INFO - Created Permission View: can read on DAG:example_branch_datetime_operator
[2022-12-31T20:30:04.821+0100] {logging_mixin.py:137} INFO - [2022-12-31T20:30:04.821+0100] {manager.py:504} INFO - Created Permission View: can edit on DAG:example_branch_datetime_operator
[2022-12-31T20:30:04.824+0100] {logging_mixin.py:137} INFO - [2022-12-31T20:30:04.824+0100] {manager.py:504} INFO - Created Permission View: can delete on DAG:example_branch_datetime_operator_2
[2022-12-31T20:30:04.826+0100] {logging_mixin.py:137} INFO - [2022-12-31T20:30:04.826+0100] {manager.py:504} INFO - Created Permission View: can read on DAG:example_branch_datetime_operator_2
[2022-12-31T20:30:04.828+0100] {logging_mixin.py:137} INFO - [2022-12-31T20:30:04.828+0100] {manager.py:504} INFO - Created Permission View: can edit on DAG:example_branch_datetime_operator_2
[2022-12-31T20:30:04.831+0100] {logging_mixin.py:137} INFO - [2022-12-31T20:30:04.831+0100] {manager.py:504} INFO - Created Permission View: can delete on DAG:example_branch_datetime_operator_3
[2022-12-31T20:30:04.833+0100] {logging_mixin.py:137} INFO - [2022-12-31T20:30:04.833+0100] {manager.py:504} INFO - Created Permission View: can read on DAG:example_branch_datetime_operator_3
[2022-12-31T20:30:04.835+0100] {logging_mixin.py:137} INFO - [2022-12-31T20:30:04.834+0100] {manager.py:504} INFO - Created Permission View: can edit on DAG:example_branch_datetime_operator_3
[2022-12-31T20:30:04.835+0100] {logging_mixin.py:137} INFO - [2022-12-31T20:30:04.835+0100] {dag.py:2676} INFO - Sync 3 DAGs
[2022-12-31T20:30:04.839+0100] {logging_mixin.py:137} INFO - [2022-12-31T20:30:04.838+0100] {dag.py:2697} INFO - Creating ORM DAG for example_branch_datetime_operator
[2022-12-31T20:30:04.839+0100] {logging_mixin.py:137} INFO - [2022-12-31T20:30:04.839+0100] {dag.py:2697} INFO - Creating ORM DAG for example_branch_datetime_operator_3
[2022-12-31T20:30:04.839+0100] {logging_mixin.py:137} INFO - [2022-12-31T20:30:04.839+0100] {dag.py:2697} INFO - Creating ORM DAG for example_branch_datetime_operator_2
[2022-12-31T20:30:04.842+0100] {logging_mixin.py:137} INFO - [2022-12-31T20:30:04.842+0100] {dag.py:3423} INFO - Setting next_dagrun for example_branch_datetime_operator to 2022-12-30T00:00:00+00:00, run_after=2022-12-31T00:00:00+00:00
[2022-12-31T20:30:04.842+0100] {logging_mixin.py:137} INFO - [2022-12-31T20:30:04.842+0100] {dag.py:3423} INFO - Setting next_dagrun for example_branch_datetime_operator_2 to 2022-12-30T00:00:00+00:00, run_after=2022-12-31T00:00:00+00:00
[2022-12-31T20:30:04.843+0100] {logging_mixin.py:137} INFO - [2022-12-31T20:30:04.843+0100] {dag.py:3423} INFO - Setting next_dagrun for example_branch_datetime_operator_3 to 2022-12-30T00:00:00+00:00, run_after=2022-12-31T00:00:00+00:00
[2022-12-31T20:30:04.849+0100] {processor.py:175} INFO - Processing /Library/Frameworks/Python.framework/Versions/3.11/lib/python3.11/site-packages/airflow/example_dags/example_branch_datetime_operator.py took 0.567 seconds
[2022-12-31T20:31:55.916+0100] {processor.py:153} INFO - Started process (PID=90476) to work on /Library/Frameworks/Python.framework/Versions/3.11/lib/python3.11/site-packages/airflow/example_dags/example_branch_datetime_operator.py
[2022-12-31T20:31:55.921+0100] {processor.py:743} INFO - Processing file /Library/Frameworks/Python.framework/Versions/3.11/lib/python3.11/site-packages/airflow/example_dags/example_branch_datetime_operator.py for tasks to queue
[2022-12-31T20:31:55.921+0100] {logging_mixin.py:137} INFO - [2022-12-31T20:31:55.921+0100] {dagbag.py:538} INFO - Filling up the DagBag from /Library/Frameworks/Python.framework/Versions/3.11/lib/python3.11/site-packages/airflow/example_dags/example_branch_datetime_operator.py
[2022-12-31T20:31:55.933+0100] {processor.py:753} INFO - DAG(s) dict_keys(['example_branch_datetime_operator_3', 'example_branch_datetime_operator_2', 'example_branch_datetime_operator']) retrieved from /Library/Frameworks/Python.framework/Versions/3.11/lib/python3.11/site-packages/airflow/example_dags/example_branch_datetime_operator.py
[2022-12-31T20:31:56.349+0100] {logging_mixin.py:137} INFO - [2022-12-31T20:31:56.349+0100] {dag.py:2676} INFO - Sync 3 DAGs
[2022-12-31T20:31:56.356+0100] {logging_mixin.py:137} INFO - [2022-12-31T20:31:56.356+0100] {dag.py:3423} INFO - Setting next_dagrun for example_branch_datetime_operator to 2022-12-30T00:00:00+00:00, run_after=2022-12-31T00:00:00+00:00
[2022-12-31T20:31:56.357+0100] {logging_mixin.py:137} INFO - [2022-12-31T20:31:56.357+0100] {dag.py:3423} INFO - Setting next_dagrun for example_branch_datetime_operator_2 to 2022-12-30T00:00:00+00:00, run_after=2022-12-31T00:00:00+00:00
[2022-12-31T20:31:56.358+0100] {logging_mixin.py:137} INFO - [2022-12-31T20:31:56.358+0100] {dag.py:3423} INFO - Setting next_dagrun for example_branch_datetime_operator_3 to 2022-12-30T00:00:00+00:00, run_after=2022-12-31T00:00:00+00:00
[2022-12-31T20:31:56.365+0100] {processor.py:175} INFO - Processing /Library/Frameworks/Python.framework/Versions/3.11/lib/python3.11/site-packages/airflow/example_dags/example_branch_datetime_operator.py took 0.449 seconds
[2022-12-31T20:33:40.451+0100] {processor.py:153} INFO - Started process (PID=90613) to work on /Library/Frameworks/Python.framework/Versions/3.11/lib/python3.11/site-packages/airflow/example_dags/example_branch_datetime_operator.py
[2022-12-31T20:33:40.453+0100] {processor.py:743} INFO - Processing file /Library/Frameworks/Python.framework/Versions/3.11/lib/python3.11/site-packages/airflow/example_dags/example_branch_datetime_operator.py for tasks to queue
[2022-12-31T20:33:40.453+0100] {logging_mixin.py:137} INFO - [2022-12-31T20:33:40.453+0100] {dagbag.py:538} INFO - Filling up the DagBag from /Library/Frameworks/Python.framework/Versions/3.11/lib/python3.11/site-packages/airflow/example_dags/example_branch_datetime_operator.py
[2022-12-31T20:33:40.466+0100] {processor.py:753} INFO - DAG(s) dict_keys(['example_branch_datetime_operator', 'example_branch_datetime_operator_3', 'example_branch_datetime_operator_2']) retrieved from /Library/Frameworks/Python.framework/Versions/3.11/lib/python3.11/site-packages/airflow/example_dags/example_branch_datetime_operator.py
[2022-12-31T20:33:40.885+0100] {logging_mixin.py:137} INFO - [2022-12-31T20:33:40.885+0100] {dag.py:2676} INFO - Sync 3 DAGs
[2022-12-31T20:33:40.891+0100] {logging_mixin.py:137} INFO - [2022-12-31T20:33:40.891+0100] {dag.py:3423} INFO - Setting next_dagrun for example_branch_datetime_operator to 2022-12-30T00:00:00+00:00, run_after=2022-12-31T00:00:00+00:00
[2022-12-31T20:33:40.893+0100] {logging_mixin.py:137} INFO - [2022-12-31T20:33:40.893+0100] {dag.py:3423} INFO - Setting next_dagrun for example_branch_datetime_operator_2 to 2022-12-30T00:00:00+00:00, run_after=2022-12-31T00:00:00+00:00
[2022-12-31T20:33:40.893+0100] {logging_mixin.py:137} INFO - [2022-12-31T20:33:40.893+0100] {dag.py:3423} INFO - Setting next_dagrun for example_branch_datetime_operator_3 to 2022-12-30T00:00:00+00:00, run_after=2022-12-31T00:00:00+00:00
[2022-12-31T20:33:40.900+0100] {processor.py:175} INFO - Processing /Library/Frameworks/Python.framework/Versions/3.11/lib/python3.11/site-packages/airflow/example_dags/example_branch_datetime_operator.py took 0.449 seconds
[2022-12-31T20:36:38.321+0100] {processor.py:153} INFO - Started process (PID=90879) to work on /Library/Frameworks/Python.framework/Versions/3.11/lib/python3.11/site-packages/airflow/example_dags/example_branch_datetime_operator.py
[2022-12-31T20:36:38.326+0100] {processor.py:743} INFO - Processing file /Library/Frameworks/Python.framework/Versions/3.11/lib/python3.11/site-packages/airflow/example_dags/example_branch_datetime_operator.py for tasks to queue
[2022-12-31T20:36:38.326+0100] {logging_mixin.py:137} INFO - [2022-12-31T20:36:38.326+0100] {dagbag.py:538} INFO - Filling up the DagBag from /Library/Frameworks/Python.framework/Versions/3.11/lib/python3.11/site-packages/airflow/example_dags/example_branch_datetime_operator.py
[2022-12-31T20:36:38.339+0100] {processor.py:753} INFO - DAG(s) dict_keys(['example_branch_datetime_operator_3', 'example_branch_datetime_operator_2', 'example_branch_datetime_operator']) retrieved from /Library/Frameworks/Python.framework/Versions/3.11/lib/python3.11/site-packages/airflow/example_dags/example_branch_datetime_operator.py
[2022-12-31T20:36:38.751+0100] {logging_mixin.py:137} INFO - [2022-12-31T20:36:38.751+0100] {dag.py:2676} INFO - Sync 3 DAGs
[2022-12-31T20:36:38.757+0100] {logging_mixin.py:137} INFO - [2022-12-31T20:36:38.757+0100] {dag.py:3423} INFO - Setting next_dagrun for example_branch_datetime_operator to 2022-12-30T00:00:00+00:00, run_after=2022-12-31T00:00:00+00:00
[2022-12-31T20:36:38.759+0100] {logging_mixin.py:137} INFO - [2022-12-31T20:36:38.759+0100] {dag.py:3423} INFO - Setting next_dagrun for example_branch_datetime_operator_2 to 2022-12-30T00:00:00+00:00, run_after=2022-12-31T00:00:00+00:00
[2022-12-31T20:36:38.759+0100] {logging_mixin.py:137} INFO - [2022-12-31T20:36:38.759+0100] {dag.py:3423} INFO - Setting next_dagrun for example_branch_datetime_operator_3 to 2022-12-30T00:00:00+00:00, run_after=2022-12-31T00:00:00+00:00
[2022-12-31T20:36:38.767+0100] {processor.py:175} INFO - Processing /Library/Frameworks/Python.framework/Versions/3.11/lib/python3.11/site-packages/airflow/example_dags/example_branch_datetime_operator.py took 0.447 seconds
[2022-12-31T20:38:20.806+0100] {processor.py:153} INFO - Started process (PID=91016) to work on /Library/Frameworks/Python.framework/Versions/3.11/lib/python3.11/site-packages/airflow/example_dags/example_branch_datetime_operator.py
[2022-12-31T20:38:20.810+0100] {processor.py:743} INFO - Processing file /Library/Frameworks/Python.framework/Versions/3.11/lib/python3.11/site-packages/airflow/example_dags/example_branch_datetime_operator.py for tasks to queue
[2022-12-31T20:38:20.810+0100] {logging_mixin.py:137} INFO - [2022-12-31T20:38:20.810+0100] {dagbag.py:538} INFO - Filling up the DagBag from /Library/Frameworks/Python.framework/Versions/3.11/lib/python3.11/site-packages/airflow/example_dags/example_branch_datetime_operator.py
[2022-12-31T20:38:20.823+0100] {processor.py:753} INFO - DAG(s) dict_keys(['example_branch_datetime_operator_3', 'example_branch_datetime_operator', 'example_branch_datetime_operator_2']) retrieved from /Library/Frameworks/Python.framework/Versions/3.11/lib/python3.11/site-packages/airflow/example_dags/example_branch_datetime_operator.py
[2022-12-31T20:38:21.244+0100] {logging_mixin.py:137} INFO - [2022-12-31T20:38:21.244+0100] {dag.py:2676} INFO - Sync 3 DAGs
[2022-12-31T20:38:21.252+0100] {logging_mixin.py:137} INFO - [2022-12-31T20:38:21.252+0100] {dag.py:3423} INFO - Setting next_dagrun for example_branch_datetime_operator to 2022-12-30T00:00:00+00:00, run_after=2022-12-31T00:00:00+00:00
[2022-12-31T20:38:21.254+0100] {logging_mixin.py:137} INFO - [2022-12-31T20:38:21.254+0100] {dag.py:3423} INFO - Setting next_dagrun for example_branch_datetime_operator_2 to 2022-12-30T00:00:00+00:00, run_after=2022-12-31T00:00:00+00:00
[2022-12-31T20:38:21.254+0100] {logging_mixin.py:137} INFO - [2022-12-31T20:38:21.254+0100] {dag.py:3423} INFO - Setting next_dagrun for example_branch_datetime_operator_3 to 2022-12-30T00:00:00+00:00, run_after=2022-12-31T00:00:00+00:00
[2022-12-31T20:38:21.261+0100] {processor.py:175} INFO - Processing /Library/Frameworks/Python.framework/Versions/3.11/lib/python3.11/site-packages/airflow/example_dags/example_branch_datetime_operator.py took 0.456 seconds
[2022-12-31T20:40:04.768+0100] {processor.py:153} INFO - Started process (PID=91199) to work on /Library/Frameworks/Python.framework/Versions/3.11/lib/python3.11/site-packages/airflow/example_dags/example_branch_datetime_operator.py
[2022-12-31T20:40:04.774+0100] {processor.py:743} INFO - Processing file /Library/Frameworks/Python.framework/Versions/3.11/lib/python3.11/site-packages/airflow/example_dags/example_branch_datetime_operator.py for tasks to queue
[2022-12-31T20:40:04.774+0100] {logging_mixin.py:137} INFO - [2022-12-31T20:40:04.774+0100] {dagbag.py:538} INFO - Filling up the DagBag from /Library/Frameworks/Python.framework/Versions/3.11/lib/python3.11/site-packages/airflow/example_dags/example_branch_datetime_operator.py
[2022-12-31T20:40:04.809+0100] {processor.py:753} INFO - DAG(s) dict_keys(['example_branch_datetime_operator_2', 'example_branch_datetime_operator_3', 'example_branch_datetime_operator']) retrieved from /Library/Frameworks/Python.framework/Versions/3.11/lib/python3.11/site-packages/airflow/example_dags/example_branch_datetime_operator.py
[2022-12-31T20:40:05.232+0100] {logging_mixin.py:137} INFO - [2022-12-31T20:40:05.232+0100] {dag.py:2676} INFO - Sync 3 DAGs
[2022-12-31T20:40:05.239+0100] {logging_mixin.py:137} INFO - [2022-12-31T20:40:05.239+0100] {dag.py:3423} INFO - Setting next_dagrun for example_branch_datetime_operator to 2022-12-30T00:00:00+00:00, run_after=2022-12-31T00:00:00+00:00
[2022-12-31T20:40:05.240+0100] {logging_mixin.py:137} INFO - [2022-12-31T20:40:05.240+0100] {dag.py:3423} INFO - Setting next_dagrun for example_branch_datetime_operator_2 to 2022-12-30T00:00:00+00:00, run_after=2022-12-31T00:00:00+00:00
[2022-12-31T20:40:05.241+0100] {logging_mixin.py:137} INFO - [2022-12-31T20:40:05.241+0100] {dag.py:3423} INFO - Setting next_dagrun for example_branch_datetime_operator_3 to 2022-12-30T00:00:00+00:00, run_after=2022-12-31T00:00:00+00:00
[2022-12-31T20:40:05.248+0100] {processor.py:175} INFO - Processing /Library/Frameworks/Python.framework/Versions/3.11/lib/python3.11/site-packages/airflow/example_dags/example_branch_datetime_operator.py took 0.480 seconds
[2022-12-31T20:41:52.920+0100] {processor.py:153} INFO - Started process (PID=91359) to work on /Library/Frameworks/Python.framework/Versions/3.11/lib/python3.11/site-packages/airflow/example_dags/example_branch_datetime_operator.py
[2022-12-31T20:41:52.925+0100] {processor.py:743} INFO - Processing file /Library/Frameworks/Python.framework/Versions/3.11/lib/python3.11/site-packages/airflow/example_dags/example_branch_datetime_operator.py for tasks to queue
[2022-12-31T20:41:52.925+0100] {logging_mixin.py:137} INFO - [2022-12-31T20:41:52.925+0100] {dagbag.py:538} INFO - Filling up the DagBag from /Library/Frameworks/Python.framework/Versions/3.11/lib/python3.11/site-packages/airflow/example_dags/example_branch_datetime_operator.py
[2022-12-31T20:41:52.938+0100] {processor.py:753} INFO - DAG(s) dict_keys(['example_branch_datetime_operator_3', 'example_branch_datetime_operator_2', 'example_branch_datetime_operator']) retrieved from /Library/Frameworks/Python.framework/Versions/3.11/lib/python3.11/site-packages/airflow/example_dags/example_branch_datetime_operator.py
[2022-12-31T20:41:53.337+0100] {logging_mixin.py:137} INFO - [2022-12-31T20:41:53.337+0100] {dag.py:2676} INFO - Sync 3 DAGs
[2022-12-31T20:41:53.343+0100] {logging_mixin.py:137} INFO - [2022-12-31T20:41:53.343+0100] {dag.py:3423} INFO - Setting next_dagrun for example_branch_datetime_operator to 2022-12-30T00:00:00+00:00, run_after=2022-12-31T00:00:00+00:00
[2022-12-31T20:41:53.344+0100] {logging_mixin.py:137} INFO - [2022-12-31T20:41:53.344+0100] {dag.py:3423} INFO - Setting next_dagrun for example_branch_datetime_operator_2 to 2022-12-30T00:00:00+00:00, run_after=2022-12-31T00:00:00+00:00
[2022-12-31T20:41:53.345+0100] {logging_mixin.py:137} INFO - [2022-12-31T20:41:53.345+0100] {dag.py:3423} INFO - Setting next_dagrun for example_branch_datetime_operator_3 to 2022-12-30T00:00:00+00:00, run_after=2022-12-31T00:00:00+00:00
[2022-12-31T20:41:53.351+0100] {processor.py:175} INFO - Processing /Library/Frameworks/Python.framework/Versions/3.11/lib/python3.11/site-packages/airflow/example_dags/example_branch_datetime_operator.py took 0.432 seconds
[2022-12-31T20:43:37.491+0100] {processor.py:153} INFO - Started process (PID=91560) to work on /Library/Frameworks/Python.framework/Versions/3.11/lib/python3.11/site-packages/airflow/example_dags/example_branch_datetime_operator.py
[2022-12-31T20:43:37.495+0100] {processor.py:743} INFO - Processing file /Library/Frameworks/Python.framework/Versions/3.11/lib/python3.11/site-packages/airflow/example_dags/example_branch_datetime_operator.py for tasks to queue
[2022-12-31T20:43:37.496+0100] {logging_mixin.py:137} INFO - [2022-12-31T20:43:37.496+0100] {dagbag.py:538} INFO - Filling up the DagBag from /Library/Frameworks/Python.framework/Versions/3.11/lib/python3.11/site-packages/airflow/example_dags/example_branch_datetime_operator.py
[2022-12-31T20:43:37.508+0100] {processor.py:753} INFO - DAG(s) dict_keys(['example_branch_datetime_operator_2', 'example_branch_datetime_operator_3', 'example_branch_datetime_operator']) retrieved from /Library/Frameworks/Python.framework/Versions/3.11/lib/python3.11/site-packages/airflow/example_dags/example_branch_datetime_operator.py
[2022-12-31T20:43:37.956+0100] {logging_mixin.py:137} INFO - [2022-12-31T20:43:37.956+0100] {dag.py:2676} INFO - Sync 3 DAGs
[2022-12-31T20:43:37.964+0100] {logging_mixin.py:137} INFO - [2022-12-31T20:43:37.964+0100] {dag.py:3423} INFO - Setting next_dagrun for example_branch_datetime_operator to 2022-12-30T00:00:00+00:00, run_after=2022-12-31T00:00:00+00:00
[2022-12-31T20:43:37.965+0100] {logging_mixin.py:137} INFO - [2022-12-31T20:43:37.965+0100] {dag.py:3423} INFO - Setting next_dagrun for example_branch_datetime_operator_2 to 2022-12-30T00:00:00+00:00, run_after=2022-12-31T00:00:00+00:00
[2022-12-31T20:43:37.965+0100] {logging_mixin.py:137} INFO - [2022-12-31T20:43:37.965+0100] {dag.py:3423} INFO - Setting next_dagrun for example_branch_datetime_operator_3 to 2022-12-30T00:00:00+00:00, run_after=2022-12-31T00:00:00+00:00
[2022-12-31T20:43:37.972+0100] {processor.py:175} INFO - Processing /Library/Frameworks/Python.framework/Versions/3.11/lib/python3.11/site-packages/airflow/example_dags/example_branch_datetime_operator.py took 0.482 seconds
[2022-12-31T20:47:59.107+0100] {processor.py:153} INFO - Started process (PID=92057) to work on /Library/Frameworks/Python.framework/Versions/3.11/lib/python3.11/site-packages/airflow/example_dags/example_branch_datetime_operator.py
[2022-12-31T20:47:59.111+0100] {processor.py:743} INFO - Processing file /Library/Frameworks/Python.framework/Versions/3.11/lib/python3.11/site-packages/airflow/example_dags/example_branch_datetime_operator.py for tasks to queue
[2022-12-31T20:47:59.112+0100] {logging_mixin.py:137} INFO - [2022-12-31T20:47:59.111+0100] {dagbag.py:538} INFO - Filling up the DagBag from /Library/Frameworks/Python.framework/Versions/3.11/lib/python3.11/site-packages/airflow/example_dags/example_branch_datetime_operator.py
[2022-12-31T20:47:59.124+0100] {processor.py:753} INFO - DAG(s) dict_keys(['example_branch_datetime_operator_2', 'example_branch_datetime_operator_3', 'example_branch_datetime_operator']) retrieved from /Library/Frameworks/Python.framework/Versions/3.11/lib/python3.11/site-packages/airflow/example_dags/example_branch_datetime_operator.py
[2022-12-31T20:47:59.534+0100] {logging_mixin.py:137} INFO - [2022-12-31T20:47:59.534+0100] {dag.py:2676} INFO - Sync 3 DAGs
[2022-12-31T20:47:59.540+0100] {logging_mixin.py:137} INFO - [2022-12-31T20:47:59.540+0100] {dag.py:3423} INFO - Setting next_dagrun for example_branch_datetime_operator to 2022-12-30T00:00:00+00:00, run_after=2022-12-31T00:00:00+00:00
[2022-12-31T20:47:59.542+0100] {logging_mixin.py:137} INFO - [2022-12-31T20:47:59.542+0100] {dag.py:3423} INFO - Setting next_dagrun for example_branch_datetime_operator_2 to 2022-12-30T00:00:00+00:00, run_after=2022-12-31T00:00:00+00:00
[2022-12-31T20:47:59.542+0100] {logging_mixin.py:137} INFO - [2022-12-31T20:47:59.542+0100] {dag.py:3423} INFO - Setting next_dagrun for example_branch_datetime_operator_3 to 2022-12-30T00:00:00+00:00, run_after=2022-12-31T00:00:00+00:00
[2022-12-31T20:47:59.548+0100] {processor.py:175} INFO - Processing /Library/Frameworks/Python.framework/Versions/3.11/lib/python3.11/site-packages/airflow/example_dags/example_branch_datetime_operator.py took 0.442 seconds
[2022-12-31T20:52:24.862+0100] {processor.py:153} INFO - Started process (PID=92671) to work on /Library/Frameworks/Python.framework/Versions/3.11/lib/python3.11/site-packages/airflow/example_dags/example_branch_datetime_operator.py
[2022-12-31T20:52:24.864+0100] {processor.py:743} INFO - Processing file /Library/Frameworks/Python.framework/Versions/3.11/lib/python3.11/site-packages/airflow/example_dags/example_branch_datetime_operator.py for tasks to queue
[2022-12-31T20:52:24.864+0100] {logging_mixin.py:137} INFO - [2022-12-31T20:52:24.864+0100] {dagbag.py:538} INFO - Filling up the DagBag from /Library/Frameworks/Python.framework/Versions/3.11/lib/python3.11/site-packages/airflow/example_dags/example_branch_datetime_operator.py
[2022-12-31T20:52:24.883+0100] {processor.py:753} INFO - DAG(s) dict_keys(['example_branch_datetime_operator_2', 'example_branch_datetime_operator_3', 'example_branch_datetime_operator']) retrieved from /Library/Frameworks/Python.framework/Versions/3.11/lib/python3.11/site-packages/airflow/example_dags/example_branch_datetime_operator.py
[2022-12-31T20:52:25.466+0100] {logging_mixin.py:137} INFO - [2022-12-31T20:52:25.465+0100] {dag.py:2676} INFO - Sync 3 DAGs
[2022-12-31T20:52:25.473+0100] {logging_mixin.py:137} INFO - [2022-12-31T20:52:25.473+0100] {dag.py:3423} INFO - Setting next_dagrun for example_branch_datetime_operator to 2022-12-30T00:00:00+00:00, run_after=2022-12-31T00:00:00+00:00
[2022-12-31T20:52:25.475+0100] {logging_mixin.py:137} INFO - [2022-12-31T20:52:25.475+0100] {dag.py:3423} INFO - Setting next_dagrun for example_branch_datetime_operator_2 to 2022-12-30T00:00:00+00:00, run_after=2022-12-31T00:00:00+00:00
[2022-12-31T20:52:25.476+0100] {logging_mixin.py:137} INFO - [2022-12-31T20:52:25.476+0100] {dag.py:3423} INFO - Setting next_dagrun for example_branch_datetime_operator_3 to 2022-12-30T00:00:00+00:00, run_after=2022-12-31T00:00:00+00:00
[2022-12-31T20:52:25.483+0100] {processor.py:175} INFO - Processing /Library/Frameworks/Python.framework/Versions/3.11/lib/python3.11/site-packages/airflow/example_dags/example_branch_datetime_operator.py took 0.621 seconds
[2022-12-31T20:55:57.813+0100] {processor.py:153} INFO - Started process (PID=93220) to work on /Library/Frameworks/Python.framework/Versions/3.11/lib/python3.11/site-packages/airflow/example_dags/example_branch_datetime_operator.py
[2022-12-31T20:55:57.818+0100] {processor.py:743} INFO - Processing file /Library/Frameworks/Python.framework/Versions/3.11/lib/python3.11/site-packages/airflow/example_dags/example_branch_datetime_operator.py for tasks to queue
[2022-12-31T20:55:57.818+0100] {logging_mixin.py:137} INFO - [2022-12-31T20:55:57.818+0100] {dagbag.py:538} INFO - Filling up the DagBag from /Library/Frameworks/Python.framework/Versions/3.11/lib/python3.11/site-packages/airflow/example_dags/example_branch_datetime_operator.py
[2022-12-31T20:55:57.834+0100] {processor.py:753} INFO - DAG(s) dict_keys(['example_branch_datetime_operator_2', 'example_branch_datetime_operator', 'example_branch_datetime_operator_3']) retrieved from /Library/Frameworks/Python.framework/Versions/3.11/lib/python3.11/site-packages/airflow/example_dags/example_branch_datetime_operator.py
[2022-12-31T20:55:58.333+0100] {logging_mixin.py:137} INFO - [2022-12-31T20:55:58.333+0100] {dag.py:2676} INFO - Sync 3 DAGs
[2022-12-31T20:55:58.341+0100] {logging_mixin.py:137} INFO - [2022-12-31T20:55:58.341+0100] {dag.py:3423} INFO - Setting next_dagrun for example_branch_datetime_operator to 2022-12-30T00:00:00+00:00, run_after=2022-12-31T00:00:00+00:00
[2022-12-31T20:55:58.342+0100] {logging_mixin.py:137} INFO - [2022-12-31T20:55:58.342+0100] {dag.py:3423} INFO - Setting next_dagrun for example_branch_datetime_operator_2 to 2022-12-30T00:00:00+00:00, run_after=2022-12-31T00:00:00+00:00
[2022-12-31T20:55:58.343+0100] {logging_mixin.py:137} INFO - [2022-12-31T20:55:58.343+0100] {dag.py:3423} INFO - Setting next_dagrun for example_branch_datetime_operator_3 to 2022-12-30T00:00:00+00:00, run_after=2022-12-31T00:00:00+00:00
[2022-12-31T20:55:58.350+0100] {processor.py:175} INFO - Processing /Library/Frameworks/Python.framework/Versions/3.11/lib/python3.11/site-packages/airflow/example_dags/example_branch_datetime_operator.py took 0.537 seconds
[2022-12-31T20:58:00.765+0100] {processor.py:153} INFO - Started process (PID=93484) to work on /Library/Frameworks/Python.framework/Versions/3.11/lib/python3.11/site-packages/airflow/example_dags/example_branch_datetime_operator.py
[2022-12-31T20:58:00.769+0100] {processor.py:743} INFO - Processing file /Library/Frameworks/Python.framework/Versions/3.11/lib/python3.11/site-packages/airflow/example_dags/example_branch_datetime_operator.py for tasks to queue
[2022-12-31T20:58:00.775+0100] {logging_mixin.py:137} INFO - [2022-12-31T20:58:00.775+0100] {dagbag.py:538} INFO - Filling up the DagBag from /Library/Frameworks/Python.framework/Versions/3.11/lib/python3.11/site-packages/airflow/example_dags/example_branch_datetime_operator.py
[2022-12-31T20:58:00.853+0100] {processor.py:753} INFO - DAG(s) dict_keys(['example_branch_datetime_operator_3', 'example_branch_datetime_operator_2', 'example_branch_datetime_operator']) retrieved from /Library/Frameworks/Python.framework/Versions/3.11/lib/python3.11/site-packages/airflow/example_dags/example_branch_datetime_operator.py
[2022-12-31T20:58:01.352+0100] {logging_mixin.py:137} INFO - [2022-12-31T20:58:01.352+0100] {dag.py:2676} INFO - Sync 3 DAGs
[2022-12-31T20:58:01.359+0100] {logging_mixin.py:137} INFO - [2022-12-31T20:58:01.359+0100] {dag.py:3423} INFO - Setting next_dagrun for example_branch_datetime_operator to 2022-12-30T00:00:00+00:00, run_after=2022-12-31T00:00:00+00:00
[2022-12-31T20:58:01.361+0100] {logging_mixin.py:137} INFO - [2022-12-31T20:58:01.361+0100] {dag.py:3423} INFO - Setting next_dagrun for example_branch_datetime_operator_2 to 2022-12-30T00:00:00+00:00, run_after=2022-12-31T00:00:00+00:00
[2022-12-31T20:58:01.361+0100] {logging_mixin.py:137} INFO - [2022-12-31T20:58:01.361+0100] {dag.py:3423} INFO - Setting next_dagrun for example_branch_datetime_operator_3 to 2022-12-30T00:00:00+00:00, run_after=2022-12-31T00:00:00+00:00
[2022-12-31T20:58:01.369+0100] {processor.py:175} INFO - Processing /Library/Frameworks/Python.framework/Versions/3.11/lib/python3.11/site-packages/airflow/example_dags/example_branch_datetime_operator.py took 0.605 seconds
[2022-12-31T21:00:03.451+0100] {processor.py:153} INFO - Started process (PID=93710) to work on /Library/Frameworks/Python.framework/Versions/3.11/lib/python3.11/site-packages/airflow/example_dags/example_branch_datetime_operator.py
[2022-12-31T21:00:03.455+0100] {processor.py:743} INFO - Processing file /Library/Frameworks/Python.framework/Versions/3.11/lib/python3.11/site-packages/airflow/example_dags/example_branch_datetime_operator.py for tasks to queue
[2022-12-31T21:00:03.455+0100] {logging_mixin.py:137} INFO - [2022-12-31T21:00:03.455+0100] {dagbag.py:538} INFO - Filling up the DagBag from /Library/Frameworks/Python.framework/Versions/3.11/lib/python3.11/site-packages/airflow/example_dags/example_branch_datetime_operator.py
[2022-12-31T21:00:03.467+0100] {processor.py:753} INFO - DAG(s) dict_keys(['example_branch_datetime_operator_2', 'example_branch_datetime_operator', 'example_branch_datetime_operator_3']) retrieved from /Library/Frameworks/Python.framework/Versions/3.11/lib/python3.11/site-packages/airflow/example_dags/example_branch_datetime_operator.py
[2022-12-31T21:00:04.004+0100] {logging_mixin.py:137} INFO - [2022-12-31T21:00:04.004+0100] {dag.py:2676} INFO - Sync 3 DAGs
[2022-12-31T21:00:04.018+0100] {logging_mixin.py:137} INFO - [2022-12-31T21:00:04.018+0100] {dag.py:3423} INFO - Setting next_dagrun for example_branch_datetime_operator to 2022-12-30T00:00:00+00:00, run_after=2022-12-31T00:00:00+00:00
[2022-12-31T21:00:04.020+0100] {logging_mixin.py:137} INFO - [2022-12-31T21:00:04.019+0100] {dag.py:3423} INFO - Setting next_dagrun for example_branch_datetime_operator_2 to 2022-12-30T00:00:00+00:00, run_after=2022-12-31T00:00:00+00:00
[2022-12-31T21:00:04.020+0100] {logging_mixin.py:137} INFO - [2022-12-31T21:00:04.020+0100] {dag.py:3423} INFO - Setting next_dagrun for example_branch_datetime_operator_3 to 2022-12-30T00:00:00+00:00, run_after=2022-12-31T00:00:00+00:00
[2022-12-31T21:00:04.027+0100] {processor.py:175} INFO - Processing /Library/Frameworks/Python.framework/Versions/3.11/lib/python3.11/site-packages/airflow/example_dags/example_branch_datetime_operator.py took 0.577 seconds
[2022-12-31T21:02:06.252+0100] {processor.py:153} INFO - Started process (PID=94051) to work on /Library/Frameworks/Python.framework/Versions/3.11/lib/python3.11/site-packages/airflow/example_dags/example_branch_datetime_operator.py
[2022-12-31T21:02:06.254+0100] {processor.py:743} INFO - Processing file /Library/Frameworks/Python.framework/Versions/3.11/lib/python3.11/site-packages/airflow/example_dags/example_branch_datetime_operator.py for tasks to queue
[2022-12-31T21:02:06.254+0100] {logging_mixin.py:137} INFO - [2022-12-31T21:02:06.254+0100] {dagbag.py:538} INFO - Filling up the DagBag from /Library/Frameworks/Python.framework/Versions/3.11/lib/python3.11/site-packages/airflow/example_dags/example_branch_datetime_operator.py
[2022-12-31T21:02:06.266+0100] {processor.py:753} INFO - DAG(s) dict_keys(['example_branch_datetime_operator', 'example_branch_datetime_operator_3', 'example_branch_datetime_operator_2']) retrieved from /Library/Frameworks/Python.framework/Versions/3.11/lib/python3.11/site-packages/airflow/example_dags/example_branch_datetime_operator.py
[2022-12-31T21:02:06.978+0100] {logging_mixin.py:137} INFO - [2022-12-31T21:02:06.978+0100] {dag.py:2676} INFO - Sync 3 DAGs
[2022-12-31T21:02:06.986+0100] {logging_mixin.py:137} INFO - [2022-12-31T21:02:06.986+0100] {dag.py:3423} INFO - Setting next_dagrun for example_branch_datetime_operator to 2022-12-30T00:00:00+00:00, run_after=2022-12-31T00:00:00+00:00
[2022-12-31T21:02:06.987+0100] {logging_mixin.py:137} INFO - [2022-12-31T21:02:06.987+0100] {dag.py:3423} INFO - Setting next_dagrun for example_branch_datetime_operator_2 to 2022-12-30T00:00:00+00:00, run_after=2022-12-31T00:00:00+00:00
[2022-12-31T21:02:06.988+0100] {logging_mixin.py:137} INFO - [2022-12-31T21:02:06.988+0100] {dag.py:3423} INFO - Setting next_dagrun for example_branch_datetime_operator_3 to 2022-12-30T00:00:00+00:00, run_after=2022-12-31T00:00:00+00:00
[2022-12-31T21:02:06.995+0100] {processor.py:175} INFO - Processing /Library/Frameworks/Python.framework/Versions/3.11/lib/python3.11/site-packages/airflow/example_dags/example_branch_datetime_operator.py took 0.743 seconds
[2022-12-31T21:04:12.977+0100] {processor.py:153} INFO - Started process (PID=94376) to work on /Library/Frameworks/Python.framework/Versions/3.11/lib/python3.11/site-packages/airflow/example_dags/example_branch_datetime_operator.py
[2022-12-31T21:04:12.978+0100] {processor.py:743} INFO - Processing file /Library/Frameworks/Python.framework/Versions/3.11/lib/python3.11/site-packages/airflow/example_dags/example_branch_datetime_operator.py for tasks to queue
[2022-12-31T21:04:12.978+0100] {logging_mixin.py:137} INFO - [2022-12-31T21:04:12.978+0100] {dagbag.py:538} INFO - Filling up the DagBag from /Library/Frameworks/Python.framework/Versions/3.11/lib/python3.11/site-packages/airflow/example_dags/example_branch_datetime_operator.py
[2022-12-31T21:04:13.057+0100] {processor.py:753} INFO - DAG(s) dict_keys(['example_branch_datetime_operator_2', 'example_branch_datetime_operator', 'example_branch_datetime_operator_3']) retrieved from /Library/Frameworks/Python.framework/Versions/3.11/lib/python3.11/site-packages/airflow/example_dags/example_branch_datetime_operator.py
[2022-12-31T21:04:13.685+0100] {logging_mixin.py:137} INFO - [2022-12-31T21:04:13.685+0100] {dag.py:2676} INFO - Sync 3 DAGs
[2022-12-31T21:04:13.693+0100] {logging_mixin.py:137} INFO - [2022-12-31T21:04:13.693+0100] {dag.py:3423} INFO - Setting next_dagrun for example_branch_datetime_operator to 2022-12-30T00:00:00+00:00, run_after=2022-12-31T00:00:00+00:00
[2022-12-31T21:04:13.695+0100] {logging_mixin.py:137} INFO - [2022-12-31T21:04:13.695+0100] {dag.py:3423} INFO - Setting next_dagrun for example_branch_datetime_operator_2 to 2022-12-30T00:00:00+00:00, run_after=2022-12-31T00:00:00+00:00
[2022-12-31T21:04:13.696+0100] {logging_mixin.py:137} INFO - [2022-12-31T21:04:13.696+0100] {dag.py:3423} INFO - Setting next_dagrun for example_branch_datetime_operator_3 to 2022-12-30T00:00:00+00:00, run_after=2022-12-31T00:00:00+00:00
[2022-12-31T21:04:13.709+0100] {processor.py:175} INFO - Processing /Library/Frameworks/Python.framework/Versions/3.11/lib/python3.11/site-packages/airflow/example_dags/example_branch_datetime_operator.py took 0.733 seconds
[2022-12-31T21:06:08.493+0100] {processor.py:153} INFO - Started process (PID=94619) to work on /Library/Frameworks/Python.framework/Versions/3.11/lib/python3.11/site-packages/airflow/example_dags/example_branch_datetime_operator.py
[2022-12-31T21:06:08.499+0100] {processor.py:743} INFO - Processing file /Library/Frameworks/Python.framework/Versions/3.11/lib/python3.11/site-packages/airflow/example_dags/example_branch_datetime_operator.py for tasks to queue
[2022-12-31T21:06:08.501+0100] {logging_mixin.py:137} INFO - [2022-12-31T21:06:08.501+0100] {dagbag.py:538} INFO - Filling up the DagBag from /Library/Frameworks/Python.framework/Versions/3.11/lib/python3.11/site-packages/airflow/example_dags/example_branch_datetime_operator.py
[2022-12-31T21:06:08.546+0100] {processor.py:753} INFO - DAG(s) dict_keys(['example_branch_datetime_operator_2', 'example_branch_datetime_operator_3', 'example_branch_datetime_operator']) retrieved from /Library/Frameworks/Python.framework/Versions/3.11/lib/python3.11/site-packages/airflow/example_dags/example_branch_datetime_operator.py
[2022-12-31T21:06:09.014+0100] {logging_mixin.py:137} INFO - [2022-12-31T21:06:09.014+0100] {dag.py:2676} INFO - Sync 3 DAGs
[2022-12-31T21:06:09.020+0100] {logging_mixin.py:137} INFO - [2022-12-31T21:06:09.020+0100] {dag.py:3423} INFO - Setting next_dagrun for example_branch_datetime_operator to 2022-12-30T00:00:00+00:00, run_after=2022-12-31T00:00:00+00:00
[2022-12-31T21:06:09.022+0100] {logging_mixin.py:137} INFO - [2022-12-31T21:06:09.022+0100] {dag.py:3423} INFO - Setting next_dagrun for example_branch_datetime_operator_2 to 2022-12-30T00:00:00+00:00, run_after=2022-12-31T00:00:00+00:00
[2022-12-31T21:06:09.022+0100] {logging_mixin.py:137} INFO - [2022-12-31T21:06:09.022+0100] {dag.py:3423} INFO - Setting next_dagrun for example_branch_datetime_operator_3 to 2022-12-30T00:00:00+00:00, run_after=2022-12-31T00:00:00+00:00
[2022-12-31T21:06:09.029+0100] {processor.py:175} INFO - Processing /Library/Frameworks/Python.framework/Versions/3.11/lib/python3.11/site-packages/airflow/example_dags/example_branch_datetime_operator.py took 0.537 seconds
[2022-12-31T21:07:58.970+0100] {processor.py:153} INFO - Started process (PID=94885) to work on /Library/Frameworks/Python.framework/Versions/3.11/lib/python3.11/site-packages/airflow/example_dags/example_branch_datetime_operator.py
[2022-12-31T21:07:58.975+0100] {processor.py:743} INFO - Processing file /Library/Frameworks/Python.framework/Versions/3.11/lib/python3.11/site-packages/airflow/example_dags/example_branch_datetime_operator.py for tasks to queue
[2022-12-31T21:07:58.975+0100] {logging_mixin.py:137} INFO - [2022-12-31T21:07:58.975+0100] {dagbag.py:538} INFO - Filling up the DagBag from /Library/Frameworks/Python.framework/Versions/3.11/lib/python3.11/site-packages/airflow/example_dags/example_branch_datetime_operator.py
[2022-12-31T21:07:58.988+0100] {processor.py:753} INFO - DAG(s) dict_keys(['example_branch_datetime_operator_3', 'example_branch_datetime_operator', 'example_branch_datetime_operator_2']) retrieved from /Library/Frameworks/Python.framework/Versions/3.11/lib/python3.11/site-packages/airflow/example_dags/example_branch_datetime_operator.py
[2022-12-31T21:07:59.514+0100] {logging_mixin.py:137} INFO - [2022-12-31T21:07:59.513+0100] {dag.py:2676} INFO - Sync 3 DAGs
[2022-12-31T21:07:59.521+0100] {logging_mixin.py:137} INFO - [2022-12-31T21:07:59.521+0100] {dag.py:3423} INFO - Setting next_dagrun for example_branch_datetime_operator to 2022-12-30T00:00:00+00:00, run_after=2022-12-31T00:00:00+00:00
[2022-12-31T21:07:59.524+0100] {logging_mixin.py:137} INFO - [2022-12-31T21:07:59.523+0100] {dag.py:3423} INFO - Setting next_dagrun for example_branch_datetime_operator_2 to 2022-12-30T00:00:00+00:00, run_after=2022-12-31T00:00:00+00:00
[2022-12-31T21:07:59.526+0100] {logging_mixin.py:137} INFO - [2022-12-31T21:07:59.526+0100] {dag.py:3423} INFO - Setting next_dagrun for example_branch_datetime_operator_3 to 2022-12-30T00:00:00+00:00, run_after=2022-12-31T00:00:00+00:00
[2022-12-31T21:07:59.535+0100] {processor.py:175} INFO - Processing /Library/Frameworks/Python.framework/Versions/3.11/lib/python3.11/site-packages/airflow/example_dags/example_branch_datetime_operator.py took 0.566 seconds
[2022-12-31T21:10:02.551+0100] {processor.py:153} INFO - Started process (PID=95173) to work on /Library/Frameworks/Python.framework/Versions/3.11/lib/python3.11/site-packages/airflow/example_dags/example_branch_datetime_operator.py
[2022-12-31T21:10:02.556+0100] {processor.py:743} INFO - Processing file /Library/Frameworks/Python.framework/Versions/3.11/lib/python3.11/site-packages/airflow/example_dags/example_branch_datetime_operator.py for tasks to queue
[2022-12-31T21:10:02.556+0100] {logging_mixin.py:137} INFO - [2022-12-31T21:10:02.556+0100] {dagbag.py:538} INFO - Filling up the DagBag from /Library/Frameworks/Python.framework/Versions/3.11/lib/python3.11/site-packages/airflow/example_dags/example_branch_datetime_operator.py
[2022-12-31T21:10:02.577+0100] {processor.py:753} INFO - DAG(s) dict_keys(['example_branch_datetime_operator_2', 'example_branch_datetime_operator', 'example_branch_datetime_operator_3']) retrieved from /Library/Frameworks/Python.framework/Versions/3.11/lib/python3.11/site-packages/airflow/example_dags/example_branch_datetime_operator.py
[2022-12-31T21:10:02.998+0100] {logging_mixin.py:137} INFO - [2022-12-31T21:10:02.998+0100] {dag.py:2676} INFO - Sync 3 DAGs
[2022-12-31T21:10:03.005+0100] {logging_mixin.py:137} INFO - [2022-12-31T21:10:03.005+0100] {dag.py:3423} INFO - Setting next_dagrun for example_branch_datetime_operator to 2022-12-30T00:00:00+00:00, run_after=2022-12-31T00:00:00+00:00
[2022-12-31T21:10:03.006+0100] {logging_mixin.py:137} INFO - [2022-12-31T21:10:03.006+0100] {dag.py:3423} INFO - Setting next_dagrun for example_branch_datetime_operator_2 to 2022-12-30T00:00:00+00:00, run_after=2022-12-31T00:00:00+00:00
[2022-12-31T21:10:03.007+0100] {logging_mixin.py:137} INFO - [2022-12-31T21:10:03.007+0100] {dag.py:3423} INFO - Setting next_dagrun for example_branch_datetime_operator_3 to 2022-12-30T00:00:00+00:00, run_after=2022-12-31T00:00:00+00:00
[2022-12-31T21:10:03.012+0100] {processor.py:175} INFO - Processing /Library/Frameworks/Python.framework/Versions/3.11/lib/python3.11/site-packages/airflow/example_dags/example_branch_datetime_operator.py took 0.461 seconds
[2022-12-31T21:12:05.322+0100] {processor.py:153} INFO - Started process (PID=95492) to work on /Library/Frameworks/Python.framework/Versions/3.11/lib/python3.11/site-packages/airflow/example_dags/example_branch_datetime_operator.py
[2022-12-31T21:12:05.328+0100] {processor.py:743} INFO - Processing file /Library/Frameworks/Python.framework/Versions/3.11/lib/python3.11/site-packages/airflow/example_dags/example_branch_datetime_operator.py for tasks to queue
[2022-12-31T21:12:05.328+0100] {logging_mixin.py:137} INFO - [2022-12-31T21:12:05.328+0100] {dagbag.py:538} INFO - Filling up the DagBag from /Library/Frameworks/Python.framework/Versions/3.11/lib/python3.11/site-packages/airflow/example_dags/example_branch_datetime_operator.py
[2022-12-31T21:12:05.341+0100] {processor.py:753} INFO - DAG(s) dict_keys(['example_branch_datetime_operator', 'example_branch_datetime_operator_3', 'example_branch_datetime_operator_2']) retrieved from /Library/Frameworks/Python.framework/Versions/3.11/lib/python3.11/site-packages/airflow/example_dags/example_branch_datetime_operator.py
[2022-12-31T21:12:05.851+0100] {logging_mixin.py:137} INFO - [2022-12-31T21:12:05.851+0100] {dag.py:2676} INFO - Sync 3 DAGs
[2022-12-31T21:12:05.859+0100] {logging_mixin.py:137} INFO - [2022-12-31T21:12:05.859+0100] {dag.py:3423} INFO - Setting next_dagrun for example_branch_datetime_operator to 2022-12-30T00:00:00+00:00, run_after=2022-12-31T00:00:00+00:00
[2022-12-31T21:12:05.861+0100] {logging_mixin.py:137} INFO - [2022-12-31T21:12:05.861+0100] {dag.py:3423} INFO - Setting next_dagrun for example_branch_datetime_operator_2 to 2022-12-30T00:00:00+00:00, run_after=2022-12-31T00:00:00+00:00
[2022-12-31T21:12:05.862+0100] {logging_mixin.py:137} INFO - [2022-12-31T21:12:05.862+0100] {dag.py:3423} INFO - Setting next_dagrun for example_branch_datetime_operator_3 to 2022-12-30T00:00:00+00:00, run_after=2022-12-31T00:00:00+00:00
[2022-12-31T21:12:05.868+0100] {processor.py:175} INFO - Processing /Library/Frameworks/Python.framework/Versions/3.11/lib/python3.11/site-packages/airflow/example_dags/example_branch_datetime_operator.py took 0.546 seconds
[2022-12-31T21:14:15.705+0100] {processor.py:153} INFO - Started process (PID=95781) to work on /Library/Frameworks/Python.framework/Versions/3.11/lib/python3.11/site-packages/airflow/example_dags/example_branch_datetime_operator.py
[2022-12-31T21:14:15.710+0100] {processor.py:743} INFO - Processing file /Library/Frameworks/Python.framework/Versions/3.11/lib/python3.11/site-packages/airflow/example_dags/example_branch_datetime_operator.py for tasks to queue
[2022-12-31T21:14:15.710+0100] {logging_mixin.py:137} INFO - [2022-12-31T21:14:15.710+0100] {dagbag.py:538} INFO - Filling up the DagBag from /Library/Frameworks/Python.framework/Versions/3.11/lib/python3.11/site-packages/airflow/example_dags/example_branch_datetime_operator.py
[2022-12-31T21:14:15.726+0100] {processor.py:753} INFO - DAG(s) dict_keys(['example_branch_datetime_operator_3', 'example_branch_datetime_operator', 'example_branch_datetime_operator_2']) retrieved from /Library/Frameworks/Python.framework/Versions/3.11/lib/python3.11/site-packages/airflow/example_dags/example_branch_datetime_operator.py
[2022-12-31T21:14:16.209+0100] {logging_mixin.py:137} INFO - [2022-12-31T21:14:16.209+0100] {dag.py:2676} INFO - Sync 3 DAGs
[2022-12-31T21:14:16.216+0100] {logging_mixin.py:137} INFO - [2022-12-31T21:14:16.216+0100] {dag.py:3423} INFO - Setting next_dagrun for example_branch_datetime_operator to 2022-12-30T00:00:00+00:00, run_after=2022-12-31T00:00:00+00:00
[2022-12-31T21:14:16.217+0100] {logging_mixin.py:137} INFO - [2022-12-31T21:14:16.217+0100] {dag.py:3423} INFO - Setting next_dagrun for example_branch_datetime_operator_2 to 2022-12-30T00:00:00+00:00, run_after=2022-12-31T00:00:00+00:00
[2022-12-31T21:14:16.218+0100] {logging_mixin.py:137} INFO - [2022-12-31T21:14:16.218+0100] {dag.py:3423} INFO - Setting next_dagrun for example_branch_datetime_operator_3 to 2022-12-30T00:00:00+00:00, run_after=2022-12-31T00:00:00+00:00
[2022-12-31T21:14:16.224+0100] {processor.py:175} INFO - Processing /Library/Frameworks/Python.framework/Versions/3.11/lib/python3.11/site-packages/airflow/example_dags/example_branch_datetime_operator.py took 0.519 seconds
[2022-12-31T21:16:10.503+0100] {processor.py:153} INFO - Started process (PID=96056) to work on /Library/Frameworks/Python.framework/Versions/3.11/lib/python3.11/site-packages/airflow/example_dags/example_branch_datetime_operator.py
[2022-12-31T21:16:10.511+0100] {processor.py:743} INFO - Processing file /Library/Frameworks/Python.framework/Versions/3.11/lib/python3.11/site-packages/airflow/example_dags/example_branch_datetime_operator.py for tasks to queue
[2022-12-31T21:16:10.511+0100] {logging_mixin.py:137} INFO - [2022-12-31T21:16:10.511+0100] {dagbag.py:538} INFO - Filling up the DagBag from /Library/Frameworks/Python.framework/Versions/3.11/lib/python3.11/site-packages/airflow/example_dags/example_branch_datetime_operator.py
[2022-12-31T21:16:10.524+0100] {processor.py:753} INFO - DAG(s) dict_keys(['example_branch_datetime_operator_3', 'example_branch_datetime_operator', 'example_branch_datetime_operator_2']) retrieved from /Library/Frameworks/Python.framework/Versions/3.11/lib/python3.11/site-packages/airflow/example_dags/example_branch_datetime_operator.py
[2022-12-31T21:16:11.003+0100] {logging_mixin.py:137} INFO - [2022-12-31T21:16:11.003+0100] {dag.py:2676} INFO - Sync 3 DAGs
[2022-12-31T21:16:11.015+0100] {logging_mixin.py:137} INFO - [2022-12-31T21:16:11.015+0100] {dag.py:3423} INFO - Setting next_dagrun for example_branch_datetime_operator to 2022-12-30T00:00:00+00:00, run_after=2022-12-31T00:00:00+00:00
[2022-12-31T21:16:11.016+0100] {logging_mixin.py:137} INFO - [2022-12-31T21:16:11.016+0100] {dag.py:3423} INFO - Setting next_dagrun for example_branch_datetime_operator_2 to 2022-12-30T00:00:00+00:00, run_after=2022-12-31T00:00:00+00:00
[2022-12-31T21:16:11.017+0100] {logging_mixin.py:137} INFO - [2022-12-31T21:16:11.017+0100] {dag.py:3423} INFO - Setting next_dagrun for example_branch_datetime_operator_3 to 2022-12-30T00:00:00+00:00, run_after=2022-12-31T00:00:00+00:00
[2022-12-31T21:16:11.024+0100] {processor.py:175} INFO - Processing /Library/Frameworks/Python.framework/Versions/3.11/lib/python3.11/site-packages/airflow/example_dags/example_branch_datetime_operator.py took 0.522 seconds
[2022-12-31T21:17:54.883+0100] {processor.py:153} INFO - Started process (PID=96210) to work on /Library/Frameworks/Python.framework/Versions/3.11/lib/python3.11/site-packages/airflow/example_dags/example_branch_datetime_operator.py
[2022-12-31T21:17:54.886+0100] {processor.py:743} INFO - Processing file /Library/Frameworks/Python.framework/Versions/3.11/lib/python3.11/site-packages/airflow/example_dags/example_branch_datetime_operator.py for tasks to queue
[2022-12-31T21:17:54.886+0100] {logging_mixin.py:137} INFO - [2022-12-31T21:17:54.886+0100] {dagbag.py:538} INFO - Filling up the DagBag from /Library/Frameworks/Python.framework/Versions/3.11/lib/python3.11/site-packages/airflow/example_dags/example_branch_datetime_operator.py
[2022-12-31T21:17:54.898+0100] {processor.py:753} INFO - DAG(s) dict_keys(['example_branch_datetime_operator', 'example_branch_datetime_operator_3', 'example_branch_datetime_operator_2']) retrieved from /Library/Frameworks/Python.framework/Versions/3.11/lib/python3.11/site-packages/airflow/example_dags/example_branch_datetime_operator.py
[2022-12-31T21:17:55.335+0100] {logging_mixin.py:137} INFO - [2022-12-31T21:17:55.334+0100] {dag.py:2676} INFO - Sync 3 DAGs
[2022-12-31T21:17:55.341+0100] {logging_mixin.py:137} INFO - [2022-12-31T21:17:55.341+0100] {dag.py:3423} INFO - Setting next_dagrun for example_branch_datetime_operator to 2022-12-30T00:00:00+00:00, run_after=2022-12-31T00:00:00+00:00
[2022-12-31T21:17:55.342+0100] {logging_mixin.py:137} INFO - [2022-12-31T21:17:55.342+0100] {dag.py:3423} INFO - Setting next_dagrun for example_branch_datetime_operator_2 to 2022-12-30T00:00:00+00:00, run_after=2022-12-31T00:00:00+00:00
[2022-12-31T21:17:55.343+0100] {logging_mixin.py:137} INFO - [2022-12-31T21:17:55.343+0100] {dag.py:3423} INFO - Setting next_dagrun for example_branch_datetime_operator_3 to 2022-12-30T00:00:00+00:00, run_after=2022-12-31T00:00:00+00:00
[2022-12-31T21:17:55.348+0100] {processor.py:175} INFO - Processing /Library/Frameworks/Python.framework/Versions/3.11/lib/python3.11/site-packages/airflow/example_dags/example_branch_datetime_operator.py took 0.465 seconds
[2022-12-31T21:19:53.558+0100] {processor.py:153} INFO - Started process (PID=96512) to work on /Library/Frameworks/Python.framework/Versions/3.11/lib/python3.11/site-packages/airflow/example_dags/example_branch_datetime_operator.py
[2022-12-31T21:19:53.562+0100] {processor.py:743} INFO - Processing file /Library/Frameworks/Python.framework/Versions/3.11/lib/python3.11/site-packages/airflow/example_dags/example_branch_datetime_operator.py for tasks to queue
[2022-12-31T21:19:53.563+0100] {logging_mixin.py:137} INFO - [2022-12-31T21:19:53.563+0100] {dagbag.py:538} INFO - Filling up the DagBag from /Library/Frameworks/Python.framework/Versions/3.11/lib/python3.11/site-packages/airflow/example_dags/example_branch_datetime_operator.py
[2022-12-31T21:19:53.575+0100] {processor.py:753} INFO - DAG(s) dict_keys(['example_branch_datetime_operator_3', 'example_branch_datetime_operator', 'example_branch_datetime_operator_2']) retrieved from /Library/Frameworks/Python.framework/Versions/3.11/lib/python3.11/site-packages/airflow/example_dags/example_branch_datetime_operator.py
[2022-12-31T21:19:53.993+0100] {logging_mixin.py:137} INFO - [2022-12-31T21:19:53.993+0100] {dag.py:2676} INFO - Sync 3 DAGs
[2022-12-31T21:19:53.999+0100] {logging_mixin.py:137} INFO - [2022-12-31T21:19:53.999+0100] {dag.py:3423} INFO - Setting next_dagrun for example_branch_datetime_operator to 2022-12-30T00:00:00+00:00, run_after=2022-12-31T00:00:00+00:00
[2022-12-31T21:19:54.001+0100] {logging_mixin.py:137} INFO - [2022-12-31T21:19:54.001+0100] {dag.py:3423} INFO - Setting next_dagrun for example_branch_datetime_operator_2 to 2022-12-30T00:00:00+00:00, run_after=2022-12-31T00:00:00+00:00
[2022-12-31T21:19:54.001+0100] {logging_mixin.py:137} INFO - [2022-12-31T21:19:54.001+0100] {dag.py:3423} INFO - Setting next_dagrun for example_branch_datetime_operator_3 to 2022-12-30T00:00:00+00:00, run_after=2022-12-31T00:00:00+00:00
[2022-12-31T21:19:54.007+0100] {processor.py:175} INFO - Processing /Library/Frameworks/Python.framework/Versions/3.11/lib/python3.11/site-packages/airflow/example_dags/example_branch_datetime_operator.py took 0.449 seconds
[2022-12-31T21:21:50.627+0100] {processor.py:153} INFO - Started process (PID=96714) to work on /Library/Frameworks/Python.framework/Versions/3.11/lib/python3.11/site-packages/airflow/example_dags/example_branch_datetime_operator.py
[2022-12-31T21:21:50.632+0100] {processor.py:743} INFO - Processing file /Library/Frameworks/Python.framework/Versions/3.11/lib/python3.11/site-packages/airflow/example_dags/example_branch_datetime_operator.py for tasks to queue
[2022-12-31T21:21:50.632+0100] {logging_mixin.py:137} INFO - [2022-12-31T21:21:50.632+0100] {dagbag.py:538} INFO - Filling up the DagBag from /Library/Frameworks/Python.framework/Versions/3.11/lib/python3.11/site-packages/airflow/example_dags/example_branch_datetime_operator.py
[2022-12-31T21:21:50.699+0100] {processor.py:753} INFO - DAG(s) dict_keys(['example_branch_datetime_operator', 'example_branch_datetime_operator_2', 'example_branch_datetime_operator_3']) retrieved from /Library/Frameworks/Python.framework/Versions/3.11/lib/python3.11/site-packages/airflow/example_dags/example_branch_datetime_operator.py
[2022-12-31T21:21:51.257+0100] {logging_mixin.py:137} INFO - [2022-12-31T21:21:51.257+0100] {dag.py:2676} INFO - Sync 3 DAGs
[2022-12-31T21:21:51.267+0100] {logging_mixin.py:137} INFO - [2022-12-31T21:21:51.267+0100] {dag.py:3423} INFO - Setting next_dagrun for example_branch_datetime_operator to 2022-12-30T00:00:00+00:00, run_after=2022-12-31T00:00:00+00:00
[2022-12-31T21:21:51.269+0100] {logging_mixin.py:137} INFO - [2022-12-31T21:21:51.269+0100] {dag.py:3423} INFO - Setting next_dagrun for example_branch_datetime_operator_2 to 2022-12-30T00:00:00+00:00, run_after=2022-12-31T00:00:00+00:00
[2022-12-31T21:21:51.270+0100] {logging_mixin.py:137} INFO - [2022-12-31T21:21:51.270+0100] {dag.py:3423} INFO - Setting next_dagrun for example_branch_datetime_operator_3 to 2022-12-30T00:00:00+00:00, run_after=2022-12-31T00:00:00+00:00
[2022-12-31T21:21:51.277+0100] {processor.py:175} INFO - Processing /Library/Frameworks/Python.framework/Versions/3.11/lib/python3.11/site-packages/airflow/example_dags/example_branch_datetime_operator.py took 0.652 seconds
[2022-12-31T21:23:47.669+0100] {processor.py:153} INFO - Started process (PID=96874) to work on /Library/Frameworks/Python.framework/Versions/3.11/lib/python3.11/site-packages/airflow/example_dags/example_branch_datetime_operator.py
[2022-12-31T21:23:47.673+0100] {processor.py:743} INFO - Processing file /Library/Frameworks/Python.framework/Versions/3.11/lib/python3.11/site-packages/airflow/example_dags/example_branch_datetime_operator.py for tasks to queue
[2022-12-31T21:23:47.674+0100] {logging_mixin.py:137} INFO - [2022-12-31T21:23:47.674+0100] {dagbag.py:538} INFO - Filling up the DagBag from /Library/Frameworks/Python.framework/Versions/3.11/lib/python3.11/site-packages/airflow/example_dags/example_branch_datetime_operator.py
[2022-12-31T21:23:47.690+0100] {processor.py:753} INFO - DAG(s) dict_keys(['example_branch_datetime_operator_3', 'example_branch_datetime_operator', 'example_branch_datetime_operator_2']) retrieved from /Library/Frameworks/Python.framework/Versions/3.11/lib/python3.11/site-packages/airflow/example_dags/example_branch_datetime_operator.py
[2022-12-31T21:23:48.101+0100] {logging_mixin.py:137} INFO - [2022-12-31T21:23:48.101+0100] {dag.py:2676} INFO - Sync 3 DAGs
[2022-12-31T21:23:48.108+0100] {logging_mixin.py:137} INFO - [2022-12-31T21:23:48.108+0100] {dag.py:3423} INFO - Setting next_dagrun for example_branch_datetime_operator to 2022-12-30T00:00:00+00:00, run_after=2022-12-31T00:00:00+00:00
[2022-12-31T21:23:48.109+0100] {logging_mixin.py:137} INFO - [2022-12-31T21:23:48.109+0100] {dag.py:3423} INFO - Setting next_dagrun for example_branch_datetime_operator_2 to 2022-12-30T00:00:00+00:00, run_after=2022-12-31T00:00:00+00:00
[2022-12-31T21:23:48.110+0100] {logging_mixin.py:137} INFO - [2022-12-31T21:23:48.110+0100] {dag.py:3423} INFO - Setting next_dagrun for example_branch_datetime_operator_3 to 2022-12-30T00:00:00+00:00, run_after=2022-12-31T00:00:00+00:00
[2022-12-31T21:23:48.115+0100] {processor.py:175} INFO - Processing /Library/Frameworks/Python.framework/Versions/3.11/lib/python3.11/site-packages/airflow/example_dags/example_branch_datetime_operator.py took 0.447 seconds
[2022-12-31T21:25:40.113+0100] {processor.py:153} INFO - Started process (PID=97094) to work on /Library/Frameworks/Python.framework/Versions/3.11/lib/python3.11/site-packages/airflow/example_dags/example_branch_datetime_operator.py
[2022-12-31T21:25:40.115+0100] {processor.py:743} INFO - Processing file /Library/Frameworks/Python.framework/Versions/3.11/lib/python3.11/site-packages/airflow/example_dags/example_branch_datetime_operator.py for tasks to queue
[2022-12-31T21:25:40.116+0100] {logging_mixin.py:137} INFO - [2022-12-31T21:25:40.116+0100] {dagbag.py:538} INFO - Filling up the DagBag from /Library/Frameworks/Python.framework/Versions/3.11/lib/python3.11/site-packages/airflow/example_dags/example_branch_datetime_operator.py
[2022-12-31T21:25:40.138+0100] {processor.py:753} INFO - DAG(s) dict_keys(['example_branch_datetime_operator_2', 'example_branch_datetime_operator_3', 'example_branch_datetime_operator']) retrieved from /Library/Frameworks/Python.framework/Versions/3.11/lib/python3.11/site-packages/airflow/example_dags/example_branch_datetime_operator.py
[2022-12-31T21:25:40.597+0100] {logging_mixin.py:137} INFO - [2022-12-31T21:25:40.597+0100] {dag.py:2676} INFO - Sync 3 DAGs
[2022-12-31T21:25:40.604+0100] {logging_mixin.py:137} INFO - [2022-12-31T21:25:40.604+0100] {dag.py:3423} INFO - Setting next_dagrun for example_branch_datetime_operator to 2022-12-30T00:00:00+00:00, run_after=2022-12-31T00:00:00+00:00
[2022-12-31T21:25:40.605+0100] {logging_mixin.py:137} INFO - [2022-12-31T21:25:40.605+0100] {dag.py:3423} INFO - Setting next_dagrun for example_branch_datetime_operator_2 to 2022-12-30T00:00:00+00:00, run_after=2022-12-31T00:00:00+00:00
[2022-12-31T21:25:40.606+0100] {logging_mixin.py:137} INFO - [2022-12-31T21:25:40.606+0100] {dag.py:3423} INFO - Setting next_dagrun for example_branch_datetime_operator_3 to 2022-12-30T00:00:00+00:00, run_after=2022-12-31T00:00:00+00:00
[2022-12-31T21:25:40.611+0100] {processor.py:175} INFO - Processing /Library/Frameworks/Python.framework/Versions/3.11/lib/python3.11/site-packages/airflow/example_dags/example_branch_datetime_operator.py took 0.499 seconds
[2022-12-31T21:27:37.536+0100] {processor.py:153} INFO - Started process (PID=97346) to work on /Library/Frameworks/Python.framework/Versions/3.11/lib/python3.11/site-packages/airflow/example_dags/example_branch_datetime_operator.py
[2022-12-31T21:27:37.540+0100] {processor.py:743} INFO - Processing file /Library/Frameworks/Python.framework/Versions/3.11/lib/python3.11/site-packages/airflow/example_dags/example_branch_datetime_operator.py for tasks to queue
[2022-12-31T21:27:37.541+0100] {logging_mixin.py:137} INFO - [2022-12-31T21:27:37.541+0100] {dagbag.py:538} INFO - Filling up the DagBag from /Library/Frameworks/Python.framework/Versions/3.11/lib/python3.11/site-packages/airflow/example_dags/example_branch_datetime_operator.py
[2022-12-31T21:27:37.553+0100] {processor.py:753} INFO - DAG(s) dict_keys(['example_branch_datetime_operator_2', 'example_branch_datetime_operator', 'example_branch_datetime_operator_3']) retrieved from /Library/Frameworks/Python.framework/Versions/3.11/lib/python3.11/site-packages/airflow/example_dags/example_branch_datetime_operator.py
[2022-12-31T21:27:37.969+0100] {logging_mixin.py:137} INFO - [2022-12-31T21:27:37.969+0100] {dag.py:2676} INFO - Sync 3 DAGs
[2022-12-31T21:27:37.975+0100] {logging_mixin.py:137} INFO - [2022-12-31T21:27:37.975+0100] {dag.py:3423} INFO - Setting next_dagrun for example_branch_datetime_operator to 2022-12-30T00:00:00+00:00, run_after=2022-12-31T00:00:00+00:00
[2022-12-31T21:27:37.976+0100] {logging_mixin.py:137} INFO - [2022-12-31T21:27:37.976+0100] {dag.py:3423} INFO - Setting next_dagrun for example_branch_datetime_operator_2 to 2022-12-30T00:00:00+00:00, run_after=2022-12-31T00:00:00+00:00
[2022-12-31T21:27:37.977+0100] {logging_mixin.py:137} INFO - [2022-12-31T21:27:37.977+0100] {dag.py:3423} INFO - Setting next_dagrun for example_branch_datetime_operator_3 to 2022-12-30T00:00:00+00:00, run_after=2022-12-31T00:00:00+00:00
[2022-12-31T21:27:37.983+0100] {processor.py:175} INFO - Processing /Library/Frameworks/Python.framework/Versions/3.11/lib/python3.11/site-packages/airflow/example_dags/example_branch_datetime_operator.py took 0.448 seconds
