[2022-12-31T20:28:59.094+0100] {processor.py:153} INFO - Started process (PID=90136) to work on /Library/Frameworks/Python.framework/Versions/3.11/lib/python3.11/site-packages/airflow/example_dags/example_xcomargs.py
[2022-12-31T20:28:59.100+0100] {processor.py:743} INFO - Processing file /Library/Frameworks/Python.framework/Versions/3.11/lib/python3.11/site-packages/airflow/example_dags/example_xcomargs.py for tasks to queue
[2022-12-31T20:28:59.100+0100] {logging_mixin.py:137} INFO - [2022-12-31T20:28:59.100+0100] {dagbag.py:538} INFO - Filling up the DagBag from /Library/Frameworks/Python.framework/Versions/3.11/lib/python3.11/site-packages/airflow/example_dags/example_xcomargs.py
[2022-12-31T20:28:59.134+0100] {processor.py:753} INFO - DAG(s) dict_keys(['example_xcom_args', 'example_xcom_args_with_operators']) retrieved from /Library/Frameworks/Python.framework/Versions/3.11/lib/python3.11/site-packages/airflow/example_dags/example_xcomargs.py
[2022-12-31T20:28:59.562+0100] {logging_mixin.py:137} INFO - [2022-12-31T20:28:59.562+0100] {manager.py:504} INFO - Created Permission View: can delete on DAG:example_xcom_args
[2022-12-31T20:28:59.564+0100] {logging_mixin.py:137} INFO - [2022-12-31T20:28:59.564+0100] {manager.py:504} INFO - Created Permission View: can read on DAG:example_xcom_args
[2022-12-31T20:28:59.566+0100] {logging_mixin.py:137} INFO - [2022-12-31T20:28:59.566+0100] {manager.py:504} INFO - Created Permission View: can edit on DAG:example_xcom_args
[2022-12-31T20:28:59.570+0100] {logging_mixin.py:137} INFO - [2022-12-31T20:28:59.570+0100] {manager.py:504} INFO - Created Permission View: can delete on DAG:example_xcom_args_with_operators
[2022-12-31T20:28:59.572+0100] {logging_mixin.py:137} INFO - [2022-12-31T20:28:59.572+0100] {manager.py:504} INFO - Created Permission View: can read on DAG:example_xcom_args_with_operators
[2022-12-31T20:28:59.573+0100] {logging_mixin.py:137} INFO - [2022-12-31T20:28:59.573+0100] {manager.py:504} INFO - Created Permission View: can edit on DAG:example_xcom_args_with_operators
[2022-12-31T20:28:59.573+0100] {logging_mixin.py:137} INFO - [2022-12-31T20:28:59.573+0100] {dag.py:2676} INFO - Sync 2 DAGs
[2022-12-31T20:28:59.577+0100] {logging_mixin.py:137} INFO - [2022-12-31T20:28:59.577+0100] {dag.py:2697} INFO - Creating ORM DAG for example_xcom_args_with_operators
[2022-12-31T20:28:59.577+0100] {logging_mixin.py:137} INFO - [2022-12-31T20:28:59.577+0100] {dag.py:2697} INFO - Creating ORM DAG for example_xcom_args
[2022-12-31T20:28:59.579+0100] {logging_mixin.py:137} INFO - [2022-12-31T20:28:59.579+0100] {dag.py:3423} INFO - Setting next_dagrun for example_xcom_args to None, run_after=None
[2022-12-31T20:28:59.579+0100] {logging_mixin.py:137} INFO - [2022-12-31T20:28:59.579+0100] {dag.py:3423} INFO - Setting next_dagrun for example_xcom_args_with_operators to None, run_after=None
[2022-12-31T20:28:59.585+0100] {processor.py:175} INFO - Processing /Library/Frameworks/Python.framework/Versions/3.11/lib/python3.11/site-packages/airflow/example_dags/example_xcomargs.py took 0.492 seconds
[2022-12-31T20:30:24.005+0100] {processor.py:153} INFO - Started process (PID=90326) to work on /Library/Frameworks/Python.framework/Versions/3.11/lib/python3.11/site-packages/airflow/example_dags/example_xcomargs.py
[2022-12-31T20:30:24.012+0100] {processor.py:743} INFO - Processing file /Library/Frameworks/Python.framework/Versions/3.11/lib/python3.11/site-packages/airflow/example_dags/example_xcomargs.py for tasks to queue
[2022-12-31T20:30:24.013+0100] {logging_mixin.py:137} INFO - [2022-12-31T20:30:24.013+0100] {dagbag.py:538} INFO - Filling up the DagBag from /Library/Frameworks/Python.framework/Versions/3.11/lib/python3.11/site-packages/airflow/example_dags/example_xcomargs.py
[2022-12-31T20:30:24.033+0100] {processor.py:753} INFO - DAG(s) dict_keys(['example_xcom_args', 'example_xcom_args_with_operators']) retrieved from /Library/Frameworks/Python.framework/Versions/3.11/lib/python3.11/site-packages/airflow/example_dags/example_xcomargs.py
[2022-12-31T20:30:24.449+0100] {logging_mixin.py:137} INFO - [2022-12-31T20:30:24.449+0100] {dag.py:2676} INFO - Sync 2 DAGs
[2022-12-31T20:30:24.454+0100] {logging_mixin.py:137} INFO - [2022-12-31T20:30:24.454+0100] {dag.py:3423} INFO - Setting next_dagrun for example_xcom_args to None, run_after=None
[2022-12-31T20:30:24.455+0100] {logging_mixin.py:137} INFO - [2022-12-31T20:30:24.455+0100] {dag.py:3423} INFO - Setting next_dagrun for example_xcom_args_with_operators to None, run_after=None
[2022-12-31T20:30:24.461+0100] {processor.py:175} INFO - Processing /Library/Frameworks/Python.framework/Versions/3.11/lib/python3.11/site-packages/airflow/example_dags/example_xcomargs.py took 0.457 seconds
[2022-12-31T20:30:51.235+0100] {processor.py:153} INFO - Started process (PID=90369) to work on /Library/Frameworks/Python.framework/Versions/3.11/lib/python3.11/site-packages/airflow/example_dags/example_xcomargs.py
[2022-12-31T20:30:51.242+0100] {processor.py:743} INFO - Processing file /Library/Frameworks/Python.framework/Versions/3.11/lib/python3.11/site-packages/airflow/example_dags/example_xcomargs.py for tasks to queue
[2022-12-31T20:30:51.242+0100] {logging_mixin.py:137} INFO - [2022-12-31T20:30:51.242+0100] {dagbag.py:538} INFO - Filling up the DagBag from /Library/Frameworks/Python.framework/Versions/3.11/lib/python3.11/site-packages/airflow/example_dags/example_xcomargs.py
[2022-12-31T20:30:51.263+0100] {processor.py:753} INFO - DAG(s) dict_keys(['example_xcom_args', 'example_xcom_args_with_operators']) retrieved from /Library/Frameworks/Python.framework/Versions/3.11/lib/python3.11/site-packages/airflow/example_dags/example_xcomargs.py
[2022-12-31T20:30:51.714+0100] {logging_mixin.py:137} INFO - [2022-12-31T20:30:51.714+0100] {dag.py:2676} INFO - Sync 2 DAGs
[2022-12-31T20:30:51.720+0100] {logging_mixin.py:137} INFO - [2022-12-31T20:30:51.720+0100] {dag.py:3423} INFO - Setting next_dagrun for example_xcom_args to None, run_after=None
[2022-12-31T20:30:51.721+0100] {logging_mixin.py:137} INFO - [2022-12-31T20:30:51.721+0100] {dag.py:3423} INFO - Setting next_dagrun for example_xcom_args_with_operators to None, run_after=None
[2022-12-31T20:30:51.727+0100] {processor.py:175} INFO - Processing /Library/Frameworks/Python.framework/Versions/3.11/lib/python3.11/site-packages/airflow/example_dags/example_xcomargs.py took 0.493 seconds
[2022-12-31T20:32:13.205+0100] {processor.py:153} INFO - Started process (PID=90497) to work on /Library/Frameworks/Python.framework/Versions/3.11/lib/python3.11/site-packages/airflow/example_dags/example_xcomargs.py
[2022-12-31T20:32:13.211+0100] {processor.py:743} INFO - Processing file /Library/Frameworks/Python.framework/Versions/3.11/lib/python3.11/site-packages/airflow/example_dags/example_xcomargs.py for tasks to queue
[2022-12-31T20:32:13.212+0100] {logging_mixin.py:137} INFO - [2022-12-31T20:32:13.211+0100] {dagbag.py:538} INFO - Filling up the DagBag from /Library/Frameworks/Python.framework/Versions/3.11/lib/python3.11/site-packages/airflow/example_dags/example_xcomargs.py
[2022-12-31T20:32:13.232+0100] {processor.py:753} INFO - DAG(s) dict_keys(['example_xcom_args_with_operators', 'example_xcom_args']) retrieved from /Library/Frameworks/Python.framework/Versions/3.11/lib/python3.11/site-packages/airflow/example_dags/example_xcomargs.py
[2022-12-31T20:32:13.649+0100] {logging_mixin.py:137} INFO - [2022-12-31T20:32:13.649+0100] {dag.py:2676} INFO - Sync 2 DAGs
[2022-12-31T20:32:13.655+0100] {logging_mixin.py:137} INFO - [2022-12-31T20:32:13.655+0100] {dag.py:3423} INFO - Setting next_dagrun for example_xcom_args to None, run_after=None
[2022-12-31T20:32:13.656+0100] {logging_mixin.py:137} INFO - [2022-12-31T20:32:13.656+0100] {dag.py:3423} INFO - Setting next_dagrun for example_xcom_args_with_operators to None, run_after=None
[2022-12-31T20:32:13.663+0100] {processor.py:175} INFO - Processing /Library/Frameworks/Python.framework/Versions/3.11/lib/python3.11/site-packages/airflow/example_dags/example_xcomargs.py took 0.459 seconds
[2022-12-31T20:33:04.919+0100] {processor.py:153} INFO - Started process (PID=90563) to work on /Library/Frameworks/Python.framework/Versions/3.11/lib/python3.11/site-packages/airflow/example_dags/example_xcomargs.py
[2022-12-31T20:33:04.923+0100] {processor.py:743} INFO - Processing file /Library/Frameworks/Python.framework/Versions/3.11/lib/python3.11/site-packages/airflow/example_dags/example_xcomargs.py for tasks to queue
[2022-12-31T20:33:04.923+0100] {logging_mixin.py:137} INFO - [2022-12-31T20:33:04.923+0100] {dagbag.py:538} INFO - Filling up the DagBag from /Library/Frameworks/Python.framework/Versions/3.11/lib/python3.11/site-packages/airflow/example_dags/example_xcomargs.py
[2022-12-31T20:33:04.948+0100] {processor.py:753} INFO - DAG(s) dict_keys(['example_xcom_args_with_operators', 'example_xcom_args']) retrieved from /Library/Frameworks/Python.framework/Versions/3.11/lib/python3.11/site-packages/airflow/example_dags/example_xcomargs.py
[2022-12-31T20:33:05.357+0100] {logging_mixin.py:137} INFO - [2022-12-31T20:33:05.357+0100] {dag.py:2676} INFO - Sync 2 DAGs
[2022-12-31T20:33:05.362+0100] {logging_mixin.py:137} INFO - [2022-12-31T20:33:05.362+0100] {dag.py:3423} INFO - Setting next_dagrun for example_xcom_args to None, run_after=None
[2022-12-31T20:33:05.363+0100] {logging_mixin.py:137} INFO - [2022-12-31T20:33:05.363+0100] {dag.py:3423} INFO - Setting next_dagrun for example_xcom_args_with_operators to None, run_after=None
[2022-12-31T20:33:05.369+0100] {processor.py:175} INFO - Processing /Library/Frameworks/Python.framework/Versions/3.11/lib/python3.11/site-packages/airflow/example_dags/example_xcomargs.py took 0.452 seconds
[2022-12-31T20:33:59.571+0100] {processor.py:153} INFO - Started process (PID=90639) to work on /Library/Frameworks/Python.framework/Versions/3.11/lib/python3.11/site-packages/airflow/example_dags/example_xcomargs.py
[2022-12-31T20:33:59.575+0100] {processor.py:743} INFO - Processing file /Library/Frameworks/Python.framework/Versions/3.11/lib/python3.11/site-packages/airflow/example_dags/example_xcomargs.py for tasks to queue
[2022-12-31T20:33:59.575+0100] {logging_mixin.py:137} INFO - [2022-12-31T20:33:59.575+0100] {dagbag.py:538} INFO - Filling up the DagBag from /Library/Frameworks/Python.framework/Versions/3.11/lib/python3.11/site-packages/airflow/example_dags/example_xcomargs.py
[2022-12-31T20:33:59.596+0100] {processor.py:753} INFO - DAG(s) dict_keys(['example_xcom_args', 'example_xcom_args_with_operators']) retrieved from /Library/Frameworks/Python.framework/Versions/3.11/lib/python3.11/site-packages/airflow/example_dags/example_xcomargs.py
[2022-12-31T20:34:00.012+0100] {logging_mixin.py:137} INFO - [2022-12-31T20:34:00.012+0100] {dag.py:2676} INFO - Sync 2 DAGs
[2022-12-31T20:34:00.017+0100] {logging_mixin.py:137} INFO - [2022-12-31T20:34:00.017+0100] {dag.py:3423} INFO - Setting next_dagrun for example_xcom_args to None, run_after=None
[2022-12-31T20:34:00.018+0100] {logging_mixin.py:137} INFO - [2022-12-31T20:34:00.018+0100] {dag.py:3423} INFO - Setting next_dagrun for example_xcom_args_with_operators to None, run_after=None
[2022-12-31T20:34:00.025+0100] {processor.py:175} INFO - Processing /Library/Frameworks/Python.framework/Versions/3.11/lib/python3.11/site-packages/airflow/example_dags/example_xcomargs.py took 0.455 seconds
[2022-12-31T20:34:52.578+0100] {processor.py:153} INFO - Started process (PID=90724) to work on /Library/Frameworks/Python.framework/Versions/3.11/lib/python3.11/site-packages/airflow/example_dags/example_xcomargs.py
[2022-12-31T20:34:52.584+0100] {processor.py:743} INFO - Processing file /Library/Frameworks/Python.framework/Versions/3.11/lib/python3.11/site-packages/airflow/example_dags/example_xcomargs.py for tasks to queue
[2022-12-31T20:34:52.584+0100] {logging_mixin.py:137} INFO - [2022-12-31T20:34:52.584+0100] {dagbag.py:538} INFO - Filling up the DagBag from /Library/Frameworks/Python.framework/Versions/3.11/lib/python3.11/site-packages/airflow/example_dags/example_xcomargs.py
[2022-12-31T20:34:52.605+0100] {processor.py:753} INFO - DAG(s) dict_keys(['example_xcom_args_with_operators', 'example_xcom_args']) retrieved from /Library/Frameworks/Python.framework/Versions/3.11/lib/python3.11/site-packages/airflow/example_dags/example_xcomargs.py
[2022-12-31T20:34:53.011+0100] {logging_mixin.py:137} INFO - [2022-12-31T20:34:53.011+0100] {dag.py:2676} INFO - Sync 2 DAGs
[2022-12-31T20:34:53.016+0100] {logging_mixin.py:137} INFO - [2022-12-31T20:34:53.016+0100] {dag.py:3423} INFO - Setting next_dagrun for example_xcom_args to None, run_after=None
[2022-12-31T20:34:53.017+0100] {logging_mixin.py:137} INFO - [2022-12-31T20:34:53.017+0100] {dag.py:3423} INFO - Setting next_dagrun for example_xcom_args_with_operators to None, run_after=None
[2022-12-31T20:34:53.024+0100] {processor.py:175} INFO - Processing /Library/Frameworks/Python.framework/Versions/3.11/lib/python3.11/site-packages/airflow/example_dags/example_xcomargs.py took 0.449 seconds
[2022-12-31T20:35:33.908+0100] {processor.py:153} INFO - Started process (PID=90782) to work on /Library/Frameworks/Python.framework/Versions/3.11/lib/python3.11/site-packages/airflow/example_dags/example_xcomargs.py
[2022-12-31T20:35:33.915+0100] {processor.py:743} INFO - Processing file /Library/Frameworks/Python.framework/Versions/3.11/lib/python3.11/site-packages/airflow/example_dags/example_xcomargs.py for tasks to queue
[2022-12-31T20:35:33.915+0100] {logging_mixin.py:137} INFO - [2022-12-31T20:35:33.915+0100] {dagbag.py:538} INFO - Filling up the DagBag from /Library/Frameworks/Python.framework/Versions/3.11/lib/python3.11/site-packages/airflow/example_dags/example_xcomargs.py
[2022-12-31T20:35:33.936+0100] {processor.py:753} INFO - DAG(s) dict_keys(['example_xcom_args', 'example_xcom_args_with_operators']) retrieved from /Library/Frameworks/Python.framework/Versions/3.11/lib/python3.11/site-packages/airflow/example_dags/example_xcomargs.py
[2022-12-31T20:35:34.319+0100] {logging_mixin.py:137} INFO - [2022-12-31T20:35:34.319+0100] {dag.py:2676} INFO - Sync 2 DAGs
[2022-12-31T20:35:34.325+0100] {logging_mixin.py:137} INFO - [2022-12-31T20:35:34.325+0100] {dag.py:3423} INFO - Setting next_dagrun for example_xcom_args to None, run_after=None
[2022-12-31T20:35:34.325+0100] {logging_mixin.py:137} INFO - [2022-12-31T20:35:34.325+0100] {dag.py:3423} INFO - Setting next_dagrun for example_xcom_args_with_operators to None, run_after=None
[2022-12-31T20:35:34.332+0100] {processor.py:175} INFO - Processing /Library/Frameworks/Python.framework/Versions/3.11/lib/python3.11/site-packages/airflow/example_dags/example_xcomargs.py took 0.424 seconds
[2022-12-31T20:36:57.580+0100] {processor.py:153} INFO - Started process (PID=90906) to work on /Library/Frameworks/Python.framework/Versions/3.11/lib/python3.11/site-packages/airflow/example_dags/example_xcomargs.py
[2022-12-31T20:36:57.583+0100] {processor.py:743} INFO - Processing file /Library/Frameworks/Python.framework/Versions/3.11/lib/python3.11/site-packages/airflow/example_dags/example_xcomargs.py for tasks to queue
[2022-12-31T20:36:57.583+0100] {logging_mixin.py:137} INFO - [2022-12-31T20:36:57.583+0100] {dagbag.py:538} INFO - Filling up the DagBag from /Library/Frameworks/Python.framework/Versions/3.11/lib/python3.11/site-packages/airflow/example_dags/example_xcomargs.py
[2022-12-31T20:36:57.604+0100] {processor.py:753} INFO - DAG(s) dict_keys(['example_xcom_args', 'example_xcom_args_with_operators']) retrieved from /Library/Frameworks/Python.framework/Versions/3.11/lib/python3.11/site-packages/airflow/example_dags/example_xcomargs.py
[2022-12-31T20:36:58.008+0100] {logging_mixin.py:137} INFO - [2022-12-31T20:36:58.008+0100] {dag.py:2676} INFO - Sync 2 DAGs
[2022-12-31T20:36:58.013+0100] {logging_mixin.py:137} INFO - [2022-12-31T20:36:58.013+0100] {dag.py:3423} INFO - Setting next_dagrun for example_xcom_args to None, run_after=None
[2022-12-31T20:36:58.014+0100] {logging_mixin.py:137} INFO - [2022-12-31T20:36:58.014+0100] {dag.py:3423} INFO - Setting next_dagrun for example_xcom_args_with_operators to None, run_after=None
[2022-12-31T20:36:58.020+0100] {processor.py:175} INFO - Processing /Library/Frameworks/Python.framework/Versions/3.11/lib/python3.11/site-packages/airflow/example_dags/example_xcomargs.py took 0.441 seconds
[2022-12-31T20:37:48.802+0100] {processor.py:153} INFO - Started process (PID=90971) to work on /Library/Frameworks/Python.framework/Versions/3.11/lib/python3.11/site-packages/airflow/example_dags/example_xcomargs.py
[2022-12-31T20:37:48.806+0100] {processor.py:743} INFO - Processing file /Library/Frameworks/Python.framework/Versions/3.11/lib/python3.11/site-packages/airflow/example_dags/example_xcomargs.py for tasks to queue
[2022-12-31T20:37:48.807+0100] {logging_mixin.py:137} INFO - [2022-12-31T20:37:48.807+0100] {dagbag.py:538} INFO - Filling up the DagBag from /Library/Frameworks/Python.framework/Versions/3.11/lib/python3.11/site-packages/airflow/example_dags/example_xcomargs.py
[2022-12-31T20:37:48.829+0100] {processor.py:753} INFO - DAG(s) dict_keys(['example_xcom_args', 'example_xcom_args_with_operators']) retrieved from /Library/Frameworks/Python.framework/Versions/3.11/lib/python3.11/site-packages/airflow/example_dags/example_xcomargs.py
[2022-12-31T20:37:49.243+0100] {logging_mixin.py:137} INFO - [2022-12-31T20:37:49.243+0100] {dag.py:2676} INFO - Sync 2 DAGs
[2022-12-31T20:37:49.249+0100] {logging_mixin.py:137} INFO - [2022-12-31T20:37:49.249+0100] {dag.py:3423} INFO - Setting next_dagrun for example_xcom_args to None, run_after=None
[2022-12-31T20:37:49.249+0100] {logging_mixin.py:137} INFO - [2022-12-31T20:37:49.249+0100] {dag.py:3423} INFO - Setting next_dagrun for example_xcom_args_with_operators to None, run_after=None
[2022-12-31T20:37:49.256+0100] {processor.py:175} INFO - Processing /Library/Frameworks/Python.framework/Versions/3.11/lib/python3.11/site-packages/airflow/example_dags/example_xcomargs.py took 0.455 seconds
[2022-12-31T20:38:36.998+0100] {processor.py:153} INFO - Started process (PID=91037) to work on /Library/Frameworks/Python.framework/Versions/3.11/lib/python3.11/site-packages/airflow/example_dags/example_xcomargs.py
[2022-12-31T20:38:37.003+0100] {processor.py:743} INFO - Processing file /Library/Frameworks/Python.framework/Versions/3.11/lib/python3.11/site-packages/airflow/example_dags/example_xcomargs.py for tasks to queue
[2022-12-31T20:38:37.003+0100] {logging_mixin.py:137} INFO - [2022-12-31T20:38:37.003+0100] {dagbag.py:538} INFO - Filling up the DagBag from /Library/Frameworks/Python.framework/Versions/3.11/lib/python3.11/site-packages/airflow/example_dags/example_xcomargs.py
[2022-12-31T20:38:37.023+0100] {processor.py:753} INFO - DAG(s) dict_keys(['example_xcom_args_with_operators', 'example_xcom_args']) retrieved from /Library/Frameworks/Python.framework/Versions/3.11/lib/python3.11/site-packages/airflow/example_dags/example_xcomargs.py
[2022-12-31T20:38:37.433+0100] {logging_mixin.py:137} INFO - [2022-12-31T20:38:37.433+0100] {dag.py:2676} INFO - Sync 2 DAGs
[2022-12-31T20:38:37.438+0100] {logging_mixin.py:137} INFO - [2022-12-31T20:38:37.438+0100] {dag.py:3423} INFO - Setting next_dagrun for example_xcom_args to None, run_after=None
[2022-12-31T20:38:37.439+0100] {logging_mixin.py:137} INFO - [2022-12-31T20:38:37.439+0100] {dag.py:3423} INFO - Setting next_dagrun for example_xcom_args_with_operators to None, run_after=None
[2022-12-31T20:38:37.445+0100] {processor.py:175} INFO - Processing /Library/Frameworks/Python.framework/Versions/3.11/lib/python3.11/site-packages/airflow/example_dags/example_xcomargs.py took 0.448 seconds
[2022-12-31T20:39:30.614+0100] {processor.py:153} INFO - Started process (PID=91148) to work on /Library/Frameworks/Python.framework/Versions/3.11/lib/python3.11/site-packages/airflow/example_dags/example_xcomargs.py
[2022-12-31T20:39:30.618+0100] {processor.py:743} INFO - Processing file /Library/Frameworks/Python.framework/Versions/3.11/lib/python3.11/site-packages/airflow/example_dags/example_xcomargs.py for tasks to queue
[2022-12-31T20:39:30.618+0100] {logging_mixin.py:137} INFO - [2022-12-31T20:39:30.618+0100] {dagbag.py:538} INFO - Filling up the DagBag from /Library/Frameworks/Python.framework/Versions/3.11/lib/python3.11/site-packages/airflow/example_dags/example_xcomargs.py
[2022-12-31T20:39:30.639+0100] {processor.py:753} INFO - DAG(s) dict_keys(['example_xcom_args', 'example_xcom_args_with_operators']) retrieved from /Library/Frameworks/Python.framework/Versions/3.11/lib/python3.11/site-packages/airflow/example_dags/example_xcomargs.py
[2022-12-31T20:39:31.043+0100] {logging_mixin.py:137} INFO - [2022-12-31T20:39:31.043+0100] {dag.py:2676} INFO - Sync 2 DAGs
[2022-12-31T20:39:31.048+0100] {logging_mixin.py:137} INFO - [2022-12-31T20:39:31.048+0100] {dag.py:3423} INFO - Setting next_dagrun for example_xcom_args to None, run_after=None
[2022-12-31T20:39:31.049+0100] {logging_mixin.py:137} INFO - [2022-12-31T20:39:31.049+0100] {dag.py:3423} INFO - Setting next_dagrun for example_xcom_args_with_operators to None, run_after=None
[2022-12-31T20:39:31.055+0100] {processor.py:175} INFO - Processing /Library/Frameworks/Python.framework/Versions/3.11/lib/python3.11/site-packages/airflow/example_dags/example_xcomargs.py took 0.443 seconds
[2022-12-31T20:40:23.603+0100] {processor.py:153} INFO - Started process (PID=91238) to work on /Library/Frameworks/Python.framework/Versions/3.11/lib/python3.11/site-packages/airflow/example_dags/example_xcomargs.py
[2022-12-31T20:40:23.607+0100] {processor.py:743} INFO - Processing file /Library/Frameworks/Python.framework/Versions/3.11/lib/python3.11/site-packages/airflow/example_dags/example_xcomargs.py for tasks to queue
[2022-12-31T20:40:23.608+0100] {logging_mixin.py:137} INFO - [2022-12-31T20:40:23.608+0100] {dagbag.py:538} INFO - Filling up the DagBag from /Library/Frameworks/Python.framework/Versions/3.11/lib/python3.11/site-packages/airflow/example_dags/example_xcomargs.py
[2022-12-31T20:40:23.641+0100] {processor.py:753} INFO - DAG(s) dict_keys(['example_xcom_args', 'example_xcom_args_with_operators']) retrieved from /Library/Frameworks/Python.framework/Versions/3.11/lib/python3.11/site-packages/airflow/example_dags/example_xcomargs.py
[2022-12-31T20:40:24.085+0100] {logging_mixin.py:137} INFO - [2022-12-31T20:40:24.085+0100] {dag.py:2676} INFO - Sync 2 DAGs
[2022-12-31T20:40:24.091+0100] {logging_mixin.py:137} INFO - [2022-12-31T20:40:24.091+0100] {dag.py:3423} INFO - Setting next_dagrun for example_xcom_args to None, run_after=None
[2022-12-31T20:40:24.092+0100] {logging_mixin.py:137} INFO - [2022-12-31T20:40:24.092+0100] {dag.py:3423} INFO - Setting next_dagrun for example_xcom_args_with_operators to None, run_after=None
[2022-12-31T20:40:24.101+0100] {processor.py:175} INFO - Processing /Library/Frameworks/Python.framework/Versions/3.11/lib/python3.11/site-packages/airflow/example_dags/example_xcomargs.py took 0.499 seconds
[2022-12-31T20:41:17.483+0100] {processor.py:153} INFO - Started process (PID=91311) to work on /Library/Frameworks/Python.framework/Versions/3.11/lib/python3.11/site-packages/airflow/example_dags/example_xcomargs.py
[2022-12-31T20:41:17.487+0100] {processor.py:743} INFO - Processing file /Library/Frameworks/Python.framework/Versions/3.11/lib/python3.11/site-packages/airflow/example_dags/example_xcomargs.py for tasks to queue
[2022-12-31T20:41:17.487+0100] {logging_mixin.py:137} INFO - [2022-12-31T20:41:17.487+0100] {dagbag.py:538} INFO - Filling up the DagBag from /Library/Frameworks/Python.framework/Versions/3.11/lib/python3.11/site-packages/airflow/example_dags/example_xcomargs.py
[2022-12-31T20:41:17.510+0100] {processor.py:753} INFO - DAG(s) dict_keys(['example_xcom_args_with_operators', 'example_xcom_args']) retrieved from /Library/Frameworks/Python.framework/Versions/3.11/lib/python3.11/site-packages/airflow/example_dags/example_xcomargs.py
[2022-12-31T20:41:17.914+0100] {logging_mixin.py:137} INFO - [2022-12-31T20:41:17.914+0100] {dag.py:2676} INFO - Sync 2 DAGs
[2022-12-31T20:41:17.920+0100] {logging_mixin.py:137} INFO - [2022-12-31T20:41:17.920+0100] {dag.py:3423} INFO - Setting next_dagrun for example_xcom_args to None, run_after=None
[2022-12-31T20:41:17.921+0100] {logging_mixin.py:137} INFO - [2022-12-31T20:41:17.921+0100] {dag.py:3423} INFO - Setting next_dagrun for example_xcom_args_with_operators to None, run_after=None
[2022-12-31T20:41:17.926+0100] {processor.py:175} INFO - Processing /Library/Frameworks/Python.framework/Versions/3.11/lib/python3.11/site-packages/airflow/example_dags/example_xcomargs.py took 0.444 seconds
[2022-12-31T20:42:12.046+0100] {processor.py:153} INFO - Started process (PID=91384) to work on /Library/Frameworks/Python.framework/Versions/3.11/lib/python3.11/site-packages/airflow/example_dags/example_xcomargs.py
[2022-12-31T20:42:12.051+0100] {processor.py:743} INFO - Processing file /Library/Frameworks/Python.framework/Versions/3.11/lib/python3.11/site-packages/airflow/example_dags/example_xcomargs.py for tasks to queue
[2022-12-31T20:42:12.051+0100] {logging_mixin.py:137} INFO - [2022-12-31T20:42:12.051+0100] {dagbag.py:538} INFO - Filling up the DagBag from /Library/Frameworks/Python.framework/Versions/3.11/lib/python3.11/site-packages/airflow/example_dags/example_xcomargs.py
[2022-12-31T20:42:12.075+0100] {processor.py:753} INFO - DAG(s) dict_keys(['example_xcom_args', 'example_xcom_args_with_operators']) retrieved from /Library/Frameworks/Python.framework/Versions/3.11/lib/python3.11/site-packages/airflow/example_dags/example_xcomargs.py
[2022-12-31T20:42:12.483+0100] {logging_mixin.py:137} INFO - [2022-12-31T20:42:12.483+0100] {dag.py:2676} INFO - Sync 2 DAGs
[2022-12-31T20:42:12.489+0100] {logging_mixin.py:137} INFO - [2022-12-31T20:42:12.488+0100] {dag.py:3423} INFO - Setting next_dagrun for example_xcom_args to None, run_after=None
[2022-12-31T20:42:12.489+0100] {logging_mixin.py:137} INFO - [2022-12-31T20:42:12.489+0100] {dag.py:3423} INFO - Setting next_dagrun for example_xcom_args_with_operators to None, run_after=None
[2022-12-31T20:42:12.495+0100] {processor.py:175} INFO - Processing /Library/Frameworks/Python.framework/Versions/3.11/lib/python3.11/site-packages/airflow/example_dags/example_xcomargs.py took 0.450 seconds
[2022-12-31T20:43:04.297+0100] {processor.py:153} INFO - Started process (PID=91499) to work on /Library/Frameworks/Python.framework/Versions/3.11/lib/python3.11/site-packages/airflow/example_dags/example_xcomargs.py
[2022-12-31T20:43:04.303+0100] {processor.py:743} INFO - Processing file /Library/Frameworks/Python.framework/Versions/3.11/lib/python3.11/site-packages/airflow/example_dags/example_xcomargs.py for tasks to queue
[2022-12-31T20:43:04.303+0100] {logging_mixin.py:137} INFO - [2022-12-31T20:43:04.303+0100] {dagbag.py:538} INFO - Filling up the DagBag from /Library/Frameworks/Python.framework/Versions/3.11/lib/python3.11/site-packages/airflow/example_dags/example_xcomargs.py
[2022-12-31T20:43:04.329+0100] {processor.py:753} INFO - DAG(s) dict_keys(['example_xcom_args_with_operators', 'example_xcom_args']) retrieved from /Library/Frameworks/Python.framework/Versions/3.11/lib/python3.11/site-packages/airflow/example_dags/example_xcomargs.py
[2022-12-31T20:43:04.733+0100] {logging_mixin.py:137} INFO - [2022-12-31T20:43:04.733+0100] {dag.py:2676} INFO - Sync 2 DAGs
[2022-12-31T20:43:04.738+0100] {logging_mixin.py:137} INFO - [2022-12-31T20:43:04.738+0100] {dag.py:3423} INFO - Setting next_dagrun for example_xcom_args to None, run_after=None
[2022-12-31T20:43:04.739+0100] {logging_mixin.py:137} INFO - [2022-12-31T20:43:04.739+0100] {dag.py:3423} INFO - Setting next_dagrun for example_xcom_args_with_operators to None, run_after=None
[2022-12-31T20:43:04.745+0100] {processor.py:175} INFO - Processing /Library/Frameworks/Python.framework/Versions/3.11/lib/python3.11/site-packages/airflow/example_dags/example_xcomargs.py took 0.449 seconds
[2022-12-31T20:44:18.847+0100] {processor.py:153} INFO - Started process (PID=91660) to work on /Library/Frameworks/Python.framework/Versions/3.11/lib/python3.11/site-packages/airflow/example_dags/example_xcomargs.py
[2022-12-31T20:44:18.852+0100] {processor.py:743} INFO - Processing file /Library/Frameworks/Python.framework/Versions/3.11/lib/python3.11/site-packages/airflow/example_dags/example_xcomargs.py for tasks to queue
[2022-12-31T20:44:18.852+0100] {logging_mixin.py:137} INFO - [2022-12-31T20:44:18.852+0100] {dagbag.py:538} INFO - Filling up the DagBag from /Library/Frameworks/Python.framework/Versions/3.11/lib/python3.11/site-packages/airflow/example_dags/example_xcomargs.py
[2022-12-31T20:44:18.876+0100] {processor.py:753} INFO - DAG(s) dict_keys(['example_xcom_args_with_operators', 'example_xcom_args']) retrieved from /Library/Frameworks/Python.framework/Versions/3.11/lib/python3.11/site-packages/airflow/example_dags/example_xcomargs.py
[2022-12-31T20:44:19.323+0100] {logging_mixin.py:137} INFO - [2022-12-31T20:44:19.323+0100] {dag.py:2676} INFO - Sync 2 DAGs
[2022-12-31T20:44:19.328+0100] {logging_mixin.py:137} INFO - [2022-12-31T20:44:19.328+0100] {dag.py:3423} INFO - Setting next_dagrun for example_xcom_args to None, run_after=None
[2022-12-31T20:44:19.329+0100] {logging_mixin.py:137} INFO - [2022-12-31T20:44:19.329+0100] {dag.py:3423} INFO - Setting next_dagrun for example_xcom_args_with_operators to None, run_after=None
[2022-12-31T20:44:19.335+0100] {processor.py:175} INFO - Processing /Library/Frameworks/Python.framework/Versions/3.11/lib/python3.11/site-packages/airflow/example_dags/example_xcomargs.py took 0.489 seconds
[2022-12-31T20:46:27.404+0100] {processor.py:153} INFO - Started process (PID=91885) to work on /Library/Frameworks/Python.framework/Versions/3.11/lib/python3.11/site-packages/airflow/example_dags/example_xcomargs.py
[2022-12-31T20:46:27.408+0100] {processor.py:743} INFO - Processing file /Library/Frameworks/Python.framework/Versions/3.11/lib/python3.11/site-packages/airflow/example_dags/example_xcomargs.py for tasks to queue
[2022-12-31T20:46:27.409+0100] {logging_mixin.py:137} INFO - [2022-12-31T20:46:27.409+0100] {dagbag.py:538} INFO - Filling up the DagBag from /Library/Frameworks/Python.framework/Versions/3.11/lib/python3.11/site-packages/airflow/example_dags/example_xcomargs.py
[2022-12-31T20:46:27.436+0100] {processor.py:753} INFO - DAG(s) dict_keys(['example_xcom_args_with_operators', 'example_xcom_args']) retrieved from /Library/Frameworks/Python.framework/Versions/3.11/lib/python3.11/site-packages/airflow/example_dags/example_xcomargs.py
[2022-12-31T20:46:27.841+0100] {logging_mixin.py:137} INFO - [2022-12-31T20:46:27.841+0100] {dag.py:2676} INFO - Sync 2 DAGs
[2022-12-31T20:46:27.846+0100] {logging_mixin.py:137} INFO - [2022-12-31T20:46:27.846+0100] {dag.py:3423} INFO - Setting next_dagrun for example_xcom_args to None, run_after=None
[2022-12-31T20:46:27.847+0100] {logging_mixin.py:137} INFO - [2022-12-31T20:46:27.847+0100] {dag.py:3423} INFO - Setting next_dagrun for example_xcom_args_with_operators to None, run_after=None
[2022-12-31T20:46:27.853+0100] {processor.py:175} INFO - Processing /Library/Frameworks/Python.framework/Versions/3.11/lib/python3.11/site-packages/airflow/example_dags/example_xcomargs.py took 0.450 seconds
[2022-12-31T20:48:28.171+0100] {processor.py:153} INFO - Started process (PID=92118) to work on /Library/Frameworks/Python.framework/Versions/3.11/lib/python3.11/site-packages/airflow/example_dags/example_xcomargs.py
[2022-12-31T20:48:28.176+0100] {processor.py:743} INFO - Processing file /Library/Frameworks/Python.framework/Versions/3.11/lib/python3.11/site-packages/airflow/example_dags/example_xcomargs.py for tasks to queue
[2022-12-31T20:48:28.176+0100] {logging_mixin.py:137} INFO - [2022-12-31T20:48:28.176+0100] {dagbag.py:538} INFO - Filling up the DagBag from /Library/Frameworks/Python.framework/Versions/3.11/lib/python3.11/site-packages/airflow/example_dags/example_xcomargs.py
[2022-12-31T20:48:28.213+0100] {processor.py:753} INFO - DAG(s) dict_keys(['example_xcom_args', 'example_xcom_args_with_operators']) retrieved from /Library/Frameworks/Python.framework/Versions/3.11/lib/python3.11/site-packages/airflow/example_dags/example_xcomargs.py
[2022-12-31T20:48:28.624+0100] {logging_mixin.py:137} INFO - [2022-12-31T20:48:28.624+0100] {dag.py:2676} INFO - Sync 2 DAGs
[2022-12-31T20:48:28.630+0100] {logging_mixin.py:137} INFO - [2022-12-31T20:48:28.630+0100] {dag.py:3423} INFO - Setting next_dagrun for example_xcom_args to None, run_after=None
[2022-12-31T20:48:28.631+0100] {logging_mixin.py:137} INFO - [2022-12-31T20:48:28.631+0100] {dag.py:3423} INFO - Setting next_dagrun for example_xcom_args_with_operators to None, run_after=None
[2022-12-31T20:48:28.636+0100] {processor.py:175} INFO - Processing /Library/Frameworks/Python.framework/Versions/3.11/lib/python3.11/site-packages/airflow/example_dags/example_xcomargs.py took 0.465 seconds
[2022-12-31T20:50:28.657+0100] {processor.py:153} INFO - Started process (PID=92365) to work on /Library/Frameworks/Python.framework/Versions/3.11/lib/python3.11/site-packages/airflow/example_dags/example_xcomargs.py
[2022-12-31T20:50:28.676+0100] {processor.py:743} INFO - Processing file /Library/Frameworks/Python.framework/Versions/3.11/lib/python3.11/site-packages/airflow/example_dags/example_xcomargs.py for tasks to queue
[2022-12-31T20:50:28.677+0100] {logging_mixin.py:137} INFO - [2022-12-31T20:50:28.677+0100] {dagbag.py:538} INFO - Filling up the DagBag from /Library/Frameworks/Python.framework/Versions/3.11/lib/python3.11/site-packages/airflow/example_dags/example_xcomargs.py
[2022-12-31T20:50:28.722+0100] {processor.py:753} INFO - DAG(s) dict_keys(['example_xcom_args_with_operators', 'example_xcom_args']) retrieved from /Library/Frameworks/Python.framework/Versions/3.11/lib/python3.11/site-packages/airflow/example_dags/example_xcomargs.py
[2022-12-31T20:50:29.222+0100] {logging_mixin.py:137} INFO - [2022-12-31T20:50:29.222+0100] {dag.py:2676} INFO - Sync 2 DAGs
[2022-12-31T20:50:29.228+0100] {logging_mixin.py:137} INFO - [2022-12-31T20:50:29.228+0100] {dag.py:3423} INFO - Setting next_dagrun for example_xcom_args to None, run_after=None
[2022-12-31T20:50:29.229+0100] {logging_mixin.py:137} INFO - [2022-12-31T20:50:29.229+0100] {dag.py:3423} INFO - Setting next_dagrun for example_xcom_args_with_operators to None, run_after=None
[2022-12-31T20:50:29.236+0100] {processor.py:175} INFO - Processing /Library/Frameworks/Python.framework/Versions/3.11/lib/python3.11/site-packages/airflow/example_dags/example_xcomargs.py took 0.580 seconds
[2022-12-31T20:52:56.656+0100] {processor.py:153} INFO - Started process (PID=92747) to work on /Library/Frameworks/Python.framework/Versions/3.11/lib/python3.11/site-packages/airflow/example_dags/example_xcomargs.py
[2022-12-31T20:52:56.662+0100] {processor.py:743} INFO - Processing file /Library/Frameworks/Python.framework/Versions/3.11/lib/python3.11/site-packages/airflow/example_dags/example_xcomargs.py for tasks to queue
[2022-12-31T20:52:56.663+0100] {logging_mixin.py:137} INFO - [2022-12-31T20:52:56.663+0100] {dagbag.py:538} INFO - Filling up the DagBag from /Library/Frameworks/Python.framework/Versions/3.11/lib/python3.11/site-packages/airflow/example_dags/example_xcomargs.py
[2022-12-31T20:52:56.728+0100] {processor.py:753} INFO - DAG(s) dict_keys(['example_xcom_args', 'example_xcom_args_with_operators']) retrieved from /Library/Frameworks/Python.framework/Versions/3.11/lib/python3.11/site-packages/airflow/example_dags/example_xcomargs.py
[2022-12-31T20:52:57.122+0100] {logging_mixin.py:137} INFO - [2022-12-31T20:52:57.122+0100] {dag.py:2676} INFO - Sync 2 DAGs
[2022-12-31T20:52:57.128+0100] {logging_mixin.py:137} INFO - [2022-12-31T20:52:57.128+0100] {dag.py:3423} INFO - Setting next_dagrun for example_xcom_args to None, run_after=None
[2022-12-31T20:52:57.128+0100] {logging_mixin.py:137} INFO - [2022-12-31T20:52:57.128+0100] {dag.py:3423} INFO - Setting next_dagrun for example_xcom_args_with_operators to None, run_after=None
[2022-12-31T20:52:57.134+0100] {processor.py:175} INFO - Processing /Library/Frameworks/Python.framework/Versions/3.11/lib/python3.11/site-packages/airflow/example_dags/example_xcomargs.py took 0.479 seconds
[2022-12-31T20:55:05.174+0100] {processor.py:153} INFO - Started process (PID=93126) to work on /Library/Frameworks/Python.framework/Versions/3.11/lib/python3.11/site-packages/airflow/example_dags/example_xcomargs.py
[2022-12-31T20:55:05.178+0100] {processor.py:743} INFO - Processing file /Library/Frameworks/Python.framework/Versions/3.11/lib/python3.11/site-packages/airflow/example_dags/example_xcomargs.py for tasks to queue
[2022-12-31T20:55:05.179+0100] {logging_mixin.py:137} INFO - [2022-12-31T20:55:05.179+0100] {dagbag.py:538} INFO - Filling up the DagBag from /Library/Frameworks/Python.framework/Versions/3.11/lib/python3.11/site-packages/airflow/example_dags/example_xcomargs.py
[2022-12-31T20:55:05.206+0100] {processor.py:753} INFO - DAG(s) dict_keys(['example_xcom_args_with_operators', 'example_xcom_args']) retrieved from /Library/Frameworks/Python.framework/Versions/3.11/lib/python3.11/site-packages/airflow/example_dags/example_xcomargs.py
[2022-12-31T20:55:05.963+0100] {logging_mixin.py:137} INFO - [2022-12-31T20:55:05.963+0100] {dag.py:2676} INFO - Sync 2 DAGs
[2022-12-31T20:55:05.975+0100] {logging_mixin.py:137} INFO - [2022-12-31T20:55:05.974+0100] {dag.py:3423} INFO - Setting next_dagrun for example_xcom_args to None, run_after=None
[2022-12-31T20:55:05.977+0100] {logging_mixin.py:137} INFO - [2022-12-31T20:55:05.977+0100] {dag.py:3423} INFO - Setting next_dagrun for example_xcom_args_with_operators to None, run_after=None
[2022-12-31T20:55:05.990+0100] {processor.py:175} INFO - Processing /Library/Frameworks/Python.framework/Versions/3.11/lib/python3.11/site-packages/airflow/example_dags/example_xcomargs.py took 0.817 seconds
[2022-12-31T20:56:18.079+0100] {processor.py:153} INFO - Started process (PID=93261) to work on /Library/Frameworks/Python.framework/Versions/3.11/lib/python3.11/site-packages/airflow/example_dags/example_xcomargs.py
[2022-12-31T20:56:18.083+0100] {processor.py:743} INFO - Processing file /Library/Frameworks/Python.framework/Versions/3.11/lib/python3.11/site-packages/airflow/example_dags/example_xcomargs.py for tasks to queue
[2022-12-31T20:56:18.083+0100] {logging_mixin.py:137} INFO - [2022-12-31T20:56:18.083+0100] {dagbag.py:538} INFO - Filling up the DagBag from /Library/Frameworks/Python.framework/Versions/3.11/lib/python3.11/site-packages/airflow/example_dags/example_xcomargs.py
[2022-12-31T20:56:18.116+0100] {processor.py:753} INFO - DAG(s) dict_keys(['example_xcom_args', 'example_xcom_args_with_operators']) retrieved from /Library/Frameworks/Python.framework/Versions/3.11/lib/python3.11/site-packages/airflow/example_dags/example_xcomargs.py
[2022-12-31T20:56:18.562+0100] {logging_mixin.py:137} INFO - [2022-12-31T20:56:18.562+0100] {dag.py:2676} INFO - Sync 2 DAGs
[2022-12-31T20:56:18.569+0100] {logging_mixin.py:137} INFO - [2022-12-31T20:56:18.569+0100] {dag.py:3423} INFO - Setting next_dagrun for example_xcom_args to None, run_after=None
[2022-12-31T20:56:18.570+0100] {logging_mixin.py:137} INFO - [2022-12-31T20:56:18.569+0100] {dag.py:3423} INFO - Setting next_dagrun for example_xcom_args_with_operators to None, run_after=None
[2022-12-31T20:56:18.575+0100] {processor.py:175} INFO - Processing /Library/Frameworks/Python.framework/Versions/3.11/lib/python3.11/site-packages/airflow/example_dags/example_xcomargs.py took 0.497 seconds
[2022-12-31T20:57:21.670+0100] {processor.py:153} INFO - Started process (PID=93397) to work on /Library/Frameworks/Python.framework/Versions/3.11/lib/python3.11/site-packages/airflow/example_dags/example_xcomargs.py
[2022-12-31T20:57:21.675+0100] {processor.py:743} INFO - Processing file /Library/Frameworks/Python.framework/Versions/3.11/lib/python3.11/site-packages/airflow/example_dags/example_xcomargs.py for tasks to queue
[2022-12-31T20:57:21.675+0100] {logging_mixin.py:137} INFO - [2022-12-31T20:57:21.675+0100] {dagbag.py:538} INFO - Filling up the DagBag from /Library/Frameworks/Python.framework/Versions/3.11/lib/python3.11/site-packages/airflow/example_dags/example_xcomargs.py
[2022-12-31T20:57:21.699+0100] {processor.py:753} INFO - DAG(s) dict_keys(['example_xcom_args_with_operators', 'example_xcom_args']) retrieved from /Library/Frameworks/Python.framework/Versions/3.11/lib/python3.11/site-packages/airflow/example_dags/example_xcomargs.py
[2022-12-31T20:57:22.230+0100] {logging_mixin.py:137} INFO - [2022-12-31T20:57:22.230+0100] {dag.py:2676} INFO - Sync 2 DAGs
[2022-12-31T20:57:22.236+0100] {logging_mixin.py:137} INFO - [2022-12-31T20:57:22.236+0100] {dag.py:3423} INFO - Setting next_dagrun for example_xcom_args to None, run_after=None
[2022-12-31T20:57:22.237+0100] {logging_mixin.py:137} INFO - [2022-12-31T20:57:22.237+0100] {dag.py:3423} INFO - Setting next_dagrun for example_xcom_args_with_operators to None, run_after=None
[2022-12-31T20:57:22.243+0100] {processor.py:175} INFO - Processing /Library/Frameworks/Python.framework/Versions/3.11/lib/python3.11/site-packages/airflow/example_dags/example_xcomargs.py took 0.574 seconds
[2022-12-31T20:58:20.784+0100] {processor.py:153} INFO - Started process (PID=93510) to work on /Library/Frameworks/Python.framework/Versions/3.11/lib/python3.11/site-packages/airflow/example_dags/example_xcomargs.py
[2022-12-31T20:58:20.788+0100] {processor.py:743} INFO - Processing file /Library/Frameworks/Python.framework/Versions/3.11/lib/python3.11/site-packages/airflow/example_dags/example_xcomargs.py for tasks to queue
[2022-12-31T20:58:20.789+0100] {logging_mixin.py:137} INFO - [2022-12-31T20:58:20.789+0100] {dagbag.py:538} INFO - Filling up the DagBag from /Library/Frameworks/Python.framework/Versions/3.11/lib/python3.11/site-packages/airflow/example_dags/example_xcomargs.py
[2022-12-31T20:58:20.809+0100] {processor.py:753} INFO - DAG(s) dict_keys(['example_xcom_args_with_operators', 'example_xcom_args']) retrieved from /Library/Frameworks/Python.framework/Versions/3.11/lib/python3.11/site-packages/airflow/example_dags/example_xcomargs.py
[2022-12-31T20:58:21.207+0100] {logging_mixin.py:137} INFO - [2022-12-31T20:58:21.207+0100] {dag.py:2676} INFO - Sync 2 DAGs
[2022-12-31T20:58:21.212+0100] {logging_mixin.py:137} INFO - [2022-12-31T20:58:21.212+0100] {dag.py:3423} INFO - Setting next_dagrun for example_xcom_args to None, run_after=None
[2022-12-31T20:58:21.213+0100] {logging_mixin.py:137} INFO - [2022-12-31T20:58:21.213+0100] {dag.py:3423} INFO - Setting next_dagrun for example_xcom_args_with_operators to None, run_after=None
[2022-12-31T20:58:21.219+0100] {processor.py:175} INFO - Processing /Library/Frameworks/Python.framework/Versions/3.11/lib/python3.11/site-packages/airflow/example_dags/example_xcomargs.py took 0.435 seconds
[2022-12-31T20:59:22.762+0100] {processor.py:153} INFO - Started process (PID=93658) to work on /Library/Frameworks/Python.framework/Versions/3.11/lib/python3.11/site-packages/airflow/example_dags/example_xcomargs.py
[2022-12-31T20:59:22.764+0100] {processor.py:743} INFO - Processing file /Library/Frameworks/Python.framework/Versions/3.11/lib/python3.11/site-packages/airflow/example_dags/example_xcomargs.py for tasks to queue
[2022-12-31T20:59:22.764+0100] {logging_mixin.py:137} INFO - [2022-12-31T20:59:22.764+0100] {dagbag.py:538} INFO - Filling up the DagBag from /Library/Frameworks/Python.framework/Versions/3.11/lib/python3.11/site-packages/airflow/example_dags/example_xcomargs.py
[2022-12-31T20:59:22.785+0100] {processor.py:753} INFO - DAG(s) dict_keys(['example_xcom_args_with_operators', 'example_xcom_args']) retrieved from /Library/Frameworks/Python.framework/Versions/3.11/lib/python3.11/site-packages/airflow/example_dags/example_xcomargs.py
[2022-12-31T20:59:23.326+0100] {logging_mixin.py:137} INFO - [2022-12-31T20:59:23.326+0100] {dag.py:2676} INFO - Sync 2 DAGs
[2022-12-31T20:59:23.333+0100] {logging_mixin.py:137} INFO - [2022-12-31T20:59:23.332+0100] {dag.py:3423} INFO - Setting next_dagrun for example_xcom_args to None, run_after=None
[2022-12-31T20:59:23.334+0100] {logging_mixin.py:137} INFO - [2022-12-31T20:59:23.334+0100] {dag.py:3423} INFO - Setting next_dagrun for example_xcom_args_with_operators to None, run_after=None
[2022-12-31T20:59:23.341+0100] {processor.py:175} INFO - Processing /Library/Frameworks/Python.framework/Versions/3.11/lib/python3.11/site-packages/airflow/example_dags/example_xcomargs.py took 0.578 seconds
[2022-12-31T21:00:24.575+0100] {processor.py:153} INFO - Started process (PID=93768) to work on /Library/Frameworks/Python.framework/Versions/3.11/lib/python3.11/site-packages/airflow/example_dags/example_xcomargs.py
[2022-12-31T21:00:24.579+0100] {processor.py:743} INFO - Processing file /Library/Frameworks/Python.framework/Versions/3.11/lib/python3.11/site-packages/airflow/example_dags/example_xcomargs.py for tasks to queue
[2022-12-31T21:00:24.580+0100] {logging_mixin.py:137} INFO - [2022-12-31T21:00:24.580+0100] {dagbag.py:538} INFO - Filling up the DagBag from /Library/Frameworks/Python.framework/Versions/3.11/lib/python3.11/site-packages/airflow/example_dags/example_xcomargs.py
[2022-12-31T21:00:24.617+0100] {processor.py:753} INFO - DAG(s) dict_keys(['example_xcom_args', 'example_xcom_args_with_operators']) retrieved from /Library/Frameworks/Python.framework/Versions/3.11/lib/python3.11/site-packages/airflow/example_dags/example_xcomargs.py
[2022-12-31T21:00:25.198+0100] {logging_mixin.py:137} INFO - [2022-12-31T21:00:25.198+0100] {dag.py:2676} INFO - Sync 2 DAGs
[2022-12-31T21:00:25.206+0100] {logging_mixin.py:137} INFO - [2022-12-31T21:00:25.206+0100] {dag.py:3423} INFO - Setting next_dagrun for example_xcom_args to None, run_after=None
[2022-12-31T21:00:25.207+0100] {logging_mixin.py:137} INFO - [2022-12-31T21:00:25.207+0100] {dag.py:3423} INFO - Setting next_dagrun for example_xcom_args_with_operators to None, run_after=None
[2022-12-31T21:00:25.214+0100] {processor.py:175} INFO - Processing /Library/Frameworks/Python.framework/Versions/3.11/lib/python3.11/site-packages/airflow/example_dags/example_xcomargs.py took 0.640 seconds
[2022-12-31T21:01:26.098+0100] {processor.py:153} INFO - Started process (PID=93911) to work on /Library/Frameworks/Python.framework/Versions/3.11/lib/python3.11/site-packages/airflow/example_dags/example_xcomargs.py
[2022-12-31T21:01:26.105+0100] {processor.py:743} INFO - Processing file /Library/Frameworks/Python.framework/Versions/3.11/lib/python3.11/site-packages/airflow/example_dags/example_xcomargs.py for tasks to queue
[2022-12-31T21:01:26.105+0100] {logging_mixin.py:137} INFO - [2022-12-31T21:01:26.105+0100] {dagbag.py:538} INFO - Filling up the DagBag from /Library/Frameworks/Python.framework/Versions/3.11/lib/python3.11/site-packages/airflow/example_dags/example_xcomargs.py
[2022-12-31T21:01:26.140+0100] {processor.py:753} INFO - DAG(s) dict_keys(['example_xcom_args', 'example_xcom_args_with_operators']) retrieved from /Library/Frameworks/Python.framework/Versions/3.11/lib/python3.11/site-packages/airflow/example_dags/example_xcomargs.py
[2022-12-31T21:01:26.574+0100] {logging_mixin.py:137} INFO - [2022-12-31T21:01:26.574+0100] {dag.py:2676} INFO - Sync 2 DAGs
[2022-12-31T21:01:26.579+0100] {logging_mixin.py:137} INFO - [2022-12-31T21:01:26.579+0100] {dag.py:3423} INFO - Setting next_dagrun for example_xcom_args to None, run_after=None
[2022-12-31T21:01:26.580+0100] {logging_mixin.py:137} INFO - [2022-12-31T21:01:26.580+0100] {dag.py:3423} INFO - Setting next_dagrun for example_xcom_args_with_operators to None, run_after=None
[2022-12-31T21:01:26.585+0100] {processor.py:175} INFO - Processing /Library/Frameworks/Python.framework/Versions/3.11/lib/python3.11/site-packages/airflow/example_dags/example_xcomargs.py took 0.488 seconds
[2022-12-31T21:02:25.549+0100] {processor.py:153} INFO - Started process (PID=94094) to work on /Library/Frameworks/Python.framework/Versions/3.11/lib/python3.11/site-packages/airflow/example_dags/example_xcomargs.py
[2022-12-31T21:02:25.553+0100] {processor.py:743} INFO - Processing file /Library/Frameworks/Python.framework/Versions/3.11/lib/python3.11/site-packages/airflow/example_dags/example_xcomargs.py for tasks to queue
[2022-12-31T21:02:25.553+0100] {logging_mixin.py:137} INFO - [2022-12-31T21:02:25.553+0100] {dagbag.py:538} INFO - Filling up the DagBag from /Library/Frameworks/Python.framework/Versions/3.11/lib/python3.11/site-packages/airflow/example_dags/example_xcomargs.py
[2022-12-31T21:02:25.605+0100] {processor.py:753} INFO - DAG(s) dict_keys(['example_xcom_args', 'example_xcom_args_with_operators']) retrieved from /Library/Frameworks/Python.framework/Versions/3.11/lib/python3.11/site-packages/airflow/example_dags/example_xcomargs.py
[2022-12-31T21:02:26.431+0100] {logging_mixin.py:137} INFO - [2022-12-31T21:02:26.431+0100] {dag.py:2676} INFO - Sync 2 DAGs
[2022-12-31T21:02:26.439+0100] {logging_mixin.py:137} INFO - [2022-12-31T21:02:26.439+0100] {dag.py:3423} INFO - Setting next_dagrun for example_xcom_args to None, run_after=None
[2022-12-31T21:02:26.440+0100] {logging_mixin.py:137} INFO - [2022-12-31T21:02:26.440+0100] {dag.py:3423} INFO - Setting next_dagrun for example_xcom_args_with_operators to None, run_after=None
[2022-12-31T21:02:26.447+0100] {processor.py:175} INFO - Processing /Library/Frameworks/Python.framework/Versions/3.11/lib/python3.11/site-packages/airflow/example_dags/example_xcomargs.py took 0.898 seconds
[2022-12-31T21:03:29.637+0100] {processor.py:153} INFO - Started process (PID=94301) to work on /Library/Frameworks/Python.framework/Versions/3.11/lib/python3.11/site-packages/airflow/example_dags/example_xcomargs.py
[2022-12-31T21:03:29.641+0100] {processor.py:743} INFO - Processing file /Library/Frameworks/Python.framework/Versions/3.11/lib/python3.11/site-packages/airflow/example_dags/example_xcomargs.py for tasks to queue
[2022-12-31T21:03:29.641+0100] {logging_mixin.py:137} INFO - [2022-12-31T21:03:29.641+0100] {dagbag.py:538} INFO - Filling up the DagBag from /Library/Frameworks/Python.framework/Versions/3.11/lib/python3.11/site-packages/airflow/example_dags/example_xcomargs.py
[2022-12-31T21:03:29.677+0100] {processor.py:753} INFO - DAG(s) dict_keys(['example_xcom_args', 'example_xcom_args_with_operators']) retrieved from /Library/Frameworks/Python.framework/Versions/3.11/lib/python3.11/site-packages/airflow/example_dags/example_xcomargs.py
[2022-12-31T21:03:30.201+0100] {logging_mixin.py:137} INFO - [2022-12-31T21:03:30.201+0100] {dag.py:2676} INFO - Sync 2 DAGs
[2022-12-31T21:03:30.208+0100] {logging_mixin.py:137} INFO - [2022-12-31T21:03:30.208+0100] {dag.py:3423} INFO - Setting next_dagrun for example_xcom_args to None, run_after=None
[2022-12-31T21:03:30.209+0100] {logging_mixin.py:137} INFO - [2022-12-31T21:03:30.209+0100] {dag.py:3423} INFO - Setting next_dagrun for example_xcom_args_with_operators to None, run_after=None
[2022-12-31T21:03:30.215+0100] {processor.py:175} INFO - Processing /Library/Frameworks/Python.framework/Versions/3.11/lib/python3.11/site-packages/airflow/example_dags/example_xcomargs.py took 0.580 seconds
[2022-12-31T21:04:34.522+0100] {processor.py:153} INFO - Started process (PID=94425) to work on /Library/Frameworks/Python.framework/Versions/3.11/lib/python3.11/site-packages/airflow/example_dags/example_xcomargs.py
[2022-12-31T21:04:34.527+0100] {processor.py:743} INFO - Processing file /Library/Frameworks/Python.framework/Versions/3.11/lib/python3.11/site-packages/airflow/example_dags/example_xcomargs.py for tasks to queue
[2022-12-31T21:04:34.527+0100] {logging_mixin.py:137} INFO - [2022-12-31T21:04:34.527+0100] {dagbag.py:538} INFO - Filling up the DagBag from /Library/Frameworks/Python.framework/Versions/3.11/lib/python3.11/site-packages/airflow/example_dags/example_xcomargs.py
[2022-12-31T21:04:34.548+0100] {processor.py:753} INFO - DAG(s) dict_keys(['example_xcom_args_with_operators', 'example_xcom_args']) retrieved from /Library/Frameworks/Python.framework/Versions/3.11/lib/python3.11/site-packages/airflow/example_dags/example_xcomargs.py
[2022-12-31T21:04:35.036+0100] {logging_mixin.py:137} INFO - [2022-12-31T21:04:35.036+0100] {dag.py:2676} INFO - Sync 2 DAGs
[2022-12-31T21:04:35.042+0100] {logging_mixin.py:137} INFO - [2022-12-31T21:04:35.042+0100] {dag.py:3423} INFO - Setting next_dagrun for example_xcom_args to None, run_after=None
[2022-12-31T21:04:35.043+0100] {logging_mixin.py:137} INFO - [2022-12-31T21:04:35.043+0100] {dag.py:3423} INFO - Setting next_dagrun for example_xcom_args_with_operators to None, run_after=None
[2022-12-31T21:04:35.052+0100] {processor.py:175} INFO - Processing /Library/Frameworks/Python.framework/Versions/3.11/lib/python3.11/site-packages/airflow/example_dags/example_xcomargs.py took 0.531 seconds
[2022-12-31T21:05:33.494+0100] {processor.py:153} INFO - Started process (PID=94538) to work on /Library/Frameworks/Python.framework/Versions/3.11/lib/python3.11/site-packages/airflow/example_dags/example_xcomargs.py
[2022-12-31T21:05:33.498+0100] {processor.py:743} INFO - Processing file /Library/Frameworks/Python.framework/Versions/3.11/lib/python3.11/site-packages/airflow/example_dags/example_xcomargs.py for tasks to queue
[2022-12-31T21:05:33.498+0100] {logging_mixin.py:137} INFO - [2022-12-31T21:05:33.498+0100] {dagbag.py:538} INFO - Filling up the DagBag from /Library/Frameworks/Python.framework/Versions/3.11/lib/python3.11/site-packages/airflow/example_dags/example_xcomargs.py
[2022-12-31T21:05:33.534+0100] {processor.py:753} INFO - DAG(s) dict_keys(['example_xcom_args_with_operators', 'example_xcom_args']) retrieved from /Library/Frameworks/Python.framework/Versions/3.11/lib/python3.11/site-packages/airflow/example_dags/example_xcomargs.py
[2022-12-31T21:05:34.041+0100] {logging_mixin.py:137} INFO - [2022-12-31T21:05:34.041+0100] {dag.py:2676} INFO - Sync 2 DAGs
[2022-12-31T21:05:34.047+0100] {logging_mixin.py:137} INFO - [2022-12-31T21:05:34.047+0100] {dag.py:3423} INFO - Setting next_dagrun for example_xcom_args to None, run_after=None
[2022-12-31T21:05:34.048+0100] {logging_mixin.py:137} INFO - [2022-12-31T21:05:34.048+0100] {dag.py:3423} INFO - Setting next_dagrun for example_xcom_args_with_operators to None, run_after=None
[2022-12-31T21:05:34.058+0100] {processor.py:175} INFO - Processing /Library/Frameworks/Python.framework/Versions/3.11/lib/python3.11/site-packages/airflow/example_dags/example_xcomargs.py took 0.565 seconds
[2022-12-31T21:06:27.563+0100] {processor.py:153} INFO - Started process (PID=94654) to work on /Library/Frameworks/Python.framework/Versions/3.11/lib/python3.11/site-packages/airflow/example_dags/example_xcomargs.py
[2022-12-31T21:06:27.568+0100] {processor.py:743} INFO - Processing file /Library/Frameworks/Python.framework/Versions/3.11/lib/python3.11/site-packages/airflow/example_dags/example_xcomargs.py for tasks to queue
[2022-12-31T21:06:27.568+0100] {logging_mixin.py:137} INFO - [2022-12-31T21:06:27.568+0100] {dagbag.py:538} INFO - Filling up the DagBag from /Library/Frameworks/Python.framework/Versions/3.11/lib/python3.11/site-packages/airflow/example_dags/example_xcomargs.py
[2022-12-31T21:06:27.591+0100] {processor.py:753} INFO - DAG(s) dict_keys(['example_xcom_args_with_operators', 'example_xcom_args']) retrieved from /Library/Frameworks/Python.framework/Versions/3.11/lib/python3.11/site-packages/airflow/example_dags/example_xcomargs.py
[2022-12-31T21:06:28.006+0100] {logging_mixin.py:137} INFO - [2022-12-31T21:06:28.006+0100] {dag.py:2676} INFO - Sync 2 DAGs
[2022-12-31T21:06:28.011+0100] {logging_mixin.py:137} INFO - [2022-12-31T21:06:28.011+0100] {dag.py:3423} INFO - Setting next_dagrun for example_xcom_args to None, run_after=None
[2022-12-31T21:06:28.012+0100] {logging_mixin.py:137} INFO - [2022-12-31T21:06:28.012+0100] {dag.py:3423} INFO - Setting next_dagrun for example_xcom_args_with_operators to None, run_after=None
[2022-12-31T21:06:28.018+0100] {processor.py:175} INFO - Processing /Library/Frameworks/Python.framework/Versions/3.11/lib/python3.11/site-packages/airflow/example_dags/example_xcomargs.py took 0.456 seconds
[2022-12-31T21:07:21.436+0100] {processor.py:153} INFO - Started process (PID=94757) to work on /Library/Frameworks/Python.framework/Versions/3.11/lib/python3.11/site-packages/airflow/example_dags/example_xcomargs.py
[2022-12-31T21:07:21.446+0100] {processor.py:743} INFO - Processing file /Library/Frameworks/Python.framework/Versions/3.11/lib/python3.11/site-packages/airflow/example_dags/example_xcomargs.py for tasks to queue
[2022-12-31T21:07:21.447+0100] {logging_mixin.py:137} INFO - [2022-12-31T21:07:21.446+0100] {dagbag.py:538} INFO - Filling up the DagBag from /Library/Frameworks/Python.framework/Versions/3.11/lib/python3.11/site-packages/airflow/example_dags/example_xcomargs.py
[2022-12-31T21:07:21.467+0100] {processor.py:753} INFO - DAG(s) dict_keys(['example_xcom_args', 'example_xcom_args_with_operators']) retrieved from /Library/Frameworks/Python.framework/Versions/3.11/lib/python3.11/site-packages/airflow/example_dags/example_xcomargs.py
[2022-12-31T21:07:21.894+0100] {logging_mixin.py:137} INFO - [2022-12-31T21:07:21.894+0100] {dag.py:2676} INFO - Sync 2 DAGs
[2022-12-31T21:07:21.900+0100] {logging_mixin.py:137} INFO - [2022-12-31T21:07:21.900+0100] {dag.py:3423} INFO - Setting next_dagrun for example_xcom_args to None, run_after=None
[2022-12-31T21:07:21.901+0100] {logging_mixin.py:137} INFO - [2022-12-31T21:07:21.901+0100] {dag.py:3423} INFO - Setting next_dagrun for example_xcom_args_with_operators to None, run_after=None
[2022-12-31T21:07:21.908+0100] {processor.py:175} INFO - Processing /Library/Frameworks/Python.framework/Versions/3.11/lib/python3.11/site-packages/airflow/example_dags/example_xcomargs.py took 0.472 seconds
[2022-12-31T21:08:19.615+0100] {processor.py:153} INFO - Started process (PID=94917) to work on /Library/Frameworks/Python.framework/Versions/3.11/lib/python3.11/site-packages/airflow/example_dags/example_xcomargs.py
[2022-12-31T21:08:19.619+0100] {processor.py:743} INFO - Processing file /Library/Frameworks/Python.framework/Versions/3.11/lib/python3.11/site-packages/airflow/example_dags/example_xcomargs.py for tasks to queue
[2022-12-31T21:08:19.619+0100] {logging_mixin.py:137} INFO - [2022-12-31T21:08:19.619+0100] {dagbag.py:538} INFO - Filling up the DagBag from /Library/Frameworks/Python.framework/Versions/3.11/lib/python3.11/site-packages/airflow/example_dags/example_xcomargs.py
[2022-12-31T21:08:19.652+0100] {processor.py:753} INFO - DAG(s) dict_keys(['example_xcom_args', 'example_xcom_args_with_operators']) retrieved from /Library/Frameworks/Python.framework/Versions/3.11/lib/python3.11/site-packages/airflow/example_dags/example_xcomargs.py
[2022-12-31T21:08:20.150+0100] {logging_mixin.py:137} INFO - [2022-12-31T21:08:20.150+0100] {dag.py:2676} INFO - Sync 2 DAGs
[2022-12-31T21:08:20.157+0100] {logging_mixin.py:137} INFO - [2022-12-31T21:08:20.157+0100] {dag.py:3423} INFO - Setting next_dagrun for example_xcom_args to None, run_after=None
[2022-12-31T21:08:20.158+0100] {logging_mixin.py:137} INFO - [2022-12-31T21:08:20.158+0100] {dag.py:3423} INFO - Setting next_dagrun for example_xcom_args_with_operators to None, run_after=None
[2022-12-31T21:08:20.164+0100] {processor.py:175} INFO - Processing /Library/Frameworks/Python.framework/Versions/3.11/lib/python3.11/site-packages/airflow/example_dags/example_xcomargs.py took 0.551 seconds
[2022-12-31 20:08:38,968] {scheduler_job.py:182} INFO - Started process (PID=75) to work on /home/airflow/.local/lib/python3.6/site-packages/airflow/example_dags/example_xcomargs.py
[2022-12-31 20:08:38,979] {scheduler_job.py:629} INFO - Processing file /home/airflow/.local/lib/python3.6/site-packages/airflow/example_dags/example_xcomargs.py for tasks to queue
[2022-12-31 20:08:38,987] {logging_mixin.py:104} INFO - [2022-12-31 20:08:38,987] {dagbag.py:451} INFO - Filling up the DagBag from /home/airflow/.local/lib/python3.6/site-packages/airflow/example_dags/example_xcomargs.py
[2022-12-31 20:08:39,475] {scheduler_job.py:639} INFO - DAG(s) dict_keys(['example_xcom_args', 'example_xcom_args_with_operators']) retrieved from /home/airflow/.local/lib/python3.6/site-packages/airflow/example_dags/example_xcomargs.py
[2022-12-31 20:08:39,646] {logging_mixin.py:104} INFO - [2022-12-31 20:08:39,646] {dag.py:1824} INFO - Sync 2 DAGs
[2022-12-31 20:08:39,789] {logging_mixin.py:104} INFO - [2022-12-31 20:08:39,789] {dag.py:2280} INFO - Setting next_dagrun for example_xcom_args to None
[2022-12-31 20:08:39,800] {logging_mixin.py:104} INFO - [2022-12-31 20:08:39,800] {dag.py:2280} INFO - Setting next_dagrun for example_xcom_args_with_operators to None
[2022-12-31 20:08:39,964] {scheduler_job.py:190} INFO - Processing /home/airflow/.local/lib/python3.6/site-packages/airflow/example_dags/example_xcomargs.py took 1.016 seconds
[2022-12-31 20:09:10,129] {scheduler_job.py:182} INFO - Started process (PID=128) to work on /home/airflow/.local/lib/python3.6/site-packages/airflow/example_dags/example_xcomargs.py
[2022-12-31 20:09:10,134] {scheduler_job.py:629} INFO - Processing file /home/airflow/.local/lib/python3.6/site-packages/airflow/example_dags/example_xcomargs.py for tasks to queue
[2022-12-31 20:09:10,138] {logging_mixin.py:104} INFO - [2022-12-31 20:09:10,138] {dagbag.py:451} INFO - Filling up the DagBag from /home/airflow/.local/lib/python3.6/site-packages/airflow/example_dags/example_xcomargs.py
[2022-12-31 20:09:10,187] {scheduler_job.py:639} INFO - DAG(s) dict_keys(['example_xcom_args', 'example_xcom_args_with_operators']) retrieved from /home/airflow/.local/lib/python3.6/site-packages/airflow/example_dags/example_xcomargs.py
[2022-12-31 20:09:10,269] {logging_mixin.py:104} INFO - [2022-12-31 20:09:10,269] {dag.py:1824} INFO - Sync 2 DAGs
[2022-12-31 20:09:10,316] {logging_mixin.py:104} INFO - [2022-12-31 20:09:10,315] {dag.py:2280} INFO - Setting next_dagrun for example_xcom_args to None
[2022-12-31 20:09:10,319] {logging_mixin.py:104} INFO - [2022-12-31 20:09:10,319] {dag.py:2280} INFO - Setting next_dagrun for example_xcom_args_with_operators to None
[2022-12-31 20:09:10,372] {scheduler_job.py:190} INFO - Processing /home/airflow/.local/lib/python3.6/site-packages/airflow/example_dags/example_xcomargs.py took 0.250 seconds
[2022-12-31T21:09:19.424+0100] {processor.py:153} INFO - Started process (PID=95055) to work on /Library/Frameworks/Python.framework/Versions/3.11/lib/python3.11/site-packages/airflow/example_dags/example_xcomargs.py
[2022-12-31T21:09:19.428+0100] {processor.py:743} INFO - Processing file /Library/Frameworks/Python.framework/Versions/3.11/lib/python3.11/site-packages/airflow/example_dags/example_xcomargs.py for tasks to queue
[2022-12-31T21:09:19.428+0100] {logging_mixin.py:137} INFO - [2022-12-31T21:09:19.428+0100] {dagbag.py:538} INFO - Filling up the DagBag from /Library/Frameworks/Python.framework/Versions/3.11/lib/python3.11/site-packages/airflow/example_dags/example_xcomargs.py
[2022-12-31T21:09:19.451+0100] {processor.py:753} INFO - DAG(s) dict_keys(['example_xcom_args', 'example_xcom_args_with_operators']) retrieved from /Library/Frameworks/Python.framework/Versions/3.11/lib/python3.11/site-packages/airflow/example_dags/example_xcomargs.py
[2022-12-31T21:09:20.004+0100] {logging_mixin.py:137} INFO - [2022-12-31T21:09:20.004+0100] {dag.py:2676} INFO - Sync 2 DAGs
[2022-12-31T21:09:20.010+0100] {logging_mixin.py:137} INFO - [2022-12-31T21:09:20.010+0100] {dag.py:3423} INFO - Setting next_dagrun for example_xcom_args to None, run_after=None
[2022-12-31T21:09:20.011+0100] {logging_mixin.py:137} INFO - [2022-12-31T21:09:20.011+0100] {dag.py:3423} INFO - Setting next_dagrun for example_xcom_args_with_operators to None, run_after=None
[2022-12-31T21:09:20.018+0100] {processor.py:175} INFO - Processing /Library/Frameworks/Python.framework/Versions/3.11/lib/python3.11/site-packages/airflow/example_dags/example_xcomargs.py took 0.595 seconds
[2022-12-31 20:09:41,461] {scheduler_job.py:182} INFO - Started process (PID=182) to work on /home/airflow/.local/lib/python3.6/site-packages/airflow/example_dags/example_xcomargs.py
[2022-12-31 20:09:41,468] {scheduler_job.py:629} INFO - Processing file /home/airflow/.local/lib/python3.6/site-packages/airflow/example_dags/example_xcomargs.py for tasks to queue
[2022-12-31 20:09:41,474] {logging_mixin.py:104} INFO - [2022-12-31 20:09:41,473] {dagbag.py:451} INFO - Filling up the DagBag from /home/airflow/.local/lib/python3.6/site-packages/airflow/example_dags/example_xcomargs.py
[2022-12-31 20:09:41,580] {scheduler_job.py:639} INFO - DAG(s) dict_keys(['example_xcom_args', 'example_xcom_args_with_operators']) retrieved from /home/airflow/.local/lib/python3.6/site-packages/airflow/example_dags/example_xcomargs.py
[2022-12-31 20:09:41,798] {logging_mixin.py:104} INFO - [2022-12-31 20:09:41,797] {dag.py:1824} INFO - Sync 2 DAGs
[2022-12-31 20:09:41,891] {logging_mixin.py:104} INFO - [2022-12-31 20:09:41,890] {dag.py:2280} INFO - Setting next_dagrun for example_xcom_args to None
[2022-12-31 20:09:41,914] {logging_mixin.py:104} INFO - [2022-12-31 20:09:41,913] {dag.py:2280} INFO - Setting next_dagrun for example_xcom_args_with_operators to None
[2022-12-31 20:09:41,991] {scheduler_job.py:190} INFO - Processing /home/airflow/.local/lib/python3.6/site-packages/airflow/example_dags/example_xcomargs.py took 0.548 seconds
[2022-12-31T21:10:21.728+0100] {processor.py:153} INFO - Started process (PID=95227) to work on /Library/Frameworks/Python.framework/Versions/3.11/lib/python3.11/site-packages/airflow/example_dags/example_xcomargs.py
[2022-12-31T21:10:21.733+0100] {processor.py:743} INFO - Processing file /Library/Frameworks/Python.framework/Versions/3.11/lib/python3.11/site-packages/airflow/example_dags/example_xcomargs.py for tasks to queue
[2022-12-31T21:10:21.734+0100] {logging_mixin.py:137} INFO - [2022-12-31T21:10:21.734+0100] {dagbag.py:538} INFO - Filling up the DagBag from /Library/Frameworks/Python.framework/Versions/3.11/lib/python3.11/site-packages/airflow/example_dags/example_xcomargs.py
[2022-12-31T21:10:21.758+0100] {processor.py:753} INFO - DAG(s) dict_keys(['example_xcom_args', 'example_xcom_args_with_operators']) retrieved from /Library/Frameworks/Python.framework/Versions/3.11/lib/python3.11/site-packages/airflow/example_dags/example_xcomargs.py
[2022-12-31T21:10:22.169+0100] {logging_mixin.py:137} INFO - [2022-12-31T21:10:22.169+0100] {dag.py:2676} INFO - Sync 2 DAGs
[2022-12-31T21:10:22.175+0100] {logging_mixin.py:137} INFO - [2022-12-31T21:10:22.175+0100] {dag.py:3423} INFO - Setting next_dagrun for example_xcom_args to None, run_after=None
[2022-12-31T21:10:22.175+0100] {logging_mixin.py:137} INFO - [2022-12-31T21:10:22.175+0100] {dag.py:3423} INFO - Setting next_dagrun for example_xcom_args_with_operators to None, run_after=None
[2022-12-31T21:10:22.181+0100] {processor.py:175} INFO - Processing /Library/Frameworks/Python.framework/Versions/3.11/lib/python3.11/site-packages/airflow/example_dags/example_xcomargs.py took 0.454 seconds
[2022-12-31T21:11:23.853+0100] {processor.py:153} INFO - Started process (PID=95414) to work on /Library/Frameworks/Python.framework/Versions/3.11/lib/python3.11/site-packages/airflow/example_dags/example_xcomargs.py
[2022-12-31T21:11:23.855+0100] {processor.py:743} INFO - Processing file /Library/Frameworks/Python.framework/Versions/3.11/lib/python3.11/site-packages/airflow/example_dags/example_xcomargs.py for tasks to queue
[2022-12-31T21:11:23.855+0100] {logging_mixin.py:137} INFO - [2022-12-31T21:11:23.855+0100] {dagbag.py:538} INFO - Filling up the DagBag from /Library/Frameworks/Python.framework/Versions/3.11/lib/python3.11/site-packages/airflow/example_dags/example_xcomargs.py
[2022-12-31T21:11:23.891+0100] {processor.py:753} INFO - DAG(s) dict_keys(['example_xcom_args_with_operators', 'example_xcom_args']) retrieved from /Library/Frameworks/Python.framework/Versions/3.11/lib/python3.11/site-packages/airflow/example_dags/example_xcomargs.py
[2022-12-31T21:11:24.409+0100] {logging_mixin.py:137} INFO - [2022-12-31T21:11:24.409+0100] {dag.py:2676} INFO - Sync 2 DAGs
[2022-12-31T21:11:24.416+0100] {logging_mixin.py:137} INFO - [2022-12-31T21:11:24.416+0100] {dag.py:3423} INFO - Setting next_dagrun for example_xcom_args to None, run_after=None
[2022-12-31T21:11:24.417+0100] {logging_mixin.py:137} INFO - [2022-12-31T21:11:24.417+0100] {dag.py:3423} INFO - Setting next_dagrun for example_xcom_args_with_operators to None, run_after=None
[2022-12-31T21:11:24.423+0100] {processor.py:175} INFO - Processing /Library/Frameworks/Python.framework/Versions/3.11/lib/python3.11/site-packages/airflow/example_dags/example_xcomargs.py took 0.571 seconds
[2022-12-31T21:12:25.479+0100] {processor.py:153} INFO - Started process (PID=95541) to work on /Library/Frameworks/Python.framework/Versions/3.11/lib/python3.11/site-packages/airflow/example_dags/example_xcomargs.py
[2022-12-31T21:12:25.482+0100] {processor.py:743} INFO - Processing file /Library/Frameworks/Python.framework/Versions/3.11/lib/python3.11/site-packages/airflow/example_dags/example_xcomargs.py for tasks to queue
[2022-12-31T21:12:25.482+0100] {logging_mixin.py:137} INFO - [2022-12-31T21:12:25.482+0100] {dagbag.py:538} INFO - Filling up the DagBag from /Library/Frameworks/Python.framework/Versions/3.11/lib/python3.11/site-packages/airflow/example_dags/example_xcomargs.py
[2022-12-31T21:12:25.529+0100] {processor.py:753} INFO - DAG(s) dict_keys(['example_xcom_args', 'example_xcom_args_with_operators']) retrieved from /Library/Frameworks/Python.framework/Versions/3.11/lib/python3.11/site-packages/airflow/example_dags/example_xcomargs.py
[2022-12-31T21:12:25.992+0100] {logging_mixin.py:137} INFO - [2022-12-31T21:12:25.991+0100] {dag.py:2676} INFO - Sync 2 DAGs
[2022-12-31T21:12:25.998+0100] {logging_mixin.py:137} INFO - [2022-12-31T21:12:25.998+0100] {dag.py:3423} INFO - Setting next_dagrun for example_xcom_args to None, run_after=None
[2022-12-31T21:12:25.999+0100] {logging_mixin.py:137} INFO - [2022-12-31T21:12:25.999+0100] {dag.py:3423} INFO - Setting next_dagrun for example_xcom_args_with_operators to None, run_after=None
[2022-12-31T21:12:26.005+0100] {processor.py:175} INFO - Processing /Library/Frameworks/Python.framework/Versions/3.11/lib/python3.11/site-packages/airflow/example_dags/example_xcomargs.py took 0.529 seconds
[2022-12-31T21:13:33.781+0100] {processor.py:153} INFO - Started process (PID=95676) to work on /Library/Frameworks/Python.framework/Versions/3.11/lib/python3.11/site-packages/airflow/example_dags/example_xcomargs.py
[2022-12-31T21:13:33.791+0100] {processor.py:743} INFO - Processing file /Library/Frameworks/Python.framework/Versions/3.11/lib/python3.11/site-packages/airflow/example_dags/example_xcomargs.py for tasks to queue
[2022-12-31T21:13:33.791+0100] {logging_mixin.py:137} INFO - [2022-12-31T21:13:33.791+0100] {dagbag.py:538} INFO - Filling up the DagBag from /Library/Frameworks/Python.framework/Versions/3.11/lib/python3.11/site-packages/airflow/example_dags/example_xcomargs.py
[2022-12-31T21:13:33.832+0100] {processor.py:753} INFO - DAG(s) dict_keys(['example_xcom_args', 'example_xcom_args_with_operators']) retrieved from /Library/Frameworks/Python.framework/Versions/3.11/lib/python3.11/site-packages/airflow/example_dags/example_xcomargs.py
[2022-12-31T21:13:34.347+0100] {logging_mixin.py:137} INFO - [2022-12-31T21:13:34.347+0100] {dag.py:2676} INFO - Sync 2 DAGs
[2022-12-31T21:13:34.353+0100] {logging_mixin.py:137} INFO - [2022-12-31T21:13:34.353+0100] {dag.py:3423} INFO - Setting next_dagrun for example_xcom_args to None, run_after=None
[2022-12-31T21:13:34.354+0100] {logging_mixin.py:137} INFO - [2022-12-31T21:13:34.354+0100] {dag.py:3423} INFO - Setting next_dagrun for example_xcom_args_with_operators to None, run_after=None
[2022-12-31T21:13:34.360+0100] {processor.py:175} INFO - Processing /Library/Frameworks/Python.framework/Versions/3.11/lib/python3.11/site-packages/airflow/example_dags/example_xcomargs.py took 0.579 seconds
[2022-12-31T21:14:35.953+0100] {processor.py:153} INFO - Started process (PID=95806) to work on /Library/Frameworks/Python.framework/Versions/3.11/lib/python3.11/site-packages/airflow/example_dags/example_xcomargs.py
[2022-12-31T21:14:35.968+0100] {processor.py:743} INFO - Processing file /Library/Frameworks/Python.framework/Versions/3.11/lib/python3.11/site-packages/airflow/example_dags/example_xcomargs.py for tasks to queue
[2022-12-31T21:14:35.969+0100] {logging_mixin.py:137} INFO - [2022-12-31T21:14:35.969+0100] {dagbag.py:538} INFO - Filling up the DagBag from /Library/Frameworks/Python.framework/Versions/3.11/lib/python3.11/site-packages/airflow/example_dags/example_xcomargs.py
[2022-12-31T21:14:35.990+0100] {processor.py:753} INFO - DAG(s) dict_keys(['example_xcom_args', 'example_xcom_args_with_operators']) retrieved from /Library/Frameworks/Python.framework/Versions/3.11/lib/python3.11/site-packages/airflow/example_dags/example_xcomargs.py
[2022-12-31T21:14:36.425+0100] {logging_mixin.py:137} INFO - [2022-12-31T21:14:36.425+0100] {dag.py:2676} INFO - Sync 2 DAGs
[2022-12-31T21:14:36.431+0100] {logging_mixin.py:137} INFO - [2022-12-31T21:14:36.431+0100] {dag.py:3423} INFO - Setting next_dagrun for example_xcom_args to None, run_after=None
[2022-12-31T21:14:36.432+0100] {logging_mixin.py:137} INFO - [2022-12-31T21:14:36.432+0100] {dag.py:3423} INFO - Setting next_dagrun for example_xcom_args_with_operators to None, run_after=None
[2022-12-31T21:14:36.438+0100] {processor.py:175} INFO - Processing /Library/Frameworks/Python.framework/Versions/3.11/lib/python3.11/site-packages/airflow/example_dags/example_xcomargs.py took 0.485 seconds
[2022-12-31T21:15:31.385+0100] {processor.py:153} INFO - Started process (PID=95970) to work on /Library/Frameworks/Python.framework/Versions/3.11/lib/python3.11/site-packages/airflow/example_dags/example_xcomargs.py
[2022-12-31T21:15:31.388+0100] {processor.py:743} INFO - Processing file /Library/Frameworks/Python.framework/Versions/3.11/lib/python3.11/site-packages/airflow/example_dags/example_xcomargs.py for tasks to queue
[2022-12-31T21:15:31.388+0100] {logging_mixin.py:137} INFO - [2022-12-31T21:15:31.388+0100] {dagbag.py:538} INFO - Filling up the DagBag from /Library/Frameworks/Python.framework/Versions/3.11/lib/python3.11/site-packages/airflow/example_dags/example_xcomargs.py
[2022-12-31T21:15:31.429+0100] {processor.py:753} INFO - DAG(s) dict_keys(['example_xcom_args', 'example_xcom_args_with_operators']) retrieved from /Library/Frameworks/Python.framework/Versions/3.11/lib/python3.11/site-packages/airflow/example_dags/example_xcomargs.py
[2022-12-31T21:15:32.408+0100] {logging_mixin.py:137} INFO - [2022-12-31T21:15:32.408+0100] {dag.py:2676} INFO - Sync 2 DAGs
[2022-12-31T21:15:32.419+0100] {logging_mixin.py:137} INFO - [2022-12-31T21:15:32.419+0100] {dag.py:3423} INFO - Setting next_dagrun for example_xcom_args to None, run_after=None
[2022-12-31T21:15:32.427+0100] {logging_mixin.py:137} INFO - [2022-12-31T21:15:32.426+0100] {dag.py:3423} INFO - Setting next_dagrun for example_xcom_args_with_operators to None, run_after=None
[2022-12-31T21:15:32.448+0100] {processor.py:175} INFO - Processing /Library/Frameworks/Python.framework/Versions/3.11/lib/python3.11/site-packages/airflow/example_dags/example_xcomargs.py took 1.064 seconds
[2022-12-31T21:16:27.809+0100] {processor.py:153} INFO - Started process (PID=96083) to work on /Library/Frameworks/Python.framework/Versions/3.11/lib/python3.11/site-packages/airflow/example_dags/example_xcomargs.py
[2022-12-31T21:16:27.814+0100] {processor.py:743} INFO - Processing file /Library/Frameworks/Python.framework/Versions/3.11/lib/python3.11/site-packages/airflow/example_dags/example_xcomargs.py for tasks to queue
[2022-12-31T21:16:27.815+0100] {logging_mixin.py:137} INFO - [2022-12-31T21:16:27.815+0100] {dagbag.py:538} INFO - Filling up the DagBag from /Library/Frameworks/Python.framework/Versions/3.11/lib/python3.11/site-packages/airflow/example_dags/example_xcomargs.py
[2022-12-31T21:16:27.843+0100] {processor.py:753} INFO - DAG(s) dict_keys(['example_xcom_args_with_operators', 'example_xcom_args']) retrieved from /Library/Frameworks/Python.framework/Versions/3.11/lib/python3.11/site-packages/airflow/example_dags/example_xcomargs.py
[2022-12-31T21:16:28.239+0100] {logging_mixin.py:137} INFO - [2022-12-31T21:16:28.239+0100] {dag.py:2676} INFO - Sync 2 DAGs
[2022-12-31T21:16:28.245+0100] {logging_mixin.py:137} INFO - [2022-12-31T21:16:28.245+0100] {dag.py:3423} INFO - Setting next_dagrun for example_xcom_args to None, run_after=None
[2022-12-31T21:16:28.246+0100] {logging_mixin.py:137} INFO - [2022-12-31T21:16:28.246+0100] {dag.py:3423} INFO - Setting next_dagrun for example_xcom_args_with_operators to None, run_after=None
[2022-12-31T21:16:28.252+0100] {processor.py:175} INFO - Processing /Library/Frameworks/Python.framework/Versions/3.11/lib/python3.11/site-packages/airflow/example_dags/example_xcomargs.py took 0.444 seconds
[2022-12-31T21:17:21.005+0100] {processor.py:153} INFO - Started process (PID=96166) to work on /Library/Frameworks/Python.framework/Versions/3.11/lib/python3.11/site-packages/airflow/example_dags/example_xcomargs.py
[2022-12-31T21:17:21.010+0100] {processor.py:743} INFO - Processing file /Library/Frameworks/Python.framework/Versions/3.11/lib/python3.11/site-packages/airflow/example_dags/example_xcomargs.py for tasks to queue
[2022-12-31T21:17:21.011+0100] {logging_mixin.py:137} INFO - [2022-12-31T21:17:21.011+0100] {dagbag.py:538} INFO - Filling up the DagBag from /Library/Frameworks/Python.framework/Versions/3.11/lib/python3.11/site-packages/airflow/example_dags/example_xcomargs.py
[2022-12-31T21:17:21.037+0100] {processor.py:753} INFO - DAG(s) dict_keys(['example_xcom_args', 'example_xcom_args_with_operators']) retrieved from /Library/Frameworks/Python.framework/Versions/3.11/lib/python3.11/site-packages/airflow/example_dags/example_xcomargs.py
[2022-12-31T21:17:21.439+0100] {logging_mixin.py:137} INFO - [2022-12-31T21:17:21.439+0100] {dag.py:2676} INFO - Sync 2 DAGs
[2022-12-31T21:17:21.445+0100] {logging_mixin.py:137} INFO - [2022-12-31T21:17:21.445+0100] {dag.py:3423} INFO - Setting next_dagrun for example_xcom_args to None, run_after=None
[2022-12-31T21:17:21.446+0100] {logging_mixin.py:137} INFO - [2022-12-31T21:17:21.446+0100] {dag.py:3423} INFO - Setting next_dagrun for example_xcom_args_with_operators to None, run_after=None
[2022-12-31T21:17:21.451+0100] {processor.py:175} INFO - Processing /Library/Frameworks/Python.framework/Versions/3.11/lib/python3.11/site-packages/airflow/example_dags/example_xcomargs.py took 0.447 seconds
[2022-12-31T21:18:14.086+0100] {processor.py:153} INFO - Started process (PID=96295) to work on /Library/Frameworks/Python.framework/Versions/3.11/lib/python3.11/site-packages/airflow/example_dags/example_xcomargs.py
[2022-12-31T21:18:14.090+0100] {processor.py:743} INFO - Processing file /Library/Frameworks/Python.framework/Versions/3.11/lib/python3.11/site-packages/airflow/example_dags/example_xcomargs.py for tasks to queue
[2022-12-31T21:18:14.090+0100] {logging_mixin.py:137} INFO - [2022-12-31T21:18:14.090+0100] {dagbag.py:538} INFO - Filling up the DagBag from /Library/Frameworks/Python.framework/Versions/3.11/lib/python3.11/site-packages/airflow/example_dags/example_xcomargs.py
[2022-12-31T21:18:14.112+0100] {processor.py:753} INFO - DAG(s) dict_keys(['example_xcom_args', 'example_xcom_args_with_operators']) retrieved from /Library/Frameworks/Python.framework/Versions/3.11/lib/python3.11/site-packages/airflow/example_dags/example_xcomargs.py
[2022-12-31T21:18:14.545+0100] {logging_mixin.py:137} INFO - [2022-12-31T21:18:14.545+0100] {dag.py:2676} INFO - Sync 2 DAGs
[2022-12-31T21:18:14.550+0100] {logging_mixin.py:137} INFO - [2022-12-31T21:18:14.550+0100] {dag.py:3423} INFO - Setting next_dagrun for example_xcom_args to None, run_after=None
[2022-12-31T21:18:14.551+0100] {logging_mixin.py:137} INFO - [2022-12-31T21:18:14.551+0100] {dag.py:3423} INFO - Setting next_dagrun for example_xcom_args_with_operators to None, run_after=None
[2022-12-31T21:18:14.557+0100] {processor.py:175} INFO - Processing /Library/Frameworks/Python.framework/Versions/3.11/lib/python3.11/site-packages/airflow/example_dags/example_xcomargs.py took 0.472 seconds
[2022-12-31T21:19:14.295+0100] {processor.py:153} INFO - Started process (PID=96453) to work on /Library/Frameworks/Python.framework/Versions/3.11/lib/python3.11/site-packages/airflow/example_dags/example_xcomargs.py
[2022-12-31T21:19:14.302+0100] {processor.py:743} INFO - Processing file /Library/Frameworks/Python.framework/Versions/3.11/lib/python3.11/site-packages/airflow/example_dags/example_xcomargs.py for tasks to queue
[2022-12-31T21:19:14.303+0100] {logging_mixin.py:137} INFO - [2022-12-31T21:19:14.303+0100] {dagbag.py:538} INFO - Filling up the DagBag from /Library/Frameworks/Python.framework/Versions/3.11/lib/python3.11/site-packages/airflow/example_dags/example_xcomargs.py
[2022-12-31T21:19:14.324+0100] {processor.py:753} INFO - DAG(s) dict_keys(['example_xcom_args_with_operators', 'example_xcom_args']) retrieved from /Library/Frameworks/Python.framework/Versions/3.11/lib/python3.11/site-packages/airflow/example_dags/example_xcomargs.py
[2022-12-31T21:19:15.042+0100] {logging_mixin.py:137} INFO - [2022-12-31T21:19:15.042+0100] {dag.py:2676} INFO - Sync 2 DAGs
[2022-12-31T21:19:15.052+0100] {logging_mixin.py:137} INFO - [2022-12-31T21:19:15.052+0100] {dag.py:3423} INFO - Setting next_dagrun for example_xcom_args to None, run_after=None
[2022-12-31T21:19:15.054+0100] {logging_mixin.py:137} INFO - [2022-12-31T21:19:15.054+0100] {dag.py:3423} INFO - Setting next_dagrun for example_xcom_args_with_operators to None, run_after=None
[2022-12-31T21:19:15.063+0100] {processor.py:175} INFO - Processing /Library/Frameworks/Python.framework/Versions/3.11/lib/python3.11/site-packages/airflow/example_dags/example_xcomargs.py took 0.768 seconds
[2022-12-31T21:20:12.889+0100] {processor.py:153} INFO - Started process (PID=96537) to work on /Library/Frameworks/Python.framework/Versions/3.11/lib/python3.11/site-packages/airflow/example_dags/example_xcomargs.py
[2022-12-31T21:20:12.897+0100] {processor.py:743} INFO - Processing file /Library/Frameworks/Python.framework/Versions/3.11/lib/python3.11/site-packages/airflow/example_dags/example_xcomargs.py for tasks to queue
[2022-12-31T21:20:12.898+0100] {logging_mixin.py:137} INFO - [2022-12-31T21:20:12.897+0100] {dagbag.py:538} INFO - Filling up the DagBag from /Library/Frameworks/Python.framework/Versions/3.11/lib/python3.11/site-packages/airflow/example_dags/example_xcomargs.py
[2022-12-31T21:20:12.918+0100] {processor.py:753} INFO - DAG(s) dict_keys(['example_xcom_args_with_operators', 'example_xcom_args']) retrieved from /Library/Frameworks/Python.framework/Versions/3.11/lib/python3.11/site-packages/airflow/example_dags/example_xcomargs.py
[2022-12-31T21:20:13.344+0100] {logging_mixin.py:137} INFO - [2022-12-31T21:20:13.344+0100] {dag.py:2676} INFO - Sync 2 DAGs
[2022-12-31T21:20:13.350+0100] {logging_mixin.py:137} INFO - [2022-12-31T21:20:13.350+0100] {dag.py:3423} INFO - Setting next_dagrun for example_xcom_args to None, run_after=None
[2022-12-31T21:20:13.351+0100] {logging_mixin.py:137} INFO - [2022-12-31T21:20:13.351+0100] {dag.py:3423} INFO - Setting next_dagrun for example_xcom_args_with_operators to None, run_after=None
[2022-12-31T21:20:13.357+0100] {processor.py:175} INFO - Processing /Library/Frameworks/Python.framework/Versions/3.11/lib/python3.11/site-packages/airflow/example_dags/example_xcomargs.py took 0.469 seconds
[2022-12-31T21:21:11.413+0100] {processor.py:153} INFO - Started process (PID=96643) to work on /Library/Frameworks/Python.framework/Versions/3.11/lib/python3.11/site-packages/airflow/example_dags/example_xcomargs.py
[2022-12-31T21:21:11.423+0100] {processor.py:743} INFO - Processing file /Library/Frameworks/Python.framework/Versions/3.11/lib/python3.11/site-packages/airflow/example_dags/example_xcomargs.py for tasks to queue
[2022-12-31T21:21:11.423+0100] {logging_mixin.py:137} INFO - [2022-12-31T21:21:11.423+0100] {dagbag.py:538} INFO - Filling up the DagBag from /Library/Frameworks/Python.framework/Versions/3.11/lib/python3.11/site-packages/airflow/example_dags/example_xcomargs.py
[2022-12-31T21:21:11.485+0100] {processor.py:753} INFO - DAG(s) dict_keys(['example_xcom_args_with_operators', 'example_xcom_args']) retrieved from /Library/Frameworks/Python.framework/Versions/3.11/lib/python3.11/site-packages/airflow/example_dags/example_xcomargs.py
[2022-12-31T21:21:11.880+0100] {logging_mixin.py:137} INFO - [2022-12-31T21:21:11.880+0100] {dag.py:2676} INFO - Sync 2 DAGs
[2022-12-31T21:21:11.886+0100] {logging_mixin.py:137} INFO - [2022-12-31T21:21:11.886+0100] {dag.py:3423} INFO - Setting next_dagrun for example_xcom_args to None, run_after=None
[2022-12-31T21:21:11.887+0100] {logging_mixin.py:137} INFO - [2022-12-31T21:21:11.887+0100] {dag.py:3423} INFO - Setting next_dagrun for example_xcom_args_with_operators to None, run_after=None
[2022-12-31T21:21:11.892+0100] {processor.py:175} INFO - Processing /Library/Frameworks/Python.framework/Versions/3.11/lib/python3.11/site-packages/airflow/example_dags/example_xcomargs.py took 0.480 seconds
[2022-12-31T21:22:10.550+0100] {processor.py:153} INFO - Started process (PID=96743) to work on /Library/Frameworks/Python.framework/Versions/3.11/lib/python3.11/site-packages/airflow/example_dags/example_xcomargs.py
[2022-12-31T21:22:10.557+0100] {processor.py:743} INFO - Processing file /Library/Frameworks/Python.framework/Versions/3.11/lib/python3.11/site-packages/airflow/example_dags/example_xcomargs.py for tasks to queue
[2022-12-31T21:22:10.557+0100] {logging_mixin.py:137} INFO - [2022-12-31T21:22:10.557+0100] {dagbag.py:538} INFO - Filling up the DagBag from /Library/Frameworks/Python.framework/Versions/3.11/lib/python3.11/site-packages/airflow/example_dags/example_xcomargs.py
[2022-12-31T21:22:10.577+0100] {processor.py:753} INFO - DAG(s) dict_keys(['example_xcom_args', 'example_xcom_args_with_operators']) retrieved from /Library/Frameworks/Python.framework/Versions/3.11/lib/python3.11/site-packages/airflow/example_dags/example_xcomargs.py
[2022-12-31T21:22:10.998+0100] {logging_mixin.py:137} INFO - [2022-12-31T21:22:10.998+0100] {dag.py:2676} INFO - Sync 2 DAGs
[2022-12-31T21:22:11.004+0100] {logging_mixin.py:137} INFO - [2022-12-31T21:22:11.004+0100] {dag.py:3423} INFO - Setting next_dagrun for example_xcom_args to None, run_after=None
[2022-12-31T21:22:11.005+0100] {logging_mixin.py:137} INFO - [2022-12-31T21:22:11.005+0100] {dag.py:3423} INFO - Setting next_dagrun for example_xcom_args_with_operators to None, run_after=None
[2022-12-31T21:22:11.010+0100] {processor.py:175} INFO - Processing /Library/Frameworks/Python.framework/Versions/3.11/lib/python3.11/site-packages/airflow/example_dags/example_xcomargs.py took 0.461 seconds
[2022-12-31T21:23:07.689+0100] {processor.py:153} INFO - Started process (PID=96814) to work on /Library/Frameworks/Python.framework/Versions/3.11/lib/python3.11/site-packages/airflow/example_dags/example_xcomargs.py
[2022-12-31T21:23:07.692+0100] {processor.py:743} INFO - Processing file /Library/Frameworks/Python.framework/Versions/3.11/lib/python3.11/site-packages/airflow/example_dags/example_xcomargs.py for tasks to queue
[2022-12-31T21:23:07.692+0100] {logging_mixin.py:137} INFO - [2022-12-31T21:23:07.692+0100] {dagbag.py:538} INFO - Filling up the DagBag from /Library/Frameworks/Python.framework/Versions/3.11/lib/python3.11/site-packages/airflow/example_dags/example_xcomargs.py
[2022-12-31T21:23:07.714+0100] {processor.py:753} INFO - DAG(s) dict_keys(['example_xcom_args', 'example_xcom_args_with_operators']) retrieved from /Library/Frameworks/Python.framework/Versions/3.11/lib/python3.11/site-packages/airflow/example_dags/example_xcomargs.py
[2022-12-31T21:23:08.120+0100] {logging_mixin.py:137} INFO - [2022-12-31T21:23:08.120+0100] {dag.py:2676} INFO - Sync 2 DAGs
[2022-12-31T21:23:08.126+0100] {logging_mixin.py:137} INFO - [2022-12-31T21:23:08.126+0100] {dag.py:3423} INFO - Setting next_dagrun for example_xcom_args to None, run_after=None
[2022-12-31T21:23:08.127+0100] {logging_mixin.py:137} INFO - [2022-12-31T21:23:08.127+0100] {dag.py:3423} INFO - Setting next_dagrun for example_xcom_args_with_operators to None, run_after=None
[2022-12-31T21:23:08.132+0100] {processor.py:175} INFO - Processing /Library/Frameworks/Python.framework/Versions/3.11/lib/python3.11/site-packages/airflow/example_dags/example_xcomargs.py took 0.443 seconds
[2022-12-31T21:24:08.647+0100] {processor.py:153} INFO - Started process (PID=96902) to work on /Library/Frameworks/Python.framework/Versions/3.11/lib/python3.11/site-packages/airflow/example_dags/example_xcomargs.py
[2022-12-31T21:24:08.652+0100] {processor.py:743} INFO - Processing file /Library/Frameworks/Python.framework/Versions/3.11/lib/python3.11/site-packages/airflow/example_dags/example_xcomargs.py for tasks to queue
[2022-12-31T21:24:08.652+0100] {logging_mixin.py:137} INFO - [2022-12-31T21:24:08.652+0100] {dagbag.py:538} INFO - Filling up the DagBag from /Library/Frameworks/Python.framework/Versions/3.11/lib/python3.11/site-packages/airflow/example_dags/example_xcomargs.py
[2022-12-31T21:24:08.708+0100] {processor.py:753} INFO - DAG(s) dict_keys(['example_xcom_args', 'example_xcom_args_with_operators']) retrieved from /Library/Frameworks/Python.framework/Versions/3.11/lib/python3.11/site-packages/airflow/example_dags/example_xcomargs.py
[2022-12-31T21:24:09.158+0100] {logging_mixin.py:137} INFO - [2022-12-31T21:24:09.157+0100] {dag.py:2676} INFO - Sync 2 DAGs
[2022-12-31T21:24:09.163+0100] {logging_mixin.py:137} INFO - [2022-12-31T21:24:09.163+0100] {dag.py:3423} INFO - Setting next_dagrun for example_xcom_args to None, run_after=None
[2022-12-31T21:24:09.164+0100] {logging_mixin.py:137} INFO - [2022-12-31T21:24:09.164+0100] {dag.py:3423} INFO - Setting next_dagrun for example_xcom_args_with_operators to None, run_after=None
[2022-12-31T21:24:09.170+0100] {processor.py:175} INFO - Processing /Library/Frameworks/Python.framework/Versions/3.11/lib/python3.11/site-packages/airflow/example_dags/example_xcomargs.py took 0.524 seconds
[2022-12-31T21:25:04.944+0100] {processor.py:153} INFO - Started process (PID=97024) to work on /Library/Frameworks/Python.framework/Versions/3.11/lib/python3.11/site-packages/airflow/example_dags/example_xcomargs.py
[2022-12-31T21:25:04.948+0100] {processor.py:743} INFO - Processing file /Library/Frameworks/Python.framework/Versions/3.11/lib/python3.11/site-packages/airflow/example_dags/example_xcomargs.py for tasks to queue
[2022-12-31T21:25:04.948+0100] {logging_mixin.py:137} INFO - [2022-12-31T21:25:04.948+0100] {dagbag.py:538} INFO - Filling up the DagBag from /Library/Frameworks/Python.framework/Versions/3.11/lib/python3.11/site-packages/airflow/example_dags/example_xcomargs.py
[2022-12-31T21:25:04.970+0100] {processor.py:753} INFO - DAG(s) dict_keys(['example_xcom_args', 'example_xcom_args_with_operators']) retrieved from /Library/Frameworks/Python.framework/Versions/3.11/lib/python3.11/site-packages/airflow/example_dags/example_xcomargs.py
[2022-12-31T21:25:05.409+0100] {logging_mixin.py:137} INFO - [2022-12-31T21:25:05.409+0100] {dag.py:2676} INFO - Sync 2 DAGs
[2022-12-31T21:25:05.415+0100] {logging_mixin.py:137} INFO - [2022-12-31T21:25:05.415+0100] {dag.py:3423} INFO - Setting next_dagrun for example_xcom_args to None, run_after=None
[2022-12-31T21:25:05.416+0100] {logging_mixin.py:137} INFO - [2022-12-31T21:25:05.416+0100] {dag.py:3423} INFO - Setting next_dagrun for example_xcom_args_with_operators to None, run_after=None
[2022-12-31T21:25:05.421+0100] {processor.py:175} INFO - Processing /Library/Frameworks/Python.framework/Versions/3.11/lib/python3.11/site-packages/airflow/example_dags/example_xcomargs.py took 0.479 seconds
[2022-12-31T21:26:02.111+0100] {processor.py:153} INFO - Started process (PID=97129) to work on /Library/Frameworks/Python.framework/Versions/3.11/lib/python3.11/site-packages/airflow/example_dags/example_xcomargs.py
[2022-12-31T21:26:02.115+0100] {processor.py:743} INFO - Processing file /Library/Frameworks/Python.framework/Versions/3.11/lib/python3.11/site-packages/airflow/example_dags/example_xcomargs.py for tasks to queue
[2022-12-31T21:26:02.115+0100] {logging_mixin.py:137} INFO - [2022-12-31T21:26:02.115+0100] {dagbag.py:538} INFO - Filling up the DagBag from /Library/Frameworks/Python.framework/Versions/3.11/lib/python3.11/site-packages/airflow/example_dags/example_xcomargs.py
[2022-12-31T21:26:02.142+0100] {processor.py:753} INFO - DAG(s) dict_keys(['example_xcom_args', 'example_xcom_args_with_operators']) retrieved from /Library/Frameworks/Python.framework/Versions/3.11/lib/python3.11/site-packages/airflow/example_dags/example_xcomargs.py
[2022-12-31T21:26:02.620+0100] {logging_mixin.py:137} INFO - [2022-12-31T21:26:02.620+0100] {dag.py:2676} INFO - Sync 2 DAGs
[2022-12-31T21:26:02.629+0100] {logging_mixin.py:137} INFO - [2022-12-31T21:26:02.629+0100] {dag.py:3423} INFO - Setting next_dagrun for example_xcom_args to None, run_after=None
[2022-12-31T21:26:02.630+0100] {logging_mixin.py:137} INFO - [2022-12-31T21:26:02.630+0100] {dag.py:3423} INFO - Setting next_dagrun for example_xcom_args_with_operators to None, run_after=None
[2022-12-31T21:26:02.638+0100] {processor.py:175} INFO - Processing /Library/Frameworks/Python.framework/Versions/3.11/lib/python3.11/site-packages/airflow/example_dags/example_xcomargs.py took 0.527 seconds
[2022-12-31T21:26:59.507+0100] {processor.py:153} INFO - Started process (PID=97270) to work on /Library/Frameworks/Python.framework/Versions/3.11/lib/python3.11/site-packages/airflow/example_dags/example_xcomargs.py
[2022-12-31T21:26:59.511+0100] {processor.py:743} INFO - Processing file /Library/Frameworks/Python.framework/Versions/3.11/lib/python3.11/site-packages/airflow/example_dags/example_xcomargs.py for tasks to queue
[2022-12-31T21:26:59.512+0100] {logging_mixin.py:137} INFO - [2022-12-31T21:26:59.511+0100] {dagbag.py:538} INFO - Filling up the DagBag from /Library/Frameworks/Python.framework/Versions/3.11/lib/python3.11/site-packages/airflow/example_dags/example_xcomargs.py
[2022-12-31T21:26:59.532+0100] {processor.py:753} INFO - DAG(s) dict_keys(['example_xcom_args_with_operators', 'example_xcom_args']) retrieved from /Library/Frameworks/Python.framework/Versions/3.11/lib/python3.11/site-packages/airflow/example_dags/example_xcomargs.py
[2022-12-31T21:26:59.954+0100] {logging_mixin.py:137} INFO - [2022-12-31T21:26:59.953+0100] {dag.py:2676} INFO - Sync 2 DAGs
[2022-12-31T21:26:59.959+0100] {logging_mixin.py:137} INFO - [2022-12-31T21:26:59.959+0100] {dag.py:3423} INFO - Setting next_dagrun for example_xcom_args to None, run_after=None
[2022-12-31T21:26:59.960+0100] {logging_mixin.py:137} INFO - [2022-12-31T21:26:59.960+0100] {dag.py:3423} INFO - Setting next_dagrun for example_xcom_args_with_operators to None, run_after=None
[2022-12-31T21:26:59.965+0100] {processor.py:175} INFO - Processing /Library/Frameworks/Python.framework/Versions/3.11/lib/python3.11/site-packages/airflow/example_dags/example_xcomargs.py took 0.459 seconds
[2022-12-31T21:27:56.695+0100] {processor.py:153} INFO - Started process (PID=97373) to work on /Library/Frameworks/Python.framework/Versions/3.11/lib/python3.11/site-packages/airflow/example_dags/example_xcomargs.py
[2022-12-31T21:27:56.703+0100] {processor.py:743} INFO - Processing file /Library/Frameworks/Python.framework/Versions/3.11/lib/python3.11/site-packages/airflow/example_dags/example_xcomargs.py for tasks to queue
[2022-12-31T21:27:56.703+0100] {logging_mixin.py:137} INFO - [2022-12-31T21:27:56.703+0100] {dagbag.py:538} INFO - Filling up the DagBag from /Library/Frameworks/Python.framework/Versions/3.11/lib/python3.11/site-packages/airflow/example_dags/example_xcomargs.py
[2022-12-31T21:27:56.725+0100] {processor.py:753} INFO - DAG(s) dict_keys(['example_xcom_args_with_operators', 'example_xcom_args']) retrieved from /Library/Frameworks/Python.framework/Versions/3.11/lib/python3.11/site-packages/airflow/example_dags/example_xcomargs.py
[2022-12-31T21:27:57.235+0100] {logging_mixin.py:137} INFO - [2022-12-31T21:27:57.235+0100] {dag.py:2676} INFO - Sync 2 DAGs
[2022-12-31T21:27:57.242+0100] {logging_mixin.py:137} INFO - [2022-12-31T21:27:57.242+0100] {dag.py:3423} INFO - Setting next_dagrun for example_xcom_args to None, run_after=None
[2022-12-31T21:27:57.243+0100] {logging_mixin.py:137} INFO - [2022-12-31T21:27:57.243+0100] {dag.py:3423} INFO - Setting next_dagrun for example_xcom_args_with_operators to None, run_after=None
[2022-12-31T21:27:57.249+0100] {processor.py:175} INFO - Processing /Library/Frameworks/Python.framework/Versions/3.11/lib/python3.11/site-packages/airflow/example_dags/example_xcomargs.py took 0.555 seconds
