[2022-12-31T20:29:05.237+0100] {processor.py:153} INFO - Started process (PID=90147) to work on /Library/Frameworks/Python.framework/Versions/3.11/lib/python3.11/site-packages/airflow/example_dags/example_trigger_controller_dag.py
[2022-12-31T20:29:05.238+0100] {processor.py:743} INFO - Processing file /Library/Frameworks/Python.framework/Versions/3.11/lib/python3.11/site-packages/airflow/example_dags/example_trigger_controller_dag.py for tasks to queue
[2022-12-31T20:29:05.238+0100] {logging_mixin.py:137} INFO - [2022-12-31T20:29:05.238+0100] {dagbag.py:538} INFO - Filling up the DagBag from /Library/Frameworks/Python.framework/Versions/3.11/lib/python3.11/site-packages/airflow/example_dags/example_trigger_controller_dag.py
[2022-12-31T20:29:05.248+0100] {processor.py:753} INFO - DAG(s) dict_keys(['example_trigger_controller_dag']) retrieved from /Library/Frameworks/Python.framework/Versions/3.11/lib/python3.11/site-packages/airflow/example_dags/example_trigger_controller_dag.py
[2022-12-31T20:29:05.692+0100] {logging_mixin.py:137} INFO - [2022-12-31T20:29:05.692+0100] {manager.py:504} INFO - Created Permission View: can read on DAG:example_trigger_controller_dag
[2022-12-31T20:29:05.695+0100] {logging_mixin.py:137} INFO - [2022-12-31T20:29:05.694+0100] {manager.py:504} INFO - Created Permission View: can edit on DAG:example_trigger_controller_dag
[2022-12-31T20:29:05.696+0100] {logging_mixin.py:137} INFO - [2022-12-31T20:29:05.696+0100] {manager.py:504} INFO - Created Permission View: can delete on DAG:example_trigger_controller_dag
[2022-12-31T20:29:05.696+0100] {logging_mixin.py:137} INFO - [2022-12-31T20:29:05.696+0100] {dag.py:2676} INFO - Sync 1 DAGs
[2022-12-31T20:29:05.700+0100] {logging_mixin.py:137} INFO - [2022-12-31T20:29:05.700+0100] {dag.py:2697} INFO - Creating ORM DAG for example_trigger_controller_dag
[2022-12-31T20:29:05.703+0100] {logging_mixin.py:137} INFO - [2022-12-31T20:29:05.703+0100] {dag.py:3423} INFO - Setting next_dagrun for example_trigger_controller_dag to 2021-01-01T00:00:00+00:00, run_after=2021-01-01T00:00:00+00:00
[2022-12-31T20:29:05.709+0100] {processor.py:175} INFO - Processing /Library/Frameworks/Python.framework/Versions/3.11/lib/python3.11/site-packages/airflow/example_dags/example_trigger_controller_dag.py took 0.473 seconds
[2022-12-31T20:30:57.384+0100] {processor.py:153} INFO - Started process (PID=90376) to work on /Library/Frameworks/Python.framework/Versions/3.11/lib/python3.11/site-packages/airflow/example_dags/example_trigger_controller_dag.py
[2022-12-31T20:30:57.387+0100] {processor.py:743} INFO - Processing file /Library/Frameworks/Python.framework/Versions/3.11/lib/python3.11/site-packages/airflow/example_dags/example_trigger_controller_dag.py for tasks to queue
[2022-12-31T20:30:57.387+0100] {logging_mixin.py:137} INFO - [2022-12-31T20:30:57.387+0100] {dagbag.py:538} INFO - Filling up the DagBag from /Library/Frameworks/Python.framework/Versions/3.11/lib/python3.11/site-packages/airflow/example_dags/example_trigger_controller_dag.py
[2022-12-31T20:30:57.397+0100] {processor.py:753} INFO - DAG(s) dict_keys(['example_trigger_controller_dag']) retrieved from /Library/Frameworks/Python.framework/Versions/3.11/lib/python3.11/site-packages/airflow/example_dags/example_trigger_controller_dag.py
[2022-12-31T20:30:57.841+0100] {logging_mixin.py:137} INFO - [2022-12-31T20:30:57.841+0100] {dag.py:2676} INFO - Sync 1 DAGs
[2022-12-31T20:30:57.847+0100] {logging_mixin.py:137} INFO - [2022-12-31T20:30:57.846+0100] {dag.py:3423} INFO - Setting next_dagrun for example_trigger_controller_dag to 2021-01-01T00:00:00+00:00, run_after=2021-01-01T00:00:00+00:00
[2022-12-31T20:30:57.853+0100] {processor.py:175} INFO - Processing /Library/Frameworks/Python.framework/Versions/3.11/lib/python3.11/site-packages/airflow/example_dags/example_trigger_controller_dag.py took 0.470 seconds
[2022-12-31T20:32:19.277+0100] {processor.py:153} INFO - Started process (PID=90506) to work on /Library/Frameworks/Python.framework/Versions/3.11/lib/python3.11/site-packages/airflow/example_dags/example_trigger_controller_dag.py
[2022-12-31T20:32:19.281+0100] {processor.py:743} INFO - Processing file /Library/Frameworks/Python.framework/Versions/3.11/lib/python3.11/site-packages/airflow/example_dags/example_trigger_controller_dag.py for tasks to queue
[2022-12-31T20:32:19.281+0100] {logging_mixin.py:137} INFO - [2022-12-31T20:32:19.281+0100] {dagbag.py:538} INFO - Filling up the DagBag from /Library/Frameworks/Python.framework/Versions/3.11/lib/python3.11/site-packages/airflow/example_dags/example_trigger_controller_dag.py
[2022-12-31T20:32:19.292+0100] {processor.py:753} INFO - DAG(s) dict_keys(['example_trigger_controller_dag']) retrieved from /Library/Frameworks/Python.framework/Versions/3.11/lib/python3.11/site-packages/airflow/example_dags/example_trigger_controller_dag.py
[2022-12-31T20:32:19.684+0100] {logging_mixin.py:137} INFO - [2022-12-31T20:32:19.684+0100] {dag.py:2676} INFO - Sync 1 DAGs
[2022-12-31T20:32:19.690+0100] {logging_mixin.py:137} INFO - [2022-12-31T20:32:19.690+0100] {dag.py:3423} INFO - Setting next_dagrun for example_trigger_controller_dag to 2021-01-01T00:00:00+00:00, run_after=2021-01-01T00:00:00+00:00
[2022-12-31T20:32:19.698+0100] {processor.py:175} INFO - Processing /Library/Frameworks/Python.framework/Versions/3.11/lib/python3.11/site-packages/airflow/example_dags/example_trigger_controller_dag.py took 0.421 seconds
[2022-12-31T20:33:11.187+0100] {processor.py:153} INFO - Started process (PID=90573) to work on /Library/Frameworks/Python.framework/Versions/3.11/lib/python3.11/site-packages/airflow/example_dags/example_trigger_controller_dag.py
[2022-12-31T20:33:11.189+0100] {processor.py:743} INFO - Processing file /Library/Frameworks/Python.framework/Versions/3.11/lib/python3.11/site-packages/airflow/example_dags/example_trigger_controller_dag.py for tasks to queue
[2022-12-31T20:33:11.189+0100] {logging_mixin.py:137} INFO - [2022-12-31T20:33:11.189+0100] {dagbag.py:538} INFO - Filling up the DagBag from /Library/Frameworks/Python.framework/Versions/3.11/lib/python3.11/site-packages/airflow/example_dags/example_trigger_controller_dag.py
[2022-12-31T20:33:11.200+0100] {processor.py:753} INFO - DAG(s) dict_keys(['example_trigger_controller_dag']) retrieved from /Library/Frameworks/Python.framework/Versions/3.11/lib/python3.11/site-packages/airflow/example_dags/example_trigger_controller_dag.py
[2022-12-31T20:33:11.716+0100] {logging_mixin.py:137} INFO - [2022-12-31T20:33:11.716+0100] {dag.py:2676} INFO - Sync 1 DAGs
[2022-12-31T20:33:11.722+0100] {logging_mixin.py:137} INFO - [2022-12-31T20:33:11.722+0100] {dag.py:3423} INFO - Setting next_dagrun for example_trigger_controller_dag to 2021-01-01T00:00:00+00:00, run_after=2021-01-01T00:00:00+00:00
[2022-12-31T20:33:11.729+0100] {processor.py:175} INFO - Processing /Library/Frameworks/Python.framework/Versions/3.11/lib/python3.11/site-packages/airflow/example_dags/example_trigger_controller_dag.py took 0.542 seconds
[2022-12-31T20:34:05.630+0100] {processor.py:153} INFO - Started process (PID=90648) to work on /Library/Frameworks/Python.framework/Versions/3.11/lib/python3.11/site-packages/airflow/example_dags/example_trigger_controller_dag.py
[2022-12-31T20:34:05.632+0100] {processor.py:743} INFO - Processing file /Library/Frameworks/Python.framework/Versions/3.11/lib/python3.11/site-packages/airflow/example_dags/example_trigger_controller_dag.py for tasks to queue
[2022-12-31T20:34:05.632+0100] {logging_mixin.py:137} INFO - [2022-12-31T20:34:05.632+0100] {dagbag.py:538} INFO - Filling up the DagBag from /Library/Frameworks/Python.framework/Versions/3.11/lib/python3.11/site-packages/airflow/example_dags/example_trigger_controller_dag.py
[2022-12-31T20:34:05.649+0100] {processor.py:753} INFO - DAG(s) dict_keys(['example_trigger_controller_dag']) retrieved from /Library/Frameworks/Python.framework/Versions/3.11/lib/python3.11/site-packages/airflow/example_dags/example_trigger_controller_dag.py
[2022-12-31T20:34:06.054+0100] {logging_mixin.py:137} INFO - [2022-12-31T20:34:06.054+0100] {dag.py:2676} INFO - Sync 1 DAGs
[2022-12-31T20:34:06.060+0100] {logging_mixin.py:137} INFO - [2022-12-31T20:34:06.060+0100] {dag.py:3423} INFO - Setting next_dagrun for example_trigger_controller_dag to 2021-01-01T00:00:00+00:00, run_after=2021-01-01T00:00:00+00:00
[2022-12-31T20:34:06.068+0100] {processor.py:175} INFO - Processing /Library/Frameworks/Python.framework/Versions/3.11/lib/python3.11/site-packages/airflow/example_dags/example_trigger_controller_dag.py took 0.439 seconds
[2022-12-31T20:34:58.814+0100] {processor.py:153} INFO - Started process (PID=90733) to work on /Library/Frameworks/Python.framework/Versions/3.11/lib/python3.11/site-packages/airflow/example_dags/example_trigger_controller_dag.py
[2022-12-31T20:34:58.818+0100] {processor.py:743} INFO - Processing file /Library/Frameworks/Python.framework/Versions/3.11/lib/python3.11/site-packages/airflow/example_dags/example_trigger_controller_dag.py for tasks to queue
[2022-12-31T20:34:58.818+0100] {logging_mixin.py:137} INFO - [2022-12-31T20:34:58.818+0100] {dagbag.py:538} INFO - Filling up the DagBag from /Library/Frameworks/Python.framework/Versions/3.11/lib/python3.11/site-packages/airflow/example_dags/example_trigger_controller_dag.py
[2022-12-31T20:34:58.828+0100] {processor.py:753} INFO - DAG(s) dict_keys(['example_trigger_controller_dag']) retrieved from /Library/Frameworks/Python.framework/Versions/3.11/lib/python3.11/site-packages/airflow/example_dags/example_trigger_controller_dag.py
[2022-12-31T20:34:59.233+0100] {logging_mixin.py:137} INFO - [2022-12-31T20:34:59.233+0100] {dag.py:2676} INFO - Sync 1 DAGs
[2022-12-31T20:34:59.242+0100] {logging_mixin.py:137} INFO - [2022-12-31T20:34:59.242+0100] {dag.py:3423} INFO - Setting next_dagrun for example_trigger_controller_dag to 2021-01-01T00:00:00+00:00, run_after=2021-01-01T00:00:00+00:00
[2022-12-31T20:34:59.252+0100] {processor.py:175} INFO - Processing /Library/Frameworks/Python.framework/Versions/3.11/lib/python3.11/site-packages/airflow/example_dags/example_trigger_controller_dag.py took 0.438 seconds
[2022-12-31T20:35:40.018+0100] {processor.py:153} INFO - Started process (PID=90791) to work on /Library/Frameworks/Python.framework/Versions/3.11/lib/python3.11/site-packages/airflow/example_dags/example_trigger_controller_dag.py
[2022-12-31T20:35:40.022+0100] {processor.py:743} INFO - Processing file /Library/Frameworks/Python.framework/Versions/3.11/lib/python3.11/site-packages/airflow/example_dags/example_trigger_controller_dag.py for tasks to queue
[2022-12-31T20:35:40.022+0100] {logging_mixin.py:137} INFO - [2022-12-31T20:35:40.022+0100] {dagbag.py:538} INFO - Filling up the DagBag from /Library/Frameworks/Python.framework/Versions/3.11/lib/python3.11/site-packages/airflow/example_dags/example_trigger_controller_dag.py
[2022-12-31T20:35:40.043+0100] {processor.py:753} INFO - DAG(s) dict_keys(['example_trigger_controller_dag']) retrieved from /Library/Frameworks/Python.framework/Versions/3.11/lib/python3.11/site-packages/airflow/example_dags/example_trigger_controller_dag.py
[2022-12-31T20:35:40.447+0100] {logging_mixin.py:137} INFO - [2022-12-31T20:35:40.447+0100] {dag.py:2676} INFO - Sync 1 DAGs
[2022-12-31T20:35:40.453+0100] {logging_mixin.py:137} INFO - [2022-12-31T20:35:40.453+0100] {dag.py:3423} INFO - Setting next_dagrun for example_trigger_controller_dag to 2021-01-01T00:00:00+00:00, run_after=2021-01-01T00:00:00+00:00
[2022-12-31T20:35:40.461+0100] {processor.py:175} INFO - Processing /Library/Frameworks/Python.framework/Versions/3.11/lib/python3.11/site-packages/airflow/example_dags/example_trigger_controller_dag.py took 0.444 seconds
[2022-12-31T20:37:03.621+0100] {processor.py:153} INFO - Started process (PID=90913) to work on /Library/Frameworks/Python.framework/Versions/3.11/lib/python3.11/site-packages/airflow/example_dags/example_trigger_controller_dag.py
[2022-12-31T20:37:03.625+0100] {processor.py:743} INFO - Processing file /Library/Frameworks/Python.framework/Versions/3.11/lib/python3.11/site-packages/airflow/example_dags/example_trigger_controller_dag.py for tasks to queue
[2022-12-31T20:37:03.626+0100] {logging_mixin.py:137} INFO - [2022-12-31T20:37:03.626+0100] {dagbag.py:538} INFO - Filling up the DagBag from /Library/Frameworks/Python.framework/Versions/3.11/lib/python3.11/site-packages/airflow/example_dags/example_trigger_controller_dag.py
[2022-12-31T20:37:03.636+0100] {processor.py:753} INFO - DAG(s) dict_keys(['example_trigger_controller_dag']) retrieved from /Library/Frameworks/Python.framework/Versions/3.11/lib/python3.11/site-packages/airflow/example_dags/example_trigger_controller_dag.py
[2022-12-31T20:37:04.061+0100] {logging_mixin.py:137} INFO - [2022-12-31T20:37:04.061+0100] {dag.py:2676} INFO - Sync 1 DAGs
[2022-12-31T20:37:04.067+0100] {logging_mixin.py:137} INFO - [2022-12-31T20:37:04.067+0100] {dag.py:3423} INFO - Setting next_dagrun for example_trigger_controller_dag to 2021-01-01T00:00:00+00:00, run_after=2021-01-01T00:00:00+00:00
[2022-12-31T20:37:04.074+0100] {processor.py:175} INFO - Processing /Library/Frameworks/Python.framework/Versions/3.11/lib/python3.11/site-packages/airflow/example_dags/example_trigger_controller_dag.py took 0.453 seconds
[2022-12-31T20:38:42.786+0100] {processor.py:153} INFO - Started process (PID=91044) to work on /Library/Frameworks/Python.framework/Versions/3.11/lib/python3.11/site-packages/airflow/example_dags/example_trigger_controller_dag.py
[2022-12-31T20:38:42.790+0100] {processor.py:743} INFO - Processing file /Library/Frameworks/Python.framework/Versions/3.11/lib/python3.11/site-packages/airflow/example_dags/example_trigger_controller_dag.py for tasks to queue
[2022-12-31T20:38:42.790+0100] {logging_mixin.py:137} INFO - [2022-12-31T20:38:42.790+0100] {dagbag.py:538} INFO - Filling up the DagBag from /Library/Frameworks/Python.framework/Versions/3.11/lib/python3.11/site-packages/airflow/example_dags/example_trigger_controller_dag.py
[2022-12-31T20:38:42.800+0100] {processor.py:753} INFO - DAG(s) dict_keys(['example_trigger_controller_dag']) retrieved from /Library/Frameworks/Python.framework/Versions/3.11/lib/python3.11/site-packages/airflow/example_dags/example_trigger_controller_dag.py
[2022-12-31T20:38:43.205+0100] {logging_mixin.py:137} INFO - [2022-12-31T20:38:43.205+0100] {dag.py:2676} INFO - Sync 1 DAGs
[2022-12-31T20:38:43.211+0100] {logging_mixin.py:137} INFO - [2022-12-31T20:38:43.211+0100] {dag.py:3423} INFO - Setting next_dagrun for example_trigger_controller_dag to 2021-01-01T00:00:00+00:00, run_after=2021-01-01T00:00:00+00:00
[2022-12-31T20:38:43.219+0100] {processor.py:175} INFO - Processing /Library/Frameworks/Python.framework/Versions/3.11/lib/python3.11/site-packages/airflow/example_dags/example_trigger_controller_dag.py took 0.433 seconds
[2022-12-31T20:39:36.552+0100] {processor.py:153} INFO - Started process (PID=91155) to work on /Library/Frameworks/Python.framework/Versions/3.11/lib/python3.11/site-packages/airflow/example_dags/example_trigger_controller_dag.py
[2022-12-31T20:39:36.557+0100] {processor.py:743} INFO - Processing file /Library/Frameworks/Python.framework/Versions/3.11/lib/python3.11/site-packages/airflow/example_dags/example_trigger_controller_dag.py for tasks to queue
[2022-12-31T20:39:36.557+0100] {logging_mixin.py:137} INFO - [2022-12-31T20:39:36.557+0100] {dagbag.py:538} INFO - Filling up the DagBag from /Library/Frameworks/Python.framework/Versions/3.11/lib/python3.11/site-packages/airflow/example_dags/example_trigger_controller_dag.py
[2022-12-31T20:39:36.567+0100] {processor.py:753} INFO - DAG(s) dict_keys(['example_trigger_controller_dag']) retrieved from /Library/Frameworks/Python.framework/Versions/3.11/lib/python3.11/site-packages/airflow/example_dags/example_trigger_controller_dag.py
[2022-12-31T20:39:36.981+0100] {logging_mixin.py:137} INFO - [2022-12-31T20:39:36.981+0100] {dag.py:2676} INFO - Sync 1 DAGs
[2022-12-31T20:39:36.987+0100] {logging_mixin.py:137} INFO - [2022-12-31T20:39:36.987+0100] {dag.py:3423} INFO - Setting next_dagrun for example_trigger_controller_dag to 2021-01-01T00:00:00+00:00, run_after=2021-01-01T00:00:00+00:00
[2022-12-31T20:39:36.994+0100] {processor.py:175} INFO - Processing /Library/Frameworks/Python.framework/Versions/3.11/lib/python3.11/site-packages/airflow/example_dags/example_trigger_controller_dag.py took 0.443 seconds
[2022-12-31T20:40:30.078+0100] {processor.py:153} INFO - Started process (PID=91251) to work on /Library/Frameworks/Python.framework/Versions/3.11/lib/python3.11/site-packages/airflow/example_dags/example_trigger_controller_dag.py
[2022-12-31T20:40:30.083+0100] {processor.py:743} INFO - Processing file /Library/Frameworks/Python.framework/Versions/3.11/lib/python3.11/site-packages/airflow/example_dags/example_trigger_controller_dag.py for tasks to queue
[2022-12-31T20:40:30.083+0100] {logging_mixin.py:137} INFO - [2022-12-31T20:40:30.083+0100] {dagbag.py:538} INFO - Filling up the DagBag from /Library/Frameworks/Python.framework/Versions/3.11/lib/python3.11/site-packages/airflow/example_dags/example_trigger_controller_dag.py
[2022-12-31T20:40:30.092+0100] {processor.py:753} INFO - DAG(s) dict_keys(['example_trigger_controller_dag']) retrieved from /Library/Frameworks/Python.framework/Versions/3.11/lib/python3.11/site-packages/airflow/example_dags/example_trigger_controller_dag.py
[2022-12-31T20:40:30.508+0100] {logging_mixin.py:137} INFO - [2022-12-31T20:40:30.508+0100] {dag.py:2676} INFO - Sync 1 DAGs
[2022-12-31T20:40:30.514+0100] {logging_mixin.py:137} INFO - [2022-12-31T20:40:30.514+0100] {dag.py:3423} INFO - Setting next_dagrun for example_trigger_controller_dag to 2021-01-01T00:00:00+00:00, run_after=2021-01-01T00:00:00+00:00
[2022-12-31T20:40:30.521+0100] {processor.py:175} INFO - Processing /Library/Frameworks/Python.framework/Versions/3.11/lib/python3.11/site-packages/airflow/example_dags/example_trigger_controller_dag.py took 0.444 seconds
[2022-12-31T20:41:23.441+0100] {processor.py:153} INFO - Started process (PID=91318) to work on /Library/Frameworks/Python.framework/Versions/3.11/lib/python3.11/site-packages/airflow/example_dags/example_trigger_controller_dag.py
[2022-12-31T20:41:23.443+0100] {processor.py:743} INFO - Processing file /Library/Frameworks/Python.framework/Versions/3.11/lib/python3.11/site-packages/airflow/example_dags/example_trigger_controller_dag.py for tasks to queue
[2022-12-31T20:41:23.443+0100] {logging_mixin.py:137} INFO - [2022-12-31T20:41:23.443+0100] {dagbag.py:538} INFO - Filling up the DagBag from /Library/Frameworks/Python.framework/Versions/3.11/lib/python3.11/site-packages/airflow/example_dags/example_trigger_controller_dag.py
[2022-12-31T20:41:23.453+0100] {processor.py:753} INFO - DAG(s) dict_keys(['example_trigger_controller_dag']) retrieved from /Library/Frameworks/Python.framework/Versions/3.11/lib/python3.11/site-packages/airflow/example_dags/example_trigger_controller_dag.py
[2022-12-31T20:41:23.866+0100] {logging_mixin.py:137} INFO - [2022-12-31T20:41:23.866+0100] {dag.py:2676} INFO - Sync 1 DAGs
[2022-12-31T20:41:23.872+0100] {logging_mixin.py:137} INFO - [2022-12-31T20:41:23.872+0100] {dag.py:3423} INFO - Setting next_dagrun for example_trigger_controller_dag to 2021-01-01T00:00:00+00:00, run_after=2021-01-01T00:00:00+00:00
[2022-12-31T20:41:23.878+0100] {processor.py:175} INFO - Processing /Library/Frameworks/Python.framework/Versions/3.11/lib/python3.11/site-packages/airflow/example_dags/example_trigger_controller_dag.py took 0.438 seconds
[2022-12-31T20:42:18.066+0100] {processor.py:153} INFO - Started process (PID=91391) to work on /Library/Frameworks/Python.framework/Versions/3.11/lib/python3.11/site-packages/airflow/example_dags/example_trigger_controller_dag.py
[2022-12-31T20:42:18.071+0100] {processor.py:743} INFO - Processing file /Library/Frameworks/Python.framework/Versions/3.11/lib/python3.11/site-packages/airflow/example_dags/example_trigger_controller_dag.py for tasks to queue
[2022-12-31T20:42:18.071+0100] {logging_mixin.py:137} INFO - [2022-12-31T20:42:18.071+0100] {dagbag.py:538} INFO - Filling up the DagBag from /Library/Frameworks/Python.framework/Versions/3.11/lib/python3.11/site-packages/airflow/example_dags/example_trigger_controller_dag.py
[2022-12-31T20:42:18.081+0100] {processor.py:753} INFO - DAG(s) dict_keys(['example_trigger_controller_dag']) retrieved from /Library/Frameworks/Python.framework/Versions/3.11/lib/python3.11/site-packages/airflow/example_dags/example_trigger_controller_dag.py
[2022-12-31T20:42:18.487+0100] {logging_mixin.py:137} INFO - [2022-12-31T20:42:18.487+0100] {dag.py:2676} INFO - Sync 1 DAGs
[2022-12-31T20:42:18.493+0100] {logging_mixin.py:137} INFO - [2022-12-31T20:42:18.493+0100] {dag.py:3423} INFO - Setting next_dagrun for example_trigger_controller_dag to 2021-01-01T00:00:00+00:00, run_after=2021-01-01T00:00:00+00:00
[2022-12-31T20:42:18.499+0100] {processor.py:175} INFO - Processing /Library/Frameworks/Python.framework/Versions/3.11/lib/python3.11/site-packages/airflow/example_dags/example_trigger_controller_dag.py took 0.433 seconds
[2022-12-31T20:43:10.357+0100] {processor.py:153} INFO - Started process (PID=91508) to work on /Library/Frameworks/Python.framework/Versions/3.11/lib/python3.11/site-packages/airflow/example_dags/example_trigger_controller_dag.py
[2022-12-31T20:43:10.362+0100] {processor.py:743} INFO - Processing file /Library/Frameworks/Python.framework/Versions/3.11/lib/python3.11/site-packages/airflow/example_dags/example_trigger_controller_dag.py for tasks to queue
[2022-12-31T20:43:10.362+0100] {logging_mixin.py:137} INFO - [2022-12-31T20:43:10.362+0100] {dagbag.py:538} INFO - Filling up the DagBag from /Library/Frameworks/Python.framework/Versions/3.11/lib/python3.11/site-packages/airflow/example_dags/example_trigger_controller_dag.py
[2022-12-31T20:43:10.372+0100] {processor.py:753} INFO - DAG(s) dict_keys(['example_trigger_controller_dag']) retrieved from /Library/Frameworks/Python.framework/Versions/3.11/lib/python3.11/site-packages/airflow/example_dags/example_trigger_controller_dag.py
[2022-12-31T20:43:10.783+0100] {logging_mixin.py:137} INFO - [2022-12-31T20:43:10.783+0100] {dag.py:2676} INFO - Sync 1 DAGs
[2022-12-31T20:43:10.789+0100] {logging_mixin.py:137} INFO - [2022-12-31T20:43:10.789+0100] {dag.py:3423} INFO - Setting next_dagrun for example_trigger_controller_dag to 2021-01-01T00:00:00+00:00, run_after=2021-01-01T00:00:00+00:00
[2022-12-31T20:43:10.796+0100] {processor.py:175} INFO - Processing /Library/Frameworks/Python.framework/Versions/3.11/lib/python3.11/site-packages/airflow/example_dags/example_trigger_controller_dag.py took 0.440 seconds
[2022-12-31T20:44:25.094+0100] {processor.py:153} INFO - Started process (PID=91677) to work on /Library/Frameworks/Python.framework/Versions/3.11/lib/python3.11/site-packages/airflow/example_dags/example_trigger_controller_dag.py
[2022-12-31T20:44:25.101+0100] {processor.py:743} INFO - Processing file /Library/Frameworks/Python.framework/Versions/3.11/lib/python3.11/site-packages/airflow/example_dags/example_trigger_controller_dag.py for tasks to queue
[2022-12-31T20:44:25.101+0100] {logging_mixin.py:137} INFO - [2022-12-31T20:44:25.101+0100] {dagbag.py:538} INFO - Filling up the DagBag from /Library/Frameworks/Python.framework/Versions/3.11/lib/python3.11/site-packages/airflow/example_dags/example_trigger_controller_dag.py
[2022-12-31T20:44:25.111+0100] {processor.py:753} INFO - DAG(s) dict_keys(['example_trigger_controller_dag']) retrieved from /Library/Frameworks/Python.framework/Versions/3.11/lib/python3.11/site-packages/airflow/example_dags/example_trigger_controller_dag.py
[2022-12-31T20:44:25.558+0100] {logging_mixin.py:137} INFO - [2022-12-31T20:44:25.557+0100] {dag.py:2676} INFO - Sync 1 DAGs
[2022-12-31T20:44:25.563+0100] {logging_mixin.py:137} INFO - [2022-12-31T20:44:25.563+0100] {dag.py:3423} INFO - Setting next_dagrun for example_trigger_controller_dag to 2021-01-01T00:00:00+00:00, run_after=2021-01-01T00:00:00+00:00
[2022-12-31T20:44:25.569+0100] {processor.py:175} INFO - Processing /Library/Frameworks/Python.framework/Versions/3.11/lib/python3.11/site-packages/airflow/example_dags/example_trigger_controller_dag.py took 0.476 seconds
[2022-12-31T20:46:33.419+0100] {processor.py:153} INFO - Started process (PID=91892) to work on /Library/Frameworks/Python.framework/Versions/3.11/lib/python3.11/site-packages/airflow/example_dags/example_trigger_controller_dag.py
[2022-12-31T20:46:33.423+0100] {processor.py:743} INFO - Processing file /Library/Frameworks/Python.framework/Versions/3.11/lib/python3.11/site-packages/airflow/example_dags/example_trigger_controller_dag.py for tasks to queue
[2022-12-31T20:46:33.423+0100] {logging_mixin.py:137} INFO - [2022-12-31T20:46:33.423+0100] {dagbag.py:538} INFO - Filling up the DagBag from /Library/Frameworks/Python.framework/Versions/3.11/lib/python3.11/site-packages/airflow/example_dags/example_trigger_controller_dag.py
[2022-12-31T20:46:33.433+0100] {processor.py:753} INFO - DAG(s) dict_keys(['example_trigger_controller_dag']) retrieved from /Library/Frameworks/Python.framework/Versions/3.11/lib/python3.11/site-packages/airflow/example_dags/example_trigger_controller_dag.py
[2022-12-31T20:46:33.875+0100] {logging_mixin.py:137} INFO - [2022-12-31T20:46:33.875+0100] {dag.py:2676} INFO - Sync 1 DAGs
[2022-12-31T20:46:33.881+0100] {logging_mixin.py:137} INFO - [2022-12-31T20:46:33.881+0100] {dag.py:3423} INFO - Setting next_dagrun for example_trigger_controller_dag to 2021-01-01T00:00:00+00:00, run_after=2021-01-01T00:00:00+00:00
[2022-12-31T20:46:33.887+0100] {processor.py:175} INFO - Processing /Library/Frameworks/Python.framework/Versions/3.11/lib/python3.11/site-packages/airflow/example_dags/example_trigger_controller_dag.py took 0.469 seconds
[2022-12-31T20:48:34.086+0100] {processor.py:153} INFO - Started process (PID=92125) to work on /Library/Frameworks/Python.framework/Versions/3.11/lib/python3.11/site-packages/airflow/example_dags/example_trigger_controller_dag.py
[2022-12-31T20:48:34.091+0100] {processor.py:743} INFO - Processing file /Library/Frameworks/Python.framework/Versions/3.11/lib/python3.11/site-packages/airflow/example_dags/example_trigger_controller_dag.py for tasks to queue
[2022-12-31T20:48:34.092+0100] {logging_mixin.py:137} INFO - [2022-12-31T20:48:34.092+0100] {dagbag.py:538} INFO - Filling up the DagBag from /Library/Frameworks/Python.framework/Versions/3.11/lib/python3.11/site-packages/airflow/example_dags/example_trigger_controller_dag.py
[2022-12-31T20:48:34.107+0100] {processor.py:753} INFO - DAG(s) dict_keys(['example_trigger_controller_dag']) retrieved from /Library/Frameworks/Python.framework/Versions/3.11/lib/python3.11/site-packages/airflow/example_dags/example_trigger_controller_dag.py
[2022-12-31T20:48:34.520+0100] {logging_mixin.py:137} INFO - [2022-12-31T20:48:34.520+0100] {dag.py:2676} INFO - Sync 1 DAGs
[2022-12-31T20:48:34.526+0100] {logging_mixin.py:137} INFO - [2022-12-31T20:48:34.526+0100] {dag.py:3423} INFO - Setting next_dagrun for example_trigger_controller_dag to 2021-01-01T00:00:00+00:00, run_after=2021-01-01T00:00:00+00:00
[2022-12-31T20:48:34.531+0100] {processor.py:175} INFO - Processing /Library/Frameworks/Python.framework/Versions/3.11/lib/python3.11/site-packages/airflow/example_dags/example_trigger_controller_dag.py took 0.446 seconds
[2022-12-31T20:50:35.112+0100] {processor.py:153} INFO - Started process (PID=92375) to work on /Library/Frameworks/Python.framework/Versions/3.11/lib/python3.11/site-packages/airflow/example_dags/example_trigger_controller_dag.py
[2022-12-31T20:50:35.114+0100] {processor.py:743} INFO - Processing file /Library/Frameworks/Python.framework/Versions/3.11/lib/python3.11/site-packages/airflow/example_dags/example_trigger_controller_dag.py for tasks to queue
[2022-12-31T20:50:35.114+0100] {logging_mixin.py:137} INFO - [2022-12-31T20:50:35.114+0100] {dagbag.py:538} INFO - Filling up the DagBag from /Library/Frameworks/Python.framework/Versions/3.11/lib/python3.11/site-packages/airflow/example_dags/example_trigger_controller_dag.py
[2022-12-31T20:50:35.124+0100] {processor.py:753} INFO - DAG(s) dict_keys(['example_trigger_controller_dag']) retrieved from /Library/Frameworks/Python.framework/Versions/3.11/lib/python3.11/site-packages/airflow/example_dags/example_trigger_controller_dag.py
[2022-12-31T20:50:35.662+0100] {logging_mixin.py:137} INFO - [2022-12-31T20:50:35.662+0100] {dag.py:2676} INFO - Sync 1 DAGs
[2022-12-31T20:50:35.669+0100] {logging_mixin.py:137} INFO - [2022-12-31T20:50:35.669+0100] {dag.py:3423} INFO - Setting next_dagrun for example_trigger_controller_dag to 2021-01-01T00:00:00+00:00, run_after=2021-01-01T00:00:00+00:00
[2022-12-31T20:50:35.677+0100] {processor.py:175} INFO - Processing /Library/Frameworks/Python.framework/Versions/3.11/lib/python3.11/site-packages/airflow/example_dags/example_trigger_controller_dag.py took 0.565 seconds
[2022-12-31T20:53:02.818+0100] {processor.py:153} INFO - Started process (PID=92761) to work on /Library/Frameworks/Python.framework/Versions/3.11/lib/python3.11/site-packages/airflow/example_dags/example_trigger_controller_dag.py
[2022-12-31T20:53:02.825+0100] {processor.py:743} INFO - Processing file /Library/Frameworks/Python.framework/Versions/3.11/lib/python3.11/site-packages/airflow/example_dags/example_trigger_controller_dag.py for tasks to queue
[2022-12-31T20:53:02.825+0100] {logging_mixin.py:137} INFO - [2022-12-31T20:53:02.825+0100] {dagbag.py:538} INFO - Filling up the DagBag from /Library/Frameworks/Python.framework/Versions/3.11/lib/python3.11/site-packages/airflow/example_dags/example_trigger_controller_dag.py
[2022-12-31T20:53:02.836+0100] {processor.py:753} INFO - DAG(s) dict_keys(['example_trigger_controller_dag']) retrieved from /Library/Frameworks/Python.framework/Versions/3.11/lib/python3.11/site-packages/airflow/example_dags/example_trigger_controller_dag.py
[2022-12-31T20:53:03.364+0100] {logging_mixin.py:137} INFO - [2022-12-31T20:53:03.364+0100] {dag.py:2676} INFO - Sync 1 DAGs
[2022-12-31T20:53:03.370+0100] {logging_mixin.py:137} INFO - [2022-12-31T20:53:03.370+0100] {dag.py:3423} INFO - Setting next_dagrun for example_trigger_controller_dag to 2021-01-01T00:00:00+00:00, run_after=2021-01-01T00:00:00+00:00
[2022-12-31T20:53:03.377+0100] {processor.py:175} INFO - Processing /Library/Frameworks/Python.framework/Versions/3.11/lib/python3.11/site-packages/airflow/example_dags/example_trigger_controller_dag.py took 0.559 seconds
[2022-12-31T20:55:11.860+0100] {processor.py:153} INFO - Started process (PID=93145) to work on /Library/Frameworks/Python.framework/Versions/3.11/lib/python3.11/site-packages/airflow/example_dags/example_trigger_controller_dag.py
[2022-12-31T20:55:11.865+0100] {processor.py:743} INFO - Processing file /Library/Frameworks/Python.framework/Versions/3.11/lib/python3.11/site-packages/airflow/example_dags/example_trigger_controller_dag.py for tasks to queue
[2022-12-31T20:55:11.865+0100] {logging_mixin.py:137} INFO - [2022-12-31T20:55:11.865+0100] {dagbag.py:538} INFO - Filling up the DagBag from /Library/Frameworks/Python.framework/Versions/3.11/lib/python3.11/site-packages/airflow/example_dags/example_trigger_controller_dag.py
[2022-12-31T20:55:11.875+0100] {processor.py:753} INFO - DAG(s) dict_keys(['example_trigger_controller_dag']) retrieved from /Library/Frameworks/Python.framework/Versions/3.11/lib/python3.11/site-packages/airflow/example_dags/example_trigger_controller_dag.py
[2022-12-31T20:55:12.432+0100] {logging_mixin.py:137} INFO - [2022-12-31T20:55:12.432+0100] {dag.py:2676} INFO - Sync 1 DAGs
[2022-12-31T20:55:12.441+0100] {logging_mixin.py:137} INFO - [2022-12-31T20:55:12.441+0100] {dag.py:3423} INFO - Setting next_dagrun for example_trigger_controller_dag to 2021-01-01T00:00:00+00:00, run_after=2021-01-01T00:00:00+00:00
[2022-12-31T20:55:12.448+0100] {processor.py:175} INFO - Processing /Library/Frameworks/Python.framework/Versions/3.11/lib/python3.11/site-packages/airflow/example_dags/example_trigger_controller_dag.py took 0.590 seconds
[2022-12-31T20:56:24.009+0100] {processor.py:153} INFO - Started process (PID=93273) to work on /Library/Frameworks/Python.framework/Versions/3.11/lib/python3.11/site-packages/airflow/example_dags/example_trigger_controller_dag.py
[2022-12-31T20:56:24.014+0100] {processor.py:743} INFO - Processing file /Library/Frameworks/Python.framework/Versions/3.11/lib/python3.11/site-packages/airflow/example_dags/example_trigger_controller_dag.py for tasks to queue
[2022-12-31T20:56:24.014+0100] {logging_mixin.py:137} INFO - [2022-12-31T20:56:24.014+0100] {dagbag.py:538} INFO - Filling up the DagBag from /Library/Frameworks/Python.framework/Versions/3.11/lib/python3.11/site-packages/airflow/example_dags/example_trigger_controller_dag.py
[2022-12-31T20:56:24.024+0100] {processor.py:753} INFO - DAG(s) dict_keys(['example_trigger_controller_dag']) retrieved from /Library/Frameworks/Python.framework/Versions/3.11/lib/python3.11/site-packages/airflow/example_dags/example_trigger_controller_dag.py
[2022-12-31T20:56:24.517+0100] {logging_mixin.py:137} INFO - [2022-12-31T20:56:24.516+0100] {dag.py:2676} INFO - Sync 1 DAGs
[2022-12-31T20:56:24.524+0100] {logging_mixin.py:137} INFO - [2022-12-31T20:56:24.524+0100] {dag.py:3423} INFO - Setting next_dagrun for example_trigger_controller_dag to 2021-01-01T00:00:00+00:00, run_after=2021-01-01T00:00:00+00:00
[2022-12-31T20:56:24.531+0100] {processor.py:175} INFO - Processing /Library/Frameworks/Python.framework/Versions/3.11/lib/python3.11/site-packages/airflow/example_dags/example_trigger_controller_dag.py took 0.524 seconds
[2022-12-31T20:57:27.713+0100] {processor.py:153} INFO - Started process (PID=93412) to work on /Library/Frameworks/Python.framework/Versions/3.11/lib/python3.11/site-packages/airflow/example_dags/example_trigger_controller_dag.py
[2022-12-31T20:57:27.717+0100] {processor.py:743} INFO - Processing file /Library/Frameworks/Python.framework/Versions/3.11/lib/python3.11/site-packages/airflow/example_dags/example_trigger_controller_dag.py for tasks to queue
[2022-12-31T20:57:27.717+0100] {logging_mixin.py:137} INFO - [2022-12-31T20:57:27.717+0100] {dagbag.py:538} INFO - Filling up the DagBag from /Library/Frameworks/Python.framework/Versions/3.11/lib/python3.11/site-packages/airflow/example_dags/example_trigger_controller_dag.py
[2022-12-31T20:57:27.728+0100] {processor.py:753} INFO - DAG(s) dict_keys(['example_trigger_controller_dag']) retrieved from /Library/Frameworks/Python.framework/Versions/3.11/lib/python3.11/site-packages/airflow/example_dags/example_trigger_controller_dag.py
[2022-12-31T20:57:28.226+0100] {logging_mixin.py:137} INFO - [2022-12-31T20:57:28.226+0100] {dag.py:2676} INFO - Sync 1 DAGs
[2022-12-31T20:57:28.232+0100] {logging_mixin.py:137} INFO - [2022-12-31T20:57:28.232+0100] {dag.py:3423} INFO - Setting next_dagrun for example_trigger_controller_dag to 2021-01-01T00:00:00+00:00, run_after=2021-01-01T00:00:00+00:00
[2022-12-31T20:57:28.238+0100] {processor.py:175} INFO - Processing /Library/Frameworks/Python.framework/Versions/3.11/lib/python3.11/site-packages/airflow/example_dags/example_trigger_controller_dag.py took 0.527 seconds
[2022-12-31T20:58:26.804+0100] {processor.py:153} INFO - Started process (PID=93538) to work on /Library/Frameworks/Python.framework/Versions/3.11/lib/python3.11/site-packages/airflow/example_dags/example_trigger_controller_dag.py
[2022-12-31T20:58:26.809+0100] {processor.py:743} INFO - Processing file /Library/Frameworks/Python.framework/Versions/3.11/lib/python3.11/site-packages/airflow/example_dags/example_trigger_controller_dag.py for tasks to queue
[2022-12-31T20:58:26.810+0100] {logging_mixin.py:137} INFO - [2022-12-31T20:58:26.810+0100] {dagbag.py:538} INFO - Filling up the DagBag from /Library/Frameworks/Python.framework/Versions/3.11/lib/python3.11/site-packages/airflow/example_dags/example_trigger_controller_dag.py
[2022-12-31T20:58:26.829+0100] {processor.py:753} INFO - DAG(s) dict_keys(['example_trigger_controller_dag']) retrieved from /Library/Frameworks/Python.framework/Versions/3.11/lib/python3.11/site-packages/airflow/example_dags/example_trigger_controller_dag.py
[2022-12-31T20:58:27.261+0100] {logging_mixin.py:137} INFO - [2022-12-31T20:58:27.261+0100] {dag.py:2676} INFO - Sync 1 DAGs
[2022-12-31T20:58:27.268+0100] {logging_mixin.py:137} INFO - [2022-12-31T20:58:27.268+0100] {dag.py:3423} INFO - Setting next_dagrun for example_trigger_controller_dag to 2021-01-01T00:00:00+00:00, run_after=2021-01-01T00:00:00+00:00
[2022-12-31T20:58:27.275+0100] {processor.py:175} INFO - Processing /Library/Frameworks/Python.framework/Versions/3.11/lib/python3.11/site-packages/airflow/example_dags/example_trigger_controller_dag.py took 0.473 seconds
[2022-12-31T20:59:29.128+0100] {processor.py:153} INFO - Started process (PID=93665) to work on /Library/Frameworks/Python.framework/Versions/3.11/lib/python3.11/site-packages/airflow/example_dags/example_trigger_controller_dag.py
[2022-12-31T20:59:29.132+0100] {processor.py:743} INFO - Processing file /Library/Frameworks/Python.framework/Versions/3.11/lib/python3.11/site-packages/airflow/example_dags/example_trigger_controller_dag.py for tasks to queue
[2022-12-31T20:59:29.132+0100] {logging_mixin.py:137} INFO - [2022-12-31T20:59:29.132+0100] {dagbag.py:538} INFO - Filling up the DagBag from /Library/Frameworks/Python.framework/Versions/3.11/lib/python3.11/site-packages/airflow/example_dags/example_trigger_controller_dag.py
[2022-12-31T20:59:29.143+0100] {processor.py:753} INFO - DAG(s) dict_keys(['example_trigger_controller_dag']) retrieved from /Library/Frameworks/Python.framework/Versions/3.11/lib/python3.11/site-packages/airflow/example_dags/example_trigger_controller_dag.py
[2022-12-31T20:59:29.701+0100] {logging_mixin.py:137} INFO - [2022-12-31T20:59:29.701+0100] {dag.py:2676} INFO - Sync 1 DAGs
[2022-12-31T20:59:29.715+0100] {logging_mixin.py:137} INFO - [2022-12-31T20:59:29.715+0100] {dag.py:3423} INFO - Setting next_dagrun for example_trigger_controller_dag to 2021-01-01T00:00:00+00:00, run_after=2021-01-01T00:00:00+00:00
[2022-12-31T20:59:29.722+0100] {processor.py:175} INFO - Processing /Library/Frameworks/Python.framework/Versions/3.11/lib/python3.11/site-packages/airflow/example_dags/example_trigger_controller_dag.py took 0.595 seconds
[2022-12-31T21:00:32.159+0100] {processor.py:153} INFO - Started process (PID=93785) to work on /Library/Frameworks/Python.framework/Versions/3.11/lib/python3.11/site-packages/airflow/example_dags/example_trigger_controller_dag.py
[2022-12-31T21:00:32.163+0100] {processor.py:743} INFO - Processing file /Library/Frameworks/Python.framework/Versions/3.11/lib/python3.11/site-packages/airflow/example_dags/example_trigger_controller_dag.py for tasks to queue
[2022-12-31T21:00:32.163+0100] {logging_mixin.py:137} INFO - [2022-12-31T21:00:32.163+0100] {dagbag.py:538} INFO - Filling up the DagBag from /Library/Frameworks/Python.framework/Versions/3.11/lib/python3.11/site-packages/airflow/example_dags/example_trigger_controller_dag.py
[2022-12-31T21:00:32.173+0100] {processor.py:753} INFO - DAG(s) dict_keys(['example_trigger_controller_dag']) retrieved from /Library/Frameworks/Python.framework/Versions/3.11/lib/python3.11/site-packages/airflow/example_dags/example_trigger_controller_dag.py
[2022-12-31T21:00:32.703+0100] {logging_mixin.py:137} INFO - [2022-12-31T21:00:32.703+0100] {dag.py:2676} INFO - Sync 1 DAGs
[2022-12-31T21:00:32.712+0100] {logging_mixin.py:137} INFO - [2022-12-31T21:00:32.712+0100] {dag.py:3423} INFO - Setting next_dagrun for example_trigger_controller_dag to 2021-01-01T00:00:00+00:00, run_after=2021-01-01T00:00:00+00:00
[2022-12-31T21:00:32.720+0100] {processor.py:175} INFO - Processing /Library/Frameworks/Python.framework/Versions/3.11/lib/python3.11/site-packages/airflow/example_dags/example_trigger_controller_dag.py took 0.562 seconds
[2022-12-31T21:01:32.156+0100] {processor.py:153} INFO - Started process (PID=93922) to work on /Library/Frameworks/Python.framework/Versions/3.11/lib/python3.11/site-packages/airflow/example_dags/example_trigger_controller_dag.py
[2022-12-31T21:01:32.161+0100] {processor.py:743} INFO - Processing file /Library/Frameworks/Python.framework/Versions/3.11/lib/python3.11/site-packages/airflow/example_dags/example_trigger_controller_dag.py for tasks to queue
[2022-12-31T21:01:32.161+0100] {logging_mixin.py:137} INFO - [2022-12-31T21:01:32.161+0100] {dagbag.py:538} INFO - Filling up the DagBag from /Library/Frameworks/Python.framework/Versions/3.11/lib/python3.11/site-packages/airflow/example_dags/example_trigger_controller_dag.py
[2022-12-31T21:01:32.191+0100] {processor.py:753} INFO - DAG(s) dict_keys(['example_trigger_controller_dag']) retrieved from /Library/Frameworks/Python.framework/Versions/3.11/lib/python3.11/site-packages/airflow/example_dags/example_trigger_controller_dag.py
[2022-12-31T21:01:32.790+0100] {logging_mixin.py:137} INFO - [2022-12-31T21:01:32.790+0100] {dag.py:2676} INFO - Sync 1 DAGs
[2022-12-31T21:01:32.797+0100] {logging_mixin.py:137} INFO - [2022-12-31T21:01:32.797+0100] {dag.py:3423} INFO - Setting next_dagrun for example_trigger_controller_dag to 2021-01-01T00:00:00+00:00, run_after=2021-01-01T00:00:00+00:00
[2022-12-31T21:01:32.804+0100] {processor.py:175} INFO - Processing /Library/Frameworks/Python.framework/Versions/3.11/lib/python3.11/site-packages/airflow/example_dags/example_trigger_controller_dag.py took 0.648 seconds
[2022-12-31T21:02:32.291+0100] {processor.py:153} INFO - Started process (PID=94110) to work on /Library/Frameworks/Python.framework/Versions/3.11/lib/python3.11/site-packages/airflow/example_dags/example_trigger_controller_dag.py
[2022-12-31T21:02:32.295+0100] {processor.py:743} INFO - Processing file /Library/Frameworks/Python.framework/Versions/3.11/lib/python3.11/site-packages/airflow/example_dags/example_trigger_controller_dag.py for tasks to queue
[2022-12-31T21:02:32.295+0100] {logging_mixin.py:137} INFO - [2022-12-31T21:02:32.295+0100] {dagbag.py:538} INFO - Filling up the DagBag from /Library/Frameworks/Python.framework/Versions/3.11/lib/python3.11/site-packages/airflow/example_dags/example_trigger_controller_dag.py
[2022-12-31T21:02:32.308+0100] {processor.py:753} INFO - DAG(s) dict_keys(['example_trigger_controller_dag']) retrieved from /Library/Frameworks/Python.framework/Versions/3.11/lib/python3.11/site-packages/airflow/example_dags/example_trigger_controller_dag.py
[2022-12-31T21:02:32.736+0100] {logging_mixin.py:137} INFO - [2022-12-31T21:02:32.736+0100] {dag.py:2676} INFO - Sync 1 DAGs
[2022-12-31T21:02:32.742+0100] {logging_mixin.py:137} INFO - [2022-12-31T21:02:32.742+0100] {dag.py:3423} INFO - Setting next_dagrun for example_trigger_controller_dag to 2021-01-01T00:00:00+00:00, run_after=2021-01-01T00:00:00+00:00
[2022-12-31T21:02:32.749+0100] {processor.py:175} INFO - Processing /Library/Frameworks/Python.framework/Versions/3.11/lib/python3.11/site-packages/airflow/example_dags/example_trigger_controller_dag.py took 0.459 seconds
[2022-12-31T21:03:35.581+0100] {processor.py:153} INFO - Started process (PID=94320) to work on /Library/Frameworks/Python.framework/Versions/3.11/lib/python3.11/site-packages/airflow/example_dags/example_trigger_controller_dag.py
[2022-12-31T21:03:35.591+0100] {processor.py:743} INFO - Processing file /Library/Frameworks/Python.framework/Versions/3.11/lib/python3.11/site-packages/airflow/example_dags/example_trigger_controller_dag.py for tasks to queue
[2022-12-31T21:03:35.599+0100] {logging_mixin.py:137} INFO - [2022-12-31T21:03:35.598+0100] {dagbag.py:538} INFO - Filling up the DagBag from /Library/Frameworks/Python.framework/Versions/3.11/lib/python3.11/site-packages/airflow/example_dags/example_trigger_controller_dag.py
[2022-12-31T21:03:35.645+0100] {processor.py:753} INFO - DAG(s) dict_keys(['example_trigger_controller_dag']) retrieved from /Library/Frameworks/Python.framework/Versions/3.11/lib/python3.11/site-packages/airflow/example_dags/example_trigger_controller_dag.py
[2022-12-31T21:03:36.245+0100] {logging_mixin.py:137} INFO - [2022-12-31T21:03:36.245+0100] {dag.py:2676} INFO - Sync 1 DAGs
[2022-12-31T21:03:36.252+0100] {logging_mixin.py:137} INFO - [2022-12-31T21:03:36.252+0100] {dag.py:3423} INFO - Setting next_dagrun for example_trigger_controller_dag to 2021-01-01T00:00:00+00:00, run_after=2021-01-01T00:00:00+00:00
[2022-12-31T21:03:36.259+0100] {processor.py:175} INFO - Processing /Library/Frameworks/Python.framework/Versions/3.11/lib/python3.11/site-packages/airflow/example_dags/example_trigger_controller_dag.py took 0.679 seconds
[2022-12-31T21:04:40.255+0100] {processor.py:153} INFO - Started process (PID=94437) to work on /Library/Frameworks/Python.framework/Versions/3.11/lib/python3.11/site-packages/airflow/example_dags/example_trigger_controller_dag.py
[2022-12-31T21:04:40.260+0100] {processor.py:743} INFO - Processing file /Library/Frameworks/Python.framework/Versions/3.11/lib/python3.11/site-packages/airflow/example_dags/example_trigger_controller_dag.py for tasks to queue
[2022-12-31T21:04:40.260+0100] {logging_mixin.py:137} INFO - [2022-12-31T21:04:40.260+0100] {dagbag.py:538} INFO - Filling up the DagBag from /Library/Frameworks/Python.framework/Versions/3.11/lib/python3.11/site-packages/airflow/example_dags/example_trigger_controller_dag.py
[2022-12-31T21:04:40.270+0100] {processor.py:753} INFO - DAG(s) dict_keys(['example_trigger_controller_dag']) retrieved from /Library/Frameworks/Python.framework/Versions/3.11/lib/python3.11/site-packages/airflow/example_dags/example_trigger_controller_dag.py
[2022-12-31T21:04:40.691+0100] {logging_mixin.py:137} INFO - [2022-12-31T21:04:40.691+0100] {dag.py:2676} INFO - Sync 1 DAGs
[2022-12-31T21:04:40.698+0100] {logging_mixin.py:137} INFO - [2022-12-31T21:04:40.698+0100] {dag.py:3423} INFO - Setting next_dagrun for example_trigger_controller_dag to 2021-01-01T00:00:00+00:00, run_after=2021-01-01T00:00:00+00:00
[2022-12-31T21:04:40.705+0100] {processor.py:175} INFO - Processing /Library/Frameworks/Python.framework/Versions/3.11/lib/python3.11/site-packages/airflow/example_dags/example_trigger_controller_dag.py took 0.451 seconds
[2022-12-31T21:05:39.456+0100] {processor.py:153} INFO - Started process (PID=94584) to work on /Library/Frameworks/Python.framework/Versions/3.11/lib/python3.11/site-packages/airflow/example_dags/example_trigger_controller_dag.py
[2022-12-31T21:05:39.458+0100] {processor.py:743} INFO - Processing file /Library/Frameworks/Python.framework/Versions/3.11/lib/python3.11/site-packages/airflow/example_dags/example_trigger_controller_dag.py for tasks to queue
[2022-12-31T21:05:39.459+0100] {logging_mixin.py:137} INFO - [2022-12-31T21:05:39.459+0100] {dagbag.py:538} INFO - Filling up the DagBag from /Library/Frameworks/Python.framework/Versions/3.11/lib/python3.11/site-packages/airflow/example_dags/example_trigger_controller_dag.py
[2022-12-31T21:05:39.472+0100] {processor.py:753} INFO - DAG(s) dict_keys(['example_trigger_controller_dag']) retrieved from /Library/Frameworks/Python.framework/Versions/3.11/lib/python3.11/site-packages/airflow/example_dags/example_trigger_controller_dag.py
[2022-12-31T21:05:39.905+0100] {logging_mixin.py:137} INFO - [2022-12-31T21:05:39.904+0100] {dag.py:2676} INFO - Sync 1 DAGs
[2022-12-31T21:05:39.912+0100] {logging_mixin.py:137} INFO - [2022-12-31T21:05:39.912+0100] {dag.py:3423} INFO - Setting next_dagrun for example_trigger_controller_dag to 2021-01-01T00:00:00+00:00, run_after=2021-01-01T00:00:00+00:00
[2022-12-31T21:05:39.917+0100] {processor.py:175} INFO - Processing /Library/Frameworks/Python.framework/Versions/3.11/lib/python3.11/site-packages/airflow/example_dags/example_trigger_controller_dag.py took 0.463 seconds
[2022-12-31T21:06:33.972+0100] {processor.py:153} INFO - Started process (PID=94675) to work on /Library/Frameworks/Python.framework/Versions/3.11/lib/python3.11/site-packages/airflow/example_dags/example_trigger_controller_dag.py
[2022-12-31T21:06:33.976+0100] {processor.py:743} INFO - Processing file /Library/Frameworks/Python.framework/Versions/3.11/lib/python3.11/site-packages/airflow/example_dags/example_trigger_controller_dag.py for tasks to queue
[2022-12-31T21:06:33.976+0100] {logging_mixin.py:137} INFO - [2022-12-31T21:06:33.976+0100] {dagbag.py:538} INFO - Filling up the DagBag from /Library/Frameworks/Python.framework/Versions/3.11/lib/python3.11/site-packages/airflow/example_dags/example_trigger_controller_dag.py
[2022-12-31T21:06:33.992+0100] {processor.py:753} INFO - DAG(s) dict_keys(['example_trigger_controller_dag']) retrieved from /Library/Frameworks/Python.framework/Versions/3.11/lib/python3.11/site-packages/airflow/example_dags/example_trigger_controller_dag.py
[2022-12-31T21:06:34.399+0100] {logging_mixin.py:137} INFO - [2022-12-31T21:06:34.399+0100] {dag.py:2676} INFO - Sync 1 DAGs
[2022-12-31T21:06:34.406+0100] {logging_mixin.py:137} INFO - [2022-12-31T21:06:34.406+0100] {dag.py:3423} INFO - Setting next_dagrun for example_trigger_controller_dag to 2021-01-01T00:00:00+00:00, run_after=2021-01-01T00:00:00+00:00
[2022-12-31T21:06:34.412+0100] {processor.py:175} INFO - Processing /Library/Frameworks/Python.framework/Versions/3.11/lib/python3.11/site-packages/airflow/example_dags/example_trigger_controller_dag.py took 0.444 seconds
[2022-12-31T21:07:27.612+0100] {processor.py:153} INFO - Started process (PID=94768) to work on /Library/Frameworks/Python.framework/Versions/3.11/lib/python3.11/site-packages/airflow/example_dags/example_trigger_controller_dag.py
[2022-12-31T21:07:27.614+0100] {processor.py:743} INFO - Processing file /Library/Frameworks/Python.framework/Versions/3.11/lib/python3.11/site-packages/airflow/example_dags/example_trigger_controller_dag.py for tasks to queue
[2022-12-31T21:07:27.614+0100] {logging_mixin.py:137} INFO - [2022-12-31T21:07:27.614+0100] {dagbag.py:538} INFO - Filling up the DagBag from /Library/Frameworks/Python.framework/Versions/3.11/lib/python3.11/site-packages/airflow/example_dags/example_trigger_controller_dag.py
[2022-12-31T21:07:27.626+0100] {processor.py:753} INFO - DAG(s) dict_keys(['example_trigger_controller_dag']) retrieved from /Library/Frameworks/Python.framework/Versions/3.11/lib/python3.11/site-packages/airflow/example_dags/example_trigger_controller_dag.py
[2022-12-31T21:07:28.085+0100] {logging_mixin.py:137} INFO - [2022-12-31T21:07:28.084+0100] {dag.py:2676} INFO - Sync 1 DAGs
[2022-12-31T21:07:28.091+0100] {logging_mixin.py:137} INFO - [2022-12-31T21:07:28.091+0100] {dag.py:3423} INFO - Setting next_dagrun for example_trigger_controller_dag to 2021-01-01T00:00:00+00:00, run_after=2021-01-01T00:00:00+00:00
[2022-12-31T21:07:28.097+0100] {processor.py:175} INFO - Processing /Library/Frameworks/Python.framework/Versions/3.11/lib/python3.11/site-packages/airflow/example_dags/example_trigger_controller_dag.py took 0.485 seconds
[2022-12-31T21:08:25.444+0100] {processor.py:153} INFO - Started process (PID=94926) to work on /Library/Frameworks/Python.framework/Versions/3.11/lib/python3.11/site-packages/airflow/example_dags/example_trigger_controller_dag.py
[2022-12-31T21:08:25.446+0100] {processor.py:743} INFO - Processing file /Library/Frameworks/Python.framework/Versions/3.11/lib/python3.11/site-packages/airflow/example_dags/example_trigger_controller_dag.py for tasks to queue
[2022-12-31T21:08:25.447+0100] {logging_mixin.py:137} INFO - [2022-12-31T21:08:25.447+0100] {dagbag.py:538} INFO - Filling up the DagBag from /Library/Frameworks/Python.framework/Versions/3.11/lib/python3.11/site-packages/airflow/example_dags/example_trigger_controller_dag.py
[2022-12-31T21:08:25.465+0100] {processor.py:753} INFO - DAG(s) dict_keys(['example_trigger_controller_dag']) retrieved from /Library/Frameworks/Python.framework/Versions/3.11/lib/python3.11/site-packages/airflow/example_dags/example_trigger_controller_dag.py
[2022-12-31T21:08:25.985+0100] {logging_mixin.py:137} INFO - [2022-12-31T21:08:25.985+0100] {dag.py:2676} INFO - Sync 1 DAGs
[2022-12-31T21:08:25.992+0100] {logging_mixin.py:137} INFO - [2022-12-31T21:08:25.992+0100] {dag.py:3423} INFO - Setting next_dagrun for example_trigger_controller_dag to 2021-01-01T00:00:00+00:00, run_after=2021-01-01T00:00:00+00:00
[2022-12-31T21:08:26.004+0100] {processor.py:175} INFO - Processing /Library/Frameworks/Python.framework/Versions/3.11/lib/python3.11/site-packages/airflow/example_dags/example_trigger_controller_dag.py took 0.560 seconds
[2022-12-31 20:08:42,147] {scheduler_job.py:182} INFO - Started process (PID=86) to work on /home/airflow/.local/lib/python3.6/site-packages/airflow/example_dags/example_trigger_controller_dag.py
[2022-12-31 20:08:42,161] {scheduler_job.py:629} INFO - Processing file /home/airflow/.local/lib/python3.6/site-packages/airflow/example_dags/example_trigger_controller_dag.py for tasks to queue
[2022-12-31 20:08:42,181] {logging_mixin.py:104} INFO - [2022-12-31 20:08:42,180] {dagbag.py:451} INFO - Filling up the DagBag from /home/airflow/.local/lib/python3.6/site-packages/airflow/example_dags/example_trigger_controller_dag.py
[2022-12-31 20:08:42,522] {scheduler_job.py:639} INFO - DAG(s) dict_keys(['example_trigger_controller_dag']) retrieved from /home/airflow/.local/lib/python3.6/site-packages/airflow/example_dags/example_trigger_controller_dag.py
[2022-12-31 20:08:42,848] {logging_mixin.py:104} INFO - [2022-12-31 20:08:42,847] {dag.py:1824} INFO - Sync 1 DAGs
[2022-12-31 20:08:43,118] {logging_mixin.py:104} INFO - [2022-12-31 20:08:43,118] {dag.py:2280} INFO - Setting next_dagrun for example_trigger_controller_dag to 2022-12-29 00:00:00+00:00
[2022-12-31 20:08:43,372] {scheduler_job.py:190} INFO - Processing /home/airflow/.local/lib/python3.6/site-packages/airflow/example_dags/example_trigger_controller_dag.py took 1.260 seconds
[2022-12-31 20:09:13,552] {scheduler_job.py:182} INFO - Started process (PID=140) to work on /home/airflow/.local/lib/python3.6/site-packages/airflow/example_dags/example_trigger_controller_dag.py
[2022-12-31 20:09:13,556] {scheduler_job.py:629} INFO - Processing file /home/airflow/.local/lib/python3.6/site-packages/airflow/example_dags/example_trigger_controller_dag.py for tasks to queue
[2022-12-31 20:09:13,559] {logging_mixin.py:104} INFO - [2022-12-31 20:09:13,559] {dagbag.py:451} INFO - Filling up the DagBag from /home/airflow/.local/lib/python3.6/site-packages/airflow/example_dags/example_trigger_controller_dag.py
[2022-12-31 20:09:13,598] {scheduler_job.py:639} INFO - DAG(s) dict_keys(['example_trigger_controller_dag']) retrieved from /home/airflow/.local/lib/python3.6/site-packages/airflow/example_dags/example_trigger_controller_dag.py
[2022-12-31 20:09:13,688] {logging_mixin.py:104} INFO - [2022-12-31 20:09:13,687] {dag.py:1824} INFO - Sync 1 DAGs
[2022-12-31 20:09:13,782] {logging_mixin.py:104} INFO - [2022-12-31 20:09:13,781] {dag.py:2280} INFO - Setting next_dagrun for example_trigger_controller_dag to 2022-12-29 00:00:00+00:00
[2022-12-31 20:09:13,817] {scheduler_job.py:190} INFO - Processing /home/airflow/.local/lib/python3.6/site-packages/airflow/example_dags/example_trigger_controller_dag.py took 0.273 seconds
[2022-12-31T21:09:25.720+0100] {processor.py:153} INFO - Started process (PID=95085) to work on /Library/Frameworks/Python.framework/Versions/3.11/lib/python3.11/site-packages/airflow/example_dags/example_trigger_controller_dag.py
[2022-12-31T21:09:25.724+0100] {processor.py:743} INFO - Processing file /Library/Frameworks/Python.framework/Versions/3.11/lib/python3.11/site-packages/airflow/example_dags/example_trigger_controller_dag.py for tasks to queue
[2022-12-31T21:09:25.724+0100] {logging_mixin.py:137} INFO - [2022-12-31T21:09:25.724+0100] {dagbag.py:538} INFO - Filling up the DagBag from /Library/Frameworks/Python.framework/Versions/3.11/lib/python3.11/site-packages/airflow/example_dags/example_trigger_controller_dag.py
[2022-12-31T21:09:25.743+0100] {processor.py:753} INFO - DAG(s) dict_keys(['example_trigger_controller_dag']) retrieved from /Library/Frameworks/Python.framework/Versions/3.11/lib/python3.11/site-packages/airflow/example_dags/example_trigger_controller_dag.py
[2022-12-31T21:09:26.350+0100] {logging_mixin.py:137} INFO - [2022-12-31T21:09:26.349+0100] {dag.py:2676} INFO - Sync 1 DAGs
[2022-12-31T21:09:26.363+0100] {logging_mixin.py:137} INFO - [2022-12-31T21:09:26.363+0100] {dag.py:3423} INFO - Setting next_dagrun for example_trigger_controller_dag to 2021-01-01T00:00:00+00:00, run_after=2021-01-01T00:00:00+00:00
[2022-12-31T21:09:26.374+0100] {processor.py:175} INFO - Processing /Library/Frameworks/Python.framework/Versions/3.11/lib/python3.11/site-packages/airflow/example_dags/example_trigger_controller_dag.py took 0.655 seconds
[2022-12-31 20:09:43,975] {scheduler_job.py:182} INFO - Started process (PID=194) to work on /home/airflow/.local/lib/python3.6/site-packages/airflow/example_dags/example_trigger_controller_dag.py
[2022-12-31 20:09:43,979] {scheduler_job.py:629} INFO - Processing file /home/airflow/.local/lib/python3.6/site-packages/airflow/example_dags/example_trigger_controller_dag.py for tasks to queue
[2022-12-31 20:09:43,983] {logging_mixin.py:104} INFO - [2022-12-31 20:09:43,983] {dagbag.py:451} INFO - Filling up the DagBag from /home/airflow/.local/lib/python3.6/site-packages/airflow/example_dags/example_trigger_controller_dag.py
[2022-12-31 20:09:44,034] {scheduler_job.py:639} INFO - DAG(s) dict_keys(['example_trigger_controller_dag']) retrieved from /home/airflow/.local/lib/python3.6/site-packages/airflow/example_dags/example_trigger_controller_dag.py
[2022-12-31 20:09:44,111] {logging_mixin.py:104} INFO - [2022-12-31 20:09:44,110] {dag.py:1824} INFO - Sync 1 DAGs
[2022-12-31 20:09:44,186] {logging_mixin.py:104} INFO - [2022-12-31 20:09:44,186] {dag.py:2280} INFO - Setting next_dagrun for example_trigger_controller_dag to 2022-12-29 00:00:00+00:00
[2022-12-31 20:09:44,220] {scheduler_job.py:190} INFO - Processing /home/airflow/.local/lib/python3.6/site-packages/airflow/example_dags/example_trigger_controller_dag.py took 0.255 seconds
[2022-12-31T21:10:27.764+0100] {processor.py:153} INFO - Started process (PID=95238) to work on /Library/Frameworks/Python.framework/Versions/3.11/lib/python3.11/site-packages/airflow/example_dags/example_trigger_controller_dag.py
[2022-12-31T21:10:27.767+0100] {processor.py:743} INFO - Processing file /Library/Frameworks/Python.framework/Versions/3.11/lib/python3.11/site-packages/airflow/example_dags/example_trigger_controller_dag.py for tasks to queue
[2022-12-31T21:10:27.767+0100] {logging_mixin.py:137} INFO - [2022-12-31T21:10:27.767+0100] {dagbag.py:538} INFO - Filling up the DagBag from /Library/Frameworks/Python.framework/Versions/3.11/lib/python3.11/site-packages/airflow/example_dags/example_trigger_controller_dag.py
[2022-12-31T21:10:27.777+0100] {processor.py:753} INFO - DAG(s) dict_keys(['example_trigger_controller_dag']) retrieved from /Library/Frameworks/Python.framework/Versions/3.11/lib/python3.11/site-packages/airflow/example_dags/example_trigger_controller_dag.py
[2022-12-31T21:10:28.232+0100] {logging_mixin.py:137} INFO - [2022-12-31T21:10:28.232+0100] {dag.py:2676} INFO - Sync 1 DAGs
[2022-12-31T21:10:28.238+0100] {logging_mixin.py:137} INFO - [2022-12-31T21:10:28.238+0100] {dag.py:3423} INFO - Setting next_dagrun for example_trigger_controller_dag to 2021-01-01T00:00:00+00:00, run_after=2021-01-01T00:00:00+00:00
[2022-12-31T21:10:28.244+0100] {processor.py:175} INFO - Processing /Library/Frameworks/Python.framework/Versions/3.11/lib/python3.11/site-packages/airflow/example_dags/example_trigger_controller_dag.py took 0.482 seconds
[2022-12-31T21:11:30.225+0100] {processor.py:153} INFO - Started process (PID=95439) to work on /Library/Frameworks/Python.framework/Versions/3.11/lib/python3.11/site-packages/airflow/example_dags/example_trigger_controller_dag.py
[2022-12-31T21:11:30.230+0100] {processor.py:743} INFO - Processing file /Library/Frameworks/Python.framework/Versions/3.11/lib/python3.11/site-packages/airflow/example_dags/example_trigger_controller_dag.py for tasks to queue
[2022-12-31T21:11:30.230+0100] {logging_mixin.py:137} INFO - [2022-12-31T21:11:30.230+0100] {dagbag.py:538} INFO - Filling up the DagBag from /Library/Frameworks/Python.framework/Versions/3.11/lib/python3.11/site-packages/airflow/example_dags/example_trigger_controller_dag.py
[2022-12-31T21:11:30.240+0100] {processor.py:753} INFO - DAG(s) dict_keys(['example_trigger_controller_dag']) retrieved from /Library/Frameworks/Python.framework/Versions/3.11/lib/python3.11/site-packages/airflow/example_dags/example_trigger_controller_dag.py
[2022-12-31T21:11:30.821+0100] {logging_mixin.py:137} INFO - [2022-12-31T21:11:30.821+0100] {dag.py:2676} INFO - Sync 1 DAGs
[2022-12-31T21:11:30.839+0100] {logging_mixin.py:137} INFO - [2022-12-31T21:11:30.839+0100] {dag.py:3423} INFO - Setting next_dagrun for example_trigger_controller_dag to 2021-01-01T00:00:00+00:00, run_after=2021-01-01T00:00:00+00:00
[2022-12-31T21:11:30.848+0100] {processor.py:175} INFO - Processing /Library/Frameworks/Python.framework/Versions/3.11/lib/python3.11/site-packages/airflow/example_dags/example_trigger_controller_dag.py took 0.625 seconds
[2022-12-31T21:12:31.470+0100] {processor.py:153} INFO - Started process (PID=95553) to work on /Library/Frameworks/Python.framework/Versions/3.11/lib/python3.11/site-packages/airflow/example_dags/example_trigger_controller_dag.py
[2022-12-31T21:12:31.475+0100] {processor.py:743} INFO - Processing file /Library/Frameworks/Python.framework/Versions/3.11/lib/python3.11/site-packages/airflow/example_dags/example_trigger_controller_dag.py for tasks to queue
[2022-12-31T21:12:31.475+0100] {logging_mixin.py:137} INFO - [2022-12-31T21:12:31.475+0100] {dagbag.py:538} INFO - Filling up the DagBag from /Library/Frameworks/Python.framework/Versions/3.11/lib/python3.11/site-packages/airflow/example_dags/example_trigger_controller_dag.py
[2022-12-31T21:12:31.485+0100] {processor.py:753} INFO - DAG(s) dict_keys(['example_trigger_controller_dag']) retrieved from /Library/Frameworks/Python.framework/Versions/3.11/lib/python3.11/site-packages/airflow/example_dags/example_trigger_controller_dag.py
[2022-12-31T21:12:31.925+0100] {logging_mixin.py:137} INFO - [2022-12-31T21:12:31.925+0100] {dag.py:2676} INFO - Sync 1 DAGs
[2022-12-31T21:12:31.932+0100] {logging_mixin.py:137} INFO - [2022-12-31T21:12:31.932+0100] {dag.py:3423} INFO - Setting next_dagrun for example_trigger_controller_dag to 2021-01-01T00:00:00+00:00, run_after=2021-01-01T00:00:00+00:00
[2022-12-31T21:12:31.938+0100] {processor.py:175} INFO - Processing /Library/Frameworks/Python.framework/Versions/3.11/lib/python3.11/site-packages/airflow/example_dags/example_trigger_controller_dag.py took 0.469 seconds
[2022-12-31T21:13:40.172+0100] {processor.py:153} INFO - Started process (PID=95705) to work on /Library/Frameworks/Python.framework/Versions/3.11/lib/python3.11/site-packages/airflow/example_dags/example_trigger_controller_dag.py
[2022-12-31T21:13:40.178+0100] {processor.py:743} INFO - Processing file /Library/Frameworks/Python.framework/Versions/3.11/lib/python3.11/site-packages/airflow/example_dags/example_trigger_controller_dag.py for tasks to queue
[2022-12-31T21:13:40.178+0100] {logging_mixin.py:137} INFO - [2022-12-31T21:13:40.178+0100] {dagbag.py:538} INFO - Filling up the DagBag from /Library/Frameworks/Python.framework/Versions/3.11/lib/python3.11/site-packages/airflow/example_dags/example_trigger_controller_dag.py
[2022-12-31T21:13:40.213+0100] {processor.py:753} INFO - DAG(s) dict_keys(['example_trigger_controller_dag']) retrieved from /Library/Frameworks/Python.framework/Versions/3.11/lib/python3.11/site-packages/airflow/example_dags/example_trigger_controller_dag.py
[2022-12-31T21:13:40.780+0100] {logging_mixin.py:137} INFO - [2022-12-31T21:13:40.780+0100] {dag.py:2676} INFO - Sync 1 DAGs
[2022-12-31T21:13:40.787+0100] {logging_mixin.py:137} INFO - [2022-12-31T21:13:40.787+0100] {dag.py:3423} INFO - Setting next_dagrun for example_trigger_controller_dag to 2021-01-01T00:00:00+00:00, run_after=2021-01-01T00:00:00+00:00
[2022-12-31T21:13:40.795+0100] {processor.py:175} INFO - Processing /Library/Frameworks/Python.framework/Versions/3.11/lib/python3.11/site-packages/airflow/example_dags/example_trigger_controller_dag.py took 0.623 seconds
[2022-12-31T21:14:41.879+0100] {processor.py:153} INFO - Started process (PID=95813) to work on /Library/Frameworks/Python.framework/Versions/3.11/lib/python3.11/site-packages/airflow/example_dags/example_trigger_controller_dag.py
[2022-12-31T21:14:41.882+0100] {processor.py:743} INFO - Processing file /Library/Frameworks/Python.framework/Versions/3.11/lib/python3.11/site-packages/airflow/example_dags/example_trigger_controller_dag.py for tasks to queue
[2022-12-31T21:14:41.882+0100] {logging_mixin.py:137} INFO - [2022-12-31T21:14:41.882+0100] {dagbag.py:538} INFO - Filling up the DagBag from /Library/Frameworks/Python.framework/Versions/3.11/lib/python3.11/site-packages/airflow/example_dags/example_trigger_controller_dag.py
[2022-12-31T21:14:41.892+0100] {processor.py:753} INFO - DAG(s) dict_keys(['example_trigger_controller_dag']) retrieved from /Library/Frameworks/Python.framework/Versions/3.11/lib/python3.11/site-packages/airflow/example_dags/example_trigger_controller_dag.py
[2022-12-31T21:14:42.311+0100] {logging_mixin.py:137} INFO - [2022-12-31T21:14:42.310+0100] {dag.py:2676} INFO - Sync 1 DAGs
[2022-12-31T21:14:42.317+0100] {logging_mixin.py:137} INFO - [2022-12-31T21:14:42.316+0100] {dag.py:3423} INFO - Setting next_dagrun for example_trigger_controller_dag to 2021-01-01T00:00:00+00:00, run_after=2021-01-01T00:00:00+00:00
[2022-12-31T21:14:42.323+0100] {processor.py:175} INFO - Processing /Library/Frameworks/Python.framework/Versions/3.11/lib/python3.11/site-packages/airflow/example_dags/example_trigger_controller_dag.py took 0.444 seconds
[2022-12-31T21:15:39.105+0100] {processor.py:153} INFO - Started process (PID=95979) to work on /Library/Frameworks/Python.framework/Versions/3.11/lib/python3.11/site-packages/airflow/example_dags/example_trigger_controller_dag.py
[2022-12-31T21:15:39.110+0100] {processor.py:743} INFO - Processing file /Library/Frameworks/Python.framework/Versions/3.11/lib/python3.11/site-packages/airflow/example_dags/example_trigger_controller_dag.py for tasks to queue
[2022-12-31T21:15:39.110+0100] {logging_mixin.py:137} INFO - [2022-12-31T21:15:39.110+0100] {dagbag.py:538} INFO - Filling up the DagBag from /Library/Frameworks/Python.framework/Versions/3.11/lib/python3.11/site-packages/airflow/example_dags/example_trigger_controller_dag.py
[2022-12-31T21:15:39.120+0100] {processor.py:753} INFO - DAG(s) dict_keys(['example_trigger_controller_dag']) retrieved from /Library/Frameworks/Python.framework/Versions/3.11/lib/python3.11/site-packages/airflow/example_dags/example_trigger_controller_dag.py
[2022-12-31T21:15:39.551+0100] {logging_mixin.py:137} INFO - [2022-12-31T21:15:39.551+0100] {dag.py:2676} INFO - Sync 1 DAGs
[2022-12-31T21:15:39.557+0100] {logging_mixin.py:137} INFO - [2022-12-31T21:15:39.557+0100] {dag.py:3423} INFO - Setting next_dagrun for example_trigger_controller_dag to 2021-01-01T00:00:00+00:00, run_after=2021-01-01T00:00:00+00:00
[2022-12-31T21:15:39.563+0100] {processor.py:175} INFO - Processing /Library/Frameworks/Python.framework/Versions/3.11/lib/python3.11/site-packages/airflow/example_dags/example_trigger_controller_dag.py took 0.459 seconds
[2022-12-31T21:16:33.565+0100] {processor.py:153} INFO - Started process (PID=96090) to work on /Library/Frameworks/Python.framework/Versions/3.11/lib/python3.11/site-packages/airflow/example_dags/example_trigger_controller_dag.py
[2022-12-31T21:16:33.569+0100] {processor.py:743} INFO - Processing file /Library/Frameworks/Python.framework/Versions/3.11/lib/python3.11/site-packages/airflow/example_dags/example_trigger_controller_dag.py for tasks to queue
[2022-12-31T21:16:33.569+0100] {logging_mixin.py:137} INFO - [2022-12-31T21:16:33.569+0100] {dagbag.py:538} INFO - Filling up the DagBag from /Library/Frameworks/Python.framework/Versions/3.11/lib/python3.11/site-packages/airflow/example_dags/example_trigger_controller_dag.py
[2022-12-31T21:16:33.579+0100] {processor.py:753} INFO - DAG(s) dict_keys(['example_trigger_controller_dag']) retrieved from /Library/Frameworks/Python.framework/Versions/3.11/lib/python3.11/site-packages/airflow/example_dags/example_trigger_controller_dag.py
[2022-12-31T21:16:34.016+0100] {logging_mixin.py:137} INFO - [2022-12-31T21:16:34.016+0100] {dag.py:2676} INFO - Sync 1 DAGs
[2022-12-31T21:16:34.022+0100] {logging_mixin.py:137} INFO - [2022-12-31T21:16:34.022+0100] {dag.py:3423} INFO - Setting next_dagrun for example_trigger_controller_dag to 2021-01-01T00:00:00+00:00, run_after=2021-01-01T00:00:00+00:00
[2022-12-31T21:16:34.028+0100] {processor.py:175} INFO - Processing /Library/Frameworks/Python.framework/Versions/3.11/lib/python3.11/site-packages/airflow/example_dags/example_trigger_controller_dag.py took 0.465 seconds
[2022-12-31T21:17:27.020+0100] {processor.py:153} INFO - Started process (PID=96173) to work on /Library/Frameworks/Python.framework/Versions/3.11/lib/python3.11/site-packages/airflow/example_dags/example_trigger_controller_dag.py
[2022-12-31T21:17:27.022+0100] {processor.py:743} INFO - Processing file /Library/Frameworks/Python.framework/Versions/3.11/lib/python3.11/site-packages/airflow/example_dags/example_trigger_controller_dag.py for tasks to queue
[2022-12-31T21:17:27.022+0100] {logging_mixin.py:137} INFO - [2022-12-31T21:17:27.022+0100] {dagbag.py:538} INFO - Filling up the DagBag from /Library/Frameworks/Python.framework/Versions/3.11/lib/python3.11/site-packages/airflow/example_dags/example_trigger_controller_dag.py
[2022-12-31T21:17:27.032+0100] {processor.py:753} INFO - DAG(s) dict_keys(['example_trigger_controller_dag']) retrieved from /Library/Frameworks/Python.framework/Versions/3.11/lib/python3.11/site-packages/airflow/example_dags/example_trigger_controller_dag.py
[2022-12-31T21:17:27.458+0100] {logging_mixin.py:137} INFO - [2022-12-31T21:17:27.458+0100] {dag.py:2676} INFO - Sync 1 DAGs
[2022-12-31T21:17:27.464+0100] {logging_mixin.py:137} INFO - [2022-12-31T21:17:27.464+0100] {dag.py:3423} INFO - Setting next_dagrun for example_trigger_controller_dag to 2021-01-01T00:00:00+00:00, run_after=2021-01-01T00:00:00+00:00
[2022-12-31T21:17:27.470+0100] {processor.py:175} INFO - Processing /Library/Frameworks/Python.framework/Versions/3.11/lib/python3.11/site-packages/airflow/example_dags/example_trigger_controller_dag.py took 0.451 seconds
[2022-12-31T21:18:20.386+0100] {processor.py:153} INFO - Started process (PID=96314) to work on /Library/Frameworks/Python.framework/Versions/3.11/lib/python3.11/site-packages/airflow/example_dags/example_trigger_controller_dag.py
[2022-12-31T21:18:20.391+0100] {processor.py:743} INFO - Processing file /Library/Frameworks/Python.framework/Versions/3.11/lib/python3.11/site-packages/airflow/example_dags/example_trigger_controller_dag.py for tasks to queue
[2022-12-31T21:18:20.391+0100] {logging_mixin.py:137} INFO - [2022-12-31T21:18:20.391+0100] {dagbag.py:538} INFO - Filling up the DagBag from /Library/Frameworks/Python.framework/Versions/3.11/lib/python3.11/site-packages/airflow/example_dags/example_trigger_controller_dag.py
[2022-12-31T21:18:20.401+0100] {processor.py:753} INFO - DAG(s) dict_keys(['example_trigger_controller_dag']) retrieved from /Library/Frameworks/Python.framework/Versions/3.11/lib/python3.11/site-packages/airflow/example_dags/example_trigger_controller_dag.py
[2022-12-31T21:18:20.820+0100] {logging_mixin.py:137} INFO - [2022-12-31T21:18:20.820+0100] {dag.py:2676} INFO - Sync 1 DAGs
[2022-12-31T21:18:20.826+0100] {logging_mixin.py:137} INFO - [2022-12-31T21:18:20.826+0100] {dag.py:3423} INFO - Setting next_dagrun for example_trigger_controller_dag to 2021-01-01T00:00:00+00:00, run_after=2021-01-01T00:00:00+00:00
[2022-12-31T21:18:20.833+0100] {processor.py:175} INFO - Processing /Library/Frameworks/Python.framework/Versions/3.11/lib/python3.11/site-packages/airflow/example_dags/example_trigger_controller_dag.py took 0.447 seconds
[2022-12-31T21:19:20.835+0100] {processor.py:153} INFO - Started process (PID=96465) to work on /Library/Frameworks/Python.framework/Versions/3.11/lib/python3.11/site-packages/airflow/example_dags/example_trigger_controller_dag.py
[2022-12-31T21:19:20.840+0100] {processor.py:743} INFO - Processing file /Library/Frameworks/Python.framework/Versions/3.11/lib/python3.11/site-packages/airflow/example_dags/example_trigger_controller_dag.py for tasks to queue
[2022-12-31T21:19:20.841+0100] {logging_mixin.py:137} INFO - [2022-12-31T21:19:20.840+0100] {dagbag.py:538} INFO - Filling up the DagBag from /Library/Frameworks/Python.framework/Versions/3.11/lib/python3.11/site-packages/airflow/example_dags/example_trigger_controller_dag.py
[2022-12-31T21:19:20.850+0100] {processor.py:753} INFO - DAG(s) dict_keys(['example_trigger_controller_dag']) retrieved from /Library/Frameworks/Python.framework/Versions/3.11/lib/python3.11/site-packages/airflow/example_dags/example_trigger_controller_dag.py
[2022-12-31T21:19:21.263+0100] {logging_mixin.py:137} INFO - [2022-12-31T21:19:21.263+0100] {dag.py:2676} INFO - Sync 1 DAGs
[2022-12-31T21:19:21.269+0100] {logging_mixin.py:137} INFO - [2022-12-31T21:19:21.269+0100] {dag.py:3423} INFO - Setting next_dagrun for example_trigger_controller_dag to 2021-01-01T00:00:00+00:00, run_after=2021-01-01T00:00:00+00:00
[2022-12-31T21:19:21.275+0100] {processor.py:175} INFO - Processing /Library/Frameworks/Python.framework/Versions/3.11/lib/python3.11/site-packages/airflow/example_dags/example_trigger_controller_dag.py took 0.441 seconds
[2022-12-31T21:20:19.612+0100] {processor.py:153} INFO - Started process (PID=96546) to work on /Library/Frameworks/Python.framework/Versions/3.11/lib/python3.11/site-packages/airflow/example_dags/example_trigger_controller_dag.py
[2022-12-31T21:20:19.631+0100] {processor.py:743} INFO - Processing file /Library/Frameworks/Python.framework/Versions/3.11/lib/python3.11/site-packages/airflow/example_dags/example_trigger_controller_dag.py for tasks to queue
[2022-12-31T21:20:19.632+0100] {logging_mixin.py:137} INFO - [2022-12-31T21:20:19.632+0100] {dagbag.py:538} INFO - Filling up the DagBag from /Library/Frameworks/Python.framework/Versions/3.11/lib/python3.11/site-packages/airflow/example_dags/example_trigger_controller_dag.py
[2022-12-31T21:20:19.643+0100] {processor.py:753} INFO - DAG(s) dict_keys(['example_trigger_controller_dag']) retrieved from /Library/Frameworks/Python.framework/Versions/3.11/lib/python3.11/site-packages/airflow/example_dags/example_trigger_controller_dag.py
[2022-12-31T21:20:20.056+0100] {logging_mixin.py:137} INFO - [2022-12-31T21:20:20.056+0100] {dag.py:2676} INFO - Sync 1 DAGs
[2022-12-31T21:20:20.062+0100] {logging_mixin.py:137} INFO - [2022-12-31T21:20:20.062+0100] {dag.py:3423} INFO - Setting next_dagrun for example_trigger_controller_dag to 2021-01-01T00:00:00+00:00, run_after=2021-01-01T00:00:00+00:00
[2022-12-31T21:20:20.068+0100] {processor.py:175} INFO - Processing /Library/Frameworks/Python.framework/Versions/3.11/lib/python3.11/site-packages/airflow/example_dags/example_trigger_controller_dag.py took 0.457 seconds
[2022-12-31T21:21:17.738+0100] {processor.py:153} INFO - Started process (PID=96651) to work on /Library/Frameworks/Python.framework/Versions/3.11/lib/python3.11/site-packages/airflow/example_dags/example_trigger_controller_dag.py
[2022-12-31T21:21:17.745+0100] {processor.py:743} INFO - Processing file /Library/Frameworks/Python.framework/Versions/3.11/lib/python3.11/site-packages/airflow/example_dags/example_trigger_controller_dag.py for tasks to queue
[2022-12-31T21:21:17.745+0100] {logging_mixin.py:137} INFO - [2022-12-31T21:21:17.745+0100] {dagbag.py:538} INFO - Filling up the DagBag from /Library/Frameworks/Python.framework/Versions/3.11/lib/python3.11/site-packages/airflow/example_dags/example_trigger_controller_dag.py
[2022-12-31T21:21:17.756+0100] {processor.py:753} INFO - DAG(s) dict_keys(['example_trigger_controller_dag']) retrieved from /Library/Frameworks/Python.framework/Versions/3.11/lib/python3.11/site-packages/airflow/example_dags/example_trigger_controller_dag.py
[2022-12-31T21:21:18.761+0100] {logging_mixin.py:137} INFO - [2022-12-31T21:21:18.761+0100] {dag.py:2676} INFO - Sync 1 DAGs
[2022-12-31T21:21:18.770+0100] {logging_mixin.py:137} INFO - [2022-12-31T21:21:18.770+0100] {dag.py:3423} INFO - Setting next_dagrun for example_trigger_controller_dag to 2021-01-01T00:00:00+00:00, run_after=2021-01-01T00:00:00+00:00
[2022-12-31T21:21:18.782+0100] {processor.py:175} INFO - Processing /Library/Frameworks/Python.framework/Versions/3.11/lib/python3.11/site-packages/airflow/example_dags/example_trigger_controller_dag.py took 1.046 seconds
[2022-12-31T21:22:16.723+0100] {processor.py:153} INFO - Started process (PID=96750) to work on /Library/Frameworks/Python.framework/Versions/3.11/lib/python3.11/site-packages/airflow/example_dags/example_trigger_controller_dag.py
[2022-12-31T21:22:16.729+0100] {processor.py:743} INFO - Processing file /Library/Frameworks/Python.framework/Versions/3.11/lib/python3.11/site-packages/airflow/example_dags/example_trigger_controller_dag.py for tasks to queue
[2022-12-31T21:22:16.729+0100] {logging_mixin.py:137} INFO - [2022-12-31T21:22:16.729+0100] {dagbag.py:538} INFO - Filling up the DagBag from /Library/Frameworks/Python.framework/Versions/3.11/lib/python3.11/site-packages/airflow/example_dags/example_trigger_controller_dag.py
[2022-12-31T21:22:16.739+0100] {processor.py:753} INFO - DAG(s) dict_keys(['example_trigger_controller_dag']) retrieved from /Library/Frameworks/Python.framework/Versions/3.11/lib/python3.11/site-packages/airflow/example_dags/example_trigger_controller_dag.py
[2022-12-31T21:22:17.164+0100] {logging_mixin.py:137} INFO - [2022-12-31T21:22:17.164+0100] {dag.py:2676} INFO - Sync 1 DAGs
[2022-12-31T21:22:17.171+0100] {logging_mixin.py:137} INFO - [2022-12-31T21:22:17.171+0100] {dag.py:3423} INFO - Setting next_dagrun for example_trigger_controller_dag to 2021-01-01T00:00:00+00:00, run_after=2021-01-01T00:00:00+00:00
[2022-12-31T21:22:17.178+0100] {processor.py:175} INFO - Processing /Library/Frameworks/Python.framework/Versions/3.11/lib/python3.11/site-packages/airflow/example_dags/example_trigger_controller_dag.py took 0.455 seconds
[2022-12-31T21:23:14.757+0100] {processor.py:153} INFO - Started process (PID=96825) to work on /Library/Frameworks/Python.framework/Versions/3.11/lib/python3.11/site-packages/airflow/example_dags/example_trigger_controller_dag.py
[2022-12-31T21:23:14.766+0100] {processor.py:743} INFO - Processing file /Library/Frameworks/Python.framework/Versions/3.11/lib/python3.11/site-packages/airflow/example_dags/example_trigger_controller_dag.py for tasks to queue
[2022-12-31T21:23:14.766+0100] {logging_mixin.py:137} INFO - [2022-12-31T21:23:14.766+0100] {dagbag.py:538} INFO - Filling up the DagBag from /Library/Frameworks/Python.framework/Versions/3.11/lib/python3.11/site-packages/airflow/example_dags/example_trigger_controller_dag.py
[2022-12-31T21:23:14.786+0100] {processor.py:753} INFO - DAG(s) dict_keys(['example_trigger_controller_dag']) retrieved from /Library/Frameworks/Python.framework/Versions/3.11/lib/python3.11/site-packages/airflow/example_dags/example_trigger_controller_dag.py
[2022-12-31T21:23:15.400+0100] {logging_mixin.py:137} INFO - [2022-12-31T21:23:15.400+0100] {dag.py:2676} INFO - Sync 1 DAGs
[2022-12-31T21:23:15.406+0100] {logging_mixin.py:137} INFO - [2022-12-31T21:23:15.406+0100] {dag.py:3423} INFO - Setting next_dagrun for example_trigger_controller_dag to 2021-01-01T00:00:00+00:00, run_after=2021-01-01T00:00:00+00:00
[2022-12-31T21:23:15.413+0100] {processor.py:175} INFO - Processing /Library/Frameworks/Python.framework/Versions/3.11/lib/python3.11/site-packages/airflow/example_dags/example_trigger_controller_dag.py took 0.656 seconds
[2022-12-31T21:24:14.868+0100] {processor.py:153} INFO - Started process (PID=96953) to work on /Library/Frameworks/Python.framework/Versions/3.11/lib/python3.11/site-packages/airflow/example_dags/example_trigger_controller_dag.py
[2022-12-31T21:24:14.873+0100] {processor.py:743} INFO - Processing file /Library/Frameworks/Python.framework/Versions/3.11/lib/python3.11/site-packages/airflow/example_dags/example_trigger_controller_dag.py for tasks to queue
[2022-12-31T21:24:14.873+0100] {logging_mixin.py:137} INFO - [2022-12-31T21:24:14.873+0100] {dagbag.py:538} INFO - Filling up the DagBag from /Library/Frameworks/Python.framework/Versions/3.11/lib/python3.11/site-packages/airflow/example_dags/example_trigger_controller_dag.py
[2022-12-31T21:24:14.884+0100] {processor.py:753} INFO - DAG(s) dict_keys(['example_trigger_controller_dag']) retrieved from /Library/Frameworks/Python.framework/Versions/3.11/lib/python3.11/site-packages/airflow/example_dags/example_trigger_controller_dag.py
[2022-12-31T21:24:15.657+0100] {logging_mixin.py:137} INFO - [2022-12-31T21:24:15.657+0100] {dag.py:2676} INFO - Sync 1 DAGs
[2022-12-31T21:24:15.665+0100] {logging_mixin.py:137} INFO - [2022-12-31T21:24:15.664+0100] {dag.py:3423} INFO - Setting next_dagrun for example_trigger_controller_dag to 2021-01-01T00:00:00+00:00, run_after=2021-01-01T00:00:00+00:00
[2022-12-31T21:24:15.673+0100] {processor.py:175} INFO - Processing /Library/Frameworks/Python.framework/Versions/3.11/lib/python3.11/site-packages/airflow/example_dags/example_trigger_controller_dag.py took 0.806 seconds
[2022-12-31T21:25:10.962+0100] {processor.py:153} INFO - Started process (PID=97039) to work on /Library/Frameworks/Python.framework/Versions/3.11/lib/python3.11/site-packages/airflow/example_dags/example_trigger_controller_dag.py
[2022-12-31T21:25:10.965+0100] {processor.py:743} INFO - Processing file /Library/Frameworks/Python.framework/Versions/3.11/lib/python3.11/site-packages/airflow/example_dags/example_trigger_controller_dag.py for tasks to queue
[2022-12-31T21:25:10.965+0100] {logging_mixin.py:137} INFO - [2022-12-31T21:25:10.965+0100] {dagbag.py:538} INFO - Filling up the DagBag from /Library/Frameworks/Python.framework/Versions/3.11/lib/python3.11/site-packages/airflow/example_dags/example_trigger_controller_dag.py
[2022-12-31T21:25:10.975+0100] {processor.py:753} INFO - DAG(s) dict_keys(['example_trigger_controller_dag']) retrieved from /Library/Frameworks/Python.framework/Versions/3.11/lib/python3.11/site-packages/airflow/example_dags/example_trigger_controller_dag.py
[2022-12-31T21:25:11.397+0100] {logging_mixin.py:137} INFO - [2022-12-31T21:25:11.397+0100] {dag.py:2676} INFO - Sync 1 DAGs
[2022-12-31T21:25:11.404+0100] {logging_mixin.py:137} INFO - [2022-12-31T21:25:11.404+0100] {dag.py:3423} INFO - Setting next_dagrun for example_trigger_controller_dag to 2021-01-01T00:00:00+00:00, run_after=2021-01-01T00:00:00+00:00
[2022-12-31T21:25:11.410+0100] {processor.py:175} INFO - Processing /Library/Frameworks/Python.framework/Versions/3.11/lib/python3.11/site-packages/airflow/example_dags/example_trigger_controller_dag.py took 0.448 seconds
[2022-12-31T21:26:07.311+0100] {processor.py:153} INFO - Started process (PID=97155) to work on /Library/Frameworks/Python.framework/Versions/3.11/lib/python3.11/site-packages/airflow/example_dags/example_trigger_controller_dag.py
[2022-12-31T21:26:07.316+0100] {processor.py:743} INFO - Processing file /Library/Frameworks/Python.framework/Versions/3.11/lib/python3.11/site-packages/airflow/example_dags/example_trigger_controller_dag.py for tasks to queue
[2022-12-31T21:26:07.316+0100] {logging_mixin.py:137} INFO - [2022-12-31T21:26:07.316+0100] {dagbag.py:538} INFO - Filling up the DagBag from /Library/Frameworks/Python.framework/Versions/3.11/lib/python3.11/site-packages/airflow/example_dags/example_trigger_controller_dag.py
[2022-12-31T21:26:07.326+0100] {processor.py:753} INFO - DAG(s) dict_keys(['example_trigger_controller_dag']) retrieved from /Library/Frameworks/Python.framework/Versions/3.11/lib/python3.11/site-packages/airflow/example_dags/example_trigger_controller_dag.py
[2022-12-31T21:26:07.748+0100] {logging_mixin.py:137} INFO - [2022-12-31T21:26:07.748+0100] {dag.py:2676} INFO - Sync 1 DAGs
[2022-12-31T21:26:07.754+0100] {logging_mixin.py:137} INFO - [2022-12-31T21:26:07.754+0100] {dag.py:3423} INFO - Setting next_dagrun for example_trigger_controller_dag to 2021-01-01T00:00:00+00:00, run_after=2021-01-01T00:00:00+00:00
[2022-12-31T21:26:07.761+0100] {processor.py:175} INFO - Processing /Library/Frameworks/Python.framework/Versions/3.11/lib/python3.11/site-packages/airflow/example_dags/example_trigger_controller_dag.py took 0.451 seconds
[2022-12-31T21:27:05.552+0100] {processor.py:153} INFO - Started process (PID=97288) to work on /Library/Frameworks/Python.framework/Versions/3.11/lib/python3.11/site-packages/airflow/example_dags/example_trigger_controller_dag.py
[2022-12-31T21:27:05.558+0100] {processor.py:743} INFO - Processing file /Library/Frameworks/Python.framework/Versions/3.11/lib/python3.11/site-packages/airflow/example_dags/example_trigger_controller_dag.py for tasks to queue
[2022-12-31T21:27:05.558+0100] {logging_mixin.py:137} INFO - [2022-12-31T21:27:05.558+0100] {dagbag.py:538} INFO - Filling up the DagBag from /Library/Frameworks/Python.framework/Versions/3.11/lib/python3.11/site-packages/airflow/example_dags/example_trigger_controller_dag.py
[2022-12-31T21:27:05.568+0100] {processor.py:753} INFO - DAG(s) dict_keys(['example_trigger_controller_dag']) retrieved from /Library/Frameworks/Python.framework/Versions/3.11/lib/python3.11/site-packages/airflow/example_dags/example_trigger_controller_dag.py
[2022-12-31T21:27:05.998+0100] {logging_mixin.py:137} INFO - [2022-12-31T21:27:05.998+0100] {dag.py:2676} INFO - Sync 1 DAGs
[2022-12-31T21:27:06.004+0100] {logging_mixin.py:137} INFO - [2022-12-31T21:27:06.004+0100] {dag.py:3423} INFO - Setting next_dagrun for example_trigger_controller_dag to 2021-01-01T00:00:00+00:00, run_after=2021-01-01T00:00:00+00:00
[2022-12-31T21:27:06.011+0100] {processor.py:175} INFO - Processing /Library/Frameworks/Python.framework/Versions/3.11/lib/python3.11/site-packages/airflow/example_dags/example_trigger_controller_dag.py took 0.459 seconds
[2022-12-31T21:28:02.885+0100] {processor.py:153} INFO - Started process (PID=97380) to work on /Library/Frameworks/Python.framework/Versions/3.11/lib/python3.11/site-packages/airflow/example_dags/example_trigger_controller_dag.py
[2022-12-31T21:28:02.889+0100] {processor.py:743} INFO - Processing file /Library/Frameworks/Python.framework/Versions/3.11/lib/python3.11/site-packages/airflow/example_dags/example_trigger_controller_dag.py for tasks to queue
[2022-12-31T21:28:02.889+0100] {logging_mixin.py:137} INFO - [2022-12-31T21:28:02.889+0100] {dagbag.py:538} INFO - Filling up the DagBag from /Library/Frameworks/Python.framework/Versions/3.11/lib/python3.11/site-packages/airflow/example_dags/example_trigger_controller_dag.py
[2022-12-31T21:28:02.899+0100] {processor.py:753} INFO - DAG(s) dict_keys(['example_trigger_controller_dag']) retrieved from /Library/Frameworks/Python.framework/Versions/3.11/lib/python3.11/site-packages/airflow/example_dags/example_trigger_controller_dag.py
[2022-12-31T21:28:03.311+0100] {logging_mixin.py:137} INFO - [2022-12-31T21:28:03.311+0100] {dag.py:2676} INFO - Sync 1 DAGs
[2022-12-31T21:28:03.317+0100] {logging_mixin.py:137} INFO - [2022-12-31T21:28:03.317+0100] {dag.py:3423} INFO - Setting next_dagrun for example_trigger_controller_dag to 2021-01-01T00:00:00+00:00, run_after=2021-01-01T00:00:00+00:00
[2022-12-31T21:28:03.323+0100] {processor.py:175} INFO - Processing /Library/Frameworks/Python.framework/Versions/3.11/lib/python3.11/site-packages/airflow/example_dags/example_trigger_controller_dag.py took 0.439 seconds
