[2022-12-31T20:29:26.111+0100] {processor.py:153} INFO - Started process (PID=90180) to work on /Library/Frameworks/Python.framework/Versions/3.11/lib/python3.11/site-packages/airflow/example_dags/example_sensors.py
[2022-12-31T20:29:26.113+0100] {processor.py:743} INFO - Processing file /Library/Frameworks/Python.framework/Versions/3.11/lib/python3.11/site-packages/airflow/example_dags/example_sensors.py for tasks to queue
[2022-12-31T20:29:26.113+0100] {logging_mixin.py:137} INFO - [2022-12-31T20:29:26.113+0100] {dagbag.py:538} INFO - Filling up the DagBag from /Library/Frameworks/Python.framework/Versions/3.11/lib/python3.11/site-packages/airflow/example_dags/example_sensors.py
[2022-12-31T20:29:26.163+0100] {processor.py:753} INFO - DAG(s) dict_keys(['example_sensors']) retrieved from /Library/Frameworks/Python.framework/Versions/3.11/lib/python3.11/site-packages/airflow/example_dags/example_sensors.py
[2022-12-31T20:29:27.672+0100] {logging_mixin.py:137} INFO - [2022-12-31T20:29:27.672+0100] {manager.py:504} INFO - Created Permission View: can read on DAG:example_sensors
[2022-12-31T20:29:27.674+0100] {logging_mixin.py:137} INFO - [2022-12-31T20:29:27.674+0100] {manager.py:504} INFO - Created Permission View: can edit on DAG:example_sensors
[2022-12-31T20:29:27.676+0100] {logging_mixin.py:137} INFO - [2022-12-31T20:29:27.676+0100] {manager.py:504} INFO - Created Permission View: can delete on DAG:example_sensors
[2022-12-31T20:29:27.676+0100] {logging_mixin.py:137} INFO - [2022-12-31T20:29:27.676+0100] {dag.py:2676} INFO - Sync 1 DAGs
[2022-12-31T20:29:27.680+0100] {logging_mixin.py:137} INFO - [2022-12-31T20:29:27.680+0100] {dag.py:2697} INFO - Creating ORM DAG for example_sensors
[2022-12-31T20:29:27.682+0100] {logging_mixin.py:137} INFO - [2022-12-31T20:29:27.682+0100] {dag.py:3423} INFO - Setting next_dagrun for example_sensors to None, run_after=None
[2022-12-31T20:29:27.688+0100] {processor.py:175} INFO - Processing /Library/Frameworks/Python.framework/Versions/3.11/lib/python3.11/site-packages/airflow/example_dags/example_sensors.py took 1.577 seconds
[2022-12-31T20:31:17.866+0100] {processor.py:153} INFO - Started process (PID=90409) to work on /Library/Frameworks/Python.framework/Versions/3.11/lib/python3.11/site-packages/airflow/example_dags/example_sensors.py
[2022-12-31T20:31:17.868+0100] {processor.py:743} INFO - Processing file /Library/Frameworks/Python.framework/Versions/3.11/lib/python3.11/site-packages/airflow/example_dags/example_sensors.py for tasks to queue
[2022-12-31T20:31:17.868+0100] {logging_mixin.py:137} INFO - [2022-12-31T20:31:17.868+0100] {dagbag.py:538} INFO - Filling up the DagBag from /Library/Frameworks/Python.framework/Versions/3.11/lib/python3.11/site-packages/airflow/example_dags/example_sensors.py
[2022-12-31T20:31:17.892+0100] {processor.py:753} INFO - DAG(s) dict_keys(['example_sensors']) retrieved from /Library/Frameworks/Python.framework/Versions/3.11/lib/python3.11/site-packages/airflow/example_dags/example_sensors.py
[2022-12-31T20:31:19.555+0100] {logging_mixin.py:137} INFO - [2022-12-31T20:31:19.555+0100] {dag.py:2676} INFO - Sync 1 DAGs
[2022-12-31T20:31:19.561+0100] {logging_mixin.py:137} INFO - [2022-12-31T20:31:19.561+0100] {dag.py:3423} INFO - Setting next_dagrun for example_sensors to None, run_after=None
[2022-12-31T20:31:19.568+0100] {processor.py:175} INFO - Processing /Library/Frameworks/Python.framework/Versions/3.11/lib/python3.11/site-packages/airflow/example_dags/example_sensors.py took 1.702 seconds
[2022-12-31T20:32:39.666+0100] {processor.py:153} INFO - Started process (PID=90531) to work on /Library/Frameworks/Python.framework/Versions/3.11/lib/python3.11/site-packages/airflow/example_dags/example_sensors.py
[2022-12-31T20:32:39.668+0100] {processor.py:743} INFO - Processing file /Library/Frameworks/Python.framework/Versions/3.11/lib/python3.11/site-packages/airflow/example_dags/example_sensors.py for tasks to queue
[2022-12-31T20:32:39.668+0100] {logging_mixin.py:137} INFO - [2022-12-31T20:32:39.668+0100] {dagbag.py:538} INFO - Filling up the DagBag from /Library/Frameworks/Python.framework/Versions/3.11/lib/python3.11/site-packages/airflow/example_dags/example_sensors.py
[2022-12-31T20:32:39.695+0100] {processor.py:753} INFO - DAG(s) dict_keys(['example_sensors']) retrieved from /Library/Frameworks/Python.framework/Versions/3.11/lib/python3.11/site-packages/airflow/example_dags/example_sensors.py
[2022-12-31T20:32:41.139+0100] {logging_mixin.py:137} INFO - [2022-12-31T20:32:41.139+0100] {dag.py:2676} INFO - Sync 1 DAGs
[2022-12-31T20:32:41.145+0100] {logging_mixin.py:137} INFO - [2022-12-31T20:32:41.145+0100] {dag.py:3423} INFO - Setting next_dagrun for example_sensors to None, run_after=None
[2022-12-31T20:32:41.152+0100] {processor.py:175} INFO - Processing /Library/Frameworks/Python.framework/Versions/3.11/lib/python3.11/site-packages/airflow/example_dags/example_sensors.py took 1.487 seconds
[2022-12-31T20:34:25.901+0100] {processor.py:153} INFO - Started process (PID=90682) to work on /Library/Frameworks/Python.framework/Versions/3.11/lib/python3.11/site-packages/airflow/example_dags/example_sensors.py
[2022-12-31T20:34:25.913+0100] {processor.py:743} INFO - Processing file /Library/Frameworks/Python.framework/Versions/3.11/lib/python3.11/site-packages/airflow/example_dags/example_sensors.py for tasks to queue
[2022-12-31T20:34:25.921+0100] {logging_mixin.py:137} INFO - [2022-12-31T20:34:25.921+0100] {dagbag.py:538} INFO - Filling up the DagBag from /Library/Frameworks/Python.framework/Versions/3.11/lib/python3.11/site-packages/airflow/example_dags/example_sensors.py
[2022-12-31T20:34:25.963+0100] {processor.py:753} INFO - DAG(s) dict_keys(['example_sensors']) retrieved from /Library/Frameworks/Python.framework/Versions/3.11/lib/python3.11/site-packages/airflow/example_dags/example_sensors.py
[2022-12-31T20:34:27.655+0100] {logging_mixin.py:137} INFO - [2022-12-31T20:34:27.655+0100] {dag.py:2676} INFO - Sync 1 DAGs
[2022-12-31T20:34:27.661+0100] {logging_mixin.py:137} INFO - [2022-12-31T20:34:27.661+0100] {dag.py:3423} INFO - Setting next_dagrun for example_sensors to None, run_after=None
[2022-12-31T20:34:27.668+0100] {processor.py:175} INFO - Processing /Library/Frameworks/Python.framework/Versions/3.11/lib/python3.11/site-packages/airflow/example_dags/example_sensors.py took 1.769 seconds
[2022-12-31T20:36:00.255+0100] {processor.py:153} INFO - Started process (PID=90818) to work on /Library/Frameworks/Python.framework/Versions/3.11/lib/python3.11/site-packages/airflow/example_dags/example_sensors.py
[2022-12-31T20:36:00.260+0100] {processor.py:743} INFO - Processing file /Library/Frameworks/Python.framework/Versions/3.11/lib/python3.11/site-packages/airflow/example_dags/example_sensors.py for tasks to queue
[2022-12-31T20:36:00.260+0100] {logging_mixin.py:137} INFO - [2022-12-31T20:36:00.260+0100] {dagbag.py:538} INFO - Filling up the DagBag from /Library/Frameworks/Python.framework/Versions/3.11/lib/python3.11/site-packages/airflow/example_dags/example_sensors.py
[2022-12-31T20:36:00.282+0100] {processor.py:753} INFO - DAG(s) dict_keys(['example_sensors']) retrieved from /Library/Frameworks/Python.framework/Versions/3.11/lib/python3.11/site-packages/airflow/example_dags/example_sensors.py
[2022-12-31T20:36:01.826+0100] {logging_mixin.py:137} INFO - [2022-12-31T20:36:01.826+0100] {dag.py:2676} INFO - Sync 1 DAGs
[2022-12-31T20:36:01.832+0100] {logging_mixin.py:137} INFO - [2022-12-31T20:36:01.832+0100] {dag.py:3423} INFO - Setting next_dagrun for example_sensors to None, run_after=None
[2022-12-31T20:36:01.841+0100] {processor.py:175} INFO - Processing /Library/Frameworks/Python.framework/Versions/3.11/lib/python3.11/site-packages/airflow/example_dags/example_sensors.py took 1.587 seconds
[2022-12-31T20:37:22.904+0100] {processor.py:153} INFO - Started process (PID=90939) to work on /Library/Frameworks/Python.framework/Versions/3.11/lib/python3.11/site-packages/airflow/example_dags/example_sensors.py
[2022-12-31T20:37:22.909+0100] {processor.py:743} INFO - Processing file /Library/Frameworks/Python.framework/Versions/3.11/lib/python3.11/site-packages/airflow/example_dags/example_sensors.py for tasks to queue
[2022-12-31T20:37:22.909+0100] {logging_mixin.py:137} INFO - [2022-12-31T20:37:22.909+0100] {dagbag.py:538} INFO - Filling up the DagBag from /Library/Frameworks/Python.framework/Versions/3.11/lib/python3.11/site-packages/airflow/example_dags/example_sensors.py
[2022-12-31T20:37:22.930+0100] {processor.py:753} INFO - DAG(s) dict_keys(['example_sensors']) retrieved from /Library/Frameworks/Python.framework/Versions/3.11/lib/python3.11/site-packages/airflow/example_dags/example_sensors.py
[2022-12-31T20:37:24.437+0100] {logging_mixin.py:137} INFO - [2022-12-31T20:37:24.437+0100] {dag.py:2676} INFO - Sync 1 DAGs
[2022-12-31T20:37:24.443+0100] {logging_mixin.py:137} INFO - [2022-12-31T20:37:24.443+0100] {dag.py:3423} INFO - Setting next_dagrun for example_sensors to None, run_after=None
[2022-12-31T20:37:24.450+0100] {processor.py:175} INFO - Processing /Library/Frameworks/Python.framework/Versions/3.11/lib/python3.11/site-packages/airflow/example_dags/example_sensors.py took 1.547 seconds
[2022-12-31T20:39:03.255+0100] {processor.py:153} INFO - Started process (PID=91070) to work on /Library/Frameworks/Python.framework/Versions/3.11/lib/python3.11/site-packages/airflow/example_dags/example_sensors.py
[2022-12-31T20:39:03.257+0100] {processor.py:743} INFO - Processing file /Library/Frameworks/Python.framework/Versions/3.11/lib/python3.11/site-packages/airflow/example_dags/example_sensors.py for tasks to queue
[2022-12-31T20:39:03.257+0100] {logging_mixin.py:137} INFO - [2022-12-31T20:39:03.257+0100] {dagbag.py:538} INFO - Filling up the DagBag from /Library/Frameworks/Python.framework/Versions/3.11/lib/python3.11/site-packages/airflow/example_dags/example_sensors.py
[2022-12-31T20:39:03.278+0100] {processor.py:753} INFO - DAG(s) dict_keys(['example_sensors']) retrieved from /Library/Frameworks/Python.framework/Versions/3.11/lib/python3.11/site-packages/airflow/example_dags/example_sensors.py
[2022-12-31T20:39:04.769+0100] {logging_mixin.py:137} INFO - [2022-12-31T20:39:04.769+0100] {dag.py:2676} INFO - Sync 1 DAGs
[2022-12-31T20:39:04.776+0100] {logging_mixin.py:137} INFO - [2022-12-31T20:39:04.775+0100] {dag.py:3423} INFO - Setting next_dagrun for example_sensors to None, run_after=None
[2022-12-31T20:39:04.783+0100] {processor.py:175} INFO - Processing /Library/Frameworks/Python.framework/Versions/3.11/lib/python3.11/site-packages/airflow/example_dags/example_sensors.py took 1.529 seconds
[2022-12-31T20:40:49.279+0100] {processor.py:153} INFO - Started process (PID=91276) to work on /Library/Frameworks/Python.framework/Versions/3.11/lib/python3.11/site-packages/airflow/example_dags/example_sensors.py
[2022-12-31T20:40:49.283+0100] {processor.py:743} INFO - Processing file /Library/Frameworks/Python.framework/Versions/3.11/lib/python3.11/site-packages/airflow/example_dags/example_sensors.py for tasks to queue
[2022-12-31T20:40:49.283+0100] {logging_mixin.py:137} INFO - [2022-12-31T20:40:49.283+0100] {dagbag.py:538} INFO - Filling up the DagBag from /Library/Frameworks/Python.framework/Versions/3.11/lib/python3.11/site-packages/airflow/example_dags/example_sensors.py
[2022-12-31T20:40:49.304+0100] {processor.py:753} INFO - DAG(s) dict_keys(['example_sensors']) retrieved from /Library/Frameworks/Python.framework/Versions/3.11/lib/python3.11/site-packages/airflow/example_dags/example_sensors.py
[2022-12-31T20:40:50.733+0100] {logging_mixin.py:137} INFO - [2022-12-31T20:40:50.733+0100] {dag.py:2676} INFO - Sync 1 DAGs
[2022-12-31T20:40:50.739+0100] {logging_mixin.py:137} INFO - [2022-12-31T20:40:50.739+0100] {dag.py:3423} INFO - Setting next_dagrun for example_sensors to None, run_after=None
[2022-12-31T20:40:50.746+0100] {processor.py:175} INFO - Processing /Library/Frameworks/Python.framework/Versions/3.11/lib/python3.11/site-packages/airflow/example_dags/example_sensors.py took 1.468 seconds
[2022-12-31T20:42:37.450+0100] {processor.py:153} INFO - Started process (PID=91461) to work on /Library/Frameworks/Python.framework/Versions/3.11/lib/python3.11/site-packages/airflow/example_dags/example_sensors.py
[2022-12-31T20:42:37.454+0100] {processor.py:743} INFO - Processing file /Library/Frameworks/Python.framework/Versions/3.11/lib/python3.11/site-packages/airflow/example_dags/example_sensors.py for tasks to queue
[2022-12-31T20:42:37.454+0100] {logging_mixin.py:137} INFO - [2022-12-31T20:42:37.454+0100] {dagbag.py:538} INFO - Filling up the DagBag from /Library/Frameworks/Python.framework/Versions/3.11/lib/python3.11/site-packages/airflow/example_dags/example_sensors.py
[2022-12-31T20:42:37.475+0100] {processor.py:753} INFO - DAG(s) dict_keys(['example_sensors']) retrieved from /Library/Frameworks/Python.framework/Versions/3.11/lib/python3.11/site-packages/airflow/example_dags/example_sensors.py
[2022-12-31T20:42:39.023+0100] {logging_mixin.py:137} INFO - [2022-12-31T20:42:39.023+0100] {dag.py:2676} INFO - Sync 1 DAGs
[2022-12-31T20:42:39.029+0100] {logging_mixin.py:137} INFO - [2022-12-31T20:42:39.029+0100] {dag.py:3423} INFO - Setting next_dagrun for example_sensors to None, run_after=None
[2022-12-31T20:42:39.036+0100] {processor.py:175} INFO - Processing /Library/Frameworks/Python.framework/Versions/3.11/lib/python3.11/site-packages/airflow/example_dags/example_sensors.py took 1.586 seconds
[2022-12-31T20:45:21.047+0100] {processor.py:153} INFO - Started process (PID=91781) to work on /Library/Frameworks/Python.framework/Versions/3.11/lib/python3.11/site-packages/airflow/example_dags/example_sensors.py
[2022-12-31T20:45:21.049+0100] {processor.py:743} INFO - Processing file /Library/Frameworks/Python.framework/Versions/3.11/lib/python3.11/site-packages/airflow/example_dags/example_sensors.py for tasks to queue
[2022-12-31T20:45:21.049+0100] {logging_mixin.py:137} INFO - [2022-12-31T20:45:21.049+0100] {dagbag.py:538} INFO - Filling up the DagBag from /Library/Frameworks/Python.framework/Versions/3.11/lib/python3.11/site-packages/airflow/example_dags/example_sensors.py
[2022-12-31T20:45:21.070+0100] {processor.py:753} INFO - DAG(s) dict_keys(['example_sensors']) retrieved from /Library/Frameworks/Python.framework/Versions/3.11/lib/python3.11/site-packages/airflow/example_dags/example_sensors.py
[2022-12-31T20:45:38.787+0100] {logging_mixin.py:137} INFO - [2022-12-31T20:45:38.787+0100] {dag.py:2676} INFO - Sync 1 DAGs
[2022-12-31T20:45:38.794+0100] {logging_mixin.py:137} INFO - [2022-12-31T20:45:38.794+0100] {dag.py:3423} INFO - Setting next_dagrun for example_sensors to None, run_after=None
[2022-12-31T20:45:38.801+0100] {processor.py:175} INFO - Processing /Library/Frameworks/Python.framework/Versions/3.11/lib/python3.11/site-packages/airflow/example_dags/example_sensors.py took 17.754 seconds
[2022-12-31T20:49:17.071+0100] {processor.py:153} INFO - Started process (PID=92229) to work on /Library/Frameworks/Python.framework/Versions/3.11/lib/python3.11/site-packages/airflow/example_dags/example_sensors.py
[2022-12-31T20:49:17.076+0100] {processor.py:743} INFO - Processing file /Library/Frameworks/Python.framework/Versions/3.11/lib/python3.11/site-packages/airflow/example_dags/example_sensors.py for tasks to queue
[2022-12-31T20:49:17.076+0100] {logging_mixin.py:137} INFO - [2022-12-31T20:49:17.076+0100] {dagbag.py:538} INFO - Filling up the DagBag from /Library/Frameworks/Python.framework/Versions/3.11/lib/python3.11/site-packages/airflow/example_dags/example_sensors.py
[2022-12-31T20:49:17.097+0100] {processor.py:753} INFO - DAG(s) dict_keys(['example_sensors']) retrieved from /Library/Frameworks/Python.framework/Versions/3.11/lib/python3.11/site-packages/airflow/example_dags/example_sensors.py
[2022-12-31T20:49:27.466+0100] {logging_mixin.py:137} INFO - {2.3: 'Indiana Pacers', 1.7: 'LA Clippers'}
[2022-12-31T20:49:27.639+0100] {logging_mixin.py:137} INFO - [2022-12-31T20:49:27.639+0100] {dag.py:2676} INFO - Sync 1 DAGs
[2022-12-31T20:49:27.645+0100] {logging_mixin.py:137} INFO - [2022-12-31T20:49:27.645+0100] {dag.py:3423} INFO - Setting next_dagrun for example_sensors to None, run_after=None
[2022-12-31T20:49:27.652+0100] {processor.py:175} INFO - Processing /Library/Frameworks/Python.framework/Versions/3.11/lib/python3.11/site-packages/airflow/example_dags/example_sensors.py took 10.582 seconds
[2022-12-31T20:51:37.925+0100] {processor.py:153} INFO - Started process (PID=92514) to work on /Library/Frameworks/Python.framework/Versions/3.11/lib/python3.11/site-packages/airflow/example_dags/example_sensors.py
[2022-12-31T20:51:37.927+0100] {processor.py:743} INFO - Processing file /Library/Frameworks/Python.framework/Versions/3.11/lib/python3.11/site-packages/airflow/example_dags/example_sensors.py for tasks to queue
[2022-12-31T20:51:37.927+0100] {logging_mixin.py:137} INFO - [2022-12-31T20:51:37.927+0100] {dagbag.py:538} INFO - Filling up the DagBag from /Library/Frameworks/Python.framework/Versions/3.11/lib/python3.11/site-packages/airflow/example_dags/example_sensors.py
[2022-12-31T20:51:37.949+0100] {processor.py:753} INFO - DAG(s) dict_keys(['example_sensors']) retrieved from /Library/Frameworks/Python.framework/Versions/3.11/lib/python3.11/site-packages/airflow/example_dags/example_sensors.py
[2022-12-31T20:51:49.660+0100] {logging_mixin.py:137} INFO - {2.3: 'Indiana Pacers', 1.72: 'LA Clippers'}
[2022-12-31T20:51:49.820+0100] {logging_mixin.py:137} INFO - [2022-12-31T20:51:49.820+0100] {dag.py:2676} INFO - Sync 1 DAGs
[2022-12-31T20:51:49.829+0100] {logging_mixin.py:137} INFO - [2022-12-31T20:51:49.829+0100] {dag.py:3423} INFO - Setting next_dagrun for example_sensors to None, run_after=None
[2022-12-31T20:51:49.840+0100] {processor.py:175} INFO - Processing /Library/Frameworks/Python.framework/Versions/3.11/lib/python3.11/site-packages/airflow/example_dags/example_sensors.py took 11.914 seconds
[2022-12-31T20:53:51.455+0100] {processor.py:153} INFO - Started process (PID=92883) to work on /Library/Frameworks/Python.framework/Versions/3.11/lib/python3.11/site-packages/airflow/example_dags/example_sensors.py
[2022-12-31T20:53:51.472+0100] {processor.py:743} INFO - Processing file /Library/Frameworks/Python.framework/Versions/3.11/lib/python3.11/site-packages/airflow/example_dags/example_sensors.py for tasks to queue
[2022-12-31T20:53:51.473+0100] {logging_mixin.py:137} INFO - [2022-12-31T20:53:51.473+0100] {dagbag.py:538} INFO - Filling up the DagBag from /Library/Frameworks/Python.framework/Versions/3.11/lib/python3.11/site-packages/airflow/example_dags/example_sensors.py
[2022-12-31T20:53:51.515+0100] {processor.py:753} INFO - DAG(s) dict_keys(['example_sensors']) retrieved from /Library/Frameworks/Python.framework/Versions/3.11/lib/python3.11/site-packages/airflow/example_dags/example_sensors.py
[2022-12-31T20:54:02.529+0100] {logging_mixin.py:137} INFO - {2.3: 'Indiana Pacers', 1.72: 'LA Clippers'}
[2022-12-31T20:54:02.682+0100] {logging_mixin.py:137} INFO - [2022-12-31T20:54:02.682+0100] {dag.py:2676} INFO - Sync 1 DAGs
[2022-12-31T20:54:02.689+0100] {logging_mixin.py:137} INFO - [2022-12-31T20:54:02.689+0100] {dag.py:3423} INFO - Setting next_dagrun for example_sensors to None, run_after=None
[2022-12-31T20:54:02.698+0100] {processor.py:175} INFO - Processing /Library/Frameworks/Python.framework/Versions/3.11/lib/python3.11/site-packages/airflow/example_dags/example_sensors.py took 11.244 seconds
[2022-12-31T20:55:32.533+0100] {processor.py:153} INFO - Started process (PID=93175) to work on /Library/Frameworks/Python.framework/Versions/3.11/lib/python3.11/site-packages/airflow/example_dags/example_sensors.py
[2022-12-31T20:55:32.537+0100] {processor.py:743} INFO - Processing file /Library/Frameworks/Python.framework/Versions/3.11/lib/python3.11/site-packages/airflow/example_dags/example_sensors.py for tasks to queue
[2022-12-31T20:55:32.538+0100] {logging_mixin.py:137} INFO - [2022-12-31T20:55:32.538+0100] {dagbag.py:538} INFO - Filling up the DagBag from /Library/Frameworks/Python.framework/Versions/3.11/lib/python3.11/site-packages/airflow/example_dags/example_sensors.py
[2022-12-31T20:55:32.559+0100] {processor.py:753} INFO - DAG(s) dict_keys(['example_sensors']) retrieved from /Library/Frameworks/Python.framework/Versions/3.11/lib/python3.11/site-packages/airflow/example_dags/example_sensors.py
[2022-12-31T20:55:34.323+0100] {logging_mixin.py:137} INFO - {2.3: 'Indiana Pacers', 1.72: 'LA Clippers'}
[2022-12-31T20:55:34.467+0100] {logging_mixin.py:137} INFO - [2022-12-31T20:55:34.467+0100] {dag.py:2676} INFO - Sync 1 DAGs
[2022-12-31T20:55:34.474+0100] {logging_mixin.py:137} INFO - [2022-12-31T20:55:34.474+0100] {dag.py:3423} INFO - Setting next_dagrun for example_sensors to None, run_after=None
[2022-12-31T20:55:34.483+0100] {processor.py:175} INFO - Processing /Library/Frameworks/Python.framework/Versions/3.11/lib/python3.11/site-packages/airflow/example_dags/example_sensors.py took 1.951 seconds
[2022-12-31T20:57:37.213+0100] {processor.py:153} INFO - Started process (PID=93436) to work on /Library/Frameworks/Python.framework/Versions/3.11/lib/python3.11/site-packages/airflow/example_dags/example_sensors.py
[2022-12-31T20:57:37.215+0100] {processor.py:743} INFO - Processing file /Library/Frameworks/Python.framework/Versions/3.11/lib/python3.11/site-packages/airflow/example_dags/example_sensors.py for tasks to queue
[2022-12-31T20:57:37.215+0100] {logging_mixin.py:137} INFO - [2022-12-31T20:57:37.215+0100] {dagbag.py:538} INFO - Filling up the DagBag from /Library/Frameworks/Python.framework/Versions/3.11/lib/python3.11/site-packages/airflow/example_dags/example_sensors.py
[2022-12-31T20:57:37.257+0100] {processor.py:753} INFO - DAG(s) dict_keys(['example_sensors']) retrieved from /Library/Frameworks/Python.framework/Versions/3.11/lib/python3.11/site-packages/airflow/example_dags/example_sensors.py
[2022-12-31T20:57:38.962+0100] {logging_mixin.py:137} INFO - {2.3: 'Indiana Pacers', 1.72: 'LA Clippers'}
[2022-12-31T20:57:39.099+0100] {logging_mixin.py:137} INFO - [2022-12-31T20:57:39.099+0100] {dag.py:2676} INFO - Sync 1 DAGs
[2022-12-31T20:57:39.106+0100] {logging_mixin.py:137} INFO - [2022-12-31T20:57:39.106+0100] {dag.py:3423} INFO - Setting next_dagrun for example_sensors to None, run_after=None
[2022-12-31T20:57:39.114+0100] {processor.py:175} INFO - Processing /Library/Frameworks/Python.framework/Versions/3.11/lib/python3.11/site-packages/airflow/example_dags/example_sensors.py took 1.900 seconds
[2022-12-31T20:59:39.988+0100] {processor.py:153} INFO - Started process (PID=93679) to work on /Library/Frameworks/Python.framework/Versions/3.11/lib/python3.11/site-packages/airflow/example_dags/example_sensors.py
[2022-12-31T20:59:39.995+0100] {processor.py:743} INFO - Processing file /Library/Frameworks/Python.framework/Versions/3.11/lib/python3.11/site-packages/airflow/example_dags/example_sensors.py for tasks to queue
[2022-12-31T20:59:39.995+0100] {logging_mixin.py:137} INFO - [2022-12-31T20:59:39.995+0100] {dagbag.py:538} INFO - Filling up the DagBag from /Library/Frameworks/Python.framework/Versions/3.11/lib/python3.11/site-packages/airflow/example_dags/example_sensors.py
[2022-12-31T20:59:40.016+0100] {processor.py:753} INFO - DAG(s) dict_keys(['example_sensors']) retrieved from /Library/Frameworks/Python.framework/Versions/3.11/lib/python3.11/site-packages/airflow/example_dags/example_sensors.py
[2022-12-31T20:59:41.698+0100] {logging_mixin.py:137} INFO - {2.3: 'Indiana Pacers', 1.72: 'LA Clippers'}
[2022-12-31T20:59:41.841+0100] {logging_mixin.py:137} INFO - [2022-12-31T20:59:41.841+0100] {dag.py:2676} INFO - Sync 1 DAGs
[2022-12-31T20:59:41.848+0100] {logging_mixin.py:137} INFO - [2022-12-31T20:59:41.848+0100] {dag.py:3423} INFO - Setting next_dagrun for example_sensors to None, run_after=None
[2022-12-31T20:59:41.857+0100] {processor.py:175} INFO - Processing /Library/Frameworks/Python.framework/Versions/3.11/lib/python3.11/site-packages/airflow/example_dags/example_sensors.py took 1.871 seconds
[2022-12-31T21:01:42.548+0100] {processor.py:153} INFO - Started process (PID=93961) to work on /Library/Frameworks/Python.framework/Versions/3.11/lib/python3.11/site-packages/airflow/example_dags/example_sensors.py
[2022-12-31T21:01:42.553+0100] {processor.py:743} INFO - Processing file /Library/Frameworks/Python.framework/Versions/3.11/lib/python3.11/site-packages/airflow/example_dags/example_sensors.py for tasks to queue
[2022-12-31T21:01:42.554+0100] {logging_mixin.py:137} INFO - [2022-12-31T21:01:42.553+0100] {dagbag.py:538} INFO - Filling up the DagBag from /Library/Frameworks/Python.framework/Versions/3.11/lib/python3.11/site-packages/airflow/example_dags/example_sensors.py
[2022-12-31T21:01:42.574+0100] {processor.py:753} INFO - DAG(s) dict_keys(['example_sensors']) retrieved from /Library/Frameworks/Python.framework/Versions/3.11/lib/python3.11/site-packages/airflow/example_dags/example_sensors.py
[2022-12-31T21:01:44.107+0100] {logging_mixin.py:137} INFO - {2.3: 'Indiana Pacers', 1.72: 'LA Clippers'}
[2022-12-31T21:01:44.234+0100] {logging_mixin.py:137} INFO - [2022-12-31T21:01:44.234+0100] {dag.py:2676} INFO - Sync 1 DAGs
[2022-12-31T21:01:44.241+0100] {logging_mixin.py:137} INFO - [2022-12-31T21:01:44.241+0100] {dag.py:3423} INFO - Setting next_dagrun for example_sensors to None, run_after=None
[2022-12-31T21:01:44.247+0100] {processor.py:175} INFO - Processing /Library/Frameworks/Python.framework/Versions/3.11/lib/python3.11/site-packages/airflow/example_dags/example_sensors.py took 1.700 seconds
[2022-12-31T21:03:45.946+0100] {processor.py:153} INFO - Started process (PID=94332) to work on /Library/Frameworks/Python.framework/Versions/3.11/lib/python3.11/site-packages/airflow/example_dags/example_sensors.py
[2022-12-31T21:03:45.951+0100] {processor.py:743} INFO - Processing file /Library/Frameworks/Python.framework/Versions/3.11/lib/python3.11/site-packages/airflow/example_dags/example_sensors.py for tasks to queue
[2022-12-31T21:03:45.951+0100] {logging_mixin.py:137} INFO - [2022-12-31T21:03:45.951+0100] {dagbag.py:538} INFO - Filling up the DagBag from /Library/Frameworks/Python.framework/Versions/3.11/lib/python3.11/site-packages/airflow/example_dags/example_sensors.py
[2022-12-31T21:03:45.976+0100] {processor.py:753} INFO - DAG(s) dict_keys(['example_sensors']) retrieved from /Library/Frameworks/Python.framework/Versions/3.11/lib/python3.11/site-packages/airflow/example_dags/example_sensors.py
[2022-12-31T21:03:48.078+0100] {logging_mixin.py:137} INFO - {2.3: 'Indiana Pacers', 1.72: 'LA Clippers'}
[2022-12-31T21:03:48.223+0100] {logging_mixin.py:137} INFO - [2022-12-31T21:03:48.223+0100] {dag.py:2676} INFO - Sync 1 DAGs
[2022-12-31T21:03:48.231+0100] {logging_mixin.py:137} INFO - [2022-12-31T21:03:48.231+0100] {dag.py:3423} INFO - Setting next_dagrun for example_sensors to None, run_after=None
[2022-12-31T21:03:48.239+0100] {processor.py:175} INFO - Processing /Library/Frameworks/Python.framework/Versions/3.11/lib/python3.11/site-packages/airflow/example_dags/example_sensors.py took 2.294 seconds
[2022-12-31T21:05:47.674+0100] {processor.py:153} INFO - Started process (PID=94593) to work on /Library/Frameworks/Python.framework/Versions/3.11/lib/python3.11/site-packages/airflow/example_dags/example_sensors.py
[2022-12-31T21:05:47.679+0100] {processor.py:743} INFO - Processing file /Library/Frameworks/Python.framework/Versions/3.11/lib/python3.11/site-packages/airflow/example_dags/example_sensors.py for tasks to queue
[2022-12-31T21:05:47.679+0100] {logging_mixin.py:137} INFO - [2022-12-31T21:05:47.679+0100] {dagbag.py:538} INFO - Filling up the DagBag from /Library/Frameworks/Python.framework/Versions/3.11/lib/python3.11/site-packages/airflow/example_dags/example_sensors.py
[2022-12-31T21:05:47.720+0100] {processor.py:753} INFO - DAG(s) dict_keys(['example_sensors']) retrieved from /Library/Frameworks/Python.framework/Versions/3.11/lib/python3.11/site-packages/airflow/example_dags/example_sensors.py
[2022-12-31T21:05:49.307+0100] {logging_mixin.py:137} INFO - {2.3: 'Indiana Pacers', 1.72: 'LA Clippers'}
[2022-12-31T21:05:49.436+0100] {logging_mixin.py:137} INFO - [2022-12-31T21:05:49.435+0100] {dag.py:2676} INFO - Sync 1 DAGs
[2022-12-31T21:05:49.441+0100] {logging_mixin.py:137} INFO - [2022-12-31T21:05:49.441+0100] {dag.py:3423} INFO - Setting next_dagrun for example_sensors to None, run_after=None
[2022-12-31T21:05:49.447+0100] {processor.py:175} INFO - Processing /Library/Frameworks/Python.framework/Versions/3.11/lib/python3.11/site-packages/airflow/example_dags/example_sensors.py took 1.774 seconds
[2022-12-31T21:07:35.267+0100] {processor.py:153} INFO - Started process (PID=94788) to work on /Library/Frameworks/Python.framework/Versions/3.11/lib/python3.11/site-packages/airflow/example_dags/example_sensors.py
[2022-12-31T21:07:35.272+0100] {processor.py:743} INFO - Processing file /Library/Frameworks/Python.framework/Versions/3.11/lib/python3.11/site-packages/airflow/example_dags/example_sensors.py for tasks to queue
[2022-12-31T21:07:35.272+0100] {logging_mixin.py:137} INFO - [2022-12-31T21:07:35.272+0100] {dagbag.py:538} INFO - Filling up the DagBag from /Library/Frameworks/Python.framework/Versions/3.11/lib/python3.11/site-packages/airflow/example_dags/example_sensors.py
[2022-12-31T21:07:35.292+0100] {processor.py:753} INFO - DAG(s) dict_keys(['example_sensors']) retrieved from /Library/Frameworks/Python.framework/Versions/3.11/lib/python3.11/site-packages/airflow/example_dags/example_sensors.py
[2022-12-31T21:07:36.781+0100] {logging_mixin.py:137} INFO - {2.3: 'Indiana Pacers', 1.72: 'LA Clippers'}
[2022-12-31T21:07:36.914+0100] {logging_mixin.py:137} INFO - [2022-12-31T21:07:36.914+0100] {dag.py:2676} INFO - Sync 1 DAGs
[2022-12-31T21:07:36.920+0100] {logging_mixin.py:137} INFO - [2022-12-31T21:07:36.920+0100] {dag.py:3423} INFO - Setting next_dagrun for example_sensors to None, run_after=None
[2022-12-31T21:07:36.927+0100] {processor.py:175} INFO - Processing /Library/Frameworks/Python.framework/Versions/3.11/lib/python3.11/site-packages/airflow/example_dags/example_sensors.py took 1.661 seconds
[2022-12-31T21:09:36.938+0100] {processor.py:153} INFO - Started process (PID=95108) to work on /Library/Frameworks/Python.framework/Versions/3.11/lib/python3.11/site-packages/airflow/example_dags/example_sensors.py
[2022-12-31T21:09:36.942+0100] {processor.py:743} INFO - Processing file /Library/Frameworks/Python.framework/Versions/3.11/lib/python3.11/site-packages/airflow/example_dags/example_sensors.py for tasks to queue
[2022-12-31T21:09:36.942+0100] {logging_mixin.py:137} INFO - [2022-12-31T21:09:36.942+0100] {dagbag.py:538} INFO - Filling up the DagBag from /Library/Frameworks/Python.framework/Versions/3.11/lib/python3.11/site-packages/airflow/example_dags/example_sensors.py
[2022-12-31T21:09:37.004+0100] {processor.py:753} INFO - DAG(s) dict_keys(['example_sensors']) retrieved from /Library/Frameworks/Python.framework/Versions/3.11/lib/python3.11/site-packages/airflow/example_dags/example_sensors.py
[2022-12-31T21:09:39.054+0100] {logging_mixin.py:137} INFO - {2.3: 'Indiana Pacers', 1.72: 'LA Clippers'}
[2022-12-31T21:09:39.207+0100] {logging_mixin.py:137} INFO - [2022-12-31T21:09:39.207+0100] {dag.py:2676} INFO - Sync 1 DAGs
[2022-12-31T21:09:39.216+0100] {logging_mixin.py:137} INFO - [2022-12-31T21:09:39.216+0100] {dag.py:3423} INFO - Setting next_dagrun for example_sensors to None, run_after=None
[2022-12-31T21:09:39.225+0100] {processor.py:175} INFO - Processing /Library/Frameworks/Python.framework/Versions/3.11/lib/python3.11/site-packages/airflow/example_dags/example_sensors.py took 2.288 seconds
[2022-12-31T21:11:39.239+0100] {processor.py:153} INFO - Started process (PID=95448) to work on /Library/Frameworks/Python.framework/Versions/3.11/lib/python3.11/site-packages/airflow/example_dags/example_sensors.py
[2022-12-31T21:11:39.245+0100] {processor.py:743} INFO - Processing file /Library/Frameworks/Python.framework/Versions/3.11/lib/python3.11/site-packages/airflow/example_dags/example_sensors.py for tasks to queue
[2022-12-31T21:11:39.246+0100] {logging_mixin.py:137} INFO - [2022-12-31T21:11:39.246+0100] {dagbag.py:538} INFO - Filling up the DagBag from /Library/Frameworks/Python.framework/Versions/3.11/lib/python3.11/site-packages/airflow/example_dags/example_sensors.py
[2022-12-31T21:11:39.295+0100] {processor.py:753} INFO - DAG(s) dict_keys(['example_sensors']) retrieved from /Library/Frameworks/Python.framework/Versions/3.11/lib/python3.11/site-packages/airflow/example_dags/example_sensors.py
[2022-12-31T21:11:41.241+0100] {logging_mixin.py:137} INFO - {2.3: 'Indiana Pacers', 1.72: 'LA Clippers'}
[2022-12-31T21:11:41.385+0100] {logging_mixin.py:137} INFO - [2022-12-31T21:11:41.385+0100] {dag.py:2676} INFO - Sync 1 DAGs
[2022-12-31T21:11:41.392+0100] {logging_mixin.py:137} INFO - [2022-12-31T21:11:41.392+0100] {dag.py:3423} INFO - Setting next_dagrun for example_sensors to None, run_after=None
[2022-12-31T21:11:41.402+0100] {processor.py:175} INFO - Processing /Library/Frameworks/Python.framework/Versions/3.11/lib/python3.11/site-packages/airflow/example_dags/example_sensors.py took 2.164 seconds
[2022-12-31T21:13:53.902+0100] {processor.py:153} INFO - Started process (PID=95724) to work on /Library/Frameworks/Python.framework/Versions/3.11/lib/python3.11/site-packages/airflow/example_dags/example_sensors.py
[2022-12-31T21:13:53.907+0100] {processor.py:743} INFO - Processing file /Library/Frameworks/Python.framework/Versions/3.11/lib/python3.11/site-packages/airflow/example_dags/example_sensors.py for tasks to queue
[2022-12-31T21:13:53.907+0100] {logging_mixin.py:137} INFO - [2022-12-31T21:13:53.907+0100] {dagbag.py:538} INFO - Filling up the DagBag from /Library/Frameworks/Python.framework/Versions/3.11/lib/python3.11/site-packages/airflow/example_dags/example_sensors.py
[2022-12-31T21:13:53.928+0100] {processor.py:753} INFO - DAG(s) dict_keys(['example_sensors']) retrieved from /Library/Frameworks/Python.framework/Versions/3.11/lib/python3.11/site-packages/airflow/example_dags/example_sensors.py
[2022-12-31T21:13:55.488+0100] {logging_mixin.py:137} INFO - {2.3: 'Indiana Pacers', 1.72: 'LA Clippers'}
[2022-12-31T21:13:55.563+0100] {logging_mixin.py:137} INFO - [2022-12-31T21:13:55.562+0100] {dag.py:2676} INFO - Sync 1 DAGs
[2022-12-31T21:13:55.571+0100] {logging_mixin.py:137} INFO - [2022-12-31T21:13:55.570+0100] {dag.py:3423} INFO - Setting next_dagrun for example_sensors to None, run_after=None
[2022-12-31T21:13:55.579+0100] {processor.py:175} INFO - Processing /Library/Frameworks/Python.framework/Versions/3.11/lib/python3.11/site-packages/airflow/example_dags/example_sensors.py took 1.678 seconds
[2022-12-31T21:15:46.624+0100] {processor.py:153} INFO - Started process (PID=96010) to work on /Library/Frameworks/Python.framework/Versions/3.11/lib/python3.11/site-packages/airflow/example_dags/example_sensors.py
[2022-12-31T21:15:46.626+0100] {processor.py:743} INFO - Processing file /Library/Frameworks/Python.framework/Versions/3.11/lib/python3.11/site-packages/airflow/example_dags/example_sensors.py for tasks to queue
[2022-12-31T21:15:46.627+0100] {logging_mixin.py:137} INFO - [2022-12-31T21:15:46.626+0100] {dagbag.py:538} INFO - Filling up the DagBag from /Library/Frameworks/Python.framework/Versions/3.11/lib/python3.11/site-packages/airflow/example_dags/example_sensors.py
[2022-12-31T21:15:46.647+0100] {processor.py:753} INFO - DAG(s) dict_keys(['example_sensors']) retrieved from /Library/Frameworks/Python.framework/Versions/3.11/lib/python3.11/site-packages/airflow/example_dags/example_sensors.py
[2022-12-31T21:15:48.030+0100] {logging_mixin.py:137} INFO - {2.3: 'Indiana Pacers', 1.72: 'LA Clippers'}
[2022-12-31T21:15:48.094+0100] {logging_mixin.py:137} INFO - [2022-12-31T21:15:48.094+0100] {dag.py:2676} INFO - Sync 1 DAGs
[2022-12-31T21:15:48.103+0100] {logging_mixin.py:137} INFO - [2022-12-31T21:15:48.103+0100] {dag.py:3423} INFO - Setting next_dagrun for example_sensors to None, run_after=None
[2022-12-31T21:15:48.109+0100] {processor.py:175} INFO - Processing /Library/Frameworks/Python.framework/Versions/3.11/lib/python3.11/site-packages/airflow/example_dags/example_sensors.py took 1.486 seconds
[2022-12-31T21:17:33.204+0100] {processor.py:153} INFO - Started process (PID=96179) to work on /Library/Frameworks/Python.framework/Versions/3.11/lib/python3.11/site-packages/airflow/example_dags/example_sensors.py
[2022-12-31T21:17:33.209+0100] {processor.py:743} INFO - Processing file /Library/Frameworks/Python.framework/Versions/3.11/lib/python3.11/site-packages/airflow/example_dags/example_sensors.py for tasks to queue
[2022-12-31T21:17:33.209+0100] {logging_mixin.py:137} INFO - [2022-12-31T21:17:33.209+0100] {dagbag.py:538} INFO - Filling up the DagBag from /Library/Frameworks/Python.framework/Versions/3.11/lib/python3.11/site-packages/airflow/example_dags/example_sensors.py
[2022-12-31T21:17:33.236+0100] {processor.py:753} INFO - DAG(s) dict_keys(['example_sensors']) retrieved from /Library/Frameworks/Python.framework/Versions/3.11/lib/python3.11/site-packages/airflow/example_dags/example_sensors.py
[2022-12-31T21:17:34.848+0100] {logging_mixin.py:137} INFO - {2.3: 'Indiana Pacers', 1.72: 'LA Clippers'}
[2022-12-31T21:17:34.912+0100] {logging_mixin.py:137} INFO - [2022-12-31T21:17:34.912+0100] {dag.py:2676} INFO - Sync 1 DAGs
[2022-12-31T21:17:34.918+0100] {logging_mixin.py:137} INFO - [2022-12-31T21:17:34.918+0100] {dag.py:3423} INFO - Setting next_dagrun for example_sensors to None, run_after=None
[2022-12-31T21:17:34.925+0100] {processor.py:175} INFO - Processing /Library/Frameworks/Python.framework/Versions/3.11/lib/python3.11/site-packages/airflow/example_dags/example_sensors.py took 1.721 seconds
[2022-12-31T21:19:30.132+0100] {processor.py:153} INFO - Started process (PID=96475) to work on /Library/Frameworks/Python.framework/Versions/3.11/lib/python3.11/site-packages/airflow/example_dags/example_sensors.py
[2022-12-31T21:19:30.138+0100] {processor.py:743} INFO - Processing file /Library/Frameworks/Python.framework/Versions/3.11/lib/python3.11/site-packages/airflow/example_dags/example_sensors.py for tasks to queue
[2022-12-31T21:19:30.139+0100] {logging_mixin.py:137} INFO - [2022-12-31T21:19:30.139+0100] {dagbag.py:538} INFO - Filling up the DagBag from /Library/Frameworks/Python.framework/Versions/3.11/lib/python3.11/site-packages/airflow/example_dags/example_sensors.py
[2022-12-31T21:19:30.171+0100] {processor.py:753} INFO - DAG(s) dict_keys(['example_sensors']) retrieved from /Library/Frameworks/Python.framework/Versions/3.11/lib/python3.11/site-packages/airflow/example_dags/example_sensors.py
[2022-12-31T21:19:32.338+0100] {logging_mixin.py:137} INFO - {2.3: 'Indiana Pacers', 1.72: 'LA Clippers'}
[2022-12-31T21:19:32.415+0100] {logging_mixin.py:137} INFO - [2022-12-31T21:19:32.415+0100] {dag.py:2676} INFO - Sync 1 DAGs
[2022-12-31T21:19:32.423+0100] {logging_mixin.py:137} INFO - [2022-12-31T21:19:32.423+0100] {dag.py:3423} INFO - Setting next_dagrun for example_sensors to None, run_after=None
[2022-12-31T21:19:32.430+0100] {processor.py:175} INFO - Processing /Library/Frameworks/Python.framework/Versions/3.11/lib/python3.11/site-packages/airflow/example_dags/example_sensors.py took 2.309 seconds
[2022-12-31T21:21:27.950+0100] {processor.py:153} INFO - Started process (PID=96673) to work on /Library/Frameworks/Python.framework/Versions/3.11/lib/python3.11/site-packages/airflow/example_dags/example_sensors.py
[2022-12-31T21:21:27.955+0100] {processor.py:743} INFO - Processing file /Library/Frameworks/Python.framework/Versions/3.11/lib/python3.11/site-packages/airflow/example_dags/example_sensors.py for tasks to queue
[2022-12-31T21:21:27.955+0100] {logging_mixin.py:137} INFO - [2022-12-31T21:21:27.955+0100] {dagbag.py:538} INFO - Filling up the DagBag from /Library/Frameworks/Python.framework/Versions/3.11/lib/python3.11/site-packages/airflow/example_dags/example_sensors.py
[2022-12-31T21:21:27.977+0100] {processor.py:753} INFO - DAG(s) dict_keys(['example_sensors']) retrieved from /Library/Frameworks/Python.framework/Versions/3.11/lib/python3.11/site-packages/airflow/example_dags/example_sensors.py
[2022-12-31T21:21:29.472+0100] {logging_mixin.py:137} INFO - {2.3: 'Indiana Pacers', 1.72: 'LA Clippers'}
[2022-12-31T21:21:29.534+0100] {logging_mixin.py:137} INFO - [2022-12-31T21:21:29.534+0100] {dag.py:2676} INFO - Sync 1 DAGs
[2022-12-31T21:21:29.541+0100] {logging_mixin.py:137} INFO - [2022-12-31T21:21:29.541+0100] {dag.py:3423} INFO - Setting next_dagrun for example_sensors to None, run_after=None
[2022-12-31T21:21:29.549+0100] {processor.py:175} INFO - Processing /Library/Frameworks/Python.framework/Versions/3.11/lib/python3.11/site-packages/airflow/example_dags/example_sensors.py took 1.600 seconds
[2022-12-31T21:23:24.077+0100] {processor.py:153} INFO - Started process (PID=96835) to work on /Library/Frameworks/Python.framework/Versions/3.11/lib/python3.11/site-packages/airflow/example_dags/example_sensors.py
[2022-12-31T21:23:24.082+0100] {processor.py:743} INFO - Processing file /Library/Frameworks/Python.framework/Versions/3.11/lib/python3.11/site-packages/airflow/example_dags/example_sensors.py for tasks to queue
[2022-12-31T21:23:24.082+0100] {logging_mixin.py:137} INFO - [2022-12-31T21:23:24.082+0100] {dagbag.py:538} INFO - Filling up the DagBag from /Library/Frameworks/Python.framework/Versions/3.11/lib/python3.11/site-packages/airflow/example_dags/example_sensors.py
[2022-12-31T21:23:24.126+0100] {processor.py:753} INFO - DAG(s) dict_keys(['example_sensors']) retrieved from /Library/Frameworks/Python.framework/Versions/3.11/lib/python3.11/site-packages/airflow/example_dags/example_sensors.py
[2022-12-31T21:23:25.809+0100] {logging_mixin.py:137} INFO - {2.3: 'Indiana Pacers', 1.72: 'LA Clippers'}
[2022-12-31T21:23:25.912+0100] {logging_mixin.py:137} INFO - [2022-12-31T21:23:25.911+0100] {dag.py:2676} INFO - Sync 1 DAGs
[2022-12-31T21:23:25.927+0100] {logging_mixin.py:137} INFO - [2022-12-31T21:23:25.927+0100] {dag.py:3423} INFO - Setting next_dagrun for example_sensors to None, run_after=None
[2022-12-31T21:23:25.949+0100] {processor.py:175} INFO - Processing /Library/Frameworks/Python.framework/Versions/3.11/lib/python3.11/site-packages/airflow/example_dags/example_sensors.py took 1.874 seconds
[2022-12-31T21:25:17.057+0100] {processor.py:153} INFO - Started process (PID=97049) to work on /Library/Frameworks/Python.framework/Versions/3.11/lib/python3.11/site-packages/airflow/example_dags/example_sensors.py
[2022-12-31T21:25:17.063+0100] {processor.py:743} INFO - Processing file /Library/Frameworks/Python.framework/Versions/3.11/lib/python3.11/site-packages/airflow/example_dags/example_sensors.py for tasks to queue
[2022-12-31T21:25:17.063+0100] {logging_mixin.py:137} INFO - [2022-12-31T21:25:17.063+0100] {dagbag.py:538} INFO - Filling up the DagBag from /Library/Frameworks/Python.framework/Versions/3.11/lib/python3.11/site-packages/airflow/example_dags/example_sensors.py
[2022-12-31T21:25:17.084+0100] {processor.py:753} INFO - DAG(s) dict_keys(['example_sensors']) retrieved from /Library/Frameworks/Python.framework/Versions/3.11/lib/python3.11/site-packages/airflow/example_dags/example_sensors.py
[2022-12-31T21:25:18.629+0100] {logging_mixin.py:137} INFO - {2.3: 'Indiana Pacers', 1.72: 'LA Clippers'}
[2022-12-31T21:25:18.697+0100] {logging_mixin.py:137} INFO - [2022-12-31T21:25:18.697+0100] {dag.py:2676} INFO - Sync 1 DAGs
[2022-12-31T21:25:18.704+0100] {logging_mixin.py:137} INFO - [2022-12-31T21:25:18.704+0100] {dag.py:3423} INFO - Setting next_dagrun for example_sensors to None, run_after=None
[2022-12-31T21:25:18.710+0100] {processor.py:175} INFO - Processing /Library/Frameworks/Python.framework/Versions/3.11/lib/python3.11/site-packages/airflow/example_dags/example_sensors.py took 1.654 seconds
[2022-12-31T21:27:14.918+0100] {processor.py:153} INFO - Started process (PID=97311) to work on /Library/Frameworks/Python.framework/Versions/3.11/lib/python3.11/site-packages/airflow/example_dags/example_sensors.py
[2022-12-31T21:27:14.922+0100] {processor.py:743} INFO - Processing file /Library/Frameworks/Python.framework/Versions/3.11/lib/python3.11/site-packages/airflow/example_dags/example_sensors.py for tasks to queue
[2022-12-31T21:27:14.922+0100] {logging_mixin.py:137} INFO - [2022-12-31T21:27:14.922+0100] {dagbag.py:538} INFO - Filling up the DagBag from /Library/Frameworks/Python.framework/Versions/3.11/lib/python3.11/site-packages/airflow/example_dags/example_sensors.py
[2022-12-31T21:27:14.951+0100] {processor.py:753} INFO - DAG(s) dict_keys(['example_sensors']) retrieved from /Library/Frameworks/Python.framework/Versions/3.11/lib/python3.11/site-packages/airflow/example_dags/example_sensors.py
[2022-12-31T21:27:16.439+0100] {logging_mixin.py:137} INFO - {2.3: 'Indiana Pacers', 1.72: 'LA Clippers'}
[2022-12-31T21:27:16.508+0100] {logging_mixin.py:137} INFO - [2022-12-31T21:27:16.508+0100] {dag.py:2676} INFO - Sync 1 DAGs
[2022-12-31T21:27:16.514+0100] {logging_mixin.py:137} INFO - [2022-12-31T21:27:16.514+0100] {dag.py:3423} INFO - Setting next_dagrun for example_sensors to None, run_after=None
[2022-12-31T21:27:16.521+0100] {processor.py:175} INFO - Processing /Library/Frameworks/Python.framework/Versions/3.11/lib/python3.11/site-packages/airflow/example_dags/example_sensors.py took 1.603 seconds
