[2022-12-31T20:29:58.467+0100] {processor.py:153} INFO - Started process (PID=90237) to work on /Library/Frameworks/Python.framework/Versions/3.11/lib/python3.11/site-packages/airflow/example_dags/example_branch_operator.py
[2022-12-31T20:29:58.471+0100] {processor.py:743} INFO - Processing file /Library/Frameworks/Python.framework/Versions/3.11/lib/python3.11/site-packages/airflow/example_dags/example_branch_operator.py for tasks to queue
[2022-12-31T20:29:58.471+0100] {logging_mixin.py:137} INFO - [2022-12-31T20:29:58.471+0100] {dagbag.py:538} INFO - Filling up the DagBag from /Library/Frameworks/Python.framework/Versions/3.11/lib/python3.11/site-packages/airflow/example_dags/example_branch_operator.py
[2022-12-31T20:29:58.488+0100] {processor.py:753} INFO - DAG(s) dict_keys(['example_branch_operator']) retrieved from /Library/Frameworks/Python.framework/Versions/3.11/lib/python3.11/site-packages/airflow/example_dags/example_branch_operator.py
[2022-12-31T20:29:58.939+0100] {logging_mixin.py:137} INFO - [2022-12-31T20:29:58.938+0100] {manager.py:504} INFO - Created Permission View: can read on DAG:example_branch_operator
[2022-12-31T20:29:58.941+0100] {logging_mixin.py:137} INFO - [2022-12-31T20:29:58.941+0100] {manager.py:504} INFO - Created Permission View: can edit on DAG:example_branch_operator
[2022-12-31T20:29:58.943+0100] {logging_mixin.py:137} INFO - [2022-12-31T20:29:58.943+0100] {manager.py:504} INFO - Created Permission View: can delete on DAG:example_branch_operator
[2022-12-31T20:29:58.943+0100] {logging_mixin.py:137} INFO - [2022-12-31T20:29:58.943+0100] {dag.py:2676} INFO - Sync 1 DAGs
[2022-12-31T20:29:58.946+0100] {logging_mixin.py:137} INFO - [2022-12-31T20:29:58.946+0100] {dag.py:2697} INFO - Creating ORM DAG for example_branch_operator
[2022-12-31T20:29:58.949+0100] {logging_mixin.py:137} INFO - [2022-12-31T20:29:58.949+0100] {dag.py:3423} INFO - Setting next_dagrun for example_branch_operator to 2022-12-30T00:00:00+00:00, run_after=2022-12-31T00:00:00+00:00
[2022-12-31T20:29:58.954+0100] {processor.py:175} INFO - Processing /Library/Frameworks/Python.framework/Versions/3.11/lib/python3.11/site-packages/airflow/example_dags/example_branch_operator.py took 0.488 seconds
[2022-12-31T20:31:49.994+0100] {processor.py:153} INFO - Started process (PID=90466) to work on /Library/Frameworks/Python.framework/Versions/3.11/lib/python3.11/site-packages/airflow/example_dags/example_branch_operator.py
[2022-12-31T20:31:49.997+0100] {processor.py:743} INFO - Processing file /Library/Frameworks/Python.framework/Versions/3.11/lib/python3.11/site-packages/airflow/example_dags/example_branch_operator.py for tasks to queue
[2022-12-31T20:31:49.998+0100] {logging_mixin.py:137} INFO - [2022-12-31T20:31:49.998+0100] {dagbag.py:538} INFO - Filling up the DagBag from /Library/Frameworks/Python.framework/Versions/3.11/lib/python3.11/site-packages/airflow/example_dags/example_branch_operator.py
[2022-12-31T20:31:50.014+0100] {processor.py:753} INFO - DAG(s) dict_keys(['example_branch_operator']) retrieved from /Library/Frameworks/Python.framework/Versions/3.11/lib/python3.11/site-packages/airflow/example_dags/example_branch_operator.py
[2022-12-31T20:31:50.429+0100] {logging_mixin.py:137} INFO - [2022-12-31T20:31:50.429+0100] {dag.py:2676} INFO - Sync 1 DAGs
[2022-12-31T20:31:50.435+0100] {logging_mixin.py:137} INFO - [2022-12-31T20:31:50.435+0100] {dag.py:3423} INFO - Setting next_dagrun for example_branch_operator to 2022-12-30T00:00:00+00:00, run_after=2022-12-31T00:00:00+00:00
[2022-12-31T20:31:50.442+0100] {processor.py:175} INFO - Processing /Library/Frameworks/Python.framework/Versions/3.11/lib/python3.11/site-packages/airflow/example_dags/example_branch_operator.py took 0.449 seconds
[2022-12-31T20:33:34.295+0100] {processor.py:153} INFO - Started process (PID=90603) to work on /Library/Frameworks/Python.framework/Versions/3.11/lib/python3.11/site-packages/airflow/example_dags/example_branch_operator.py
[2022-12-31T20:33:34.299+0100] {processor.py:743} INFO - Processing file /Library/Frameworks/Python.framework/Versions/3.11/lib/python3.11/site-packages/airflow/example_dags/example_branch_operator.py for tasks to queue
[2022-12-31T20:33:34.299+0100] {logging_mixin.py:137} INFO - [2022-12-31T20:33:34.299+0100] {dagbag.py:538} INFO - Filling up the DagBag from /Library/Frameworks/Python.framework/Versions/3.11/lib/python3.11/site-packages/airflow/example_dags/example_branch_operator.py
[2022-12-31T20:33:34.316+0100] {processor.py:753} INFO - DAG(s) dict_keys(['example_branch_operator']) retrieved from /Library/Frameworks/Python.framework/Versions/3.11/lib/python3.11/site-packages/airflow/example_dags/example_branch_operator.py
[2022-12-31T20:33:34.775+0100] {logging_mixin.py:137} INFO - [2022-12-31T20:33:34.775+0100] {dag.py:2676} INFO - Sync 1 DAGs
[2022-12-31T20:33:34.782+0100] {logging_mixin.py:137} INFO - [2022-12-31T20:33:34.782+0100] {dag.py:3423} INFO - Setting next_dagrun for example_branch_operator to 2022-12-30T00:00:00+00:00, run_after=2022-12-31T00:00:00+00:00
[2022-12-31T20:33:34.790+0100] {processor.py:175} INFO - Processing /Library/Frameworks/Python.framework/Versions/3.11/lib/python3.11/site-packages/airflow/example_dags/example_branch_operator.py took 0.496 seconds
[2022-12-31T20:36:32.322+0100] {processor.py:153} INFO - Started process (PID=90863) to work on /Library/Frameworks/Python.framework/Versions/3.11/lib/python3.11/site-packages/airflow/example_dags/example_branch_operator.py
[2022-12-31T20:36:32.326+0100] {processor.py:743} INFO - Processing file /Library/Frameworks/Python.framework/Versions/3.11/lib/python3.11/site-packages/airflow/example_dags/example_branch_operator.py for tasks to queue
[2022-12-31T20:36:32.326+0100] {logging_mixin.py:137} INFO - [2022-12-31T20:36:32.326+0100] {dagbag.py:538} INFO - Filling up the DagBag from /Library/Frameworks/Python.framework/Versions/3.11/lib/python3.11/site-packages/airflow/example_dags/example_branch_operator.py
[2022-12-31T20:36:32.352+0100] {processor.py:753} INFO - DAG(s) dict_keys(['example_branch_operator']) retrieved from /Library/Frameworks/Python.framework/Versions/3.11/lib/python3.11/site-packages/airflow/example_dags/example_branch_operator.py
[2022-12-31T20:36:32.810+0100] {logging_mixin.py:137} INFO - [2022-12-31T20:36:32.810+0100] {dag.py:2676} INFO - Sync 1 DAGs
[2022-12-31T20:36:32.816+0100] {logging_mixin.py:137} INFO - [2022-12-31T20:36:32.816+0100] {dag.py:3423} INFO - Setting next_dagrun for example_branch_operator to 2022-12-30T00:00:00+00:00, run_after=2022-12-31T00:00:00+00:00
[2022-12-31T20:36:32.824+0100] {processor.py:175} INFO - Processing /Library/Frameworks/Python.framework/Versions/3.11/lib/python3.11/site-packages/airflow/example_dags/example_branch_operator.py took 0.503 seconds
[2022-12-31T20:38:14.753+0100] {processor.py:153} INFO - Started process (PID=91007) to work on /Library/Frameworks/Python.framework/Versions/3.11/lib/python3.11/site-packages/airflow/example_dags/example_branch_operator.py
[2022-12-31T20:38:14.757+0100] {processor.py:743} INFO - Processing file /Library/Frameworks/Python.framework/Versions/3.11/lib/python3.11/site-packages/airflow/example_dags/example_branch_operator.py for tasks to queue
[2022-12-31T20:38:14.757+0100] {logging_mixin.py:137} INFO - [2022-12-31T20:38:14.757+0100] {dagbag.py:538} INFO - Filling up the DagBag from /Library/Frameworks/Python.framework/Versions/3.11/lib/python3.11/site-packages/airflow/example_dags/example_branch_operator.py
[2022-12-31T20:38:14.775+0100] {processor.py:753} INFO - DAG(s) dict_keys(['example_branch_operator']) retrieved from /Library/Frameworks/Python.framework/Versions/3.11/lib/python3.11/site-packages/airflow/example_dags/example_branch_operator.py
[2022-12-31T20:38:15.196+0100] {logging_mixin.py:137} INFO - [2022-12-31T20:38:15.196+0100] {dag.py:2676} INFO - Sync 1 DAGs
[2022-12-31T20:38:15.202+0100] {logging_mixin.py:137} INFO - [2022-12-31T20:38:15.202+0100] {dag.py:3423} INFO - Setting next_dagrun for example_branch_operator to 2022-12-30T00:00:00+00:00, run_after=2022-12-31T00:00:00+00:00
[2022-12-31T20:38:15.211+0100] {processor.py:175} INFO - Processing /Library/Frameworks/Python.framework/Versions/3.11/lib/python3.11/site-packages/airflow/example_dags/example_branch_operator.py took 0.459 seconds
[2022-12-31T20:39:58.724+0100] {processor.py:153} INFO - Started process (PID=91182) to work on /Library/Frameworks/Python.framework/Versions/3.11/lib/python3.11/site-packages/airflow/example_dags/example_branch_operator.py
[2022-12-31T20:39:58.730+0100] {processor.py:743} INFO - Processing file /Library/Frameworks/Python.framework/Versions/3.11/lib/python3.11/site-packages/airflow/example_dags/example_branch_operator.py for tasks to queue
[2022-12-31T20:39:58.731+0100] {logging_mixin.py:137} INFO - [2022-12-31T20:39:58.731+0100] {dagbag.py:538} INFO - Filling up the DagBag from /Library/Frameworks/Python.framework/Versions/3.11/lib/python3.11/site-packages/airflow/example_dags/example_branch_operator.py
[2022-12-31T20:39:58.756+0100] {processor.py:753} INFO - DAG(s) dict_keys(['example_branch_operator']) retrieved from /Library/Frameworks/Python.framework/Versions/3.11/lib/python3.11/site-packages/airflow/example_dags/example_branch_operator.py
[2022-12-31T20:39:59.153+0100] {logging_mixin.py:137} INFO - [2022-12-31T20:39:59.153+0100] {dag.py:2676} INFO - Sync 1 DAGs
[2022-12-31T20:39:59.160+0100] {logging_mixin.py:137} INFO - [2022-12-31T20:39:59.160+0100] {dag.py:3423} INFO - Setting next_dagrun for example_branch_operator to 2022-12-30T00:00:00+00:00, run_after=2022-12-31T00:00:00+00:00
[2022-12-31T20:39:59.166+0100] {processor.py:175} INFO - Processing /Library/Frameworks/Python.framework/Versions/3.11/lib/python3.11/site-packages/airflow/example_dags/example_branch_operator.py took 0.443 seconds
[2022-12-31T20:41:46.923+0100] {processor.py:153} INFO - Started process (PID=91351) to work on /Library/Frameworks/Python.framework/Versions/3.11/lib/python3.11/site-packages/airflow/example_dags/example_branch_operator.py
[2022-12-31T20:41:46.928+0100] {processor.py:743} INFO - Processing file /Library/Frameworks/Python.framework/Versions/3.11/lib/python3.11/site-packages/airflow/example_dags/example_branch_operator.py for tasks to queue
[2022-12-31T20:41:46.928+0100] {logging_mixin.py:137} INFO - [2022-12-31T20:41:46.928+0100] {dagbag.py:538} INFO - Filling up the DagBag from /Library/Frameworks/Python.framework/Versions/3.11/lib/python3.11/site-packages/airflow/example_dags/example_branch_operator.py
[2022-12-31T20:41:46.944+0100] {processor.py:753} INFO - DAG(s) dict_keys(['example_branch_operator']) retrieved from /Library/Frameworks/Python.framework/Versions/3.11/lib/python3.11/site-packages/airflow/example_dags/example_branch_operator.py
[2022-12-31T20:41:47.351+0100] {logging_mixin.py:137} INFO - [2022-12-31T20:41:47.351+0100] {dag.py:2676} INFO - Sync 1 DAGs
[2022-12-31T20:41:47.357+0100] {logging_mixin.py:137} INFO - [2022-12-31T20:41:47.357+0100] {dag.py:3423} INFO - Setting next_dagrun for example_branch_operator to 2022-12-30T00:00:00+00:00, run_after=2022-12-31T00:00:00+00:00
[2022-12-31T20:41:47.363+0100] {processor.py:175} INFO - Processing /Library/Frameworks/Python.framework/Versions/3.11/lib/python3.11/site-packages/airflow/example_dags/example_branch_operator.py took 0.441 seconds
[2022-12-31T20:43:31.456+0100] {processor.py:153} INFO - Started process (PID=91545) to work on /Library/Frameworks/Python.framework/Versions/3.11/lib/python3.11/site-packages/airflow/example_dags/example_branch_operator.py
[2022-12-31T20:43:31.462+0100] {processor.py:743} INFO - Processing file /Library/Frameworks/Python.framework/Versions/3.11/lib/python3.11/site-packages/airflow/example_dags/example_branch_operator.py for tasks to queue
[2022-12-31T20:43:31.462+0100] {logging_mixin.py:137} INFO - [2022-12-31T20:43:31.462+0100] {dagbag.py:538} INFO - Filling up the DagBag from /Library/Frameworks/Python.framework/Versions/3.11/lib/python3.11/site-packages/airflow/example_dags/example_branch_operator.py
[2022-12-31T20:43:31.479+0100] {processor.py:753} INFO - DAG(s) dict_keys(['example_branch_operator']) retrieved from /Library/Frameworks/Python.framework/Versions/3.11/lib/python3.11/site-packages/airflow/example_dags/example_branch_operator.py
[2022-12-31T20:43:31.887+0100] {logging_mixin.py:137} INFO - [2022-12-31T20:43:31.887+0100] {dag.py:2676} INFO - Sync 1 DAGs
[2022-12-31T20:43:31.894+0100] {logging_mixin.py:137} INFO - [2022-12-31T20:43:31.894+0100] {dag.py:3423} INFO - Setting next_dagrun for example_branch_operator to 2022-12-30T00:00:00+00:00, run_after=2022-12-31T00:00:00+00:00
[2022-12-31T20:43:31.900+0100] {processor.py:175} INFO - Processing /Library/Frameworks/Python.framework/Versions/3.11/lib/python3.11/site-packages/airflow/example_dags/example_branch_operator.py took 0.446 seconds
[2022-12-31T20:47:53.113+0100] {processor.py:153} INFO - Started process (PID=92048) to work on /Library/Frameworks/Python.framework/Versions/3.11/lib/python3.11/site-packages/airflow/example_dags/example_branch_operator.py
[2022-12-31T20:47:53.117+0100] {processor.py:743} INFO - Processing file /Library/Frameworks/Python.framework/Versions/3.11/lib/python3.11/site-packages/airflow/example_dags/example_branch_operator.py for tasks to queue
[2022-12-31T20:47:53.118+0100] {logging_mixin.py:137} INFO - [2022-12-31T20:47:53.118+0100] {dagbag.py:538} INFO - Filling up the DagBag from /Library/Frameworks/Python.framework/Versions/3.11/lib/python3.11/site-packages/airflow/example_dags/example_branch_operator.py
[2022-12-31T20:47:53.134+0100] {processor.py:753} INFO - DAG(s) dict_keys(['example_branch_operator']) retrieved from /Library/Frameworks/Python.framework/Versions/3.11/lib/python3.11/site-packages/airflow/example_dags/example_branch_operator.py
[2022-12-31T20:47:53.548+0100] {logging_mixin.py:137} INFO - [2022-12-31T20:47:53.548+0100] {dag.py:2676} INFO - Sync 1 DAGs
[2022-12-31T20:47:53.554+0100] {logging_mixin.py:137} INFO - [2022-12-31T20:47:53.554+0100] {dag.py:3423} INFO - Setting next_dagrun for example_branch_operator to 2022-12-30T00:00:00+00:00, run_after=2022-12-31T00:00:00+00:00
[2022-12-31T20:47:53.560+0100] {processor.py:175} INFO - Processing /Library/Frameworks/Python.framework/Versions/3.11/lib/python3.11/site-packages/airflow/example_dags/example_branch_operator.py took 0.448 seconds
[2022-12-31T20:52:17.483+0100] {processor.py:153} INFO - Started process (PID=92658) to work on /Library/Frameworks/Python.framework/Versions/3.11/lib/python3.11/site-packages/airflow/example_dags/example_branch_operator.py
[2022-12-31T20:52:17.491+0100] {processor.py:743} INFO - Processing file /Library/Frameworks/Python.framework/Versions/3.11/lib/python3.11/site-packages/airflow/example_dags/example_branch_operator.py for tasks to queue
[2022-12-31T20:52:17.497+0100] {logging_mixin.py:137} INFO - [2022-12-31T20:52:17.497+0100] {dagbag.py:538} INFO - Filling up the DagBag from /Library/Frameworks/Python.framework/Versions/3.11/lib/python3.11/site-packages/airflow/example_dags/example_branch_operator.py
[2022-12-31T20:52:17.520+0100] {processor.py:753} INFO - DAG(s) dict_keys(['example_branch_operator']) retrieved from /Library/Frameworks/Python.framework/Versions/3.11/lib/python3.11/site-packages/airflow/example_dags/example_branch_operator.py
[2022-12-31T20:52:18.136+0100] {logging_mixin.py:137} INFO - [2022-12-31T20:52:18.135+0100] {dag.py:2676} INFO - Sync 1 DAGs
[2022-12-31T20:52:18.156+0100] {logging_mixin.py:137} INFO - [2022-12-31T20:52:18.156+0100] {dag.py:3423} INFO - Setting next_dagrun for example_branch_operator to 2022-12-30T00:00:00+00:00, run_after=2022-12-31T00:00:00+00:00
[2022-12-31T20:52:18.167+0100] {processor.py:175} INFO - Processing /Library/Frameworks/Python.framework/Versions/3.11/lib/python3.11/site-packages/airflow/example_dags/example_branch_operator.py took 0.685 seconds
[2022-12-31T20:55:51.555+0100] {processor.py:153} INFO - Started process (PID=93213) to work on /Library/Frameworks/Python.framework/Versions/3.11/lib/python3.11/site-packages/airflow/example_dags/example_branch_operator.py
[2022-12-31T20:55:51.560+0100] {processor.py:743} INFO - Processing file /Library/Frameworks/Python.framework/Versions/3.11/lib/python3.11/site-packages/airflow/example_dags/example_branch_operator.py for tasks to queue
[2022-12-31T20:55:51.560+0100] {logging_mixin.py:137} INFO - [2022-12-31T20:55:51.560+0100] {dagbag.py:538} INFO - Filling up the DagBag from /Library/Frameworks/Python.framework/Versions/3.11/lib/python3.11/site-packages/airflow/example_dags/example_branch_operator.py
[2022-12-31T20:55:51.588+0100] {processor.py:753} INFO - DAG(s) dict_keys(['example_branch_operator']) retrieved from /Library/Frameworks/Python.framework/Versions/3.11/lib/python3.11/site-packages/airflow/example_dags/example_branch_operator.py
[2022-12-31T20:55:52.083+0100] {logging_mixin.py:137} INFO - [2022-12-31T20:55:52.083+0100] {dag.py:2676} INFO - Sync 1 DAGs
[2022-12-31T20:55:52.091+0100] {logging_mixin.py:137} INFO - [2022-12-31T20:55:52.091+0100] {dag.py:3423} INFO - Setting next_dagrun for example_branch_operator to 2022-12-30T00:00:00+00:00, run_after=2022-12-31T00:00:00+00:00
[2022-12-31T20:55:52.098+0100] {processor.py:175} INFO - Processing /Library/Frameworks/Python.framework/Versions/3.11/lib/python3.11/site-packages/airflow/example_dags/example_branch_operator.py took 0.544 seconds
[2022-12-31T20:57:54.713+0100] {processor.py:153} INFO - Started process (PID=93475) to work on /Library/Frameworks/Python.framework/Versions/3.11/lib/python3.11/site-packages/airflow/example_dags/example_branch_operator.py
[2022-12-31T20:57:54.717+0100] {processor.py:743} INFO - Processing file /Library/Frameworks/Python.framework/Versions/3.11/lib/python3.11/site-packages/airflow/example_dags/example_branch_operator.py for tasks to queue
[2022-12-31T20:57:54.717+0100] {logging_mixin.py:137} INFO - [2022-12-31T20:57:54.717+0100] {dagbag.py:538} INFO - Filling up the DagBag from /Library/Frameworks/Python.framework/Versions/3.11/lib/python3.11/site-packages/airflow/example_dags/example_branch_operator.py
[2022-12-31T20:57:54.734+0100] {processor.py:753} INFO - DAG(s) dict_keys(['example_branch_operator']) retrieved from /Library/Frameworks/Python.framework/Versions/3.11/lib/python3.11/site-packages/airflow/example_dags/example_branch_operator.py
[2022-12-31T20:57:55.199+0100] {logging_mixin.py:137} INFO - [2022-12-31T20:57:55.199+0100] {dag.py:2676} INFO - Sync 1 DAGs
[2022-12-31T20:57:55.206+0100] {logging_mixin.py:137} INFO - [2022-12-31T20:57:55.205+0100] {dag.py:3423} INFO - Setting next_dagrun for example_branch_operator to 2022-12-30T00:00:00+00:00, run_after=2022-12-31T00:00:00+00:00
[2022-12-31T20:57:55.212+0100] {processor.py:175} INFO - Processing /Library/Frameworks/Python.framework/Versions/3.11/lib/python3.11/site-packages/airflow/example_dags/example_branch_operator.py took 0.500 seconds
[2022-12-31T20:59:57.122+0100] {processor.py:153} INFO - Started process (PID=93703) to work on /Library/Frameworks/Python.framework/Versions/3.11/lib/python3.11/site-packages/airflow/example_dags/example_branch_operator.py
[2022-12-31T20:59:57.127+0100] {processor.py:743} INFO - Processing file /Library/Frameworks/Python.framework/Versions/3.11/lib/python3.11/site-packages/airflow/example_dags/example_branch_operator.py for tasks to queue
[2022-12-31T20:59:57.128+0100] {logging_mixin.py:137} INFO - [2022-12-31T20:59:57.128+0100] {dagbag.py:538} INFO - Filling up the DagBag from /Library/Frameworks/Python.framework/Versions/3.11/lib/python3.11/site-packages/airflow/example_dags/example_branch_operator.py
[2022-12-31T20:59:57.144+0100] {processor.py:753} INFO - DAG(s) dict_keys(['example_branch_operator']) retrieved from /Library/Frameworks/Python.framework/Versions/3.11/lib/python3.11/site-packages/airflow/example_dags/example_branch_operator.py
[2022-12-31T20:59:57.606+0100] {logging_mixin.py:137} INFO - [2022-12-31T20:59:57.606+0100] {dag.py:2676} INFO - Sync 1 DAGs
[2022-12-31T20:59:57.614+0100] {logging_mixin.py:137} INFO - [2022-12-31T20:59:57.613+0100] {dag.py:3423} INFO - Setting next_dagrun for example_branch_operator to 2022-12-30T00:00:00+00:00, run_after=2022-12-31T00:00:00+00:00
[2022-12-31T20:59:57.622+0100] {processor.py:175} INFO - Processing /Library/Frameworks/Python.framework/Versions/3.11/lib/python3.11/site-packages/airflow/example_dags/example_branch_operator.py took 0.501 seconds
[2022-12-31T21:01:59.986+0100] {processor.py:153} INFO - Started process (PID=94034) to work on /Library/Frameworks/Python.framework/Versions/3.11/lib/python3.11/site-packages/airflow/example_dags/example_branch_operator.py
[2022-12-31T21:01:59.990+0100] {processor.py:743} INFO - Processing file /Library/Frameworks/Python.framework/Versions/3.11/lib/python3.11/site-packages/airflow/example_dags/example_branch_operator.py for tasks to queue
[2022-12-31T21:01:59.991+0100] {logging_mixin.py:137} INFO - [2022-12-31T21:01:59.991+0100] {dagbag.py:538} INFO - Filling up the DagBag from /Library/Frameworks/Python.framework/Versions/3.11/lib/python3.11/site-packages/airflow/example_dags/example_branch_operator.py
[2022-12-31T21:02:00.024+0100] {processor.py:753} INFO - DAG(s) dict_keys(['example_branch_operator']) retrieved from /Library/Frameworks/Python.framework/Versions/3.11/lib/python3.11/site-packages/airflow/example_dags/example_branch_operator.py
[2022-12-31T21:02:00.501+0100] {logging_mixin.py:137} INFO - [2022-12-31T21:02:00.501+0100] {dag.py:2676} INFO - Sync 1 DAGs
[2022-12-31T21:02:00.507+0100] {logging_mixin.py:137} INFO - [2022-12-31T21:02:00.507+0100] {dag.py:3423} INFO - Setting next_dagrun for example_branch_operator to 2022-12-30T00:00:00+00:00, run_after=2022-12-31T00:00:00+00:00
[2022-12-31T21:02:00.515+0100] {processor.py:175} INFO - Processing /Library/Frameworks/Python.framework/Versions/3.11/lib/python3.11/site-packages/airflow/example_dags/example_branch_operator.py took 0.530 seconds
[2022-12-31T21:04:04.859+0100] {processor.py:153} INFO - Started process (PID=94360) to work on /Library/Frameworks/Python.framework/Versions/3.11/lib/python3.11/site-packages/airflow/example_dags/example_branch_operator.py
[2022-12-31T21:04:04.862+0100] {processor.py:743} INFO - Processing file /Library/Frameworks/Python.framework/Versions/3.11/lib/python3.11/site-packages/airflow/example_dags/example_branch_operator.py for tasks to queue
[2022-12-31T21:04:04.862+0100] {logging_mixin.py:137} INFO - [2022-12-31T21:04:04.862+0100] {dagbag.py:538} INFO - Filling up the DagBag from /Library/Frameworks/Python.framework/Versions/3.11/lib/python3.11/site-packages/airflow/example_dags/example_branch_operator.py
[2022-12-31T21:04:04.888+0100] {processor.py:753} INFO - DAG(s) dict_keys(['example_branch_operator']) retrieved from /Library/Frameworks/Python.framework/Versions/3.11/lib/python3.11/site-packages/airflow/example_dags/example_branch_operator.py
[2022-12-31T21:04:05.727+0100] {logging_mixin.py:137} INFO - [2022-12-31T21:04:05.726+0100] {dag.py:2676} INFO - Sync 1 DAGs
[2022-12-31T21:04:05.742+0100] {logging_mixin.py:137} INFO - [2022-12-31T21:04:05.742+0100] {dag.py:3423} INFO - Setting next_dagrun for example_branch_operator to 2022-12-30T00:00:00+00:00, run_after=2022-12-31T00:00:00+00:00
[2022-12-31T21:04:05.751+0100] {processor.py:175} INFO - Processing /Library/Frameworks/Python.framework/Versions/3.11/lib/python3.11/site-packages/airflow/example_dags/example_branch_operator.py took 0.893 seconds
[2022-12-31T21:06:02.441+0100] {processor.py:153} INFO - Started process (PID=94612) to work on /Library/Frameworks/Python.framework/Versions/3.11/lib/python3.11/site-packages/airflow/example_dags/example_branch_operator.py
[2022-12-31T21:06:02.446+0100] {processor.py:743} INFO - Processing file /Library/Frameworks/Python.framework/Versions/3.11/lib/python3.11/site-packages/airflow/example_dags/example_branch_operator.py for tasks to queue
[2022-12-31T21:06:02.446+0100] {logging_mixin.py:137} INFO - [2022-12-31T21:06:02.446+0100] {dagbag.py:538} INFO - Filling up the DagBag from /Library/Frameworks/Python.framework/Versions/3.11/lib/python3.11/site-packages/airflow/example_dags/example_branch_operator.py
[2022-12-31T21:06:02.462+0100] {processor.py:753} INFO - DAG(s) dict_keys(['example_branch_operator']) retrieved from /Library/Frameworks/Python.framework/Versions/3.11/lib/python3.11/site-packages/airflow/example_dags/example_branch_operator.py
[2022-12-31T21:06:02.877+0100] {logging_mixin.py:137} INFO - [2022-12-31T21:06:02.877+0100] {dag.py:2676} INFO - Sync 1 DAGs
[2022-12-31T21:06:02.883+0100] {logging_mixin.py:137} INFO - [2022-12-31T21:06:02.883+0100] {dag.py:3423} INFO - Setting next_dagrun for example_branch_operator to 2022-12-30T00:00:00+00:00, run_after=2022-12-31T00:00:00+00:00
[2022-12-31T21:06:02.890+0100] {processor.py:175} INFO - Processing /Library/Frameworks/Python.framework/Versions/3.11/lib/python3.11/site-packages/airflow/example_dags/example_branch_operator.py took 0.450 seconds
[2022-12-31T21:07:52.635+0100] {processor.py:153} INFO - Started process (PID=94845) to work on /Library/Frameworks/Python.framework/Versions/3.11/lib/python3.11/site-packages/airflow/example_dags/example_branch_operator.py
[2022-12-31T21:07:52.640+0100] {processor.py:743} INFO - Processing file /Library/Frameworks/Python.framework/Versions/3.11/lib/python3.11/site-packages/airflow/example_dags/example_branch_operator.py for tasks to queue
[2022-12-31T21:07:52.640+0100] {logging_mixin.py:137} INFO - [2022-12-31T21:07:52.640+0100] {dagbag.py:538} INFO - Filling up the DagBag from /Library/Frameworks/Python.framework/Versions/3.11/lib/python3.11/site-packages/airflow/example_dags/example_branch_operator.py
[2022-12-31T21:07:52.658+0100] {processor.py:753} INFO - DAG(s) dict_keys(['example_branch_operator']) retrieved from /Library/Frameworks/Python.framework/Versions/3.11/lib/python3.11/site-packages/airflow/example_dags/example_branch_operator.py
[2022-12-31T21:07:53.128+0100] {logging_mixin.py:137} INFO - [2022-12-31T21:07:53.127+0100] {dag.py:2676} INFO - Sync 1 DAGs
[2022-12-31T21:07:53.136+0100] {logging_mixin.py:137} INFO - [2022-12-31T21:07:53.136+0100] {dag.py:3423} INFO - Setting next_dagrun for example_branch_operator to 2022-12-30T00:00:00+00:00, run_after=2022-12-31T00:00:00+00:00
[2022-12-31T21:07:53.143+0100] {processor.py:175} INFO - Processing /Library/Frameworks/Python.framework/Versions/3.11/lib/python3.11/site-packages/airflow/example_dags/example_branch_operator.py took 0.509 seconds
[2022-12-31 20:08:42,439] {scheduler_job.py:182} INFO - Started process (PID=88) to work on /home/airflow/.local/lib/python3.6/site-packages/airflow/example_dags/example_branch_operator.py
[2022-12-31 20:08:42,521] {scheduler_job.py:629} INFO - Processing file /home/airflow/.local/lib/python3.6/site-packages/airflow/example_dags/example_branch_operator.py for tasks to queue
[2022-12-31 20:08:42,529] {logging_mixin.py:104} INFO - [2022-12-31 20:08:42,528] {dagbag.py:451} INFO - Filling up the DagBag from /home/airflow/.local/lib/python3.6/site-packages/airflow/example_dags/example_branch_operator.py
[2022-12-31 20:08:42,627] {scheduler_job.py:639} INFO - DAG(s) dict_keys(['example_branch_operator']) retrieved from /home/airflow/.local/lib/python3.6/site-packages/airflow/example_dags/example_branch_operator.py
[2022-12-31 20:08:42,814] {logging_mixin.py:104} INFO - [2022-12-31 20:08:42,814] {dag.py:1824} INFO - Sync 1 DAGs
[2022-12-31 20:08:43,388] {logging_mixin.py:104} INFO - [2022-12-31 20:08:43,387] {dag.py:2280} INFO - Setting next_dagrun for example_branch_operator to 2022-12-29 00:00:00+00:00
[2022-12-31 20:08:43,601] {scheduler_job.py:190} INFO - Processing /home/airflow/.local/lib/python3.6/site-packages/airflow/example_dags/example_branch_operator.py took 1.199 seconds
[2022-12-31 20:09:13,865] {scheduler_job.py:182} INFO - Started process (PID=142) to work on /home/airflow/.local/lib/python3.6/site-packages/airflow/example_dags/example_branch_operator.py
[2022-12-31 20:09:13,870] {scheduler_job.py:629} INFO - Processing file /home/airflow/.local/lib/python3.6/site-packages/airflow/example_dags/example_branch_operator.py for tasks to queue
[2022-12-31 20:09:13,873] {logging_mixin.py:104} INFO - [2022-12-31 20:09:13,872] {dagbag.py:451} INFO - Filling up the DagBag from /home/airflow/.local/lib/python3.6/site-packages/airflow/example_dags/example_branch_operator.py
[2022-12-31 20:09:13,940] {scheduler_job.py:639} INFO - DAG(s) dict_keys(['example_branch_operator']) retrieved from /home/airflow/.local/lib/python3.6/site-packages/airflow/example_dags/example_branch_operator.py
[2022-12-31 20:09:14,023] {logging_mixin.py:104} INFO - [2022-12-31 20:09:14,023] {dag.py:1824} INFO - Sync 1 DAGs
[2022-12-31 20:09:14,115] {logging_mixin.py:104} INFO - [2022-12-31 20:09:14,114] {dag.py:2280} INFO - Setting next_dagrun for example_branch_operator to 2022-12-29 00:00:00+00:00
[2022-12-31 20:09:14,146] {scheduler_job.py:190} INFO - Processing /home/airflow/.local/lib/python3.6/site-packages/airflow/example_dags/example_branch_operator.py took 0.291 seconds
[2022-12-31 20:09:44,267] {scheduler_job.py:182} INFO - Started process (PID=196) to work on /home/airflow/.local/lib/python3.6/site-packages/airflow/example_dags/example_branch_operator.py
[2022-12-31 20:09:44,273] {scheduler_job.py:629} INFO - Processing file /home/airflow/.local/lib/python3.6/site-packages/airflow/example_dags/example_branch_operator.py for tasks to queue
[2022-12-31 20:09:44,276] {logging_mixin.py:104} INFO - [2022-12-31 20:09:44,275] {dagbag.py:451} INFO - Filling up the DagBag from /home/airflow/.local/lib/python3.6/site-packages/airflow/example_dags/example_branch_operator.py
[2022-12-31 20:09:44,404] {scheduler_job.py:639} INFO - DAG(s) dict_keys(['example_branch_operator']) retrieved from /home/airflow/.local/lib/python3.6/site-packages/airflow/example_dags/example_branch_operator.py
[2022-12-31 20:09:44,477] {logging_mixin.py:104} INFO - [2022-12-31 20:09:44,476] {dag.py:1824} INFO - Sync 1 DAGs
[2022-12-31 20:09:44,585] {logging_mixin.py:104} INFO - [2022-12-31 20:09:44,584] {dag.py:2280} INFO - Setting next_dagrun for example_branch_operator to 2022-12-29 00:00:00+00:00
[2022-12-31 20:09:44,616] {scheduler_job.py:190} INFO - Processing /home/airflow/.local/lib/python3.6/site-packages/airflow/example_dags/example_branch_operator.py took 0.358 seconds
[2022-12-31T21:09:56.597+0100] {processor.py:153} INFO - Started process (PID=95164) to work on /Library/Frameworks/Python.framework/Versions/3.11/lib/python3.11/site-packages/airflow/example_dags/example_branch_operator.py
[2022-12-31T21:09:56.602+0100] {processor.py:743} INFO - Processing file /Library/Frameworks/Python.framework/Versions/3.11/lib/python3.11/site-packages/airflow/example_dags/example_branch_operator.py for tasks to queue
[2022-12-31T21:09:56.602+0100] {logging_mixin.py:137} INFO - [2022-12-31T21:09:56.602+0100] {dagbag.py:538} INFO - Filling up the DagBag from /Library/Frameworks/Python.framework/Versions/3.11/lib/python3.11/site-packages/airflow/example_dags/example_branch_operator.py
[2022-12-31T21:09:56.619+0100] {processor.py:753} INFO - DAG(s) dict_keys(['example_branch_operator']) retrieved from /Library/Frameworks/Python.framework/Versions/3.11/lib/python3.11/site-packages/airflow/example_dags/example_branch_operator.py
[2022-12-31T21:09:57.123+0100] {logging_mixin.py:137} INFO - [2022-12-31T21:09:57.123+0100] {dag.py:2676} INFO - Sync 1 DAGs
[2022-12-31T21:09:57.131+0100] {logging_mixin.py:137} INFO - [2022-12-31T21:09:57.131+0100] {dag.py:3423} INFO - Setting next_dagrun for example_branch_operator to 2022-12-30T00:00:00+00:00, run_after=2022-12-31T00:00:00+00:00
[2022-12-31T21:09:57.138+0100] {processor.py:175} INFO - Processing /Library/Frameworks/Python.framework/Versions/3.11/lib/python3.11/site-packages/airflow/example_dags/example_branch_operator.py took 0.542 seconds
[2022-12-31T21:11:59.157+0100] {processor.py:153} INFO - Started process (PID=95480) to work on /Library/Frameworks/Python.framework/Versions/3.11/lib/python3.11/site-packages/airflow/example_dags/example_branch_operator.py
[2022-12-31T21:11:59.165+0100] {processor.py:743} INFO - Processing file /Library/Frameworks/Python.framework/Versions/3.11/lib/python3.11/site-packages/airflow/example_dags/example_branch_operator.py for tasks to queue
[2022-12-31T21:11:59.166+0100] {logging_mixin.py:137} INFO - [2022-12-31T21:11:59.166+0100] {dagbag.py:538} INFO - Filling up the DagBag from /Library/Frameworks/Python.framework/Versions/3.11/lib/python3.11/site-packages/airflow/example_dags/example_branch_operator.py
[2022-12-31T21:11:59.193+0100] {processor.py:753} INFO - DAG(s) dict_keys(['example_branch_operator']) retrieved from /Library/Frameworks/Python.framework/Versions/3.11/lib/python3.11/site-packages/airflow/example_dags/example_branch_operator.py
[2022-12-31T21:11:59.702+0100] {logging_mixin.py:137} INFO - [2022-12-31T21:11:59.702+0100] {dag.py:2676} INFO - Sync 1 DAGs
[2022-12-31T21:11:59.709+0100] {logging_mixin.py:137} INFO - [2022-12-31T21:11:59.709+0100] {dag.py:3423} INFO - Setting next_dagrun for example_branch_operator to 2022-12-30T00:00:00+00:00, run_after=2022-12-31T00:00:00+00:00
[2022-12-31T21:11:59.716+0100] {processor.py:175} INFO - Processing /Library/Frameworks/Python.framework/Versions/3.11/lib/python3.11/site-packages/airflow/example_dags/example_branch_operator.py took 0.560 seconds
[2022-12-31T21:14:09.869+0100] {processor.py:153} INFO - Started process (PID=95772) to work on /Library/Frameworks/Python.framework/Versions/3.11/lib/python3.11/site-packages/airflow/example_dags/example_branch_operator.py
[2022-12-31T21:14:09.871+0100] {processor.py:743} INFO - Processing file /Library/Frameworks/Python.framework/Versions/3.11/lib/python3.11/site-packages/airflow/example_dags/example_branch_operator.py for tasks to queue
[2022-12-31T21:14:09.871+0100] {logging_mixin.py:137} INFO - [2022-12-31T21:14:09.871+0100] {dagbag.py:538} INFO - Filling up the DagBag from /Library/Frameworks/Python.framework/Versions/3.11/lib/python3.11/site-packages/airflow/example_dags/example_branch_operator.py
[2022-12-31T21:14:09.917+0100] {processor.py:753} INFO - DAG(s) dict_keys(['example_branch_operator']) retrieved from /Library/Frameworks/Python.framework/Versions/3.11/lib/python3.11/site-packages/airflow/example_dags/example_branch_operator.py
[2022-12-31T21:14:10.410+0100] {logging_mixin.py:137} INFO - [2022-12-31T21:14:10.410+0100] {dag.py:2676} INFO - Sync 1 DAGs
[2022-12-31T21:14:10.417+0100] {logging_mixin.py:137} INFO - [2022-12-31T21:14:10.417+0100] {dag.py:3423} INFO - Setting next_dagrun for example_branch_operator to 2022-12-30T00:00:00+00:00, run_after=2022-12-31T00:00:00+00:00
[2022-12-31T21:14:10.425+0100] {processor.py:175} INFO - Processing /Library/Frameworks/Python.framework/Versions/3.11/lib/python3.11/site-packages/airflow/example_dags/example_branch_operator.py took 0.556 seconds
[2022-12-31T21:16:03.858+0100] {processor.py:153} INFO - Started process (PID=96040) to work on /Library/Frameworks/Python.framework/Versions/3.11/lib/python3.11/site-packages/airflow/example_dags/example_branch_operator.py
[2022-12-31T21:16:03.863+0100] {processor.py:743} INFO - Processing file /Library/Frameworks/Python.framework/Versions/3.11/lib/python3.11/site-packages/airflow/example_dags/example_branch_operator.py for tasks to queue
[2022-12-31T21:16:03.863+0100] {logging_mixin.py:137} INFO - [2022-12-31T21:16:03.863+0100] {dagbag.py:538} INFO - Filling up the DagBag from /Library/Frameworks/Python.framework/Versions/3.11/lib/python3.11/site-packages/airflow/example_dags/example_branch_operator.py
[2022-12-31T21:16:03.880+0100] {processor.py:753} INFO - DAG(s) dict_keys(['example_branch_operator']) retrieved from /Library/Frameworks/Python.framework/Versions/3.11/lib/python3.11/site-packages/airflow/example_dags/example_branch_operator.py
[2022-12-31T21:16:04.408+0100] {logging_mixin.py:137} INFO - [2022-12-31T21:16:04.408+0100] {dag.py:2676} INFO - Sync 1 DAGs
[2022-12-31T21:16:04.416+0100] {logging_mixin.py:137} INFO - [2022-12-31T21:16:04.416+0100] {dag.py:3423} INFO - Setting next_dagrun for example_branch_operator to 2022-12-30T00:00:00+00:00, run_after=2022-12-31T00:00:00+00:00
[2022-12-31T21:16:04.422+0100] {processor.py:175} INFO - Processing /Library/Frameworks/Python.framework/Versions/3.11/lib/python3.11/site-packages/airflow/example_dags/example_branch_operator.py took 0.565 seconds
[2022-12-31T21:17:49.874+0100] {processor.py:153} INFO - Started process (PID=96203) to work on /Library/Frameworks/Python.framework/Versions/3.11/lib/python3.11/site-packages/airflow/example_dags/example_branch_operator.py
[2022-12-31T21:17:49.878+0100] {processor.py:743} INFO - Processing file /Library/Frameworks/Python.framework/Versions/3.11/lib/python3.11/site-packages/airflow/example_dags/example_branch_operator.py for tasks to queue
[2022-12-31T21:17:49.878+0100] {logging_mixin.py:137} INFO - [2022-12-31T21:17:49.878+0100] {dagbag.py:538} INFO - Filling up the DagBag from /Library/Frameworks/Python.framework/Versions/3.11/lib/python3.11/site-packages/airflow/example_dags/example_branch_operator.py
[2022-12-31T21:17:49.894+0100] {processor.py:753} INFO - DAG(s) dict_keys(['example_branch_operator']) retrieved from /Library/Frameworks/Python.framework/Versions/3.11/lib/python3.11/site-packages/airflow/example_dags/example_branch_operator.py
[2022-12-31T21:17:50.300+0100] {logging_mixin.py:137} INFO - [2022-12-31T21:17:50.300+0100] {dag.py:2676} INFO - Sync 1 DAGs
[2022-12-31T21:17:50.306+0100] {logging_mixin.py:137} INFO - [2022-12-31T21:17:50.306+0100] {dag.py:3423} INFO - Setting next_dagrun for example_branch_operator to 2022-12-30T00:00:00+00:00, run_after=2022-12-31T00:00:00+00:00
[2022-12-31T21:17:50.312+0100] {processor.py:175} INFO - Processing /Library/Frameworks/Python.framework/Versions/3.11/lib/python3.11/site-packages/airflow/example_dags/example_branch_operator.py took 0.439 seconds
[2022-12-31T21:19:46.321+0100] {processor.py:153} INFO - Started process (PID=96505) to work on /Library/Frameworks/Python.framework/Versions/3.11/lib/python3.11/site-packages/airflow/example_dags/example_branch_operator.py
[2022-12-31T21:19:46.326+0100] {processor.py:743} INFO - Processing file /Library/Frameworks/Python.framework/Versions/3.11/lib/python3.11/site-packages/airflow/example_dags/example_branch_operator.py for tasks to queue
[2022-12-31T21:19:46.326+0100] {logging_mixin.py:137} INFO - [2022-12-31T21:19:46.326+0100] {dagbag.py:538} INFO - Filling up the DagBag from /Library/Frameworks/Python.framework/Versions/3.11/lib/python3.11/site-packages/airflow/example_dags/example_branch_operator.py
[2022-12-31T21:19:46.343+0100] {processor.py:753} INFO - DAG(s) dict_keys(['example_branch_operator']) retrieved from /Library/Frameworks/Python.framework/Versions/3.11/lib/python3.11/site-packages/airflow/example_dags/example_branch_operator.py
[2022-12-31T21:19:46.875+0100] {logging_mixin.py:137} INFO - [2022-12-31T21:19:46.875+0100] {dag.py:2676} INFO - Sync 1 DAGs
[2022-12-31T21:19:46.883+0100] {logging_mixin.py:137} INFO - [2022-12-31T21:19:46.883+0100] {dag.py:3423} INFO - Setting next_dagrun for example_branch_operator to 2022-12-30T00:00:00+00:00, run_after=2022-12-31T00:00:00+00:00
[2022-12-31T21:19:46.891+0100] {processor.py:175} INFO - Processing /Library/Frameworks/Python.framework/Versions/3.11/lib/python3.11/site-packages/airflow/example_dags/example_branch_operator.py took 0.570 seconds
[2022-12-31T21:21:44.847+0100] {processor.py:153} INFO - Started process (PID=96698) to work on /Library/Frameworks/Python.framework/Versions/3.11/lib/python3.11/site-packages/airflow/example_dags/example_branch_operator.py
[2022-12-31T21:21:44.849+0100] {processor.py:743} INFO - Processing file /Library/Frameworks/Python.framework/Versions/3.11/lib/python3.11/site-packages/airflow/example_dags/example_branch_operator.py for tasks to queue
[2022-12-31T21:21:44.849+0100] {logging_mixin.py:137} INFO - [2022-12-31T21:21:44.849+0100] {dagbag.py:538} INFO - Filling up the DagBag from /Library/Frameworks/Python.framework/Versions/3.11/lib/python3.11/site-packages/airflow/example_dags/example_branch_operator.py
[2022-12-31T21:21:44.869+0100] {processor.py:753} INFO - DAG(s) dict_keys(['example_branch_operator']) retrieved from /Library/Frameworks/Python.framework/Versions/3.11/lib/python3.11/site-packages/airflow/example_dags/example_branch_operator.py
[2022-12-31T21:21:45.279+0100] {logging_mixin.py:137} INFO - [2022-12-31T21:21:45.279+0100] {dag.py:2676} INFO - Sync 1 DAGs
[2022-12-31T21:21:45.286+0100] {logging_mixin.py:137} INFO - [2022-12-31T21:21:45.286+0100] {dag.py:3423} INFO - Setting next_dagrun for example_branch_operator to 2022-12-30T00:00:00+00:00, run_after=2022-12-31T00:00:00+00:00
[2022-12-31T21:21:45.293+0100] {processor.py:175} INFO - Processing /Library/Frameworks/Python.framework/Versions/3.11/lib/python3.11/site-packages/airflow/example_dags/example_branch_operator.py took 0.446 seconds
[2022-12-31T21:23:41.579+0100] {processor.py:153} INFO - Started process (PID=96861) to work on /Library/Frameworks/Python.framework/Versions/3.11/lib/python3.11/site-packages/airflow/example_dags/example_branch_operator.py
[2022-12-31T21:23:41.585+0100] {processor.py:743} INFO - Processing file /Library/Frameworks/Python.framework/Versions/3.11/lib/python3.11/site-packages/airflow/example_dags/example_branch_operator.py for tasks to queue
[2022-12-31T21:23:41.586+0100] {logging_mixin.py:137} INFO - [2022-12-31T21:23:41.586+0100] {dagbag.py:538} INFO - Filling up the DagBag from /Library/Frameworks/Python.framework/Versions/3.11/lib/python3.11/site-packages/airflow/example_dags/example_branch_operator.py
[2022-12-31T21:23:41.639+0100] {processor.py:753} INFO - DAG(s) dict_keys(['example_branch_operator']) retrieved from /Library/Frameworks/Python.framework/Versions/3.11/lib/python3.11/site-packages/airflow/example_dags/example_branch_operator.py
[2022-12-31T21:23:42.098+0100] {logging_mixin.py:137} INFO - [2022-12-31T21:23:42.098+0100] {dag.py:2676} INFO - Sync 1 DAGs
[2022-12-31T21:23:42.125+0100] {logging_mixin.py:137} INFO - [2022-12-31T21:23:42.124+0100] {dag.py:3423} INFO - Setting next_dagrun for example_branch_operator to 2022-12-30T00:00:00+00:00, run_after=2022-12-31T00:00:00+00:00
[2022-12-31T21:23:42.131+0100] {processor.py:175} INFO - Processing /Library/Frameworks/Python.framework/Versions/3.11/lib/python3.11/site-packages/airflow/example_dags/example_branch_operator.py took 0.553 seconds
[2022-12-31T21:25:33.986+0100] {processor.py:153} INFO - Started process (PID=97081) to work on /Library/Frameworks/Python.framework/Versions/3.11/lib/python3.11/site-packages/airflow/example_dags/example_branch_operator.py
[2022-12-31T21:25:33.991+0100] {processor.py:743} INFO - Processing file /Library/Frameworks/Python.framework/Versions/3.11/lib/python3.11/site-packages/airflow/example_dags/example_branch_operator.py for tasks to queue
[2022-12-31T21:25:33.991+0100] {logging_mixin.py:137} INFO - [2022-12-31T21:25:33.991+0100] {dagbag.py:538} INFO - Filling up the DagBag from /Library/Frameworks/Python.framework/Versions/3.11/lib/python3.11/site-packages/airflow/example_dags/example_branch_operator.py
[2022-12-31T21:25:34.010+0100] {processor.py:753} INFO - DAG(s) dict_keys(['example_branch_operator']) retrieved from /Library/Frameworks/Python.framework/Versions/3.11/lib/python3.11/site-packages/airflow/example_dags/example_branch_operator.py
[2022-12-31T21:25:34.428+0100] {logging_mixin.py:137} INFO - [2022-12-31T21:25:34.428+0100] {dag.py:2676} INFO - Sync 1 DAGs
[2022-12-31T21:25:34.434+0100] {logging_mixin.py:137} INFO - [2022-12-31T21:25:34.434+0100] {dag.py:3423} INFO - Setting next_dagrun for example_branch_operator to 2022-12-30T00:00:00+00:00, run_after=2022-12-31T00:00:00+00:00
[2022-12-31T21:25:34.441+0100] {processor.py:175} INFO - Processing /Library/Frameworks/Python.framework/Versions/3.11/lib/python3.11/site-packages/airflow/example_dags/example_branch_operator.py took 0.455 seconds
[2022-12-31T21:27:31.311+0100] {processor.py:153} INFO - Started process (PID=97339) to work on /Library/Frameworks/Python.framework/Versions/3.11/lib/python3.11/site-packages/airflow/example_dags/example_branch_operator.py
[2022-12-31T21:27:31.316+0100] {processor.py:743} INFO - Processing file /Library/Frameworks/Python.framework/Versions/3.11/lib/python3.11/site-packages/airflow/example_dags/example_branch_operator.py for tasks to queue
[2022-12-31T21:27:31.316+0100] {logging_mixin.py:137} INFO - [2022-12-31T21:27:31.316+0100] {dagbag.py:538} INFO - Filling up the DagBag from /Library/Frameworks/Python.framework/Versions/3.11/lib/python3.11/site-packages/airflow/example_dags/example_branch_operator.py
[2022-12-31T21:27:31.334+0100] {processor.py:753} INFO - DAG(s) dict_keys(['example_branch_operator']) retrieved from /Library/Frameworks/Python.framework/Versions/3.11/lib/python3.11/site-packages/airflow/example_dags/example_branch_operator.py
[2022-12-31T21:27:31.738+0100] {logging_mixin.py:137} INFO - [2022-12-31T21:27:31.737+0100] {dag.py:2676} INFO - Sync 1 DAGs
[2022-12-31T21:27:31.744+0100] {logging_mixin.py:137} INFO - [2022-12-31T21:27:31.744+0100] {dag.py:3423} INFO - Setting next_dagrun for example_branch_operator to 2022-12-30T00:00:00+00:00, run_after=2022-12-31T00:00:00+00:00
[2022-12-31T21:27:31.750+0100] {processor.py:175} INFO - Processing /Library/Frameworks/Python.framework/Versions/3.11/lib/python3.11/site-packages/airflow/example_dags/example_branch_operator.py took 0.440 seconds
