[2022-12-31T20:29:22.002+0100] {processor.py:153} INFO - Started process (PID=90174) to work on /Library/Frameworks/Python.framework/Versions/3.11/lib/python3.11/site-packages/airflow/example_dags/example_short_circuit_operator.py
[2022-12-31T20:29:22.007+0100] {processor.py:743} INFO - Processing file /Library/Frameworks/Python.framework/Versions/3.11/lib/python3.11/site-packages/airflow/example_dags/example_short_circuit_operator.py for tasks to queue
[2022-12-31T20:29:22.007+0100] {logging_mixin.py:137} INFO - [2022-12-31T20:29:22.007+0100] {dagbag.py:538} INFO - Filling up the DagBag from /Library/Frameworks/Python.framework/Versions/3.11/lib/python3.11/site-packages/airflow/example_dags/example_short_circuit_operator.py
[2022-12-31T20:29:22.023+0100] {processor.py:753} INFO - DAG(s) dict_keys(['example_short_circuit_operator']) retrieved from /Library/Frameworks/Python.framework/Versions/3.11/lib/python3.11/site-packages/airflow/example_dags/example_short_circuit_operator.py
[2022-12-31T20:29:22.474+0100] {logging_mixin.py:137} INFO - [2022-12-31T20:29:22.474+0100] {manager.py:504} INFO - Created Permission View: can delete on DAG:example_short_circuit_operator
[2022-12-31T20:29:22.476+0100] {logging_mixin.py:137} INFO - [2022-12-31T20:29:22.476+0100] {manager.py:504} INFO - Created Permission View: can edit on DAG:example_short_circuit_operator
[2022-12-31T20:29:22.478+0100] {logging_mixin.py:137} INFO - [2022-12-31T20:29:22.478+0100] {manager.py:504} INFO - Created Permission View: can read on DAG:example_short_circuit_operator
[2022-12-31T20:29:22.478+0100] {logging_mixin.py:137} INFO - [2022-12-31T20:29:22.478+0100] {dag.py:2676} INFO - Sync 1 DAGs
[2022-12-31T20:29:22.481+0100] {logging_mixin.py:137} INFO - [2022-12-31T20:29:22.481+0100] {dag.py:2697} INFO - Creating ORM DAG for example_short_circuit_operator
[2022-12-31T20:29:22.484+0100] {logging_mixin.py:137} INFO - [2022-12-31T20:29:22.484+0100] {dag.py:3423} INFO - Setting next_dagrun for example_short_circuit_operator to 2022-12-30T19:29:22.484269+00:00, run_after=2022-12-31T19:29:22.484269+00:00
[2022-12-31T20:29:22.490+0100] {processor.py:175} INFO - Processing /Library/Frameworks/Python.framework/Versions/3.11/lib/python3.11/site-packages/airflow/example_dags/example_short_circuit_operator.py took 0.492 seconds
[2022-12-31T20:31:13.800+0100] {processor.py:153} INFO - Started process (PID=90402) to work on /Library/Frameworks/Python.framework/Versions/3.11/lib/python3.11/site-packages/airflow/example_dags/example_short_circuit_operator.py
[2022-12-31T20:31:13.804+0100] {processor.py:743} INFO - Processing file /Library/Frameworks/Python.framework/Versions/3.11/lib/python3.11/site-packages/airflow/example_dags/example_short_circuit_operator.py for tasks to queue
[2022-12-31T20:31:13.804+0100] {logging_mixin.py:137} INFO - [2022-12-31T20:31:13.804+0100] {dagbag.py:538} INFO - Filling up the DagBag from /Library/Frameworks/Python.framework/Versions/3.11/lib/python3.11/site-packages/airflow/example_dags/example_short_circuit_operator.py
[2022-12-31T20:31:13.836+0100] {processor.py:753} INFO - DAG(s) dict_keys(['example_short_circuit_operator']) retrieved from /Library/Frameworks/Python.framework/Versions/3.11/lib/python3.11/site-packages/airflow/example_dags/example_short_circuit_operator.py
[2022-12-31T20:31:14.241+0100] {logging_mixin.py:137} INFO - [2022-12-31T20:31:14.241+0100] {dag.py:2676} INFO - Sync 1 DAGs
[2022-12-31T20:31:14.247+0100] {logging_mixin.py:137} INFO - [2022-12-31T20:31:14.247+0100] {dag.py:3423} INFO - Setting next_dagrun for example_short_circuit_operator to 2022-12-30T19:31:14.247358+00:00, run_after=2022-12-31T19:31:14.247358+00:00
[2022-12-31T20:31:14.254+0100] {processor.py:175} INFO - Processing /Library/Frameworks/Python.framework/Versions/3.11/lib/python3.11/site-packages/airflow/example_dags/example_short_circuit_operator.py took 0.454 seconds
[2022-12-31T20:32:35.628+0100] {processor.py:153} INFO - Started process (PID=90527) to work on /Library/Frameworks/Python.framework/Versions/3.11/lib/python3.11/site-packages/airflow/example_dags/example_short_circuit_operator.py
[2022-12-31T20:32:35.632+0100] {processor.py:743} INFO - Processing file /Library/Frameworks/Python.framework/Versions/3.11/lib/python3.11/site-packages/airflow/example_dags/example_short_circuit_operator.py for tasks to queue
[2022-12-31T20:32:35.632+0100] {logging_mixin.py:137} INFO - [2022-12-31T20:32:35.632+0100] {dagbag.py:538} INFO - Filling up the DagBag from /Library/Frameworks/Python.framework/Versions/3.11/lib/python3.11/site-packages/airflow/example_dags/example_short_circuit_operator.py
[2022-12-31T20:32:35.653+0100] {processor.py:753} INFO - DAG(s) dict_keys(['example_short_circuit_operator']) retrieved from /Library/Frameworks/Python.framework/Versions/3.11/lib/python3.11/site-packages/airflow/example_dags/example_short_circuit_operator.py
[2022-12-31T20:32:36.048+0100] {logging_mixin.py:137} INFO - [2022-12-31T20:32:36.048+0100] {dag.py:2676} INFO - Sync 1 DAGs
[2022-12-31T20:32:36.054+0100] {logging_mixin.py:137} INFO - [2022-12-31T20:32:36.054+0100] {dag.py:3423} INFO - Setting next_dagrun for example_short_circuit_operator to 2022-12-30T19:32:36.054205+00:00, run_after=2022-12-31T19:32:36.054205+00:00
[2022-12-31T20:32:36.061+0100] {processor.py:175} INFO - Processing /Library/Frameworks/Python.framework/Versions/3.11/lib/python3.11/site-packages/airflow/example_dags/example_short_circuit_operator.py took 0.434 seconds
[2022-12-31T20:34:21.641+0100] {processor.py:153} INFO - Started process (PID=90668) to work on /Library/Frameworks/Python.framework/Versions/3.11/lib/python3.11/site-packages/airflow/example_dags/example_short_circuit_operator.py
[2022-12-31T20:34:21.647+0100] {processor.py:743} INFO - Processing file /Library/Frameworks/Python.framework/Versions/3.11/lib/python3.11/site-packages/airflow/example_dags/example_short_circuit_operator.py for tasks to queue
[2022-12-31T20:34:21.647+0100] {logging_mixin.py:137} INFO - [2022-12-31T20:34:21.647+0100] {dagbag.py:538} INFO - Filling up the DagBag from /Library/Frameworks/Python.framework/Versions/3.11/lib/python3.11/site-packages/airflow/example_dags/example_short_circuit_operator.py
[2022-12-31T20:34:21.678+0100] {processor.py:753} INFO - DAG(s) dict_keys(['example_short_circuit_operator']) retrieved from /Library/Frameworks/Python.framework/Versions/3.11/lib/python3.11/site-packages/airflow/example_dags/example_short_circuit_operator.py
[2022-12-31T20:34:22.074+0100] {logging_mixin.py:137} INFO - [2022-12-31T20:34:22.074+0100] {dag.py:2676} INFO - Sync 1 DAGs
[2022-12-31T20:34:22.080+0100] {logging_mixin.py:137} INFO - [2022-12-31T20:34:22.080+0100] {dag.py:3423} INFO - Setting next_dagrun for example_short_circuit_operator to 2022-12-30T19:34:22.080610+00:00, run_after=2022-12-31T19:34:22.080610+00:00
[2022-12-31T20:34:22.087+0100] {processor.py:175} INFO - Processing /Library/Frameworks/Python.framework/Versions/3.11/lib/python3.11/site-packages/airflow/example_dags/example_short_circuit_operator.py took 0.448 seconds
[2022-12-31T20:35:56.234+0100] {processor.py:153} INFO - Started process (PID=90812) to work on /Library/Frameworks/Python.framework/Versions/3.11/lib/python3.11/site-packages/airflow/example_dags/example_short_circuit_operator.py
[2022-12-31T20:35:56.236+0100] {processor.py:743} INFO - Processing file /Library/Frameworks/Python.framework/Versions/3.11/lib/python3.11/site-packages/airflow/example_dags/example_short_circuit_operator.py for tasks to queue
[2022-12-31T20:35:56.236+0100] {logging_mixin.py:137} INFO - [2022-12-31T20:35:56.236+0100] {dagbag.py:538} INFO - Filling up the DagBag from /Library/Frameworks/Python.framework/Versions/3.11/lib/python3.11/site-packages/airflow/example_dags/example_short_circuit_operator.py
[2022-12-31T20:35:56.253+0100] {processor.py:753} INFO - DAG(s) dict_keys(['example_short_circuit_operator']) retrieved from /Library/Frameworks/Python.framework/Versions/3.11/lib/python3.11/site-packages/airflow/example_dags/example_short_circuit_operator.py
[2022-12-31T20:35:56.657+0100] {logging_mixin.py:137} INFO - [2022-12-31T20:35:56.657+0100] {dag.py:2676} INFO - Sync 1 DAGs
[2022-12-31T20:35:56.663+0100] {logging_mixin.py:137} INFO - [2022-12-31T20:35:56.663+0100] {dag.py:3423} INFO - Setting next_dagrun for example_short_circuit_operator to 2022-12-30T19:35:56.663430+00:00, run_after=2022-12-31T19:35:56.663430+00:00
[2022-12-31T20:35:56.670+0100] {processor.py:175} INFO - Processing /Library/Frameworks/Python.framework/Versions/3.11/lib/python3.11/site-packages/airflow/example_dags/example_short_circuit_operator.py took 0.436 seconds
[2022-12-31T20:37:18.841+0100] {processor.py:153} INFO - Started process (PID=90932) to work on /Library/Frameworks/Python.framework/Versions/3.11/lib/python3.11/site-packages/airflow/example_dags/example_short_circuit_operator.py
[2022-12-31T20:37:18.845+0100] {processor.py:743} INFO - Processing file /Library/Frameworks/Python.framework/Versions/3.11/lib/python3.11/site-packages/airflow/example_dags/example_short_circuit_operator.py for tasks to queue
[2022-12-31T20:37:18.846+0100] {logging_mixin.py:137} INFO - [2022-12-31T20:37:18.845+0100] {dagbag.py:538} INFO - Filling up the DagBag from /Library/Frameworks/Python.framework/Versions/3.11/lib/python3.11/site-packages/airflow/example_dags/example_short_circuit_operator.py
[2022-12-31T20:37:18.862+0100] {processor.py:753} INFO - DAG(s) dict_keys(['example_short_circuit_operator']) retrieved from /Library/Frameworks/Python.framework/Versions/3.11/lib/python3.11/site-packages/airflow/example_dags/example_short_circuit_operator.py
[2022-12-31T20:37:19.283+0100] {logging_mixin.py:137} INFO - [2022-12-31T20:37:19.283+0100] {dag.py:2676} INFO - Sync 1 DAGs
[2022-12-31T20:37:19.290+0100] {logging_mixin.py:137} INFO - [2022-12-31T20:37:19.290+0100] {dag.py:3423} INFO - Setting next_dagrun for example_short_circuit_operator to 2022-12-30T19:37:19.290268+00:00, run_after=2022-12-31T19:37:19.290268+00:00
[2022-12-31T20:37:19.297+0100] {processor.py:175} INFO - Processing /Library/Frameworks/Python.framework/Versions/3.11/lib/python3.11/site-packages/airflow/example_dags/example_short_circuit_operator.py took 0.457 seconds
[2022-12-31T20:38:59.194+0100] {processor.py:153} INFO - Started process (PID=91066) to work on /Library/Frameworks/Python.framework/Versions/3.11/lib/python3.11/site-packages/airflow/example_dags/example_short_circuit_operator.py
[2022-12-31T20:38:59.200+0100] {processor.py:743} INFO - Processing file /Library/Frameworks/Python.framework/Versions/3.11/lib/python3.11/site-packages/airflow/example_dags/example_short_circuit_operator.py for tasks to queue
[2022-12-31T20:38:59.200+0100] {logging_mixin.py:137} INFO - [2022-12-31T20:38:59.200+0100] {dagbag.py:538} INFO - Filling up the DagBag from /Library/Frameworks/Python.framework/Versions/3.11/lib/python3.11/site-packages/airflow/example_dags/example_short_circuit_operator.py
[2022-12-31T20:38:59.217+0100] {processor.py:753} INFO - DAG(s) dict_keys(['example_short_circuit_operator']) retrieved from /Library/Frameworks/Python.framework/Versions/3.11/lib/python3.11/site-packages/airflow/example_dags/example_short_circuit_operator.py
[2022-12-31T20:38:59.627+0100] {logging_mixin.py:137} INFO - [2022-12-31T20:38:59.627+0100] {dag.py:2676} INFO - Sync 1 DAGs
[2022-12-31T20:38:59.633+0100] {logging_mixin.py:137} INFO - [2022-12-31T20:38:59.633+0100] {dag.py:3423} INFO - Setting next_dagrun for example_short_circuit_operator to 2022-12-30T19:38:59.633111+00:00, run_after=2022-12-31T19:38:59.633111+00:00
[2022-12-31T20:38:59.640+0100] {processor.py:175} INFO - Processing /Library/Frameworks/Python.framework/Versions/3.11/lib/python3.11/site-packages/airflow/example_dags/example_short_circuit_operator.py took 0.446 seconds
[2022-12-31T20:40:45.240+0100] {processor.py:153} INFO - Started process (PID=91272) to work on /Library/Frameworks/Python.framework/Versions/3.11/lib/python3.11/site-packages/airflow/example_dags/example_short_circuit_operator.py
[2022-12-31T20:40:45.245+0100] {processor.py:743} INFO - Processing file /Library/Frameworks/Python.framework/Versions/3.11/lib/python3.11/site-packages/airflow/example_dags/example_short_circuit_operator.py for tasks to queue
[2022-12-31T20:40:45.245+0100] {logging_mixin.py:137} INFO - [2022-12-31T20:40:45.245+0100] {dagbag.py:538} INFO - Filling up the DagBag from /Library/Frameworks/Python.framework/Versions/3.11/lib/python3.11/site-packages/airflow/example_dags/example_short_circuit_operator.py
[2022-12-31T20:40:45.261+0100] {processor.py:753} INFO - DAG(s) dict_keys(['example_short_circuit_operator']) retrieved from /Library/Frameworks/Python.framework/Versions/3.11/lib/python3.11/site-packages/airflow/example_dags/example_short_circuit_operator.py
[2022-12-31T20:40:45.663+0100] {logging_mixin.py:137} INFO - [2022-12-31T20:40:45.663+0100] {dag.py:2676} INFO - Sync 1 DAGs
[2022-12-31T20:40:45.669+0100] {logging_mixin.py:137} INFO - [2022-12-31T20:40:45.669+0100] {dag.py:3423} INFO - Setting next_dagrun for example_short_circuit_operator to 2022-12-30T19:40:45.668972+00:00, run_after=2022-12-31T19:40:45.668972+00:00
[2022-12-31T20:40:45.676+0100] {processor.py:175} INFO - Processing /Library/Frameworks/Python.framework/Versions/3.11/lib/python3.11/site-packages/airflow/example_dags/example_short_circuit_operator.py took 0.437 seconds
[2022-12-31T20:42:33.323+0100] {processor.py:153} INFO - Started process (PID=91436) to work on /Library/Frameworks/Python.framework/Versions/3.11/lib/python3.11/site-packages/airflow/example_dags/example_short_circuit_operator.py
[2022-12-31T20:42:33.325+0100] {processor.py:743} INFO - Processing file /Library/Frameworks/Python.framework/Versions/3.11/lib/python3.11/site-packages/airflow/example_dags/example_short_circuit_operator.py for tasks to queue
[2022-12-31T20:42:33.325+0100] {logging_mixin.py:137} INFO - [2022-12-31T20:42:33.325+0100] {dagbag.py:538} INFO - Filling up the DagBag from /Library/Frameworks/Python.framework/Versions/3.11/lib/python3.11/site-packages/airflow/example_dags/example_short_circuit_operator.py
[2022-12-31T20:42:33.341+0100] {processor.py:753} INFO - DAG(s) dict_keys(['example_short_circuit_operator']) retrieved from /Library/Frameworks/Python.framework/Versions/3.11/lib/python3.11/site-packages/airflow/example_dags/example_short_circuit_operator.py
[2022-12-31T20:42:33.746+0100] {logging_mixin.py:137} INFO - [2022-12-31T20:42:33.745+0100] {dag.py:2676} INFO - Sync 1 DAGs
[2022-12-31T20:42:33.752+0100] {logging_mixin.py:137} INFO - [2022-12-31T20:42:33.752+0100] {dag.py:3423} INFO - Setting next_dagrun for example_short_circuit_operator to 2022-12-30T19:42:33.751958+00:00, run_after=2022-12-31T19:42:33.751958+00:00
[2022-12-31T20:42:33.758+0100] {processor.py:175} INFO - Processing /Library/Frameworks/Python.framework/Versions/3.11/lib/python3.11/site-packages/airflow/example_dags/example_short_circuit_operator.py took 0.435 seconds
[2022-12-31T20:45:18.013+0100] {processor.py:153} INFO - Started process (PID=91775) to work on /Library/Frameworks/Python.framework/Versions/3.11/lib/python3.11/site-packages/airflow/example_dags/example_short_circuit_operator.py
[2022-12-31T20:45:18.019+0100] {processor.py:743} INFO - Processing file /Library/Frameworks/Python.framework/Versions/3.11/lib/python3.11/site-packages/airflow/example_dags/example_short_circuit_operator.py for tasks to queue
[2022-12-31T20:45:18.019+0100] {logging_mixin.py:137} INFO - [2022-12-31T20:45:18.019+0100] {dagbag.py:538} INFO - Filling up the DagBag from /Library/Frameworks/Python.framework/Versions/3.11/lib/python3.11/site-packages/airflow/example_dags/example_short_circuit_operator.py
[2022-12-31T20:45:18.046+0100] {processor.py:753} INFO - DAG(s) dict_keys(['example_short_circuit_operator']) retrieved from /Library/Frameworks/Python.framework/Versions/3.11/lib/python3.11/site-packages/airflow/example_dags/example_short_circuit_operator.py
[2022-12-31T20:45:18.432+0100] {logging_mixin.py:137} INFO - [2022-12-31T20:45:18.432+0100] {dag.py:2676} INFO - Sync 1 DAGs
[2022-12-31T20:45:18.438+0100] {logging_mixin.py:137} INFO - [2022-12-31T20:45:18.438+0100] {dag.py:3423} INFO - Setting next_dagrun for example_short_circuit_operator to 2022-12-30T19:45:18.438641+00:00, run_after=2022-12-31T19:45:18.438641+00:00
[2022-12-31T20:45:18.486+0100] {processor.py:175} INFO - Processing /Library/Frameworks/Python.framework/Versions/3.11/lib/python3.11/site-packages/airflow/example_dags/example_short_circuit_operator.py took 0.474 seconds
[2022-12-31T20:47:08.280+0100] {processor.py:153} INFO - Started process (PID=91980) to work on /Library/Frameworks/Python.framework/Versions/3.11/lib/python3.11/site-packages/airflow/example_dags/example_short_circuit_operator.py
[2022-12-31T20:47:08.282+0100] {processor.py:743} INFO - Processing file /Library/Frameworks/Python.framework/Versions/3.11/lib/python3.11/site-packages/airflow/example_dags/example_short_circuit_operator.py for tasks to queue
[2022-12-31T20:47:08.282+0100] {logging_mixin.py:137} INFO - [2022-12-31T20:47:08.282+0100] {dagbag.py:538} INFO - Filling up the DagBag from /Library/Frameworks/Python.framework/Versions/3.11/lib/python3.11/site-packages/airflow/example_dags/example_short_circuit_operator.py
[2022-12-31T20:47:08.298+0100] {processor.py:753} INFO - DAG(s) dict_keys(['example_short_circuit_operator']) retrieved from /Library/Frameworks/Python.framework/Versions/3.11/lib/python3.11/site-packages/airflow/example_dags/example_short_circuit_operator.py
[2022-12-31T20:47:08.696+0100] {logging_mixin.py:137} INFO - [2022-12-31T20:47:08.696+0100] {dag.py:2676} INFO - Sync 1 DAGs
[2022-12-31T20:47:08.703+0100] {logging_mixin.py:137} INFO - [2022-12-31T20:47:08.703+0100] {dag.py:3423} INFO - Setting next_dagrun for example_short_circuit_operator to 2022-12-30T19:47:08.702970+00:00, run_after=2022-12-31T19:47:08.702970+00:00
[2022-12-31T20:47:08.709+0100] {processor.py:175} INFO - Processing /Library/Frameworks/Python.framework/Versions/3.11/lib/python3.11/site-packages/airflow/example_dags/example_short_circuit_operator.py took 0.429 seconds
[2022-12-31T20:49:13.297+0100] {processor.py:153} INFO - Started process (PID=92219) to work on /Library/Frameworks/Python.framework/Versions/3.11/lib/python3.11/site-packages/airflow/example_dags/example_short_circuit_operator.py
[2022-12-31T20:49:13.301+0100] {processor.py:743} INFO - Processing file /Library/Frameworks/Python.framework/Versions/3.11/lib/python3.11/site-packages/airflow/example_dags/example_short_circuit_operator.py for tasks to queue
[2022-12-31T20:49:13.301+0100] {logging_mixin.py:137} INFO - [2022-12-31T20:49:13.301+0100] {dagbag.py:538} INFO - Filling up the DagBag from /Library/Frameworks/Python.framework/Versions/3.11/lib/python3.11/site-packages/airflow/example_dags/example_short_circuit_operator.py
[2022-12-31T20:49:13.318+0100] {processor.py:753} INFO - DAG(s) dict_keys(['example_short_circuit_operator']) retrieved from /Library/Frameworks/Python.framework/Versions/3.11/lib/python3.11/site-packages/airflow/example_dags/example_short_circuit_operator.py
[2022-12-31T20:49:13.723+0100] {logging_mixin.py:137} INFO - [2022-12-31T20:49:13.723+0100] {dag.py:2676} INFO - Sync 1 DAGs
[2022-12-31T20:49:13.729+0100] {logging_mixin.py:137} INFO - [2022-12-31T20:49:13.729+0100] {dag.py:3423} INFO - Setting next_dagrun for example_short_circuit_operator to 2022-12-30T19:49:13.728986+00:00, run_after=2022-12-31T19:49:13.728986+00:00
[2022-12-31T20:49:13.735+0100] {processor.py:175} INFO - Processing /Library/Frameworks/Python.framework/Versions/3.11/lib/python3.11/site-packages/airflow/example_dags/example_short_circuit_operator.py took 0.438 seconds
[2022-12-31T20:51:33.198+0100] {processor.py:153} INFO - Started process (PID=92504) to work on /Library/Frameworks/Python.framework/Versions/3.11/lib/python3.11/site-packages/airflow/example_dags/example_short_circuit_operator.py
[2022-12-31T20:51:33.202+0100] {processor.py:743} INFO - Processing file /Library/Frameworks/Python.framework/Versions/3.11/lib/python3.11/site-packages/airflow/example_dags/example_short_circuit_operator.py for tasks to queue
[2022-12-31T20:51:33.203+0100] {logging_mixin.py:137} INFO - [2022-12-31T20:51:33.203+0100] {dagbag.py:538} INFO - Filling up the DagBag from /Library/Frameworks/Python.framework/Versions/3.11/lib/python3.11/site-packages/airflow/example_dags/example_short_circuit_operator.py
[2022-12-31T20:51:33.235+0100] {processor.py:753} INFO - DAG(s) dict_keys(['example_short_circuit_operator']) retrieved from /Library/Frameworks/Python.framework/Versions/3.11/lib/python3.11/site-packages/airflow/example_dags/example_short_circuit_operator.py
[2022-12-31T20:51:33.693+0100] {logging_mixin.py:137} INFO - [2022-12-31T20:51:33.692+0100] {dag.py:2676} INFO - Sync 1 DAGs
[2022-12-31T20:51:33.700+0100] {logging_mixin.py:137} INFO - [2022-12-31T20:51:33.700+0100] {dag.py:3423} INFO - Setting next_dagrun for example_short_circuit_operator to 2022-12-30T19:51:33.700042+00:00, run_after=2022-12-31T19:51:33.700042+00:00
[2022-12-31T20:51:33.707+0100] {processor.py:175} INFO - Processing /Library/Frameworks/Python.framework/Versions/3.11/lib/python3.11/site-packages/airflow/example_dags/example_short_circuit_operator.py took 0.510 seconds
[2022-12-31T20:53:47.394+0100] {processor.py:153} INFO - Started process (PID=92875) to work on /Library/Frameworks/Python.framework/Versions/3.11/lib/python3.11/site-packages/airflow/example_dags/example_short_circuit_operator.py
[2022-12-31T20:53:47.398+0100] {processor.py:743} INFO - Processing file /Library/Frameworks/Python.framework/Versions/3.11/lib/python3.11/site-packages/airflow/example_dags/example_short_circuit_operator.py for tasks to queue
[2022-12-31T20:53:47.399+0100] {logging_mixin.py:137} INFO - [2022-12-31T20:53:47.399+0100] {dagbag.py:538} INFO - Filling up the DagBag from /Library/Frameworks/Python.framework/Versions/3.11/lib/python3.11/site-packages/airflow/example_dags/example_short_circuit_operator.py
[2022-12-31T20:53:47.415+0100] {processor.py:753} INFO - DAG(s) dict_keys(['example_short_circuit_operator']) retrieved from /Library/Frameworks/Python.framework/Versions/3.11/lib/python3.11/site-packages/airflow/example_dags/example_short_circuit_operator.py
[2022-12-31T20:53:47.988+0100] {logging_mixin.py:137} INFO - [2022-12-31T20:53:47.988+0100] {dag.py:2676} INFO - Sync 1 DAGs
[2022-12-31T20:53:47.996+0100] {logging_mixin.py:137} INFO - [2022-12-31T20:53:47.995+0100] {dag.py:3423} INFO - Setting next_dagrun for example_short_circuit_operator to 2022-12-30T19:53:47.995878+00:00, run_after=2022-12-31T19:53:47.995878+00:00
[2022-12-31T20:53:48.004+0100] {processor.py:175} INFO - Processing /Library/Frameworks/Python.framework/Versions/3.11/lib/python3.11/site-packages/airflow/example_dags/example_short_circuit_operator.py took 0.613 seconds
[2022-12-31T20:55:28.214+0100] {processor.py:153} INFO - Started process (PID=93169) to work on /Library/Frameworks/Python.framework/Versions/3.11/lib/python3.11/site-packages/airflow/example_dags/example_short_circuit_operator.py
[2022-12-31T20:55:28.218+0100] {processor.py:743} INFO - Processing file /Library/Frameworks/Python.framework/Versions/3.11/lib/python3.11/site-packages/airflow/example_dags/example_short_circuit_operator.py for tasks to queue
[2022-12-31T20:55:28.218+0100] {logging_mixin.py:137} INFO - [2022-12-31T20:55:28.218+0100] {dagbag.py:538} INFO - Filling up the DagBag from /Library/Frameworks/Python.framework/Versions/3.11/lib/python3.11/site-packages/airflow/example_dags/example_short_circuit_operator.py
[2022-12-31T20:55:28.235+0100] {processor.py:753} INFO - DAG(s) dict_keys(['example_short_circuit_operator']) retrieved from /Library/Frameworks/Python.framework/Versions/3.11/lib/python3.11/site-packages/airflow/example_dags/example_short_circuit_operator.py
[2022-12-31T20:55:28.631+0100] {logging_mixin.py:137} INFO - [2022-12-31T20:55:28.631+0100] {dag.py:2676} INFO - Sync 1 DAGs
[2022-12-31T20:55:28.637+0100] {logging_mixin.py:137} INFO - [2022-12-31T20:55:28.637+0100] {dag.py:3423} INFO - Setting next_dagrun for example_short_circuit_operator to 2022-12-30T19:55:28.637471+00:00, run_after=2022-12-31T19:55:28.637471+00:00
[2022-12-31T20:55:28.643+0100] {processor.py:175} INFO - Processing /Library/Frameworks/Python.framework/Versions/3.11/lib/python3.11/site-packages/airflow/example_dags/example_short_circuit_operator.py took 0.430 seconds
[2022-12-31T20:56:41.616+0100] {processor.py:153} INFO - Started process (PID=93316) to work on /Library/Frameworks/Python.framework/Versions/3.11/lib/python3.11/site-packages/airflow/example_dags/example_short_circuit_operator.py
[2022-12-31T20:56:41.620+0100] {processor.py:743} INFO - Processing file /Library/Frameworks/Python.framework/Versions/3.11/lib/python3.11/site-packages/airflow/example_dags/example_short_circuit_operator.py for tasks to queue
[2022-12-31T20:56:41.621+0100] {logging_mixin.py:137} INFO - [2022-12-31T20:56:41.621+0100] {dagbag.py:538} INFO - Filling up the DagBag from /Library/Frameworks/Python.framework/Versions/3.11/lib/python3.11/site-packages/airflow/example_dags/example_short_circuit_operator.py
[2022-12-31T20:56:41.637+0100] {processor.py:753} INFO - DAG(s) dict_keys(['example_short_circuit_operator']) retrieved from /Library/Frameworks/Python.framework/Versions/3.11/lib/python3.11/site-packages/airflow/example_dags/example_short_circuit_operator.py
[2022-12-31T20:56:42.156+0100] {logging_mixin.py:137} INFO - [2022-12-31T20:56:42.156+0100] {dag.py:2676} INFO - Sync 1 DAGs
[2022-12-31T20:56:42.163+0100] {logging_mixin.py:137} INFO - [2022-12-31T20:56:42.163+0100] {dag.py:3423} INFO - Setting next_dagrun for example_short_circuit_operator to 2022-12-30T19:56:42.163780+00:00, run_after=2022-12-31T19:56:42.163780+00:00
[2022-12-31T20:56:42.170+0100] {processor.py:175} INFO - Processing /Library/Frameworks/Python.framework/Versions/3.11/lib/python3.11/site-packages/airflow/example_dags/example_short_circuit_operator.py took 0.555 seconds
[2022-12-31T20:58:44.694+0100] {processor.py:153} INFO - Started process (PID=93602) to work on /Library/Frameworks/Python.framework/Versions/3.11/lib/python3.11/site-packages/airflow/example_dags/example_short_circuit_operator.py
[2022-12-31T20:58:44.699+0100] {processor.py:743} INFO - Processing file /Library/Frameworks/Python.framework/Versions/3.11/lib/python3.11/site-packages/airflow/example_dags/example_short_circuit_operator.py for tasks to queue
[2022-12-31T20:58:44.699+0100] {logging_mixin.py:137} INFO - [2022-12-31T20:58:44.699+0100] {dagbag.py:538} INFO - Filling up the DagBag from /Library/Frameworks/Python.framework/Versions/3.11/lib/python3.11/site-packages/airflow/example_dags/example_short_circuit_operator.py
[2022-12-31T20:58:44.715+0100] {processor.py:753} INFO - DAG(s) dict_keys(['example_short_circuit_operator']) retrieved from /Library/Frameworks/Python.framework/Versions/3.11/lib/python3.11/site-packages/airflow/example_dags/example_short_circuit_operator.py
[2022-12-31T20:58:45.129+0100] {logging_mixin.py:137} INFO - [2022-12-31T20:58:45.129+0100] {dag.py:2676} INFO - Sync 1 DAGs
[2022-12-31T20:58:45.135+0100] {logging_mixin.py:137} INFO - [2022-12-31T20:58:45.135+0100] {dag.py:3423} INFO - Setting next_dagrun for example_short_circuit_operator to 2022-12-30T19:58:45.135431+00:00, run_after=2022-12-31T19:58:45.135431+00:00
[2022-12-31T20:58:45.141+0100] {processor.py:175} INFO - Processing /Library/Frameworks/Python.framework/Versions/3.11/lib/python3.11/site-packages/airflow/example_dags/example_short_circuit_operator.py took 0.447 seconds
[2022-12-31T21:00:48.699+0100] {processor.py:153} INFO - Started process (PID=93812) to work on /Library/Frameworks/Python.framework/Versions/3.11/lib/python3.11/site-packages/airflow/example_dags/example_short_circuit_operator.py
[2022-12-31T21:00:48.704+0100] {processor.py:743} INFO - Processing file /Library/Frameworks/Python.framework/Versions/3.11/lib/python3.11/site-packages/airflow/example_dags/example_short_circuit_operator.py for tasks to queue
[2022-12-31T21:00:48.704+0100] {logging_mixin.py:137} INFO - [2022-12-31T21:00:48.704+0100] {dagbag.py:538} INFO - Filling up the DagBag from /Library/Frameworks/Python.framework/Versions/3.11/lib/python3.11/site-packages/airflow/example_dags/example_short_circuit_operator.py
[2022-12-31T21:00:48.724+0100] {processor.py:753} INFO - DAG(s) dict_keys(['example_short_circuit_operator']) retrieved from /Library/Frameworks/Python.framework/Versions/3.11/lib/python3.11/site-packages/airflow/example_dags/example_short_circuit_operator.py
[2022-12-31T21:00:49.262+0100] {logging_mixin.py:137} INFO - [2022-12-31T21:00:49.262+0100] {dag.py:2676} INFO - Sync 1 DAGs
[2022-12-31T21:00:49.275+0100] {logging_mixin.py:137} INFO - [2022-12-31T21:00:49.275+0100] {dag.py:3423} INFO - Setting next_dagrun for example_short_circuit_operator to 2022-12-30T20:00:49.275118+00:00, run_after=2022-12-31T20:00:49.275118+00:00
[2022-12-31T21:00:49.282+0100] {processor.py:175} INFO - Processing /Library/Frameworks/Python.framework/Versions/3.11/lib/python3.11/site-packages/airflow/example_dags/example_short_circuit_operator.py took 0.584 seconds
[2022-12-31T21:02:48.372+0100] {processor.py:153} INFO - Started process (PID=94205) to work on /Library/Frameworks/Python.framework/Versions/3.11/lib/python3.11/site-packages/airflow/example_dags/example_short_circuit_operator.py
[2022-12-31T21:02:48.375+0100] {processor.py:743} INFO - Processing file /Library/Frameworks/Python.framework/Versions/3.11/lib/python3.11/site-packages/airflow/example_dags/example_short_circuit_operator.py for tasks to queue
[2022-12-31T21:02:48.375+0100] {logging_mixin.py:137} INFO - [2022-12-31T21:02:48.375+0100] {dagbag.py:538} INFO - Filling up the DagBag from /Library/Frameworks/Python.framework/Versions/3.11/lib/python3.11/site-packages/airflow/example_dags/example_short_circuit_operator.py
[2022-12-31T21:02:48.393+0100] {processor.py:753} INFO - DAG(s) dict_keys(['example_short_circuit_operator']) retrieved from /Library/Frameworks/Python.framework/Versions/3.11/lib/python3.11/site-packages/airflow/example_dags/example_short_circuit_operator.py
[2022-12-31T21:02:48.896+0100] {logging_mixin.py:137} INFO - [2022-12-31T21:02:48.896+0100] {dag.py:2676} INFO - Sync 1 DAGs
[2022-12-31T21:02:48.903+0100] {logging_mixin.py:137} INFO - [2022-12-31T21:02:48.903+0100] {dag.py:3423} INFO - Setting next_dagrun for example_short_circuit_operator to 2022-12-30T20:02:48.903550+00:00, run_after=2022-12-31T20:02:48.903550+00:00
[2022-12-31T21:02:48.913+0100] {processor.py:175} INFO - Processing /Library/Frameworks/Python.framework/Versions/3.11/lib/python3.11/site-packages/airflow/example_dags/example_short_circuit_operator.py took 0.541 seconds
[2022-12-31T21:04:56.937+0100] {processor.py:153} INFO - Started process (PID=94467) to work on /Library/Frameworks/Python.framework/Versions/3.11/lib/python3.11/site-packages/airflow/example_dags/example_short_circuit_operator.py
[2022-12-31T21:04:56.941+0100] {processor.py:743} INFO - Processing file /Library/Frameworks/Python.framework/Versions/3.11/lib/python3.11/site-packages/airflow/example_dags/example_short_circuit_operator.py for tasks to queue
[2022-12-31T21:04:56.942+0100] {logging_mixin.py:137} INFO - [2022-12-31T21:04:56.942+0100] {dagbag.py:538} INFO - Filling up the DagBag from /Library/Frameworks/Python.framework/Versions/3.11/lib/python3.11/site-packages/airflow/example_dags/example_short_circuit_operator.py
[2022-12-31T21:04:56.957+0100] {processor.py:753} INFO - DAG(s) dict_keys(['example_short_circuit_operator']) retrieved from /Library/Frameworks/Python.framework/Versions/3.11/lib/python3.11/site-packages/airflow/example_dags/example_short_circuit_operator.py
[2022-12-31T21:04:57.398+0100] {logging_mixin.py:137} INFO - [2022-12-31T21:04:57.398+0100] {dag.py:2676} INFO - Sync 1 DAGs
[2022-12-31T21:04:57.404+0100] {logging_mixin.py:137} INFO - [2022-12-31T21:04:57.404+0100] {dag.py:3423} INFO - Setting next_dagrun for example_short_circuit_operator to 2022-12-30T20:04:57.404442+00:00, run_after=2022-12-31T20:04:57.404442+00:00
[2022-12-31T21:04:57.411+0100] {processor.py:175} INFO - Processing /Library/Frameworks/Python.framework/Versions/3.11/lib/python3.11/site-packages/airflow/example_dags/example_short_circuit_operator.py took 0.475 seconds
[2022-12-31T21:06:45.676+0100] {processor.py:153} INFO - Started process (PID=94709) to work on /Library/Frameworks/Python.framework/Versions/3.11/lib/python3.11/site-packages/airflow/example_dags/example_short_circuit_operator.py
[2022-12-31T21:06:45.681+0100] {processor.py:743} INFO - Processing file /Library/Frameworks/Python.framework/Versions/3.11/lib/python3.11/site-packages/airflow/example_dags/example_short_circuit_operator.py for tasks to queue
[2022-12-31T21:06:45.682+0100] {logging_mixin.py:137} INFO - [2022-12-31T21:06:45.682+0100] {dagbag.py:538} INFO - Filling up the DagBag from /Library/Frameworks/Python.framework/Versions/3.11/lib/python3.11/site-packages/airflow/example_dags/example_short_circuit_operator.py
[2022-12-31T21:06:45.699+0100] {processor.py:753} INFO - DAG(s) dict_keys(['example_short_circuit_operator']) retrieved from /Library/Frameworks/Python.framework/Versions/3.11/lib/python3.11/site-packages/airflow/example_dags/example_short_circuit_operator.py
[2022-12-31T21:06:46.116+0100] {logging_mixin.py:137} INFO - [2022-12-31T21:06:46.116+0100] {dag.py:2676} INFO - Sync 1 DAGs
[2022-12-31T21:06:46.122+0100] {logging_mixin.py:137} INFO - [2022-12-31T21:06:46.122+0100] {dag.py:3423} INFO - Setting next_dagrun for example_short_circuit_operator to 2022-12-30T20:06:46.122153+00:00, run_after=2022-12-31T20:06:46.122153+00:00
[2022-12-31T21:06:46.128+0100] {processor.py:175} INFO - Processing /Library/Frameworks/Python.framework/Versions/3.11/lib/python3.11/site-packages/airflow/example_dags/example_short_circuit_operator.py took 0.452 seconds
[2022-12-31T21:08:41.470+0100] {processor.py:153} INFO - Started process (PID=94958) to work on /Library/Frameworks/Python.framework/Versions/3.11/lib/python3.11/site-packages/airflow/example_dags/example_short_circuit_operator.py
[2022-12-31T21:08:41.475+0100] {processor.py:743} INFO - Processing file /Library/Frameworks/Python.framework/Versions/3.11/lib/python3.11/site-packages/airflow/example_dags/example_short_circuit_operator.py for tasks to queue
[2022-12-31T21:08:41.475+0100] {logging_mixin.py:137} INFO - [2022-12-31T21:08:41.475+0100] {dagbag.py:538} INFO - Filling up the DagBag from /Library/Frameworks/Python.framework/Versions/3.11/lib/python3.11/site-packages/airflow/example_dags/example_short_circuit_operator.py
[2022-12-31T21:08:41.510+0100] {processor.py:753} INFO - DAG(s) dict_keys(['example_short_circuit_operator']) retrieved from /Library/Frameworks/Python.framework/Versions/3.11/lib/python3.11/site-packages/airflow/example_dags/example_short_circuit_operator.py
[2022-12-31T21:08:42.009+0100] {logging_mixin.py:137} INFO - [2022-12-31T21:08:42.009+0100] {dag.py:2676} INFO - Sync 1 DAGs
[2022-12-31T21:08:42.016+0100] {logging_mixin.py:137} INFO - [2022-12-31T21:08:42.016+0100] {dag.py:3423} INFO - Setting next_dagrun for example_short_circuit_operator to 2022-12-30T20:08:42.016521+00:00, run_after=2022-12-31T20:08:42.016521+00:00
[2022-12-31T21:08:42.023+0100] {processor.py:175} INFO - Processing /Library/Frameworks/Python.framework/Versions/3.11/lib/python3.11/site-packages/airflow/example_dags/example_short_circuit_operator.py took 0.554 seconds
[2022-12-31 20:08:50,606] {scheduler_job.py:182} INFO - Started process (PID=118) to work on /home/airflow/.local/lib/python3.6/site-packages/airflow/example_dags/example_short_circuit_operator.py
[2022-12-31 20:08:50,610] {scheduler_job.py:629} INFO - Processing file /home/airflow/.local/lib/python3.6/site-packages/airflow/example_dags/example_short_circuit_operator.py for tasks to queue
[2022-12-31 20:08:50,614] {logging_mixin.py:104} INFO - [2022-12-31 20:08:50,613] {dagbag.py:451} INFO - Filling up the DagBag from /home/airflow/.local/lib/python3.6/site-packages/airflow/example_dags/example_short_circuit_operator.py
[2022-12-31 20:08:50,661] {scheduler_job.py:639} INFO - DAG(s) dict_keys(['example_short_circuit_operator']) retrieved from /home/airflow/.local/lib/python3.6/site-packages/airflow/example_dags/example_short_circuit_operator.py
[2022-12-31 20:08:50,722] {logging_mixin.py:104} INFO - [2022-12-31 20:08:50,722] {dag.py:1824} INFO - Sync 1 DAGs
[2022-12-31 20:08:50,779] {logging_mixin.py:104} INFO - [2022-12-31 20:08:50,779] {dag.py:2280} INFO - Setting next_dagrun for example_short_circuit_operator to 2022-12-29 00:00:00+00:00
[2022-12-31 20:08:50,809] {scheduler_job.py:190} INFO - Processing /home/airflow/.local/lib/python3.6/site-packages/airflow/example_dags/example_short_circuit_operator.py took 0.212 seconds
[2022-12-31 20:09:21,230] {scheduler_job.py:182} INFO - Started process (PID=168) to work on /home/airflow/.local/lib/python3.6/site-packages/airflow/example_dags/example_short_circuit_operator.py
[2022-12-31 20:09:21,236] {scheduler_job.py:629} INFO - Processing file /home/airflow/.local/lib/python3.6/site-packages/airflow/example_dags/example_short_circuit_operator.py for tasks to queue
[2022-12-31 20:09:21,241] {logging_mixin.py:104} INFO - [2022-12-31 20:09:21,241] {dagbag.py:451} INFO - Filling up the DagBag from /home/airflow/.local/lib/python3.6/site-packages/airflow/example_dags/example_short_circuit_operator.py
[2022-12-31 20:09:21,301] {scheduler_job.py:639} INFO - DAG(s) dict_keys(['example_short_circuit_operator']) retrieved from /home/airflow/.local/lib/python3.6/site-packages/airflow/example_dags/example_short_circuit_operator.py
[2022-12-31 20:09:21,389] {logging_mixin.py:104} INFO - [2022-12-31 20:09:21,389] {dag.py:1824} INFO - Sync 1 DAGs
[2022-12-31 20:09:21,466] {logging_mixin.py:104} INFO - [2022-12-31 20:09:21,464] {dag.py:2280} INFO - Setting next_dagrun for example_short_circuit_operator to 2022-12-29 00:00:00+00:00
[2022-12-31 20:09:21,515] {scheduler_job.py:190} INFO - Processing /home/airflow/.local/lib/python3.6/site-packages/airflow/example_dags/example_short_circuit_operator.py took 0.295 seconds
[2022-12-31T21:10:43.374+0100] {processor.py:153} INFO - Started process (PID=95269) to work on /Library/Frameworks/Python.framework/Versions/3.11/lib/python3.11/site-packages/airflow/example_dags/example_short_circuit_operator.py
[2022-12-31T21:10:43.379+0100] {processor.py:743} INFO - Processing file /Library/Frameworks/Python.framework/Versions/3.11/lib/python3.11/site-packages/airflow/example_dags/example_short_circuit_operator.py for tasks to queue
[2022-12-31T21:10:43.379+0100] {logging_mixin.py:137} INFO - [2022-12-31T21:10:43.379+0100] {dagbag.py:538} INFO - Filling up the DagBag from /Library/Frameworks/Python.framework/Versions/3.11/lib/python3.11/site-packages/airflow/example_dags/example_short_circuit_operator.py
[2022-12-31T21:10:43.401+0100] {processor.py:753} INFO - DAG(s) dict_keys(['example_short_circuit_operator']) retrieved from /Library/Frameworks/Python.framework/Versions/3.11/lib/python3.11/site-packages/airflow/example_dags/example_short_circuit_operator.py
[2022-12-31T21:10:43.814+0100] {logging_mixin.py:137} INFO - [2022-12-31T21:10:43.814+0100] {dag.py:2676} INFO - Sync 1 DAGs
[2022-12-31T21:10:43.820+0100] {logging_mixin.py:137} INFO - [2022-12-31T21:10:43.820+0100] {dag.py:3423} INFO - Setting next_dagrun for example_short_circuit_operator to 2022-12-30T20:10:43.819999+00:00, run_after=2022-12-31T20:10:43.819999+00:00
[2022-12-31T21:10:43.826+0100] {processor.py:175} INFO - Processing /Library/Frameworks/Python.framework/Versions/3.11/lib/python3.11/site-packages/airflow/example_dags/example_short_circuit_operator.py took 0.452 seconds
[2022-12-31T21:12:50.133+0100] {processor.py:153} INFO - Started process (PID=95587) to work on /Library/Frameworks/Python.framework/Versions/3.11/lib/python3.11/site-packages/airflow/example_dags/example_short_circuit_operator.py
[2022-12-31T21:12:50.138+0100] {processor.py:743} INFO - Processing file /Library/Frameworks/Python.framework/Versions/3.11/lib/python3.11/site-packages/airflow/example_dags/example_short_circuit_operator.py for tasks to queue
[2022-12-31T21:12:50.138+0100] {logging_mixin.py:137} INFO - [2022-12-31T21:12:50.138+0100] {dagbag.py:538} INFO - Filling up the DagBag from /Library/Frameworks/Python.framework/Versions/3.11/lib/python3.11/site-packages/airflow/example_dags/example_short_circuit_operator.py
[2022-12-31T21:12:50.156+0100] {processor.py:753} INFO - DAG(s) dict_keys(['example_short_circuit_operator']) retrieved from /Library/Frameworks/Python.framework/Versions/3.11/lib/python3.11/site-packages/airflow/example_dags/example_short_circuit_operator.py
[2022-12-31T21:12:50.734+0100] {logging_mixin.py:137} INFO - [2022-12-31T21:12:50.734+0100] {dag.py:2676} INFO - Sync 1 DAGs
[2022-12-31T21:12:50.742+0100] {logging_mixin.py:137} INFO - [2022-12-31T21:12:50.742+0100] {dag.py:3423} INFO - Setting next_dagrun for example_short_circuit_operator to 2022-12-30T20:12:50.741942+00:00, run_after=2022-12-31T20:12:50.741942+00:00
[2022-12-31T21:12:50.749+0100] {processor.py:175} INFO - Processing /Library/Frameworks/Python.framework/Versions/3.11/lib/python3.11/site-packages/airflow/example_dags/example_short_circuit_operator.py took 0.617 seconds
[2022-12-31T21:14:53.419+0100] {processor.py:153} INFO - Started process (PID=95861) to work on /Library/Frameworks/Python.framework/Versions/3.11/lib/python3.11/site-packages/airflow/example_dags/example_short_circuit_operator.py
[2022-12-31T21:14:53.424+0100] {processor.py:743} INFO - Processing file /Library/Frameworks/Python.framework/Versions/3.11/lib/python3.11/site-packages/airflow/example_dags/example_short_circuit_operator.py for tasks to queue
[2022-12-31T21:14:53.424+0100] {logging_mixin.py:137} INFO - [2022-12-31T21:14:53.424+0100] {dagbag.py:538} INFO - Filling up the DagBag from /Library/Frameworks/Python.framework/Versions/3.11/lib/python3.11/site-packages/airflow/example_dags/example_short_circuit_operator.py
[2022-12-31T21:14:53.461+0100] {processor.py:753} INFO - DAG(s) dict_keys(['example_short_circuit_operator']) retrieved from /Library/Frameworks/Python.framework/Versions/3.11/lib/python3.11/site-packages/airflow/example_dags/example_short_circuit_operator.py
[2022-12-31T21:14:53.904+0100] {logging_mixin.py:137} INFO - [2022-12-31T21:14:53.904+0100] {dag.py:2676} INFO - Sync 1 DAGs
[2022-12-31T21:14:53.911+0100] {logging_mixin.py:137} INFO - [2022-12-31T21:14:53.911+0100] {dag.py:3423} INFO - Setting next_dagrun for example_short_circuit_operator to 2022-12-30T20:14:53.911500+00:00, run_after=2022-12-31T20:14:53.911500+00:00
[2022-12-31T21:14:53.919+0100] {processor.py:175} INFO - Processing /Library/Frameworks/Python.framework/Versions/3.11/lib/python3.11/site-packages/airflow/example_dags/example_short_circuit_operator.py took 0.501 seconds
[2022-12-31T21:16:46.939+0100] {processor.py:153} INFO - Started process (PID=96109) to work on /Library/Frameworks/Python.framework/Versions/3.11/lib/python3.11/site-packages/airflow/example_dags/example_short_circuit_operator.py
[2022-12-31T21:16:46.943+0100] {processor.py:743} INFO - Processing file /Library/Frameworks/Python.framework/Versions/3.11/lib/python3.11/site-packages/airflow/example_dags/example_short_circuit_operator.py for tasks to queue
[2022-12-31T21:16:46.943+0100] {logging_mixin.py:137} INFO - [2022-12-31T21:16:46.943+0100] {dagbag.py:538} INFO - Filling up the DagBag from /Library/Frameworks/Python.framework/Versions/3.11/lib/python3.11/site-packages/airflow/example_dags/example_short_circuit_operator.py
[2022-12-31T21:16:46.959+0100] {processor.py:753} INFO - DAG(s) dict_keys(['example_short_circuit_operator']) retrieved from /Library/Frameworks/Python.framework/Versions/3.11/lib/python3.11/site-packages/airflow/example_dags/example_short_circuit_operator.py
[2022-12-31T21:16:47.493+0100] {logging_mixin.py:137} INFO - [2022-12-31T21:16:47.493+0100] {dag.py:2676} INFO - Sync 1 DAGs
[2022-12-31T21:16:47.500+0100] {logging_mixin.py:137} INFO - [2022-12-31T21:16:47.500+0100] {dag.py:3423} INFO - Setting next_dagrun for example_short_circuit_operator to 2022-12-30T20:16:47.500215+00:00, run_after=2022-12-31T20:16:47.500215+00:00
[2022-12-31T21:16:47.506+0100] {processor.py:175} INFO - Processing /Library/Frameworks/Python.framework/Versions/3.11/lib/python3.11/site-packages/airflow/example_dags/example_short_circuit_operator.py took 0.568 seconds
[2022-12-31T21:18:32.704+0100] {processor.py:153} INFO - Started process (PID=96345) to work on /Library/Frameworks/Python.framework/Versions/3.11/lib/python3.11/site-packages/airflow/example_dags/example_short_circuit_operator.py
[2022-12-31T21:18:32.709+0100] {processor.py:743} INFO - Processing file /Library/Frameworks/Python.framework/Versions/3.11/lib/python3.11/site-packages/airflow/example_dags/example_short_circuit_operator.py for tasks to queue
[2022-12-31T21:18:32.710+0100] {logging_mixin.py:137} INFO - [2022-12-31T21:18:32.710+0100] {dagbag.py:538} INFO - Filling up the DagBag from /Library/Frameworks/Python.framework/Versions/3.11/lib/python3.11/site-packages/airflow/example_dags/example_short_circuit_operator.py
[2022-12-31T21:18:32.730+0100] {processor.py:753} INFO - DAG(s) dict_keys(['example_short_circuit_operator']) retrieved from /Library/Frameworks/Python.framework/Versions/3.11/lib/python3.11/site-packages/airflow/example_dags/example_short_circuit_operator.py
[2022-12-31T21:18:33.175+0100] {logging_mixin.py:137} INFO - [2022-12-31T21:18:33.175+0100] {dag.py:2676} INFO - Sync 1 DAGs
[2022-12-31T21:18:33.181+0100] {logging_mixin.py:137} INFO - [2022-12-31T21:18:33.181+0100] {dag.py:3423} INFO - Setting next_dagrun for example_short_circuit_operator to 2022-12-30T20:18:33.181540+00:00, run_after=2022-12-31T20:18:33.181540+00:00
[2022-12-31T21:18:33.187+0100] {processor.py:175} INFO - Processing /Library/Frameworks/Python.framework/Versions/3.11/lib/python3.11/site-packages/airflow/example_dags/example_short_circuit_operator.py took 0.484 seconds
[2022-12-31T21:20:32.806+0100] {processor.py:153} INFO - Started process (PID=96563) to work on /Library/Frameworks/Python.framework/Versions/3.11/lib/python3.11/site-packages/airflow/example_dags/example_short_circuit_operator.py
[2022-12-31T21:20:32.814+0100] {processor.py:743} INFO - Processing file /Library/Frameworks/Python.framework/Versions/3.11/lib/python3.11/site-packages/airflow/example_dags/example_short_circuit_operator.py for tasks to queue
[2022-12-31T21:20:32.814+0100] {logging_mixin.py:137} INFO - [2022-12-31T21:20:32.814+0100] {dagbag.py:538} INFO - Filling up the DagBag from /Library/Frameworks/Python.framework/Versions/3.11/lib/python3.11/site-packages/airflow/example_dags/example_short_circuit_operator.py
[2022-12-31T21:20:32.834+0100] {processor.py:753} INFO - DAG(s) dict_keys(['example_short_circuit_operator']) retrieved from /Library/Frameworks/Python.framework/Versions/3.11/lib/python3.11/site-packages/airflow/example_dags/example_short_circuit_operator.py
[2022-12-31T21:20:33.241+0100] {logging_mixin.py:137} INFO - [2022-12-31T21:20:33.241+0100] {dag.py:2676} INFO - Sync 1 DAGs
[2022-12-31T21:20:33.248+0100] {logging_mixin.py:137} INFO - [2022-12-31T21:20:33.248+0100] {dag.py:3423} INFO - Setting next_dagrun for example_short_circuit_operator to 2022-12-30T20:20:33.248143+00:00, run_after=2022-12-31T20:20:33.248143+00:00
[2022-12-31T21:20:33.255+0100] {processor.py:175} INFO - Processing /Library/Frameworks/Python.framework/Versions/3.11/lib/python3.11/site-packages/airflow/example_dags/example_short_circuit_operator.py took 0.449 seconds
[2022-12-31T21:22:29.194+0100] {processor.py:153} INFO - Started process (PID=96766) to work on /Library/Frameworks/Python.framework/Versions/3.11/lib/python3.11/site-packages/airflow/example_dags/example_short_circuit_operator.py
[2022-12-31T21:22:29.198+0100] {processor.py:743} INFO - Processing file /Library/Frameworks/Python.framework/Versions/3.11/lib/python3.11/site-packages/airflow/example_dags/example_short_circuit_operator.py for tasks to queue
[2022-12-31T21:22:29.198+0100] {logging_mixin.py:137} INFO - [2022-12-31T21:22:29.198+0100] {dagbag.py:538} INFO - Filling up the DagBag from /Library/Frameworks/Python.framework/Versions/3.11/lib/python3.11/site-packages/airflow/example_dags/example_short_circuit_operator.py
[2022-12-31T21:22:29.214+0100] {processor.py:753} INFO - DAG(s) dict_keys(['example_short_circuit_operator']) retrieved from /Library/Frameworks/Python.framework/Versions/3.11/lib/python3.11/site-packages/airflow/example_dags/example_short_circuit_operator.py
[2022-12-31T21:22:29.626+0100] {logging_mixin.py:137} INFO - [2022-12-31T21:22:29.626+0100] {dag.py:2676} INFO - Sync 1 DAGs
[2022-12-31T21:22:29.634+0100] {logging_mixin.py:137} INFO - [2022-12-31T21:22:29.634+0100] {dag.py:3423} INFO - Setting next_dagrun for example_short_circuit_operator to 2022-12-30T20:22:29.634067+00:00, run_after=2022-12-31T20:22:29.634067+00:00
[2022-12-31T21:22:29.640+0100] {processor.py:175} INFO - Processing /Library/Frameworks/Python.framework/Versions/3.11/lib/python3.11/site-packages/airflow/example_dags/example_short_circuit_operator.py took 0.446 seconds
[2022-12-31T21:24:29.026+0100] {processor.py:153} INFO - Started process (PID=96973) to work on /Library/Frameworks/Python.framework/Versions/3.11/lib/python3.11/site-packages/airflow/example_dags/example_short_circuit_operator.py
[2022-12-31T21:24:29.028+0100] {processor.py:743} INFO - Processing file /Library/Frameworks/Python.framework/Versions/3.11/lib/python3.11/site-packages/airflow/example_dags/example_short_circuit_operator.py for tasks to queue
[2022-12-31T21:24:29.028+0100] {logging_mixin.py:137} INFO - [2022-12-31T21:24:29.028+0100] {dagbag.py:538} INFO - Filling up the DagBag from /Library/Frameworks/Python.framework/Versions/3.11/lib/python3.11/site-packages/airflow/example_dags/example_short_circuit_operator.py
[2022-12-31T21:24:29.044+0100] {processor.py:753} INFO - DAG(s) dict_keys(['example_short_circuit_operator']) retrieved from /Library/Frameworks/Python.framework/Versions/3.11/lib/python3.11/site-packages/airflow/example_dags/example_short_circuit_operator.py
[2022-12-31T21:24:29.490+0100] {logging_mixin.py:137} INFO - [2022-12-31T21:24:29.490+0100] {dag.py:2676} INFO - Sync 1 DAGs
[2022-12-31T21:24:29.496+0100] {logging_mixin.py:137} INFO - [2022-12-31T21:24:29.496+0100] {dag.py:3423} INFO - Setting next_dagrun for example_short_circuit_operator to 2022-12-30T20:24:29.496275+00:00, run_after=2022-12-31T20:24:29.496275+00:00
[2022-12-31T21:24:29.502+0100] {processor.py:175} INFO - Processing /Library/Frameworks/Python.framework/Versions/3.11/lib/python3.11/site-packages/airflow/example_dags/example_short_circuit_operator.py took 0.477 seconds
[2022-12-31T21:26:20.322+0100] {processor.py:153} INFO - Started process (PID=97215) to work on /Library/Frameworks/Python.framework/Versions/3.11/lib/python3.11/site-packages/airflow/example_dags/example_short_circuit_operator.py
[2022-12-31T21:26:20.326+0100] {processor.py:743} INFO - Processing file /Library/Frameworks/Python.framework/Versions/3.11/lib/python3.11/site-packages/airflow/example_dags/example_short_circuit_operator.py for tasks to queue
[2022-12-31T21:26:20.327+0100] {logging_mixin.py:137} INFO - [2022-12-31T21:26:20.326+0100] {dagbag.py:538} INFO - Filling up the DagBag from /Library/Frameworks/Python.framework/Versions/3.11/lib/python3.11/site-packages/airflow/example_dags/example_short_circuit_operator.py
[2022-12-31T21:26:20.342+0100] {processor.py:753} INFO - DAG(s) dict_keys(['example_short_circuit_operator']) retrieved from /Library/Frameworks/Python.framework/Versions/3.11/lib/python3.11/site-packages/airflow/example_dags/example_short_circuit_operator.py
[2022-12-31T21:26:20.841+0100] {logging_mixin.py:137} INFO - [2022-12-31T21:26:20.841+0100] {dag.py:2676} INFO - Sync 1 DAGs
[2022-12-31T21:26:20.849+0100] {logging_mixin.py:137} INFO - [2022-12-31T21:26:20.849+0100] {dag.py:3423} INFO - Setting next_dagrun for example_short_circuit_operator to 2022-12-30T20:26:20.849089+00:00, run_after=2022-12-31T20:26:20.849089+00:00
[2022-12-31T21:26:20.856+0100] {processor.py:175} INFO - Processing /Library/Frameworks/Python.framework/Versions/3.11/lib/python3.11/site-packages/airflow/example_dags/example_short_circuit_operator.py took 0.535 seconds
[2022-12-31T21:28:17.117+0100] {processor.py:153} INFO - Started process (PID=97398) to work on /Library/Frameworks/Python.framework/Versions/3.11/lib/python3.11/site-packages/airflow/example_dags/example_short_circuit_operator.py
[2022-12-31T21:28:17.122+0100] {processor.py:743} INFO - Processing file /Library/Frameworks/Python.framework/Versions/3.11/lib/python3.11/site-packages/airflow/example_dags/example_short_circuit_operator.py for tasks to queue
[2022-12-31T21:28:17.122+0100] {logging_mixin.py:137} INFO - [2022-12-31T21:28:17.122+0100] {dagbag.py:538} INFO - Filling up the DagBag from /Library/Frameworks/Python.framework/Versions/3.11/lib/python3.11/site-packages/airflow/example_dags/example_short_circuit_operator.py
[2022-12-31T21:28:17.140+0100] {processor.py:753} INFO - DAG(s) dict_keys(['example_short_circuit_operator']) retrieved from /Library/Frameworks/Python.framework/Versions/3.11/lib/python3.11/site-packages/airflow/example_dags/example_short_circuit_operator.py
[2022-12-31T21:28:18.121+0100] {logging_mixin.py:137} INFO - [2022-12-31T21:28:18.121+0100] {dag.py:2676} INFO - Sync 1 DAGs
[2022-12-31T21:28:18.137+0100] {logging_mixin.py:137} INFO - [2022-12-31T21:28:18.137+0100] {dag.py:3423} INFO - Setting next_dagrun for example_short_circuit_operator to 2022-12-30T20:28:18.137080+00:00, run_after=2022-12-31T20:28:18.137080+00:00
[2022-12-31T21:28:18.150+0100] {processor.py:175} INFO - Processing /Library/Frameworks/Python.framework/Versions/3.11/lib/python3.11/site-packages/airflow/example_dags/example_short_circuit_operator.py took 1.036 seconds
