[2022-12-31T20:30:06.445+0100] {processor.py:153} INFO - Started process (PID=90288) to work on /Library/Frameworks/Python.framework/Versions/3.11/lib/python3.11/site-packages/airflow/example_dags/example_bash_operator.py
[2022-12-31T20:30:06.447+0100] {processor.py:743} INFO - Processing file /Library/Frameworks/Python.framework/Versions/3.11/lib/python3.11/site-packages/airflow/example_dags/example_bash_operator.py for tasks to queue
[2022-12-31T20:30:06.447+0100] {logging_mixin.py:137} INFO - [2022-12-31T20:30:06.447+0100] {dagbag.py:538} INFO - Filling up the DagBag from /Library/Frameworks/Python.framework/Versions/3.11/lib/python3.11/site-packages/airflow/example_dags/example_bash_operator.py
[2022-12-31T20:30:06.494+0100] {processor.py:753} INFO - DAG(s) dict_keys(['example_bash_operator']) retrieved from /Library/Frameworks/Python.framework/Versions/3.11/lib/python3.11/site-packages/airflow/example_dags/example_bash_operator.py
[2022-12-31T20:30:06.981+0100] {logging_mixin.py:137} INFO - [2022-12-31T20:30:06.981+0100] {manager.py:504} INFO - Created Permission View: can edit on DAG:example_bash_operator
[2022-12-31T20:30:06.984+0100] {logging_mixin.py:137} INFO - [2022-12-31T20:30:06.984+0100] {manager.py:504} INFO - Created Permission View: can delete on DAG:example_bash_operator
[2022-12-31T20:30:06.985+0100] {logging_mixin.py:137} INFO - [2022-12-31T20:30:06.985+0100] {manager.py:504} INFO - Created Permission View: can read on DAG:example_bash_operator
[2022-12-31T20:30:06.986+0100] {logging_mixin.py:137} INFO - [2022-12-31T20:30:06.985+0100] {dag.py:2676} INFO - Sync 1 DAGs
[2022-12-31T20:30:06.989+0100] {logging_mixin.py:137} INFO - [2022-12-31T20:30:06.989+0100] {dag.py:2697} INFO - Creating ORM DAG for example_bash_operator
[2022-12-31T20:30:06.992+0100] {logging_mixin.py:137} INFO - [2022-12-31T20:30:06.992+0100] {dag.py:3423} INFO - Setting next_dagrun for example_bash_operator to 2022-12-30T00:00:00+00:00, run_after=2022-12-31T00:00:00+00:00
[2022-12-31T20:30:06.997+0100] {processor.py:175} INFO - Processing /Library/Frameworks/Python.framework/Versions/3.11/lib/python3.11/site-packages/airflow/example_dags/example_bash_operator.py took 0.552 seconds
[2022-12-31T20:31:57.946+0100] {processor.py:153} INFO - Started process (PID=90477) to work on /Library/Frameworks/Python.framework/Versions/3.11/lib/python3.11/site-packages/airflow/example_dags/example_bash_operator.py
[2022-12-31T20:31:57.950+0100] {processor.py:743} INFO - Processing file /Library/Frameworks/Python.framework/Versions/3.11/lib/python3.11/site-packages/airflow/example_dags/example_bash_operator.py for tasks to queue
[2022-12-31T20:31:57.950+0100] {logging_mixin.py:137} INFO - [2022-12-31T20:31:57.950+0100] {dagbag.py:538} INFO - Filling up the DagBag from /Library/Frameworks/Python.framework/Versions/3.11/lib/python3.11/site-packages/airflow/example_dags/example_bash_operator.py
[2022-12-31T20:31:57.981+0100] {processor.py:753} INFO - DAG(s) dict_keys(['example_bash_operator']) retrieved from /Library/Frameworks/Python.framework/Versions/3.11/lib/python3.11/site-packages/airflow/example_dags/example_bash_operator.py
[2022-12-31T20:31:58.403+0100] {logging_mixin.py:137} INFO - [2022-12-31T20:31:58.403+0100] {dag.py:2676} INFO - Sync 1 DAGs
[2022-12-31T20:31:58.410+0100] {logging_mixin.py:137} INFO - [2022-12-31T20:31:58.410+0100] {dag.py:3423} INFO - Setting next_dagrun for example_bash_operator to 2022-12-30T00:00:00+00:00, run_after=2022-12-31T00:00:00+00:00
[2022-12-31T20:31:58.418+0100] {processor.py:175} INFO - Processing /Library/Frameworks/Python.framework/Versions/3.11/lib/python3.11/site-packages/airflow/example_dags/example_bash_operator.py took 0.474 seconds
[2022-12-31T20:33:42.489+0100] {processor.py:153} INFO - Started process (PID=90614) to work on /Library/Frameworks/Python.framework/Versions/3.11/lib/python3.11/site-packages/airflow/example_dags/example_bash_operator.py
[2022-12-31T20:33:42.494+0100] {processor.py:743} INFO - Processing file /Library/Frameworks/Python.framework/Versions/3.11/lib/python3.11/site-packages/airflow/example_dags/example_bash_operator.py for tasks to queue
[2022-12-31T20:33:42.495+0100] {logging_mixin.py:137} INFO - [2022-12-31T20:33:42.495+0100] {dagbag.py:538} INFO - Filling up the DagBag from /Library/Frameworks/Python.framework/Versions/3.11/lib/python3.11/site-packages/airflow/example_dags/example_bash_operator.py
[2022-12-31T20:33:42.522+0100] {processor.py:753} INFO - DAG(s) dict_keys(['example_bash_operator']) retrieved from /Library/Frameworks/Python.framework/Versions/3.11/lib/python3.11/site-packages/airflow/example_dags/example_bash_operator.py
[2022-12-31T20:33:42.939+0100] {logging_mixin.py:137} INFO - [2022-12-31T20:33:42.939+0100] {dag.py:2676} INFO - Sync 1 DAGs
[2022-12-31T20:33:42.946+0100] {logging_mixin.py:137} INFO - [2022-12-31T20:33:42.946+0100] {dag.py:3423} INFO - Setting next_dagrun for example_bash_operator to 2022-12-30T00:00:00+00:00, run_after=2022-12-31T00:00:00+00:00
[2022-12-31T20:33:42.955+0100] {processor.py:175} INFO - Processing /Library/Frameworks/Python.framework/Versions/3.11/lib/python3.11/site-packages/airflow/example_dags/example_bash_operator.py took 0.467 seconds
[2022-12-31T20:36:40.347+0100] {processor.py:153} INFO - Started process (PID=90884) to work on /Library/Frameworks/Python.framework/Versions/3.11/lib/python3.11/site-packages/airflow/example_dags/example_bash_operator.py
[2022-12-31T20:36:40.349+0100] {processor.py:743} INFO - Processing file /Library/Frameworks/Python.framework/Versions/3.11/lib/python3.11/site-packages/airflow/example_dags/example_bash_operator.py for tasks to queue
[2022-12-31T20:36:40.350+0100] {logging_mixin.py:137} INFO - [2022-12-31T20:36:40.350+0100] {dagbag.py:538} INFO - Filling up the DagBag from /Library/Frameworks/Python.framework/Versions/3.11/lib/python3.11/site-packages/airflow/example_dags/example_bash_operator.py
[2022-12-31T20:36:40.377+0100] {processor.py:753} INFO - DAG(s) dict_keys(['example_bash_operator']) retrieved from /Library/Frameworks/Python.framework/Versions/3.11/lib/python3.11/site-packages/airflow/example_dags/example_bash_operator.py
[2022-12-31T20:36:40.771+0100] {logging_mixin.py:137} INFO - [2022-12-31T20:36:40.770+0100] {dag.py:2676} INFO - Sync 1 DAGs
[2022-12-31T20:36:40.777+0100] {logging_mixin.py:137} INFO - [2022-12-31T20:36:40.777+0100] {dag.py:3423} INFO - Setting next_dagrun for example_bash_operator to 2022-12-30T00:00:00+00:00, run_after=2022-12-31T00:00:00+00:00
[2022-12-31T20:36:40.783+0100] {processor.py:175} INFO - Processing /Library/Frameworks/Python.framework/Versions/3.11/lib/python3.11/site-packages/airflow/example_dags/example_bash_operator.py took 0.437 seconds
[2022-12-31T20:38:21.867+0100] {processor.py:153} INFO - Started process (PID=91017) to work on /Library/Frameworks/Python.framework/Versions/3.11/lib/python3.11/site-packages/airflow/example_dags/example_bash_operator.py
[2022-12-31T20:38:21.872+0100] {processor.py:743} INFO - Processing file /Library/Frameworks/Python.framework/Versions/3.11/lib/python3.11/site-packages/airflow/example_dags/example_bash_operator.py for tasks to queue
[2022-12-31T20:38:21.872+0100] {logging_mixin.py:137} INFO - [2022-12-31T20:38:21.872+0100] {dagbag.py:538} INFO - Filling up the DagBag from /Library/Frameworks/Python.framework/Versions/3.11/lib/python3.11/site-packages/airflow/example_dags/example_bash_operator.py
[2022-12-31T20:38:21.895+0100] {processor.py:753} INFO - DAG(s) dict_keys(['example_bash_operator']) retrieved from /Library/Frameworks/Python.framework/Versions/3.11/lib/python3.11/site-packages/airflow/example_dags/example_bash_operator.py
[2022-12-31T20:38:22.301+0100] {logging_mixin.py:137} INFO - [2022-12-31T20:38:22.301+0100] {dag.py:2676} INFO - Sync 1 DAGs
[2022-12-31T20:38:22.307+0100] {logging_mixin.py:137} INFO - [2022-12-31T20:38:22.307+0100] {dag.py:3423} INFO - Setting next_dagrun for example_bash_operator to 2022-12-30T00:00:00+00:00, run_after=2022-12-31T00:00:00+00:00
[2022-12-31T20:38:22.316+0100] {processor.py:175} INFO - Processing /Library/Frameworks/Python.framework/Versions/3.11/lib/python3.11/site-packages/airflow/example_dags/example_bash_operator.py took 0.450 seconds
[2022-12-31T20:40:06.838+0100] {processor.py:153} INFO - Started process (PID=91202) to work on /Library/Frameworks/Python.framework/Versions/3.11/lib/python3.11/site-packages/airflow/example_dags/example_bash_operator.py
[2022-12-31T20:40:06.841+0100] {processor.py:743} INFO - Processing file /Library/Frameworks/Python.framework/Versions/3.11/lib/python3.11/site-packages/airflow/example_dags/example_bash_operator.py for tasks to queue
[2022-12-31T20:40:06.841+0100] {logging_mixin.py:137} INFO - [2022-12-31T20:40:06.841+0100] {dagbag.py:538} INFO - Filling up the DagBag from /Library/Frameworks/Python.framework/Versions/3.11/lib/python3.11/site-packages/airflow/example_dags/example_bash_operator.py
[2022-12-31T20:40:06.863+0100] {processor.py:753} INFO - DAG(s) dict_keys(['example_bash_operator']) retrieved from /Library/Frameworks/Python.framework/Versions/3.11/lib/python3.11/site-packages/airflow/example_dags/example_bash_operator.py
[2022-12-31T20:40:07.253+0100] {logging_mixin.py:137} INFO - [2022-12-31T20:40:07.253+0100] {dag.py:2676} INFO - Sync 1 DAGs
[2022-12-31T20:40:07.260+0100] {logging_mixin.py:137} INFO - [2022-12-31T20:40:07.260+0100] {dag.py:3423} INFO - Setting next_dagrun for example_bash_operator to 2022-12-30T00:00:00+00:00, run_after=2022-12-31T00:00:00+00:00
[2022-12-31T20:40:07.267+0100] {processor.py:175} INFO - Processing /Library/Frameworks/Python.framework/Versions/3.11/lib/python3.11/site-packages/airflow/example_dags/example_bash_operator.py took 0.429 seconds
[2022-12-31T20:41:54.914+0100] {processor.py:153} INFO - Started process (PID=91362) to work on /Library/Frameworks/Python.framework/Versions/3.11/lib/python3.11/site-packages/airflow/example_dags/example_bash_operator.py
[2022-12-31T20:41:54.917+0100] {processor.py:743} INFO - Processing file /Library/Frameworks/Python.framework/Versions/3.11/lib/python3.11/site-packages/airflow/example_dags/example_bash_operator.py for tasks to queue
[2022-12-31T20:41:54.918+0100] {logging_mixin.py:137} INFO - [2022-12-31T20:41:54.918+0100] {dagbag.py:538} INFO - Filling up the DagBag from /Library/Frameworks/Python.framework/Versions/3.11/lib/python3.11/site-packages/airflow/example_dags/example_bash_operator.py
[2022-12-31T20:41:54.940+0100] {processor.py:753} INFO - DAG(s) dict_keys(['example_bash_operator']) retrieved from /Library/Frameworks/Python.framework/Versions/3.11/lib/python3.11/site-packages/airflow/example_dags/example_bash_operator.py
[2022-12-31T20:41:55.341+0100] {logging_mixin.py:137} INFO - [2022-12-31T20:41:55.340+0100] {dag.py:2676} INFO - Sync 1 DAGs
[2022-12-31T20:41:55.347+0100] {logging_mixin.py:137} INFO - [2022-12-31T20:41:55.347+0100] {dag.py:3423} INFO - Setting next_dagrun for example_bash_operator to 2022-12-30T00:00:00+00:00, run_after=2022-12-31T00:00:00+00:00
[2022-12-31T20:41:55.353+0100] {processor.py:175} INFO - Processing /Library/Frameworks/Python.framework/Versions/3.11/lib/python3.11/site-packages/airflow/example_dags/example_bash_operator.py took 0.440 seconds
[2022-12-31T20:43:39.614+0100] {processor.py:153} INFO - Started process (PID=91571) to work on /Library/Frameworks/Python.framework/Versions/3.11/lib/python3.11/site-packages/airflow/example_dags/example_bash_operator.py
[2022-12-31T20:43:39.621+0100] {processor.py:743} INFO - Processing file /Library/Frameworks/Python.framework/Versions/3.11/lib/python3.11/site-packages/airflow/example_dags/example_bash_operator.py for tasks to queue
[2022-12-31T20:43:39.621+0100] {logging_mixin.py:137} INFO - [2022-12-31T20:43:39.621+0100] {dagbag.py:538} INFO - Filling up the DagBag from /Library/Frameworks/Python.framework/Versions/3.11/lib/python3.11/site-packages/airflow/example_dags/example_bash_operator.py
[2022-12-31T20:43:39.644+0100] {processor.py:753} INFO - DAG(s) dict_keys(['example_bash_operator']) retrieved from /Library/Frameworks/Python.framework/Versions/3.11/lib/python3.11/site-packages/airflow/example_dags/example_bash_operator.py
[2022-12-31T20:43:40.086+0100] {logging_mixin.py:137} INFO - [2022-12-31T20:43:40.085+0100] {dag.py:2676} INFO - Sync 1 DAGs
[2022-12-31T20:43:40.092+0100] {logging_mixin.py:137} INFO - [2022-12-31T20:43:40.092+0100] {dag.py:3423} INFO - Setting next_dagrun for example_bash_operator to 2022-12-30T00:00:00+00:00, run_after=2022-12-31T00:00:00+00:00
[2022-12-31T20:43:40.098+0100] {processor.py:175} INFO - Processing /Library/Frameworks/Python.framework/Versions/3.11/lib/python3.11/site-packages/airflow/example_dags/example_bash_operator.py took 0.485 seconds
[2022-12-31T20:48:01.126+0100] {processor.py:153} INFO - Started process (PID=92063) to work on /Library/Frameworks/Python.framework/Versions/3.11/lib/python3.11/site-packages/airflow/example_dags/example_bash_operator.py
[2022-12-31T20:48:01.131+0100] {processor.py:743} INFO - Processing file /Library/Frameworks/Python.framework/Versions/3.11/lib/python3.11/site-packages/airflow/example_dags/example_bash_operator.py for tasks to queue
[2022-12-31T20:48:01.132+0100] {logging_mixin.py:137} INFO - [2022-12-31T20:48:01.132+0100] {dagbag.py:538} INFO - Filling up the DagBag from /Library/Frameworks/Python.framework/Versions/3.11/lib/python3.11/site-packages/airflow/example_dags/example_bash_operator.py
[2022-12-31T20:48:01.154+0100] {processor.py:753} INFO - DAG(s) dict_keys(['example_bash_operator']) retrieved from /Library/Frameworks/Python.framework/Versions/3.11/lib/python3.11/site-packages/airflow/example_dags/example_bash_operator.py
[2022-12-31T20:48:01.548+0100] {logging_mixin.py:137} INFO - [2022-12-31T20:48:01.547+0100] {dag.py:2676} INFO - Sync 1 DAGs
[2022-12-31T20:48:01.554+0100] {logging_mixin.py:137} INFO - [2022-12-31T20:48:01.554+0100] {dag.py:3423} INFO - Setting next_dagrun for example_bash_operator to 2022-12-30T00:00:00+00:00, run_after=2022-12-31T00:00:00+00:00
[2022-12-31T20:48:01.559+0100] {processor.py:175} INFO - Processing /Library/Frameworks/Python.framework/Versions/3.11/lib/python3.11/site-packages/airflow/example_dags/example_bash_operator.py took 0.434 seconds
[2022-12-31T20:52:26.664+0100] {processor.py:153} INFO - Started process (PID=92674) to work on /Library/Frameworks/Python.framework/Versions/3.11/lib/python3.11/site-packages/airflow/example_dags/example_bash_operator.py
[2022-12-31T20:52:26.675+0100] {processor.py:743} INFO - Processing file /Library/Frameworks/Python.framework/Versions/3.11/lib/python3.11/site-packages/airflow/example_dags/example_bash_operator.py for tasks to queue
[2022-12-31T20:52:26.675+0100] {logging_mixin.py:137} INFO - [2022-12-31T20:52:26.675+0100] {dagbag.py:538} INFO - Filling up the DagBag from /Library/Frameworks/Python.framework/Versions/3.11/lib/python3.11/site-packages/airflow/example_dags/example_bash_operator.py
[2022-12-31T20:52:26.699+0100] {processor.py:753} INFO - DAG(s) dict_keys(['example_bash_operator']) retrieved from /Library/Frameworks/Python.framework/Versions/3.11/lib/python3.11/site-packages/airflow/example_dags/example_bash_operator.py
[2022-12-31T20:52:27.409+0100] {logging_mixin.py:137} INFO - [2022-12-31T20:52:27.409+0100] {dag.py:2676} INFO - Sync 1 DAGs
[2022-12-31T20:52:27.417+0100] {logging_mixin.py:137} INFO - [2022-12-31T20:52:27.417+0100] {dag.py:3423} INFO - Setting next_dagrun for example_bash_operator to 2022-12-30T00:00:00+00:00, run_after=2022-12-31T00:00:00+00:00
[2022-12-31T20:52:27.425+0100] {processor.py:175} INFO - Processing /Library/Frameworks/Python.framework/Versions/3.11/lib/python3.11/site-packages/airflow/example_dags/example_bash_operator.py took 0.762 seconds
[2022-12-31T20:56:00.099+0100] {processor.py:153} INFO - Started process (PID=93223) to work on /Library/Frameworks/Python.framework/Versions/3.11/lib/python3.11/site-packages/airflow/example_dags/example_bash_operator.py
[2022-12-31T20:56:00.103+0100] {processor.py:743} INFO - Processing file /Library/Frameworks/Python.framework/Versions/3.11/lib/python3.11/site-packages/airflow/example_dags/example_bash_operator.py for tasks to queue
[2022-12-31T20:56:00.103+0100] {logging_mixin.py:137} INFO - [2022-12-31T20:56:00.103+0100] {dagbag.py:538} INFO - Filling up the DagBag from /Library/Frameworks/Python.framework/Versions/3.11/lib/python3.11/site-packages/airflow/example_dags/example_bash_operator.py
[2022-12-31T20:56:00.141+0100] {processor.py:753} INFO - DAG(s) dict_keys(['example_bash_operator']) retrieved from /Library/Frameworks/Python.framework/Versions/3.11/lib/python3.11/site-packages/airflow/example_dags/example_bash_operator.py
[2022-12-31T20:56:00.634+0100] {logging_mixin.py:137} INFO - [2022-12-31T20:56:00.633+0100] {dag.py:2676} INFO - Sync 1 DAGs
[2022-12-31T20:56:00.644+0100] {logging_mixin.py:137} INFO - [2022-12-31T20:56:00.644+0100] {dag.py:3423} INFO - Setting next_dagrun for example_bash_operator to 2022-12-30T00:00:00+00:00, run_after=2022-12-31T00:00:00+00:00
[2022-12-31T20:56:00.654+0100] {processor.py:175} INFO - Processing /Library/Frameworks/Python.framework/Versions/3.11/lib/python3.11/site-packages/airflow/example_dags/example_bash_operator.py took 0.556 seconds
[2022-12-31T20:58:02.691+0100] {processor.py:153} INFO - Started process (PID=93485) to work on /Library/Frameworks/Python.framework/Versions/3.11/lib/python3.11/site-packages/airflow/example_dags/example_bash_operator.py
[2022-12-31T20:58:02.696+0100] {processor.py:743} INFO - Processing file /Library/Frameworks/Python.framework/Versions/3.11/lib/python3.11/site-packages/airflow/example_dags/example_bash_operator.py for tasks to queue
[2022-12-31T20:58:02.696+0100] {logging_mixin.py:137} INFO - [2022-12-31T20:58:02.696+0100] {dagbag.py:538} INFO - Filling up the DagBag from /Library/Frameworks/Python.framework/Versions/3.11/lib/python3.11/site-packages/airflow/example_dags/example_bash_operator.py
[2022-12-31T20:58:02.727+0100] {processor.py:753} INFO - DAG(s) dict_keys(['example_bash_operator']) retrieved from /Library/Frameworks/Python.framework/Versions/3.11/lib/python3.11/site-packages/airflow/example_dags/example_bash_operator.py
[2022-12-31T20:58:03.247+0100] {logging_mixin.py:137} INFO - [2022-12-31T20:58:03.247+0100] {dag.py:2676} INFO - Sync 1 DAGs
[2022-12-31T20:58:03.254+0100] {logging_mixin.py:137} INFO - [2022-12-31T20:58:03.254+0100] {dag.py:3423} INFO - Setting next_dagrun for example_bash_operator to 2022-12-30T00:00:00+00:00, run_after=2022-12-31T00:00:00+00:00
[2022-12-31T20:58:03.260+0100] {processor.py:175} INFO - Processing /Library/Frameworks/Python.framework/Versions/3.11/lib/python3.11/site-packages/airflow/example_dags/example_bash_operator.py took 0.571 seconds
[2022-12-31T21:00:05.326+0100] {processor.py:153} INFO - Started process (PID=93715) to work on /Library/Frameworks/Python.framework/Versions/3.11/lib/python3.11/site-packages/airflow/example_dags/example_bash_operator.py
[2022-12-31T21:00:05.331+0100] {processor.py:743} INFO - Processing file /Library/Frameworks/Python.framework/Versions/3.11/lib/python3.11/site-packages/airflow/example_dags/example_bash_operator.py for tasks to queue
[2022-12-31T21:00:05.331+0100] {logging_mixin.py:137} INFO - [2022-12-31T21:00:05.331+0100] {dagbag.py:538} INFO - Filling up the DagBag from /Library/Frameworks/Python.framework/Versions/3.11/lib/python3.11/site-packages/airflow/example_dags/example_bash_operator.py
[2022-12-31T21:00:05.362+0100] {processor.py:753} INFO - DAG(s) dict_keys(['example_bash_operator']) retrieved from /Library/Frameworks/Python.framework/Versions/3.11/lib/python3.11/site-packages/airflow/example_dags/example_bash_operator.py
[2022-12-31T21:00:05.859+0100] {logging_mixin.py:137} INFO - [2022-12-31T21:00:05.858+0100] {dag.py:2676} INFO - Sync 1 DAGs
[2022-12-31T21:00:05.866+0100] {logging_mixin.py:137} INFO - [2022-12-31T21:00:05.866+0100] {dag.py:3423} INFO - Setting next_dagrun for example_bash_operator to 2022-12-30T00:00:00+00:00, run_after=2022-12-31T00:00:00+00:00
[2022-12-31T21:00:05.874+0100] {processor.py:175} INFO - Processing /Library/Frameworks/Python.framework/Versions/3.11/lib/python3.11/site-packages/airflow/example_dags/example_bash_operator.py took 0.549 seconds
[2022-12-31T21:02:08.223+0100] {processor.py:153} INFO - Started process (PID=94056) to work on /Library/Frameworks/Python.framework/Versions/3.11/lib/python3.11/site-packages/airflow/example_dags/example_bash_operator.py
[2022-12-31T21:02:08.230+0100] {processor.py:743} INFO - Processing file /Library/Frameworks/Python.framework/Versions/3.11/lib/python3.11/site-packages/airflow/example_dags/example_bash_operator.py for tasks to queue
[2022-12-31T21:02:08.230+0100] {logging_mixin.py:137} INFO - [2022-12-31T21:02:08.230+0100] {dagbag.py:538} INFO - Filling up the DagBag from /Library/Frameworks/Python.framework/Versions/3.11/lib/python3.11/site-packages/airflow/example_dags/example_bash_operator.py
[2022-12-31T21:02:08.265+0100] {processor.py:753} INFO - DAG(s) dict_keys(['example_bash_operator']) retrieved from /Library/Frameworks/Python.framework/Versions/3.11/lib/python3.11/site-packages/airflow/example_dags/example_bash_operator.py
[2022-12-31T21:02:08.775+0100] {logging_mixin.py:137} INFO - [2022-12-31T21:02:08.774+0100] {dag.py:2676} INFO - Sync 1 DAGs
[2022-12-31T21:02:08.782+0100] {logging_mixin.py:137} INFO - [2022-12-31T21:02:08.782+0100] {dag.py:3423} INFO - Setting next_dagrun for example_bash_operator to 2022-12-30T00:00:00+00:00, run_after=2022-12-31T00:00:00+00:00
[2022-12-31T21:02:08.790+0100] {processor.py:175} INFO - Processing /Library/Frameworks/Python.framework/Versions/3.11/lib/python3.11/site-packages/airflow/example_dags/example_bash_operator.py took 0.567 seconds
[2022-12-31T21:04:15.555+0100] {processor.py:153} INFO - Started process (PID=94382) to work on /Library/Frameworks/Python.framework/Versions/3.11/lib/python3.11/site-packages/airflow/example_dags/example_bash_operator.py
[2022-12-31T21:04:15.560+0100] {processor.py:743} INFO - Processing file /Library/Frameworks/Python.framework/Versions/3.11/lib/python3.11/site-packages/airflow/example_dags/example_bash_operator.py for tasks to queue
[2022-12-31T21:04:15.560+0100] {logging_mixin.py:137} INFO - [2022-12-31T21:04:15.560+0100] {dagbag.py:538} INFO - Filling up the DagBag from /Library/Frameworks/Python.framework/Versions/3.11/lib/python3.11/site-packages/airflow/example_dags/example_bash_operator.py
[2022-12-31T21:04:15.600+0100] {processor.py:753} INFO - DAG(s) dict_keys(['example_bash_operator']) retrieved from /Library/Frameworks/Python.framework/Versions/3.11/lib/python3.11/site-packages/airflow/example_dags/example_bash_operator.py
[2022-12-31T21:04:16.188+0100] {logging_mixin.py:137} INFO - [2022-12-31T21:04:16.187+0100] {dag.py:2676} INFO - Sync 1 DAGs
[2022-12-31T21:04:16.195+0100] {logging_mixin.py:137} INFO - [2022-12-31T21:04:16.195+0100] {dag.py:3423} INFO - Setting next_dagrun for example_bash_operator to 2022-12-30T00:00:00+00:00, run_after=2022-12-31T00:00:00+00:00
[2022-12-31T21:04:16.203+0100] {processor.py:175} INFO - Processing /Library/Frameworks/Python.framework/Versions/3.11/lib/python3.11/site-packages/airflow/example_dags/example_bash_operator.py took 0.648 seconds
[2022-12-31T21:06:10.630+0100] {processor.py:153} INFO - Started process (PID=94625) to work on /Library/Frameworks/Python.framework/Versions/3.11/lib/python3.11/site-packages/airflow/example_dags/example_bash_operator.py
[2022-12-31T21:06:10.635+0100] {processor.py:743} INFO - Processing file /Library/Frameworks/Python.framework/Versions/3.11/lib/python3.11/site-packages/airflow/example_dags/example_bash_operator.py for tasks to queue
[2022-12-31T21:06:10.635+0100] {logging_mixin.py:137} INFO - [2022-12-31T21:06:10.635+0100] {dagbag.py:538} INFO - Filling up the DagBag from /Library/Frameworks/Python.framework/Versions/3.11/lib/python3.11/site-packages/airflow/example_dags/example_bash_operator.py
[2022-12-31T21:06:10.657+0100] {processor.py:753} INFO - DAG(s) dict_keys(['example_bash_operator']) retrieved from /Library/Frameworks/Python.framework/Versions/3.11/lib/python3.11/site-packages/airflow/example_dags/example_bash_operator.py
[2022-12-31T21:06:11.120+0100] {logging_mixin.py:137} INFO - [2022-12-31T21:06:11.119+0100] {dag.py:2676} INFO - Sync 1 DAGs
[2022-12-31T21:06:11.126+0100] {logging_mixin.py:137} INFO - [2022-12-31T21:06:11.126+0100] {dag.py:3423} INFO - Setting next_dagrun for example_bash_operator to 2022-12-30T00:00:00+00:00, run_after=2022-12-31T00:00:00+00:00
[2022-12-31T21:06:11.133+0100] {processor.py:175} INFO - Processing /Library/Frameworks/Python.framework/Versions/3.11/lib/python3.11/site-packages/airflow/example_dags/example_bash_operator.py took 0.504 seconds
[2022-12-31T21:08:00.778+0100] {processor.py:153} INFO - Started process (PID=94890) to work on /Library/Frameworks/Python.framework/Versions/3.11/lib/python3.11/site-packages/airflow/example_dags/example_bash_operator.py
[2022-12-31T21:08:00.782+0100] {processor.py:743} INFO - Processing file /Library/Frameworks/Python.framework/Versions/3.11/lib/python3.11/site-packages/airflow/example_dags/example_bash_operator.py for tasks to queue
[2022-12-31T21:08:00.782+0100] {logging_mixin.py:137} INFO - [2022-12-31T21:08:00.782+0100] {dagbag.py:538} INFO - Filling up the DagBag from /Library/Frameworks/Python.framework/Versions/3.11/lib/python3.11/site-packages/airflow/example_dags/example_bash_operator.py
[2022-12-31T21:08:00.807+0100] {processor.py:753} INFO - DAG(s) dict_keys(['example_bash_operator']) retrieved from /Library/Frameworks/Python.framework/Versions/3.11/lib/python3.11/site-packages/airflow/example_dags/example_bash_operator.py
[2022-12-31T21:08:01.277+0100] {logging_mixin.py:137} INFO - [2022-12-31T21:08:01.276+0100] {dag.py:2676} INFO - Sync 1 DAGs
[2022-12-31T21:08:01.284+0100] {logging_mixin.py:137} INFO - [2022-12-31T21:08:01.284+0100] {dag.py:3423} INFO - Setting next_dagrun for example_bash_operator to 2022-12-30T00:00:00+00:00, run_after=2022-12-31T00:00:00+00:00
[2022-12-31T21:08:01.292+0100] {processor.py:175} INFO - Processing /Library/Frameworks/Python.framework/Versions/3.11/lib/python3.11/site-packages/airflow/example_dags/example_bash_operator.py took 0.515 seconds
[2022-12-31 20:08:46,202] {scheduler_job.py:182} INFO - Started process (PID=100) to work on /home/airflow/.local/lib/python3.6/site-packages/airflow/example_dags/example_bash_operator.py
[2022-12-31 20:08:46,218] {scheduler_job.py:629} INFO - Processing file /home/airflow/.local/lib/python3.6/site-packages/airflow/example_dags/example_bash_operator.py for tasks to queue
[2022-12-31 20:08:46,231] {logging_mixin.py:104} INFO - [2022-12-31 20:08:46,231] {dagbag.py:451} INFO - Filling up the DagBag from /home/airflow/.local/lib/python3.6/site-packages/airflow/example_dags/example_bash_operator.py
[2022-12-31 20:08:46,518] {scheduler_job.py:639} INFO - DAG(s) dict_keys(['example_bash_operator']) retrieved from /home/airflow/.local/lib/python3.6/site-packages/airflow/example_dags/example_bash_operator.py
[2022-12-31 20:08:46,716] {logging_mixin.py:104} INFO - [2022-12-31 20:08:46,715] {dag.py:1824} INFO - Sync 1 DAGs
[2022-12-31 20:08:46,868] {logging_mixin.py:104} INFO - [2022-12-31 20:08:46,867] {dag.py:2280} INFO - Setting next_dagrun for example_bash_operator to 2022-12-29 00:00:00+00:00
[2022-12-31 20:08:47,230] {scheduler_job.py:190} INFO - Processing /home/airflow/.local/lib/python3.6/site-packages/airflow/example_dags/example_bash_operator.py took 1.074 seconds
[2022-12-31 20:09:17,913] {scheduler_job.py:182} INFO - Started process (PID=156) to work on /home/airflow/.local/lib/python3.6/site-packages/airflow/example_dags/example_bash_operator.py
[2022-12-31 20:09:17,941] {scheduler_job.py:629} INFO - Processing file /home/airflow/.local/lib/python3.6/site-packages/airflow/example_dags/example_bash_operator.py for tasks to queue
[2022-12-31 20:09:17,946] {logging_mixin.py:104} INFO - [2022-12-31 20:09:17,945] {dagbag.py:451} INFO - Filling up the DagBag from /home/airflow/.local/lib/python3.6/site-packages/airflow/example_dags/example_bash_operator.py
[2022-12-31 20:09:18,030] {scheduler_job.py:639} INFO - DAG(s) dict_keys(['example_bash_operator']) retrieved from /home/airflow/.local/lib/python3.6/site-packages/airflow/example_dags/example_bash_operator.py
[2022-12-31 20:09:18,101] {logging_mixin.py:104} INFO - [2022-12-31 20:09:18,101] {dag.py:1824} INFO - Sync 1 DAGs
[2022-12-31 20:09:18,311] {logging_mixin.py:104} INFO - [2022-12-31 20:09:18,309] {dag.py:2280} INFO - Setting next_dagrun for example_bash_operator to 2022-12-29 00:00:00+00:00
[2022-12-31 20:09:18,372] {scheduler_job.py:190} INFO - Processing /home/airflow/.local/lib/python3.6/site-packages/airflow/example_dags/example_bash_operator.py took 0.473 seconds
[2022-12-31T21:10:04.546+0100] {processor.py:153} INFO - Started process (PID=95177) to work on /Library/Frameworks/Python.framework/Versions/3.11/lib/python3.11/site-packages/airflow/example_dags/example_bash_operator.py
[2022-12-31T21:10:04.553+0100] {processor.py:743} INFO - Processing file /Library/Frameworks/Python.framework/Versions/3.11/lib/python3.11/site-packages/airflow/example_dags/example_bash_operator.py for tasks to queue
[2022-12-31T21:10:04.553+0100] {logging_mixin.py:137} INFO - [2022-12-31T21:10:04.553+0100] {dagbag.py:538} INFO - Filling up the DagBag from /Library/Frameworks/Python.framework/Versions/3.11/lib/python3.11/site-packages/airflow/example_dags/example_bash_operator.py
[2022-12-31T21:10:04.587+0100] {processor.py:753} INFO - DAG(s) dict_keys(['example_bash_operator']) retrieved from /Library/Frameworks/Python.framework/Versions/3.11/lib/python3.11/site-packages/airflow/example_dags/example_bash_operator.py
[2022-12-31T21:10:05.026+0100] {logging_mixin.py:137} INFO - [2022-12-31T21:10:05.025+0100] {dag.py:2676} INFO - Sync 1 DAGs
[2022-12-31T21:10:05.032+0100] {logging_mixin.py:137} INFO - [2022-12-31T21:10:05.032+0100] {dag.py:3423} INFO - Setting next_dagrun for example_bash_operator to 2022-12-30T00:00:00+00:00, run_after=2022-12-31T00:00:00+00:00
[2022-12-31T21:10:05.038+0100] {processor.py:175} INFO - Processing /Library/Frameworks/Python.framework/Versions/3.11/lib/python3.11/site-packages/airflow/example_dags/example_bash_operator.py took 0.493 seconds
[2022-12-31T21:12:07.094+0100] {processor.py:153} INFO - Started process (PID=95493) to work on /Library/Frameworks/Python.framework/Versions/3.11/lib/python3.11/site-packages/airflow/example_dags/example_bash_operator.py
[2022-12-31T21:12:07.097+0100] {processor.py:743} INFO - Processing file /Library/Frameworks/Python.framework/Versions/3.11/lib/python3.11/site-packages/airflow/example_dags/example_bash_operator.py for tasks to queue
[2022-12-31T21:12:07.097+0100] {logging_mixin.py:137} INFO - [2022-12-31T21:12:07.097+0100] {dagbag.py:538} INFO - Filling up the DagBag from /Library/Frameworks/Python.framework/Versions/3.11/lib/python3.11/site-packages/airflow/example_dags/example_bash_operator.py
[2022-12-31T21:12:07.135+0100] {processor.py:753} INFO - DAG(s) dict_keys(['example_bash_operator']) retrieved from /Library/Frameworks/Python.framework/Versions/3.11/lib/python3.11/site-packages/airflow/example_dags/example_bash_operator.py
[2022-12-31T21:12:07.627+0100] {logging_mixin.py:137} INFO - [2022-12-31T21:12:07.626+0100] {dag.py:2676} INFO - Sync 1 DAGs
[2022-12-31T21:12:07.633+0100] {logging_mixin.py:137} INFO - [2022-12-31T21:12:07.633+0100] {dag.py:3423} INFO - Setting next_dagrun for example_bash_operator to 2022-12-30T00:00:00+00:00, run_after=2022-12-31T00:00:00+00:00
[2022-12-31T21:12:07.640+0100] {processor.py:175} INFO - Processing /Library/Frameworks/Python.framework/Versions/3.11/lib/python3.11/site-packages/airflow/example_dags/example_bash_operator.py took 0.547 seconds
[2022-12-31T21:14:17.625+0100] {processor.py:153} INFO - Started process (PID=95782) to work on /Library/Frameworks/Python.framework/Versions/3.11/lib/python3.11/site-packages/airflow/example_dags/example_bash_operator.py
[2022-12-31T21:14:17.628+0100] {processor.py:743} INFO - Processing file /Library/Frameworks/Python.framework/Versions/3.11/lib/python3.11/site-packages/airflow/example_dags/example_bash_operator.py for tasks to queue
[2022-12-31T21:14:17.628+0100] {logging_mixin.py:137} INFO - [2022-12-31T21:14:17.628+0100] {dagbag.py:538} INFO - Filling up the DagBag from /Library/Frameworks/Python.framework/Versions/3.11/lib/python3.11/site-packages/airflow/example_dags/example_bash_operator.py
[2022-12-31T21:14:17.667+0100] {processor.py:753} INFO - DAG(s) dict_keys(['example_bash_operator']) retrieved from /Library/Frameworks/Python.framework/Versions/3.11/lib/python3.11/site-packages/airflow/example_dags/example_bash_operator.py
[2022-12-31T21:14:18.089+0100] {logging_mixin.py:137} INFO - [2022-12-31T21:14:18.088+0100] {dag.py:2676} INFO - Sync 1 DAGs
[2022-12-31T21:14:18.095+0100] {logging_mixin.py:137} INFO - [2022-12-31T21:14:18.095+0100] {dag.py:3423} INFO - Setting next_dagrun for example_bash_operator to 2022-12-30T00:00:00+00:00, run_after=2022-12-31T00:00:00+00:00
[2022-12-31T21:14:18.101+0100] {processor.py:175} INFO - Processing /Library/Frameworks/Python.framework/Versions/3.11/lib/python3.11/site-packages/airflow/example_dags/example_bash_operator.py took 0.476 seconds
[2022-12-31T21:16:11.943+0100] {processor.py:153} INFO - Started process (PID=96062) to work on /Library/Frameworks/Python.framework/Versions/3.11/lib/python3.11/site-packages/airflow/example_dags/example_bash_operator.py
[2022-12-31T21:16:11.945+0100] {processor.py:743} INFO - Processing file /Library/Frameworks/Python.framework/Versions/3.11/lib/python3.11/site-packages/airflow/example_dags/example_bash_operator.py for tasks to queue
[2022-12-31T21:16:11.945+0100] {logging_mixin.py:137} INFO - [2022-12-31T21:16:11.945+0100] {dagbag.py:538} INFO - Filling up the DagBag from /Library/Frameworks/Python.framework/Versions/3.11/lib/python3.11/site-packages/airflow/example_dags/example_bash_operator.py
[2022-12-31T21:16:11.996+0100] {processor.py:753} INFO - DAG(s) dict_keys(['example_bash_operator']) retrieved from /Library/Frameworks/Python.framework/Versions/3.11/lib/python3.11/site-packages/airflow/example_dags/example_bash_operator.py
[2022-12-31T21:16:12.445+0100] {logging_mixin.py:137} INFO - [2022-12-31T21:16:12.444+0100] {dag.py:2676} INFO - Sync 1 DAGs
[2022-12-31T21:16:12.451+0100] {logging_mixin.py:137} INFO - [2022-12-31T21:16:12.451+0100] {dag.py:3423} INFO - Setting next_dagrun for example_bash_operator to 2022-12-30T00:00:00+00:00, run_after=2022-12-31T00:00:00+00:00
[2022-12-31T21:16:12.457+0100] {processor.py:175} INFO - Processing /Library/Frameworks/Python.framework/Versions/3.11/lib/python3.11/site-packages/airflow/example_dags/example_bash_operator.py took 0.515 seconds
[2022-12-31T21:17:56.899+0100] {processor.py:153} INFO - Started process (PID=96213) to work on /Library/Frameworks/Python.framework/Versions/3.11/lib/python3.11/site-packages/airflow/example_dags/example_bash_operator.py
[2022-12-31T21:17:56.904+0100] {processor.py:743} INFO - Processing file /Library/Frameworks/Python.framework/Versions/3.11/lib/python3.11/site-packages/airflow/example_dags/example_bash_operator.py for tasks to queue
[2022-12-31T21:17:56.904+0100] {logging_mixin.py:137} INFO - [2022-12-31T21:17:56.904+0100] {dagbag.py:538} INFO - Filling up the DagBag from /Library/Frameworks/Python.framework/Versions/3.11/lib/python3.11/site-packages/airflow/example_dags/example_bash_operator.py
[2022-12-31T21:17:56.926+0100] {processor.py:753} INFO - DAG(s) dict_keys(['example_bash_operator']) retrieved from /Library/Frameworks/Python.framework/Versions/3.11/lib/python3.11/site-packages/airflow/example_dags/example_bash_operator.py
[2022-12-31T21:17:57.332+0100] {logging_mixin.py:137} INFO - [2022-12-31T21:17:57.332+0100] {dag.py:2676} INFO - Sync 1 DAGs
[2022-12-31T21:17:57.338+0100] {logging_mixin.py:137} INFO - [2022-12-31T21:17:57.338+0100] {dag.py:3423} INFO - Setting next_dagrun for example_bash_operator to 2022-12-30T00:00:00+00:00, run_after=2022-12-31T00:00:00+00:00
[2022-12-31T21:17:57.344+0100] {processor.py:175} INFO - Processing /Library/Frameworks/Python.framework/Versions/3.11/lib/python3.11/site-packages/airflow/example_dags/example_bash_operator.py took 0.446 seconds
[2022-12-31T21:19:55.665+0100] {processor.py:153} INFO - Started process (PID=96517) to work on /Library/Frameworks/Python.framework/Versions/3.11/lib/python3.11/site-packages/airflow/example_dags/example_bash_operator.py
[2022-12-31T21:19:55.669+0100] {processor.py:743} INFO - Processing file /Library/Frameworks/Python.framework/Versions/3.11/lib/python3.11/site-packages/airflow/example_dags/example_bash_operator.py for tasks to queue
[2022-12-31T21:19:55.669+0100] {logging_mixin.py:137} INFO - [2022-12-31T21:19:55.669+0100] {dagbag.py:538} INFO - Filling up the DagBag from /Library/Frameworks/Python.framework/Versions/3.11/lib/python3.11/site-packages/airflow/example_dags/example_bash_operator.py
[2022-12-31T21:19:55.705+0100] {processor.py:753} INFO - DAG(s) dict_keys(['example_bash_operator']) retrieved from /Library/Frameworks/Python.framework/Versions/3.11/lib/python3.11/site-packages/airflow/example_dags/example_bash_operator.py
[2022-12-31T21:19:56.115+0100] {logging_mixin.py:137} INFO - [2022-12-31T21:19:56.114+0100] {dag.py:2676} INFO - Sync 1 DAGs
[2022-12-31T21:19:56.121+0100] {logging_mixin.py:137} INFO - [2022-12-31T21:19:56.121+0100] {dag.py:3423} INFO - Setting next_dagrun for example_bash_operator to 2022-12-30T00:00:00+00:00, run_after=2022-12-31T00:00:00+00:00
[2022-12-31T21:19:56.129+0100] {processor.py:175} INFO - Processing /Library/Frameworks/Python.framework/Versions/3.11/lib/python3.11/site-packages/airflow/example_dags/example_bash_operator.py took 0.467 seconds
[2022-12-31T21:21:53.045+0100] {processor.py:153} INFO - Started process (PID=96715) to work on /Library/Frameworks/Python.framework/Versions/3.11/lib/python3.11/site-packages/airflow/example_dags/example_bash_operator.py
[2022-12-31T21:21:53.051+0100] {processor.py:743} INFO - Processing file /Library/Frameworks/Python.framework/Versions/3.11/lib/python3.11/site-packages/airflow/example_dags/example_bash_operator.py for tasks to queue
[2022-12-31T21:21:53.051+0100] {logging_mixin.py:137} INFO - [2022-12-31T21:21:53.051+0100] {dagbag.py:538} INFO - Filling up the DagBag from /Library/Frameworks/Python.framework/Versions/3.11/lib/python3.11/site-packages/airflow/example_dags/example_bash_operator.py
[2022-12-31T21:21:53.085+0100] {processor.py:753} INFO - DAG(s) dict_keys(['example_bash_operator']) retrieved from /Library/Frameworks/Python.framework/Versions/3.11/lib/python3.11/site-packages/airflow/example_dags/example_bash_operator.py
[2022-12-31T21:21:53.565+0100] {logging_mixin.py:137} INFO - [2022-12-31T21:21:53.564+0100] {dag.py:2676} INFO - Sync 1 DAGs
[2022-12-31T21:21:53.571+0100] {logging_mixin.py:137} INFO - [2022-12-31T21:21:53.571+0100] {dag.py:3423} INFO - Setting next_dagrun for example_bash_operator to 2022-12-30T00:00:00+00:00, run_after=2022-12-31T00:00:00+00:00
[2022-12-31T21:21:53.577+0100] {processor.py:175} INFO - Processing /Library/Frameworks/Python.framework/Versions/3.11/lib/python3.11/site-packages/airflow/example_dags/example_bash_operator.py took 0.532 seconds
[2022-12-31T21:23:49.566+0100] {processor.py:153} INFO - Started process (PID=96878) to work on /Library/Frameworks/Python.framework/Versions/3.11/lib/python3.11/site-packages/airflow/example_dags/example_bash_operator.py
[2022-12-31T21:23:49.575+0100] {processor.py:743} INFO - Processing file /Library/Frameworks/Python.framework/Versions/3.11/lib/python3.11/site-packages/airflow/example_dags/example_bash_operator.py for tasks to queue
[2022-12-31T21:23:49.575+0100] {logging_mixin.py:137} INFO - [2022-12-31T21:23:49.575+0100] {dagbag.py:538} INFO - Filling up the DagBag from /Library/Frameworks/Python.framework/Versions/3.11/lib/python3.11/site-packages/airflow/example_dags/example_bash_operator.py
[2022-12-31T21:23:49.612+0100] {processor.py:753} INFO - DAG(s) dict_keys(['example_bash_operator']) retrieved from /Library/Frameworks/Python.framework/Versions/3.11/lib/python3.11/site-packages/airflow/example_dags/example_bash_operator.py
[2022-12-31T21:23:50.115+0100] {logging_mixin.py:137} INFO - [2022-12-31T21:23:50.115+0100] {dag.py:2676} INFO - Sync 1 DAGs
[2022-12-31T21:23:50.123+0100] {logging_mixin.py:137} INFO - [2022-12-31T21:23:50.123+0100] {dag.py:3423} INFO - Setting next_dagrun for example_bash_operator to 2022-12-30T00:00:00+00:00, run_after=2022-12-31T00:00:00+00:00
[2022-12-31T21:23:50.131+0100] {processor.py:175} INFO - Processing /Library/Frameworks/Python.framework/Versions/3.11/lib/python3.11/site-packages/airflow/example_dags/example_bash_operator.py took 0.566 seconds
[2022-12-31T21:25:42.211+0100] {processor.py:153} INFO - Started process (PID=97097) to work on /Library/Frameworks/Python.framework/Versions/3.11/lib/python3.11/site-packages/airflow/example_dags/example_bash_operator.py
[2022-12-31T21:25:42.228+0100] {processor.py:743} INFO - Processing file /Library/Frameworks/Python.framework/Versions/3.11/lib/python3.11/site-packages/airflow/example_dags/example_bash_operator.py for tasks to queue
[2022-12-31T21:25:42.228+0100] {logging_mixin.py:137} INFO - [2022-12-31T21:25:42.228+0100] {dagbag.py:538} INFO - Filling up the DagBag from /Library/Frameworks/Python.framework/Versions/3.11/lib/python3.11/site-packages/airflow/example_dags/example_bash_operator.py
[2022-12-31T21:25:42.251+0100] {processor.py:753} INFO - DAG(s) dict_keys(['example_bash_operator']) retrieved from /Library/Frameworks/Python.framework/Versions/3.11/lib/python3.11/site-packages/airflow/example_dags/example_bash_operator.py
[2022-12-31T21:25:42.799+0100] {logging_mixin.py:137} INFO - [2022-12-31T21:25:42.798+0100] {dag.py:2676} INFO - Sync 1 DAGs
[2022-12-31T21:25:42.805+0100] {logging_mixin.py:137} INFO - [2022-12-31T21:25:42.805+0100] {dag.py:3423} INFO - Setting next_dagrun for example_bash_operator to 2022-12-30T00:00:00+00:00, run_after=2022-12-31T00:00:00+00:00
[2022-12-31T21:25:42.811+0100] {processor.py:175} INFO - Processing /Library/Frameworks/Python.framework/Versions/3.11/lib/python3.11/site-packages/airflow/example_dags/example_bash_operator.py took 0.601 seconds
[2022-12-31T21:27:39.499+0100] {processor.py:153} INFO - Started process (PID=97349) to work on /Library/Frameworks/Python.framework/Versions/3.11/lib/python3.11/site-packages/airflow/example_dags/example_bash_operator.py
[2022-12-31T21:27:39.503+0100] {processor.py:743} INFO - Processing file /Library/Frameworks/Python.framework/Versions/3.11/lib/python3.11/site-packages/airflow/example_dags/example_bash_operator.py for tasks to queue
[2022-12-31T21:27:39.503+0100] {logging_mixin.py:137} INFO - [2022-12-31T21:27:39.503+0100] {dagbag.py:538} INFO - Filling up the DagBag from /Library/Frameworks/Python.framework/Versions/3.11/lib/python3.11/site-packages/airflow/example_dags/example_bash_operator.py
[2022-12-31T21:27:39.554+0100] {processor.py:753} INFO - DAG(s) dict_keys(['example_bash_operator']) retrieved from /Library/Frameworks/Python.framework/Versions/3.11/lib/python3.11/site-packages/airflow/example_dags/example_bash_operator.py
[2022-12-31T21:27:39.957+0100] {logging_mixin.py:137} INFO - [2022-12-31T21:27:39.956+0100] {dag.py:2676} INFO - Sync 1 DAGs
[2022-12-31T21:27:39.963+0100] {logging_mixin.py:137} INFO - [2022-12-31T21:27:39.963+0100] {dag.py:3423} INFO - Setting next_dagrun for example_bash_operator to 2022-12-30T00:00:00+00:00, run_after=2022-12-31T00:00:00+00:00
[2022-12-31T21:27:39.969+0100] {processor.py:175} INFO - Processing /Library/Frameworks/Python.framework/Versions/3.11/lib/python3.11/site-packages/airflow/example_dags/example_bash_operator.py took 0.470 seconds
