[2022-12-31T20:29:01.138+0100] {processor.py:153} INFO - Started process (PID=90141) to work on /Library/Frameworks/Python.framework/Versions/3.11/lib/python3.11/site-packages/airflow/example_dags/example_xcom.py
[2022-12-31T20:29:01.143+0100] {processor.py:743} INFO - Processing file /Library/Frameworks/Python.framework/Versions/3.11/lib/python3.11/site-packages/airflow/example_dags/example_xcom.py for tasks to queue
[2022-12-31T20:29:01.143+0100] {logging_mixin.py:137} INFO - [2022-12-31T20:29:01.143+0100] {dagbag.py:538} INFO - Filling up the DagBag from /Library/Frameworks/Python.framework/Versions/3.11/lib/python3.11/site-packages/airflow/example_dags/example_xcom.py
[2022-12-31T20:29:01.173+0100] {processor.py:753} INFO - DAG(s) dict_keys(['example_xcom']) retrieved from /Library/Frameworks/Python.framework/Versions/3.11/lib/python3.11/site-packages/airflow/example_dags/example_xcom.py
[2022-12-31T20:29:01.616+0100] {logging_mixin.py:137} INFO - [2022-12-31T20:29:01.615+0100] {manager.py:504} INFO - Created Permission View: can read on DAG:example_xcom
[2022-12-31T20:29:01.618+0100] {logging_mixin.py:137} INFO - [2022-12-31T20:29:01.618+0100] {manager.py:504} INFO - Created Permission View: can edit on DAG:example_xcom
[2022-12-31T20:29:01.620+0100] {logging_mixin.py:137} INFO - [2022-12-31T20:29:01.620+0100] {manager.py:504} INFO - Created Permission View: can delete on DAG:example_xcom
[2022-12-31T20:29:01.620+0100] {logging_mixin.py:137} INFO - [2022-12-31T20:29:01.620+0100] {dag.py:2676} INFO - Sync 1 DAGs
[2022-12-31T20:29:01.623+0100] {logging_mixin.py:137} INFO - [2022-12-31T20:29:01.623+0100] {dag.py:2697} INFO - Creating ORM DAG for example_xcom
[2022-12-31T20:29:01.625+0100] {logging_mixin.py:137} INFO - [2022-12-31T20:29:01.625+0100] {dag.py:3423} INFO - Setting next_dagrun for example_xcom to 2021-01-01T00:00:00+00:00, run_after=2021-01-01T00:00:00+00:00
[2022-12-31T20:29:01.631+0100] {processor.py:175} INFO - Processing /Library/Frameworks/Python.framework/Versions/3.11/lib/python3.11/site-packages/airflow/example_dags/example_xcom.py took 0.494 seconds
[2022-12-31T20:30:26.036+0100] {processor.py:153} INFO - Started process (PID=90335) to work on /Library/Frameworks/Python.framework/Versions/3.11/lib/python3.11/site-packages/airflow/example_dags/example_xcom.py
[2022-12-31T20:30:26.040+0100] {processor.py:743} INFO - Processing file /Library/Frameworks/Python.framework/Versions/3.11/lib/python3.11/site-packages/airflow/example_dags/example_xcom.py for tasks to queue
[2022-12-31T20:30:26.040+0100] {logging_mixin.py:137} INFO - [2022-12-31T20:30:26.040+0100] {dagbag.py:538} INFO - Filling up the DagBag from /Library/Frameworks/Python.framework/Versions/3.11/lib/python3.11/site-packages/airflow/example_dags/example_xcom.py
[2022-12-31T20:30:26.075+0100] {processor.py:753} INFO - DAG(s) dict_keys(['example_xcom']) retrieved from /Library/Frameworks/Python.framework/Versions/3.11/lib/python3.11/site-packages/airflow/example_dags/example_xcom.py
[2022-12-31T20:30:26.462+0100] {logging_mixin.py:137} INFO - [2022-12-31T20:30:26.462+0100] {dag.py:2676} INFO - Sync 1 DAGs
[2022-12-31T20:30:26.468+0100] {logging_mixin.py:137} INFO - [2022-12-31T20:30:26.468+0100] {dag.py:3423} INFO - Setting next_dagrun for example_xcom to 2021-01-01T00:00:00+00:00, run_after=2021-01-01T00:00:00+00:00
[2022-12-31T20:30:26.474+0100] {processor.py:175} INFO - Processing /Library/Frameworks/Python.framework/Versions/3.11/lib/python3.11/site-packages/airflow/example_dags/example_xcom.py took 0.439 seconds
[2022-12-31T20:30:53.264+0100] {processor.py:153} INFO - Started process (PID=90370) to work on /Library/Frameworks/Python.framework/Versions/3.11/lib/python3.11/site-packages/airflow/example_dags/example_xcom.py
[2022-12-31T20:30:53.273+0100] {processor.py:743} INFO - Processing file /Library/Frameworks/Python.framework/Versions/3.11/lib/python3.11/site-packages/airflow/example_dags/example_xcom.py for tasks to queue
[2022-12-31T20:30:53.273+0100] {logging_mixin.py:137} INFO - [2022-12-31T20:30:53.273+0100] {dagbag.py:538} INFO - Filling up the DagBag from /Library/Frameworks/Python.framework/Versions/3.11/lib/python3.11/site-packages/airflow/example_dags/example_xcom.py
[2022-12-31T20:30:53.330+0100] {processor.py:753} INFO - DAG(s) dict_keys(['example_xcom']) retrieved from /Library/Frameworks/Python.framework/Versions/3.11/lib/python3.11/site-packages/airflow/example_dags/example_xcom.py
[2022-12-31T20:30:53.709+0100] {logging_mixin.py:137} INFO - [2022-12-31T20:30:53.709+0100] {dag.py:2676} INFO - Sync 1 DAGs
[2022-12-31T20:30:53.715+0100] {logging_mixin.py:137} INFO - [2022-12-31T20:30:53.715+0100] {dag.py:3423} INFO - Setting next_dagrun for example_xcom to 2021-01-01T00:00:00+00:00, run_after=2021-01-01T00:00:00+00:00
[2022-12-31T20:30:53.723+0100] {processor.py:175} INFO - Processing /Library/Frameworks/Python.framework/Versions/3.11/lib/python3.11/site-packages/airflow/example_dags/example_xcom.py took 0.460 seconds
[2022-12-31T20:32:15.254+0100] {processor.py:153} INFO - Started process (PID=90502) to work on /Library/Frameworks/Python.framework/Versions/3.11/lib/python3.11/site-packages/airflow/example_dags/example_xcom.py
[2022-12-31T20:32:15.262+0100] {processor.py:743} INFO - Processing file /Library/Frameworks/Python.framework/Versions/3.11/lib/python3.11/site-packages/airflow/example_dags/example_xcom.py for tasks to queue
[2022-12-31T20:32:15.262+0100] {logging_mixin.py:137} INFO - [2022-12-31T20:32:15.262+0100] {dagbag.py:538} INFO - Filling up the DagBag from /Library/Frameworks/Python.framework/Versions/3.11/lib/python3.11/site-packages/airflow/example_dags/example_xcom.py
[2022-12-31T20:32:15.283+0100] {processor.py:753} INFO - DAG(s) dict_keys(['example_xcom']) retrieved from /Library/Frameworks/Python.framework/Versions/3.11/lib/python3.11/site-packages/airflow/example_dags/example_xcom.py
[2022-12-31T20:32:15.733+0100] {logging_mixin.py:137} INFO - [2022-12-31T20:32:15.733+0100] {dag.py:2676} INFO - Sync 1 DAGs
[2022-12-31T20:32:15.738+0100] {logging_mixin.py:137} INFO - [2022-12-31T20:32:15.738+0100] {dag.py:3423} INFO - Setting next_dagrun for example_xcom to 2021-01-01T00:00:00+00:00, run_after=2021-01-01T00:00:00+00:00
[2022-12-31T20:32:15.746+0100] {processor.py:175} INFO - Processing /Library/Frameworks/Python.framework/Versions/3.11/lib/python3.11/site-packages/airflow/example_dags/example_xcom.py took 0.493 seconds
[2022-12-31T20:33:06.937+0100] {processor.py:153} INFO - Started process (PID=90566) to work on /Library/Frameworks/Python.framework/Versions/3.11/lib/python3.11/site-packages/airflow/example_dags/example_xcom.py
[2022-12-31T20:33:06.942+0100] {processor.py:743} INFO - Processing file /Library/Frameworks/Python.framework/Versions/3.11/lib/python3.11/site-packages/airflow/example_dags/example_xcom.py for tasks to queue
[2022-12-31T20:33:06.942+0100] {logging_mixin.py:137} INFO - [2022-12-31T20:33:06.942+0100] {dagbag.py:538} INFO - Filling up the DagBag from /Library/Frameworks/Python.framework/Versions/3.11/lib/python3.11/site-packages/airflow/example_dags/example_xcom.py
[2022-12-31T20:33:06.962+0100] {processor.py:753} INFO - DAG(s) dict_keys(['example_xcom']) retrieved from /Library/Frameworks/Python.framework/Versions/3.11/lib/python3.11/site-packages/airflow/example_dags/example_xcom.py
[2022-12-31T20:33:07.363+0100] {logging_mixin.py:137} INFO - [2022-12-31T20:33:07.363+0100] {dag.py:2676} INFO - Sync 1 DAGs
[2022-12-31T20:33:07.369+0100] {logging_mixin.py:137} INFO - [2022-12-31T20:33:07.368+0100] {dag.py:3423} INFO - Setting next_dagrun for example_xcom to 2021-01-01T00:00:00+00:00, run_after=2021-01-01T00:00:00+00:00
[2022-12-31T20:33:07.376+0100] {processor.py:175} INFO - Processing /Library/Frameworks/Python.framework/Versions/3.11/lib/python3.11/site-packages/airflow/example_dags/example_xcom.py took 0.439 seconds
[2022-12-31T20:34:01.584+0100] {processor.py:153} INFO - Started process (PID=90642) to work on /Library/Frameworks/Python.framework/Versions/3.11/lib/python3.11/site-packages/airflow/example_dags/example_xcom.py
[2022-12-31T20:34:01.586+0100] {processor.py:743} INFO - Processing file /Library/Frameworks/Python.framework/Versions/3.11/lib/python3.11/site-packages/airflow/example_dags/example_xcom.py for tasks to queue
[2022-12-31T20:34:01.586+0100] {logging_mixin.py:137} INFO - [2022-12-31T20:34:01.586+0100] {dagbag.py:538} INFO - Filling up the DagBag from /Library/Frameworks/Python.framework/Versions/3.11/lib/python3.11/site-packages/airflow/example_dags/example_xcom.py
[2022-12-31T20:34:01.614+0100] {processor.py:753} INFO - DAG(s) dict_keys(['example_xcom']) retrieved from /Library/Frameworks/Python.framework/Versions/3.11/lib/python3.11/site-packages/airflow/example_dags/example_xcom.py
[2022-12-31T20:34:02.017+0100] {logging_mixin.py:137} INFO - [2022-12-31T20:34:02.017+0100] {dag.py:2676} INFO - Sync 1 DAGs
[2022-12-31T20:34:02.022+0100] {logging_mixin.py:137} INFO - [2022-12-31T20:34:02.022+0100] {dag.py:3423} INFO - Setting next_dagrun for example_xcom to 2021-01-01T00:00:00+00:00, run_after=2021-01-01T00:00:00+00:00
[2022-12-31T20:34:02.030+0100] {processor.py:175} INFO - Processing /Library/Frameworks/Python.framework/Versions/3.11/lib/python3.11/site-packages/airflow/example_dags/example_xcom.py took 0.446 seconds
[2022-12-31T20:34:54.655+0100] {processor.py:153} INFO - Started process (PID=90727) to work on /Library/Frameworks/Python.framework/Versions/3.11/lib/python3.11/site-packages/airflow/example_dags/example_xcom.py
[2022-12-31T20:34:54.660+0100] {processor.py:743} INFO - Processing file /Library/Frameworks/Python.framework/Versions/3.11/lib/python3.11/site-packages/airflow/example_dags/example_xcom.py for tasks to queue
[2022-12-31T20:34:54.661+0100] {logging_mixin.py:137} INFO - [2022-12-31T20:34:54.661+0100] {dagbag.py:538} INFO - Filling up the DagBag from /Library/Frameworks/Python.framework/Versions/3.11/lib/python3.11/site-packages/airflow/example_dags/example_xcom.py
[2022-12-31T20:34:54.687+0100] {processor.py:753} INFO - DAG(s) dict_keys(['example_xcom']) retrieved from /Library/Frameworks/Python.framework/Versions/3.11/lib/python3.11/site-packages/airflow/example_dags/example_xcom.py
[2022-12-31T20:34:55.121+0100] {logging_mixin.py:137} INFO - [2022-12-31T20:34:55.121+0100] {dag.py:2676} INFO - Sync 1 DAGs
[2022-12-31T20:34:55.127+0100] {logging_mixin.py:137} INFO - [2022-12-31T20:34:55.127+0100] {dag.py:3423} INFO - Setting next_dagrun for example_xcom to 2021-01-01T00:00:00+00:00, run_after=2021-01-01T00:00:00+00:00
[2022-12-31T20:34:55.138+0100] {processor.py:175} INFO - Processing /Library/Frameworks/Python.framework/Versions/3.11/lib/python3.11/site-packages/airflow/example_dags/example_xcom.py took 0.483 seconds
[2022-12-31T20:35:35.890+0100] {processor.py:153} INFO - Started process (PID=90787) to work on /Library/Frameworks/Python.framework/Versions/3.11/lib/python3.11/site-packages/airflow/example_dags/example_xcom.py
[2022-12-31T20:35:35.896+0100] {processor.py:743} INFO - Processing file /Library/Frameworks/Python.framework/Versions/3.11/lib/python3.11/site-packages/airflow/example_dags/example_xcom.py for tasks to queue
[2022-12-31T20:35:35.896+0100] {logging_mixin.py:137} INFO - [2022-12-31T20:35:35.896+0100] {dagbag.py:538} INFO - Filling up the DagBag from /Library/Frameworks/Python.framework/Versions/3.11/lib/python3.11/site-packages/airflow/example_dags/example_xcom.py
[2022-12-31T20:35:35.921+0100] {processor.py:753} INFO - DAG(s) dict_keys(['example_xcom']) retrieved from /Library/Frameworks/Python.framework/Versions/3.11/lib/python3.11/site-packages/airflow/example_dags/example_xcom.py
[2022-12-31T20:35:36.332+0100] {logging_mixin.py:137} INFO - [2022-12-31T20:35:36.332+0100] {dag.py:2676} INFO - Sync 1 DAGs
[2022-12-31T20:35:36.337+0100] {logging_mixin.py:137} INFO - [2022-12-31T20:35:36.337+0100] {dag.py:3423} INFO - Setting next_dagrun for example_xcom to 2021-01-01T00:00:00+00:00, run_after=2021-01-01T00:00:00+00:00
[2022-12-31T20:35:36.344+0100] {processor.py:175} INFO - Processing /Library/Frameworks/Python.framework/Versions/3.11/lib/python3.11/site-packages/airflow/example_dags/example_xcom.py took 0.455 seconds
[2022-12-31T20:36:59.593+0100] {processor.py:153} INFO - Started process (PID=90909) to work on /Library/Frameworks/Python.framework/Versions/3.11/lib/python3.11/site-packages/airflow/example_dags/example_xcom.py
[2022-12-31T20:36:59.596+0100] {processor.py:743} INFO - Processing file /Library/Frameworks/Python.framework/Versions/3.11/lib/python3.11/site-packages/airflow/example_dags/example_xcom.py for tasks to queue
[2022-12-31T20:36:59.596+0100] {logging_mixin.py:137} INFO - [2022-12-31T20:36:59.596+0100] {dagbag.py:538} INFO - Filling up the DagBag from /Library/Frameworks/Python.framework/Versions/3.11/lib/python3.11/site-packages/airflow/example_dags/example_xcom.py
[2022-12-31T20:36:59.616+0100] {processor.py:753} INFO - DAG(s) dict_keys(['example_xcom']) retrieved from /Library/Frameworks/Python.framework/Versions/3.11/lib/python3.11/site-packages/airflow/example_dags/example_xcom.py
[2022-12-31T20:37:00.043+0100] {logging_mixin.py:137} INFO - [2022-12-31T20:37:00.043+0100] {dag.py:2676} INFO - Sync 1 DAGs
[2022-12-31T20:37:00.048+0100] {logging_mixin.py:137} INFO - [2022-12-31T20:37:00.048+0100] {dag.py:3423} INFO - Setting next_dagrun for example_xcom to 2021-01-01T00:00:00+00:00, run_after=2021-01-01T00:00:00+00:00
[2022-12-31T20:37:00.056+0100] {processor.py:175} INFO - Processing /Library/Frameworks/Python.framework/Versions/3.11/lib/python3.11/site-packages/airflow/example_dags/example_xcom.py took 0.463 seconds
[2022-12-31T20:37:50.821+0100] {processor.py:153} INFO - Started process (PID=90976) to work on /Library/Frameworks/Python.framework/Versions/3.11/lib/python3.11/site-packages/airflow/example_dags/example_xcom.py
[2022-12-31T20:37:50.827+0100] {processor.py:743} INFO - Processing file /Library/Frameworks/Python.framework/Versions/3.11/lib/python3.11/site-packages/airflow/example_dags/example_xcom.py for tasks to queue
[2022-12-31T20:37:50.827+0100] {logging_mixin.py:137} INFO - [2022-12-31T20:37:50.827+0100] {dagbag.py:538} INFO - Filling up the DagBag from /Library/Frameworks/Python.framework/Versions/3.11/lib/python3.11/site-packages/airflow/example_dags/example_xcom.py
[2022-12-31T20:37:50.847+0100] {processor.py:753} INFO - DAG(s) dict_keys(['example_xcom']) retrieved from /Library/Frameworks/Python.framework/Versions/3.11/lib/python3.11/site-packages/airflow/example_dags/example_xcom.py
[2022-12-31T20:37:51.253+0100] {logging_mixin.py:137} INFO - [2022-12-31T20:37:51.253+0100] {dag.py:2676} INFO - Sync 1 DAGs
[2022-12-31T20:37:51.258+0100] {logging_mixin.py:137} INFO - [2022-12-31T20:37:51.258+0100] {dag.py:3423} INFO - Setting next_dagrun for example_xcom to 2021-01-01T00:00:00+00:00, run_after=2021-01-01T00:00:00+00:00
[2022-12-31T20:37:51.266+0100] {processor.py:175} INFO - Processing /Library/Frameworks/Python.framework/Versions/3.11/lib/python3.11/site-packages/airflow/example_dags/example_xcom.py took 0.446 seconds
[2022-12-31T20:38:39.005+0100] {processor.py:153} INFO - Started process (PID=91038) to work on /Library/Frameworks/Python.framework/Versions/3.11/lib/python3.11/site-packages/airflow/example_dags/example_xcom.py
[2022-12-31T20:38:39.011+0100] {processor.py:743} INFO - Processing file /Library/Frameworks/Python.framework/Versions/3.11/lib/python3.11/site-packages/airflow/example_dags/example_xcom.py for tasks to queue
[2022-12-31T20:38:39.011+0100] {logging_mixin.py:137} INFO - [2022-12-31T20:38:39.011+0100] {dagbag.py:538} INFO - Filling up the DagBag from /Library/Frameworks/Python.framework/Versions/3.11/lib/python3.11/site-packages/airflow/example_dags/example_xcom.py
[2022-12-31T20:38:39.030+0100] {processor.py:753} INFO - DAG(s) dict_keys(['example_xcom']) retrieved from /Library/Frameworks/Python.framework/Versions/3.11/lib/python3.11/site-packages/airflow/example_dags/example_xcom.py
[2022-12-31T20:38:39.432+0100] {logging_mixin.py:137} INFO - [2022-12-31T20:38:39.432+0100] {dag.py:2676} INFO - Sync 1 DAGs
[2022-12-31T20:38:39.437+0100] {logging_mixin.py:137} INFO - [2022-12-31T20:38:39.437+0100] {dag.py:3423} INFO - Setting next_dagrun for example_xcom to 2021-01-01T00:00:00+00:00, run_after=2021-01-01T00:00:00+00:00
[2022-12-31T20:38:39.444+0100] {processor.py:175} INFO - Processing /Library/Frameworks/Python.framework/Versions/3.11/lib/python3.11/site-packages/airflow/example_dags/example_xcom.py took 0.440 seconds
[2022-12-31T20:39:32.505+0100] {processor.py:153} INFO - Started process (PID=91149) to work on /Library/Frameworks/Python.framework/Versions/3.11/lib/python3.11/site-packages/airflow/example_dags/example_xcom.py
[2022-12-31T20:39:32.510+0100] {processor.py:743} INFO - Processing file /Library/Frameworks/Python.framework/Versions/3.11/lib/python3.11/site-packages/airflow/example_dags/example_xcom.py for tasks to queue
[2022-12-31T20:39:32.510+0100] {logging_mixin.py:137} INFO - [2022-12-31T20:39:32.510+0100] {dagbag.py:538} INFO - Filling up the DagBag from /Library/Frameworks/Python.framework/Versions/3.11/lib/python3.11/site-packages/airflow/example_dags/example_xcom.py
[2022-12-31T20:39:32.535+0100] {processor.py:753} INFO - DAG(s) dict_keys(['example_xcom']) retrieved from /Library/Frameworks/Python.framework/Versions/3.11/lib/python3.11/site-packages/airflow/example_dags/example_xcom.py
[2022-12-31T20:39:32.957+0100] {logging_mixin.py:137} INFO - [2022-12-31T20:39:32.957+0100] {dag.py:2676} INFO - Sync 1 DAGs
[2022-12-31T20:39:32.962+0100] {logging_mixin.py:137} INFO - [2022-12-31T20:39:32.962+0100] {dag.py:3423} INFO - Setting next_dagrun for example_xcom to 2021-01-01T00:00:00+00:00, run_after=2021-01-01T00:00:00+00:00
[2022-12-31T20:39:32.969+0100] {processor.py:175} INFO - Processing /Library/Frameworks/Python.framework/Versions/3.11/lib/python3.11/site-packages/airflow/example_dags/example_xcom.py took 0.465 seconds
[2022-12-31T20:40:25.716+0100] {processor.py:153} INFO - Started process (PID=91247) to work on /Library/Frameworks/Python.framework/Versions/3.11/lib/python3.11/site-packages/airflow/example_dags/example_xcom.py
[2022-12-31T20:40:25.718+0100] {processor.py:743} INFO - Processing file /Library/Frameworks/Python.framework/Versions/3.11/lib/python3.11/site-packages/airflow/example_dags/example_xcom.py for tasks to queue
[2022-12-31T20:40:25.718+0100] {logging_mixin.py:137} INFO - [2022-12-31T20:40:25.718+0100] {dagbag.py:538} INFO - Filling up the DagBag from /Library/Frameworks/Python.framework/Versions/3.11/lib/python3.11/site-packages/airflow/example_dags/example_xcom.py
[2022-12-31T20:40:25.744+0100] {processor.py:753} INFO - DAG(s) dict_keys(['example_xcom']) retrieved from /Library/Frameworks/Python.framework/Versions/3.11/lib/python3.11/site-packages/airflow/example_dags/example_xcom.py
[2022-12-31T20:40:26.222+0100] {logging_mixin.py:137} INFO - [2022-12-31T20:40:26.222+0100] {dag.py:2676} INFO - Sync 1 DAGs
[2022-12-31T20:40:26.229+0100] {logging_mixin.py:137} INFO - [2022-12-31T20:40:26.229+0100] {dag.py:3423} INFO - Setting next_dagrun for example_xcom to 2021-01-01T00:00:00+00:00, run_after=2021-01-01T00:00:00+00:00
[2022-12-31T20:40:26.238+0100] {processor.py:175} INFO - Processing /Library/Frameworks/Python.framework/Versions/3.11/lib/python3.11/site-packages/airflow/example_dags/example_xcom.py took 0.522 seconds
[2022-12-31T20:41:19.455+0100] {processor.py:153} INFO - Started process (PID=91314) to work on /Library/Frameworks/Python.framework/Versions/3.11/lib/python3.11/site-packages/airflow/example_dags/example_xcom.py
[2022-12-31T20:41:19.457+0100] {processor.py:743} INFO - Processing file /Library/Frameworks/Python.framework/Versions/3.11/lib/python3.11/site-packages/airflow/example_dags/example_xcom.py for tasks to queue
[2022-12-31T20:41:19.458+0100] {logging_mixin.py:137} INFO - [2022-12-31T20:41:19.458+0100] {dagbag.py:538} INFO - Filling up the DagBag from /Library/Frameworks/Python.framework/Versions/3.11/lib/python3.11/site-packages/airflow/example_dags/example_xcom.py
[2022-12-31T20:41:19.481+0100] {processor.py:753} INFO - DAG(s) dict_keys(['example_xcom']) retrieved from /Library/Frameworks/Python.framework/Versions/3.11/lib/python3.11/site-packages/airflow/example_dags/example_xcom.py
[2022-12-31T20:41:19.889+0100] {logging_mixin.py:137} INFO - [2022-12-31T20:41:19.889+0100] {dag.py:2676} INFO - Sync 1 DAGs
[2022-12-31T20:41:19.897+0100] {logging_mixin.py:137} INFO - [2022-12-31T20:41:19.897+0100] {dag.py:3423} INFO - Setting next_dagrun for example_xcom to 2021-01-01T00:00:00+00:00, run_after=2021-01-01T00:00:00+00:00
[2022-12-31T20:41:19.903+0100] {processor.py:175} INFO - Processing /Library/Frameworks/Python.framework/Versions/3.11/lib/python3.11/site-packages/airflow/example_dags/example_xcom.py took 0.449 seconds
[2022-12-31T20:42:14.039+0100] {processor.py:153} INFO - Started process (PID=91385) to work on /Library/Frameworks/Python.framework/Versions/3.11/lib/python3.11/site-packages/airflow/example_dags/example_xcom.py
[2022-12-31T20:42:14.044+0100] {processor.py:743} INFO - Processing file /Library/Frameworks/Python.framework/Versions/3.11/lib/python3.11/site-packages/airflow/example_dags/example_xcom.py for tasks to queue
[2022-12-31T20:42:14.044+0100] {logging_mixin.py:137} INFO - [2022-12-31T20:42:14.044+0100] {dagbag.py:538} INFO - Filling up the DagBag from /Library/Frameworks/Python.framework/Versions/3.11/lib/python3.11/site-packages/airflow/example_dags/example_xcom.py
[2022-12-31T20:42:14.068+0100] {processor.py:753} INFO - DAG(s) dict_keys(['example_xcom']) retrieved from /Library/Frameworks/Python.framework/Versions/3.11/lib/python3.11/site-packages/airflow/example_dags/example_xcom.py
[2022-12-31T20:42:14.479+0100] {logging_mixin.py:137} INFO - [2022-12-31T20:42:14.479+0100] {dag.py:2676} INFO - Sync 1 DAGs
[2022-12-31T20:42:14.485+0100] {logging_mixin.py:137} INFO - [2022-12-31T20:42:14.485+0100] {dag.py:3423} INFO - Setting next_dagrun for example_xcom to 2021-01-01T00:00:00+00:00, run_after=2021-01-01T00:00:00+00:00
[2022-12-31T20:42:14.491+0100] {processor.py:175} INFO - Processing /Library/Frameworks/Python.framework/Versions/3.11/lib/python3.11/site-packages/airflow/example_dags/example_xcom.py took 0.453 seconds
[2022-12-31T20:43:06.322+0100] {processor.py:153} INFO - Started process (PID=91502) to work on /Library/Frameworks/Python.framework/Versions/3.11/lib/python3.11/site-packages/airflow/example_dags/example_xcom.py
[2022-12-31T20:43:06.327+0100] {processor.py:743} INFO - Processing file /Library/Frameworks/Python.framework/Versions/3.11/lib/python3.11/site-packages/airflow/example_dags/example_xcom.py for tasks to queue
[2022-12-31T20:43:06.327+0100] {logging_mixin.py:137} INFO - [2022-12-31T20:43:06.327+0100] {dagbag.py:538} INFO - Filling up the DagBag from /Library/Frameworks/Python.framework/Versions/3.11/lib/python3.11/site-packages/airflow/example_dags/example_xcom.py
[2022-12-31T20:43:06.347+0100] {processor.py:753} INFO - DAG(s) dict_keys(['example_xcom']) retrieved from /Library/Frameworks/Python.framework/Versions/3.11/lib/python3.11/site-packages/airflow/example_dags/example_xcom.py
[2022-12-31T20:43:06.752+0100] {logging_mixin.py:137} INFO - [2022-12-31T20:43:06.752+0100] {dag.py:2676} INFO - Sync 1 DAGs
[2022-12-31T20:43:06.757+0100] {logging_mixin.py:137} INFO - [2022-12-31T20:43:06.757+0100] {dag.py:3423} INFO - Setting next_dagrun for example_xcom to 2021-01-01T00:00:00+00:00, run_after=2021-01-01T00:00:00+00:00
[2022-12-31T20:43:06.763+0100] {processor.py:175} INFO - Processing /Library/Frameworks/Python.framework/Versions/3.11/lib/python3.11/site-packages/airflow/example_dags/example_xcom.py took 0.442 seconds
[2022-12-31T20:44:20.921+0100] {processor.py:153} INFO - Started process (PID=91665) to work on /Library/Frameworks/Python.framework/Versions/3.11/lib/python3.11/site-packages/airflow/example_dags/example_xcom.py
[2022-12-31T20:44:20.926+0100] {processor.py:743} INFO - Processing file /Library/Frameworks/Python.framework/Versions/3.11/lib/python3.11/site-packages/airflow/example_dags/example_xcom.py for tasks to queue
[2022-12-31T20:44:20.926+0100] {logging_mixin.py:137} INFO - [2022-12-31T20:44:20.926+0100] {dagbag.py:538} INFO - Filling up the DagBag from /Library/Frameworks/Python.framework/Versions/3.11/lib/python3.11/site-packages/airflow/example_dags/example_xcom.py
[2022-12-31T20:44:20.947+0100] {processor.py:753} INFO - DAG(s) dict_keys(['example_xcom']) retrieved from /Library/Frameworks/Python.framework/Versions/3.11/lib/python3.11/site-packages/airflow/example_dags/example_xcom.py
[2022-12-31T20:44:21.346+0100] {logging_mixin.py:137} INFO - [2022-12-31T20:44:21.345+0100] {dag.py:2676} INFO - Sync 1 DAGs
[2022-12-31T20:44:21.351+0100] {logging_mixin.py:137} INFO - [2022-12-31T20:44:21.351+0100] {dag.py:3423} INFO - Setting next_dagrun for example_xcom to 2021-01-01T00:00:00+00:00, run_after=2021-01-01T00:00:00+00:00
[2022-12-31T20:44:21.357+0100] {processor.py:175} INFO - Processing /Library/Frameworks/Python.framework/Versions/3.11/lib/python3.11/site-packages/airflow/example_dags/example_xcom.py took 0.437 seconds
[2022-12-31T20:46:29.377+0100] {processor.py:153} INFO - Started process (PID=91888) to work on /Library/Frameworks/Python.framework/Versions/3.11/lib/python3.11/site-packages/airflow/example_dags/example_xcom.py
[2022-12-31T20:46:29.382+0100] {processor.py:743} INFO - Processing file /Library/Frameworks/Python.framework/Versions/3.11/lib/python3.11/site-packages/airflow/example_dags/example_xcom.py for tasks to queue
[2022-12-31T20:46:29.382+0100] {logging_mixin.py:137} INFO - [2022-12-31T20:46:29.382+0100] {dagbag.py:538} INFO - Filling up the DagBag from /Library/Frameworks/Python.framework/Versions/3.11/lib/python3.11/site-packages/airflow/example_dags/example_xcom.py
[2022-12-31T20:46:29.403+0100] {processor.py:753} INFO - DAG(s) dict_keys(['example_xcom']) retrieved from /Library/Frameworks/Python.framework/Versions/3.11/lib/python3.11/site-packages/airflow/example_dags/example_xcom.py
[2022-12-31T20:46:29.807+0100] {logging_mixin.py:137} INFO - [2022-12-31T20:46:29.807+0100] {dag.py:2676} INFO - Sync 1 DAGs
[2022-12-31T20:46:29.813+0100] {logging_mixin.py:137} INFO - [2022-12-31T20:46:29.813+0100] {dag.py:3423} INFO - Setting next_dagrun for example_xcom to 2021-01-01T00:00:00+00:00, run_after=2021-01-01T00:00:00+00:00
[2022-12-31T20:46:29.819+0100] {processor.py:175} INFO - Processing /Library/Frameworks/Python.framework/Versions/3.11/lib/python3.11/site-packages/airflow/example_dags/example_xcom.py took 0.442 seconds
[2022-12-31T20:48:30.018+0100] {processor.py:153} INFO - Started process (PID=92121) to work on /Library/Frameworks/Python.framework/Versions/3.11/lib/python3.11/site-packages/airflow/example_dags/example_xcom.py
[2022-12-31T20:48:30.023+0100] {processor.py:743} INFO - Processing file /Library/Frameworks/Python.framework/Versions/3.11/lib/python3.11/site-packages/airflow/example_dags/example_xcom.py for tasks to queue
[2022-12-31T20:48:30.023+0100] {logging_mixin.py:137} INFO - [2022-12-31T20:48:30.023+0100] {dagbag.py:538} INFO - Filling up the DagBag from /Library/Frameworks/Python.framework/Versions/3.11/lib/python3.11/site-packages/airflow/example_dags/example_xcom.py
[2022-12-31T20:48:30.045+0100] {processor.py:753} INFO - DAG(s) dict_keys(['example_xcom']) retrieved from /Library/Frameworks/Python.framework/Versions/3.11/lib/python3.11/site-packages/airflow/example_dags/example_xcom.py
[2022-12-31T20:48:30.445+0100] {logging_mixin.py:137} INFO - [2022-12-31T20:48:30.445+0100] {dag.py:2676} INFO - Sync 1 DAGs
[2022-12-31T20:48:30.451+0100] {logging_mixin.py:137} INFO - [2022-12-31T20:48:30.451+0100] {dag.py:3423} INFO - Setting next_dagrun for example_xcom to 2021-01-01T00:00:00+00:00, run_after=2021-01-01T00:00:00+00:00
[2022-12-31T20:48:30.457+0100] {processor.py:175} INFO - Processing /Library/Frameworks/Python.framework/Versions/3.11/lib/python3.11/site-packages/airflow/example_dags/example_xcom.py took 0.440 seconds
[2022-12-31T20:50:30.838+0100] {processor.py:153} INFO - Started process (PID=92371) to work on /Library/Frameworks/Python.framework/Versions/3.11/lib/python3.11/site-packages/airflow/example_dags/example_xcom.py
[2022-12-31T20:50:30.845+0100] {processor.py:743} INFO - Processing file /Library/Frameworks/Python.framework/Versions/3.11/lib/python3.11/site-packages/airflow/example_dags/example_xcom.py for tasks to queue
[2022-12-31T20:50:30.845+0100] {logging_mixin.py:137} INFO - [2022-12-31T20:50:30.845+0100] {dagbag.py:538} INFO - Filling up the DagBag from /Library/Frameworks/Python.framework/Versions/3.11/lib/python3.11/site-packages/airflow/example_dags/example_xcom.py
[2022-12-31T20:50:30.887+0100] {processor.py:753} INFO - DAG(s) dict_keys(['example_xcom']) retrieved from /Library/Frameworks/Python.framework/Versions/3.11/lib/python3.11/site-packages/airflow/example_dags/example_xcom.py
[2022-12-31T20:50:31.443+0100] {logging_mixin.py:137} INFO - [2022-12-31T20:50:31.443+0100] {dag.py:2676} INFO - Sync 1 DAGs
[2022-12-31T20:50:31.450+0100] {logging_mixin.py:137} INFO - [2022-12-31T20:50:31.450+0100] {dag.py:3423} INFO - Setting next_dagrun for example_xcom to 2021-01-01T00:00:00+00:00, run_after=2021-01-01T00:00:00+00:00
[2022-12-31T20:50:31.458+0100] {processor.py:175} INFO - Processing /Library/Frameworks/Python.framework/Versions/3.11/lib/python3.11/site-packages/airflow/example_dags/example_xcom.py took 0.621 seconds
[2022-12-31T20:52:58.584+0100] {processor.py:153} INFO - Started process (PID=92749) to work on /Library/Frameworks/Python.framework/Versions/3.11/lib/python3.11/site-packages/airflow/example_dags/example_xcom.py
[2022-12-31T20:52:58.587+0100] {processor.py:743} INFO - Processing file /Library/Frameworks/Python.framework/Versions/3.11/lib/python3.11/site-packages/airflow/example_dags/example_xcom.py for tasks to queue
[2022-12-31T20:52:58.587+0100] {logging_mixin.py:137} INFO - [2022-12-31T20:52:58.587+0100] {dagbag.py:538} INFO - Filling up the DagBag from /Library/Frameworks/Python.framework/Versions/3.11/lib/python3.11/site-packages/airflow/example_dags/example_xcom.py
[2022-12-31T20:52:58.623+0100] {processor.py:753} INFO - DAG(s) dict_keys(['example_xcom']) retrieved from /Library/Frameworks/Python.framework/Versions/3.11/lib/python3.11/site-packages/airflow/example_dags/example_xcom.py
[2022-12-31T20:52:59.033+0100] {logging_mixin.py:137} INFO - [2022-12-31T20:52:59.032+0100] {dag.py:2676} INFO - Sync 1 DAGs
[2022-12-31T20:52:59.038+0100] {logging_mixin.py:137} INFO - [2022-12-31T20:52:59.038+0100] {dag.py:3423} INFO - Setting next_dagrun for example_xcom to 2021-01-01T00:00:00+00:00, run_after=2021-01-01T00:00:00+00:00
[2022-12-31T20:52:59.044+0100] {processor.py:175} INFO - Processing /Library/Frameworks/Python.framework/Versions/3.11/lib/python3.11/site-packages/airflow/example_dags/example_xcom.py took 0.463 seconds
[2022-12-31T20:55:07.967+0100] {processor.py:153} INFO - Started process (PID=93129) to work on /Library/Frameworks/Python.framework/Versions/3.11/lib/python3.11/site-packages/airflow/example_dags/example_xcom.py
[2022-12-31T20:55:07.971+0100] {processor.py:743} INFO - Processing file /Library/Frameworks/Python.framework/Versions/3.11/lib/python3.11/site-packages/airflow/example_dags/example_xcom.py for tasks to queue
[2022-12-31T20:55:07.971+0100] {logging_mixin.py:137} INFO - [2022-12-31T20:55:07.971+0100] {dagbag.py:538} INFO - Filling up the DagBag from /Library/Frameworks/Python.framework/Versions/3.11/lib/python3.11/site-packages/airflow/example_dags/example_xcom.py
[2022-12-31T20:55:07.992+0100] {processor.py:753} INFO - DAG(s) dict_keys(['example_xcom']) retrieved from /Library/Frameworks/Python.framework/Versions/3.11/lib/python3.11/site-packages/airflow/example_dags/example_xcom.py
[2022-12-31T20:55:08.602+0100] {logging_mixin.py:137} INFO - [2022-12-31T20:55:08.602+0100] {dag.py:2676} INFO - Sync 1 DAGs
[2022-12-31T20:55:08.612+0100] {logging_mixin.py:137} INFO - [2022-12-31T20:55:08.612+0100] {dag.py:3423} INFO - Setting next_dagrun for example_xcom to 2021-01-01T00:00:00+00:00, run_after=2021-01-01T00:00:00+00:00
[2022-12-31T20:55:08.621+0100] {processor.py:175} INFO - Processing /Library/Frameworks/Python.framework/Versions/3.11/lib/python3.11/site-packages/airflow/example_dags/example_xcom.py took 0.655 seconds
[2022-12-31T20:56:20.150+0100] {processor.py:153} INFO - Started process (PID=93269) to work on /Library/Frameworks/Python.framework/Versions/3.11/lib/python3.11/site-packages/airflow/example_dags/example_xcom.py
[2022-12-31T20:56:20.152+0100] {processor.py:743} INFO - Processing file /Library/Frameworks/Python.framework/Versions/3.11/lib/python3.11/site-packages/airflow/example_dags/example_xcom.py for tasks to queue
[2022-12-31T20:56:20.152+0100] {logging_mixin.py:137} INFO - [2022-12-31T20:56:20.152+0100] {dagbag.py:538} INFO - Filling up the DagBag from /Library/Frameworks/Python.framework/Versions/3.11/lib/python3.11/site-packages/airflow/example_dags/example_xcom.py
[2022-12-31T20:56:20.172+0100] {processor.py:753} INFO - DAG(s) dict_keys(['example_xcom']) retrieved from /Library/Frameworks/Python.framework/Versions/3.11/lib/python3.11/site-packages/airflow/example_dags/example_xcom.py
[2022-12-31T20:56:20.628+0100] {logging_mixin.py:137} INFO - [2022-12-31T20:56:20.627+0100] {dag.py:2676} INFO - Sync 1 DAGs
[2022-12-31T20:56:20.633+0100] {logging_mixin.py:137} INFO - [2022-12-31T20:56:20.633+0100] {dag.py:3423} INFO - Setting next_dagrun for example_xcom to 2021-01-01T00:00:00+00:00, run_after=2021-01-01T00:00:00+00:00
[2022-12-31T20:56:20.640+0100] {processor.py:175} INFO - Processing /Library/Frameworks/Python.framework/Versions/3.11/lib/python3.11/site-packages/airflow/example_dags/example_xcom.py took 0.491 seconds
[2022-12-31T20:57:23.966+0100] {processor.py:153} INFO - Started process (PID=93401) to work on /Library/Frameworks/Python.framework/Versions/3.11/lib/python3.11/site-packages/airflow/example_dags/example_xcom.py
[2022-12-31T20:57:23.970+0100] {processor.py:743} INFO - Processing file /Library/Frameworks/Python.framework/Versions/3.11/lib/python3.11/site-packages/airflow/example_dags/example_xcom.py for tasks to queue
[2022-12-31T20:57:23.970+0100] {logging_mixin.py:137} INFO - [2022-12-31T20:57:23.970+0100] {dagbag.py:538} INFO - Filling up the DagBag from /Library/Frameworks/Python.framework/Versions/3.11/lib/python3.11/site-packages/airflow/example_dags/example_xcom.py
[2022-12-31T20:57:23.990+0100] {processor.py:753} INFO - DAG(s) dict_keys(['example_xcom']) retrieved from /Library/Frameworks/Python.framework/Versions/3.11/lib/python3.11/site-packages/airflow/example_dags/example_xcom.py
[2022-12-31T20:57:24.399+0100] {logging_mixin.py:137} INFO - [2022-12-31T20:57:24.399+0100] {dag.py:2676} INFO - Sync 1 DAGs
[2022-12-31T20:57:24.404+0100] {logging_mixin.py:137} INFO - [2022-12-31T20:57:24.404+0100] {dag.py:3423} INFO - Setting next_dagrun for example_xcom to 2021-01-01T00:00:00+00:00, run_after=2021-01-01T00:00:00+00:00
[2022-12-31T20:57:24.410+0100] {processor.py:175} INFO - Processing /Library/Frameworks/Python.framework/Versions/3.11/lib/python3.11/site-packages/airflow/example_dags/example_xcom.py took 0.445 seconds
[2022-12-31T20:58:22.811+0100] {processor.py:153} INFO - Started process (PID=93511) to work on /Library/Frameworks/Python.framework/Versions/3.11/lib/python3.11/site-packages/airflow/example_dags/example_xcom.py
[2022-12-31T20:58:22.814+0100] {processor.py:743} INFO - Processing file /Library/Frameworks/Python.framework/Versions/3.11/lib/python3.11/site-packages/airflow/example_dags/example_xcom.py for tasks to queue
[2022-12-31T20:58:22.814+0100] {logging_mixin.py:137} INFO - [2022-12-31T20:58:22.814+0100] {dagbag.py:538} INFO - Filling up the DagBag from /Library/Frameworks/Python.framework/Versions/3.11/lib/python3.11/site-packages/airflow/example_dags/example_xcom.py
[2022-12-31T20:58:22.834+0100] {processor.py:753} INFO - DAG(s) dict_keys(['example_xcom']) retrieved from /Library/Frameworks/Python.framework/Versions/3.11/lib/python3.11/site-packages/airflow/example_dags/example_xcom.py
[2022-12-31T20:58:23.262+0100] {logging_mixin.py:137} INFO - [2022-12-31T20:58:23.262+0100] {dag.py:2676} INFO - Sync 1 DAGs
[2022-12-31T20:58:23.267+0100] {logging_mixin.py:137} INFO - [2022-12-31T20:58:23.267+0100] {dag.py:3423} INFO - Setting next_dagrun for example_xcom to 2021-01-01T00:00:00+00:00, run_after=2021-01-01T00:00:00+00:00
[2022-12-31T20:58:23.274+0100] {processor.py:175} INFO - Processing /Library/Frameworks/Python.framework/Versions/3.11/lib/python3.11/site-packages/airflow/example_dags/example_xcom.py took 0.463 seconds
[2022-12-31T20:59:25.099+0100] {processor.py:153} INFO - Started process (PID=93661) to work on /Library/Frameworks/Python.framework/Versions/3.11/lib/python3.11/site-packages/airflow/example_dags/example_xcom.py
[2022-12-31T20:59:25.105+0100] {processor.py:743} INFO - Processing file /Library/Frameworks/Python.framework/Versions/3.11/lib/python3.11/site-packages/airflow/example_dags/example_xcom.py for tasks to queue
[2022-12-31T20:59:25.105+0100] {logging_mixin.py:137} INFO - [2022-12-31T20:59:25.105+0100] {dagbag.py:538} INFO - Filling up the DagBag from /Library/Frameworks/Python.framework/Versions/3.11/lib/python3.11/site-packages/airflow/example_dags/example_xcom.py
[2022-12-31T20:59:25.159+0100] {processor.py:753} INFO - DAG(s) dict_keys(['example_xcom']) retrieved from /Library/Frameworks/Python.framework/Versions/3.11/lib/python3.11/site-packages/airflow/example_dags/example_xcom.py
[2022-12-31T20:59:25.660+0100] {logging_mixin.py:137} INFO - [2022-12-31T20:59:25.660+0100] {dag.py:2676} INFO - Sync 1 DAGs
[2022-12-31T20:59:25.671+0100] {logging_mixin.py:137} INFO - [2022-12-31T20:59:25.671+0100] {dag.py:3423} INFO - Setting next_dagrun for example_xcom to 2021-01-01T00:00:00+00:00, run_after=2021-01-01T00:00:00+00:00
[2022-12-31T20:59:25.678+0100] {processor.py:175} INFO - Processing /Library/Frameworks/Python.framework/Versions/3.11/lib/python3.11/site-packages/airflow/example_dags/example_xcom.py took 0.579 seconds
[2022-12-31T21:00:27.245+0100] {processor.py:153} INFO - Started process (PID=93779) to work on /Library/Frameworks/Python.framework/Versions/3.11/lib/python3.11/site-packages/airflow/example_dags/example_xcom.py
[2022-12-31T21:00:27.249+0100] {processor.py:743} INFO - Processing file /Library/Frameworks/Python.framework/Versions/3.11/lib/python3.11/site-packages/airflow/example_dags/example_xcom.py for tasks to queue
[2022-12-31T21:00:27.249+0100] {logging_mixin.py:137} INFO - [2022-12-31T21:00:27.249+0100] {dagbag.py:538} INFO - Filling up the DagBag from /Library/Frameworks/Python.framework/Versions/3.11/lib/python3.11/site-packages/airflow/example_dags/example_xcom.py
[2022-12-31T21:00:27.290+0100] {processor.py:753} INFO - DAG(s) dict_keys(['example_xcom']) retrieved from /Library/Frameworks/Python.framework/Versions/3.11/lib/python3.11/site-packages/airflow/example_dags/example_xcom.py
[2022-12-31T21:00:27.937+0100] {logging_mixin.py:137} INFO - [2022-12-31T21:00:27.937+0100] {dag.py:2676} INFO - Sync 1 DAGs
[2022-12-31T21:00:27.943+0100] {logging_mixin.py:137} INFO - [2022-12-31T21:00:27.943+0100] {dag.py:3423} INFO - Setting next_dagrun for example_xcom to 2021-01-01T00:00:00+00:00, run_after=2021-01-01T00:00:00+00:00
[2022-12-31T21:00:27.953+0100] {processor.py:175} INFO - Processing /Library/Frameworks/Python.framework/Versions/3.11/lib/python3.11/site-packages/airflow/example_dags/example_xcom.py took 0.709 seconds
[2022-12-31T21:01:27.924+0100] {processor.py:153} INFO - Started process (PID=93914) to work on /Library/Frameworks/Python.framework/Versions/3.11/lib/python3.11/site-packages/airflow/example_dags/example_xcom.py
[2022-12-31T21:01:27.928+0100] {processor.py:743} INFO - Processing file /Library/Frameworks/Python.framework/Versions/3.11/lib/python3.11/site-packages/airflow/example_dags/example_xcom.py for tasks to queue
[2022-12-31T21:01:27.929+0100] {logging_mixin.py:137} INFO - [2022-12-31T21:01:27.928+0100] {dagbag.py:538} INFO - Filling up the DagBag from /Library/Frameworks/Python.framework/Versions/3.11/lib/python3.11/site-packages/airflow/example_dags/example_xcom.py
[2022-12-31T21:01:27.949+0100] {processor.py:753} INFO - DAG(s) dict_keys(['example_xcom']) retrieved from /Library/Frameworks/Python.framework/Versions/3.11/lib/python3.11/site-packages/airflow/example_dags/example_xcom.py
[2022-12-31T21:01:28.369+0100] {logging_mixin.py:137} INFO - [2022-12-31T21:01:28.369+0100] {dag.py:2676} INFO - Sync 1 DAGs
[2022-12-31T21:01:28.376+0100] {logging_mixin.py:137} INFO - [2022-12-31T21:01:28.376+0100] {dag.py:3423} INFO - Setting next_dagrun for example_xcom to 2021-01-01T00:00:00+00:00, run_after=2021-01-01T00:00:00+00:00
[2022-12-31T21:01:28.381+0100] {processor.py:175} INFO - Processing /Library/Frameworks/Python.framework/Versions/3.11/lib/python3.11/site-packages/airflow/example_dags/example_xcom.py took 0.458 seconds
[2022-12-31T21:02:28.500+0100] {processor.py:153} INFO - Started process (PID=94104) to work on /Library/Frameworks/Python.framework/Versions/3.11/lib/python3.11/site-packages/airflow/example_dags/example_xcom.py
[2022-12-31T21:02:28.505+0100] {processor.py:743} INFO - Processing file /Library/Frameworks/Python.framework/Versions/3.11/lib/python3.11/site-packages/airflow/example_dags/example_xcom.py for tasks to queue
[2022-12-31T21:02:28.508+0100] {logging_mixin.py:137} INFO - [2022-12-31T21:02:28.508+0100] {dagbag.py:538} INFO - Filling up the DagBag from /Library/Frameworks/Python.framework/Versions/3.11/lib/python3.11/site-packages/airflow/example_dags/example_xcom.py
[2022-12-31T21:02:28.541+0100] {processor.py:753} INFO - DAG(s) dict_keys(['example_xcom']) retrieved from /Library/Frameworks/Python.framework/Versions/3.11/lib/python3.11/site-packages/airflow/example_dags/example_xcom.py
[2022-12-31T21:02:29.293+0100] {logging_mixin.py:137} INFO - [2022-12-31T21:02:29.293+0100] {dag.py:2676} INFO - Sync 1 DAGs
[2022-12-31T21:02:29.300+0100] {logging_mixin.py:137} INFO - [2022-12-31T21:02:29.299+0100] {dag.py:3423} INFO - Setting next_dagrun for example_xcom to 2021-01-01T00:00:00+00:00, run_after=2021-01-01T00:00:00+00:00
[2022-12-31T21:02:29.309+0100] {processor.py:175} INFO - Processing /Library/Frameworks/Python.framework/Versions/3.11/lib/python3.11/site-packages/airflow/example_dags/example_xcom.py took 0.809 seconds
[2022-12-31T21:03:31.845+0100] {processor.py:153} INFO - Started process (PID=94304) to work on /Library/Frameworks/Python.framework/Versions/3.11/lib/python3.11/site-packages/airflow/example_dags/example_xcom.py
[2022-12-31T21:03:31.847+0100] {processor.py:743} INFO - Processing file /Library/Frameworks/Python.framework/Versions/3.11/lib/python3.11/site-packages/airflow/example_dags/example_xcom.py for tasks to queue
[2022-12-31T21:03:31.847+0100] {logging_mixin.py:137} INFO - [2022-12-31T21:03:31.847+0100] {dagbag.py:538} INFO - Filling up the DagBag from /Library/Frameworks/Python.framework/Versions/3.11/lib/python3.11/site-packages/airflow/example_dags/example_xcom.py
[2022-12-31T21:03:31.871+0100] {processor.py:753} INFO - DAG(s) dict_keys(['example_xcom']) retrieved from /Library/Frameworks/Python.framework/Versions/3.11/lib/python3.11/site-packages/airflow/example_dags/example_xcom.py
[2022-12-31T21:03:32.364+0100] {logging_mixin.py:137} INFO - [2022-12-31T21:03:32.364+0100] {dag.py:2676} INFO - Sync 1 DAGs
[2022-12-31T21:03:32.371+0100] {logging_mixin.py:137} INFO - [2022-12-31T21:03:32.371+0100] {dag.py:3423} INFO - Setting next_dagrun for example_xcom to 2021-01-01T00:00:00+00:00, run_after=2021-01-01T00:00:00+00:00
[2022-12-31T21:03:32.378+0100] {processor.py:175} INFO - Processing /Library/Frameworks/Python.framework/Versions/3.11/lib/python3.11/site-packages/airflow/example_dags/example_xcom.py took 0.533 seconds
[2022-12-31T21:04:36.670+0100] {processor.py:153} INFO - Started process (PID=94428) to work on /Library/Frameworks/Python.framework/Versions/3.11/lib/python3.11/site-packages/airflow/example_dags/example_xcom.py
[2022-12-31T21:04:36.675+0100] {processor.py:743} INFO - Processing file /Library/Frameworks/Python.framework/Versions/3.11/lib/python3.11/site-packages/airflow/example_dags/example_xcom.py for tasks to queue
[2022-12-31T21:04:36.675+0100] {logging_mixin.py:137} INFO - [2022-12-31T21:04:36.675+0100] {dagbag.py:538} INFO - Filling up the DagBag from /Library/Frameworks/Python.framework/Versions/3.11/lib/python3.11/site-packages/airflow/example_dags/example_xcom.py
[2022-12-31T21:04:36.744+0100] {processor.py:753} INFO - DAG(s) dict_keys(['example_xcom']) retrieved from /Library/Frameworks/Python.framework/Versions/3.11/lib/python3.11/site-packages/airflow/example_dags/example_xcom.py
[2022-12-31T21:04:37.217+0100] {logging_mixin.py:137} INFO - [2022-12-31T21:04:37.217+0100] {dag.py:2676} INFO - Sync 1 DAGs
[2022-12-31T21:04:37.222+0100] {logging_mixin.py:137} INFO - [2022-12-31T21:04:37.222+0100] {dag.py:3423} INFO - Setting next_dagrun for example_xcom to 2021-01-01T00:00:00+00:00, run_after=2021-01-01T00:00:00+00:00
[2022-12-31T21:04:37.228+0100] {processor.py:175} INFO - Processing /Library/Frameworks/Python.framework/Versions/3.11/lib/python3.11/site-packages/airflow/example_dags/example_xcom.py took 0.561 seconds
[2022-12-31T21:05:35.665+0100] {processor.py:153} INFO - Started process (PID=94564) to work on /Library/Frameworks/Python.framework/Versions/3.11/lib/python3.11/site-packages/airflow/example_dags/example_xcom.py
[2022-12-31T21:05:35.667+0100] {processor.py:743} INFO - Processing file /Library/Frameworks/Python.framework/Versions/3.11/lib/python3.11/site-packages/airflow/example_dags/example_xcom.py for tasks to queue
[2022-12-31T21:05:35.667+0100] {logging_mixin.py:137} INFO - [2022-12-31T21:05:35.667+0100] {dagbag.py:538} INFO - Filling up the DagBag from /Library/Frameworks/Python.framework/Versions/3.11/lib/python3.11/site-packages/airflow/example_dags/example_xcom.py
[2022-12-31T21:05:35.694+0100] {processor.py:753} INFO - DAG(s) dict_keys(['example_xcom']) retrieved from /Library/Frameworks/Python.framework/Versions/3.11/lib/python3.11/site-packages/airflow/example_dags/example_xcom.py
[2022-12-31T21:05:36.118+0100] {logging_mixin.py:137} INFO - [2022-12-31T21:05:36.118+0100] {dag.py:2676} INFO - Sync 1 DAGs
[2022-12-31T21:05:36.124+0100] {logging_mixin.py:137} INFO - [2022-12-31T21:05:36.123+0100] {dag.py:3423} INFO - Setting next_dagrun for example_xcom to 2021-01-01T00:00:00+00:00, run_after=2021-01-01T00:00:00+00:00
[2022-12-31T21:05:36.130+0100] {processor.py:175} INFO - Processing /Library/Frameworks/Python.framework/Versions/3.11/lib/python3.11/site-packages/airflow/example_dags/example_xcom.py took 0.465 seconds
[2022-12-31T21:06:29.587+0100] {processor.py:153} INFO - Started process (PID=94661) to work on /Library/Frameworks/Python.framework/Versions/3.11/lib/python3.11/site-packages/airflow/example_dags/example_xcom.py
[2022-12-31T21:06:29.593+0100] {processor.py:743} INFO - Processing file /Library/Frameworks/Python.framework/Versions/3.11/lib/python3.11/site-packages/airflow/example_dags/example_xcom.py for tasks to queue
[2022-12-31T21:06:29.593+0100] {logging_mixin.py:137} INFO - [2022-12-31T21:06:29.593+0100] {dagbag.py:538} INFO - Filling up the DagBag from /Library/Frameworks/Python.framework/Versions/3.11/lib/python3.11/site-packages/airflow/example_dags/example_xcom.py
[2022-12-31T21:06:29.614+0100] {processor.py:753} INFO - DAG(s) dict_keys(['example_xcom']) retrieved from /Library/Frameworks/Python.framework/Versions/3.11/lib/python3.11/site-packages/airflow/example_dags/example_xcom.py
[2022-12-31T21:06:30.166+0100] {logging_mixin.py:137} INFO - [2022-12-31T21:06:30.166+0100] {dag.py:2676} INFO - Sync 1 DAGs
[2022-12-31T21:06:30.172+0100] {logging_mixin.py:137} INFO - [2022-12-31T21:06:30.172+0100] {dag.py:3423} INFO - Setting next_dagrun for example_xcom to 2021-01-01T00:00:00+00:00, run_after=2021-01-01T00:00:00+00:00
[2022-12-31T21:06:30.178+0100] {processor.py:175} INFO - Processing /Library/Frameworks/Python.framework/Versions/3.11/lib/python3.11/site-packages/airflow/example_dags/example_xcom.py took 0.592 seconds
[2022-12-31T21:07:23.544+0100] {processor.py:153} INFO - Started process (PID=94762) to work on /Library/Frameworks/Python.framework/Versions/3.11/lib/python3.11/site-packages/airflow/example_dags/example_xcom.py
[2022-12-31T21:07:23.546+0100] {processor.py:743} INFO - Processing file /Library/Frameworks/Python.framework/Versions/3.11/lib/python3.11/site-packages/airflow/example_dags/example_xcom.py for tasks to queue
[2022-12-31T21:07:23.546+0100] {logging_mixin.py:137} INFO - [2022-12-31T21:07:23.546+0100] {dagbag.py:538} INFO - Filling up the DagBag from /Library/Frameworks/Python.framework/Versions/3.11/lib/python3.11/site-packages/airflow/example_dags/example_xcom.py
[2022-12-31T21:07:23.566+0100] {processor.py:753} INFO - DAG(s) dict_keys(['example_xcom']) retrieved from /Library/Frameworks/Python.framework/Versions/3.11/lib/python3.11/site-packages/airflow/example_dags/example_xcom.py
[2022-12-31T21:07:23.987+0100] {logging_mixin.py:137} INFO - [2022-12-31T21:07:23.987+0100] {dag.py:2676} INFO - Sync 1 DAGs
[2022-12-31T21:07:23.993+0100] {logging_mixin.py:137} INFO - [2022-12-31T21:07:23.993+0100] {dag.py:3423} INFO - Setting next_dagrun for example_xcom to 2021-01-01T00:00:00+00:00, run_after=2021-01-01T00:00:00+00:00
[2022-12-31T21:07:23.999+0100] {processor.py:175} INFO - Processing /Library/Frameworks/Python.framework/Versions/3.11/lib/python3.11/site-packages/airflow/example_dags/example_xcom.py took 0.455 seconds
[2022-12-31T21:08:21.034+0100] {processor.py:153} INFO - Started process (PID=94920) to work on /Library/Frameworks/Python.framework/Versions/3.11/lib/python3.11/site-packages/airflow/example_dags/example_xcom.py
[2022-12-31T21:08:21.039+0100] {processor.py:743} INFO - Processing file /Library/Frameworks/Python.framework/Versions/3.11/lib/python3.11/site-packages/airflow/example_dags/example_xcom.py for tasks to queue
[2022-12-31T21:08:21.039+0100] {logging_mixin.py:137} INFO - [2022-12-31T21:08:21.039+0100] {dagbag.py:538} INFO - Filling up the DagBag from /Library/Frameworks/Python.framework/Versions/3.11/lib/python3.11/site-packages/airflow/example_dags/example_xcom.py
[2022-12-31T21:08:21.061+0100] {processor.py:753} INFO - DAG(s) dict_keys(['example_xcom']) retrieved from /Library/Frameworks/Python.framework/Versions/3.11/lib/python3.11/site-packages/airflow/example_dags/example_xcom.py
[2022-12-31T21:08:21.540+0100] {logging_mixin.py:137} INFO - [2022-12-31T21:08:21.540+0100] {dag.py:2676} INFO - Sync 1 DAGs
[2022-12-31T21:08:21.546+0100] {logging_mixin.py:137} INFO - [2022-12-31T21:08:21.546+0100] {dag.py:3423} INFO - Setting next_dagrun for example_xcom to 2021-01-01T00:00:00+00:00, run_after=2021-01-01T00:00:00+00:00
[2022-12-31T21:08:21.553+0100] {processor.py:175} INFO - Processing /Library/Frameworks/Python.framework/Versions/3.11/lib/python3.11/site-packages/airflow/example_dags/example_xcom.py took 0.520 seconds
[2022-12-31 20:08:38,232] {scheduler_job.py:182} INFO - Started process (PID=72) to work on /home/airflow/.local/lib/python3.6/site-packages/airflow/example_dags/example_xcom.py
[2022-12-31 20:08:38,252] {scheduler_job.py:629} INFO - Processing file /home/airflow/.local/lib/python3.6/site-packages/airflow/example_dags/example_xcom.py for tasks to queue
[2022-12-31 20:08:38,269] {logging_mixin.py:104} INFO - [2022-12-31 20:08:38,267] {dagbag.py:451} INFO - Filling up the DagBag from /home/airflow/.local/lib/python3.6/site-packages/airflow/example_dags/example_xcom.py
[2022-12-31 20:08:38,600] {scheduler_job.py:639} INFO - DAG(s) dict_keys(['example_xcom']) retrieved from /home/airflow/.local/lib/python3.6/site-packages/airflow/example_dags/example_xcom.py
[2022-12-31 20:08:38,722] {logging_mixin.py:104} INFO - [2022-12-31 20:08:38,722] {dag.py:1824} INFO - Sync 1 DAGs
[2022-12-31 20:08:38,806] {logging_mixin.py:104} INFO - [2022-12-31 20:08:38,805] {dag.py:2280} INFO - Setting next_dagrun for example_xcom to 2022-12-29 00:00:00+00:00
[2022-12-31 20:08:38,865] {scheduler_job.py:190} INFO - Processing /home/airflow/.local/lib/python3.6/site-packages/airflow/example_dags/example_xcom.py took 0.680 seconds
[2022-12-31 20:09:09,804] {scheduler_job.py:182} INFO - Started process (PID=126) to work on /home/airflow/.local/lib/python3.6/site-packages/airflow/example_dags/example_xcom.py
[2022-12-31 20:09:09,812] {scheduler_job.py:629} INFO - Processing file /home/airflow/.local/lib/python3.6/site-packages/airflow/example_dags/example_xcom.py for tasks to queue
[2022-12-31 20:09:09,816] {logging_mixin.py:104} INFO - [2022-12-31 20:09:09,816] {dagbag.py:451} INFO - Filling up the DagBag from /home/airflow/.local/lib/python3.6/site-packages/airflow/example_dags/example_xcom.py
[2022-12-31 20:09:09,876] {scheduler_job.py:639} INFO - DAG(s) dict_keys(['example_xcom']) retrieved from /home/airflow/.local/lib/python3.6/site-packages/airflow/example_dags/example_xcom.py
[2022-12-31 20:09:09,964] {logging_mixin.py:104} INFO - [2022-12-31 20:09:09,964] {dag.py:1824} INFO - Sync 1 DAGs
[2022-12-31 20:09:10,035] {logging_mixin.py:104} INFO - [2022-12-31 20:09:10,034] {dag.py:2280} INFO - Setting next_dagrun for example_xcom to 2022-12-29 00:00:00+00:00
[2022-12-31 20:09:10,084] {scheduler_job.py:190} INFO - Processing /home/airflow/.local/lib/python3.6/site-packages/airflow/example_dags/example_xcom.py took 0.289 seconds
[2022-12-31T21:09:21.778+0100] {processor.py:153} INFO - Started process (PID=95076) to work on /Library/Frameworks/Python.framework/Versions/3.11/lib/python3.11/site-packages/airflow/example_dags/example_xcom.py
[2022-12-31T21:09:21.779+0100] {processor.py:743} INFO - Processing file /Library/Frameworks/Python.framework/Versions/3.11/lib/python3.11/site-packages/airflow/example_dags/example_xcom.py for tasks to queue
[2022-12-31T21:09:21.779+0100] {logging_mixin.py:137} INFO - [2022-12-31T21:09:21.779+0100] {dagbag.py:538} INFO - Filling up the DagBag from /Library/Frameworks/Python.framework/Versions/3.11/lib/python3.11/site-packages/airflow/example_dags/example_xcom.py
[2022-12-31T21:09:21.802+0100] {processor.py:753} INFO - DAG(s) dict_keys(['example_xcom']) retrieved from /Library/Frameworks/Python.framework/Versions/3.11/lib/python3.11/site-packages/airflow/example_dags/example_xcom.py
[2022-12-31T21:09:22.360+0100] {logging_mixin.py:137} INFO - [2022-12-31T21:09:22.360+0100] {dag.py:2676} INFO - Sync 1 DAGs
[2022-12-31T21:09:22.366+0100] {logging_mixin.py:137} INFO - [2022-12-31T21:09:22.366+0100] {dag.py:3423} INFO - Setting next_dagrun for example_xcom to 2021-01-01T00:00:00+00:00, run_after=2021-01-01T00:00:00+00:00
[2022-12-31T21:09:22.374+0100] {processor.py:175} INFO - Processing /Library/Frameworks/Python.framework/Versions/3.11/lib/python3.11/site-packages/airflow/example_dags/example_xcom.py took 0.597 seconds
[2022-12-31 20:09:42,086] {scheduler_job.py:182} INFO - Started process (PID=184) to work on /home/airflow/.local/lib/python3.6/site-packages/airflow/example_dags/example_xcom.py
[2022-12-31 20:09:42,100] {scheduler_job.py:629} INFO - Processing file /home/airflow/.local/lib/python3.6/site-packages/airflow/example_dags/example_xcom.py for tasks to queue
[2022-12-31 20:09:42,106] {logging_mixin.py:104} INFO - [2022-12-31 20:09:42,104] {dagbag.py:451} INFO - Filling up the DagBag from /home/airflow/.local/lib/python3.6/site-packages/airflow/example_dags/example_xcom.py
[2022-12-31 20:09:42,205] {scheduler_job.py:639} INFO - DAG(s) dict_keys(['example_xcom']) retrieved from /home/airflow/.local/lib/python3.6/site-packages/airflow/example_dags/example_xcom.py
[2022-12-31 20:09:42,323] {logging_mixin.py:104} INFO - [2022-12-31 20:09:42,323] {dag.py:1824} INFO - Sync 1 DAGs
[2022-12-31 20:09:42,661] {logging_mixin.py:104} INFO - [2022-12-31 20:09:42,660] {dag.py:2280} INFO - Setting next_dagrun for example_xcom to 2022-12-29 00:00:00+00:00
[2022-12-31 20:09:42,726] {scheduler_job.py:190} INFO - Processing /home/airflow/.local/lib/python3.6/site-packages/airflow/example_dags/example_xcom.py took 0.654 seconds
[2022-12-31T21:10:23.752+0100] {processor.py:153} INFO - Started process (PID=95228) to work on /Library/Frameworks/Python.framework/Versions/3.11/lib/python3.11/site-packages/airflow/example_dags/example_xcom.py
[2022-12-31T21:10:23.756+0100] {processor.py:743} INFO - Processing file /Library/Frameworks/Python.framework/Versions/3.11/lib/python3.11/site-packages/airflow/example_dags/example_xcom.py for tasks to queue
[2022-12-31T21:10:23.756+0100] {logging_mixin.py:137} INFO - [2022-12-31T21:10:23.756+0100] {dagbag.py:538} INFO - Filling up the DagBag from /Library/Frameworks/Python.framework/Versions/3.11/lib/python3.11/site-packages/airflow/example_dags/example_xcom.py
[2022-12-31T21:10:23.786+0100] {processor.py:753} INFO - DAG(s) dict_keys(['example_xcom']) retrieved from /Library/Frameworks/Python.framework/Versions/3.11/lib/python3.11/site-packages/airflow/example_dags/example_xcom.py
[2022-12-31T21:10:24.240+0100] {logging_mixin.py:137} INFO - [2022-12-31T21:10:24.240+0100] {dag.py:2676} INFO - Sync 1 DAGs
[2022-12-31T21:10:24.246+0100] {logging_mixin.py:137} INFO - [2022-12-31T21:10:24.245+0100] {dag.py:3423} INFO - Setting next_dagrun for example_xcom to 2021-01-01T00:00:00+00:00, run_after=2021-01-01T00:00:00+00:00
[2022-12-31T21:10:24.252+0100] {processor.py:175} INFO - Processing /Library/Frameworks/Python.framework/Versions/3.11/lib/python3.11/site-packages/airflow/example_dags/example_xcom.py took 0.501 seconds
[2022-12-31T21:11:26.259+0100] {processor.py:153} INFO - Started process (PID=95433) to work on /Library/Frameworks/Python.framework/Versions/3.11/lib/python3.11/site-packages/airflow/example_dags/example_xcom.py
[2022-12-31T21:11:26.260+0100] {processor.py:743} INFO - Processing file /Library/Frameworks/Python.framework/Versions/3.11/lib/python3.11/site-packages/airflow/example_dags/example_xcom.py for tasks to queue
[2022-12-31T21:11:26.261+0100] {logging_mixin.py:137} INFO - [2022-12-31T21:11:26.261+0100] {dagbag.py:538} INFO - Filling up the DagBag from /Library/Frameworks/Python.framework/Versions/3.11/lib/python3.11/site-packages/airflow/example_dags/example_xcom.py
[2022-12-31T21:11:26.282+0100] {processor.py:753} INFO - DAG(s) dict_keys(['example_xcom']) retrieved from /Library/Frameworks/Python.framework/Versions/3.11/lib/python3.11/site-packages/airflow/example_dags/example_xcom.py
[2022-12-31T21:11:26.868+0100] {logging_mixin.py:137} INFO - [2022-12-31T21:11:26.868+0100] {dag.py:2676} INFO - Sync 1 DAGs
[2022-12-31T21:11:26.875+0100] {logging_mixin.py:137} INFO - [2022-12-31T21:11:26.875+0100] {dag.py:3423} INFO - Setting next_dagrun for example_xcom to 2021-01-01T00:00:00+00:00, run_after=2021-01-01T00:00:00+00:00
[2022-12-31T21:11:26.882+0100] {processor.py:175} INFO - Processing /Library/Frameworks/Python.framework/Versions/3.11/lib/python3.11/site-packages/airflow/example_dags/example_xcom.py took 0.624 seconds
[2022-12-31T21:12:27.810+0100] {processor.py:153} INFO - Started process (PID=95544) to work on /Library/Frameworks/Python.framework/Versions/3.11/lib/python3.11/site-packages/airflow/example_dags/example_xcom.py
[2022-12-31T21:12:27.815+0100] {processor.py:743} INFO - Processing file /Library/Frameworks/Python.framework/Versions/3.11/lib/python3.11/site-packages/airflow/example_dags/example_xcom.py for tasks to queue
[2022-12-31T21:12:27.816+0100] {logging_mixin.py:137} INFO - [2022-12-31T21:12:27.816+0100] {dagbag.py:538} INFO - Filling up the DagBag from /Library/Frameworks/Python.framework/Versions/3.11/lib/python3.11/site-packages/airflow/example_dags/example_xcom.py
[2022-12-31T21:12:27.846+0100] {processor.py:753} INFO - DAG(s) dict_keys(['example_xcom']) retrieved from /Library/Frameworks/Python.framework/Versions/3.11/lib/python3.11/site-packages/airflow/example_dags/example_xcom.py
[2022-12-31T21:12:28.333+0100] {logging_mixin.py:137} INFO - [2022-12-31T21:12:28.333+0100] {dag.py:2676} INFO - Sync 1 DAGs
[2022-12-31T21:12:28.339+0100] {logging_mixin.py:137} INFO - [2022-12-31T21:12:28.339+0100] {dag.py:3423} INFO - Setting next_dagrun for example_xcom to 2021-01-01T00:00:00+00:00, run_after=2021-01-01T00:00:00+00:00
[2022-12-31T21:12:28.346+0100] {processor.py:175} INFO - Processing /Library/Frameworks/Python.framework/Versions/3.11/lib/python3.11/site-packages/airflow/example_dags/example_xcom.py took 0.537 seconds
[2022-12-31T21:13:36.232+0100] {processor.py:153} INFO - Started process (PID=95700) to work on /Library/Frameworks/Python.framework/Versions/3.11/lib/python3.11/site-packages/airflow/example_dags/example_xcom.py
[2022-12-31T21:13:36.240+0100] {processor.py:743} INFO - Processing file /Library/Frameworks/Python.framework/Versions/3.11/lib/python3.11/site-packages/airflow/example_dags/example_xcom.py for tasks to queue
[2022-12-31T21:13:36.241+0100] {logging_mixin.py:137} INFO - [2022-12-31T21:13:36.241+0100] {dagbag.py:538} INFO - Filling up the DagBag from /Library/Frameworks/Python.framework/Versions/3.11/lib/python3.11/site-packages/airflow/example_dags/example_xcom.py
[2022-12-31T21:13:36.289+0100] {processor.py:753} INFO - DAG(s) dict_keys(['example_xcom']) retrieved from /Library/Frameworks/Python.framework/Versions/3.11/lib/python3.11/site-packages/airflow/example_dags/example_xcom.py
[2022-12-31T21:13:36.962+0100] {logging_mixin.py:137} INFO - [2022-12-31T21:13:36.961+0100] {dag.py:2676} INFO - Sync 1 DAGs
[2022-12-31T21:13:36.971+0100] {logging_mixin.py:137} INFO - [2022-12-31T21:13:36.971+0100] {dag.py:3423} INFO - Setting next_dagrun for example_xcom to 2021-01-01T00:00:00+00:00, run_after=2021-01-01T00:00:00+00:00
[2022-12-31T21:13:36.978+0100] {processor.py:175} INFO - Processing /Library/Frameworks/Python.framework/Versions/3.11/lib/python3.11/site-packages/airflow/example_dags/example_xcom.py took 0.746 seconds
[2022-12-31T21:14:38.011+0100] {processor.py:153} INFO - Started process (PID=95807) to work on /Library/Frameworks/Python.framework/Versions/3.11/lib/python3.11/site-packages/airflow/example_dags/example_xcom.py
[2022-12-31T21:14:38.016+0100] {processor.py:743} INFO - Processing file /Library/Frameworks/Python.framework/Versions/3.11/lib/python3.11/site-packages/airflow/example_dags/example_xcom.py for tasks to queue
[2022-12-31T21:14:38.017+0100] {logging_mixin.py:137} INFO - [2022-12-31T21:14:38.017+0100] {dagbag.py:538} INFO - Filling up the DagBag from /Library/Frameworks/Python.framework/Versions/3.11/lib/python3.11/site-packages/airflow/example_dags/example_xcom.py
[2022-12-31T21:14:38.036+0100] {processor.py:753} INFO - DAG(s) dict_keys(['example_xcom']) retrieved from /Library/Frameworks/Python.framework/Versions/3.11/lib/python3.11/site-packages/airflow/example_dags/example_xcom.py
[2022-12-31T21:14:38.460+0100] {logging_mixin.py:137} INFO - [2022-12-31T21:14:38.460+0100] {dag.py:2676} INFO - Sync 1 DAGs
[2022-12-31T21:14:38.466+0100] {logging_mixin.py:137} INFO - [2022-12-31T21:14:38.466+0100] {dag.py:3423} INFO - Setting next_dagrun for example_xcom to 2021-01-01T00:00:00+00:00, run_after=2021-01-01T00:00:00+00:00
[2022-12-31T21:14:38.472+0100] {processor.py:175} INFO - Processing /Library/Frameworks/Python.framework/Versions/3.11/lib/python3.11/site-packages/airflow/example_dags/example_xcom.py took 0.461 seconds
[2022-12-31T21:15:34.554+0100] {processor.py:153} INFO - Started process (PID=95973) to work on /Library/Frameworks/Python.framework/Versions/3.11/lib/python3.11/site-packages/airflow/example_dags/example_xcom.py
[2022-12-31T21:15:34.558+0100] {processor.py:743} INFO - Processing file /Library/Frameworks/Python.framework/Versions/3.11/lib/python3.11/site-packages/airflow/example_dags/example_xcom.py for tasks to queue
[2022-12-31T21:15:34.558+0100] {logging_mixin.py:137} INFO - [2022-12-31T21:15:34.558+0100] {dagbag.py:538} INFO - Filling up the DagBag from /Library/Frameworks/Python.framework/Versions/3.11/lib/python3.11/site-packages/airflow/example_dags/example_xcom.py
[2022-12-31T21:15:34.586+0100] {processor.py:753} INFO - DAG(s) dict_keys(['example_xcom']) retrieved from /Library/Frameworks/Python.framework/Versions/3.11/lib/python3.11/site-packages/airflow/example_dags/example_xcom.py
[2022-12-31T21:15:35.304+0100] {logging_mixin.py:137} INFO - [2022-12-31T21:15:35.303+0100] {dag.py:2676} INFO - Sync 1 DAGs
[2022-12-31T21:15:35.315+0100] {logging_mixin.py:137} INFO - [2022-12-31T21:15:35.315+0100] {dag.py:3423} INFO - Setting next_dagrun for example_xcom to 2021-01-01T00:00:00+00:00, run_after=2021-01-01T00:00:00+00:00
[2022-12-31T21:15:35.330+0100] {processor.py:175} INFO - Processing /Library/Frameworks/Python.framework/Versions/3.11/lib/python3.11/site-packages/airflow/example_dags/example_xcom.py took 0.777 seconds
[2022-12-31T21:16:29.812+0100] {processor.py:153} INFO - Started process (PID=96086) to work on /Library/Frameworks/Python.framework/Versions/3.11/lib/python3.11/site-packages/airflow/example_dags/example_xcom.py
[2022-12-31T21:16:29.815+0100] {processor.py:743} INFO - Processing file /Library/Frameworks/Python.framework/Versions/3.11/lib/python3.11/site-packages/airflow/example_dags/example_xcom.py for tasks to queue
[2022-12-31T21:16:29.816+0100] {logging_mixin.py:137} INFO - [2022-12-31T21:16:29.815+0100] {dagbag.py:538} INFO - Filling up the DagBag from /Library/Frameworks/Python.framework/Versions/3.11/lib/python3.11/site-packages/airflow/example_dags/example_xcom.py
[2022-12-31T21:16:29.849+0100] {processor.py:753} INFO - DAG(s) dict_keys(['example_xcom']) retrieved from /Library/Frameworks/Python.framework/Versions/3.11/lib/python3.11/site-packages/airflow/example_dags/example_xcom.py
[2022-12-31T21:16:30.259+0100] {logging_mixin.py:137} INFO - [2022-12-31T21:16:30.259+0100] {dag.py:2676} INFO - Sync 1 DAGs
[2022-12-31T21:16:30.265+0100] {logging_mixin.py:137} INFO - [2022-12-31T21:16:30.265+0100] {dag.py:3423} INFO - Setting next_dagrun for example_xcom to 2021-01-01T00:00:00+00:00, run_after=2021-01-01T00:00:00+00:00
[2022-12-31T21:16:30.271+0100] {processor.py:175} INFO - Processing /Library/Frameworks/Python.framework/Versions/3.11/lib/python3.11/site-packages/airflow/example_dags/example_xcom.py took 0.460 seconds
[2022-12-31T21:17:23.019+0100] {processor.py:153} INFO - Started process (PID=96167) to work on /Library/Frameworks/Python.framework/Versions/3.11/lib/python3.11/site-packages/airflow/example_dags/example_xcom.py
[2022-12-31T21:17:23.025+0100] {processor.py:743} INFO - Processing file /Library/Frameworks/Python.framework/Versions/3.11/lib/python3.11/site-packages/airflow/example_dags/example_xcom.py for tasks to queue
[2022-12-31T21:17:23.025+0100] {logging_mixin.py:137} INFO - [2022-12-31T21:17:23.025+0100] {dagbag.py:538} INFO - Filling up the DagBag from /Library/Frameworks/Python.framework/Versions/3.11/lib/python3.11/site-packages/airflow/example_dags/example_xcom.py
[2022-12-31T21:17:23.049+0100] {processor.py:753} INFO - DAG(s) dict_keys(['example_xcom']) retrieved from /Library/Frameworks/Python.framework/Versions/3.11/lib/python3.11/site-packages/airflow/example_dags/example_xcom.py
[2022-12-31T21:17:23.463+0100] {logging_mixin.py:137} INFO - [2022-12-31T21:17:23.463+0100] {dag.py:2676} INFO - Sync 1 DAGs
[2022-12-31T21:17:23.469+0100] {logging_mixin.py:137} INFO - [2022-12-31T21:17:23.469+0100] {dag.py:3423} INFO - Setting next_dagrun for example_xcom to 2021-01-01T00:00:00+00:00, run_after=2021-01-01T00:00:00+00:00
[2022-12-31T21:17:23.475+0100] {processor.py:175} INFO - Processing /Library/Frameworks/Python.framework/Versions/3.11/lib/python3.11/site-packages/airflow/example_dags/example_xcom.py took 0.456 seconds
[2022-12-31T21:18:16.117+0100] {processor.py:153} INFO - Started process (PID=96303) to work on /Library/Frameworks/Python.framework/Versions/3.11/lib/python3.11/site-packages/airflow/example_dags/example_xcom.py
[2022-12-31T21:18:16.123+0100] {processor.py:743} INFO - Processing file /Library/Frameworks/Python.framework/Versions/3.11/lib/python3.11/site-packages/airflow/example_dags/example_xcom.py for tasks to queue
[2022-12-31T21:18:16.123+0100] {logging_mixin.py:137} INFO - [2022-12-31T21:18:16.123+0100] {dagbag.py:538} INFO - Filling up the DagBag from /Library/Frameworks/Python.framework/Versions/3.11/lib/python3.11/site-packages/airflow/example_dags/example_xcom.py
[2022-12-31T21:18:16.149+0100] {processor.py:753} INFO - DAG(s) dict_keys(['example_xcom']) retrieved from /Library/Frameworks/Python.framework/Versions/3.11/lib/python3.11/site-packages/airflow/example_dags/example_xcom.py
[2022-12-31T21:18:16.560+0100] {logging_mixin.py:137} INFO - [2022-12-31T21:18:16.560+0100] {dag.py:2676} INFO - Sync 1 DAGs
[2022-12-31T21:18:16.565+0100] {logging_mixin.py:137} INFO - [2022-12-31T21:18:16.565+0100] {dag.py:3423} INFO - Setting next_dagrun for example_xcom to 2021-01-01T00:00:00+00:00, run_after=2021-01-01T00:00:00+00:00
[2022-12-31T21:18:16.572+0100] {processor.py:175} INFO - Processing /Library/Frameworks/Python.framework/Versions/3.11/lib/python3.11/site-packages/airflow/example_dags/example_xcom.py took 0.456 seconds
[2022-12-31T21:19:16.898+0100] {processor.py:153} INFO - Started process (PID=96459) to work on /Library/Frameworks/Python.framework/Versions/3.11/lib/python3.11/site-packages/airflow/example_dags/example_xcom.py
[2022-12-31T21:19:16.914+0100] {processor.py:743} INFO - Processing file /Library/Frameworks/Python.framework/Versions/3.11/lib/python3.11/site-packages/airflow/example_dags/example_xcom.py for tasks to queue
[2022-12-31T21:19:16.914+0100] {logging_mixin.py:137} INFO - [2022-12-31T21:19:16.914+0100] {dagbag.py:538} INFO - Filling up the DagBag from /Library/Frameworks/Python.framework/Versions/3.11/lib/python3.11/site-packages/airflow/example_dags/example_xcom.py
[2022-12-31T21:19:16.938+0100] {processor.py:753} INFO - DAG(s) dict_keys(['example_xcom']) retrieved from /Library/Frameworks/Python.framework/Versions/3.11/lib/python3.11/site-packages/airflow/example_dags/example_xcom.py
[2022-12-31T21:19:17.460+0100] {logging_mixin.py:137} INFO - [2022-12-31T21:19:17.460+0100] {dag.py:2676} INFO - Sync 1 DAGs
[2022-12-31T21:19:17.468+0100] {logging_mixin.py:137} INFO - [2022-12-31T21:19:17.468+0100] {dag.py:3423} INFO - Setting next_dagrun for example_xcom to 2021-01-01T00:00:00+00:00, run_after=2021-01-01T00:00:00+00:00
[2022-12-31T21:19:17.477+0100] {processor.py:175} INFO - Processing /Library/Frameworks/Python.framework/Versions/3.11/lib/python3.11/site-packages/airflow/example_dags/example_xcom.py took 0.580 seconds
[2022-12-31T21:20:15.066+0100] {processor.py:153} INFO - Started process (PID=96540) to work on /Library/Frameworks/Python.framework/Versions/3.11/lib/python3.11/site-packages/airflow/example_dags/example_xcom.py
[2022-12-31T21:20:15.073+0100] {processor.py:743} INFO - Processing file /Library/Frameworks/Python.framework/Versions/3.11/lib/python3.11/site-packages/airflow/example_dags/example_xcom.py for tasks to queue
[2022-12-31T21:20:15.073+0100] {logging_mixin.py:137} INFO - [2022-12-31T21:20:15.073+0100] {dagbag.py:538} INFO - Filling up the DagBag from /Library/Frameworks/Python.framework/Versions/3.11/lib/python3.11/site-packages/airflow/example_dags/example_xcom.py
[2022-12-31T21:20:15.122+0100] {processor.py:753} INFO - DAG(s) dict_keys(['example_xcom']) retrieved from /Library/Frameworks/Python.framework/Versions/3.11/lib/python3.11/site-packages/airflow/example_dags/example_xcom.py
[2022-12-31T21:20:15.647+0100] {logging_mixin.py:137} INFO - [2022-12-31T21:20:15.647+0100] {dag.py:2676} INFO - Sync 1 DAGs
[2022-12-31T21:20:15.655+0100] {logging_mixin.py:137} INFO - [2022-12-31T21:20:15.655+0100] {dag.py:3423} INFO - Setting next_dagrun for example_xcom to 2021-01-01T00:00:00+00:00, run_after=2021-01-01T00:00:00+00:00
[2022-12-31T21:20:15.665+0100] {processor.py:175} INFO - Processing /Library/Frameworks/Python.framework/Versions/3.11/lib/python3.11/site-packages/airflow/example_dags/example_xcom.py took 0.606 seconds
[2022-12-31T21:21:13.503+0100] {processor.py:153} INFO - Started process (PID=96644) to work on /Library/Frameworks/Python.framework/Versions/3.11/lib/python3.11/site-packages/airflow/example_dags/example_xcom.py
[2022-12-31T21:21:13.508+0100] {processor.py:743} INFO - Processing file /Library/Frameworks/Python.framework/Versions/3.11/lib/python3.11/site-packages/airflow/example_dags/example_xcom.py for tasks to queue
[2022-12-31T21:21:13.508+0100] {logging_mixin.py:137} INFO - [2022-12-31T21:21:13.508+0100] {dagbag.py:538} INFO - Filling up the DagBag from /Library/Frameworks/Python.framework/Versions/3.11/lib/python3.11/site-packages/airflow/example_dags/example_xcom.py
[2022-12-31T21:21:13.531+0100] {processor.py:753} INFO - DAG(s) dict_keys(['example_xcom']) retrieved from /Library/Frameworks/Python.framework/Versions/3.11/lib/python3.11/site-packages/airflow/example_dags/example_xcom.py
[2022-12-31T21:21:13.931+0100] {logging_mixin.py:137} INFO - [2022-12-31T21:21:13.931+0100] {dag.py:2676} INFO - Sync 1 DAGs
[2022-12-31T21:21:13.936+0100] {logging_mixin.py:137} INFO - [2022-12-31T21:21:13.936+0100] {dag.py:3423} INFO - Setting next_dagrun for example_xcom to 2021-01-01T00:00:00+00:00, run_after=2021-01-01T00:00:00+00:00
[2022-12-31T21:21:13.942+0100] {processor.py:175} INFO - Processing /Library/Frameworks/Python.framework/Versions/3.11/lib/python3.11/site-packages/airflow/example_dags/example_xcom.py took 0.441 seconds
[2022-12-31T21:22:12.595+0100] {processor.py:153} INFO - Started process (PID=96744) to work on /Library/Frameworks/Python.framework/Versions/3.11/lib/python3.11/site-packages/airflow/example_dags/example_xcom.py
[2022-12-31T21:22:12.603+0100] {processor.py:743} INFO - Processing file /Library/Frameworks/Python.framework/Versions/3.11/lib/python3.11/site-packages/airflow/example_dags/example_xcom.py for tasks to queue
[2022-12-31T21:22:12.603+0100] {logging_mixin.py:137} INFO - [2022-12-31T21:22:12.603+0100] {dagbag.py:538} INFO - Filling up the DagBag from /Library/Frameworks/Python.framework/Versions/3.11/lib/python3.11/site-packages/airflow/example_dags/example_xcom.py
[2022-12-31T21:22:12.623+0100] {processor.py:753} INFO - DAG(s) dict_keys(['example_xcom']) retrieved from /Library/Frameworks/Python.framework/Versions/3.11/lib/python3.11/site-packages/airflow/example_dags/example_xcom.py
[2022-12-31T21:22:13.033+0100] {logging_mixin.py:137} INFO - [2022-12-31T21:22:13.033+0100] {dag.py:2676} INFO - Sync 1 DAGs
[2022-12-31T21:22:13.039+0100] {logging_mixin.py:137} INFO - [2022-12-31T21:22:13.039+0100] {dag.py:3423} INFO - Setting next_dagrun for example_xcom to 2021-01-01T00:00:00+00:00, run_after=2021-01-01T00:00:00+00:00
[2022-12-31T21:22:13.048+0100] {processor.py:175} INFO - Processing /Library/Frameworks/Python.framework/Versions/3.11/lib/python3.11/site-packages/airflow/example_dags/example_xcom.py took 0.453 seconds
[2022-12-31T21:23:09.782+0100] {processor.py:153} INFO - Started process (PID=96817) to work on /Library/Frameworks/Python.framework/Versions/3.11/lib/python3.11/site-packages/airflow/example_dags/example_xcom.py
[2022-12-31T21:23:09.792+0100] {processor.py:743} INFO - Processing file /Library/Frameworks/Python.framework/Versions/3.11/lib/python3.11/site-packages/airflow/example_dags/example_xcom.py for tasks to queue
[2022-12-31T21:23:09.792+0100] {logging_mixin.py:137} INFO - [2022-12-31T21:23:09.792+0100] {dagbag.py:538} INFO - Filling up the DagBag from /Library/Frameworks/Python.framework/Versions/3.11/lib/python3.11/site-packages/airflow/example_dags/example_xcom.py
[2022-12-31T21:23:09.826+0100] {processor.py:753} INFO - DAG(s) dict_keys(['example_xcom']) retrieved from /Library/Frameworks/Python.framework/Versions/3.11/lib/python3.11/site-packages/airflow/example_dags/example_xcom.py
[2022-12-31T21:23:10.645+0100] {logging_mixin.py:137} INFO - [2022-12-31T21:23:10.645+0100] {dag.py:2676} INFO - Sync 1 DAGs
[2022-12-31T21:23:10.654+0100] {logging_mixin.py:137} INFO - [2022-12-31T21:23:10.654+0100] {dag.py:3423} INFO - Setting next_dagrun for example_xcom to 2021-01-01T00:00:00+00:00, run_after=2021-01-01T00:00:00+00:00
[2022-12-31T21:23:10.665+0100] {processor.py:175} INFO - Processing /Library/Frameworks/Python.framework/Versions/3.11/lib/python3.11/site-packages/airflow/example_dags/example_xcom.py took 0.884 seconds
[2022-12-31T21:24:10.836+0100] {processor.py:153} INFO - Started process (PID=96928) to work on /Library/Frameworks/Python.framework/Versions/3.11/lib/python3.11/site-packages/airflow/example_dags/example_xcom.py
[2022-12-31T21:24:10.842+0100] {processor.py:743} INFO - Processing file /Library/Frameworks/Python.framework/Versions/3.11/lib/python3.11/site-packages/airflow/example_dags/example_xcom.py for tasks to queue
[2022-12-31T21:24:10.842+0100] {logging_mixin.py:137} INFO - [2022-12-31T21:24:10.842+0100] {dagbag.py:538} INFO - Filling up the DagBag from /Library/Frameworks/Python.framework/Versions/3.11/lib/python3.11/site-packages/airflow/example_dags/example_xcom.py
[2022-12-31T21:24:10.864+0100] {processor.py:753} INFO - DAG(s) dict_keys(['example_xcom']) retrieved from /Library/Frameworks/Python.framework/Versions/3.11/lib/python3.11/site-packages/airflow/example_dags/example_xcom.py
[2022-12-31T21:24:11.259+0100] {logging_mixin.py:137} INFO - [2022-12-31T21:24:11.259+0100] {dag.py:2676} INFO - Sync 1 DAGs
[2022-12-31T21:24:11.264+0100] {logging_mixin.py:137} INFO - [2022-12-31T21:24:11.264+0100] {dag.py:3423} INFO - Setting next_dagrun for example_xcom to 2021-01-01T00:00:00+00:00, run_after=2021-01-01T00:00:00+00:00
[2022-12-31T21:24:11.271+0100] {processor.py:175} INFO - Processing /Library/Frameworks/Python.framework/Versions/3.11/lib/python3.11/site-packages/airflow/example_dags/example_xcom.py took 0.436 seconds
[2022-12-31T21:25:07.019+0100] {processor.py:153} INFO - Started process (PID=97027) to work on /Library/Frameworks/Python.framework/Versions/3.11/lib/python3.11/site-packages/airflow/example_dags/example_xcom.py
[2022-12-31T21:25:07.023+0100] {processor.py:743} INFO - Processing file /Library/Frameworks/Python.framework/Versions/3.11/lib/python3.11/site-packages/airflow/example_dags/example_xcom.py for tasks to queue
[2022-12-31T21:25:07.023+0100] {logging_mixin.py:137} INFO - [2022-12-31T21:25:07.023+0100] {dagbag.py:538} INFO - Filling up the DagBag from /Library/Frameworks/Python.framework/Versions/3.11/lib/python3.11/site-packages/airflow/example_dags/example_xcom.py
[2022-12-31T21:25:07.045+0100] {processor.py:753} INFO - DAG(s) dict_keys(['example_xcom']) retrieved from /Library/Frameworks/Python.framework/Versions/3.11/lib/python3.11/site-packages/airflow/example_dags/example_xcom.py
[2022-12-31T21:25:07.487+0100] {logging_mixin.py:137} INFO - [2022-12-31T21:25:07.487+0100] {dag.py:2676} INFO - Sync 1 DAGs
[2022-12-31T21:25:07.492+0100] {logging_mixin.py:137} INFO - [2022-12-31T21:25:07.492+0100] {dag.py:3423} INFO - Setting next_dagrun for example_xcom to 2021-01-01T00:00:00+00:00, run_after=2021-01-01T00:00:00+00:00
[2022-12-31T21:25:07.498+0100] {processor.py:175} INFO - Processing /Library/Frameworks/Python.framework/Versions/3.11/lib/python3.11/site-packages/airflow/example_dags/example_xcom.py took 0.479 seconds
[2022-12-31T21:26:03.942+0100] {processor.py:153} INFO - Started process (PID=97149) to work on /Library/Frameworks/Python.framework/Versions/3.11/lib/python3.11/site-packages/airflow/example_dags/example_xcom.py
[2022-12-31T21:26:03.945+0100] {processor.py:743} INFO - Processing file /Library/Frameworks/Python.framework/Versions/3.11/lib/python3.11/site-packages/airflow/example_dags/example_xcom.py for tasks to queue
[2022-12-31T21:26:03.945+0100] {logging_mixin.py:137} INFO - [2022-12-31T21:26:03.945+0100] {dagbag.py:538} INFO - Filling up the DagBag from /Library/Frameworks/Python.framework/Versions/3.11/lib/python3.11/site-packages/airflow/example_dags/example_xcom.py
[2022-12-31T21:26:03.966+0100] {processor.py:753} INFO - DAG(s) dict_keys(['example_xcom']) retrieved from /Library/Frameworks/Python.framework/Versions/3.11/lib/python3.11/site-packages/airflow/example_dags/example_xcom.py
[2022-12-31T21:26:04.361+0100] {logging_mixin.py:137} INFO - [2022-12-31T21:26:04.361+0100] {dag.py:2676} INFO - Sync 1 DAGs
[2022-12-31T21:26:04.366+0100] {logging_mixin.py:137} INFO - [2022-12-31T21:26:04.366+0100] {dag.py:3423} INFO - Setting next_dagrun for example_xcom to 2021-01-01T00:00:00+00:00, run_after=2021-01-01T00:00:00+00:00
[2022-12-31T21:26:04.372+0100] {processor.py:175} INFO - Processing /Library/Frameworks/Python.framework/Versions/3.11/lib/python3.11/site-packages/airflow/example_dags/example_xcom.py took 0.431 seconds
[2022-12-31T21:27:01.563+0100] {processor.py:153} INFO - Started process (PID=97278) to work on /Library/Frameworks/Python.framework/Versions/3.11/lib/python3.11/site-packages/airflow/example_dags/example_xcom.py
[2022-12-31T21:27:01.580+0100] {processor.py:743} INFO - Processing file /Library/Frameworks/Python.framework/Versions/3.11/lib/python3.11/site-packages/airflow/example_dags/example_xcom.py for tasks to queue
[2022-12-31T21:27:01.580+0100] {logging_mixin.py:137} INFO - [2022-12-31T21:27:01.580+0100] {dagbag.py:538} INFO - Filling up the DagBag from /Library/Frameworks/Python.framework/Versions/3.11/lib/python3.11/site-packages/airflow/example_dags/example_xcom.py
[2022-12-31T21:27:01.604+0100] {processor.py:753} INFO - DAG(s) dict_keys(['example_xcom']) retrieved from /Library/Frameworks/Python.framework/Versions/3.11/lib/python3.11/site-packages/airflow/example_dags/example_xcom.py
[2022-12-31T21:27:02.054+0100] {logging_mixin.py:137} INFO - [2022-12-31T21:27:02.054+0100] {dag.py:2676} INFO - Sync 1 DAGs
[2022-12-31T21:27:02.060+0100] {logging_mixin.py:137} INFO - [2022-12-31T21:27:02.060+0100] {dag.py:3423} INFO - Setting next_dagrun for example_xcom to 2021-01-01T00:00:00+00:00, run_after=2021-01-01T00:00:00+00:00
[2022-12-31T21:27:02.066+0100] {processor.py:175} INFO - Processing /Library/Frameworks/Python.framework/Versions/3.11/lib/python3.11/site-packages/airflow/example_dags/example_xcom.py took 0.504 seconds
[2022-12-31T21:27:58.919+0100] {processor.py:153} INFO - Started process (PID=97374) to work on /Library/Frameworks/Python.framework/Versions/3.11/lib/python3.11/site-packages/airflow/example_dags/example_xcom.py
[2022-12-31T21:27:58.926+0100] {processor.py:743} INFO - Processing file /Library/Frameworks/Python.framework/Versions/3.11/lib/python3.11/site-packages/airflow/example_dags/example_xcom.py for tasks to queue
[2022-12-31T21:27:58.926+0100] {logging_mixin.py:137} INFO - [2022-12-31T21:27:58.926+0100] {dagbag.py:538} INFO - Filling up the DagBag from /Library/Frameworks/Python.framework/Versions/3.11/lib/python3.11/site-packages/airflow/example_dags/example_xcom.py
[2022-12-31T21:27:58.947+0100] {processor.py:753} INFO - DAG(s) dict_keys(['example_xcom']) retrieved from /Library/Frameworks/Python.framework/Versions/3.11/lib/python3.11/site-packages/airflow/example_dags/example_xcom.py
[2022-12-31T21:27:59.390+0100] {logging_mixin.py:137} INFO - [2022-12-31T21:27:59.390+0100] {dag.py:2676} INFO - Sync 1 DAGs
[2022-12-31T21:27:59.395+0100] {logging_mixin.py:137} INFO - [2022-12-31T21:27:59.395+0100] {dag.py:3423} INFO - Setting next_dagrun for example_xcom to 2021-01-01T00:00:00+00:00, run_after=2021-01-01T00:00:00+00:00
[2022-12-31T21:27:59.401+0100] {processor.py:175} INFO - Processing /Library/Frameworks/Python.framework/Versions/3.11/lib/python3.11/site-packages/airflow/example_dags/example_xcom.py took 0.486 seconds
