[2022-12-31T20:29:54.490+0100] {processor.py:153} INFO - Started process (PID=90233) to work on /Library/Frameworks/Python.framework/Versions/3.11/lib/python3.11/site-packages/airflow/example_dags/example_branch_python_dop_operator_3.py
[2022-12-31T20:29:54.495+0100] {processor.py:743} INFO - Processing file /Library/Frameworks/Python.framework/Versions/3.11/lib/python3.11/site-packages/airflow/example_dags/example_branch_python_dop_operator_3.py for tasks to queue
[2022-12-31T20:29:54.495+0100] {logging_mixin.py:137} INFO - [2022-12-31T20:29:54.495+0100] {dagbag.py:538} INFO - Filling up the DagBag from /Library/Frameworks/Python.framework/Versions/3.11/lib/python3.11/site-packages/airflow/example_dags/example_branch_python_dop_operator_3.py
[2022-12-31T20:29:54.524+0100] {processor.py:753} INFO - DAG(s) dict_keys(['example_branch_dop_operator_v3']) retrieved from /Library/Frameworks/Python.framework/Versions/3.11/lib/python3.11/site-packages/airflow/example_dags/example_branch_python_dop_operator_3.py
[2022-12-31T20:29:54.959+0100] {logging_mixin.py:137} INFO - [2022-12-31T20:29:54.959+0100] {manager.py:504} INFO - Created Permission View: can read on DAG:example_branch_dop_operator_v3
[2022-12-31T20:29:54.961+0100] {logging_mixin.py:137} INFO - [2022-12-31T20:29:54.961+0100] {manager.py:504} INFO - Created Permission View: can delete on DAG:example_branch_dop_operator_v3
[2022-12-31T20:29:54.963+0100] {logging_mixin.py:137} INFO - [2022-12-31T20:29:54.963+0100] {manager.py:504} INFO - Created Permission View: can edit on DAG:example_branch_dop_operator_v3
[2022-12-31T20:29:54.963+0100] {logging_mixin.py:137} INFO - [2022-12-31T20:29:54.963+0100] {dag.py:2676} INFO - Sync 1 DAGs
[2022-12-31T20:29:54.966+0100] {logging_mixin.py:137} INFO - [2022-12-31T20:29:54.966+0100] {dag.py:2697} INFO - Creating ORM DAG for example_branch_dop_operator_v3
[2022-12-31T20:29:54.970+0100] {logging_mixin.py:137} INFO - [2022-12-31T20:29:54.970+0100] {dag.py:3423} INFO - Setting next_dagrun for example_branch_dop_operator_v3 to 2022-12-31T19:28:00+00:00, run_after=2022-12-31T19:29:00+00:00
[2022-12-31T20:29:54.977+0100] {processor.py:175} INFO - Processing /Library/Frameworks/Python.framework/Versions/3.11/lib/python3.11/site-packages/airflow/example_dags/example_branch_python_dop_operator_3.py took 0.487 seconds
[2022-12-31T20:31:45.996+0100] {processor.py:153} INFO - Started process (PID=90462) to work on /Library/Frameworks/Python.framework/Versions/3.11/lib/python3.11/site-packages/airflow/example_dags/example_branch_python_dop_operator_3.py
[2022-12-31T20:31:46.001+0100] {processor.py:743} INFO - Processing file /Library/Frameworks/Python.framework/Versions/3.11/lib/python3.11/site-packages/airflow/example_dags/example_branch_python_dop_operator_3.py for tasks to queue
[2022-12-31T20:31:46.001+0100] {logging_mixin.py:137} INFO - [2022-12-31T20:31:46.001+0100] {dagbag.py:538} INFO - Filling up the DagBag from /Library/Frameworks/Python.framework/Versions/3.11/lib/python3.11/site-packages/airflow/example_dags/example_branch_python_dop_operator_3.py
[2022-12-31T20:31:46.021+0100] {processor.py:753} INFO - DAG(s) dict_keys(['example_branch_dop_operator_v3']) retrieved from /Library/Frameworks/Python.framework/Versions/3.11/lib/python3.11/site-packages/airflow/example_dags/example_branch_python_dop_operator_3.py
[2022-12-31T20:31:46.456+0100] {logging_mixin.py:137} INFO - [2022-12-31T20:31:46.456+0100] {dag.py:2676} INFO - Sync 1 DAGs
[2022-12-31T20:31:46.463+0100] {logging_mixin.py:137} INFO - [2022-12-31T20:31:46.463+0100] {dag.py:3423} INFO - Setting next_dagrun for example_branch_dop_operator_v3 to 2022-12-31T19:30:00+00:00, run_after=2022-12-31T19:31:00+00:00
[2022-12-31T20:31:46.471+0100] {processor.py:175} INFO - Processing /Library/Frameworks/Python.framework/Versions/3.11/lib/python3.11/site-packages/airflow/example_dags/example_branch_python_dop_operator_3.py took 0.475 seconds
[2022-12-31T20:33:30.274+0100] {processor.py:153} INFO - Started process (PID=90598) to work on /Library/Frameworks/Python.framework/Versions/3.11/lib/python3.11/site-packages/airflow/example_dags/example_branch_python_dop_operator_3.py
[2022-12-31T20:33:30.278+0100] {processor.py:743} INFO - Processing file /Library/Frameworks/Python.framework/Versions/3.11/lib/python3.11/site-packages/airflow/example_dags/example_branch_python_dop_operator_3.py for tasks to queue
[2022-12-31T20:33:30.279+0100] {logging_mixin.py:137} INFO - [2022-12-31T20:33:30.279+0100] {dagbag.py:538} INFO - Filling up the DagBag from /Library/Frameworks/Python.framework/Versions/3.11/lib/python3.11/site-packages/airflow/example_dags/example_branch_python_dop_operator_3.py
[2022-12-31T20:33:30.299+0100] {processor.py:753} INFO - DAG(s) dict_keys(['example_branch_dop_operator_v3']) retrieved from /Library/Frameworks/Python.framework/Versions/3.11/lib/python3.11/site-packages/airflow/example_dags/example_branch_python_dop_operator_3.py
[2022-12-31T20:33:30.711+0100] {logging_mixin.py:137} INFO - [2022-12-31T20:33:30.710+0100] {dag.py:2676} INFO - Sync 1 DAGs
[2022-12-31T20:33:30.717+0100] {logging_mixin.py:137} INFO - [2022-12-31T20:33:30.717+0100] {dag.py:3423} INFO - Setting next_dagrun for example_branch_dop_operator_v3 to 2022-12-31T19:32:00+00:00, run_after=2022-12-31T19:33:00+00:00
[2022-12-31T20:33:30.725+0100] {processor.py:175} INFO - Processing /Library/Frameworks/Python.framework/Versions/3.11/lib/python3.11/site-packages/airflow/example_dags/example_branch_python_dop_operator_3.py took 0.452 seconds
[2022-12-31T20:36:28.296+0100] {processor.py:153} INFO - Started process (PID=90851) to work on /Library/Frameworks/Python.framework/Versions/3.11/lib/python3.11/site-packages/airflow/example_dags/example_branch_python_dop_operator_3.py
[2022-12-31T20:36:28.299+0100] {processor.py:743} INFO - Processing file /Library/Frameworks/Python.framework/Versions/3.11/lib/python3.11/site-packages/airflow/example_dags/example_branch_python_dop_operator_3.py for tasks to queue
[2022-12-31T20:36:28.299+0100] {logging_mixin.py:137} INFO - [2022-12-31T20:36:28.299+0100] {dagbag.py:538} INFO - Filling up the DagBag from /Library/Frameworks/Python.framework/Versions/3.11/lib/python3.11/site-packages/airflow/example_dags/example_branch_python_dop_operator_3.py
[2022-12-31T20:36:28.319+0100] {processor.py:753} INFO - DAG(s) dict_keys(['example_branch_dop_operator_v3']) retrieved from /Library/Frameworks/Python.framework/Versions/3.11/lib/python3.11/site-packages/airflow/example_dags/example_branch_python_dop_operator_3.py
[2022-12-31T20:36:28.723+0100] {logging_mixin.py:137} INFO - [2022-12-31T20:36:28.723+0100] {dag.py:2676} INFO - Sync 1 DAGs
[2022-12-31T20:36:28.730+0100] {logging_mixin.py:137} INFO - [2022-12-31T20:36:28.730+0100] {dag.py:3423} INFO - Setting next_dagrun for example_branch_dop_operator_v3 to 2022-12-31T19:35:00+00:00, run_after=2022-12-31T19:36:00+00:00
[2022-12-31T20:36:28.737+0100] {processor.py:175} INFO - Processing /Library/Frameworks/Python.framework/Versions/3.11/lib/python3.11/site-packages/airflow/example_dags/example_branch_python_dop_operator_3.py took 0.441 seconds
[2022-12-31T20:38:10.764+0100] {processor.py:153} INFO - Started process (PID=91002) to work on /Library/Frameworks/Python.framework/Versions/3.11/lib/python3.11/site-packages/airflow/example_dags/example_branch_python_dop_operator_3.py
[2022-12-31T20:38:10.769+0100] {processor.py:743} INFO - Processing file /Library/Frameworks/Python.framework/Versions/3.11/lib/python3.11/site-packages/airflow/example_dags/example_branch_python_dop_operator_3.py for tasks to queue
[2022-12-31T20:38:10.769+0100] {logging_mixin.py:137} INFO - [2022-12-31T20:38:10.769+0100] {dagbag.py:538} INFO - Filling up the DagBag from /Library/Frameworks/Python.framework/Versions/3.11/lib/python3.11/site-packages/airflow/example_dags/example_branch_python_dop_operator_3.py
[2022-12-31T20:38:10.792+0100] {processor.py:753} INFO - DAG(s) dict_keys(['example_branch_dop_operator_v3']) retrieved from /Library/Frameworks/Python.framework/Versions/3.11/lib/python3.11/site-packages/airflow/example_dags/example_branch_python_dop_operator_3.py
[2022-12-31T20:38:11.213+0100] {logging_mixin.py:137} INFO - [2022-12-31T20:38:11.213+0100] {dag.py:2676} INFO - Sync 1 DAGs
[2022-12-31T20:38:11.220+0100] {logging_mixin.py:137} INFO - [2022-12-31T20:38:11.220+0100] {dag.py:3423} INFO - Setting next_dagrun for example_branch_dop_operator_v3 to 2022-12-31T19:37:00+00:00, run_after=2022-12-31T19:38:00+00:00
[2022-12-31T20:38:11.227+0100] {processor.py:175} INFO - Processing /Library/Frameworks/Python.framework/Versions/3.11/lib/python3.11/site-packages/airflow/example_dags/example_branch_python_dop_operator_3.py took 0.464 seconds
[2022-12-31T20:39:54.630+0100] {processor.py:153} INFO - Started process (PID=91178) to work on /Library/Frameworks/Python.framework/Versions/3.11/lib/python3.11/site-packages/airflow/example_dags/example_branch_python_dop_operator_3.py
[2022-12-31T20:39:54.637+0100] {processor.py:743} INFO - Processing file /Library/Frameworks/Python.framework/Versions/3.11/lib/python3.11/site-packages/airflow/example_dags/example_branch_python_dop_operator_3.py for tasks to queue
[2022-12-31T20:39:54.637+0100] {logging_mixin.py:137} INFO - [2022-12-31T20:39:54.637+0100] {dagbag.py:538} INFO - Filling up the DagBag from /Library/Frameworks/Python.framework/Versions/3.11/lib/python3.11/site-packages/airflow/example_dags/example_branch_python_dop_operator_3.py
[2022-12-31T20:39:54.661+0100] {processor.py:753} INFO - DAG(s) dict_keys(['example_branch_dop_operator_v3']) retrieved from /Library/Frameworks/Python.framework/Versions/3.11/lib/python3.11/site-packages/airflow/example_dags/example_branch_python_dop_operator_3.py
[2022-12-31T20:39:55.071+0100] {logging_mixin.py:137} INFO - [2022-12-31T20:39:55.071+0100] {dag.py:2676} INFO - Sync 1 DAGs
[2022-12-31T20:39:55.078+0100] {logging_mixin.py:137} INFO - [2022-12-31T20:39:55.078+0100] {dag.py:3423} INFO - Setting next_dagrun for example_branch_dop_operator_v3 to 2022-12-31T19:38:00+00:00, run_after=2022-12-31T19:39:00+00:00
[2022-12-31T20:39:55.085+0100] {processor.py:175} INFO - Processing /Library/Frameworks/Python.framework/Versions/3.11/lib/python3.11/site-packages/airflow/example_dags/example_branch_python_dop_operator_3.py took 0.456 seconds
[2022-12-31T20:41:42.908+0100] {processor.py:153} INFO - Started process (PID=91345) to work on /Library/Frameworks/Python.framework/Versions/3.11/lib/python3.11/site-packages/airflow/example_dags/example_branch_python_dop_operator_3.py
[2022-12-31T20:41:42.913+0100] {processor.py:743} INFO - Processing file /Library/Frameworks/Python.framework/Versions/3.11/lib/python3.11/site-packages/airflow/example_dags/example_branch_python_dop_operator_3.py for tasks to queue
[2022-12-31T20:41:42.914+0100] {logging_mixin.py:137} INFO - [2022-12-31T20:41:42.913+0100] {dagbag.py:538} INFO - Filling up the DagBag from /Library/Frameworks/Python.framework/Versions/3.11/lib/python3.11/site-packages/airflow/example_dags/example_branch_python_dop_operator_3.py
[2022-12-31T20:41:42.940+0100] {processor.py:753} INFO - DAG(s) dict_keys(['example_branch_dop_operator_v3']) retrieved from /Library/Frameworks/Python.framework/Versions/3.11/lib/python3.11/site-packages/airflow/example_dags/example_branch_python_dop_operator_3.py
[2022-12-31T20:41:43.337+0100] {logging_mixin.py:137} INFO - [2022-12-31T20:41:43.337+0100] {dag.py:2676} INFO - Sync 1 DAGs
[2022-12-31T20:41:43.344+0100] {logging_mixin.py:137} INFO - [2022-12-31T20:41:43.344+0100] {dag.py:3423} INFO - Setting next_dagrun for example_branch_dop_operator_v3 to 2022-12-31T19:40:00+00:00, run_after=2022-12-31T19:41:00+00:00
[2022-12-31T20:41:43.350+0100] {processor.py:175} INFO - Processing /Library/Frameworks/Python.framework/Versions/3.11/lib/python3.11/site-packages/airflow/example_dags/example_branch_python_dop_operator_3.py took 0.442 seconds
[2022-12-31T20:43:27.487+0100] {processor.py:153} INFO - Started process (PID=91532) to work on /Library/Frameworks/Python.framework/Versions/3.11/lib/python3.11/site-packages/airflow/example_dags/example_branch_python_dop_operator_3.py
[2022-12-31T20:43:27.495+0100] {processor.py:743} INFO - Processing file /Library/Frameworks/Python.framework/Versions/3.11/lib/python3.11/site-packages/airflow/example_dags/example_branch_python_dop_operator_3.py for tasks to queue
[2022-12-31T20:43:27.495+0100] {logging_mixin.py:137} INFO - [2022-12-31T20:43:27.495+0100] {dagbag.py:538} INFO - Filling up the DagBag from /Library/Frameworks/Python.framework/Versions/3.11/lib/python3.11/site-packages/airflow/example_dags/example_branch_python_dop_operator_3.py
[2022-12-31T20:43:27.517+0100] {processor.py:753} INFO - DAG(s) dict_keys(['example_branch_dop_operator_v3']) retrieved from /Library/Frameworks/Python.framework/Versions/3.11/lib/python3.11/site-packages/airflow/example_dags/example_branch_python_dop_operator_3.py
[2022-12-31T20:43:27.976+0100] {logging_mixin.py:137} INFO - [2022-12-31T20:43:27.975+0100] {dag.py:2676} INFO - Sync 1 DAGs
[2022-12-31T20:43:27.982+0100] {logging_mixin.py:137} INFO - [2022-12-31T20:43:27.982+0100] {dag.py:3423} INFO - Setting next_dagrun for example_branch_dop_operator_v3 to 2022-12-31T19:42:00+00:00, run_after=2022-12-31T19:43:00+00:00
[2022-12-31T20:43:27.990+0100] {processor.py:175} INFO - Processing /Library/Frameworks/Python.framework/Versions/3.11/lib/python3.11/site-packages/airflow/example_dags/example_branch_python_dop_operator_3.py took 0.503 seconds
[2022-12-31T20:47:49.115+0100] {processor.py:153} INFO - Started process (PID=92042) to work on /Library/Frameworks/Python.framework/Versions/3.11/lib/python3.11/site-packages/airflow/example_dags/example_branch_python_dop_operator_3.py
[2022-12-31T20:47:49.119+0100] {processor.py:743} INFO - Processing file /Library/Frameworks/Python.framework/Versions/3.11/lib/python3.11/site-packages/airflow/example_dags/example_branch_python_dop_operator_3.py for tasks to queue
[2022-12-31T20:47:49.119+0100] {logging_mixin.py:137} INFO - [2022-12-31T20:47:49.119+0100] {dagbag.py:538} INFO - Filling up the DagBag from /Library/Frameworks/Python.framework/Versions/3.11/lib/python3.11/site-packages/airflow/example_dags/example_branch_python_dop_operator_3.py
[2022-12-31T20:47:49.140+0100] {processor.py:753} INFO - DAG(s) dict_keys(['example_branch_dop_operator_v3']) retrieved from /Library/Frameworks/Python.framework/Versions/3.11/lib/python3.11/site-packages/airflow/example_dags/example_branch_python_dop_operator_3.py
[2022-12-31T20:47:49.551+0100] {logging_mixin.py:137} INFO - [2022-12-31T20:47:49.551+0100] {dag.py:2676} INFO - Sync 1 DAGs
[2022-12-31T20:47:49.557+0100] {logging_mixin.py:137} INFO - [2022-12-31T20:47:49.557+0100] {dag.py:3423} INFO - Setting next_dagrun for example_branch_dop_operator_v3 to 2022-12-31T19:46:00+00:00, run_after=2022-12-31T19:47:00+00:00
[2022-12-31T20:47:49.563+0100] {processor.py:175} INFO - Processing /Library/Frameworks/Python.framework/Versions/3.11/lib/python3.11/site-packages/airflow/example_dags/example_branch_python_dop_operator_3.py took 0.449 seconds
[2022-12-31T20:52:13.280+0100] {processor.py:153} INFO - Started process (PID=92648) to work on /Library/Frameworks/Python.framework/Versions/3.11/lib/python3.11/site-packages/airflow/example_dags/example_branch_python_dop_operator_3.py
[2022-12-31T20:52:13.282+0100] {processor.py:743} INFO - Processing file /Library/Frameworks/Python.framework/Versions/3.11/lib/python3.11/site-packages/airflow/example_dags/example_branch_python_dop_operator_3.py for tasks to queue
[2022-12-31T20:52:13.283+0100] {logging_mixin.py:137} INFO - [2022-12-31T20:52:13.283+0100] {dagbag.py:538} INFO - Filling up the DagBag from /Library/Frameworks/Python.framework/Versions/3.11/lib/python3.11/site-packages/airflow/example_dags/example_branch_python_dop_operator_3.py
[2022-12-31T20:52:13.320+0100] {processor.py:753} INFO - DAG(s) dict_keys(['example_branch_dop_operator_v3']) retrieved from /Library/Frameworks/Python.framework/Versions/3.11/lib/python3.11/site-packages/airflow/example_dags/example_branch_python_dop_operator_3.py
[2022-12-31T20:52:13.872+0100] {logging_mixin.py:137} INFO - [2022-12-31T20:52:13.872+0100] {dag.py:2676} INFO - Sync 1 DAGs
[2022-12-31T20:52:13.880+0100] {logging_mixin.py:137} INFO - [2022-12-31T20:52:13.880+0100] {dag.py:3423} INFO - Setting next_dagrun for example_branch_dop_operator_v3 to 2022-12-31T19:51:00+00:00, run_after=2022-12-31T19:52:00+00:00
[2022-12-31T20:52:13.888+0100] {processor.py:175} INFO - Processing /Library/Frameworks/Python.framework/Versions/3.11/lib/python3.11/site-packages/airflow/example_dags/example_branch_python_dop_operator_3.py took 0.608 seconds
[2022-12-31T20:55:47.577+0100] {processor.py:153} INFO - Started process (PID=93207) to work on /Library/Frameworks/Python.framework/Versions/3.11/lib/python3.11/site-packages/airflow/example_dags/example_branch_python_dop_operator_3.py
[2022-12-31T20:55:47.581+0100] {processor.py:743} INFO - Processing file /Library/Frameworks/Python.framework/Versions/3.11/lib/python3.11/site-packages/airflow/example_dags/example_branch_python_dop_operator_3.py for tasks to queue
[2022-12-31T20:55:47.581+0100] {logging_mixin.py:137} INFO - [2022-12-31T20:55:47.581+0100] {dagbag.py:538} INFO - Filling up the DagBag from /Library/Frameworks/Python.framework/Versions/3.11/lib/python3.11/site-packages/airflow/example_dags/example_branch_python_dop_operator_3.py
[2022-12-31T20:55:47.617+0100] {processor.py:753} INFO - DAG(s) dict_keys(['example_branch_dop_operator_v3']) retrieved from /Library/Frameworks/Python.framework/Versions/3.11/lib/python3.11/site-packages/airflow/example_dags/example_branch_python_dop_operator_3.py
[2022-12-31T20:55:48.095+0100] {logging_mixin.py:137} INFO - [2022-12-31T20:55:48.095+0100] {dag.py:2676} INFO - Sync 1 DAGs
[2022-12-31T20:55:48.103+0100] {logging_mixin.py:137} INFO - [2022-12-31T20:55:48.102+0100] {dag.py:3423} INFO - Setting next_dagrun for example_branch_dop_operator_v3 to 2022-12-31T19:54:00+00:00, run_after=2022-12-31T19:55:00+00:00
[2022-12-31T20:55:48.117+0100] {processor.py:175} INFO - Processing /Library/Frameworks/Python.framework/Versions/3.11/lib/python3.11/site-packages/airflow/example_dags/example_branch_python_dop_operator_3.py took 0.541 seconds
[2022-12-31T20:57:50.415+0100] {processor.py:153} INFO - Started process (PID=93471) to work on /Library/Frameworks/Python.framework/Versions/3.11/lib/python3.11/site-packages/airflow/example_dags/example_branch_python_dop_operator_3.py
[2022-12-31T20:57:50.417+0100] {processor.py:743} INFO - Processing file /Library/Frameworks/Python.framework/Versions/3.11/lib/python3.11/site-packages/airflow/example_dags/example_branch_python_dop_operator_3.py for tasks to queue
[2022-12-31T20:57:50.418+0100] {logging_mixin.py:137} INFO - [2022-12-31T20:57:50.418+0100] {dagbag.py:538} INFO - Filling up the DagBag from /Library/Frameworks/Python.framework/Versions/3.11/lib/python3.11/site-packages/airflow/example_dags/example_branch_python_dop_operator_3.py
[2022-12-31T20:57:50.443+0100] {processor.py:753} INFO - DAG(s) dict_keys(['example_branch_dop_operator_v3']) retrieved from /Library/Frameworks/Python.framework/Versions/3.11/lib/python3.11/site-packages/airflow/example_dags/example_branch_python_dop_operator_3.py
[2022-12-31T20:57:50.842+0100] {logging_mixin.py:137} INFO - [2022-12-31T20:57:50.842+0100] {dag.py:2676} INFO - Sync 1 DAGs
[2022-12-31T20:57:50.850+0100] {logging_mixin.py:137} INFO - [2022-12-31T20:57:50.850+0100] {dag.py:3423} INFO - Setting next_dagrun for example_branch_dop_operator_v3 to 2022-12-31T19:56:00+00:00, run_after=2022-12-31T19:57:00+00:00
[2022-12-31T20:57:50.856+0100] {processor.py:175} INFO - Processing /Library/Frameworks/Python.framework/Versions/3.11/lib/python3.11/site-packages/airflow/example_dags/example_branch_python_dop_operator_3.py took 0.441 seconds
[2022-12-31T20:59:52.883+0100] {processor.py:153} INFO - Started process (PID=93697) to work on /Library/Frameworks/Python.framework/Versions/3.11/lib/python3.11/site-packages/airflow/example_dags/example_branch_python_dop_operator_3.py
[2022-12-31T20:59:52.887+0100] {processor.py:743} INFO - Processing file /Library/Frameworks/Python.framework/Versions/3.11/lib/python3.11/site-packages/airflow/example_dags/example_branch_python_dop_operator_3.py for tasks to queue
[2022-12-31T20:59:52.887+0100] {logging_mixin.py:137} INFO - [2022-12-31T20:59:52.887+0100] {dagbag.py:538} INFO - Filling up the DagBag from /Library/Frameworks/Python.framework/Versions/3.11/lib/python3.11/site-packages/airflow/example_dags/example_branch_python_dop_operator_3.py
[2022-12-31T20:59:52.917+0100] {processor.py:753} INFO - DAG(s) dict_keys(['example_branch_dop_operator_v3']) retrieved from /Library/Frameworks/Python.framework/Versions/3.11/lib/python3.11/site-packages/airflow/example_dags/example_branch_python_dop_operator_3.py
[2022-12-31T20:59:53.379+0100] {logging_mixin.py:137} INFO - [2022-12-31T20:59:53.379+0100] {dag.py:2676} INFO - Sync 1 DAGs
[2022-12-31T20:59:53.387+0100] {logging_mixin.py:137} INFO - [2022-12-31T20:59:53.387+0100] {dag.py:3423} INFO - Setting next_dagrun for example_branch_dop_operator_v3 to 2022-12-31T19:58:00+00:00, run_after=2022-12-31T19:59:00+00:00
[2022-12-31T20:59:53.394+0100] {processor.py:175} INFO - Processing /Library/Frameworks/Python.framework/Versions/3.11/lib/python3.11/site-packages/airflow/example_dags/example_branch_python_dop_operator_3.py took 0.514 seconds
[2022-12-31T21:01:55.813+0100] {processor.py:153} INFO - Started process (PID=94026) to work on /Library/Frameworks/Python.framework/Versions/3.11/lib/python3.11/site-packages/airflow/example_dags/example_branch_python_dop_operator_3.py
[2022-12-31T21:01:55.818+0100] {processor.py:743} INFO - Processing file /Library/Frameworks/Python.framework/Versions/3.11/lib/python3.11/site-packages/airflow/example_dags/example_branch_python_dop_operator_3.py for tasks to queue
[2022-12-31T21:01:55.819+0100] {logging_mixin.py:137} INFO - [2022-12-31T21:01:55.819+0100] {dagbag.py:538} INFO - Filling up the DagBag from /Library/Frameworks/Python.framework/Versions/3.11/lib/python3.11/site-packages/airflow/example_dags/example_branch_python_dop_operator_3.py
[2022-12-31T21:01:55.847+0100] {processor.py:753} INFO - DAG(s) dict_keys(['example_branch_dop_operator_v3']) retrieved from /Library/Frameworks/Python.framework/Versions/3.11/lib/python3.11/site-packages/airflow/example_dags/example_branch_python_dop_operator_3.py
[2022-12-31T21:01:56.260+0100] {logging_mixin.py:137} INFO - [2022-12-31T21:01:56.260+0100] {dag.py:2676} INFO - Sync 1 DAGs
[2022-12-31T21:01:56.269+0100] {logging_mixin.py:137} INFO - [2022-12-31T21:01:56.269+0100] {dag.py:3423} INFO - Setting next_dagrun for example_branch_dop_operator_v3 to 2022-12-31T20:00:00+00:00, run_after=2022-12-31T20:01:00+00:00
[2022-12-31T21:01:56.277+0100] {processor.py:175} INFO - Processing /Library/Frameworks/Python.framework/Versions/3.11/lib/python3.11/site-packages/airflow/example_dags/example_branch_python_dop_operator_3.py took 0.465 seconds
[2022-12-31T21:03:59.793+0100] {processor.py:153} INFO - Started process (PID=94351) to work on /Library/Frameworks/Python.framework/Versions/3.11/lib/python3.11/site-packages/airflow/example_dags/example_branch_python_dop_operator_3.py
[2022-12-31T21:03:59.797+0100] {processor.py:743} INFO - Processing file /Library/Frameworks/Python.framework/Versions/3.11/lib/python3.11/site-packages/airflow/example_dags/example_branch_python_dop_operator_3.py for tasks to queue
[2022-12-31T21:03:59.797+0100] {logging_mixin.py:137} INFO - [2022-12-31T21:03:59.797+0100] {dagbag.py:538} INFO - Filling up the DagBag from /Library/Frameworks/Python.framework/Versions/3.11/lib/python3.11/site-packages/airflow/example_dags/example_branch_python_dop_operator_3.py
[2022-12-31T21:03:59.843+0100] {processor.py:753} INFO - DAG(s) dict_keys(['example_branch_dop_operator_v3']) retrieved from /Library/Frameworks/Python.framework/Versions/3.11/lib/python3.11/site-packages/airflow/example_dags/example_branch_python_dop_operator_3.py
[2022-12-31T21:04:00.335+0100] {logging_mixin.py:137} INFO - [2022-12-31T21:04:00.335+0100] {dag.py:2676} INFO - Sync 1 DAGs
[2022-12-31T21:04:00.344+0100] {logging_mixin.py:137} INFO - [2022-12-31T21:04:00.344+0100] {dag.py:3423} INFO - Setting next_dagrun for example_branch_dop_operator_v3 to 2022-12-31T20:03:00+00:00, run_after=2022-12-31T20:04:00+00:00
[2022-12-31T21:04:00.353+0100] {processor.py:175} INFO - Processing /Library/Frameworks/Python.framework/Versions/3.11/lib/python3.11/site-packages/airflow/example_dags/example_branch_python_dop_operator_3.py took 0.561 seconds
[2022-12-31T21:05:59.329+0100] {processor.py:153} INFO - Started process (PID=94608) to work on /Library/Frameworks/Python.framework/Versions/3.11/lib/python3.11/site-packages/airflow/example_dags/example_branch_python_dop_operator_3.py
[2022-12-31T21:05:59.335+0100] {processor.py:743} INFO - Processing file /Library/Frameworks/Python.framework/Versions/3.11/lib/python3.11/site-packages/airflow/example_dags/example_branch_python_dop_operator_3.py for tasks to queue
[2022-12-31T21:05:59.335+0100] {logging_mixin.py:137} INFO - [2022-12-31T21:05:59.335+0100] {dagbag.py:538} INFO - Filling up the DagBag from /Library/Frameworks/Python.framework/Versions/3.11/lib/python3.11/site-packages/airflow/example_dags/example_branch_python_dop_operator_3.py
[2022-12-31T21:05:59.368+0100] {processor.py:753} INFO - DAG(s) dict_keys(['example_branch_dop_operator_v3']) retrieved from /Library/Frameworks/Python.framework/Versions/3.11/lib/python3.11/site-packages/airflow/example_dags/example_branch_python_dop_operator_3.py
[2022-12-31T21:05:59.776+0100] {logging_mixin.py:137} INFO - [2022-12-31T21:05:59.776+0100] {dag.py:2676} INFO - Sync 1 DAGs
[2022-12-31T21:05:59.783+0100] {logging_mixin.py:137} INFO - [2022-12-31T21:05:59.783+0100] {dag.py:3423} INFO - Setting next_dagrun for example_branch_dop_operator_v3 to 2022-12-31T20:04:00+00:00, run_after=2022-12-31T20:05:00+00:00
[2022-12-31T21:05:59.790+0100] {processor.py:175} INFO - Processing /Library/Frameworks/Python.framework/Versions/3.11/lib/python3.11/site-packages/airflow/example_dags/example_branch_python_dop_operator_3.py took 0.461 seconds
[2022-12-31T21:07:48.502+0100] {processor.py:153} INFO - Started process (PID=94828) to work on /Library/Frameworks/Python.framework/Versions/3.11/lib/python3.11/site-packages/airflow/example_dags/example_branch_python_dop_operator_3.py
[2022-12-31T21:07:48.506+0100] {processor.py:743} INFO - Processing file /Library/Frameworks/Python.framework/Versions/3.11/lib/python3.11/site-packages/airflow/example_dags/example_branch_python_dop_operator_3.py for tasks to queue
[2022-12-31T21:07:48.506+0100] {logging_mixin.py:137} INFO - [2022-12-31T21:07:48.506+0100] {dagbag.py:538} INFO - Filling up the DagBag from /Library/Frameworks/Python.framework/Versions/3.11/lib/python3.11/site-packages/airflow/example_dags/example_branch_python_dop_operator_3.py
[2022-12-31T21:07:48.534+0100] {processor.py:753} INFO - DAG(s) dict_keys(['example_branch_dop_operator_v3']) retrieved from /Library/Frameworks/Python.framework/Versions/3.11/lib/python3.11/site-packages/airflow/example_dags/example_branch_python_dop_operator_3.py
[2022-12-31T21:07:48.940+0100] {logging_mixin.py:137} INFO - [2022-12-31T21:07:48.940+0100] {dag.py:2676} INFO - Sync 1 DAGs
[2022-12-31T21:07:48.948+0100] {logging_mixin.py:137} INFO - [2022-12-31T21:07:48.948+0100] {dag.py:3423} INFO - Setting next_dagrun for example_branch_dop_operator_v3 to 2022-12-31T20:06:00+00:00, run_after=2022-12-31T20:07:00+00:00
[2022-12-31T21:07:48.954+0100] {processor.py:175} INFO - Processing /Library/Frameworks/Python.framework/Versions/3.11/lib/python3.11/site-packages/airflow/example_dags/example_branch_python_dop_operator_3.py took 0.453 seconds
[2022-12-31 20:08:50,051] {scheduler_job.py:182} INFO - Started process (PID=116) to work on /home/airflow/.local/lib/python3.6/site-packages/airflow/example_dags/example_branch_python_dop_operator_3.py
[2022-12-31 20:08:50,061] {scheduler_job.py:629} INFO - Processing file /home/airflow/.local/lib/python3.6/site-packages/airflow/example_dags/example_branch_python_dop_operator_3.py for tasks to queue
[2022-12-31 20:08:50,066] {logging_mixin.py:104} INFO - [2022-12-31 20:08:50,066] {dagbag.py:451} INFO - Filling up the DagBag from /home/airflow/.local/lib/python3.6/site-packages/airflow/example_dags/example_branch_python_dop_operator_3.py
[2022-12-31 20:08:50,144] {scheduler_job.py:639} INFO - DAG(s) dict_keys(['example_branch_dop_operator_v3']) retrieved from /home/airflow/.local/lib/python3.6/site-packages/airflow/example_dags/example_branch_python_dop_operator_3.py
[2022-12-31 20:08:50,220] {logging_mixin.py:104} INFO - [2022-12-31 20:08:50,220] {dag.py:1824} INFO - Sync 1 DAGs
[2022-12-31 20:08:50,431] {logging_mixin.py:104} INFO - [2022-12-31 20:08:50,430] {dag.py:2280} INFO - Setting next_dagrun for example_branch_dop_operator_v3 to 2022-12-29 00:00:00+00:00
[2022-12-31 20:08:50,540] {scheduler_job.py:190} INFO - Processing /home/airflow/.local/lib/python3.6/site-packages/airflow/example_dags/example_branch_python_dop_operator_3.py took 0.501 seconds
[2022-12-31 20:09:21,585] {scheduler_job.py:182} INFO - Started process (PID=172) to work on /home/airflow/.local/lib/python3.6/site-packages/airflow/example_dags/example_branch_python_dop_operator_3.py
[2022-12-31 20:09:21,590] {scheduler_job.py:629} INFO - Processing file /home/airflow/.local/lib/python3.6/site-packages/airflow/example_dags/example_branch_python_dop_operator_3.py for tasks to queue
[2022-12-31 20:09:21,593] {logging_mixin.py:104} INFO - [2022-12-31 20:09:21,592] {dagbag.py:451} INFO - Filling up the DagBag from /home/airflow/.local/lib/python3.6/site-packages/airflow/example_dags/example_branch_python_dop_operator_3.py
[2022-12-31 20:09:21,662] {scheduler_job.py:639} INFO - DAG(s) dict_keys(['example_branch_dop_operator_v3']) retrieved from /home/airflow/.local/lib/python3.6/site-packages/airflow/example_dags/example_branch_python_dop_operator_3.py
[2022-12-31 20:09:21,918] {logging_mixin.py:104} INFO - [2022-12-31 20:09:21,915] {dag.py:1824} INFO - Sync 1 DAGs
[2022-12-31 20:09:22,188] {logging_mixin.py:104} INFO - [2022-12-31 20:09:22,188] {dag.py:2280} INFO - Setting next_dagrun for example_branch_dop_operator_v3 to 2022-12-29 00:00:00+00:00
[2022-12-31 20:09:22,220] {scheduler_job.py:190} INFO - Processing /home/airflow/.local/lib/python3.6/site-packages/airflow/example_dags/example_branch_python_dop_operator_3.py took 0.653 seconds
[2022-12-31T21:09:51.939+0100] {processor.py:153} INFO - Started process (PID=95145) to work on /Library/Frameworks/Python.framework/Versions/3.11/lib/python3.11/site-packages/airflow/example_dags/example_branch_python_dop_operator_3.py
[2022-12-31T21:09:51.950+0100] {processor.py:743} INFO - Processing file /Library/Frameworks/Python.framework/Versions/3.11/lib/python3.11/site-packages/airflow/example_dags/example_branch_python_dop_operator_3.py for tasks to queue
[2022-12-31T21:09:51.950+0100] {logging_mixin.py:137} INFO - [2022-12-31T21:09:51.950+0100] {dagbag.py:538} INFO - Filling up the DagBag from /Library/Frameworks/Python.framework/Versions/3.11/lib/python3.11/site-packages/airflow/example_dags/example_branch_python_dop_operator_3.py
[2022-12-31T21:09:52.040+0100] {processor.py:753} INFO - DAG(s) dict_keys(['example_branch_dop_operator_v3']) retrieved from /Library/Frameworks/Python.framework/Versions/3.11/lib/python3.11/site-packages/airflow/example_dags/example_branch_python_dop_operator_3.py
[2022-12-31T21:09:52.824+0100] {logging_mixin.py:137} INFO - [2022-12-31T21:09:52.823+0100] {dag.py:2676} INFO - Sync 1 DAGs
[2022-12-31T21:09:52.832+0100] {logging_mixin.py:137} INFO - [2022-12-31T21:09:52.832+0100] {dag.py:3423} INFO - Setting next_dagrun for example_branch_dop_operator_v3 to 2022-12-31T20:08:00+00:00, run_after=2022-12-31T20:09:00+00:00
[2022-12-31T21:09:52.840+0100] {processor.py:175} INFO - Processing /Library/Frameworks/Python.framework/Versions/3.11/lib/python3.11/site-packages/airflow/example_dags/example_branch_python_dop_operator_3.py took 0.902 seconds
[2022-12-31T21:11:54.323+0100] {processor.py:153} INFO - Started process (PID=95470) to work on /Library/Frameworks/Python.framework/Versions/3.11/lib/python3.11/site-packages/airflow/example_dags/example_branch_python_dop_operator_3.py
[2022-12-31T21:11:54.340+0100] {processor.py:743} INFO - Processing file /Library/Frameworks/Python.framework/Versions/3.11/lib/python3.11/site-packages/airflow/example_dags/example_branch_python_dop_operator_3.py for tasks to queue
[2022-12-31T21:11:54.341+0100] {logging_mixin.py:137} INFO - [2022-12-31T21:11:54.341+0100] {dagbag.py:538} INFO - Filling up the DagBag from /Library/Frameworks/Python.framework/Versions/3.11/lib/python3.11/site-packages/airflow/example_dags/example_branch_python_dop_operator_3.py
[2022-12-31T21:11:54.396+0100] {processor.py:753} INFO - DAG(s) dict_keys(['example_branch_dop_operator_v3']) retrieved from /Library/Frameworks/Python.framework/Versions/3.11/lib/python3.11/site-packages/airflow/example_dags/example_branch_python_dop_operator_3.py
[2022-12-31T21:11:54.949+0100] {logging_mixin.py:137} INFO - [2022-12-31T21:11:54.949+0100] {dag.py:2676} INFO - Sync 1 DAGs
[2022-12-31T21:11:54.957+0100] {logging_mixin.py:137} INFO - [2022-12-31T21:11:54.957+0100] {dag.py:3423} INFO - Setting next_dagrun for example_branch_dop_operator_v3 to 2022-12-31T20:10:00+00:00, run_after=2022-12-31T20:11:00+00:00
[2022-12-31T21:11:54.967+0100] {processor.py:175} INFO - Processing /Library/Frameworks/Python.framework/Versions/3.11/lib/python3.11/site-packages/airflow/example_dags/example_branch_python_dop_operator_3.py took 0.645 seconds
[2022-12-31T21:14:06.553+0100] {processor.py:153} INFO - Started process (PID=95764) to work on /Library/Frameworks/Python.framework/Versions/3.11/lib/python3.11/site-packages/airflow/example_dags/example_branch_python_dop_operator_3.py
[2022-12-31T21:14:06.556+0100] {processor.py:743} INFO - Processing file /Library/Frameworks/Python.framework/Versions/3.11/lib/python3.11/site-packages/airflow/example_dags/example_branch_python_dop_operator_3.py for tasks to queue
[2022-12-31T21:14:06.556+0100] {logging_mixin.py:137} INFO - [2022-12-31T21:14:06.556+0100] {dagbag.py:538} INFO - Filling up the DagBag from /Library/Frameworks/Python.framework/Versions/3.11/lib/python3.11/site-packages/airflow/example_dags/example_branch_python_dop_operator_3.py
[2022-12-31T21:14:06.625+0100] {processor.py:753} INFO - DAG(s) dict_keys(['example_branch_dop_operator_v3']) retrieved from /Library/Frameworks/Python.framework/Versions/3.11/lib/python3.11/site-packages/airflow/example_dags/example_branch_python_dop_operator_3.py
[2022-12-31T21:14:07.016+0100] {logging_mixin.py:137} INFO - [2022-12-31T21:14:07.016+0100] {dag.py:2676} INFO - Sync 1 DAGs
[2022-12-31T21:14:07.023+0100] {logging_mixin.py:137} INFO - [2022-12-31T21:14:07.023+0100] {dag.py:3423} INFO - Setting next_dagrun for example_branch_dop_operator_v3 to 2022-12-31T20:13:00+00:00, run_after=2022-12-31T20:14:00+00:00
[2022-12-31T21:14:07.029+0100] {processor.py:175} INFO - Processing /Library/Frameworks/Python.framework/Versions/3.11/lib/python3.11/site-packages/airflow/example_dags/example_branch_python_dop_operator_3.py took 0.476 seconds
[2022-12-31T21:15:59.639+0100] {processor.py:153} INFO - Started process (PID=96036) to work on /Library/Frameworks/Python.framework/Versions/3.11/lib/python3.11/site-packages/airflow/example_dags/example_branch_python_dop_operator_3.py
[2022-12-31T21:15:59.644+0100] {processor.py:743} INFO - Processing file /Library/Frameworks/Python.framework/Versions/3.11/lib/python3.11/site-packages/airflow/example_dags/example_branch_python_dop_operator_3.py for tasks to queue
[2022-12-31T21:15:59.644+0100] {logging_mixin.py:137} INFO - [2022-12-31T21:15:59.644+0100] {dagbag.py:538} INFO - Filling up the DagBag from /Library/Frameworks/Python.framework/Versions/3.11/lib/python3.11/site-packages/airflow/example_dags/example_branch_python_dop_operator_3.py
[2022-12-31T21:15:59.666+0100] {processor.py:753} INFO - DAG(s) dict_keys(['example_branch_dop_operator_v3']) retrieved from /Library/Frameworks/Python.framework/Versions/3.11/lib/python3.11/site-packages/airflow/example_dags/example_branch_python_dop_operator_3.py
[2022-12-31T21:16:00.091+0100] {logging_mixin.py:137} INFO - [2022-12-31T21:16:00.091+0100] {dag.py:2676} INFO - Sync 1 DAGs
[2022-12-31T21:16:00.099+0100] {logging_mixin.py:137} INFO - [2022-12-31T21:16:00.099+0100] {dag.py:3423} INFO - Setting next_dagrun for example_branch_dop_operator_v3 to 2022-12-31T20:15:00+00:00, run_after=2022-12-31T20:16:00+00:00
[2022-12-31T21:16:00.105+0100] {processor.py:175} INFO - Processing /Library/Frameworks/Python.framework/Versions/3.11/lib/python3.11/site-packages/airflow/example_dags/example_branch_python_dop_operator_3.py took 0.468 seconds
[2022-12-31T21:17:45.873+0100] {processor.py:153} INFO - Started process (PID=96199) to work on /Library/Frameworks/Python.framework/Versions/3.11/lib/python3.11/site-packages/airflow/example_dags/example_branch_python_dop_operator_3.py
[2022-12-31T21:17:45.878+0100] {processor.py:743} INFO - Processing file /Library/Frameworks/Python.framework/Versions/3.11/lib/python3.11/site-packages/airflow/example_dags/example_branch_python_dop_operator_3.py for tasks to queue
[2022-12-31T21:17:45.878+0100] {logging_mixin.py:137} INFO - [2022-12-31T21:17:45.878+0100] {dagbag.py:538} INFO - Filling up the DagBag from /Library/Frameworks/Python.framework/Versions/3.11/lib/python3.11/site-packages/airflow/example_dags/example_branch_python_dop_operator_3.py
[2022-12-31T21:17:45.899+0100] {processor.py:753} INFO - DAG(s) dict_keys(['example_branch_dop_operator_v3']) retrieved from /Library/Frameworks/Python.framework/Versions/3.11/lib/python3.11/site-packages/airflow/example_dags/example_branch_python_dop_operator_3.py
[2022-12-31T21:17:46.293+0100] {logging_mixin.py:137} INFO - [2022-12-31T21:17:46.293+0100] {dag.py:2676} INFO - Sync 1 DAGs
[2022-12-31T21:17:46.300+0100] {logging_mixin.py:137} INFO - [2022-12-31T21:17:46.300+0100] {dag.py:3423} INFO - Setting next_dagrun for example_branch_dop_operator_v3 to 2022-12-31T20:16:00+00:00, run_after=2022-12-31T20:17:00+00:00
[2022-12-31T21:17:46.306+0100] {processor.py:175} INFO - Processing /Library/Frameworks/Python.framework/Versions/3.11/lib/python3.11/site-packages/airflow/example_dags/example_branch_python_dop_operator_3.py took 0.434 seconds
[2022-12-31T21:19:43.212+0100] {processor.py:153} INFO - Started process (PID=96498) to work on /Library/Frameworks/Python.framework/Versions/3.11/lib/python3.11/site-packages/airflow/example_dags/example_branch_python_dop_operator_3.py
[2022-12-31T21:19:43.217+0100] {processor.py:743} INFO - Processing file /Library/Frameworks/Python.framework/Versions/3.11/lib/python3.11/site-packages/airflow/example_dags/example_branch_python_dop_operator_3.py for tasks to queue
[2022-12-31T21:19:43.217+0100] {logging_mixin.py:137} INFO - [2022-12-31T21:19:43.217+0100] {dagbag.py:538} INFO - Filling up the DagBag from /Library/Frameworks/Python.framework/Versions/3.11/lib/python3.11/site-packages/airflow/example_dags/example_branch_python_dop_operator_3.py
[2022-12-31T21:19:43.243+0100] {processor.py:753} INFO - DAG(s) dict_keys(['example_branch_dop_operator_v3']) retrieved from /Library/Frameworks/Python.framework/Versions/3.11/lib/python3.11/site-packages/airflow/example_dags/example_branch_python_dop_operator_3.py
[2022-12-31T21:19:43.674+0100] {logging_mixin.py:137} INFO - [2022-12-31T21:19:43.674+0100] {dag.py:2676} INFO - Sync 1 DAGs
[2022-12-31T21:19:43.681+0100] {logging_mixin.py:137} INFO - [2022-12-31T21:19:43.681+0100] {dag.py:3423} INFO - Setting next_dagrun for example_branch_dop_operator_v3 to 2022-12-31T20:18:00+00:00, run_after=2022-12-31T20:19:00+00:00
[2022-12-31T21:19:43.687+0100] {processor.py:175} INFO - Processing /Library/Frameworks/Python.framework/Versions/3.11/lib/python3.11/site-packages/airflow/example_dags/example_branch_python_dop_operator_3.py took 0.476 seconds
[2022-12-31T21:21:40.890+0100] {processor.py:153} INFO - Started process (PID=96694) to work on /Library/Frameworks/Python.framework/Versions/3.11/lib/python3.11/site-packages/airflow/example_dags/example_branch_python_dop_operator_3.py
[2022-12-31T21:21:40.896+0100] {processor.py:743} INFO - Processing file /Library/Frameworks/Python.framework/Versions/3.11/lib/python3.11/site-packages/airflow/example_dags/example_branch_python_dop_operator_3.py for tasks to queue
[2022-12-31T21:21:40.896+0100] {logging_mixin.py:137} INFO - [2022-12-31T21:21:40.896+0100] {dagbag.py:538} INFO - Filling up the DagBag from /Library/Frameworks/Python.framework/Versions/3.11/lib/python3.11/site-packages/airflow/example_dags/example_branch_python_dop_operator_3.py
[2022-12-31T21:21:40.932+0100] {processor.py:753} INFO - DAG(s) dict_keys(['example_branch_dop_operator_v3']) retrieved from /Library/Frameworks/Python.framework/Versions/3.11/lib/python3.11/site-packages/airflow/example_dags/example_branch_python_dop_operator_3.py
[2022-12-31T21:21:41.406+0100] {logging_mixin.py:137} INFO - [2022-12-31T21:21:41.406+0100] {dag.py:2676} INFO - Sync 1 DAGs
[2022-12-31T21:21:41.414+0100] {logging_mixin.py:137} INFO - [2022-12-31T21:21:41.414+0100] {dag.py:3423} INFO - Setting next_dagrun for example_branch_dop_operator_v3 to 2022-12-31T20:20:00+00:00, run_after=2022-12-31T20:21:00+00:00
[2022-12-31T21:21:41.422+0100] {processor.py:175} INFO - Processing /Library/Frameworks/Python.framework/Versions/3.11/lib/python3.11/site-packages/airflow/example_dags/example_branch_python_dop_operator_3.py took 0.534 seconds
[2022-12-31T21:23:37.091+0100] {processor.py:153} INFO - Started process (PID=96855) to work on /Library/Frameworks/Python.framework/Versions/3.11/lib/python3.11/site-packages/airflow/example_dags/example_branch_python_dop_operator_3.py
[2022-12-31T21:23:37.096+0100] {processor.py:743} INFO - Processing file /Library/Frameworks/Python.framework/Versions/3.11/lib/python3.11/site-packages/airflow/example_dags/example_branch_python_dop_operator_3.py for tasks to queue
[2022-12-31T21:23:37.096+0100] {logging_mixin.py:137} INFO - [2022-12-31T21:23:37.096+0100] {dagbag.py:538} INFO - Filling up the DagBag from /Library/Frameworks/Python.framework/Versions/3.11/lib/python3.11/site-packages/airflow/example_dags/example_branch_python_dop_operator_3.py
[2022-12-31T21:23:37.124+0100] {processor.py:753} INFO - DAG(s) dict_keys(['example_branch_dop_operator_v3']) retrieved from /Library/Frameworks/Python.framework/Versions/3.11/lib/python3.11/site-packages/airflow/example_dags/example_branch_python_dop_operator_3.py
[2022-12-31T21:23:37.641+0100] {logging_mixin.py:137} INFO - [2022-12-31T21:23:37.641+0100] {dag.py:2676} INFO - Sync 1 DAGs
[2022-12-31T21:23:37.649+0100] {logging_mixin.py:137} INFO - [2022-12-31T21:23:37.649+0100] {dag.py:3423} INFO - Setting next_dagrun for example_branch_dop_operator_v3 to 2022-12-31T20:22:00+00:00, run_after=2022-12-31T20:23:00+00:00
[2022-12-31T21:23:37.656+0100] {processor.py:175} INFO - Processing /Library/Frameworks/Python.framework/Versions/3.11/lib/python3.11/site-packages/airflow/example_dags/example_branch_python_dop_operator_3.py took 0.566 seconds
[2022-12-31T21:25:30.030+0100] {processor.py:153} INFO - Started process (PID=97073) to work on /Library/Frameworks/Python.framework/Versions/3.11/lib/python3.11/site-packages/airflow/example_dags/example_branch_python_dop_operator_3.py
[2022-12-31T21:25:30.033+0100] {processor.py:743} INFO - Processing file /Library/Frameworks/Python.framework/Versions/3.11/lib/python3.11/site-packages/airflow/example_dags/example_branch_python_dop_operator_3.py for tasks to queue
[2022-12-31T21:25:30.033+0100] {logging_mixin.py:137} INFO - [2022-12-31T21:25:30.033+0100] {dagbag.py:538} INFO - Filling up the DagBag from /Library/Frameworks/Python.framework/Versions/3.11/lib/python3.11/site-packages/airflow/example_dags/example_branch_python_dop_operator_3.py
[2022-12-31T21:25:30.056+0100] {processor.py:753} INFO - DAG(s) dict_keys(['example_branch_dop_operator_v3']) retrieved from /Library/Frameworks/Python.framework/Versions/3.11/lib/python3.11/site-packages/airflow/example_dags/example_branch_python_dop_operator_3.py
[2022-12-31T21:25:30.450+0100] {logging_mixin.py:137} INFO - [2022-12-31T21:25:30.450+0100] {dag.py:2676} INFO - Sync 1 DAGs
[2022-12-31T21:25:30.458+0100] {logging_mixin.py:137} INFO - [2022-12-31T21:25:30.458+0100] {dag.py:3423} INFO - Setting next_dagrun for example_branch_dop_operator_v3 to 2022-12-31T20:24:00+00:00, run_after=2022-12-31T20:25:00+00:00
[2022-12-31T21:25:30.464+0100] {processor.py:175} INFO - Processing /Library/Frameworks/Python.framework/Versions/3.11/lib/python3.11/site-packages/airflow/example_dags/example_branch_python_dop_operator_3.py took 0.434 seconds
[2022-12-31T21:27:27.214+0100] {processor.py:153} INFO - Started process (PID=97331) to work on /Library/Frameworks/Python.framework/Versions/3.11/lib/python3.11/site-packages/airflow/example_dags/example_branch_python_dop_operator_3.py
[2022-12-31T21:27:27.220+0100] {processor.py:743} INFO - Processing file /Library/Frameworks/Python.framework/Versions/3.11/lib/python3.11/site-packages/airflow/example_dags/example_branch_python_dop_operator_3.py for tasks to queue
[2022-12-31T21:27:27.220+0100] {logging_mixin.py:137} INFO - [2022-12-31T21:27:27.220+0100] {dagbag.py:538} INFO - Filling up the DagBag from /Library/Frameworks/Python.framework/Versions/3.11/lib/python3.11/site-packages/airflow/example_dags/example_branch_python_dop_operator_3.py
[2022-12-31T21:27:27.241+0100] {processor.py:753} INFO - DAG(s) dict_keys(['example_branch_dop_operator_v3']) retrieved from /Library/Frameworks/Python.framework/Versions/3.11/lib/python3.11/site-packages/airflow/example_dags/example_branch_python_dop_operator_3.py
[2022-12-31T21:27:27.643+0100] {logging_mixin.py:137} INFO - [2022-12-31T21:27:27.643+0100] {dag.py:2676} INFO - Sync 1 DAGs
[2022-12-31T21:27:27.650+0100] {logging_mixin.py:137} INFO - [2022-12-31T21:27:27.650+0100] {dag.py:3423} INFO - Setting next_dagrun for example_branch_dop_operator_v3 to 2022-12-31T20:26:00+00:00, run_after=2022-12-31T20:27:00+00:00
[2022-12-31T21:27:27.656+0100] {processor.py:175} INFO - Processing /Library/Frameworks/Python.framework/Versions/3.11/lib/python3.11/site-packages/airflow/example_dags/example_branch_python_dop_operator_3.py took 0.443 seconds
