[2022-12-31T20:29:41.603+0100] {processor.py:153} INFO - Started process (PID=90212) to work on /Library/Frameworks/Python.framework/Versions/3.11/lib/python3.11/site-packages/airflow/example_dags/example_latest_only.py
[2022-12-31T20:29:41.610+0100] {processor.py:743} INFO - Processing file /Library/Frameworks/Python.framework/Versions/3.11/lib/python3.11/site-packages/airflow/example_dags/example_latest_only.py for tasks to queue
[2022-12-31T20:29:41.610+0100] {logging_mixin.py:137} INFO - [2022-12-31T20:29:41.610+0100] {dagbag.py:538} INFO - Filling up the DagBag from /Library/Frameworks/Python.framework/Versions/3.11/lib/python3.11/site-packages/airflow/example_dags/example_latest_only.py
[2022-12-31T20:29:41.621+0100] {processor.py:753} INFO - DAG(s) dict_keys(['latest_only']) retrieved from /Library/Frameworks/Python.framework/Versions/3.11/lib/python3.11/site-packages/airflow/example_dags/example_latest_only.py
[2022-12-31T20:29:42.103+0100] {logging_mixin.py:137} INFO - [2022-12-31T20:29:42.103+0100] {manager.py:504} INFO - Created Permission View: can read on DAG:latest_only
[2022-12-31T20:29:42.106+0100] {logging_mixin.py:137} INFO - [2022-12-31T20:29:42.106+0100] {manager.py:504} INFO - Created Permission View: can delete on DAG:latest_only
[2022-12-31T20:29:42.107+0100] {logging_mixin.py:137} INFO - [2022-12-31T20:29:42.107+0100] {manager.py:504} INFO - Created Permission View: can edit on DAG:latest_only
[2022-12-31T20:29:42.108+0100] {logging_mixin.py:137} INFO - [2022-12-31T20:29:42.108+0100] {dag.py:2676} INFO - Sync 1 DAGs
[2022-12-31T20:29:42.112+0100] {logging_mixin.py:137} INFO - [2022-12-31T20:29:42.112+0100] {dag.py:2697} INFO - Creating ORM DAG for latest_only
[2022-12-31T20:29:42.115+0100] {logging_mixin.py:137} INFO - [2022-12-31T20:29:42.115+0100] {dag.py:3423} INFO - Setting next_dagrun for latest_only to 2022-12-31T15:29:42.115165+00:00, run_after=2022-12-31T19:29:42.115165+00:00
[2022-12-31T20:29:42.121+0100] {processor.py:175} INFO - Processing /Library/Frameworks/Python.framework/Versions/3.11/lib/python3.11/site-packages/airflow/example_dags/example_latest_only.py took 0.518 seconds
[2022-12-31T20:31:33.398+0100] {processor.py:153} INFO - Started process (PID=90436) to work on /Library/Frameworks/Python.framework/Versions/3.11/lib/python3.11/site-packages/airflow/example_dags/example_latest_only.py
[2022-12-31T20:31:33.402+0100] {processor.py:743} INFO - Processing file /Library/Frameworks/Python.framework/Versions/3.11/lib/python3.11/site-packages/airflow/example_dags/example_latest_only.py for tasks to queue
[2022-12-31T20:31:33.402+0100] {logging_mixin.py:137} INFO - [2022-12-31T20:31:33.402+0100] {dagbag.py:538} INFO - Filling up the DagBag from /Library/Frameworks/Python.framework/Versions/3.11/lib/python3.11/site-packages/airflow/example_dags/example_latest_only.py
[2022-12-31T20:31:33.413+0100] {processor.py:753} INFO - DAG(s) dict_keys(['latest_only']) retrieved from /Library/Frameworks/Python.framework/Versions/3.11/lib/python3.11/site-packages/airflow/example_dags/example_latest_only.py
[2022-12-31T20:31:33.846+0100] {logging_mixin.py:137} INFO - [2022-12-31T20:31:33.846+0100] {dag.py:2676} INFO - Sync 1 DAGs
[2022-12-31T20:31:33.852+0100] {logging_mixin.py:137} INFO - [2022-12-31T20:31:33.852+0100] {dag.py:3423} INFO - Setting next_dagrun for latest_only to 2022-12-31T15:31:33.852633+00:00, run_after=2022-12-31T19:31:33.852633+00:00
[2022-12-31T20:31:33.859+0100] {processor.py:175} INFO - Processing /Library/Frameworks/Python.framework/Versions/3.11/lib/python3.11/site-packages/airflow/example_dags/example_latest_only.py took 0.463 seconds
[2022-12-31T20:33:17.224+0100] {processor.py:153} INFO - Started process (PID=90580) to work on /Library/Frameworks/Python.framework/Versions/3.11/lib/python3.11/site-packages/airflow/example_dags/example_latest_only.py
[2022-12-31T20:33:17.228+0100] {processor.py:743} INFO - Processing file /Library/Frameworks/Python.framework/Versions/3.11/lib/python3.11/site-packages/airflow/example_dags/example_latest_only.py for tasks to queue
[2022-12-31T20:33:17.228+0100] {logging_mixin.py:137} INFO - [2022-12-31T20:33:17.228+0100] {dagbag.py:538} INFO - Filling up the DagBag from /Library/Frameworks/Python.framework/Versions/3.11/lib/python3.11/site-packages/airflow/example_dags/example_latest_only.py
[2022-12-31T20:33:17.239+0100] {processor.py:753} INFO - DAG(s) dict_keys(['latest_only']) retrieved from /Library/Frameworks/Python.framework/Versions/3.11/lib/python3.11/site-packages/airflow/example_dags/example_latest_only.py
[2022-12-31T20:33:17.674+0100] {logging_mixin.py:137} INFO - [2022-12-31T20:33:17.674+0100] {dag.py:2676} INFO - Sync 1 DAGs
[2022-12-31T20:33:17.680+0100] {logging_mixin.py:137} INFO - [2022-12-31T20:33:17.680+0100] {dag.py:3423} INFO - Setting next_dagrun for latest_only to 2022-12-31T15:33:17.679997+00:00, run_after=2022-12-31T19:33:17.679997+00:00
[2022-12-31T20:33:17.687+0100] {processor.py:175} INFO - Processing /Library/Frameworks/Python.framework/Versions/3.11/lib/python3.11/site-packages/airflow/example_dags/example_latest_only.py took 0.464 seconds
[2022-12-31T20:35:02.764+0100] {processor.py:153} INFO - Started process (PID=90739) to work on /Library/Frameworks/Python.framework/Versions/3.11/lib/python3.11/site-packages/airflow/example_dags/example_latest_only.py
[2022-12-31T20:35:02.768+0100] {processor.py:743} INFO - Processing file /Library/Frameworks/Python.framework/Versions/3.11/lib/python3.11/site-packages/airflow/example_dags/example_latest_only.py for tasks to queue
[2022-12-31T20:35:02.769+0100] {logging_mixin.py:137} INFO - [2022-12-31T20:35:02.769+0100] {dagbag.py:538} INFO - Filling up the DagBag from /Library/Frameworks/Python.framework/Versions/3.11/lib/python3.11/site-packages/airflow/example_dags/example_latest_only.py
[2022-12-31T20:35:02.780+0100] {processor.py:753} INFO - DAG(s) dict_keys(['latest_only']) retrieved from /Library/Frameworks/Python.framework/Versions/3.11/lib/python3.11/site-packages/airflow/example_dags/example_latest_only.py
[2022-12-31T20:35:03.285+0100] {logging_mixin.py:137} INFO - [2022-12-31T20:35:03.285+0100] {dag.py:2676} INFO - Sync 1 DAGs
[2022-12-31T20:35:03.291+0100] {logging_mixin.py:137} INFO - [2022-12-31T20:35:03.291+0100] {dag.py:3423} INFO - Setting next_dagrun for latest_only to 2022-12-31T15:35:03.291738+00:00, run_after=2022-12-31T19:35:03.291738+00:00
[2022-12-31T20:35:03.299+0100] {processor.py:175} INFO - Processing /Library/Frameworks/Python.framework/Versions/3.11/lib/python3.11/site-packages/airflow/example_dags/example_latest_only.py took 0.536 seconds
[2022-12-31T20:36:15.554+0100] {processor.py:153} INFO - Started process (PID=90837) to work on /Library/Frameworks/Python.framework/Versions/3.11/lib/python3.11/site-packages/airflow/example_dags/example_latest_only.py
[2022-12-31T20:36:15.558+0100] {processor.py:743} INFO - Processing file /Library/Frameworks/Python.framework/Versions/3.11/lib/python3.11/site-packages/airflow/example_dags/example_latest_only.py for tasks to queue
[2022-12-31T20:36:15.559+0100] {logging_mixin.py:137} INFO - [2022-12-31T20:36:15.559+0100] {dagbag.py:538} INFO - Filling up the DagBag from /Library/Frameworks/Python.framework/Versions/3.11/lib/python3.11/site-packages/airflow/example_dags/example_latest_only.py
[2022-12-31T20:36:15.569+0100] {processor.py:753} INFO - DAG(s) dict_keys(['latest_only']) retrieved from /Library/Frameworks/Python.framework/Versions/3.11/lib/python3.11/site-packages/airflow/example_dags/example_latest_only.py
[2022-12-31T20:36:15.991+0100] {logging_mixin.py:137} INFO - [2022-12-31T20:36:15.991+0100] {dag.py:2676} INFO - Sync 1 DAGs
[2022-12-31T20:36:15.996+0100] {logging_mixin.py:137} INFO - [2022-12-31T20:36:15.996+0100] {dag.py:3423} INFO - Setting next_dagrun for latest_only to 2022-12-31T15:36:15.996865+00:00, run_after=2022-12-31T19:36:15.996865+00:00
[2022-12-31T20:36:16.004+0100] {processor.py:175} INFO - Processing /Library/Frameworks/Python.framework/Versions/3.11/lib/python3.11/site-packages/airflow/example_dags/example_latest_only.py took 0.451 seconds
[2022-12-31T20:37:58.724+0100] {processor.py:153} INFO - Started process (PID=90984) to work on /Library/Frameworks/Python.framework/Versions/3.11/lib/python3.11/site-packages/airflow/example_dags/example_latest_only.py
[2022-12-31T20:37:58.728+0100] {processor.py:743} INFO - Processing file /Library/Frameworks/Python.framework/Versions/3.11/lib/python3.11/site-packages/airflow/example_dags/example_latest_only.py for tasks to queue
[2022-12-31T20:37:58.728+0100] {logging_mixin.py:137} INFO - [2022-12-31T20:37:58.728+0100] {dagbag.py:538} INFO - Filling up the DagBag from /Library/Frameworks/Python.framework/Versions/3.11/lib/python3.11/site-packages/airflow/example_dags/example_latest_only.py
[2022-12-31T20:37:58.739+0100] {processor.py:753} INFO - DAG(s) dict_keys(['latest_only']) retrieved from /Library/Frameworks/Python.framework/Versions/3.11/lib/python3.11/site-packages/airflow/example_dags/example_latest_only.py
[2022-12-31T20:37:59.163+0100] {logging_mixin.py:137} INFO - [2022-12-31T20:37:59.163+0100] {dag.py:2676} INFO - Sync 1 DAGs
[2022-12-31T20:37:59.169+0100] {logging_mixin.py:137} INFO - [2022-12-31T20:37:59.169+0100] {dag.py:3423} INFO - Setting next_dagrun for latest_only to 2022-12-31T15:37:59.169525+00:00, run_after=2022-12-31T19:37:59.169525+00:00
[2022-12-31T20:37:59.176+0100] {processor.py:175} INFO - Processing /Library/Frameworks/Python.framework/Versions/3.11/lib/python3.11/site-packages/airflow/example_dags/example_latest_only.py took 0.453 seconds
[2022-12-31T20:39:41.613+0100] {processor.py:153} INFO - Started process (PID=91162) to work on /Library/Frameworks/Python.framework/Versions/3.11/lib/python3.11/site-packages/airflow/example_dags/example_latest_only.py
[2022-12-31T20:39:41.618+0100] {processor.py:743} INFO - Processing file /Library/Frameworks/Python.framework/Versions/3.11/lib/python3.11/site-packages/airflow/example_dags/example_latest_only.py for tasks to queue
[2022-12-31T20:39:41.619+0100] {logging_mixin.py:137} INFO - [2022-12-31T20:39:41.619+0100] {dagbag.py:538} INFO - Filling up the DagBag from /Library/Frameworks/Python.framework/Versions/3.11/lib/python3.11/site-packages/airflow/example_dags/example_latest_only.py
[2022-12-31T20:39:41.629+0100] {processor.py:753} INFO - DAG(s) dict_keys(['latest_only']) retrieved from /Library/Frameworks/Python.framework/Versions/3.11/lib/python3.11/site-packages/airflow/example_dags/example_latest_only.py
[2022-12-31T20:39:42.045+0100] {logging_mixin.py:137} INFO - [2022-12-31T20:39:42.045+0100] {dag.py:2676} INFO - Sync 1 DAGs
[2022-12-31T20:39:42.051+0100] {logging_mixin.py:137} INFO - [2022-12-31T20:39:42.051+0100] {dag.py:3423} INFO - Setting next_dagrun for latest_only to 2022-12-31T15:39:42.051088+00:00, run_after=2022-12-31T19:39:42.051088+00:00
[2022-12-31T20:39:42.058+0100] {processor.py:175} INFO - Processing /Library/Frameworks/Python.framework/Versions/3.11/lib/python3.11/site-packages/airflow/example_dags/example_latest_only.py took 0.446 seconds
[2022-12-31T20:41:29.898+0100] {processor.py:153} INFO - Started process (PID=91328) to work on /Library/Frameworks/Python.framework/Versions/3.11/lib/python3.11/site-packages/airflow/example_dags/example_latest_only.py
[2022-12-31T20:41:29.902+0100] {processor.py:743} INFO - Processing file /Library/Frameworks/Python.framework/Versions/3.11/lib/python3.11/site-packages/airflow/example_dags/example_latest_only.py for tasks to queue
[2022-12-31T20:41:29.903+0100] {logging_mixin.py:137} INFO - [2022-12-31T20:41:29.903+0100] {dagbag.py:538} INFO - Filling up the DagBag from /Library/Frameworks/Python.framework/Versions/3.11/lib/python3.11/site-packages/airflow/example_dags/example_latest_only.py
[2022-12-31T20:41:29.913+0100] {processor.py:753} INFO - DAG(s) dict_keys(['latest_only']) retrieved from /Library/Frameworks/Python.framework/Versions/3.11/lib/python3.11/site-packages/airflow/example_dags/example_latest_only.py
[2022-12-31T20:41:30.349+0100] {logging_mixin.py:137} INFO - [2022-12-31T20:41:30.348+0100] {dag.py:2676} INFO - Sync 1 DAGs
[2022-12-31T20:41:30.355+0100] {logging_mixin.py:137} INFO - [2022-12-31T20:41:30.354+0100] {dag.py:3423} INFO - Setting next_dagrun for latest_only to 2022-12-31T15:41:30.354891+00:00, run_after=2022-12-31T19:41:30.354891+00:00
[2022-12-31T20:41:30.361+0100] {processor.py:175} INFO - Processing /Library/Frameworks/Python.framework/Versions/3.11/lib/python3.11/site-packages/airflow/example_dags/example_latest_only.py took 0.463 seconds
[2022-12-31T20:43:14.331+0100] {processor.py:153} INFO - Started process (PID=91512) to work on /Library/Frameworks/Python.framework/Versions/3.11/lib/python3.11/site-packages/airflow/example_dags/example_latest_only.py
[2022-12-31T20:43:14.336+0100] {processor.py:743} INFO - Processing file /Library/Frameworks/Python.framework/Versions/3.11/lib/python3.11/site-packages/airflow/example_dags/example_latest_only.py for tasks to queue
[2022-12-31T20:43:14.337+0100] {logging_mixin.py:137} INFO - [2022-12-31T20:43:14.337+0100] {dagbag.py:538} INFO - Filling up the DagBag from /Library/Frameworks/Python.framework/Versions/3.11/lib/python3.11/site-packages/airflow/example_dags/example_latest_only.py
[2022-12-31T20:43:14.347+0100] {processor.py:753} INFO - DAG(s) dict_keys(['latest_only']) retrieved from /Library/Frameworks/Python.framework/Versions/3.11/lib/python3.11/site-packages/airflow/example_dags/example_latest_only.py
[2022-12-31T20:43:14.761+0100] {logging_mixin.py:137} INFO - [2022-12-31T20:43:14.761+0100] {dag.py:2676} INFO - Sync 1 DAGs
[2022-12-31T20:43:14.767+0100] {logging_mixin.py:137} INFO - [2022-12-31T20:43:14.767+0100] {dag.py:3423} INFO - Setting next_dagrun for latest_only to 2022-12-31T15:43:14.767508+00:00, run_after=2022-12-31T19:43:14.767508+00:00
[2022-12-31T20:43:14.773+0100] {processor.py:175} INFO - Processing /Library/Frameworks/Python.framework/Versions/3.11/lib/python3.11/site-packages/airflow/example_dags/example_latest_only.py took 0.443 seconds
[2022-12-31T20:47:14.278+0100] {processor.py:153} INFO - Started process (PID=91989) to work on /Library/Frameworks/Python.framework/Versions/3.11/lib/python3.11/site-packages/airflow/example_dags/example_latest_only.py
[2022-12-31T20:47:14.283+0100] {processor.py:743} INFO - Processing file /Library/Frameworks/Python.framework/Versions/3.11/lib/python3.11/site-packages/airflow/example_dags/example_latest_only.py for tasks to queue
[2022-12-31T20:47:14.283+0100] {logging_mixin.py:137} INFO - [2022-12-31T20:47:14.283+0100] {dagbag.py:538} INFO - Filling up the DagBag from /Library/Frameworks/Python.framework/Versions/3.11/lib/python3.11/site-packages/airflow/example_dags/example_latest_only.py
[2022-12-31T20:47:14.294+0100] {processor.py:753} INFO - DAG(s) dict_keys(['latest_only']) retrieved from /Library/Frameworks/Python.framework/Versions/3.11/lib/python3.11/site-packages/airflow/example_dags/example_latest_only.py
[2022-12-31T20:47:14.715+0100] {logging_mixin.py:137} INFO - [2022-12-31T20:47:14.715+0100] {dag.py:2676} INFO - Sync 1 DAGs
[2022-12-31T20:47:14.721+0100] {logging_mixin.py:137} INFO - [2022-12-31T20:47:14.721+0100] {dag.py:3423} INFO - Setting next_dagrun for latest_only to 2022-12-31T15:47:14.721172+00:00, run_after=2022-12-31T19:47:14.721172+00:00
[2022-12-31T20:47:14.727+0100] {processor.py:175} INFO - Processing /Library/Frameworks/Python.framework/Versions/3.11/lib/python3.11/site-packages/airflow/example_dags/example_latest_only.py took 0.452 seconds
[2022-12-31T20:49:54.700+0100] {processor.py:153} INFO - Started process (PID=92309) to work on /Library/Frameworks/Python.framework/Versions/3.11/lib/python3.11/site-packages/airflow/example_dags/example_latest_only.py
[2022-12-31T20:49:54.705+0100] {processor.py:743} INFO - Processing file /Library/Frameworks/Python.framework/Versions/3.11/lib/python3.11/site-packages/airflow/example_dags/example_latest_only.py for tasks to queue
[2022-12-31T20:49:54.705+0100] {logging_mixin.py:137} INFO - [2022-12-31T20:49:54.705+0100] {dagbag.py:538} INFO - Filling up the DagBag from /Library/Frameworks/Python.framework/Versions/3.11/lib/python3.11/site-packages/airflow/example_dags/example_latest_only.py
[2022-12-31T20:49:54.716+0100] {processor.py:753} INFO - DAG(s) dict_keys(['latest_only']) retrieved from /Library/Frameworks/Python.framework/Versions/3.11/lib/python3.11/site-packages/airflow/example_dags/example_latest_only.py
[2022-12-31T20:49:55.182+0100] {logging_mixin.py:137} INFO - [2022-12-31T20:49:55.182+0100] {dag.py:2676} INFO - Sync 1 DAGs
[2022-12-31T20:49:55.188+0100] {logging_mixin.py:137} INFO - [2022-12-31T20:49:55.188+0100] {dag.py:3423} INFO - Setting next_dagrun for latest_only to 2022-12-31T15:49:55.188522+00:00, run_after=2022-12-31T19:49:55.188522+00:00
[2022-12-31T20:49:55.194+0100] {processor.py:175} INFO - Processing /Library/Frameworks/Python.framework/Versions/3.11/lib/python3.11/site-packages/airflow/example_dags/example_latest_only.py took 0.496 seconds
[2022-12-31T20:54:29.595+0100] {processor.py:153} INFO - Started process (PID=92980) to work on /Library/Frameworks/Python.framework/Versions/3.11/lib/python3.11/site-packages/airflow/example_dags/example_latest_only.py
[2022-12-31T20:54:29.597+0100] {processor.py:743} INFO - Processing file /Library/Frameworks/Python.framework/Versions/3.11/lib/python3.11/site-packages/airflow/example_dags/example_latest_only.py for tasks to queue
[2022-12-31T20:54:29.597+0100] {logging_mixin.py:137} INFO - [2022-12-31T20:54:29.597+0100] {dagbag.py:538} INFO - Filling up the DagBag from /Library/Frameworks/Python.framework/Versions/3.11/lib/python3.11/site-packages/airflow/example_dags/example_latest_only.py
[2022-12-31T20:54:29.633+0100] {processor.py:753} INFO - DAG(s) dict_keys(['latest_only']) retrieved from /Library/Frameworks/Python.framework/Versions/3.11/lib/python3.11/site-packages/airflow/example_dags/example_latest_only.py
[2022-12-31T20:54:30.301+0100] {logging_mixin.py:137} INFO - [2022-12-31T20:54:30.300+0100] {dag.py:2676} INFO - Sync 1 DAGs
[2022-12-31T20:54:30.309+0100] {logging_mixin.py:137} INFO - [2022-12-31T20:54:30.309+0100] {dag.py:3423} INFO - Setting next_dagrun for latest_only to 2022-12-31T15:54:30.309225+00:00, run_after=2022-12-31T19:54:30.309225+00:00
[2022-12-31T20:54:30.318+0100] {processor.py:175} INFO - Processing /Library/Frameworks/Python.framework/Versions/3.11/lib/python3.11/site-packages/airflow/example_dags/example_latest_only.py took 0.724 seconds
[2022-12-31T20:57:01.147+0100] {processor.py:153} INFO - Started process (PID=93354) to work on /Library/Frameworks/Python.framework/Versions/3.11/lib/python3.11/site-packages/airflow/example_dags/example_latest_only.py
[2022-12-31T20:57:01.149+0100] {processor.py:743} INFO - Processing file /Library/Frameworks/Python.framework/Versions/3.11/lib/python3.11/site-packages/airflow/example_dags/example_latest_only.py for tasks to queue
[2022-12-31T20:57:01.149+0100] {logging_mixin.py:137} INFO - [2022-12-31T20:57:01.149+0100] {dagbag.py:538} INFO - Filling up the DagBag from /Library/Frameworks/Python.framework/Versions/3.11/lib/python3.11/site-packages/airflow/example_dags/example_latest_only.py
[2022-12-31T20:57:01.160+0100] {processor.py:753} INFO - DAG(s) dict_keys(['latest_only']) retrieved from /Library/Frameworks/Python.framework/Versions/3.11/lib/python3.11/site-packages/airflow/example_dags/example_latest_only.py
[2022-12-31T20:57:01.775+0100] {logging_mixin.py:137} INFO - [2022-12-31T20:57:01.775+0100] {dag.py:2676} INFO - Sync 1 DAGs
[2022-12-31T20:57:01.782+0100] {logging_mixin.py:137} INFO - [2022-12-31T20:57:01.782+0100] {dag.py:3423} INFO - Setting next_dagrun for latest_only to 2022-12-31T15:57:01.782715+00:00, run_after=2022-12-31T19:57:01.782715+00:00
[2022-12-31T20:57:01.790+0100] {processor.py:175} INFO - Processing /Library/Frameworks/Python.framework/Versions/3.11/lib/python3.11/site-packages/airflow/example_dags/example_latest_only.py took 0.643 seconds
[2022-12-31T20:59:01.916+0100] {processor.py:153} INFO - Started process (PID=93633) to work on /Library/Frameworks/Python.framework/Versions/3.11/lib/python3.11/site-packages/airflow/example_dags/example_latest_only.py
[2022-12-31T20:59:01.918+0100] {processor.py:743} INFO - Processing file /Library/Frameworks/Python.framework/Versions/3.11/lib/python3.11/site-packages/airflow/example_dags/example_latest_only.py for tasks to queue
[2022-12-31T20:59:01.919+0100] {logging_mixin.py:137} INFO - [2022-12-31T20:59:01.919+0100] {dagbag.py:538} INFO - Filling up the DagBag from /Library/Frameworks/Python.framework/Versions/3.11/lib/python3.11/site-packages/airflow/example_dags/example_latest_only.py
[2022-12-31T20:59:01.929+0100] {processor.py:753} INFO - DAG(s) dict_keys(['latest_only']) retrieved from /Library/Frameworks/Python.framework/Versions/3.11/lib/python3.11/site-packages/airflow/example_dags/example_latest_only.py
[2022-12-31T20:59:02.377+0100] {logging_mixin.py:137} INFO - [2022-12-31T20:59:02.377+0100] {dag.py:2676} INFO - Sync 1 DAGs
[2022-12-31T20:59:02.384+0100] {logging_mixin.py:137} INFO - [2022-12-31T20:59:02.384+0100] {dag.py:3423} INFO - Setting next_dagrun for latest_only to 2022-12-31T15:59:02.384208+00:00, run_after=2022-12-31T19:59:02.384208+00:00
[2022-12-31T20:59:02.390+0100] {processor.py:175} INFO - Processing /Library/Frameworks/Python.framework/Versions/3.11/lib/python3.11/site-packages/airflow/example_dags/example_latest_only.py took 0.474 seconds
[2022-12-31T21:01:06.149+0100] {processor.py:153} INFO - Started process (PID=93848) to work on /Library/Frameworks/Python.framework/Versions/3.11/lib/python3.11/site-packages/airflow/example_dags/example_latest_only.py
[2022-12-31T21:01:06.153+0100] {processor.py:743} INFO - Processing file /Library/Frameworks/Python.framework/Versions/3.11/lib/python3.11/site-packages/airflow/example_dags/example_latest_only.py for tasks to queue
[2022-12-31T21:01:06.153+0100] {logging_mixin.py:137} INFO - [2022-12-31T21:01:06.153+0100] {dagbag.py:538} INFO - Filling up the DagBag from /Library/Frameworks/Python.framework/Versions/3.11/lib/python3.11/site-packages/airflow/example_dags/example_latest_only.py
[2022-12-31T21:01:06.164+0100] {processor.py:753} INFO - DAG(s) dict_keys(['latest_only']) retrieved from /Library/Frameworks/Python.framework/Versions/3.11/lib/python3.11/site-packages/airflow/example_dags/example_latest_only.py
[2022-12-31T21:01:06.568+0100] {logging_mixin.py:137} INFO - [2022-12-31T21:01:06.567+0100] {dag.py:2676} INFO - Sync 1 DAGs
[2022-12-31T21:01:06.573+0100] {logging_mixin.py:137} INFO - [2022-12-31T21:01:06.573+0100] {dag.py:3423} INFO - Setting next_dagrun for latest_only to 2022-12-31T16:01:06.573808+00:00, run_after=2022-12-31T20:01:06.573808+00:00
[2022-12-31T21:01:06.580+0100] {processor.py:175} INFO - Processing /Library/Frameworks/Python.framework/Versions/3.11/lib/python3.11/site-packages/airflow/example_dags/example_latest_only.py took 0.432 seconds
[2022-12-31T21:03:07.631+0100] {processor.py:153} INFO - Started process (PID=94252) to work on /Library/Frameworks/Python.framework/Versions/3.11/lib/python3.11/site-packages/airflow/example_dags/example_latest_only.py
[2022-12-31T21:03:07.635+0100] {processor.py:743} INFO - Processing file /Library/Frameworks/Python.framework/Versions/3.11/lib/python3.11/site-packages/airflow/example_dags/example_latest_only.py for tasks to queue
[2022-12-31T21:03:07.635+0100] {logging_mixin.py:137} INFO - [2022-12-31T21:03:07.635+0100] {dagbag.py:538} INFO - Filling up the DagBag from /Library/Frameworks/Python.framework/Versions/3.11/lib/python3.11/site-packages/airflow/example_dags/example_latest_only.py
[2022-12-31T21:03:07.646+0100] {processor.py:753} INFO - DAG(s) dict_keys(['latest_only']) retrieved from /Library/Frameworks/Python.framework/Versions/3.11/lib/python3.11/site-packages/airflow/example_dags/example_latest_only.py
[2022-12-31T21:03:08.306+0100] {logging_mixin.py:137} INFO - [2022-12-31T21:03:08.306+0100] {dag.py:2676} INFO - Sync 1 DAGs
[2022-12-31T21:03:08.314+0100] {logging_mixin.py:137} INFO - [2022-12-31T21:03:08.314+0100] {dag.py:3423} INFO - Setting next_dagrun for latest_only to 2022-12-31T16:03:08.314555+00:00, run_after=2022-12-31T20:03:08.314555+00:00
[2022-12-31T21:03:08.336+0100] {processor.py:175} INFO - Processing /Library/Frameworks/Python.framework/Versions/3.11/lib/python3.11/site-packages/airflow/example_dags/example_latest_only.py took 0.706 seconds
[2022-12-31T21:05:13.677+0100] {processor.py:153} INFO - Started process (PID=94502) to work on /Library/Frameworks/Python.framework/Versions/3.11/lib/python3.11/site-packages/airflow/example_dags/example_latest_only.py
[2022-12-31T21:05:13.682+0100] {processor.py:743} INFO - Processing file /Library/Frameworks/Python.framework/Versions/3.11/lib/python3.11/site-packages/airflow/example_dags/example_latest_only.py for tasks to queue
[2022-12-31T21:05:13.682+0100] {logging_mixin.py:137} INFO - [2022-12-31T21:05:13.682+0100] {dagbag.py:538} INFO - Filling up the DagBag from /Library/Frameworks/Python.framework/Versions/3.11/lib/python3.11/site-packages/airflow/example_dags/example_latest_only.py
[2022-12-31T21:05:13.693+0100] {processor.py:753} INFO - DAG(s) dict_keys(['latest_only']) retrieved from /Library/Frameworks/Python.framework/Versions/3.11/lib/python3.11/site-packages/airflow/example_dags/example_latest_only.py
[2022-12-31T21:05:14.117+0100] {logging_mixin.py:137} INFO - [2022-12-31T21:05:14.117+0100] {dag.py:2676} INFO - Sync 1 DAGs
[2022-12-31T21:05:14.124+0100] {logging_mixin.py:137} INFO - [2022-12-31T21:05:14.124+0100] {dag.py:3423} INFO - Setting next_dagrun for latest_only to 2022-12-31T16:05:14.124058+00:00, run_after=2022-12-31T20:05:14.124058+00:00
[2022-12-31T21:05:14.130+0100] {processor.py:175} INFO - Processing /Library/Frameworks/Python.framework/Versions/3.11/lib/python3.11/site-packages/airflow/example_dags/example_latest_only.py took 0.453 seconds
[2022-12-31T21:07:02.316+0100] {processor.py:153} INFO - Started process (PID=94732) to work on /Library/Frameworks/Python.framework/Versions/3.11/lib/python3.11/site-packages/airflow/example_dags/example_latest_only.py
[2022-12-31T21:07:02.322+0100] {processor.py:743} INFO - Processing file /Library/Frameworks/Python.framework/Versions/3.11/lib/python3.11/site-packages/airflow/example_dags/example_latest_only.py for tasks to queue
[2022-12-31T21:07:02.322+0100] {logging_mixin.py:137} INFO - [2022-12-31T21:07:02.322+0100] {dagbag.py:538} INFO - Filling up the DagBag from /Library/Frameworks/Python.framework/Versions/3.11/lib/python3.11/site-packages/airflow/example_dags/example_latest_only.py
[2022-12-31T21:07:02.333+0100] {processor.py:753} INFO - DAG(s) dict_keys(['latest_only']) retrieved from /Library/Frameworks/Python.framework/Versions/3.11/lib/python3.11/site-packages/airflow/example_dags/example_latest_only.py
[2022-12-31T21:07:02.764+0100] {logging_mixin.py:137} INFO - [2022-12-31T21:07:02.764+0100] {dag.py:2676} INFO - Sync 1 DAGs
[2022-12-31T21:07:02.770+0100] {logging_mixin.py:137} INFO - [2022-12-31T21:07:02.770+0100] {dag.py:3423} INFO - Setting next_dagrun for latest_only to 2022-12-31T16:07:02.770639+00:00, run_after=2022-12-31T20:07:02.770639+00:00
[2022-12-31T21:07:02.777+0100] {processor.py:175} INFO - Processing /Library/Frameworks/Python.framework/Versions/3.11/lib/python3.11/site-packages/airflow/example_dags/example_latest_only.py took 0.462 seconds
[2022-12-31 20:08:46,415] {scheduler_job.py:182} INFO - Started process (PID=102) to work on /home/airflow/.local/lib/python3.6/site-packages/airflow/example_dags/example_latest_only.py
[2022-12-31 20:08:46,435] {scheduler_job.py:629} INFO - Processing file /home/airflow/.local/lib/python3.6/site-packages/airflow/example_dags/example_latest_only.py for tasks to queue
[2022-12-31 20:08:46,455] {logging_mixin.py:104} INFO - [2022-12-31 20:08:46,454] {dagbag.py:451} INFO - Filling up the DagBag from /home/airflow/.local/lib/python3.6/site-packages/airflow/example_dags/example_latest_only.py
[2022-12-31 20:08:46,577] {scheduler_job.py:639} INFO - DAG(s) dict_keys(['latest_only']) retrieved from /home/airflow/.local/lib/python3.6/site-packages/airflow/example_dags/example_latest_only.py
[2022-12-31 20:08:46,851] {logging_mixin.py:104} INFO - [2022-12-31 20:08:46,850] {dag.py:1824} INFO - Sync 1 DAGs
[2022-12-31 20:08:47,202] {logging_mixin.py:104} INFO - [2022-12-31 20:08:47,201] {dag.py:2280} INFO - Setting next_dagrun for latest_only to 2022-12-29 00:00:00+00:00
[2022-12-31 20:08:47,297] {scheduler_job.py:190} INFO - Processing /home/airflow/.local/lib/python3.6/site-packages/airflow/example_dags/example_latest_only.py took 0.900 seconds
[2022-12-31T21:08:59.562+0100] {processor.py:153} INFO - Started process (PID=95012) to work on /Library/Frameworks/Python.framework/Versions/3.11/lib/python3.11/site-packages/airflow/example_dags/example_latest_only.py
[2022-12-31T21:08:59.567+0100] {processor.py:743} INFO - Processing file /Library/Frameworks/Python.framework/Versions/3.11/lib/python3.11/site-packages/airflow/example_dags/example_latest_only.py for tasks to queue
[2022-12-31T21:08:59.567+0100] {logging_mixin.py:137} INFO - [2022-12-31T21:08:59.567+0100] {dagbag.py:538} INFO - Filling up the DagBag from /Library/Frameworks/Python.framework/Versions/3.11/lib/python3.11/site-packages/airflow/example_dags/example_latest_only.py
[2022-12-31T21:08:59.577+0100] {processor.py:753} INFO - DAG(s) dict_keys(['latest_only']) retrieved from /Library/Frameworks/Python.framework/Versions/3.11/lib/python3.11/site-packages/airflow/example_dags/example_latest_only.py
[2022-12-31T21:09:00.048+0100] {logging_mixin.py:137} INFO - [2022-12-31T21:09:00.048+0100] {dag.py:2676} INFO - Sync 1 DAGs
[2022-12-31T21:09:00.057+0100] {logging_mixin.py:137} INFO - [2022-12-31T21:09:00.056+0100] {dag.py:3423} INFO - Setting next_dagrun for latest_only to 2022-12-31T16:09:00.056871+00:00, run_after=2022-12-31T20:09:00.056871+00:00
[2022-12-31T21:09:00.069+0100] {processor.py:175} INFO - Processing /Library/Frameworks/Python.framework/Versions/3.11/lib/python3.11/site-packages/airflow/example_dags/example_latest_only.py took 0.508 seconds
[2022-12-31 20:09:17,916] {scheduler_job.py:182} INFO - Started process (PID=154) to work on /home/airflow/.local/lib/python3.6/site-packages/airflow/example_dags/example_latest_only.py
[2022-12-31 20:09:17,927] {scheduler_job.py:629} INFO - Processing file /home/airflow/.local/lib/python3.6/site-packages/airflow/example_dags/example_latest_only.py for tasks to queue
[2022-12-31 20:09:17,930] {logging_mixin.py:104} INFO - [2022-12-31 20:09:17,930] {dagbag.py:451} INFO - Filling up the DagBag from /home/airflow/.local/lib/python3.6/site-packages/airflow/example_dags/example_latest_only.py
[2022-12-31 20:09:18,002] {scheduler_job.py:639} INFO - DAG(s) dict_keys(['latest_only']) retrieved from /home/airflow/.local/lib/python3.6/site-packages/airflow/example_dags/example_latest_only.py
[2022-12-31 20:09:18,093] {logging_mixin.py:104} INFO - [2022-12-31 20:09:18,092] {dag.py:1824} INFO - Sync 1 DAGs
[2022-12-31 20:09:18,185] {logging_mixin.py:104} INFO - [2022-12-31 20:09:18,184] {dag.py:2280} INFO - Setting next_dagrun for latest_only to 2022-12-29 00:00:00+00:00
[2022-12-31 20:09:18,258] {scheduler_job.py:190} INFO - Processing /home/airflow/.local/lib/python3.6/site-packages/airflow/example_dags/example_latest_only.py took 0.356 seconds
[2022-12-31T21:11:01.743+0100] {processor.py:153} INFO - Started process (PID=95365) to work on /Library/Frameworks/Python.framework/Versions/3.11/lib/python3.11/site-packages/airflow/example_dags/example_latest_only.py
[2022-12-31T21:11:01.750+0100] {processor.py:743} INFO - Processing file /Library/Frameworks/Python.framework/Versions/3.11/lib/python3.11/site-packages/airflow/example_dags/example_latest_only.py for tasks to queue
[2022-12-31T21:11:01.750+0100] {logging_mixin.py:137} INFO - [2022-12-31T21:11:01.750+0100] {dagbag.py:538} INFO - Filling up the DagBag from /Library/Frameworks/Python.framework/Versions/3.11/lib/python3.11/site-packages/airflow/example_dags/example_latest_only.py
[2022-12-31T21:11:01.761+0100] {processor.py:753} INFO - DAG(s) dict_keys(['latest_only']) retrieved from /Library/Frameworks/Python.framework/Versions/3.11/lib/python3.11/site-packages/airflow/example_dags/example_latest_only.py
[2022-12-31T21:11:02.258+0100] {logging_mixin.py:137} INFO - [2022-12-31T21:11:02.258+0100] {dag.py:2676} INFO - Sync 1 DAGs
[2022-12-31T21:11:02.271+0100] {logging_mixin.py:137} INFO - [2022-12-31T21:11:02.270+0100] {dag.py:3423} INFO - Setting next_dagrun for latest_only to 2022-12-31T16:11:02.270861+00:00, run_after=2022-12-31T20:11:02.270861+00:00
[2022-12-31T21:11:02.278+0100] {processor.py:175} INFO - Processing /Library/Frameworks/Python.framework/Versions/3.11/lib/python3.11/site-packages/airflow/example_dags/example_latest_only.py took 0.537 seconds
[2022-12-31T21:13:10.158+0100] {processor.py:153} INFO - Started process (PID=95638) to work on /Library/Frameworks/Python.framework/Versions/3.11/lib/python3.11/site-packages/airflow/example_dags/example_latest_only.py
[2022-12-31T21:13:10.164+0100] {processor.py:743} INFO - Processing file /Library/Frameworks/Python.framework/Versions/3.11/lib/python3.11/site-packages/airflow/example_dags/example_latest_only.py for tasks to queue
[2022-12-31T21:13:10.164+0100] {logging_mixin.py:137} INFO - [2022-12-31T21:13:10.164+0100] {dagbag.py:538} INFO - Filling up the DagBag from /Library/Frameworks/Python.framework/Versions/3.11/lib/python3.11/site-packages/airflow/example_dags/example_latest_only.py
[2022-12-31T21:13:10.245+0100] {processor.py:753} INFO - DAG(s) dict_keys(['latest_only']) retrieved from /Library/Frameworks/Python.framework/Versions/3.11/lib/python3.11/site-packages/airflow/example_dags/example_latest_only.py
[2022-12-31T21:13:10.901+0100] {logging_mixin.py:137} INFO - [2022-12-31T21:13:10.901+0100] {dag.py:2676} INFO - Sync 1 DAGs
[2022-12-31T21:13:10.923+0100] {logging_mixin.py:137} INFO - [2022-12-31T21:13:10.923+0100] {dag.py:3423} INFO - Setting next_dagrun for latest_only to 2022-12-31T16:13:10.923305+00:00, run_after=2022-12-31T20:13:10.923305+00:00
[2022-12-31T21:13:10.938+0100] {processor.py:175} INFO - Processing /Library/Frameworks/Python.framework/Versions/3.11/lib/python3.11/site-packages/airflow/example_dags/example_latest_only.py took 0.781 seconds
[2022-12-31T21:15:11.524+0100] {processor.py:153} INFO - Started process (PID=95926) to work on /Library/Frameworks/Python.framework/Versions/3.11/lib/python3.11/site-packages/airflow/example_dags/example_latest_only.py
[2022-12-31T21:15:11.528+0100] {processor.py:743} INFO - Processing file /Library/Frameworks/Python.framework/Versions/3.11/lib/python3.11/site-packages/airflow/example_dags/example_latest_only.py for tasks to queue
[2022-12-31T21:15:11.528+0100] {logging_mixin.py:137} INFO - [2022-12-31T21:15:11.528+0100] {dagbag.py:538} INFO - Filling up the DagBag from /Library/Frameworks/Python.framework/Versions/3.11/lib/python3.11/site-packages/airflow/example_dags/example_latest_only.py
[2022-12-31T21:15:11.560+0100] {processor.py:753} INFO - DAG(s) dict_keys(['latest_only']) retrieved from /Library/Frameworks/Python.framework/Versions/3.11/lib/python3.11/site-packages/airflow/example_dags/example_latest_only.py
[2022-12-31T21:15:12.007+0100] {logging_mixin.py:137} INFO - [2022-12-31T21:15:12.007+0100] {dag.py:2676} INFO - Sync 1 DAGs
[2022-12-31T21:15:12.014+0100] {logging_mixin.py:137} INFO - [2022-12-31T21:15:12.014+0100] {dag.py:3423} INFO - Setting next_dagrun for latest_only to 2022-12-31T16:15:12.014384+00:00, run_after=2022-12-31T20:15:12.014384+00:00
[2022-12-31T21:15:12.020+0100] {processor.py:175} INFO - Processing /Library/Frameworks/Python.framework/Versions/3.11/lib/python3.11/site-packages/airflow/example_dags/example_latest_only.py took 0.497 seconds
[2022-12-31T21:17:03.046+0100] {processor.py:153} INFO - Started process (PID=96141) to work on /Library/Frameworks/Python.framework/Versions/3.11/lib/python3.11/site-packages/airflow/example_dags/example_latest_only.py
[2022-12-31T21:17:03.053+0100] {processor.py:743} INFO - Processing file /Library/Frameworks/Python.framework/Versions/3.11/lib/python3.11/site-packages/airflow/example_dags/example_latest_only.py for tasks to queue
[2022-12-31T21:17:03.053+0100] {logging_mixin.py:137} INFO - [2022-12-31T21:17:03.053+0100] {dagbag.py:538} INFO - Filling up the DagBag from /Library/Frameworks/Python.framework/Versions/3.11/lib/python3.11/site-packages/airflow/example_dags/example_latest_only.py
[2022-12-31T21:17:03.070+0100] {processor.py:753} INFO - DAG(s) dict_keys(['latest_only']) retrieved from /Library/Frameworks/Python.framework/Versions/3.11/lib/python3.11/site-packages/airflow/example_dags/example_latest_only.py
[2022-12-31T21:17:03.487+0100] {logging_mixin.py:137} INFO - [2022-12-31T21:17:03.487+0100] {dag.py:2676} INFO - Sync 1 DAGs
[2022-12-31T21:17:03.493+0100] {logging_mixin.py:137} INFO - [2022-12-31T21:17:03.493+0100] {dag.py:3423} INFO - Setting next_dagrun for latest_only to 2022-12-31T16:17:03.493702+00:00, run_after=2022-12-31T20:17:03.493702+00:00
[2022-12-31T21:17:03.500+0100] {processor.py:175} INFO - Processing /Library/Frameworks/Python.framework/Versions/3.11/lib/python3.11/site-packages/airflow/example_dags/example_latest_only.py took 0.454 seconds
[2022-12-31T21:18:51.194+0100] {processor.py:153} INFO - Started process (PID=96400) to work on /Library/Frameworks/Python.framework/Versions/3.11/lib/python3.11/site-packages/airflow/example_dags/example_latest_only.py
[2022-12-31T21:18:51.196+0100] {processor.py:743} INFO - Processing file /Library/Frameworks/Python.framework/Versions/3.11/lib/python3.11/site-packages/airflow/example_dags/example_latest_only.py for tasks to queue
[2022-12-31T21:18:51.196+0100] {logging_mixin.py:137} INFO - [2022-12-31T21:18:51.196+0100] {dagbag.py:538} INFO - Filling up the DagBag from /Library/Frameworks/Python.framework/Versions/3.11/lib/python3.11/site-packages/airflow/example_dags/example_latest_only.py
[2022-12-31T21:18:51.210+0100] {processor.py:753} INFO - DAG(s) dict_keys(['latest_only']) retrieved from /Library/Frameworks/Python.framework/Versions/3.11/lib/python3.11/site-packages/airflow/example_dags/example_latest_only.py
[2022-12-31T21:18:51.776+0100] {logging_mixin.py:137} INFO - [2022-12-31T21:18:51.776+0100] {dag.py:2676} INFO - Sync 1 DAGs
[2022-12-31T21:18:51.784+0100] {logging_mixin.py:137} INFO - [2022-12-31T21:18:51.784+0100] {dag.py:3423} INFO - Setting next_dagrun for latest_only to 2022-12-31T16:18:51.784271+00:00, run_after=2022-12-31T20:18:51.784271+00:00
[2022-12-31T21:18:51.792+0100] {processor.py:175} INFO - Processing /Library/Frameworks/Python.framework/Versions/3.11/lib/python3.11/site-packages/airflow/example_dags/example_latest_only.py took 0.598 seconds
[2022-12-31T21:20:50.912+0100] {processor.py:153} INFO - Started process (PID=96601) to work on /Library/Frameworks/Python.framework/Versions/3.11/lib/python3.11/site-packages/airflow/example_dags/example_latest_only.py
[2022-12-31T21:20:50.917+0100] {processor.py:743} INFO - Processing file /Library/Frameworks/Python.framework/Versions/3.11/lib/python3.11/site-packages/airflow/example_dags/example_latest_only.py for tasks to queue
[2022-12-31T21:20:50.917+0100] {logging_mixin.py:137} INFO - [2022-12-31T21:20:50.917+0100] {dagbag.py:538} INFO - Filling up the DagBag from /Library/Frameworks/Python.framework/Versions/3.11/lib/python3.11/site-packages/airflow/example_dags/example_latest_only.py
[2022-12-31T21:20:50.941+0100] {processor.py:753} INFO - DAG(s) dict_keys(['latest_only']) retrieved from /Library/Frameworks/Python.framework/Versions/3.11/lib/python3.11/site-packages/airflow/example_dags/example_latest_only.py
[2022-12-31T21:20:51.461+0100] {logging_mixin.py:137} INFO - [2022-12-31T21:20:51.460+0100] {dag.py:2676} INFO - Sync 1 DAGs
[2022-12-31T21:20:51.470+0100] {logging_mixin.py:137} INFO - [2022-12-31T21:20:51.470+0100] {dag.py:3423} INFO - Setting next_dagrun for latest_only to 2022-12-31T16:20:51.470529+00:00, run_after=2022-12-31T20:20:51.470529+00:00
[2022-12-31T21:20:51.481+0100] {processor.py:175} INFO - Processing /Library/Frameworks/Python.framework/Versions/3.11/lib/python3.11/site-packages/airflow/example_dags/example_latest_only.py took 0.569 seconds
[2022-12-31T21:22:47.433+0100] {processor.py:153} INFO - Started process (PID=96789) to work on /Library/Frameworks/Python.framework/Versions/3.11/lib/python3.11/site-packages/airflow/example_dags/example_latest_only.py
[2022-12-31T21:22:47.442+0100] {processor.py:743} INFO - Processing file /Library/Frameworks/Python.framework/Versions/3.11/lib/python3.11/site-packages/airflow/example_dags/example_latest_only.py for tasks to queue
[2022-12-31T21:22:47.442+0100] {logging_mixin.py:137} INFO - [2022-12-31T21:22:47.442+0100] {dagbag.py:538} INFO - Filling up the DagBag from /Library/Frameworks/Python.framework/Versions/3.11/lib/python3.11/site-packages/airflow/example_dags/example_latest_only.py
[2022-12-31T21:22:47.467+0100] {processor.py:753} INFO - DAG(s) dict_keys(['latest_only']) retrieved from /Library/Frameworks/Python.framework/Versions/3.11/lib/python3.11/site-packages/airflow/example_dags/example_latest_only.py
[2022-12-31T21:22:48.125+0100] {logging_mixin.py:137} INFO - [2022-12-31T21:22:48.125+0100] {dag.py:2676} INFO - Sync 1 DAGs
[2022-12-31T21:22:48.132+0100] {logging_mixin.py:137} INFO - [2022-12-31T21:22:48.132+0100] {dag.py:3423} INFO - Setting next_dagrun for latest_only to 2022-12-31T16:22:48.132734+00:00, run_after=2022-12-31T20:22:48.132734+00:00
[2022-12-31T21:22:48.139+0100] {processor.py:175} INFO - Processing /Library/Frameworks/Python.framework/Versions/3.11/lib/python3.11/site-packages/airflow/example_dags/example_latest_only.py took 0.712 seconds
[2022-12-31T21:24:45.104+0100] {processor.py:153} INFO - Started process (PID=96995) to work on /Library/Frameworks/Python.framework/Versions/3.11/lib/python3.11/site-packages/airflow/example_dags/example_latest_only.py
[2022-12-31T21:24:45.110+0100] {processor.py:743} INFO - Processing file /Library/Frameworks/Python.framework/Versions/3.11/lib/python3.11/site-packages/airflow/example_dags/example_latest_only.py for tasks to queue
[2022-12-31T21:24:45.110+0100] {logging_mixin.py:137} INFO - [2022-12-31T21:24:45.110+0100] {dagbag.py:538} INFO - Filling up the DagBag from /Library/Frameworks/Python.framework/Versions/3.11/lib/python3.11/site-packages/airflow/example_dags/example_latest_only.py
[2022-12-31T21:24:45.121+0100] {processor.py:753} INFO - DAG(s) dict_keys(['latest_only']) retrieved from /Library/Frameworks/Python.framework/Versions/3.11/lib/python3.11/site-packages/airflow/example_dags/example_latest_only.py
[2022-12-31T21:24:45.535+0100] {logging_mixin.py:137} INFO - [2022-12-31T21:24:45.535+0100] {dag.py:2676} INFO - Sync 1 DAGs
[2022-12-31T21:24:45.543+0100] {logging_mixin.py:137} INFO - [2022-12-31T21:24:45.542+0100] {dag.py:3423} INFO - Setting next_dagrun for latest_only to 2022-12-31T16:24:45.542892+00:00, run_after=2022-12-31T20:24:45.542892+00:00
[2022-12-31T21:24:45.549+0100] {processor.py:175} INFO - Processing /Library/Frameworks/Python.framework/Versions/3.11/lib/python3.11/site-packages/airflow/example_dags/example_latest_only.py took 0.446 seconds
[2022-12-31T21:26:38.437+0100] {processor.py:153} INFO - Started process (PID=97235) to work on /Library/Frameworks/Python.framework/Versions/3.11/lib/python3.11/site-packages/airflow/example_dags/example_latest_only.py
[2022-12-31T21:26:38.443+0100] {processor.py:743} INFO - Processing file /Library/Frameworks/Python.framework/Versions/3.11/lib/python3.11/site-packages/airflow/example_dags/example_latest_only.py for tasks to queue
[2022-12-31T21:26:38.443+0100] {logging_mixin.py:137} INFO - [2022-12-31T21:26:38.443+0100] {dagbag.py:538} INFO - Filling up the DagBag from /Library/Frameworks/Python.framework/Versions/3.11/lib/python3.11/site-packages/airflow/example_dags/example_latest_only.py
[2022-12-31T21:26:38.462+0100] {processor.py:753} INFO - DAG(s) dict_keys(['latest_only']) retrieved from /Library/Frameworks/Python.framework/Versions/3.11/lib/python3.11/site-packages/airflow/example_dags/example_latest_only.py
[2022-12-31T21:26:38.888+0100] {logging_mixin.py:137} INFO - [2022-12-31T21:26:38.888+0100] {dag.py:2676} INFO - Sync 1 DAGs
[2022-12-31T21:26:38.894+0100] {logging_mixin.py:137} INFO - [2022-12-31T21:26:38.894+0100] {dag.py:3423} INFO - Setting next_dagrun for latest_only to 2022-12-31T16:26:38.894602+00:00, run_after=2022-12-31T20:26:38.894602+00:00
[2022-12-31T21:26:38.900+0100] {processor.py:175} INFO - Processing /Library/Frameworks/Python.framework/Versions/3.11/lib/python3.11/site-packages/airflow/example_dags/example_latest_only.py took 0.464 seconds
