[2022-12-31T20:29:20.050+0100] {processor.py:153} INFO - Started process (PID=90171) to work on /Library/Frameworks/Python.framework/Versions/3.11/lib/python3.11/site-packages/airflow/example_dags/example_skip_dag.py
[2022-12-31T20:29:20.054+0100] {processor.py:743} INFO - Processing file /Library/Frameworks/Python.framework/Versions/3.11/lib/python3.11/site-packages/airflow/example_dags/example_skip_dag.py for tasks to queue
[2022-12-31T20:29:20.055+0100] {logging_mixin.py:137} INFO - [2022-12-31T20:29:20.055+0100] {dagbag.py:538} INFO - Filling up the DagBag from /Library/Frameworks/Python.framework/Versions/3.11/lib/python3.11/site-packages/airflow/example_dags/example_skip_dag.py
[2022-12-31T20:29:20.066+0100] {processor.py:753} INFO - DAG(s) dict_keys(['example_skip_dag']) retrieved from /Library/Frameworks/Python.framework/Versions/3.11/lib/python3.11/site-packages/airflow/example_dags/example_skip_dag.py
[2022-12-31T20:29:20.512+0100] {logging_mixin.py:137} INFO - [2022-12-31T20:29:20.512+0100] {manager.py:504} INFO - Created Permission View: can delete on DAG:example_skip_dag
[2022-12-31T20:29:20.515+0100] {logging_mixin.py:137} INFO - [2022-12-31T20:29:20.515+0100] {manager.py:504} INFO - Created Permission View: can read on DAG:example_skip_dag
[2022-12-31T20:29:20.516+0100] {logging_mixin.py:137} INFO - [2022-12-31T20:29:20.516+0100] {manager.py:504} INFO - Created Permission View: can edit on DAG:example_skip_dag
[2022-12-31T20:29:20.517+0100] {logging_mixin.py:137} INFO - [2022-12-31T20:29:20.516+0100] {dag.py:2676} INFO - Sync 1 DAGs
[2022-12-31T20:29:20.520+0100] {logging_mixin.py:137} INFO - [2022-12-31T20:29:20.520+0100] {dag.py:2697} INFO - Creating ORM DAG for example_skip_dag
[2022-12-31T20:29:20.523+0100] {logging_mixin.py:137} INFO - [2022-12-31T20:29:20.523+0100] {dag.py:3423} INFO - Setting next_dagrun for example_skip_dag to 2022-12-30T19:29:20.523002+00:00, run_after=2022-12-31T19:29:20.523002+00:00
[2022-12-31T20:29:20.528+0100] {processor.py:175} INFO - Processing /Library/Frameworks/Python.framework/Versions/3.11/lib/python3.11/site-packages/airflow/example_dags/example_skip_dag.py took 0.479 seconds
[2022-12-31T20:31:11.845+0100] {processor.py:153} INFO - Started process (PID=90398) to work on /Library/Frameworks/Python.framework/Versions/3.11/lib/python3.11/site-packages/airflow/example_dags/example_skip_dag.py
[2022-12-31T20:31:11.850+0100] {processor.py:743} INFO - Processing file /Library/Frameworks/Python.framework/Versions/3.11/lib/python3.11/site-packages/airflow/example_dags/example_skip_dag.py for tasks to queue
[2022-12-31T20:31:11.850+0100] {logging_mixin.py:137} INFO - [2022-12-31T20:31:11.850+0100] {dagbag.py:538} INFO - Filling up the DagBag from /Library/Frameworks/Python.framework/Versions/3.11/lib/python3.11/site-packages/airflow/example_dags/example_skip_dag.py
[2022-12-31T20:31:11.861+0100] {processor.py:753} INFO - DAG(s) dict_keys(['example_skip_dag']) retrieved from /Library/Frameworks/Python.framework/Versions/3.11/lib/python3.11/site-packages/airflow/example_dags/example_skip_dag.py
[2022-12-31T20:31:12.302+0100] {logging_mixin.py:137} INFO - [2022-12-31T20:31:12.302+0100] {dag.py:2676} INFO - Sync 1 DAGs
[2022-12-31T20:31:12.308+0100] {logging_mixin.py:137} INFO - [2022-12-31T20:31:12.308+0100] {dag.py:3423} INFO - Setting next_dagrun for example_skip_dag to 2022-12-30T19:31:12.308680+00:00, run_after=2022-12-31T19:31:12.308680+00:00
[2022-12-31T20:31:12.315+0100] {processor.py:175} INFO - Processing /Library/Frameworks/Python.framework/Versions/3.11/lib/python3.11/site-packages/airflow/example_dags/example_skip_dag.py took 0.471 seconds
[2022-12-31T20:32:33.616+0100] {processor.py:153} INFO - Started process (PID=90522) to work on /Library/Frameworks/Python.framework/Versions/3.11/lib/python3.11/site-packages/airflow/example_dags/example_skip_dag.py
[2022-12-31T20:32:33.621+0100] {processor.py:743} INFO - Processing file /Library/Frameworks/Python.framework/Versions/3.11/lib/python3.11/site-packages/airflow/example_dags/example_skip_dag.py for tasks to queue
[2022-12-31T20:32:33.621+0100] {logging_mixin.py:137} INFO - [2022-12-31T20:32:33.621+0100] {dagbag.py:538} INFO - Filling up the DagBag from /Library/Frameworks/Python.framework/Versions/3.11/lib/python3.11/site-packages/airflow/example_dags/example_skip_dag.py
[2022-12-31T20:32:33.634+0100] {processor.py:753} INFO - DAG(s) dict_keys(['example_skip_dag']) retrieved from /Library/Frameworks/Python.framework/Versions/3.11/lib/python3.11/site-packages/airflow/example_dags/example_skip_dag.py
[2022-12-31T20:32:34.055+0100] {logging_mixin.py:137} INFO - [2022-12-31T20:32:34.055+0100] {dag.py:2676} INFO - Sync 1 DAGs
[2022-12-31T20:32:34.061+0100] {logging_mixin.py:137} INFO - [2022-12-31T20:32:34.061+0100] {dag.py:3423} INFO - Setting next_dagrun for example_skip_dag to 2022-12-30T19:32:34.061819+00:00, run_after=2022-12-31T19:32:34.061819+00:00
[2022-12-31T20:32:34.069+0100] {processor.py:175} INFO - Processing /Library/Frameworks/Python.framework/Versions/3.11/lib/python3.11/site-packages/airflow/example_dags/example_skip_dag.py took 0.454 seconds
[2022-12-31T20:34:19.602+0100] {processor.py:153} INFO - Started process (PID=90665) to work on /Library/Frameworks/Python.framework/Versions/3.11/lib/python3.11/site-packages/airflow/example_dags/example_skip_dag.py
[2022-12-31T20:34:19.604+0100] {processor.py:743} INFO - Processing file /Library/Frameworks/Python.framework/Versions/3.11/lib/python3.11/site-packages/airflow/example_dags/example_skip_dag.py for tasks to queue
[2022-12-31T20:34:19.604+0100] {logging_mixin.py:137} INFO - [2022-12-31T20:34:19.604+0100] {dagbag.py:538} INFO - Filling up the DagBag from /Library/Frameworks/Python.framework/Versions/3.11/lib/python3.11/site-packages/airflow/example_dags/example_skip_dag.py
[2022-12-31T20:34:19.615+0100] {processor.py:753} INFO - DAG(s) dict_keys(['example_skip_dag']) retrieved from /Library/Frameworks/Python.framework/Versions/3.11/lib/python3.11/site-packages/airflow/example_dags/example_skip_dag.py
[2022-12-31T20:34:20.039+0100] {logging_mixin.py:137} INFO - [2022-12-31T20:34:20.039+0100] {dag.py:2676} INFO - Sync 1 DAGs
[2022-12-31T20:34:20.045+0100] {logging_mixin.py:137} INFO - [2022-12-31T20:34:20.045+0100] {dag.py:3423} INFO - Setting next_dagrun for example_skip_dag to 2022-12-30T19:34:20.045307+00:00, run_after=2022-12-31T19:34:20.045307+00:00
[2022-12-31T20:34:20.052+0100] {processor.py:175} INFO - Processing /Library/Frameworks/Python.framework/Versions/3.11/lib/python3.11/site-packages/airflow/example_dags/example_skip_dag.py took 0.451 seconds
[2022-12-31T20:35:54.266+0100] {processor.py:153} INFO - Started process (PID=90809) to work on /Library/Frameworks/Python.framework/Versions/3.11/lib/python3.11/site-packages/airflow/example_dags/example_skip_dag.py
[2022-12-31T20:35:54.271+0100] {processor.py:743} INFO - Processing file /Library/Frameworks/Python.framework/Versions/3.11/lib/python3.11/site-packages/airflow/example_dags/example_skip_dag.py for tasks to queue
[2022-12-31T20:35:54.271+0100] {logging_mixin.py:137} INFO - [2022-12-31T20:35:54.271+0100] {dagbag.py:538} INFO - Filling up the DagBag from /Library/Frameworks/Python.framework/Versions/3.11/lib/python3.11/site-packages/airflow/example_dags/example_skip_dag.py
[2022-12-31T20:35:54.282+0100] {processor.py:753} INFO - DAG(s) dict_keys(['example_skip_dag']) retrieved from /Library/Frameworks/Python.framework/Versions/3.11/lib/python3.11/site-packages/airflow/example_dags/example_skip_dag.py
[2022-12-31T20:35:54.696+0100] {logging_mixin.py:137} INFO - [2022-12-31T20:35:54.696+0100] {dag.py:2676} INFO - Sync 1 DAGs
[2022-12-31T20:35:54.702+0100] {logging_mixin.py:137} INFO - [2022-12-31T20:35:54.702+0100] {dag.py:3423} INFO - Setting next_dagrun for example_skip_dag to 2022-12-30T19:35:54.702043+00:00, run_after=2022-12-31T19:35:54.702043+00:00
[2022-12-31T20:35:54.710+0100] {processor.py:175} INFO - Processing /Library/Frameworks/Python.framework/Versions/3.11/lib/python3.11/site-packages/airflow/example_dags/example_skip_dag.py took 0.445 seconds
[2022-12-31T20:37:16.833+0100] {processor.py:153} INFO - Started process (PID=90931) to work on /Library/Frameworks/Python.framework/Versions/3.11/lib/python3.11/site-packages/airflow/example_dags/example_skip_dag.py
[2022-12-31T20:37:16.837+0100] {processor.py:743} INFO - Processing file /Library/Frameworks/Python.framework/Versions/3.11/lib/python3.11/site-packages/airflow/example_dags/example_skip_dag.py for tasks to queue
[2022-12-31T20:37:16.837+0100] {logging_mixin.py:137} INFO - [2022-12-31T20:37:16.837+0100] {dagbag.py:538} INFO - Filling up the DagBag from /Library/Frameworks/Python.framework/Versions/3.11/lib/python3.11/site-packages/airflow/example_dags/example_skip_dag.py
[2022-12-31T20:37:16.848+0100] {processor.py:753} INFO - DAG(s) dict_keys(['example_skip_dag']) retrieved from /Library/Frameworks/Python.framework/Versions/3.11/lib/python3.11/site-packages/airflow/example_dags/example_skip_dag.py
[2022-12-31T20:37:17.265+0100] {logging_mixin.py:137} INFO - [2022-12-31T20:37:17.265+0100] {dag.py:2676} INFO - Sync 1 DAGs
[2022-12-31T20:37:17.271+0100] {logging_mixin.py:137} INFO - [2022-12-31T20:37:17.271+0100] {dag.py:3423} INFO - Setting next_dagrun for example_skip_dag to 2022-12-30T19:37:17.271388+00:00, run_after=2022-12-31T19:37:17.271388+00:00
[2022-12-31T20:37:17.278+0100] {processor.py:175} INFO - Processing /Library/Frameworks/Python.framework/Versions/3.11/lib/python3.11/site-packages/airflow/example_dags/example_skip_dag.py took 0.446 seconds
[2022-12-31T20:38:57.225+0100] {processor.py:153} INFO - Started process (PID=91063) to work on /Library/Frameworks/Python.framework/Versions/3.11/lib/python3.11/site-packages/airflow/example_dags/example_skip_dag.py
[2022-12-31T20:38:57.231+0100] {processor.py:743} INFO - Processing file /Library/Frameworks/Python.framework/Versions/3.11/lib/python3.11/site-packages/airflow/example_dags/example_skip_dag.py for tasks to queue
[2022-12-31T20:38:57.232+0100] {logging_mixin.py:137} INFO - [2022-12-31T20:38:57.231+0100] {dagbag.py:538} INFO - Filling up the DagBag from /Library/Frameworks/Python.framework/Versions/3.11/lib/python3.11/site-packages/airflow/example_dags/example_skip_dag.py
[2022-12-31T20:38:57.242+0100] {processor.py:753} INFO - DAG(s) dict_keys(['example_skip_dag']) retrieved from /Library/Frameworks/Python.framework/Versions/3.11/lib/python3.11/site-packages/airflow/example_dags/example_skip_dag.py
[2022-12-31T20:38:57.659+0100] {logging_mixin.py:137} INFO - [2022-12-31T20:38:57.659+0100] {dag.py:2676} INFO - Sync 1 DAGs
[2022-12-31T20:38:57.665+0100] {logging_mixin.py:137} INFO - [2022-12-31T20:38:57.665+0100] {dag.py:3423} INFO - Setting next_dagrun for example_skip_dag to 2022-12-30T19:38:57.665500+00:00, run_after=2022-12-31T19:38:57.665500+00:00
[2022-12-31T20:38:57.672+0100] {processor.py:175} INFO - Processing /Library/Frameworks/Python.framework/Versions/3.11/lib/python3.11/site-packages/airflow/example_dags/example_skip_dag.py took 0.448 seconds
[2022-12-31T20:40:43.249+0100] {processor.py:153} INFO - Started process (PID=91267) to work on /Library/Frameworks/Python.framework/Versions/3.11/lib/python3.11/site-packages/airflow/example_dags/example_skip_dag.py
[2022-12-31T20:40:43.255+0100] {processor.py:743} INFO - Processing file /Library/Frameworks/Python.framework/Versions/3.11/lib/python3.11/site-packages/airflow/example_dags/example_skip_dag.py for tasks to queue
[2022-12-31T20:40:43.255+0100] {logging_mixin.py:137} INFO - [2022-12-31T20:40:43.255+0100] {dagbag.py:538} INFO - Filling up the DagBag from /Library/Frameworks/Python.framework/Versions/3.11/lib/python3.11/site-packages/airflow/example_dags/example_skip_dag.py
[2022-12-31T20:40:43.265+0100] {processor.py:753} INFO - DAG(s) dict_keys(['example_skip_dag']) retrieved from /Library/Frameworks/Python.framework/Versions/3.11/lib/python3.11/site-packages/airflow/example_dags/example_skip_dag.py
[2022-12-31T20:40:43.685+0100] {logging_mixin.py:137} INFO - [2022-12-31T20:40:43.685+0100] {dag.py:2676} INFO - Sync 1 DAGs
[2022-12-31T20:40:43.691+0100] {logging_mixin.py:137} INFO - [2022-12-31T20:40:43.691+0100] {dag.py:3423} INFO - Setting next_dagrun for example_skip_dag to 2022-12-30T19:40:43.690947+00:00, run_after=2022-12-31T19:40:43.690947+00:00
[2022-12-31T20:40:43.698+0100] {processor.py:175} INFO - Processing /Library/Frameworks/Python.framework/Versions/3.11/lib/python3.11/site-packages/airflow/example_dags/example_skip_dag.py took 0.450 seconds
[2022-12-31T20:42:31.313+0100] {processor.py:153} INFO - Started process (PID=91435) to work on /Library/Frameworks/Python.framework/Versions/3.11/lib/python3.11/site-packages/airflow/example_dags/example_skip_dag.py
[2022-12-31T20:42:31.315+0100] {processor.py:743} INFO - Processing file /Library/Frameworks/Python.framework/Versions/3.11/lib/python3.11/site-packages/airflow/example_dags/example_skip_dag.py for tasks to queue
[2022-12-31T20:42:31.315+0100] {logging_mixin.py:137} INFO - [2022-12-31T20:42:31.315+0100] {dagbag.py:538} INFO - Filling up the DagBag from /Library/Frameworks/Python.framework/Versions/3.11/lib/python3.11/site-packages/airflow/example_dags/example_skip_dag.py
[2022-12-31T20:42:31.326+0100] {processor.py:753} INFO - DAG(s) dict_keys(['example_skip_dag']) retrieved from /Library/Frameworks/Python.framework/Versions/3.11/lib/python3.11/site-packages/airflow/example_dags/example_skip_dag.py
[2022-12-31T20:42:31.741+0100] {logging_mixin.py:137} INFO - [2022-12-31T20:42:31.741+0100] {dag.py:2676} INFO - Sync 1 DAGs
[2022-12-31T20:42:31.747+0100] {logging_mixin.py:137} INFO - [2022-12-31T20:42:31.747+0100] {dag.py:3423} INFO - Setting next_dagrun for example_skip_dag to 2022-12-30T19:42:31.747786+00:00, run_after=2022-12-31T19:42:31.747786+00:00
[2022-12-31T20:42:31.754+0100] {processor.py:175} INFO - Processing /Library/Frameworks/Python.framework/Versions/3.11/lib/python3.11/site-packages/airflow/example_dags/example_skip_dag.py took 0.441 seconds
[2022-12-31T20:45:16.153+0100] {processor.py:153} INFO - Started process (PID=91773) to work on /Library/Frameworks/Python.framework/Versions/3.11/lib/python3.11/site-packages/airflow/example_dags/example_skip_dag.py
[2022-12-31T20:45:16.157+0100] {processor.py:743} INFO - Processing file /Library/Frameworks/Python.framework/Versions/3.11/lib/python3.11/site-packages/airflow/example_dags/example_skip_dag.py for tasks to queue
[2022-12-31T20:45:16.157+0100] {logging_mixin.py:137} INFO - [2022-12-31T20:45:16.157+0100] {dagbag.py:538} INFO - Filling up the DagBag from /Library/Frameworks/Python.framework/Versions/3.11/lib/python3.11/site-packages/airflow/example_dags/example_skip_dag.py
[2022-12-31T20:45:16.168+0100] {processor.py:753} INFO - DAG(s) dict_keys(['example_skip_dag']) retrieved from /Library/Frameworks/Python.framework/Versions/3.11/lib/python3.11/site-packages/airflow/example_dags/example_skip_dag.py
[2022-12-31T20:45:16.596+0100] {logging_mixin.py:137} INFO - [2022-12-31T20:45:16.596+0100] {dag.py:2676} INFO - Sync 1 DAGs
[2022-12-31T20:45:16.602+0100] {logging_mixin.py:137} INFO - [2022-12-31T20:45:16.602+0100] {dag.py:3423} INFO - Setting next_dagrun for example_skip_dag to 2022-12-30T19:45:16.602445+00:00, run_after=2022-12-31T19:45:16.602445+00:00
[2022-12-31T20:45:16.608+0100] {processor.py:175} INFO - Processing /Library/Frameworks/Python.framework/Versions/3.11/lib/python3.11/site-packages/airflow/example_dags/example_skip_dag.py took 0.456 seconds
[2022-12-31T20:47:06.491+0100] {processor.py:153} INFO - Started process (PID=91979) to work on /Library/Frameworks/Python.framework/Versions/3.11/lib/python3.11/site-packages/airflow/example_dags/example_skip_dag.py
[2022-12-31T20:47:06.495+0100] {processor.py:743} INFO - Processing file /Library/Frameworks/Python.framework/Versions/3.11/lib/python3.11/site-packages/airflow/example_dags/example_skip_dag.py for tasks to queue
[2022-12-31T20:47:06.495+0100] {logging_mixin.py:137} INFO - [2022-12-31T20:47:06.495+0100] {dagbag.py:538} INFO - Filling up the DagBag from /Library/Frameworks/Python.framework/Versions/3.11/lib/python3.11/site-packages/airflow/example_dags/example_skip_dag.py
[2022-12-31T20:47:06.505+0100] {processor.py:753} INFO - DAG(s) dict_keys(['example_skip_dag']) retrieved from /Library/Frameworks/Python.framework/Versions/3.11/lib/python3.11/site-packages/airflow/example_dags/example_skip_dag.py
[2022-12-31T20:47:06.916+0100] {logging_mixin.py:137} INFO - [2022-12-31T20:47:06.916+0100] {dag.py:2676} INFO - Sync 1 DAGs
[2022-12-31T20:47:06.922+0100] {logging_mixin.py:137} INFO - [2022-12-31T20:47:06.922+0100] {dag.py:3423} INFO - Setting next_dagrun for example_skip_dag to 2022-12-30T19:47:06.922103+00:00, run_after=2022-12-31T19:47:06.922103+00:00
[2022-12-31T20:47:06.928+0100] {processor.py:175} INFO - Processing /Library/Frameworks/Python.framework/Versions/3.11/lib/python3.11/site-packages/airflow/example_dags/example_skip_dag.py took 0.438 seconds
[2022-12-31T20:49:11.495+0100] {processor.py:153} INFO - Started process (PID=92218) to work on /Library/Frameworks/Python.framework/Versions/3.11/lib/python3.11/site-packages/airflow/example_dags/example_skip_dag.py
[2022-12-31T20:49:11.499+0100] {processor.py:743} INFO - Processing file /Library/Frameworks/Python.framework/Versions/3.11/lib/python3.11/site-packages/airflow/example_dags/example_skip_dag.py for tasks to queue
[2022-12-31T20:49:11.499+0100] {logging_mixin.py:137} INFO - [2022-12-31T20:49:11.499+0100] {dagbag.py:538} INFO - Filling up the DagBag from /Library/Frameworks/Python.framework/Versions/3.11/lib/python3.11/site-packages/airflow/example_dags/example_skip_dag.py
[2022-12-31T20:49:11.509+0100] {processor.py:753} INFO - DAG(s) dict_keys(['example_skip_dag']) retrieved from /Library/Frameworks/Python.framework/Versions/3.11/lib/python3.11/site-packages/airflow/example_dags/example_skip_dag.py
[2022-12-31T20:49:11.933+0100] {logging_mixin.py:137} INFO - [2022-12-31T20:49:11.932+0100] {dag.py:2676} INFO - Sync 1 DAGs
[2022-12-31T20:49:11.938+0100] {logging_mixin.py:137} INFO - [2022-12-31T20:49:11.938+0100] {dag.py:3423} INFO - Setting next_dagrun for example_skip_dag to 2022-12-30T19:49:11.938659+00:00, run_after=2022-12-31T19:49:11.938659+00:00
[2022-12-31T20:49:11.945+0100] {processor.py:175} INFO - Processing /Library/Frameworks/Python.framework/Versions/3.11/lib/python3.11/site-packages/airflow/example_dags/example_skip_dag.py took 0.451 seconds
[2022-12-31T20:51:31.905+0100] {processor.py:153} INFO - Started process (PID=92503) to work on /Library/Frameworks/Python.framework/Versions/3.11/lib/python3.11/site-packages/airflow/example_dags/example_skip_dag.py
[2022-12-31T20:51:31.913+0100] {processor.py:743} INFO - Processing file /Library/Frameworks/Python.framework/Versions/3.11/lib/python3.11/site-packages/airflow/example_dags/example_skip_dag.py for tasks to queue
[2022-12-31T20:51:31.913+0100] {logging_mixin.py:137} INFO - [2022-12-31T20:51:31.913+0100] {dagbag.py:538} INFO - Filling up the DagBag from /Library/Frameworks/Python.framework/Versions/3.11/lib/python3.11/site-packages/airflow/example_dags/example_skip_dag.py
[2022-12-31T20:51:31.934+0100] {processor.py:753} INFO - DAG(s) dict_keys(['example_skip_dag']) retrieved from /Library/Frameworks/Python.framework/Versions/3.11/lib/python3.11/site-packages/airflow/example_dags/example_skip_dag.py
[2022-12-31T20:51:32.504+0100] {logging_mixin.py:137} INFO - [2022-12-31T20:51:32.504+0100] {dag.py:2676} INFO - Sync 1 DAGs
[2022-12-31T20:51:32.512+0100] {logging_mixin.py:137} INFO - [2022-12-31T20:51:32.511+0100] {dag.py:3423} INFO - Setting next_dagrun for example_skip_dag to 2022-12-30T19:51:32.511862+00:00, run_after=2022-12-31T19:51:32.511862+00:00
[2022-12-31T20:51:32.519+0100] {processor.py:175} INFO - Processing /Library/Frameworks/Python.framework/Versions/3.11/lib/python3.11/site-packages/airflow/example_dags/example_skip_dag.py took 0.615 seconds
[2022-12-31T20:53:45.149+0100] {processor.py:153} INFO - Started process (PID=92872) to work on /Library/Frameworks/Python.framework/Versions/3.11/lib/python3.11/site-packages/airflow/example_dags/example_skip_dag.py
[2022-12-31T20:53:45.153+0100] {processor.py:743} INFO - Processing file /Library/Frameworks/Python.framework/Versions/3.11/lib/python3.11/site-packages/airflow/example_dags/example_skip_dag.py for tasks to queue
[2022-12-31T20:53:45.153+0100] {logging_mixin.py:137} INFO - [2022-12-31T20:53:45.153+0100] {dagbag.py:538} INFO - Filling up the DagBag from /Library/Frameworks/Python.framework/Versions/3.11/lib/python3.11/site-packages/airflow/example_dags/example_skip_dag.py
[2022-12-31T20:53:45.165+0100] {processor.py:753} INFO - DAG(s) dict_keys(['example_skip_dag']) retrieved from /Library/Frameworks/Python.framework/Versions/3.11/lib/python3.11/site-packages/airflow/example_dags/example_skip_dag.py
[2022-12-31T20:53:45.674+0100] {logging_mixin.py:137} INFO - [2022-12-31T20:53:45.674+0100] {dag.py:2676} INFO - Sync 1 DAGs
[2022-12-31T20:53:45.681+0100] {logging_mixin.py:137} INFO - [2022-12-31T20:53:45.681+0100] {dag.py:3423} INFO - Setting next_dagrun for example_skip_dag to 2022-12-30T19:53:45.681722+00:00, run_after=2022-12-31T19:53:45.681722+00:00
[2022-12-31T20:53:45.689+0100] {processor.py:175} INFO - Processing /Library/Frameworks/Python.framework/Versions/3.11/lib/python3.11/site-packages/airflow/example_dags/example_skip_dag.py took 0.541 seconds
[2022-12-31T20:55:26.216+0100] {processor.py:153} INFO - Started process (PID=93168) to work on /Library/Frameworks/Python.framework/Versions/3.11/lib/python3.11/site-packages/airflow/example_dags/example_skip_dag.py
[2022-12-31T20:55:26.221+0100] {processor.py:743} INFO - Processing file /Library/Frameworks/Python.framework/Versions/3.11/lib/python3.11/site-packages/airflow/example_dags/example_skip_dag.py for tasks to queue
[2022-12-31T20:55:26.221+0100] {logging_mixin.py:137} INFO - [2022-12-31T20:55:26.221+0100] {dagbag.py:538} INFO - Filling up the DagBag from /Library/Frameworks/Python.framework/Versions/3.11/lib/python3.11/site-packages/airflow/example_dags/example_skip_dag.py
[2022-12-31T20:55:26.231+0100] {processor.py:753} INFO - DAG(s) dict_keys(['example_skip_dag']) retrieved from /Library/Frameworks/Python.framework/Versions/3.11/lib/python3.11/site-packages/airflow/example_dags/example_skip_dag.py
[2022-12-31T20:55:26.635+0100] {logging_mixin.py:137} INFO - [2022-12-31T20:55:26.635+0100] {dag.py:2676} INFO - Sync 1 DAGs
[2022-12-31T20:55:26.641+0100] {logging_mixin.py:137} INFO - [2022-12-31T20:55:26.641+0100] {dag.py:3423} INFO - Setting next_dagrun for example_skip_dag to 2022-12-30T19:55:26.641670+00:00, run_after=2022-12-31T19:55:26.641670+00:00
[2022-12-31T20:55:26.648+0100] {processor.py:175} INFO - Processing /Library/Frameworks/Python.framework/Versions/3.11/lib/python3.11/site-packages/airflow/example_dags/example_skip_dag.py took 0.432 seconds
[2022-12-31T20:56:39.947+0100] {processor.py:153} INFO - Started process (PID=93313) to work on /Library/Frameworks/Python.framework/Versions/3.11/lib/python3.11/site-packages/airflow/example_dags/example_skip_dag.py
[2022-12-31T20:56:39.952+0100] {processor.py:743} INFO - Processing file /Library/Frameworks/Python.framework/Versions/3.11/lib/python3.11/site-packages/airflow/example_dags/example_skip_dag.py for tasks to queue
[2022-12-31T20:56:39.952+0100] {logging_mixin.py:137} INFO - [2022-12-31T20:56:39.952+0100] {dagbag.py:538} INFO - Filling up the DagBag from /Library/Frameworks/Python.framework/Versions/3.11/lib/python3.11/site-packages/airflow/example_dags/example_skip_dag.py
[2022-12-31T20:56:39.963+0100] {processor.py:753} INFO - DAG(s) dict_keys(['example_skip_dag']) retrieved from /Library/Frameworks/Python.framework/Versions/3.11/lib/python3.11/site-packages/airflow/example_dags/example_skip_dag.py
[2022-12-31T20:56:40.477+0100] {logging_mixin.py:137} INFO - [2022-12-31T20:56:40.477+0100] {dag.py:2676} INFO - Sync 1 DAGs
[2022-12-31T20:56:40.489+0100] {logging_mixin.py:137} INFO - [2022-12-31T20:56:40.489+0100] {dag.py:3423} INFO - Setting next_dagrun for example_skip_dag to 2022-12-30T19:56:40.488844+00:00, run_after=2022-12-31T19:56:40.488844+00:00
[2022-12-31T20:56:40.498+0100] {processor.py:175} INFO - Processing /Library/Frameworks/Python.framework/Versions/3.11/lib/python3.11/site-packages/airflow/example_dags/example_skip_dag.py took 0.552 seconds
[2022-12-31T20:58:42.377+0100] {processor.py:153} INFO - Started process (PID=93591) to work on /Library/Frameworks/Python.framework/Versions/3.11/lib/python3.11/site-packages/airflow/example_dags/example_skip_dag.py
[2022-12-31T20:58:42.382+0100] {processor.py:743} INFO - Processing file /Library/Frameworks/Python.framework/Versions/3.11/lib/python3.11/site-packages/airflow/example_dags/example_skip_dag.py for tasks to queue
[2022-12-31T20:58:42.382+0100] {logging_mixin.py:137} INFO - [2022-12-31T20:58:42.382+0100] {dagbag.py:538} INFO - Filling up the DagBag from /Library/Frameworks/Python.framework/Versions/3.11/lib/python3.11/site-packages/airflow/example_dags/example_skip_dag.py
[2022-12-31T20:58:42.405+0100] {processor.py:753} INFO - DAG(s) dict_keys(['example_skip_dag']) retrieved from /Library/Frameworks/Python.framework/Versions/3.11/lib/python3.11/site-packages/airflow/example_dags/example_skip_dag.py
[2022-12-31T20:58:43.036+0100] {logging_mixin.py:137} INFO - [2022-12-31T20:58:43.036+0100] {dag.py:2676} INFO - Sync 1 DAGs
[2022-12-31T20:58:43.044+0100] {logging_mixin.py:137} INFO - [2022-12-31T20:58:43.044+0100] {dag.py:3423} INFO - Setting next_dagrun for example_skip_dag to 2022-12-30T19:58:43.044207+00:00, run_after=2022-12-31T19:58:43.044207+00:00
[2022-12-31T20:58:43.052+0100] {processor.py:175} INFO - Processing /Library/Frameworks/Python.framework/Versions/3.11/lib/python3.11/site-packages/airflow/example_dags/example_skip_dag.py took 0.681 seconds
[2022-12-31T21:00:46.867+0100] {processor.py:153} INFO - Started process (PID=93810) to work on /Library/Frameworks/Python.framework/Versions/3.11/lib/python3.11/site-packages/airflow/example_dags/example_skip_dag.py
[2022-12-31T21:00:46.871+0100] {processor.py:743} INFO - Processing file /Library/Frameworks/Python.framework/Versions/3.11/lib/python3.11/site-packages/airflow/example_dags/example_skip_dag.py for tasks to queue
[2022-12-31T21:00:46.872+0100] {logging_mixin.py:137} INFO - [2022-12-31T21:00:46.872+0100] {dagbag.py:538} INFO - Filling up the DagBag from /Library/Frameworks/Python.framework/Versions/3.11/lib/python3.11/site-packages/airflow/example_dags/example_skip_dag.py
[2022-12-31T21:00:46.883+0100] {processor.py:753} INFO - DAG(s) dict_keys(['example_skip_dag']) retrieved from /Library/Frameworks/Python.framework/Versions/3.11/lib/python3.11/site-packages/airflow/example_dags/example_skip_dag.py
[2022-12-31T21:00:47.358+0100] {logging_mixin.py:137} INFO - [2022-12-31T21:00:47.357+0100] {dag.py:2676} INFO - Sync 1 DAGs
[2022-12-31T21:00:47.369+0100] {logging_mixin.py:137} INFO - [2022-12-31T21:00:47.369+0100] {dag.py:3423} INFO - Setting next_dagrun for example_skip_dag to 2022-12-30T20:00:47.369776+00:00, run_after=2022-12-31T20:00:47.369776+00:00
[2022-12-31T21:00:47.377+0100] {processor.py:175} INFO - Processing /Library/Frameworks/Python.framework/Versions/3.11/lib/python3.11/site-packages/airflow/example_dags/example_skip_dag.py took 0.510 seconds
[2022-12-31T21:02:46.061+0100] {processor.py:153} INFO - Started process (PID=94204) to work on /Library/Frameworks/Python.framework/Versions/3.11/lib/python3.11/site-packages/airflow/example_dags/example_skip_dag.py
[2022-12-31T21:02:46.069+0100] {processor.py:743} INFO - Processing file /Library/Frameworks/Python.framework/Versions/3.11/lib/python3.11/site-packages/airflow/example_dags/example_skip_dag.py for tasks to queue
[2022-12-31T21:02:46.069+0100] {logging_mixin.py:137} INFO - [2022-12-31T21:02:46.069+0100] {dagbag.py:538} INFO - Filling up the DagBag from /Library/Frameworks/Python.framework/Versions/3.11/lib/python3.11/site-packages/airflow/example_dags/example_skip_dag.py
[2022-12-31T21:02:46.080+0100] {processor.py:753} INFO - DAG(s) dict_keys(['example_skip_dag']) retrieved from /Library/Frameworks/Python.framework/Versions/3.11/lib/python3.11/site-packages/airflow/example_dags/example_skip_dag.py
[2022-12-31T21:02:46.655+0100] {logging_mixin.py:137} INFO - [2022-12-31T21:02:46.655+0100] {dag.py:2676} INFO - Sync 1 DAGs
[2022-12-31T21:02:46.663+0100] {logging_mixin.py:137} INFO - [2022-12-31T21:02:46.663+0100] {dag.py:3423} INFO - Setting next_dagrun for example_skip_dag to 2022-12-30T20:02:46.663116+00:00, run_after=2022-12-31T20:02:46.663116+00:00
[2022-12-31T21:02:46.670+0100] {processor.py:175} INFO - Processing /Library/Frameworks/Python.framework/Versions/3.11/lib/python3.11/site-packages/airflow/example_dags/example_skip_dag.py took 0.610 seconds
[2022-12-31T21:04:55.310+0100] {processor.py:153} INFO - Started process (PID=94464) to work on /Library/Frameworks/Python.framework/Versions/3.11/lib/python3.11/site-packages/airflow/example_dags/example_skip_dag.py
[2022-12-31T21:04:55.315+0100] {processor.py:743} INFO - Processing file /Library/Frameworks/Python.framework/Versions/3.11/lib/python3.11/site-packages/airflow/example_dags/example_skip_dag.py for tasks to queue
[2022-12-31T21:04:55.315+0100] {logging_mixin.py:137} INFO - [2022-12-31T21:04:55.315+0100] {dagbag.py:538} INFO - Filling up the DagBag from /Library/Frameworks/Python.framework/Versions/3.11/lib/python3.11/site-packages/airflow/example_dags/example_skip_dag.py
[2022-12-31T21:04:55.327+0100] {processor.py:753} INFO - DAG(s) dict_keys(['example_skip_dag']) retrieved from /Library/Frameworks/Python.framework/Versions/3.11/lib/python3.11/site-packages/airflow/example_dags/example_skip_dag.py
[2022-12-31T21:04:55.753+0100] {logging_mixin.py:137} INFO - [2022-12-31T21:04:55.753+0100] {dag.py:2676} INFO - Sync 1 DAGs
[2022-12-31T21:04:55.759+0100] {logging_mixin.py:137} INFO - [2022-12-31T21:04:55.759+0100] {dag.py:3423} INFO - Setting next_dagrun for example_skip_dag to 2022-12-30T20:04:55.759368+00:00, run_after=2022-12-31T20:04:55.759368+00:00
[2022-12-31T21:04:55.766+0100] {processor.py:175} INFO - Processing /Library/Frameworks/Python.framework/Versions/3.11/lib/python3.11/site-packages/airflow/example_dags/example_skip_dag.py took 0.457 seconds
[2022-12-31T21:06:43.808+0100] {processor.py:153} INFO - Started process (PID=94700) to work on /Library/Frameworks/Python.framework/Versions/3.11/lib/python3.11/site-packages/airflow/example_dags/example_skip_dag.py
[2022-12-31T21:06:43.810+0100] {processor.py:743} INFO - Processing file /Library/Frameworks/Python.framework/Versions/3.11/lib/python3.11/site-packages/airflow/example_dags/example_skip_dag.py for tasks to queue
[2022-12-31T21:06:43.810+0100] {logging_mixin.py:137} INFO - [2022-12-31T21:06:43.810+0100] {dagbag.py:538} INFO - Filling up the DagBag from /Library/Frameworks/Python.framework/Versions/3.11/lib/python3.11/site-packages/airflow/example_dags/example_skip_dag.py
[2022-12-31T21:06:43.821+0100] {processor.py:753} INFO - DAG(s) dict_keys(['example_skip_dag']) retrieved from /Library/Frameworks/Python.framework/Versions/3.11/lib/python3.11/site-packages/airflow/example_dags/example_skip_dag.py
[2022-12-31T21:06:44.345+0100] {logging_mixin.py:137} INFO - [2022-12-31T21:06:44.345+0100] {dag.py:2676} INFO - Sync 1 DAGs
[2022-12-31T21:06:44.352+0100] {logging_mixin.py:137} INFO - [2022-12-31T21:06:44.352+0100] {dag.py:3423} INFO - Setting next_dagrun for example_skip_dag to 2022-12-30T20:06:44.352181+00:00, run_after=2022-12-31T20:06:44.352181+00:00
[2022-12-31T21:06:44.359+0100] {processor.py:175} INFO - Processing /Library/Frameworks/Python.framework/Versions/3.11/lib/python3.11/site-packages/airflow/example_dags/example_skip_dag.py took 0.553 seconds
[2022-12-31T21:08:39.201+0100] {processor.py:153} INFO - Started process (PID=94955) to work on /Library/Frameworks/Python.framework/Versions/3.11/lib/python3.11/site-packages/airflow/example_dags/example_skip_dag.py
[2022-12-31T21:08:39.204+0100] {processor.py:743} INFO - Processing file /Library/Frameworks/Python.framework/Versions/3.11/lib/python3.11/site-packages/airflow/example_dags/example_skip_dag.py for tasks to queue
[2022-12-31T21:08:39.204+0100] {logging_mixin.py:137} INFO - [2022-12-31T21:08:39.204+0100] {dagbag.py:538} INFO - Filling up the DagBag from /Library/Frameworks/Python.framework/Versions/3.11/lib/python3.11/site-packages/airflow/example_dags/example_skip_dag.py
[2022-12-31T21:08:39.216+0100] {processor.py:753} INFO - DAG(s) dict_keys(['example_skip_dag']) retrieved from /Library/Frameworks/Python.framework/Versions/3.11/lib/python3.11/site-packages/airflow/example_dags/example_skip_dag.py
[2022-12-31T21:08:39.698+0100] {logging_mixin.py:137} INFO - [2022-12-31T21:08:39.698+0100] {dag.py:2676} INFO - Sync 1 DAGs
[2022-12-31T21:08:39.712+0100] {logging_mixin.py:137} INFO - [2022-12-31T21:08:39.712+0100] {dag.py:3423} INFO - Setting next_dagrun for example_skip_dag to 2022-12-30T20:08:39.712574+00:00, run_after=2022-12-31T20:08:39.712574+00:00
[2022-12-31T21:08:39.720+0100] {processor.py:175} INFO - Processing /Library/Frameworks/Python.framework/Versions/3.11/lib/python3.11/site-packages/airflow/example_dags/example_skip_dag.py took 0.520 seconds
[2022-12-31 20:08:47,467] {scheduler_job.py:182} INFO - Started process (PID=106) to work on /home/airflow/.local/lib/python3.6/site-packages/airflow/example_dags/example_skip_dag.py
[2022-12-31 20:08:47,473] {scheduler_job.py:629} INFO - Processing file /home/airflow/.local/lib/python3.6/site-packages/airflow/example_dags/example_skip_dag.py for tasks to queue
[2022-12-31 20:08:47,491] {logging_mixin.py:104} INFO - [2022-12-31 20:08:47,490] {dagbag.py:451} INFO - Filling up the DagBag from /home/airflow/.local/lib/python3.6/site-packages/airflow/example_dags/example_skip_dag.py
[2022-12-31 20:08:47,627] {scheduler_job.py:639} INFO - DAG(s) dict_keys(['example_skip_dag']) retrieved from /home/airflow/.local/lib/python3.6/site-packages/airflow/example_dags/example_skip_dag.py
[2022-12-31 20:08:47,703] {logging_mixin.py:104} INFO - [2022-12-31 20:08:47,702] {dag.py:1824} INFO - Sync 1 DAGs
[2022-12-31 20:08:47,848] {logging_mixin.py:104} INFO - [2022-12-31 20:08:47,847] {dag.py:2280} INFO - Setting next_dagrun for example_skip_dag to 2022-12-29 00:00:00+00:00
[2022-12-31 20:08:47,954] {scheduler_job.py:190} INFO - Processing /home/airflow/.local/lib/python3.6/site-packages/airflow/example_dags/example_skip_dag.py took 0.559 seconds
[2022-12-31 20:09:18,450] {scheduler_job.py:182} INFO - Started process (PID=160) to work on /home/airflow/.local/lib/python3.6/site-packages/airflow/example_dags/example_skip_dag.py
[2022-12-31 20:09:18,458] {scheduler_job.py:629} INFO - Processing file /home/airflow/.local/lib/python3.6/site-packages/airflow/example_dags/example_skip_dag.py for tasks to queue
[2022-12-31 20:09:18,466] {logging_mixin.py:104} INFO - [2022-12-31 20:09:18,465] {dagbag.py:451} INFO - Filling up the DagBag from /home/airflow/.local/lib/python3.6/site-packages/airflow/example_dags/example_skip_dag.py
[2022-12-31 20:09:18,523] {scheduler_job.py:639} INFO - DAG(s) dict_keys(['example_skip_dag']) retrieved from /home/airflow/.local/lib/python3.6/site-packages/airflow/example_dags/example_skip_dag.py
[2022-12-31 20:09:18,587] {logging_mixin.py:104} INFO - [2022-12-31 20:09:18,586] {dag.py:1824} INFO - Sync 1 DAGs
[2022-12-31 20:09:18,647] {logging_mixin.py:104} INFO - [2022-12-31 20:09:18,646] {dag.py:2280} INFO - Setting next_dagrun for example_skip_dag to 2022-12-29 00:00:00+00:00
[2022-12-31 20:09:18,672] {scheduler_job.py:190} INFO - Processing /home/airflow/.local/lib/python3.6/site-packages/airflow/example_dags/example_skip_dag.py took 0.234 seconds
[2022-12-31T21:10:41.368+0100] {processor.py:153} INFO - Started process (PID=95268) to work on /Library/Frameworks/Python.framework/Versions/3.11/lib/python3.11/site-packages/airflow/example_dags/example_skip_dag.py
[2022-12-31T21:10:41.373+0100] {processor.py:743} INFO - Processing file /Library/Frameworks/Python.framework/Versions/3.11/lib/python3.11/site-packages/airflow/example_dags/example_skip_dag.py for tasks to queue
[2022-12-31T21:10:41.373+0100] {logging_mixin.py:137} INFO - [2022-12-31T21:10:41.373+0100] {dagbag.py:538} INFO - Filling up the DagBag from /Library/Frameworks/Python.framework/Versions/3.11/lib/python3.11/site-packages/airflow/example_dags/example_skip_dag.py
[2022-12-31T21:10:41.384+0100] {processor.py:753} INFO - DAG(s) dict_keys(['example_skip_dag']) retrieved from /Library/Frameworks/Python.framework/Versions/3.11/lib/python3.11/site-packages/airflow/example_dags/example_skip_dag.py
[2022-12-31T21:10:41.810+0100] {logging_mixin.py:137} INFO - [2022-12-31T21:10:41.810+0100] {dag.py:2676} INFO - Sync 1 DAGs
[2022-12-31T21:10:41.816+0100] {logging_mixin.py:137} INFO - [2022-12-31T21:10:41.816+0100] {dag.py:3423} INFO - Setting next_dagrun for example_skip_dag to 2022-12-30T20:10:41.816517+00:00, run_after=2022-12-31T20:10:41.816517+00:00
[2022-12-31T21:10:41.822+0100] {processor.py:175} INFO - Processing /Library/Frameworks/Python.framework/Versions/3.11/lib/python3.11/site-packages/airflow/example_dags/example_skip_dag.py took 0.455 seconds
[2022-12-31T21:12:48.396+0100] {processor.py:153} INFO - Started process (PID=95583) to work on /Library/Frameworks/Python.framework/Versions/3.11/lib/python3.11/site-packages/airflow/example_dags/example_skip_dag.py
[2022-12-31T21:12:48.402+0100] {processor.py:743} INFO - Processing file /Library/Frameworks/Python.framework/Versions/3.11/lib/python3.11/site-packages/airflow/example_dags/example_skip_dag.py for tasks to queue
[2022-12-31T21:12:48.402+0100] {logging_mixin.py:137} INFO - [2022-12-31T21:12:48.402+0100] {dagbag.py:538} INFO - Filling up the DagBag from /Library/Frameworks/Python.framework/Versions/3.11/lib/python3.11/site-packages/airflow/example_dags/example_skip_dag.py
[2022-12-31T21:12:48.417+0100] {processor.py:753} INFO - DAG(s) dict_keys(['example_skip_dag']) retrieved from /Library/Frameworks/Python.framework/Versions/3.11/lib/python3.11/site-packages/airflow/example_dags/example_skip_dag.py
[2022-12-31T21:12:49.083+0100] {logging_mixin.py:137} INFO - [2022-12-31T21:12:49.083+0100] {dag.py:2676} INFO - Sync 1 DAGs
[2022-12-31T21:12:49.090+0100] {logging_mixin.py:137} INFO - [2022-12-31T21:12:49.090+0100] {dag.py:3423} INFO - Setting next_dagrun for example_skip_dag to 2022-12-30T20:12:49.090476+00:00, run_after=2022-12-31T20:12:49.090476+00:00
[2022-12-31T21:12:49.098+0100] {processor.py:175} INFO - Processing /Library/Frameworks/Python.framework/Versions/3.11/lib/python3.11/site-packages/airflow/example_dags/example_skip_dag.py took 0.703 seconds
[2022-12-31T21:14:51.257+0100] {processor.py:153} INFO - Started process (PID=95836) to work on /Library/Frameworks/Python.framework/Versions/3.11/lib/python3.11/site-packages/airflow/example_dags/example_skip_dag.py
[2022-12-31T21:14:51.259+0100] {processor.py:743} INFO - Processing file /Library/Frameworks/Python.framework/Versions/3.11/lib/python3.11/site-packages/airflow/example_dags/example_skip_dag.py for tasks to queue
[2022-12-31T21:14:51.259+0100] {logging_mixin.py:137} INFO - [2022-12-31T21:14:51.259+0100] {dagbag.py:538} INFO - Filling up the DagBag from /Library/Frameworks/Python.framework/Versions/3.11/lib/python3.11/site-packages/airflow/example_dags/example_skip_dag.py
[2022-12-31T21:14:51.293+0100] {processor.py:753} INFO - DAG(s) dict_keys(['example_skip_dag']) retrieved from /Library/Frameworks/Python.framework/Versions/3.11/lib/python3.11/site-packages/airflow/example_dags/example_skip_dag.py
[2022-12-31T21:14:51.763+0100] {logging_mixin.py:137} INFO - [2022-12-31T21:14:51.763+0100] {dag.py:2676} INFO - Sync 1 DAGs
[2022-12-31T21:14:51.769+0100] {logging_mixin.py:137} INFO - [2022-12-31T21:14:51.769+0100] {dag.py:3423} INFO - Setting next_dagrun for example_skip_dag to 2022-12-30T20:14:51.769814+00:00, run_after=2022-12-31T20:14:51.769814+00:00
[2022-12-31T21:14:51.776+0100] {processor.py:175} INFO - Processing /Library/Frameworks/Python.framework/Versions/3.11/lib/python3.11/site-packages/airflow/example_dags/example_skip_dag.py took 0.519 seconds
[2022-12-31T21:16:44.939+0100] {processor.py:153} INFO - Started process (PID=96105) to work on /Library/Frameworks/Python.framework/Versions/3.11/lib/python3.11/site-packages/airflow/example_dags/example_skip_dag.py
[2022-12-31T21:16:44.944+0100] {processor.py:743} INFO - Processing file /Library/Frameworks/Python.framework/Versions/3.11/lib/python3.11/site-packages/airflow/example_dags/example_skip_dag.py for tasks to queue
[2022-12-31T21:16:44.944+0100] {logging_mixin.py:137} INFO - [2022-12-31T21:16:44.944+0100] {dagbag.py:538} INFO - Filling up the DagBag from /Library/Frameworks/Python.framework/Versions/3.11/lib/python3.11/site-packages/airflow/example_dags/example_skip_dag.py
[2022-12-31T21:16:44.955+0100] {processor.py:753} INFO - DAG(s) dict_keys(['example_skip_dag']) retrieved from /Library/Frameworks/Python.framework/Versions/3.11/lib/python3.11/site-packages/airflow/example_dags/example_skip_dag.py
[2022-12-31T21:16:45.370+0100] {logging_mixin.py:137} INFO - [2022-12-31T21:16:45.370+0100] {dag.py:2676} INFO - Sync 1 DAGs
[2022-12-31T21:16:45.376+0100] {logging_mixin.py:137} INFO - [2022-12-31T21:16:45.376+0100] {dag.py:3423} INFO - Setting next_dagrun for example_skip_dag to 2022-12-30T20:16:45.376555+00:00, run_after=2022-12-31T20:16:45.376555+00:00
[2022-12-31T21:16:45.382+0100] {processor.py:175} INFO - Processing /Library/Frameworks/Python.framework/Versions/3.11/lib/python3.11/site-packages/airflow/example_dags/example_skip_dag.py took 0.444 seconds
[2022-12-31T21:18:30.532+0100] {processor.py:153} INFO - Started process (PID=96335) to work on /Library/Frameworks/Python.framework/Versions/3.11/lib/python3.11/site-packages/airflow/example_dags/example_skip_dag.py
[2022-12-31T21:18:30.537+0100] {processor.py:743} INFO - Processing file /Library/Frameworks/Python.framework/Versions/3.11/lib/python3.11/site-packages/airflow/example_dags/example_skip_dag.py for tasks to queue
[2022-12-31T21:18:30.537+0100] {logging_mixin.py:137} INFO - [2022-12-31T21:18:30.537+0100] {dagbag.py:538} INFO - Filling up the DagBag from /Library/Frameworks/Python.framework/Versions/3.11/lib/python3.11/site-packages/airflow/example_dags/example_skip_dag.py
[2022-12-31T21:18:30.553+0100] {processor.py:753} INFO - DAG(s) dict_keys(['example_skip_dag']) retrieved from /Library/Frameworks/Python.framework/Versions/3.11/lib/python3.11/site-packages/airflow/example_dags/example_skip_dag.py
[2022-12-31T21:18:31.007+0100] {logging_mixin.py:137} INFO - [2022-12-31T21:18:31.007+0100] {dag.py:2676} INFO - Sync 1 DAGs
[2022-12-31T21:18:31.013+0100] {logging_mixin.py:137} INFO - [2022-12-31T21:18:31.013+0100] {dag.py:3423} INFO - Setting next_dagrun for example_skip_dag to 2022-12-30T20:18:31.013753+00:00, run_after=2022-12-31T20:18:31.013753+00:00
[2022-12-31T21:18:31.020+0100] {processor.py:175} INFO - Processing /Library/Frameworks/Python.framework/Versions/3.11/lib/python3.11/site-packages/airflow/example_dags/example_skip_dag.py took 0.489 seconds
[2022-12-31T21:20:30.750+0100] {processor.py:153} INFO - Started process (PID=96561) to work on /Library/Frameworks/Python.framework/Versions/3.11/lib/python3.11/site-packages/airflow/example_dags/example_skip_dag.py
[2022-12-31T21:20:30.756+0100] {processor.py:743} INFO - Processing file /Library/Frameworks/Python.framework/Versions/3.11/lib/python3.11/site-packages/airflow/example_dags/example_skip_dag.py for tasks to queue
[2022-12-31T21:20:30.757+0100] {logging_mixin.py:137} INFO - [2022-12-31T21:20:30.756+0100] {dagbag.py:538} INFO - Filling up the DagBag from /Library/Frameworks/Python.framework/Versions/3.11/lib/python3.11/site-packages/airflow/example_dags/example_skip_dag.py
[2022-12-31T21:20:30.767+0100] {processor.py:753} INFO - DAG(s) dict_keys(['example_skip_dag']) retrieved from /Library/Frameworks/Python.framework/Versions/3.11/lib/python3.11/site-packages/airflow/example_dags/example_skip_dag.py
[2022-12-31T21:20:31.193+0100] {logging_mixin.py:137} INFO - [2022-12-31T21:20:31.193+0100] {dag.py:2676} INFO - Sync 1 DAGs
[2022-12-31T21:20:31.199+0100] {logging_mixin.py:137} INFO - [2022-12-31T21:20:31.199+0100] {dag.py:3423} INFO - Setting next_dagrun for example_skip_dag to 2022-12-30T20:20:31.199137+00:00, run_after=2022-12-31T20:20:31.199137+00:00
[2022-12-31T21:20:31.205+0100] {processor.py:175} INFO - Processing /Library/Frameworks/Python.framework/Versions/3.11/lib/python3.11/site-packages/airflow/example_dags/example_skip_dag.py took 0.456 seconds
[2022-12-31T21:22:27.044+0100] {processor.py:153} INFO - Started process (PID=96763) to work on /Library/Frameworks/Python.framework/Versions/3.11/lib/python3.11/site-packages/airflow/example_dags/example_skip_dag.py
[2022-12-31T21:22:27.050+0100] {processor.py:743} INFO - Processing file /Library/Frameworks/Python.framework/Versions/3.11/lib/python3.11/site-packages/airflow/example_dags/example_skip_dag.py for tasks to queue
[2022-12-31T21:22:27.050+0100] {logging_mixin.py:137} INFO - [2022-12-31T21:22:27.050+0100] {dagbag.py:538} INFO - Filling up the DagBag from /Library/Frameworks/Python.framework/Versions/3.11/lib/python3.11/site-packages/airflow/example_dags/example_skip_dag.py
[2022-12-31T21:22:27.062+0100] {processor.py:753} INFO - DAG(s) dict_keys(['example_skip_dag']) retrieved from /Library/Frameworks/Python.framework/Versions/3.11/lib/python3.11/site-packages/airflow/example_dags/example_skip_dag.py
[2022-12-31T21:22:27.531+0100] {logging_mixin.py:137} INFO - [2022-12-31T21:22:27.531+0100] {dag.py:2676} INFO - Sync 1 DAGs
[2022-12-31T21:22:27.539+0100] {logging_mixin.py:137} INFO - [2022-12-31T21:22:27.539+0100] {dag.py:3423} INFO - Setting next_dagrun for example_skip_dag to 2022-12-30T20:22:27.539367+00:00, run_after=2022-12-31T20:22:27.539367+00:00
[2022-12-31T21:22:27.547+0100] {processor.py:175} INFO - Processing /Library/Frameworks/Python.framework/Versions/3.11/lib/python3.11/site-packages/airflow/example_dags/example_skip_dag.py took 0.504 seconds
[2022-12-31T21:24:27.429+0100] {processor.py:153} INFO - Started process (PID=96972) to work on /Library/Frameworks/Python.framework/Versions/3.11/lib/python3.11/site-packages/airflow/example_dags/example_skip_dag.py
[2022-12-31T21:24:27.441+0100] {processor.py:743} INFO - Processing file /Library/Frameworks/Python.framework/Versions/3.11/lib/python3.11/site-packages/airflow/example_dags/example_skip_dag.py for tasks to queue
[2022-12-31T21:24:27.441+0100] {logging_mixin.py:137} INFO - [2022-12-31T21:24:27.441+0100] {dagbag.py:538} INFO - Filling up the DagBag from /Library/Frameworks/Python.framework/Versions/3.11/lib/python3.11/site-packages/airflow/example_dags/example_skip_dag.py
[2022-12-31T21:24:27.452+0100] {processor.py:753} INFO - DAG(s) dict_keys(['example_skip_dag']) retrieved from /Library/Frameworks/Python.framework/Versions/3.11/lib/python3.11/site-packages/airflow/example_dags/example_skip_dag.py
[2022-12-31T21:24:28.000+0100] {logging_mixin.py:137} INFO - [2022-12-31T21:24:28.000+0100] {dag.py:2676} INFO - Sync 1 DAGs
[2022-12-31T21:24:28.008+0100] {logging_mixin.py:137} INFO - [2022-12-31T21:24:28.008+0100] {dag.py:3423} INFO - Setting next_dagrun for example_skip_dag to 2022-12-30T20:24:28.008501+00:00, run_after=2022-12-31T20:24:28.008501+00:00
[2022-12-31T21:24:28.015+0100] {processor.py:175} INFO - Processing /Library/Frameworks/Python.framework/Versions/3.11/lib/python3.11/site-packages/airflow/example_dags/example_skip_dag.py took 0.587 seconds
[2022-12-31T21:26:18.123+0100] {processor.py:153} INFO - Started process (PID=97183) to work on /Library/Frameworks/Python.framework/Versions/3.11/lib/python3.11/site-packages/airflow/example_dags/example_skip_dag.py
[2022-12-31T21:26:18.128+0100] {processor.py:743} INFO - Processing file /Library/Frameworks/Python.framework/Versions/3.11/lib/python3.11/site-packages/airflow/example_dags/example_skip_dag.py for tasks to queue
[2022-12-31T21:26:18.128+0100] {logging_mixin.py:137} INFO - [2022-12-31T21:26:18.128+0100] {dagbag.py:538} INFO - Filling up the DagBag from /Library/Frameworks/Python.framework/Versions/3.11/lib/python3.11/site-packages/airflow/example_dags/example_skip_dag.py
[2022-12-31T21:26:18.141+0100] {processor.py:753} INFO - DAG(s) dict_keys(['example_skip_dag']) retrieved from /Library/Frameworks/Python.framework/Versions/3.11/lib/python3.11/site-packages/airflow/example_dags/example_skip_dag.py
[2022-12-31T21:26:18.627+0100] {logging_mixin.py:137} INFO - [2022-12-31T21:26:18.627+0100] {dag.py:2676} INFO - Sync 1 DAGs
[2022-12-31T21:26:18.634+0100] {logging_mixin.py:137} INFO - [2022-12-31T21:26:18.634+0100] {dag.py:3423} INFO - Setting next_dagrun for example_skip_dag to 2022-12-30T20:26:18.634637+00:00, run_after=2022-12-31T20:26:18.634637+00:00
[2022-12-31T21:26:18.643+0100] {processor.py:175} INFO - Processing /Library/Frameworks/Python.framework/Versions/3.11/lib/python3.11/site-packages/airflow/example_dags/example_skip_dag.py took 0.520 seconds
[2022-12-31T21:28:14.988+0100] {processor.py:153} INFO - Started process (PID=97395) to work on /Library/Frameworks/Python.framework/Versions/3.11/lib/python3.11/site-packages/airflow/example_dags/example_skip_dag.py
[2022-12-31T21:28:14.990+0100] {processor.py:743} INFO - Processing file /Library/Frameworks/Python.framework/Versions/3.11/lib/python3.11/site-packages/airflow/example_dags/example_skip_dag.py for tasks to queue
[2022-12-31T21:28:14.990+0100] {logging_mixin.py:137} INFO - [2022-12-31T21:28:14.990+0100] {dagbag.py:538} INFO - Filling up the DagBag from /Library/Frameworks/Python.framework/Versions/3.11/lib/python3.11/site-packages/airflow/example_dags/example_skip_dag.py
[2022-12-31T21:28:15.002+0100] {processor.py:753} INFO - DAG(s) dict_keys(['example_skip_dag']) retrieved from /Library/Frameworks/Python.framework/Versions/3.11/lib/python3.11/site-packages/airflow/example_dags/example_skip_dag.py
[2022-12-31T21:28:15.414+0100] {logging_mixin.py:137} INFO - [2022-12-31T21:28:15.414+0100] {dag.py:2676} INFO - Sync 1 DAGs
[2022-12-31T21:28:15.420+0100] {logging_mixin.py:137} INFO - [2022-12-31T21:28:15.420+0100] {dag.py:3423} INFO - Setting next_dagrun for example_skip_dag to 2022-12-30T20:28:15.420114+00:00, run_after=2022-12-31T20:28:15.420114+00:00
[2022-12-31T21:28:15.426+0100] {processor.py:175} INFO - Processing /Library/Frameworks/Python.framework/Versions/3.11/lib/python3.11/site-packages/airflow/example_dags/example_skip_dag.py took 0.438 seconds
