[2022-12-31T20:29:50.261+0100] {processor.py:153} INFO - Started process (PID=90227) to work on /Library/Frameworks/Python.framework/Versions/3.11/lib/python3.11/site-packages/airflow/example_dags/example_dag_decorator.py
[2022-12-31T20:29:50.263+0100] {processor.py:743} INFO - Processing file /Library/Frameworks/Python.framework/Versions/3.11/lib/python3.11/site-packages/airflow/example_dags/example_dag_decorator.py for tasks to queue
[2022-12-31T20:29:50.263+0100] {logging_mixin.py:137} INFO - [2022-12-31T20:29:50.263+0100] {dagbag.py:538} INFO - Filling up the DagBag from /Library/Frameworks/Python.framework/Versions/3.11/lib/python3.11/site-packages/airflow/example_dags/example_dag_decorator.py
[2022-12-31T20:29:50.428+0100] {logging_mixin.py:137} INFO - [2022-12-31T20:29:50.428+0100] {taskmixin.py:205} WARNING - Dependency <Task(_PythonDecoratedOperator): prepare_email>, send_email already registered for DAG: example_dag_decorator
[2022-12-31T20:29:50.429+0100] {logging_mixin.py:137} INFO - [2022-12-31T20:29:50.429+0100] {taskmixin.py:205} WARNING - Dependency <Task(EmailOperator): send_email>, prepare_email already registered for DAG: example_dag_decorator
[2022-12-31T20:29:50.442+0100] {processor.py:753} INFO - DAG(s) dict_keys(['example_dag_decorator']) retrieved from /Library/Frameworks/Python.framework/Versions/3.11/lib/python3.11/site-packages/airflow/example_dags/example_dag_decorator.py
[2022-12-31T20:29:50.748+0100] {logging_mixin.py:137} INFO - [2022-12-31T20:29:50.748+0100] {manager.py:504} INFO - Created Permission View: can delete on DAG:example_dag_decorator
[2022-12-31T20:29:50.751+0100] {logging_mixin.py:137} INFO - [2022-12-31T20:29:50.751+0100] {manager.py:504} INFO - Created Permission View: can edit on DAG:example_dag_decorator
[2022-12-31T20:29:50.753+0100] {logging_mixin.py:137} INFO - [2022-12-31T20:29:50.753+0100] {manager.py:504} INFO - Created Permission View: can read on DAG:example_dag_decorator
[2022-12-31T20:29:50.753+0100] {logging_mixin.py:137} INFO - [2022-12-31T20:29:50.753+0100] {dag.py:2676} INFO - Sync 1 DAGs
[2022-12-31T20:29:50.757+0100] {logging_mixin.py:137} INFO - [2022-12-31T20:29:50.756+0100] {dag.py:2697} INFO - Creating ORM DAG for example_dag_decorator
[2022-12-31T20:29:50.759+0100] {logging_mixin.py:137} INFO - [2022-12-31T20:29:50.759+0100] {dag.py:3423} INFO - Setting next_dagrun for example_dag_decorator to None, run_after=None
[2022-12-31T20:29:50.765+0100] {processor.py:175} INFO - Processing /Library/Frameworks/Python.framework/Versions/3.11/lib/python3.11/site-packages/airflow/example_dags/example_dag_decorator.py took 0.505 seconds
[2022-12-31T20:31:41.935+0100] {processor.py:153} INFO - Started process (PID=90456) to work on /Library/Frameworks/Python.framework/Versions/3.11/lib/python3.11/site-packages/airflow/example_dags/example_dag_decorator.py
[2022-12-31T20:31:41.939+0100] {processor.py:743} INFO - Processing file /Library/Frameworks/Python.framework/Versions/3.11/lib/python3.11/site-packages/airflow/example_dags/example_dag_decorator.py for tasks to queue
[2022-12-31T20:31:41.939+0100] {logging_mixin.py:137} INFO - [2022-12-31T20:31:41.939+0100] {dagbag.py:538} INFO - Filling up the DagBag from /Library/Frameworks/Python.framework/Versions/3.11/lib/python3.11/site-packages/airflow/example_dags/example_dag_decorator.py
[2022-12-31T20:31:42.085+0100] {logging_mixin.py:137} INFO - [2022-12-31T20:31:42.085+0100] {taskmixin.py:205} WARNING - Dependency <Task(_PythonDecoratedOperator): prepare_email>, send_email already registered for DAG: example_dag_decorator
[2022-12-31T20:31:42.085+0100] {logging_mixin.py:137} INFO - [2022-12-31T20:31:42.085+0100] {taskmixin.py:205} WARNING - Dependency <Task(EmailOperator): send_email>, prepare_email already registered for DAG: example_dag_decorator
[2022-12-31T20:31:42.104+0100] {processor.py:753} INFO - DAG(s) dict_keys(['example_dag_decorator']) retrieved from /Library/Frameworks/Python.framework/Versions/3.11/lib/python3.11/site-packages/airflow/example_dags/example_dag_decorator.py
[2022-12-31T20:31:42.389+0100] {logging_mixin.py:137} INFO - [2022-12-31T20:31:42.389+0100] {dag.py:2676} INFO - Sync 1 DAGs
[2022-12-31T20:31:42.395+0100] {logging_mixin.py:137} INFO - [2022-12-31T20:31:42.395+0100] {dag.py:3423} INFO - Setting next_dagrun for example_dag_decorator to None, run_after=None
[2022-12-31T20:31:42.402+0100] {processor.py:175} INFO - Processing /Library/Frameworks/Python.framework/Versions/3.11/lib/python3.11/site-packages/airflow/example_dags/example_dag_decorator.py took 0.468 seconds
[2022-12-31T20:33:26.218+0100] {processor.py:153} INFO - Started process (PID=90592) to work on /Library/Frameworks/Python.framework/Versions/3.11/lib/python3.11/site-packages/airflow/example_dags/example_dag_decorator.py
[2022-12-31T20:33:26.222+0100] {processor.py:743} INFO - Processing file /Library/Frameworks/Python.framework/Versions/3.11/lib/python3.11/site-packages/airflow/example_dags/example_dag_decorator.py for tasks to queue
[2022-12-31T20:33:26.223+0100] {logging_mixin.py:137} INFO - [2022-12-31T20:33:26.223+0100] {dagbag.py:538} INFO - Filling up the DagBag from /Library/Frameworks/Python.framework/Versions/3.11/lib/python3.11/site-packages/airflow/example_dags/example_dag_decorator.py
[2022-12-31T20:33:26.368+0100] {logging_mixin.py:137} INFO - [2022-12-31T20:33:26.367+0100] {taskmixin.py:205} WARNING - Dependency <Task(_PythonDecoratedOperator): prepare_email>, send_email already registered for DAG: example_dag_decorator
[2022-12-31T20:33:26.368+0100] {logging_mixin.py:137} INFO - [2022-12-31T20:33:26.368+0100] {taskmixin.py:205} WARNING - Dependency <Task(EmailOperator): send_email>, prepare_email already registered for DAG: example_dag_decorator
[2022-12-31T20:33:26.379+0100] {processor.py:753} INFO - DAG(s) dict_keys(['example_dag_decorator']) retrieved from /Library/Frameworks/Python.framework/Versions/3.11/lib/python3.11/site-packages/airflow/example_dags/example_dag_decorator.py
[2022-12-31T20:33:26.662+0100] {logging_mixin.py:137} INFO - [2022-12-31T20:33:26.662+0100] {dag.py:2676} INFO - Sync 1 DAGs
[2022-12-31T20:33:26.669+0100] {logging_mixin.py:137} INFO - [2022-12-31T20:33:26.669+0100] {dag.py:3423} INFO - Setting next_dagrun for example_dag_decorator to None, run_after=None
[2022-12-31T20:33:26.676+0100] {processor.py:175} INFO - Processing /Library/Frameworks/Python.framework/Versions/3.11/lib/python3.11/site-packages/airflow/example_dags/example_dag_decorator.py took 0.459 seconds
[2022-12-31T20:36:24.356+0100] {processor.py:153} INFO - Started process (PID=90847) to work on /Library/Frameworks/Python.framework/Versions/3.11/lib/python3.11/site-packages/airflow/example_dags/example_dag_decorator.py
[2022-12-31T20:36:24.358+0100] {processor.py:743} INFO - Processing file /Library/Frameworks/Python.framework/Versions/3.11/lib/python3.11/site-packages/airflow/example_dags/example_dag_decorator.py for tasks to queue
[2022-12-31T20:36:24.358+0100] {logging_mixin.py:137} INFO - [2022-12-31T20:36:24.358+0100] {dagbag.py:538} INFO - Filling up the DagBag from /Library/Frameworks/Python.framework/Versions/3.11/lib/python3.11/site-packages/airflow/example_dags/example_dag_decorator.py
[2022-12-31T20:36:24.523+0100] {logging_mixin.py:137} INFO - [2022-12-31T20:36:24.523+0100] {taskmixin.py:205} WARNING - Dependency <Task(_PythonDecoratedOperator): prepare_email>, send_email already registered for DAG: example_dag_decorator
[2022-12-31T20:36:24.524+0100] {logging_mixin.py:137} INFO - [2022-12-31T20:36:24.524+0100] {taskmixin.py:205} WARNING - Dependency <Task(EmailOperator): send_email>, prepare_email already registered for DAG: example_dag_decorator
[2022-12-31T20:36:24.536+0100] {processor.py:753} INFO - DAG(s) dict_keys(['example_dag_decorator']) retrieved from /Library/Frameworks/Python.framework/Versions/3.11/lib/python3.11/site-packages/airflow/example_dags/example_dag_decorator.py
[2022-12-31T20:36:24.843+0100] {logging_mixin.py:137} INFO - [2022-12-31T20:36:24.843+0100] {dag.py:2676} INFO - Sync 1 DAGs
[2022-12-31T20:36:24.849+0100] {logging_mixin.py:137} INFO - [2022-12-31T20:36:24.849+0100] {dag.py:3423} INFO - Setting next_dagrun for example_dag_decorator to None, run_after=None
[2022-12-31T20:36:24.856+0100] {processor.py:175} INFO - Processing /Library/Frameworks/Python.framework/Versions/3.11/lib/python3.11/site-packages/airflow/example_dags/example_dag_decorator.py took 0.500 seconds
[2022-12-31T20:38:06.764+0100] {processor.py:153} INFO - Started process (PID=90996) to work on /Library/Frameworks/Python.framework/Versions/3.11/lib/python3.11/site-packages/airflow/example_dags/example_dag_decorator.py
[2022-12-31T20:38:06.769+0100] {processor.py:743} INFO - Processing file /Library/Frameworks/Python.framework/Versions/3.11/lib/python3.11/site-packages/airflow/example_dags/example_dag_decorator.py for tasks to queue
[2022-12-31T20:38:06.769+0100] {logging_mixin.py:137} INFO - [2022-12-31T20:38:06.769+0100] {dagbag.py:538} INFO - Filling up the DagBag from /Library/Frameworks/Python.framework/Versions/3.11/lib/python3.11/site-packages/airflow/example_dags/example_dag_decorator.py
[2022-12-31T20:38:06.936+0100] {logging_mixin.py:137} INFO - [2022-12-31T20:38:06.936+0100] {taskmixin.py:205} WARNING - Dependency <Task(_PythonDecoratedOperator): prepare_email>, send_email already registered for DAG: example_dag_decorator
[2022-12-31T20:38:06.936+0100] {logging_mixin.py:137} INFO - [2022-12-31T20:38:06.936+0100] {taskmixin.py:205} WARNING - Dependency <Task(EmailOperator): send_email>, prepare_email already registered for DAG: example_dag_decorator
[2022-12-31T20:38:06.948+0100] {processor.py:753} INFO - DAG(s) dict_keys(['example_dag_decorator']) retrieved from /Library/Frameworks/Python.framework/Versions/3.11/lib/python3.11/site-packages/airflow/example_dags/example_dag_decorator.py
[2022-12-31T20:38:07.230+0100] {logging_mixin.py:137} INFO - [2022-12-31T20:38:07.230+0100] {dag.py:2676} INFO - Sync 1 DAGs
[2022-12-31T20:38:07.235+0100] {logging_mixin.py:137} INFO - [2022-12-31T20:38:07.235+0100] {dag.py:3423} INFO - Setting next_dagrun for example_dag_decorator to None, run_after=None
[2022-12-31T20:38:07.243+0100] {processor.py:175} INFO - Processing /Library/Frameworks/Python.framework/Versions/3.11/lib/python3.11/site-packages/airflow/example_dags/example_dag_decorator.py took 0.479 seconds
[2022-12-31T20:39:50.587+0100] {processor.py:153} INFO - Started process (PID=91174) to work on /Library/Frameworks/Python.framework/Versions/3.11/lib/python3.11/site-packages/airflow/example_dags/example_dag_decorator.py
[2022-12-31T20:39:50.591+0100] {processor.py:743} INFO - Processing file /Library/Frameworks/Python.framework/Versions/3.11/lib/python3.11/site-packages/airflow/example_dags/example_dag_decorator.py for tasks to queue
[2022-12-31T20:39:50.592+0100] {logging_mixin.py:137} INFO - [2022-12-31T20:39:50.591+0100] {dagbag.py:538} INFO - Filling up the DagBag from /Library/Frameworks/Python.framework/Versions/3.11/lib/python3.11/site-packages/airflow/example_dags/example_dag_decorator.py
[2022-12-31T20:39:50.727+0100] {logging_mixin.py:137} INFO - [2022-12-31T20:39:50.727+0100] {taskmixin.py:205} WARNING - Dependency <Task(_PythonDecoratedOperator): prepare_email>, send_email already registered for DAG: example_dag_decorator
[2022-12-31T20:39:50.727+0100] {logging_mixin.py:137} INFO - [2022-12-31T20:39:50.727+0100] {taskmixin.py:205} WARNING - Dependency <Task(EmailOperator): send_email>, prepare_email already registered for DAG: example_dag_decorator
[2022-12-31T20:39:50.738+0100] {processor.py:753} INFO - DAG(s) dict_keys(['example_dag_decorator']) retrieved from /Library/Frameworks/Python.framework/Versions/3.11/lib/python3.11/site-packages/airflow/example_dags/example_dag_decorator.py
[2022-12-31T20:39:51.025+0100] {logging_mixin.py:137} INFO - [2022-12-31T20:39:51.025+0100] {dag.py:2676} INFO - Sync 1 DAGs
[2022-12-31T20:39:51.031+0100] {logging_mixin.py:137} INFO - [2022-12-31T20:39:51.031+0100] {dag.py:3423} INFO - Setting next_dagrun for example_dag_decorator to None, run_after=None
[2022-12-31T20:39:51.039+0100] {processor.py:175} INFO - Processing /Library/Frameworks/Python.framework/Versions/3.11/lib/python3.11/site-packages/airflow/example_dags/example_dag_decorator.py took 0.453 seconds
[2022-12-31T20:41:38.926+0100] {processor.py:153} INFO - Started process (PID=91338) to work on /Library/Frameworks/Python.framework/Versions/3.11/lib/python3.11/site-packages/airflow/example_dags/example_dag_decorator.py
[2022-12-31T20:41:38.931+0100] {processor.py:743} INFO - Processing file /Library/Frameworks/Python.framework/Versions/3.11/lib/python3.11/site-packages/airflow/example_dags/example_dag_decorator.py for tasks to queue
[2022-12-31T20:41:38.931+0100] {logging_mixin.py:137} INFO - [2022-12-31T20:41:38.931+0100] {dagbag.py:538} INFO - Filling up the DagBag from /Library/Frameworks/Python.framework/Versions/3.11/lib/python3.11/site-packages/airflow/example_dags/example_dag_decorator.py
[2022-12-31T20:41:39.066+0100] {logging_mixin.py:137} INFO - [2022-12-31T20:41:39.066+0100] {taskmixin.py:205} WARNING - Dependency <Task(_PythonDecoratedOperator): prepare_email>, send_email already registered for DAG: example_dag_decorator
[2022-12-31T20:41:39.066+0100] {logging_mixin.py:137} INFO - [2022-12-31T20:41:39.066+0100] {taskmixin.py:205} WARNING - Dependency <Task(EmailOperator): send_email>, prepare_email already registered for DAG: example_dag_decorator
[2022-12-31T20:41:39.077+0100] {processor.py:753} INFO - DAG(s) dict_keys(['example_dag_decorator']) retrieved from /Library/Frameworks/Python.framework/Versions/3.11/lib/python3.11/site-packages/airflow/example_dags/example_dag_decorator.py
[2022-12-31T20:41:39.368+0100] {logging_mixin.py:137} INFO - [2022-12-31T20:41:39.368+0100] {dag.py:2676} INFO - Sync 1 DAGs
[2022-12-31T20:41:39.374+0100] {logging_mixin.py:137} INFO - [2022-12-31T20:41:39.374+0100] {dag.py:3423} INFO - Setting next_dagrun for example_dag_decorator to None, run_after=None
[2022-12-31T20:41:39.380+0100] {processor.py:175} INFO - Processing /Library/Frameworks/Python.framework/Versions/3.11/lib/python3.11/site-packages/airflow/example_dags/example_dag_decorator.py took 0.455 seconds
[2022-12-31T20:43:23.582+0100] {processor.py:153} INFO - Started process (PID=91526) to work on /Library/Frameworks/Python.framework/Versions/3.11/lib/python3.11/site-packages/airflow/example_dags/example_dag_decorator.py
[2022-12-31T20:43:23.589+0100] {processor.py:743} INFO - Processing file /Library/Frameworks/Python.framework/Versions/3.11/lib/python3.11/site-packages/airflow/example_dags/example_dag_decorator.py for tasks to queue
[2022-12-31T20:43:23.589+0100] {logging_mixin.py:137} INFO - [2022-12-31T20:43:23.589+0100] {dagbag.py:538} INFO - Filling up the DagBag from /Library/Frameworks/Python.framework/Versions/3.11/lib/python3.11/site-packages/airflow/example_dags/example_dag_decorator.py
[2022-12-31T20:43:23.724+0100] {logging_mixin.py:137} INFO - [2022-12-31T20:43:23.724+0100] {taskmixin.py:205} WARNING - Dependency <Task(_PythonDecoratedOperator): prepare_email>, send_email already registered for DAG: example_dag_decorator
[2022-12-31T20:43:23.724+0100] {logging_mixin.py:137} INFO - [2022-12-31T20:43:23.724+0100] {taskmixin.py:205} WARNING - Dependency <Task(EmailOperator): send_email>, prepare_email already registered for DAG: example_dag_decorator
[2022-12-31T20:43:23.736+0100] {processor.py:753} INFO - DAG(s) dict_keys(['example_dag_decorator']) retrieved from /Library/Frameworks/Python.framework/Versions/3.11/lib/python3.11/site-packages/airflow/example_dags/example_dag_decorator.py
[2022-12-31T20:43:24.039+0100] {logging_mixin.py:137} INFO - [2022-12-31T20:43:24.039+0100] {dag.py:2676} INFO - Sync 1 DAGs
[2022-12-31T20:43:24.045+0100] {logging_mixin.py:137} INFO - [2022-12-31T20:43:24.045+0100] {dag.py:3423} INFO - Setting next_dagrun for example_dag_decorator to None, run_after=None
[2022-12-31T20:43:24.053+0100] {processor.py:175} INFO - Processing /Library/Frameworks/Python.framework/Versions/3.11/lib/python3.11/site-packages/airflow/example_dags/example_dag_decorator.py took 0.472 seconds
[2022-12-31T20:47:45.332+0100] {processor.py:153} INFO - Started process (PID=92040) to work on /Library/Frameworks/Python.framework/Versions/3.11/lib/python3.11/site-packages/airflow/example_dags/example_dag_decorator.py
[2022-12-31T20:47:45.338+0100] {processor.py:743} INFO - Processing file /Library/Frameworks/Python.framework/Versions/3.11/lib/python3.11/site-packages/airflow/example_dags/example_dag_decorator.py for tasks to queue
[2022-12-31T20:47:45.338+0100] {logging_mixin.py:137} INFO - [2022-12-31T20:47:45.338+0100] {dagbag.py:538} INFO - Filling up the DagBag from /Library/Frameworks/Python.framework/Versions/3.11/lib/python3.11/site-packages/airflow/example_dags/example_dag_decorator.py
[2022-12-31T20:47:45.490+0100] {logging_mixin.py:137} INFO - [2022-12-31T20:47:45.490+0100] {taskmixin.py:205} WARNING - Dependency <Task(_PythonDecoratedOperator): prepare_email>, send_email already registered for DAG: example_dag_decorator
[2022-12-31T20:47:45.491+0100] {logging_mixin.py:137} INFO - [2022-12-31T20:47:45.490+0100] {taskmixin.py:205} WARNING - Dependency <Task(EmailOperator): send_email>, prepare_email already registered for DAG: example_dag_decorator
[2022-12-31T20:47:45.502+0100] {processor.py:753} INFO - DAG(s) dict_keys(['example_dag_decorator']) retrieved from /Library/Frameworks/Python.framework/Versions/3.11/lib/python3.11/site-packages/airflow/example_dags/example_dag_decorator.py
[2022-12-31T20:47:45.791+0100] {logging_mixin.py:137} INFO - [2022-12-31T20:47:45.791+0100] {dag.py:2676} INFO - Sync 1 DAGs
[2022-12-31T20:47:45.797+0100] {logging_mixin.py:137} INFO - [2022-12-31T20:47:45.797+0100] {dag.py:3423} INFO - Setting next_dagrun for example_dag_decorator to None, run_after=None
[2022-12-31T20:47:45.803+0100] {processor.py:175} INFO - Processing /Library/Frameworks/Python.framework/Versions/3.11/lib/python3.11/site-packages/airflow/example_dags/example_dag_decorator.py took 0.472 seconds
[2022-12-31T20:52:08.115+0100] {processor.py:153} INFO - Started process (PID=92638) to work on /Library/Frameworks/Python.framework/Versions/3.11/lib/python3.11/site-packages/airflow/example_dags/example_dag_decorator.py
[2022-12-31T20:52:08.117+0100] {processor.py:743} INFO - Processing file /Library/Frameworks/Python.framework/Versions/3.11/lib/python3.11/site-packages/airflow/example_dags/example_dag_decorator.py for tasks to queue
[2022-12-31T20:52:08.117+0100] {logging_mixin.py:137} INFO - [2022-12-31T20:52:08.117+0100] {dagbag.py:538} INFO - Filling up the DagBag from /Library/Frameworks/Python.framework/Versions/3.11/lib/python3.11/site-packages/airflow/example_dags/example_dag_decorator.py
[2022-12-31T20:52:08.337+0100] {logging_mixin.py:137} INFO - [2022-12-31T20:52:08.337+0100] {taskmixin.py:205} WARNING - Dependency <Task(_PythonDecoratedOperator): prepare_email>, send_email already registered for DAG: example_dag_decorator
[2022-12-31T20:52:08.337+0100] {logging_mixin.py:137} INFO - [2022-12-31T20:52:08.337+0100] {taskmixin.py:205} WARNING - Dependency <Task(EmailOperator): send_email>, prepare_email already registered for DAG: example_dag_decorator
[2022-12-31T20:52:08.351+0100] {processor.py:753} INFO - DAG(s) dict_keys(['example_dag_decorator']) retrieved from /Library/Frameworks/Python.framework/Versions/3.11/lib/python3.11/site-packages/airflow/example_dags/example_dag_decorator.py
[2022-12-31T20:52:08.777+0100] {logging_mixin.py:137} INFO - [2022-12-31T20:52:08.776+0100] {dag.py:2676} INFO - Sync 1 DAGs
[2022-12-31T20:52:08.784+0100] {logging_mixin.py:137} INFO - [2022-12-31T20:52:08.784+0100] {dag.py:3423} INFO - Setting next_dagrun for example_dag_decorator to None, run_after=None
[2022-12-31T20:52:08.792+0100] {processor.py:175} INFO - Processing /Library/Frameworks/Python.framework/Versions/3.11/lib/python3.11/site-packages/airflow/example_dags/example_dag_decorator.py took 0.677 seconds
[2022-12-31T20:55:42.851+0100] {processor.py:153} INFO - Started process (PID=93195) to work on /Library/Frameworks/Python.framework/Versions/3.11/lib/python3.11/site-packages/airflow/example_dags/example_dag_decorator.py
[2022-12-31T20:55:42.856+0100] {processor.py:743} INFO - Processing file /Library/Frameworks/Python.framework/Versions/3.11/lib/python3.11/site-packages/airflow/example_dags/example_dag_decorator.py for tasks to queue
[2022-12-31T20:55:42.856+0100] {logging_mixin.py:137} INFO - [2022-12-31T20:55:42.856+0100] {dagbag.py:538} INFO - Filling up the DagBag from /Library/Frameworks/Python.framework/Versions/3.11/lib/python3.11/site-packages/airflow/example_dags/example_dag_decorator.py
[2022-12-31T20:55:43.025+0100] {logging_mixin.py:137} INFO - [2022-12-31T20:55:43.025+0100] {taskmixin.py:205} WARNING - Dependency <Task(_PythonDecoratedOperator): prepare_email>, send_email already registered for DAG: example_dag_decorator
[2022-12-31T20:55:43.025+0100] {logging_mixin.py:137} INFO - [2022-12-31T20:55:43.025+0100] {taskmixin.py:205} WARNING - Dependency <Task(EmailOperator): send_email>, prepare_email already registered for DAG: example_dag_decorator
[2022-12-31T20:55:43.044+0100] {processor.py:753} INFO - DAG(s) dict_keys(['example_dag_decorator']) retrieved from /Library/Frameworks/Python.framework/Versions/3.11/lib/python3.11/site-packages/airflow/example_dags/example_dag_decorator.py
[2022-12-31T20:55:43.487+0100] {logging_mixin.py:137} INFO - [2022-12-31T20:55:43.487+0100] {dag.py:2676} INFO - Sync 1 DAGs
[2022-12-31T20:55:43.498+0100] {logging_mixin.py:137} INFO - [2022-12-31T20:55:43.498+0100] {dag.py:3423} INFO - Setting next_dagrun for example_dag_decorator to None, run_after=None
[2022-12-31T20:55:43.506+0100] {processor.py:175} INFO - Processing /Library/Frameworks/Python.framework/Versions/3.11/lib/python3.11/site-packages/airflow/example_dags/example_dag_decorator.py took 0.655 seconds
[2022-12-31T20:57:46.439+0100] {processor.py:153} INFO - Started process (PID=93465) to work on /Library/Frameworks/Python.framework/Versions/3.11/lib/python3.11/site-packages/airflow/example_dags/example_dag_decorator.py
[2022-12-31T20:57:46.446+0100] {processor.py:743} INFO - Processing file /Library/Frameworks/Python.framework/Versions/3.11/lib/python3.11/site-packages/airflow/example_dags/example_dag_decorator.py for tasks to queue
[2022-12-31T20:57:46.446+0100] {logging_mixin.py:137} INFO - [2022-12-31T20:57:46.446+0100] {dagbag.py:538} INFO - Filling up the DagBag from /Library/Frameworks/Python.framework/Versions/3.11/lib/python3.11/site-packages/airflow/example_dags/example_dag_decorator.py
[2022-12-31T20:57:46.652+0100] {logging_mixin.py:137} INFO - [2022-12-31T20:57:46.652+0100] {taskmixin.py:205} WARNING - Dependency <Task(_PythonDecoratedOperator): prepare_email>, send_email already registered for DAG: example_dag_decorator
[2022-12-31T20:57:46.652+0100] {logging_mixin.py:137} INFO - [2022-12-31T20:57:46.652+0100] {taskmixin.py:205} WARNING - Dependency <Task(EmailOperator): send_email>, prepare_email already registered for DAG: example_dag_decorator
[2022-12-31T20:57:46.665+0100] {processor.py:753} INFO - DAG(s) dict_keys(['example_dag_decorator']) retrieved from /Library/Frameworks/Python.framework/Versions/3.11/lib/python3.11/site-packages/airflow/example_dags/example_dag_decorator.py
[2022-12-31T20:57:46.965+0100] {logging_mixin.py:137} INFO - [2022-12-31T20:57:46.965+0100] {dag.py:2676} INFO - Sync 1 DAGs
[2022-12-31T20:57:46.972+0100] {logging_mixin.py:137} INFO - [2022-12-31T20:57:46.972+0100] {dag.py:3423} INFO - Setting next_dagrun for example_dag_decorator to None, run_after=None
[2022-12-31T20:57:46.984+0100] {processor.py:175} INFO - Processing /Library/Frameworks/Python.framework/Versions/3.11/lib/python3.11/site-packages/airflow/example_dags/example_dag_decorator.py took 0.546 seconds
[2022-12-31T20:59:49.289+0100] {processor.py:153} INFO - Started process (PID=93692) to work on /Library/Frameworks/Python.framework/Versions/3.11/lib/python3.11/site-packages/airflow/example_dags/example_dag_decorator.py
[2022-12-31T20:59:49.294+0100] {processor.py:743} INFO - Processing file /Library/Frameworks/Python.framework/Versions/3.11/lib/python3.11/site-packages/airflow/example_dags/example_dag_decorator.py for tasks to queue
[2022-12-31T20:59:49.294+0100] {logging_mixin.py:137} INFO - [2022-12-31T20:59:49.294+0100] {dagbag.py:538} INFO - Filling up the DagBag from /Library/Frameworks/Python.framework/Versions/3.11/lib/python3.11/site-packages/airflow/example_dags/example_dag_decorator.py
[2022-12-31T20:59:49.453+0100] {logging_mixin.py:137} INFO - [2022-12-31T20:59:49.453+0100] {taskmixin.py:205} WARNING - Dependency <Task(_PythonDecoratedOperator): prepare_email>, send_email already registered for DAG: example_dag_decorator
[2022-12-31T20:59:49.453+0100] {logging_mixin.py:137} INFO - [2022-12-31T20:59:49.453+0100] {taskmixin.py:205} WARNING - Dependency <Task(EmailOperator): send_email>, prepare_email already registered for DAG: example_dag_decorator
[2022-12-31T20:59:49.467+0100] {processor.py:753} INFO - DAG(s) dict_keys(['example_dag_decorator']) retrieved from /Library/Frameworks/Python.framework/Versions/3.11/lib/python3.11/site-packages/airflow/example_dags/example_dag_decorator.py
[2022-12-31T20:59:49.792+0100] {logging_mixin.py:137} INFO - [2022-12-31T20:59:49.792+0100] {dag.py:2676} INFO - Sync 1 DAGs
[2022-12-31T20:59:49.798+0100] {logging_mixin.py:137} INFO - [2022-12-31T20:59:49.798+0100] {dag.py:3423} INFO - Setting next_dagrun for example_dag_decorator to None, run_after=None
[2022-12-31T20:59:49.805+0100] {processor.py:175} INFO - Processing /Library/Frameworks/Python.framework/Versions/3.11/lib/python3.11/site-packages/airflow/example_dags/example_dag_decorator.py took 0.517 seconds
[2022-12-31T21:01:51.924+0100] {processor.py:153} INFO - Started process (PID=94011) to work on /Library/Frameworks/Python.framework/Versions/3.11/lib/python3.11/site-packages/airflow/example_dags/example_dag_decorator.py
[2022-12-31T21:01:51.929+0100] {processor.py:743} INFO - Processing file /Library/Frameworks/Python.framework/Versions/3.11/lib/python3.11/site-packages/airflow/example_dags/example_dag_decorator.py for tasks to queue
[2022-12-31T21:01:51.929+0100] {logging_mixin.py:137} INFO - [2022-12-31T21:01:51.929+0100] {dagbag.py:538} INFO - Filling up the DagBag from /Library/Frameworks/Python.framework/Versions/3.11/lib/python3.11/site-packages/airflow/example_dags/example_dag_decorator.py
[2022-12-31T21:01:52.074+0100] {logging_mixin.py:137} INFO - [2022-12-31T21:01:52.074+0100] {taskmixin.py:205} WARNING - Dependency <Task(_PythonDecoratedOperator): prepare_email>, send_email already registered for DAG: example_dag_decorator
[2022-12-31T21:01:52.074+0100] {logging_mixin.py:137} INFO - [2022-12-31T21:01:52.074+0100] {taskmixin.py:205} WARNING - Dependency <Task(EmailOperator): send_email>, prepare_email already registered for DAG: example_dag_decorator
[2022-12-31T21:01:52.087+0100] {processor.py:753} INFO - DAG(s) dict_keys(['example_dag_decorator']) retrieved from /Library/Frameworks/Python.framework/Versions/3.11/lib/python3.11/site-packages/airflow/example_dags/example_dag_decorator.py
[2022-12-31T21:01:52.382+0100] {logging_mixin.py:137} INFO - [2022-12-31T21:01:52.382+0100] {dag.py:2676} INFO - Sync 1 DAGs
[2022-12-31T21:01:52.388+0100] {logging_mixin.py:137} INFO - [2022-12-31T21:01:52.388+0100] {dag.py:3423} INFO - Setting next_dagrun for example_dag_decorator to None, run_after=None
[2022-12-31T21:01:52.395+0100] {processor.py:175} INFO - Processing /Library/Frameworks/Python.framework/Versions/3.11/lib/python3.11/site-packages/airflow/example_dags/example_dag_decorator.py took 0.472 seconds
[2022-12-31T21:03:55.637+0100] {processor.py:153} INFO - Started process (PID=94347) to work on /Library/Frameworks/Python.framework/Versions/3.11/lib/python3.11/site-packages/airflow/example_dags/example_dag_decorator.py
[2022-12-31T21:03:55.658+0100] {processor.py:743} INFO - Processing file /Library/Frameworks/Python.framework/Versions/3.11/lib/python3.11/site-packages/airflow/example_dags/example_dag_decorator.py for tasks to queue
[2022-12-31T21:03:55.658+0100] {logging_mixin.py:137} INFO - [2022-12-31T21:03:55.658+0100] {dagbag.py:538} INFO - Filling up the DagBag from /Library/Frameworks/Python.framework/Versions/3.11/lib/python3.11/site-packages/airflow/example_dags/example_dag_decorator.py
[2022-12-31T21:03:55.822+0100] {logging_mixin.py:137} INFO - [2022-12-31T21:03:55.822+0100] {taskmixin.py:205} WARNING - Dependency <Task(_PythonDecoratedOperator): prepare_email>, send_email already registered for DAG: example_dag_decorator
[2022-12-31T21:03:55.822+0100] {logging_mixin.py:137} INFO - [2022-12-31T21:03:55.822+0100] {taskmixin.py:205} WARNING - Dependency <Task(EmailOperator): send_email>, prepare_email already registered for DAG: example_dag_decorator
[2022-12-31T21:03:55.835+0100] {processor.py:753} INFO - DAG(s) dict_keys(['example_dag_decorator']) retrieved from /Library/Frameworks/Python.framework/Versions/3.11/lib/python3.11/site-packages/airflow/example_dags/example_dag_decorator.py
[2022-12-31T21:03:56.208+0100] {logging_mixin.py:137} INFO - [2022-12-31T21:03:56.207+0100] {dag.py:2676} INFO - Sync 1 DAGs
[2022-12-31T21:03:56.216+0100] {logging_mixin.py:137} INFO - [2022-12-31T21:03:56.216+0100] {dag.py:3423} INFO - Setting next_dagrun for example_dag_decorator to None, run_after=None
[2022-12-31T21:03:56.224+0100] {processor.py:175} INFO - Processing /Library/Frameworks/Python.framework/Versions/3.11/lib/python3.11/site-packages/airflow/example_dags/example_dag_decorator.py took 0.588 seconds
[2022-12-31T21:05:56.424+0100] {processor.py:153} INFO - Started process (PID=94604) to work on /Library/Frameworks/Python.framework/Versions/3.11/lib/python3.11/site-packages/airflow/example_dags/example_dag_decorator.py
[2022-12-31T21:05:56.430+0100] {processor.py:743} INFO - Processing file /Library/Frameworks/Python.framework/Versions/3.11/lib/python3.11/site-packages/airflow/example_dags/example_dag_decorator.py for tasks to queue
[2022-12-31T21:05:56.431+0100] {logging_mixin.py:137} INFO - [2022-12-31T21:05:56.431+0100] {dagbag.py:538} INFO - Filling up the DagBag from /Library/Frameworks/Python.framework/Versions/3.11/lib/python3.11/site-packages/airflow/example_dags/example_dag_decorator.py
[2022-12-31T21:05:56.561+0100] {logging_mixin.py:137} INFO - [2022-12-31T21:05:56.561+0100] {taskmixin.py:205} WARNING - Dependency <Task(_PythonDecoratedOperator): prepare_email>, send_email already registered for DAG: example_dag_decorator
[2022-12-31T21:05:56.561+0100] {logging_mixin.py:137} INFO - [2022-12-31T21:05:56.561+0100] {taskmixin.py:205} WARNING - Dependency <Task(EmailOperator): send_email>, prepare_email already registered for DAG: example_dag_decorator
[2022-12-31T21:05:56.573+0100] {processor.py:753} INFO - DAG(s) dict_keys(['example_dag_decorator']) retrieved from /Library/Frameworks/Python.framework/Versions/3.11/lib/python3.11/site-packages/airflow/example_dags/example_dag_decorator.py
[2022-12-31T21:05:56.870+0100] {logging_mixin.py:137} INFO - [2022-12-31T21:05:56.870+0100] {dag.py:2676} INFO - Sync 1 DAGs
[2022-12-31T21:05:56.875+0100] {logging_mixin.py:137} INFO - [2022-12-31T21:05:56.875+0100] {dag.py:3423} INFO - Setting next_dagrun for example_dag_decorator to None, run_after=None
[2022-12-31T21:05:56.882+0100] {processor.py:175} INFO - Processing /Library/Frameworks/Python.framework/Versions/3.11/lib/python3.11/site-packages/airflow/example_dags/example_dag_decorator.py took 0.459 seconds
[2022-12-31T21:07:44.505+0100] {processor.py:153} INFO - Started process (PID=94802) to work on /Library/Frameworks/Python.framework/Versions/3.11/lib/python3.11/site-packages/airflow/example_dags/example_dag_decorator.py
[2022-12-31T21:07:44.510+0100] {processor.py:743} INFO - Processing file /Library/Frameworks/Python.framework/Versions/3.11/lib/python3.11/site-packages/airflow/example_dags/example_dag_decorator.py for tasks to queue
[2022-12-31T21:07:44.510+0100] {logging_mixin.py:137} INFO - [2022-12-31T21:07:44.510+0100] {dagbag.py:538} INFO - Filling up the DagBag from /Library/Frameworks/Python.framework/Versions/3.11/lib/python3.11/site-packages/airflow/example_dags/example_dag_decorator.py
[2022-12-31T21:07:44.615+0100] {logging_mixin.py:137} INFO - [2022-12-31T21:07:44.615+0100] {taskmixin.py:205} WARNING - Dependency <Task(_PythonDecoratedOperator): prepare_email>, send_email already registered for DAG: example_dag_decorator
[2022-12-31T21:07:44.615+0100] {logging_mixin.py:137} INFO - [2022-12-31T21:07:44.615+0100] {taskmixin.py:205} WARNING - Dependency <Task(EmailOperator): send_email>, prepare_email already registered for DAG: example_dag_decorator
[2022-12-31T21:07:44.626+0100] {processor.py:753} INFO - DAG(s) dict_keys(['example_dag_decorator']) retrieved from /Library/Frameworks/Python.framework/Versions/3.11/lib/python3.11/site-packages/airflow/example_dags/example_dag_decorator.py
[2022-12-31T21:07:44.929+0100] {logging_mixin.py:137} INFO - [2022-12-31T21:07:44.929+0100] {dag.py:2676} INFO - Sync 1 DAGs
[2022-12-31T21:07:44.934+0100] {logging_mixin.py:137} INFO - [2022-12-31T21:07:44.934+0100] {dag.py:3423} INFO - Setting next_dagrun for example_dag_decorator to None, run_after=None
[2022-12-31T21:07:44.941+0100] {processor.py:175} INFO - Processing /Library/Frameworks/Python.framework/Versions/3.11/lib/python3.11/site-packages/airflow/example_dags/example_dag_decorator.py took 0.436 seconds
[2022-12-31 20:08:40,076] {scheduler_job.py:182} INFO - Started process (PID=78) to work on /home/airflow/.local/lib/python3.6/site-packages/airflow/example_dags/example_dag_decorator.py
[2022-12-31 20:08:40,099] {scheduler_job.py:629} INFO - Processing file /home/airflow/.local/lib/python3.6/site-packages/airflow/example_dags/example_dag_decorator.py for tasks to queue
[2022-12-31 20:08:40,105] {logging_mixin.py:104} INFO - [2022-12-31 20:08:40,103] {dagbag.py:451} INFO - Filling up the DagBag from /home/airflow/.local/lib/python3.6/site-packages/airflow/example_dags/example_dag_decorator.py
[2022-12-31 20:08:40,504] {scheduler_job.py:639} INFO - DAG(s) dict_keys(['example_dag_decorator']) retrieved from /home/airflow/.local/lib/python3.6/site-packages/airflow/example_dags/example_dag_decorator.py
[2022-12-31 20:08:40,780] {logging_mixin.py:104} INFO - [2022-12-31 20:08:40,780] {dag.py:1824} INFO - Sync 1 DAGs
[2022-12-31 20:08:41,000] {logging_mixin.py:104} INFO - [2022-12-31 20:08:40,999] {dag.py:2280} INFO - Setting next_dagrun for example_dag_decorator to None
[2022-12-31 20:08:41,132] {scheduler_job.py:190} INFO - Processing /home/airflow/.local/lib/python3.6/site-packages/airflow/example_dags/example_dag_decorator.py took 1.089 seconds
[2022-12-31 20:09:11,453] {scheduler_job.py:182} INFO - Started process (PID=132) to work on /home/airflow/.local/lib/python3.6/site-packages/airflow/example_dags/example_dag_decorator.py
[2022-12-31 20:09:11,459] {scheduler_job.py:629} INFO - Processing file /home/airflow/.local/lib/python3.6/site-packages/airflow/example_dags/example_dag_decorator.py for tasks to queue
[2022-12-31 20:09:11,463] {logging_mixin.py:104} INFO - [2022-12-31 20:09:11,463] {dagbag.py:451} INFO - Filling up the DagBag from /home/airflow/.local/lib/python3.6/site-packages/airflow/example_dags/example_dag_decorator.py
[2022-12-31 20:09:11,586] {scheduler_job.py:639} INFO - DAG(s) dict_keys(['example_dag_decorator']) retrieved from /home/airflow/.local/lib/python3.6/site-packages/airflow/example_dags/example_dag_decorator.py
[2022-12-31 20:09:11,806] {logging_mixin.py:104} INFO - [2022-12-31 20:09:11,806] {dag.py:1824} INFO - Sync 1 DAGs
[2022-12-31 20:09:11,920] {logging_mixin.py:104} INFO - [2022-12-31 20:09:11,919] {dag.py:2280} INFO - Setting next_dagrun for example_dag_decorator to None
[2022-12-31 20:09:11,971] {scheduler_job.py:190} INFO - Processing /home/airflow/.local/lib/python3.6/site-packages/airflow/example_dags/example_dag_decorator.py took 0.529 seconds
[2022-12-31 20:09:42,336] {scheduler_job.py:182} INFO - Started process (PID=186) to work on /home/airflow/.local/lib/python3.6/site-packages/airflow/example_dags/example_dag_decorator.py
[2022-12-31 20:09:42,434] {scheduler_job.py:629} INFO - Processing file /home/airflow/.local/lib/python3.6/site-packages/airflow/example_dags/example_dag_decorator.py for tasks to queue
[2022-12-31 20:09:42,475] {logging_mixin.py:104} INFO - [2022-12-31 20:09:42,472] {dagbag.py:451} INFO - Filling up the DagBag from /home/airflow/.local/lib/python3.6/site-packages/airflow/example_dags/example_dag_decorator.py
[2022-12-31 20:09:42,784] {scheduler_job.py:639} INFO - DAG(s) dict_keys(['example_dag_decorator']) retrieved from /home/airflow/.local/lib/python3.6/site-packages/airflow/example_dags/example_dag_decorator.py
[2022-12-31 20:09:43,003] {logging_mixin.py:104} INFO - [2022-12-31 20:09:43,002] {dag.py:1824} INFO - Sync 1 DAGs
[2022-12-31 20:09:43,075] {logging_mixin.py:104} INFO - [2022-12-31 20:09:43,074] {dag.py:2280} INFO - Setting next_dagrun for example_dag_decorator to None
[2022-12-31 20:09:43,132] {scheduler_job.py:190} INFO - Processing /home/airflow/.local/lib/python3.6/site-packages/airflow/example_dags/example_dag_decorator.py took 0.809 seconds
[2022-12-31T21:09:47.837+0100] {processor.py:153} INFO - Started process (PID=95128) to work on /Library/Frameworks/Python.framework/Versions/3.11/lib/python3.11/site-packages/airflow/example_dags/example_dag_decorator.py
[2022-12-31T21:09:47.844+0100] {processor.py:743} INFO - Processing file /Library/Frameworks/Python.framework/Versions/3.11/lib/python3.11/site-packages/airflow/example_dags/example_dag_decorator.py for tasks to queue
[2022-12-31T21:09:47.845+0100] {logging_mixin.py:137} INFO - [2022-12-31T21:09:47.845+0100] {dagbag.py:538} INFO - Filling up the DagBag from /Library/Frameworks/Python.framework/Versions/3.11/lib/python3.11/site-packages/airflow/example_dags/example_dag_decorator.py
[2022-12-31T21:09:48.034+0100] {logging_mixin.py:137} INFO - [2022-12-31T21:09:48.034+0100] {taskmixin.py:205} WARNING - Dependency <Task(_PythonDecoratedOperator): prepare_email>, send_email already registered for DAG: example_dag_decorator
[2022-12-31T21:09:48.034+0100] {logging_mixin.py:137} INFO - [2022-12-31T21:09:48.034+0100] {taskmixin.py:205} WARNING - Dependency <Task(EmailOperator): send_email>, prepare_email already registered for DAG: example_dag_decorator
[2022-12-31T21:09:48.051+0100] {processor.py:753} INFO - DAG(s) dict_keys(['example_dag_decorator']) retrieved from /Library/Frameworks/Python.framework/Versions/3.11/lib/python3.11/site-packages/airflow/example_dags/example_dag_decorator.py
[2022-12-31T21:09:48.456+0100] {logging_mixin.py:137} INFO - [2022-12-31T21:09:48.456+0100] {dag.py:2676} INFO - Sync 1 DAGs
[2022-12-31T21:09:48.463+0100] {logging_mixin.py:137} INFO - [2022-12-31T21:09:48.463+0100] {dag.py:3423} INFO - Setting next_dagrun for example_dag_decorator to None, run_after=None
[2022-12-31T21:09:48.472+0100] {processor.py:175} INFO - Processing /Library/Frameworks/Python.framework/Versions/3.11/lib/python3.11/site-packages/airflow/example_dags/example_dag_decorator.py took 0.636 seconds
[2022-12-31T21:11:50.212+0100] {processor.py:153} INFO - Started process (PID=95463) to work on /Library/Frameworks/Python.framework/Versions/3.11/lib/python3.11/site-packages/airflow/example_dags/example_dag_decorator.py
[2022-12-31T21:11:50.213+0100] {processor.py:743} INFO - Processing file /Library/Frameworks/Python.framework/Versions/3.11/lib/python3.11/site-packages/airflow/example_dags/example_dag_decorator.py for tasks to queue
[2022-12-31T21:11:50.214+0100] {logging_mixin.py:137} INFO - [2022-12-31T21:11:50.214+0100] {dagbag.py:538} INFO - Filling up the DagBag from /Library/Frameworks/Python.framework/Versions/3.11/lib/python3.11/site-packages/airflow/example_dags/example_dag_decorator.py
[2022-12-31T21:11:50.403+0100] {logging_mixin.py:137} INFO - [2022-12-31T21:11:50.402+0100] {taskmixin.py:205} WARNING - Dependency <Task(_PythonDecoratedOperator): prepare_email>, send_email already registered for DAG: example_dag_decorator
[2022-12-31T21:11:50.403+0100] {logging_mixin.py:137} INFO - [2022-12-31T21:11:50.403+0100] {taskmixin.py:205} WARNING - Dependency <Task(EmailOperator): send_email>, prepare_email already registered for DAG: example_dag_decorator
[2022-12-31T21:11:50.424+0100] {processor.py:753} INFO - DAG(s) dict_keys(['example_dag_decorator']) retrieved from /Library/Frameworks/Python.framework/Versions/3.11/lib/python3.11/site-packages/airflow/example_dags/example_dag_decorator.py
[2022-12-31T21:11:50.912+0100] {logging_mixin.py:137} INFO - [2022-12-31T21:11:50.912+0100] {dag.py:2676} INFO - Sync 1 DAGs
[2022-12-31T21:11:50.925+0100] {logging_mixin.py:137} INFO - [2022-12-31T21:11:50.924+0100] {dag.py:3423} INFO - Setting next_dagrun for example_dag_decorator to None, run_after=None
[2022-12-31T21:11:50.934+0100] {processor.py:175} INFO - Processing /Library/Frameworks/Python.framework/Versions/3.11/lib/python3.11/site-packages/airflow/example_dags/example_dag_decorator.py took 0.723 seconds
[2022-12-31T21:14:03.122+0100] {processor.py:153} INFO - Started process (PID=95754) to work on /Library/Frameworks/Python.framework/Versions/3.11/lib/python3.11/site-packages/airflow/example_dags/example_dag_decorator.py
[2022-12-31T21:14:03.127+0100] {processor.py:743} INFO - Processing file /Library/Frameworks/Python.framework/Versions/3.11/lib/python3.11/site-packages/airflow/example_dags/example_dag_decorator.py for tasks to queue
[2022-12-31T21:14:03.127+0100] {logging_mixin.py:137} INFO - [2022-12-31T21:14:03.127+0100] {dagbag.py:538} INFO - Filling up the DagBag from /Library/Frameworks/Python.framework/Versions/3.11/lib/python3.11/site-packages/airflow/example_dags/example_dag_decorator.py
[2022-12-31T21:14:03.284+0100] {logging_mixin.py:137} INFO - [2022-12-31T21:14:03.284+0100] {taskmixin.py:205} WARNING - Dependency <Task(_PythonDecoratedOperator): prepare_email>, send_email already registered for DAG: example_dag_decorator
[2022-12-31T21:14:03.284+0100] {logging_mixin.py:137} INFO - [2022-12-31T21:14:03.284+0100] {taskmixin.py:205} WARNING - Dependency <Task(EmailOperator): send_email>, prepare_email already registered for DAG: example_dag_decorator
[2022-12-31T21:14:03.299+0100] {processor.py:753} INFO - DAG(s) dict_keys(['example_dag_decorator']) retrieved from /Library/Frameworks/Python.framework/Versions/3.11/lib/python3.11/site-packages/airflow/example_dags/example_dag_decorator.py
[2022-12-31T21:14:03.607+0100] {logging_mixin.py:137} INFO - [2022-12-31T21:14:03.607+0100] {dag.py:2676} INFO - Sync 1 DAGs
[2022-12-31T21:14:03.613+0100] {logging_mixin.py:137} INFO - [2022-12-31T21:14:03.613+0100] {dag.py:3423} INFO - Setting next_dagrun for example_dag_decorator to None, run_after=None
[2022-12-31T21:14:03.619+0100] {processor.py:175} INFO - Processing /Library/Frameworks/Python.framework/Versions/3.11/lib/python3.11/site-packages/airflow/example_dags/example_dag_decorator.py took 0.498 seconds
[2022-12-31T21:15:55.705+0100] {processor.py:153} INFO - Started process (PID=96032) to work on /Library/Frameworks/Python.framework/Versions/3.11/lib/python3.11/site-packages/airflow/example_dags/example_dag_decorator.py
[2022-12-31T21:15:55.710+0100] {processor.py:743} INFO - Processing file /Library/Frameworks/Python.framework/Versions/3.11/lib/python3.11/site-packages/airflow/example_dags/example_dag_decorator.py for tasks to queue
[2022-12-31T21:15:55.710+0100] {logging_mixin.py:137} INFO - [2022-12-31T21:15:55.710+0100] {dagbag.py:538} INFO - Filling up the DagBag from /Library/Frameworks/Python.framework/Versions/3.11/lib/python3.11/site-packages/airflow/example_dags/example_dag_decorator.py
[2022-12-31T21:15:55.867+0100] {logging_mixin.py:137} INFO - [2022-12-31T21:15:55.867+0100] {taskmixin.py:205} WARNING - Dependency <Task(_PythonDecoratedOperator): prepare_email>, send_email already registered for DAG: example_dag_decorator
[2022-12-31T21:15:55.867+0100] {logging_mixin.py:137} INFO - [2022-12-31T21:15:55.867+0100] {taskmixin.py:205} WARNING - Dependency <Task(EmailOperator): send_email>, prepare_email already registered for DAG: example_dag_decorator
[2022-12-31T21:15:55.880+0100] {processor.py:753} INFO - DAG(s) dict_keys(['example_dag_decorator']) retrieved from /Library/Frameworks/Python.framework/Versions/3.11/lib/python3.11/site-packages/airflow/example_dags/example_dag_decorator.py
[2022-12-31T21:15:56.189+0100] {logging_mixin.py:137} INFO - [2022-12-31T21:15:56.189+0100] {dag.py:2676} INFO - Sync 1 DAGs
[2022-12-31T21:15:56.196+0100] {logging_mixin.py:137} INFO - [2022-12-31T21:15:56.196+0100] {dag.py:3423} INFO - Setting next_dagrun for example_dag_decorator to None, run_after=None
[2022-12-31T21:15:56.202+0100] {processor.py:175} INFO - Processing /Library/Frameworks/Python.framework/Versions/3.11/lib/python3.11/site-packages/airflow/example_dags/example_dag_decorator.py took 0.497 seconds
[2022-12-31T21:17:41.912+0100] {processor.py:153} INFO - Started process (PID=96193) to work on /Library/Frameworks/Python.framework/Versions/3.11/lib/python3.11/site-packages/airflow/example_dags/example_dag_decorator.py
[2022-12-31T21:17:41.914+0100] {processor.py:743} INFO - Processing file /Library/Frameworks/Python.framework/Versions/3.11/lib/python3.11/site-packages/airflow/example_dags/example_dag_decorator.py for tasks to queue
[2022-12-31T21:17:41.914+0100] {logging_mixin.py:137} INFO - [2022-12-31T21:17:41.914+0100] {dagbag.py:538} INFO - Filling up the DagBag from /Library/Frameworks/Python.framework/Versions/3.11/lib/python3.11/site-packages/airflow/example_dags/example_dag_decorator.py
[2022-12-31T21:17:42.041+0100] {logging_mixin.py:137} INFO - [2022-12-31T21:17:42.041+0100] {taskmixin.py:205} WARNING - Dependency <Task(_PythonDecoratedOperator): prepare_email>, send_email already registered for DAG: example_dag_decorator
[2022-12-31T21:17:42.041+0100] {logging_mixin.py:137} INFO - [2022-12-31T21:17:42.041+0100] {taskmixin.py:205} WARNING - Dependency <Task(EmailOperator): send_email>, prepare_email already registered for DAG: example_dag_decorator
[2022-12-31T21:17:42.052+0100] {processor.py:753} INFO - DAG(s) dict_keys(['example_dag_decorator']) retrieved from /Library/Frameworks/Python.framework/Versions/3.11/lib/python3.11/site-packages/airflow/example_dags/example_dag_decorator.py
[2022-12-31T21:17:42.341+0100] {logging_mixin.py:137} INFO - [2022-12-31T21:17:42.341+0100] {dag.py:2676} INFO - Sync 1 DAGs
[2022-12-31T21:17:42.347+0100] {logging_mixin.py:137} INFO - [2022-12-31T21:17:42.347+0100] {dag.py:3423} INFO - Setting next_dagrun for example_dag_decorator to None, run_after=None
[2022-12-31T21:17:42.355+0100] {processor.py:175} INFO - Processing /Library/Frameworks/Python.framework/Versions/3.11/lib/python3.11/site-packages/airflow/example_dags/example_dag_decorator.py took 0.443 seconds
[2022-12-31T21:19:40.409+0100] {processor.py:153} INFO - Started process (PID=96496) to work on /Library/Frameworks/Python.framework/Versions/3.11/lib/python3.11/site-packages/airflow/example_dags/example_dag_decorator.py
[2022-12-31T21:19:40.411+0100] {processor.py:743} INFO - Processing file /Library/Frameworks/Python.framework/Versions/3.11/lib/python3.11/site-packages/airflow/example_dags/example_dag_decorator.py for tasks to queue
[2022-12-31T21:19:40.412+0100] {logging_mixin.py:137} INFO - [2022-12-31T21:19:40.412+0100] {dagbag.py:538} INFO - Filling up the DagBag from /Library/Frameworks/Python.framework/Versions/3.11/lib/python3.11/site-packages/airflow/example_dags/example_dag_decorator.py
[2022-12-31T21:19:40.551+0100] {logging_mixin.py:137} INFO - [2022-12-31T21:19:40.551+0100] {taskmixin.py:205} WARNING - Dependency <Task(_PythonDecoratedOperator): prepare_email>, send_email already registered for DAG: example_dag_decorator
[2022-12-31T21:19:40.551+0100] {logging_mixin.py:137} INFO - [2022-12-31T21:19:40.551+0100] {taskmixin.py:205} WARNING - Dependency <Task(EmailOperator): send_email>, prepare_email already registered for DAG: example_dag_decorator
[2022-12-31T21:19:40.563+0100] {processor.py:753} INFO - DAG(s) dict_keys(['example_dag_decorator']) retrieved from /Library/Frameworks/Python.framework/Versions/3.11/lib/python3.11/site-packages/airflow/example_dags/example_dag_decorator.py
[2022-12-31T21:19:40.855+0100] {logging_mixin.py:137} INFO - [2022-12-31T21:19:40.855+0100] {dag.py:2676} INFO - Sync 1 DAGs
[2022-12-31T21:19:40.861+0100] {logging_mixin.py:137} INFO - [2022-12-31T21:19:40.861+0100] {dag.py:3423} INFO - Setting next_dagrun for example_dag_decorator to None, run_after=None
[2022-12-31T21:19:40.867+0100] {processor.py:175} INFO - Processing /Library/Frameworks/Python.framework/Versions/3.11/lib/python3.11/site-packages/airflow/example_dags/example_dag_decorator.py took 0.458 seconds
[2022-12-31T21:21:36.632+0100] {processor.py:153} INFO - Started process (PID=96684) to work on /Library/Frameworks/Python.framework/Versions/3.11/lib/python3.11/site-packages/airflow/example_dags/example_dag_decorator.py
[2022-12-31T21:21:36.638+0100] {processor.py:743} INFO - Processing file /Library/Frameworks/Python.framework/Versions/3.11/lib/python3.11/site-packages/airflow/example_dags/example_dag_decorator.py for tasks to queue
[2022-12-31T21:21:36.638+0100] {logging_mixin.py:137} INFO - [2022-12-31T21:21:36.638+0100] {dagbag.py:538} INFO - Filling up the DagBag from /Library/Frameworks/Python.framework/Versions/3.11/lib/python3.11/site-packages/airflow/example_dags/example_dag_decorator.py
[2022-12-31T21:21:36.786+0100] {logging_mixin.py:137} INFO - [2022-12-31T21:21:36.786+0100] {taskmixin.py:205} WARNING - Dependency <Task(_PythonDecoratedOperator): prepare_email>, send_email already registered for DAG: example_dag_decorator
[2022-12-31T21:21:36.786+0100] {logging_mixin.py:137} INFO - [2022-12-31T21:21:36.786+0100] {taskmixin.py:205} WARNING - Dependency <Task(EmailOperator): send_email>, prepare_email already registered for DAG: example_dag_decorator
[2022-12-31T21:21:36.797+0100] {processor.py:753} INFO - DAG(s) dict_keys(['example_dag_decorator']) retrieved from /Library/Frameworks/Python.framework/Versions/3.11/lib/python3.11/site-packages/airflow/example_dags/example_dag_decorator.py
[2022-12-31T21:21:37.105+0100] {logging_mixin.py:137} INFO - [2022-12-31T21:21:37.105+0100] {dag.py:2676} INFO - Sync 1 DAGs
[2022-12-31T21:21:37.110+0100] {logging_mixin.py:137} INFO - [2022-12-31T21:21:37.110+0100] {dag.py:3423} INFO - Setting next_dagrun for example_dag_decorator to None, run_after=None
[2022-12-31T21:21:37.116+0100] {processor.py:175} INFO - Processing /Library/Frameworks/Python.framework/Versions/3.11/lib/python3.11/site-packages/airflow/example_dags/example_dag_decorator.py took 0.485 seconds
[2022-12-31T21:23:33.551+0100] {processor.py:153} INFO - Started process (PID=96849) to work on /Library/Frameworks/Python.framework/Versions/3.11/lib/python3.11/site-packages/airflow/example_dags/example_dag_decorator.py
[2022-12-31T21:23:33.556+0100] {processor.py:743} INFO - Processing file /Library/Frameworks/Python.framework/Versions/3.11/lib/python3.11/site-packages/airflow/example_dags/example_dag_decorator.py for tasks to queue
[2022-12-31T21:23:33.556+0100] {logging_mixin.py:137} INFO - [2022-12-31T21:23:33.556+0100] {dagbag.py:538} INFO - Filling up the DagBag from /Library/Frameworks/Python.framework/Versions/3.11/lib/python3.11/site-packages/airflow/example_dags/example_dag_decorator.py
[2022-12-31T21:23:33.685+0100] {logging_mixin.py:137} INFO - [2022-12-31T21:23:33.685+0100] {taskmixin.py:205} WARNING - Dependency <Task(_PythonDecoratedOperator): prepare_email>, send_email already registered for DAG: example_dag_decorator
[2022-12-31T21:23:33.685+0100] {logging_mixin.py:137} INFO - [2022-12-31T21:23:33.685+0100] {taskmixin.py:205} WARNING - Dependency <Task(EmailOperator): send_email>, prepare_email already registered for DAG: example_dag_decorator
[2022-12-31T21:23:33.698+0100] {processor.py:753} INFO - DAG(s) dict_keys(['example_dag_decorator']) retrieved from /Library/Frameworks/Python.framework/Versions/3.11/lib/python3.11/site-packages/airflow/example_dags/example_dag_decorator.py
[2022-12-31T21:23:33.996+0100] {logging_mixin.py:137} INFO - [2022-12-31T21:23:33.996+0100] {dag.py:2676} INFO - Sync 1 DAGs
[2022-12-31T21:23:34.001+0100] {logging_mixin.py:137} INFO - [2022-12-31T21:23:34.001+0100] {dag.py:3423} INFO - Setting next_dagrun for example_dag_decorator to None, run_after=None
[2022-12-31T21:23:34.008+0100] {processor.py:175} INFO - Processing /Library/Frameworks/Python.framework/Versions/3.11/lib/python3.11/site-packages/airflow/example_dags/example_dag_decorator.py took 0.458 seconds
[2022-12-31T21:25:25.938+0100] {processor.py:153} INFO - Started process (PID=97065) to work on /Library/Frameworks/Python.framework/Versions/3.11/lib/python3.11/site-packages/airflow/example_dags/example_dag_decorator.py
[2022-12-31T21:25:25.941+0100] {processor.py:743} INFO - Processing file /Library/Frameworks/Python.framework/Versions/3.11/lib/python3.11/site-packages/airflow/example_dags/example_dag_decorator.py for tasks to queue
[2022-12-31T21:25:25.941+0100] {logging_mixin.py:137} INFO - [2022-12-31T21:25:25.941+0100] {dagbag.py:538} INFO - Filling up the DagBag from /Library/Frameworks/Python.framework/Versions/3.11/lib/python3.11/site-packages/airflow/example_dags/example_dag_decorator.py
[2022-12-31T21:25:26.074+0100] {logging_mixin.py:137} INFO - [2022-12-31T21:25:26.074+0100] {taskmixin.py:205} WARNING - Dependency <Task(_PythonDecoratedOperator): prepare_email>, send_email already registered for DAG: example_dag_decorator
[2022-12-31T21:25:26.075+0100] {logging_mixin.py:137} INFO - [2022-12-31T21:25:26.074+0100] {taskmixin.py:205} WARNING - Dependency <Task(EmailOperator): send_email>, prepare_email already registered for DAG: example_dag_decorator
[2022-12-31T21:25:26.086+0100] {processor.py:753} INFO - DAG(s) dict_keys(['example_dag_decorator']) retrieved from /Library/Frameworks/Python.framework/Versions/3.11/lib/python3.11/site-packages/airflow/example_dags/example_dag_decorator.py
[2022-12-31T21:25:26.402+0100] {logging_mixin.py:137} INFO - [2022-12-31T21:25:26.402+0100] {dag.py:2676} INFO - Sync 1 DAGs
[2022-12-31T21:25:26.408+0100] {logging_mixin.py:137} INFO - [2022-12-31T21:25:26.408+0100] {dag.py:3423} INFO - Setting next_dagrun for example_dag_decorator to None, run_after=None
[2022-12-31T21:25:26.415+0100] {processor.py:175} INFO - Processing /Library/Frameworks/Python.framework/Versions/3.11/lib/python3.11/site-packages/airflow/example_dags/example_dag_decorator.py took 0.477 seconds
[2022-12-31T21:27:24.021+0100] {processor.py:153} INFO - Started process (PID=97323) to work on /Library/Frameworks/Python.framework/Versions/3.11/lib/python3.11/site-packages/airflow/example_dags/example_dag_decorator.py
[2022-12-31T21:27:24.023+0100] {processor.py:743} INFO - Processing file /Library/Frameworks/Python.framework/Versions/3.11/lib/python3.11/site-packages/airflow/example_dags/example_dag_decorator.py for tasks to queue
[2022-12-31T21:27:24.024+0100] {logging_mixin.py:137} INFO - [2022-12-31T21:27:24.024+0100] {dagbag.py:538} INFO - Filling up the DagBag from /Library/Frameworks/Python.framework/Versions/3.11/lib/python3.11/site-packages/airflow/example_dags/example_dag_decorator.py
[2022-12-31T21:27:24.161+0100] {logging_mixin.py:137} INFO - [2022-12-31T21:27:24.161+0100] {taskmixin.py:205} WARNING - Dependency <Task(_PythonDecoratedOperator): prepare_email>, send_email already registered for DAG: example_dag_decorator
[2022-12-31T21:27:24.161+0100] {logging_mixin.py:137} INFO - [2022-12-31T21:27:24.161+0100] {taskmixin.py:205} WARNING - Dependency <Task(EmailOperator): send_email>, prepare_email already registered for DAG: example_dag_decorator
[2022-12-31T21:27:24.174+0100] {processor.py:753} INFO - DAG(s) dict_keys(['example_dag_decorator']) retrieved from /Library/Frameworks/Python.framework/Versions/3.11/lib/python3.11/site-packages/airflow/example_dags/example_dag_decorator.py
[2022-12-31T21:27:24.480+0100] {logging_mixin.py:137} INFO - [2022-12-31T21:27:24.480+0100] {dag.py:2676} INFO - Sync 1 DAGs
[2022-12-31T21:27:24.485+0100] {logging_mixin.py:137} INFO - [2022-12-31T21:27:24.485+0100] {dag.py:3423} INFO - Setting next_dagrun for example_dag_decorator to None, run_after=None
[2022-12-31T21:27:24.492+0100] {processor.py:175} INFO - Processing /Library/Frameworks/Python.framework/Versions/3.11/lib/python3.11/site-packages/airflow/example_dags/example_dag_decorator.py took 0.471 seconds
