[2022-12-31T20:29:03.190+0100] {processor.py:153} INFO - Started process (PID=90142) to work on /Library/Frameworks/Python.framework/Versions/3.11/lib/python3.11/site-packages/airflow/example_dags/example_trigger_target_dag.py
[2022-12-31T20:29:03.193+0100] {processor.py:743} INFO - Processing file /Library/Frameworks/Python.framework/Versions/3.11/lib/python3.11/site-packages/airflow/example_dags/example_trigger_target_dag.py for tasks to queue
[2022-12-31T20:29:03.194+0100] {logging_mixin.py:137} INFO - [2022-12-31T20:29:03.194+0100] {dagbag.py:538} INFO - Filling up the DagBag from /Library/Frameworks/Python.framework/Versions/3.11/lib/python3.11/site-packages/airflow/example_dags/example_trigger_target_dag.py
[2022-12-31T20:29:03.222+0100] {processor.py:753} INFO - DAG(s) dict_keys(['example_trigger_target_dag']) retrieved from /Library/Frameworks/Python.framework/Versions/3.11/lib/python3.11/site-packages/airflow/example_dags/example_trigger_target_dag.py
[2022-12-31T20:29:03.659+0100] {logging_mixin.py:137} INFO - [2022-12-31T20:29:03.659+0100] {manager.py:504} INFO - Created Permission View: can read on DAG:example_trigger_target_dag
[2022-12-31T20:29:03.661+0100] {logging_mixin.py:137} INFO - [2022-12-31T20:29:03.661+0100] {manager.py:504} INFO - Created Permission View: can delete on DAG:example_trigger_target_dag
[2022-12-31T20:29:03.663+0100] {logging_mixin.py:137} INFO - [2022-12-31T20:29:03.663+0100] {manager.py:504} INFO - Created Permission View: can edit on DAG:example_trigger_target_dag
[2022-12-31T20:29:03.663+0100] {logging_mixin.py:137} INFO - [2022-12-31T20:29:03.663+0100] {dag.py:2676} INFO - Sync 1 DAGs
[2022-12-31T20:29:03.666+0100] {logging_mixin.py:137} INFO - [2022-12-31T20:29:03.666+0100] {dag.py:2697} INFO - Creating ORM DAG for example_trigger_target_dag
[2022-12-31T20:29:03.668+0100] {logging_mixin.py:137} INFO - [2022-12-31T20:29:03.668+0100] {dag.py:3423} INFO - Setting next_dagrun for example_trigger_target_dag to None, run_after=None
[2022-12-31T20:29:03.674+0100] {processor.py:175} INFO - Processing /Library/Frameworks/Python.framework/Versions/3.11/lib/python3.11/site-packages/airflow/example_dags/example_trigger_target_dag.py took 0.486 seconds
[2022-12-31T20:30:55.349+0100] {processor.py:153} INFO - Started process (PID=90375) to work on /Library/Frameworks/Python.framework/Versions/3.11/lib/python3.11/site-packages/airflow/example_dags/example_trigger_target_dag.py
[2022-12-31T20:30:55.350+0100] {processor.py:743} INFO - Processing file /Library/Frameworks/Python.framework/Versions/3.11/lib/python3.11/site-packages/airflow/example_dags/example_trigger_target_dag.py for tasks to queue
[2022-12-31T20:30:55.351+0100] {logging_mixin.py:137} INFO - [2022-12-31T20:30:55.351+0100] {dagbag.py:538} INFO - Filling up the DagBag from /Library/Frameworks/Python.framework/Versions/3.11/lib/python3.11/site-packages/airflow/example_dags/example_trigger_target_dag.py
[2022-12-31T20:30:55.388+0100] {processor.py:753} INFO - DAG(s) dict_keys(['example_trigger_target_dag']) retrieved from /Library/Frameworks/Python.framework/Versions/3.11/lib/python3.11/site-packages/airflow/example_dags/example_trigger_target_dag.py
[2022-12-31T20:30:55.795+0100] {logging_mixin.py:137} INFO - [2022-12-31T20:30:55.795+0100] {dag.py:2676} INFO - Sync 1 DAGs
[2022-12-31T20:30:55.801+0100] {logging_mixin.py:137} INFO - [2022-12-31T20:30:55.801+0100] {dag.py:3423} INFO - Setting next_dagrun for example_trigger_target_dag to None, run_after=None
[2022-12-31T20:30:55.808+0100] {processor.py:175} INFO - Processing /Library/Frameworks/Python.framework/Versions/3.11/lib/python3.11/site-packages/airflow/example_dags/example_trigger_target_dag.py took 0.461 seconds
[2022-12-31T20:32:17.328+0100] {processor.py:153} INFO - Started process (PID=90503) to work on /Library/Frameworks/Python.framework/Versions/3.11/lib/python3.11/site-packages/airflow/example_dags/example_trigger_target_dag.py
[2022-12-31T20:32:17.333+0100] {processor.py:743} INFO - Processing file /Library/Frameworks/Python.framework/Versions/3.11/lib/python3.11/site-packages/airflow/example_dags/example_trigger_target_dag.py for tasks to queue
[2022-12-31T20:32:17.333+0100] {logging_mixin.py:137} INFO - [2022-12-31T20:32:17.333+0100] {dagbag.py:538} INFO - Filling up the DagBag from /Library/Frameworks/Python.framework/Versions/3.11/lib/python3.11/site-packages/airflow/example_dags/example_trigger_target_dag.py
[2022-12-31T20:32:17.368+0100] {processor.py:753} INFO - DAG(s) dict_keys(['example_trigger_target_dag']) retrieved from /Library/Frameworks/Python.framework/Versions/3.11/lib/python3.11/site-packages/airflow/example_dags/example_trigger_target_dag.py
[2022-12-31T20:32:17.797+0100] {logging_mixin.py:137} INFO - [2022-12-31T20:32:17.797+0100] {dag.py:2676} INFO - Sync 1 DAGs
[2022-12-31T20:32:17.803+0100] {logging_mixin.py:137} INFO - [2022-12-31T20:32:17.803+0100] {dag.py:3423} INFO - Setting next_dagrun for example_trigger_target_dag to None, run_after=None
[2022-12-31T20:32:17.810+0100] {processor.py:175} INFO - Processing /Library/Frameworks/Python.framework/Versions/3.11/lib/python3.11/site-packages/airflow/example_dags/example_trigger_target_dag.py took 0.482 seconds
[2022-12-31T20:33:08.998+0100] {processor.py:153} INFO - Started process (PID=90567) to work on /Library/Frameworks/Python.framework/Versions/3.11/lib/python3.11/site-packages/airflow/example_dags/example_trigger_target_dag.py
[2022-12-31T20:33:09.000+0100] {processor.py:743} INFO - Processing file /Library/Frameworks/Python.framework/Versions/3.11/lib/python3.11/site-packages/airflow/example_dags/example_trigger_target_dag.py for tasks to queue
[2022-12-31T20:33:09.000+0100] {logging_mixin.py:137} INFO - [2022-12-31T20:33:09.000+0100] {dagbag.py:538} INFO - Filling up the DagBag from /Library/Frameworks/Python.framework/Versions/3.11/lib/python3.11/site-packages/airflow/example_dags/example_trigger_target_dag.py
[2022-12-31T20:33:09.036+0100] {processor.py:753} INFO - DAG(s) dict_keys(['example_trigger_target_dag']) retrieved from /Library/Frameworks/Python.framework/Versions/3.11/lib/python3.11/site-packages/airflow/example_dags/example_trigger_target_dag.py
[2022-12-31T20:33:09.516+0100] {logging_mixin.py:137} INFO - [2022-12-31T20:33:09.516+0100] {dag.py:2676} INFO - Sync 1 DAGs
[2022-12-31T20:33:09.521+0100] {logging_mixin.py:137} INFO - [2022-12-31T20:33:09.521+0100] {dag.py:3423} INFO - Setting next_dagrun for example_trigger_target_dag to None, run_after=None
[2022-12-31T20:33:09.529+0100] {processor.py:175} INFO - Processing /Library/Frameworks/Python.framework/Versions/3.11/lib/python3.11/site-packages/airflow/example_dags/example_trigger_target_dag.py took 0.531 seconds
[2022-12-31T20:34:03.607+0100] {processor.py:153} INFO - Started process (PID=90643) to work on /Library/Frameworks/Python.framework/Versions/3.11/lib/python3.11/site-packages/airflow/example_dags/example_trigger_target_dag.py
[2022-12-31T20:34:03.613+0100] {processor.py:743} INFO - Processing file /Library/Frameworks/Python.framework/Versions/3.11/lib/python3.11/site-packages/airflow/example_dags/example_trigger_target_dag.py for tasks to queue
[2022-12-31T20:34:03.614+0100] {logging_mixin.py:137} INFO - [2022-12-31T20:34:03.613+0100] {dagbag.py:538} INFO - Filling up the DagBag from /Library/Frameworks/Python.framework/Versions/3.11/lib/python3.11/site-packages/airflow/example_dags/example_trigger_target_dag.py
[2022-12-31T20:34:03.645+0100] {processor.py:753} INFO - DAG(s) dict_keys(['example_trigger_target_dag']) retrieved from /Library/Frameworks/Python.framework/Versions/3.11/lib/python3.11/site-packages/airflow/example_dags/example_trigger_target_dag.py
[2022-12-31T20:34:04.042+0100] {logging_mixin.py:137} INFO - [2022-12-31T20:34:04.042+0100] {dag.py:2676} INFO - Sync 1 DAGs
[2022-12-31T20:34:04.047+0100] {logging_mixin.py:137} INFO - [2022-12-31T20:34:04.047+0100] {dag.py:3423} INFO - Setting next_dagrun for example_trigger_target_dag to None, run_after=None
[2022-12-31T20:34:04.055+0100] {processor.py:175} INFO - Processing /Library/Frameworks/Python.framework/Versions/3.11/lib/python3.11/site-packages/airflow/example_dags/example_trigger_target_dag.py took 0.450 seconds
[2022-12-31T20:34:56.735+0100] {processor.py:153} INFO - Started process (PID=90732) to work on /Library/Frameworks/Python.framework/Versions/3.11/lib/python3.11/site-packages/airflow/example_dags/example_trigger_target_dag.py
[2022-12-31T20:34:56.740+0100] {processor.py:743} INFO - Processing file /Library/Frameworks/Python.framework/Versions/3.11/lib/python3.11/site-packages/airflow/example_dags/example_trigger_target_dag.py for tasks to queue
[2022-12-31T20:34:56.741+0100] {logging_mixin.py:137} INFO - [2022-12-31T20:34:56.741+0100] {dagbag.py:538} INFO - Filling up the DagBag from /Library/Frameworks/Python.framework/Versions/3.11/lib/python3.11/site-packages/airflow/example_dags/example_trigger_target_dag.py
[2022-12-31T20:34:56.761+0100] {processor.py:753} INFO - DAG(s) dict_keys(['example_trigger_target_dag']) retrieved from /Library/Frameworks/Python.framework/Versions/3.11/lib/python3.11/site-packages/airflow/example_dags/example_trigger_target_dag.py
[2022-12-31T20:34:57.178+0100] {logging_mixin.py:137} INFO - [2022-12-31T20:34:57.178+0100] {dag.py:2676} INFO - Sync 1 DAGs
[2022-12-31T20:34:57.183+0100] {logging_mixin.py:137} INFO - [2022-12-31T20:34:57.183+0100] {dag.py:3423} INFO - Setting next_dagrun for example_trigger_target_dag to None, run_after=None
[2022-12-31T20:34:57.191+0100] {processor.py:175} INFO - Processing /Library/Frameworks/Python.framework/Versions/3.11/lib/python3.11/site-packages/airflow/example_dags/example_trigger_target_dag.py took 0.456 seconds
[2022-12-31T20:35:37.937+0100] {processor.py:153} INFO - Started process (PID=90788) to work on /Library/Frameworks/Python.framework/Versions/3.11/lib/python3.11/site-packages/airflow/example_dags/example_trigger_target_dag.py
[2022-12-31T20:35:37.942+0100] {processor.py:743} INFO - Processing file /Library/Frameworks/Python.framework/Versions/3.11/lib/python3.11/site-packages/airflow/example_dags/example_trigger_target_dag.py for tasks to queue
[2022-12-31T20:35:37.942+0100] {logging_mixin.py:137} INFO - [2022-12-31T20:35:37.942+0100] {dagbag.py:538} INFO - Filling up the DagBag from /Library/Frameworks/Python.framework/Versions/3.11/lib/python3.11/site-packages/airflow/example_dags/example_trigger_target_dag.py
[2022-12-31T20:35:37.968+0100] {processor.py:753} INFO - DAG(s) dict_keys(['example_trigger_target_dag']) retrieved from /Library/Frameworks/Python.framework/Versions/3.11/lib/python3.11/site-packages/airflow/example_dags/example_trigger_target_dag.py
[2022-12-31T20:35:38.438+0100] {logging_mixin.py:137} INFO - [2022-12-31T20:35:38.438+0100] {dag.py:2676} INFO - Sync 1 DAGs
[2022-12-31T20:35:38.446+0100] {logging_mixin.py:137} INFO - [2022-12-31T20:35:38.446+0100] {dag.py:3423} INFO - Setting next_dagrun for example_trigger_target_dag to None, run_after=None
[2022-12-31T20:35:38.453+0100] {processor.py:175} INFO - Processing /Library/Frameworks/Python.framework/Versions/3.11/lib/python3.11/site-packages/airflow/example_dags/example_trigger_target_dag.py took 0.517 seconds
[2022-12-31T20:37:01.590+0100] {processor.py:153} INFO - Started process (PID=90912) to work on /Library/Frameworks/Python.framework/Versions/3.11/lib/python3.11/site-packages/airflow/example_dags/example_trigger_target_dag.py
[2022-12-31T20:37:01.593+0100] {processor.py:743} INFO - Processing file /Library/Frameworks/Python.framework/Versions/3.11/lib/python3.11/site-packages/airflow/example_dags/example_trigger_target_dag.py for tasks to queue
[2022-12-31T20:37:01.593+0100] {logging_mixin.py:137} INFO - [2022-12-31T20:37:01.593+0100] {dagbag.py:538} INFO - Filling up the DagBag from /Library/Frameworks/Python.framework/Versions/3.11/lib/python3.11/site-packages/airflow/example_dags/example_trigger_target_dag.py
[2022-12-31T20:37:01.613+0100] {processor.py:753} INFO - DAG(s) dict_keys(['example_trigger_target_dag']) retrieved from /Library/Frameworks/Python.framework/Versions/3.11/lib/python3.11/site-packages/airflow/example_dags/example_trigger_target_dag.py
[2022-12-31T20:37:02.034+0100] {logging_mixin.py:137} INFO - [2022-12-31T20:37:02.034+0100] {dag.py:2676} INFO - Sync 1 DAGs
[2022-12-31T20:37:02.040+0100] {logging_mixin.py:137} INFO - [2022-12-31T20:37:02.040+0100] {dag.py:3423} INFO - Setting next_dagrun for example_trigger_target_dag to None, run_after=None
[2022-12-31T20:37:02.048+0100] {processor.py:175} INFO - Processing /Library/Frameworks/Python.framework/Versions/3.11/lib/python3.11/site-packages/airflow/example_dags/example_trigger_target_dag.py took 0.458 seconds
[2022-12-31T20:37:52.797+0100] {processor.py:153} INFO - Started process (PID=90977) to work on /Library/Frameworks/Python.framework/Versions/3.11/lib/python3.11/site-packages/airflow/example_dags/example_trigger_target_dag.py
[2022-12-31T20:37:52.804+0100] {processor.py:743} INFO - Processing file /Library/Frameworks/Python.framework/Versions/3.11/lib/python3.11/site-packages/airflow/example_dags/example_trigger_target_dag.py for tasks to queue
[2022-12-31T20:37:52.804+0100] {logging_mixin.py:137} INFO - [2022-12-31T20:37:52.804+0100] {dagbag.py:538} INFO - Filling up the DagBag from /Library/Frameworks/Python.framework/Versions/3.11/lib/python3.11/site-packages/airflow/example_dags/example_trigger_target_dag.py
[2022-12-31T20:37:52.830+0100] {processor.py:753} INFO - DAG(s) dict_keys(['example_trigger_target_dag']) retrieved from /Library/Frameworks/Python.framework/Versions/3.11/lib/python3.11/site-packages/airflow/example_dags/example_trigger_target_dag.py
[2022-12-31T20:37:53.239+0100] {logging_mixin.py:137} INFO - [2022-12-31T20:37:53.239+0100] {dag.py:2676} INFO - Sync 1 DAGs
[2022-12-31T20:37:53.244+0100] {logging_mixin.py:137} INFO - [2022-12-31T20:37:53.244+0100] {dag.py:3423} INFO - Setting next_dagrun for example_trigger_target_dag to None, run_after=None
[2022-12-31T20:37:53.252+0100] {processor.py:175} INFO - Processing /Library/Frameworks/Python.framework/Versions/3.11/lib/python3.11/site-packages/airflow/example_dags/example_trigger_target_dag.py took 0.455 seconds
[2022-12-31T20:38:41.004+0100] {processor.py:153} INFO - Started process (PID=91043) to work on /Library/Frameworks/Python.framework/Versions/3.11/lib/python3.11/site-packages/airflow/example_dags/example_trigger_target_dag.py
[2022-12-31T20:38:41.007+0100] {processor.py:743} INFO - Processing file /Library/Frameworks/Python.framework/Versions/3.11/lib/python3.11/site-packages/airflow/example_dags/example_trigger_target_dag.py for tasks to queue
[2022-12-31T20:38:41.007+0100] {logging_mixin.py:137} INFO - [2022-12-31T20:38:41.007+0100] {dagbag.py:538} INFO - Filling up the DagBag from /Library/Frameworks/Python.framework/Versions/3.11/lib/python3.11/site-packages/airflow/example_dags/example_trigger_target_dag.py
[2022-12-31T20:38:41.034+0100] {processor.py:753} INFO - DAG(s) dict_keys(['example_trigger_target_dag']) retrieved from /Library/Frameworks/Python.framework/Versions/3.11/lib/python3.11/site-packages/airflow/example_dags/example_trigger_target_dag.py
[2022-12-31T20:38:41.435+0100] {logging_mixin.py:137} INFO - [2022-12-31T20:38:41.435+0100] {dag.py:2676} INFO - Sync 1 DAGs
[2022-12-31T20:38:41.440+0100] {logging_mixin.py:137} INFO - [2022-12-31T20:38:41.440+0100] {dag.py:3423} INFO - Setting next_dagrun for example_trigger_target_dag to None, run_after=None
[2022-12-31T20:38:41.447+0100] {processor.py:175} INFO - Processing /Library/Frameworks/Python.framework/Versions/3.11/lib/python3.11/site-packages/airflow/example_dags/example_trigger_target_dag.py took 0.444 seconds
[2022-12-31T20:39:34.525+0100] {processor.py:153} INFO - Started process (PID=91152) to work on /Library/Frameworks/Python.framework/Versions/3.11/lib/python3.11/site-packages/airflow/example_dags/example_trigger_target_dag.py
[2022-12-31T20:39:34.528+0100] {processor.py:743} INFO - Processing file /Library/Frameworks/Python.framework/Versions/3.11/lib/python3.11/site-packages/airflow/example_dags/example_trigger_target_dag.py for tasks to queue
[2022-12-31T20:39:34.528+0100] {logging_mixin.py:137} INFO - [2022-12-31T20:39:34.528+0100] {dagbag.py:538} INFO - Filling up the DagBag from /Library/Frameworks/Python.framework/Versions/3.11/lib/python3.11/site-packages/airflow/example_dags/example_trigger_target_dag.py
[2022-12-31T20:39:34.554+0100] {processor.py:753} INFO - DAG(s) dict_keys(['example_trigger_target_dag']) retrieved from /Library/Frameworks/Python.framework/Versions/3.11/lib/python3.11/site-packages/airflow/example_dags/example_trigger_target_dag.py
[2022-12-31T20:39:34.971+0100] {logging_mixin.py:137} INFO - [2022-12-31T20:39:34.971+0100] {dag.py:2676} INFO - Sync 1 DAGs
[2022-12-31T20:39:34.976+0100] {logging_mixin.py:137} INFO - [2022-12-31T20:39:34.976+0100] {dag.py:3423} INFO - Setting next_dagrun for example_trigger_target_dag to None, run_after=None
[2022-12-31T20:39:34.983+0100] {processor.py:175} INFO - Processing /Library/Frameworks/Python.framework/Versions/3.11/lib/python3.11/site-packages/airflow/example_dags/example_trigger_target_dag.py took 0.458 seconds
[2022-12-31T20:40:28.057+0100] {processor.py:153} INFO - Started process (PID=91248) to work on /Library/Frameworks/Python.framework/Versions/3.11/lib/python3.11/site-packages/airflow/example_dags/example_trigger_target_dag.py
[2022-12-31T20:40:28.061+0100] {processor.py:743} INFO - Processing file /Library/Frameworks/Python.framework/Versions/3.11/lib/python3.11/site-packages/airflow/example_dags/example_trigger_target_dag.py for tasks to queue
[2022-12-31T20:40:28.061+0100] {logging_mixin.py:137} INFO - [2022-12-31T20:40:28.061+0100] {dagbag.py:538} INFO - Filling up the DagBag from /Library/Frameworks/Python.framework/Versions/3.11/lib/python3.11/site-packages/airflow/example_dags/example_trigger_target_dag.py
[2022-12-31T20:40:28.088+0100] {processor.py:753} INFO - DAG(s) dict_keys(['example_trigger_target_dag']) retrieved from /Library/Frameworks/Python.framework/Versions/3.11/lib/python3.11/site-packages/airflow/example_dags/example_trigger_target_dag.py
[2022-12-31T20:40:28.491+0100] {logging_mixin.py:137} INFO - [2022-12-31T20:40:28.490+0100] {dag.py:2676} INFO - Sync 1 DAGs
[2022-12-31T20:40:28.496+0100] {logging_mixin.py:137} INFO - [2022-12-31T20:40:28.496+0100] {dag.py:3423} INFO - Setting next_dagrun for example_trigger_target_dag to None, run_after=None
[2022-12-31T20:40:28.503+0100] {processor.py:175} INFO - Processing /Library/Frameworks/Python.framework/Versions/3.11/lib/python3.11/site-packages/airflow/example_dags/example_trigger_target_dag.py took 0.448 seconds
[2022-12-31T20:41:21.454+0100] {processor.py:153} INFO - Started process (PID=91317) to work on /Library/Frameworks/Python.framework/Versions/3.11/lib/python3.11/site-packages/airflow/example_dags/example_trigger_target_dag.py
[2022-12-31T20:41:21.458+0100] {processor.py:743} INFO - Processing file /Library/Frameworks/Python.framework/Versions/3.11/lib/python3.11/site-packages/airflow/example_dags/example_trigger_target_dag.py for tasks to queue
[2022-12-31T20:41:21.459+0100] {logging_mixin.py:137} INFO - [2022-12-31T20:41:21.459+0100] {dagbag.py:538} INFO - Filling up the DagBag from /Library/Frameworks/Python.framework/Versions/3.11/lib/python3.11/site-packages/airflow/example_dags/example_trigger_target_dag.py
[2022-12-31T20:41:21.478+0100] {processor.py:753} INFO - DAG(s) dict_keys(['example_trigger_target_dag']) retrieved from /Library/Frameworks/Python.framework/Versions/3.11/lib/python3.11/site-packages/airflow/example_dags/example_trigger_target_dag.py
[2022-12-31T20:41:21.881+0100] {logging_mixin.py:137} INFO - [2022-12-31T20:41:21.881+0100] {dag.py:2676} INFO - Sync 1 DAGs
[2022-12-31T20:41:21.886+0100] {logging_mixin.py:137} INFO - [2022-12-31T20:41:21.886+0100] {dag.py:3423} INFO - Setting next_dagrun for example_trigger_target_dag to None, run_after=None
[2022-12-31T20:41:21.893+0100] {processor.py:175} INFO - Processing /Library/Frameworks/Python.framework/Versions/3.11/lib/python3.11/site-packages/airflow/example_dags/example_trigger_target_dag.py took 0.440 seconds
[2022-12-31T20:42:16.057+0100] {processor.py:153} INFO - Started process (PID=91390) to work on /Library/Frameworks/Python.framework/Versions/3.11/lib/python3.11/site-packages/airflow/example_dags/example_trigger_target_dag.py
[2022-12-31T20:42:16.059+0100] {processor.py:743} INFO - Processing file /Library/Frameworks/Python.framework/Versions/3.11/lib/python3.11/site-packages/airflow/example_dags/example_trigger_target_dag.py for tasks to queue
[2022-12-31T20:42:16.059+0100] {logging_mixin.py:137} INFO - [2022-12-31T20:42:16.059+0100] {dagbag.py:538} INFO - Filling up the DagBag from /Library/Frameworks/Python.framework/Versions/3.11/lib/python3.11/site-packages/airflow/example_dags/example_trigger_target_dag.py
[2022-12-31T20:42:16.091+0100] {processor.py:753} INFO - DAG(s) dict_keys(['example_trigger_target_dag']) retrieved from /Library/Frameworks/Python.framework/Versions/3.11/lib/python3.11/site-packages/airflow/example_dags/example_trigger_target_dag.py
[2022-12-31T20:42:16.487+0100] {logging_mixin.py:137} INFO - [2022-12-31T20:42:16.487+0100] {dag.py:2676} INFO - Sync 1 DAGs
[2022-12-31T20:42:16.493+0100] {logging_mixin.py:137} INFO - [2022-12-31T20:42:16.493+0100] {dag.py:3423} INFO - Setting next_dagrun for example_trigger_target_dag to None, run_after=None
[2022-12-31T20:42:16.499+0100] {processor.py:175} INFO - Processing /Library/Frameworks/Python.framework/Versions/3.11/lib/python3.11/site-packages/airflow/example_dags/example_trigger_target_dag.py took 0.442 seconds
[2022-12-31T20:43:08.347+0100] {processor.py:153} INFO - Started process (PID=91503) to work on /Library/Frameworks/Python.framework/Versions/3.11/lib/python3.11/site-packages/airflow/example_dags/example_trigger_target_dag.py
[2022-12-31T20:43:08.352+0100] {processor.py:743} INFO - Processing file /Library/Frameworks/Python.framework/Versions/3.11/lib/python3.11/site-packages/airflow/example_dags/example_trigger_target_dag.py for tasks to queue
[2022-12-31T20:43:08.352+0100] {logging_mixin.py:137} INFO - [2022-12-31T20:43:08.352+0100] {dagbag.py:538} INFO - Filling up the DagBag from /Library/Frameworks/Python.framework/Versions/3.11/lib/python3.11/site-packages/airflow/example_dags/example_trigger_target_dag.py
[2022-12-31T20:43:08.375+0100] {processor.py:753} INFO - DAG(s) dict_keys(['example_trigger_target_dag']) retrieved from /Library/Frameworks/Python.framework/Versions/3.11/lib/python3.11/site-packages/airflow/example_dags/example_trigger_target_dag.py
[2022-12-31T20:43:08.783+0100] {logging_mixin.py:137} INFO - [2022-12-31T20:43:08.782+0100] {dag.py:2676} INFO - Sync 1 DAGs
[2022-12-31T20:43:08.788+0100] {logging_mixin.py:137} INFO - [2022-12-31T20:43:08.788+0100] {dag.py:3423} INFO - Setting next_dagrun for example_trigger_target_dag to None, run_after=None
[2022-12-31T20:43:08.794+0100] {processor.py:175} INFO - Processing /Library/Frameworks/Python.framework/Versions/3.11/lib/python3.11/site-packages/airflow/example_dags/example_trigger_target_dag.py took 0.447 seconds
[2022-12-31T20:44:22.920+0100] {processor.py:153} INFO - Started process (PID=91668) to work on /Library/Frameworks/Python.framework/Versions/3.11/lib/python3.11/site-packages/airflow/example_dags/example_trigger_target_dag.py
[2022-12-31T20:44:22.924+0100] {processor.py:743} INFO - Processing file /Library/Frameworks/Python.framework/Versions/3.11/lib/python3.11/site-packages/airflow/example_dags/example_trigger_target_dag.py for tasks to queue
[2022-12-31T20:44:22.925+0100] {logging_mixin.py:137} INFO - [2022-12-31T20:44:22.925+0100] {dagbag.py:538} INFO - Filling up the DagBag from /Library/Frameworks/Python.framework/Versions/3.11/lib/python3.11/site-packages/airflow/example_dags/example_trigger_target_dag.py
[2022-12-31T20:44:23.015+0100] {processor.py:753} INFO - DAG(s) dict_keys(['example_trigger_target_dag']) retrieved from /Library/Frameworks/Python.framework/Versions/3.11/lib/python3.11/site-packages/airflow/example_dags/example_trigger_target_dag.py
[2022-12-31T20:44:23.385+0100] {logging_mixin.py:137} INFO - [2022-12-31T20:44:23.385+0100] {dag.py:2676} INFO - Sync 1 DAGs
[2022-12-31T20:44:23.390+0100] {logging_mixin.py:137} INFO - [2022-12-31T20:44:23.390+0100] {dag.py:3423} INFO - Setting next_dagrun for example_trigger_target_dag to None, run_after=None
[2022-12-31T20:44:23.396+0100] {processor.py:175} INFO - Processing /Library/Frameworks/Python.framework/Versions/3.11/lib/python3.11/site-packages/airflow/example_dags/example_trigger_target_dag.py took 0.478 seconds
[2022-12-31T20:46:31.410+0100] {processor.py:153} INFO - Started process (PID=91891) to work on /Library/Frameworks/Python.framework/Versions/3.11/lib/python3.11/site-packages/airflow/example_dags/example_trigger_target_dag.py
[2022-12-31T20:46:31.417+0100] {processor.py:743} INFO - Processing file /Library/Frameworks/Python.framework/Versions/3.11/lib/python3.11/site-packages/airflow/example_dags/example_trigger_target_dag.py for tasks to queue
[2022-12-31T20:46:31.417+0100] {logging_mixin.py:137} INFO - [2022-12-31T20:46:31.417+0100] {dagbag.py:538} INFO - Filling up the DagBag from /Library/Frameworks/Python.framework/Versions/3.11/lib/python3.11/site-packages/airflow/example_dags/example_trigger_target_dag.py
[2022-12-31T20:46:31.437+0100] {processor.py:753} INFO - DAG(s) dict_keys(['example_trigger_target_dag']) retrieved from /Library/Frameworks/Python.framework/Versions/3.11/lib/python3.11/site-packages/airflow/example_dags/example_trigger_target_dag.py
[2022-12-31T20:46:31.849+0100] {logging_mixin.py:137} INFO - [2022-12-31T20:46:31.849+0100] {dag.py:2676} INFO - Sync 1 DAGs
[2022-12-31T20:46:31.854+0100] {logging_mixin.py:137} INFO - [2022-12-31T20:46:31.854+0100] {dag.py:3423} INFO - Setting next_dagrun for example_trigger_target_dag to None, run_after=None
[2022-12-31T20:46:31.861+0100] {processor.py:175} INFO - Processing /Library/Frameworks/Python.framework/Versions/3.11/lib/python3.11/site-packages/airflow/example_dags/example_trigger_target_dag.py took 0.451 seconds
[2022-12-31T20:48:32.030+0100] {processor.py:153} INFO - Started process (PID=92124) to work on /Library/Frameworks/Python.framework/Versions/3.11/lib/python3.11/site-packages/airflow/example_dags/example_trigger_target_dag.py
[2022-12-31T20:48:32.038+0100] {processor.py:743} INFO - Processing file /Library/Frameworks/Python.framework/Versions/3.11/lib/python3.11/site-packages/airflow/example_dags/example_trigger_target_dag.py for tasks to queue
[2022-12-31T20:48:32.038+0100] {logging_mixin.py:137} INFO - [2022-12-31T20:48:32.038+0100] {dagbag.py:538} INFO - Filling up the DagBag from /Library/Frameworks/Python.framework/Versions/3.11/lib/python3.11/site-packages/airflow/example_dags/example_trigger_target_dag.py
[2022-12-31T20:48:32.058+0100] {processor.py:753} INFO - DAG(s) dict_keys(['example_trigger_target_dag']) retrieved from /Library/Frameworks/Python.framework/Versions/3.11/lib/python3.11/site-packages/airflow/example_dags/example_trigger_target_dag.py
[2022-12-31T20:48:32.485+0100] {logging_mixin.py:137} INFO - [2022-12-31T20:48:32.484+0100] {dag.py:2676} INFO - Sync 1 DAGs
[2022-12-31T20:48:32.490+0100] {logging_mixin.py:137} INFO - [2022-12-31T20:48:32.490+0100] {dag.py:3423} INFO - Setting next_dagrun for example_trigger_target_dag to None, run_after=None
[2022-12-31T20:48:32.496+0100] {processor.py:175} INFO - Processing /Library/Frameworks/Python.framework/Versions/3.11/lib/python3.11/site-packages/airflow/example_dags/example_trigger_target_dag.py took 0.466 seconds
[2022-12-31T20:50:32.745+0100] {processor.py:153} INFO - Started process (PID=92372) to work on /Library/Frameworks/Python.framework/Versions/3.11/lib/python3.11/site-packages/airflow/example_dags/example_trigger_target_dag.py
[2022-12-31T20:50:32.751+0100] {processor.py:743} INFO - Processing file /Library/Frameworks/Python.framework/Versions/3.11/lib/python3.11/site-packages/airflow/example_dags/example_trigger_target_dag.py for tasks to queue
[2022-12-31T20:50:32.751+0100] {logging_mixin.py:137} INFO - [2022-12-31T20:50:32.751+0100] {dagbag.py:538} INFO - Filling up the DagBag from /Library/Frameworks/Python.framework/Versions/3.11/lib/python3.11/site-packages/airflow/example_dags/example_trigger_target_dag.py
[2022-12-31T20:50:32.784+0100] {processor.py:753} INFO - DAG(s) dict_keys(['example_trigger_target_dag']) retrieved from /Library/Frameworks/Python.framework/Versions/3.11/lib/python3.11/site-packages/airflow/example_dags/example_trigger_target_dag.py
[2022-12-31T20:50:33.293+0100] {logging_mixin.py:137} INFO - [2022-12-31T20:50:33.293+0100] {dag.py:2676} INFO - Sync 1 DAGs
[2022-12-31T20:50:33.301+0100] {logging_mixin.py:137} INFO - [2022-12-31T20:50:33.301+0100] {dag.py:3423} INFO - Setting next_dagrun for example_trigger_target_dag to None, run_after=None
[2022-12-31T20:50:33.309+0100] {processor.py:175} INFO - Processing /Library/Frameworks/Python.framework/Versions/3.11/lib/python3.11/site-packages/airflow/example_dags/example_trigger_target_dag.py took 0.565 seconds
[2022-12-31T20:53:00.636+0100] {processor.py:153} INFO - Started process (PID=92757) to work on /Library/Frameworks/Python.framework/Versions/3.11/lib/python3.11/site-packages/airflow/example_dags/example_trigger_target_dag.py
[2022-12-31T20:53:00.640+0100] {processor.py:743} INFO - Processing file /Library/Frameworks/Python.framework/Versions/3.11/lib/python3.11/site-packages/airflow/example_dags/example_trigger_target_dag.py for tasks to queue
[2022-12-31T20:53:00.640+0100] {logging_mixin.py:137} INFO - [2022-12-31T20:53:00.640+0100] {dagbag.py:538} INFO - Filling up the DagBag from /Library/Frameworks/Python.framework/Versions/3.11/lib/python3.11/site-packages/airflow/example_dags/example_trigger_target_dag.py
[2022-12-31T20:53:00.664+0100] {processor.py:753} INFO - DAG(s) dict_keys(['example_trigger_target_dag']) retrieved from /Library/Frameworks/Python.framework/Versions/3.11/lib/python3.11/site-packages/airflow/example_dags/example_trigger_target_dag.py
[2022-12-31T20:53:01.160+0100] {logging_mixin.py:137} INFO - [2022-12-31T20:53:01.160+0100] {dag.py:2676} INFO - Sync 1 DAGs
[2022-12-31T20:53:01.167+0100] {logging_mixin.py:137} INFO - [2022-12-31T20:53:01.167+0100] {dag.py:3423} INFO - Setting next_dagrun for example_trigger_target_dag to None, run_after=None
[2022-12-31T20:53:01.174+0100] {processor.py:175} INFO - Processing /Library/Frameworks/Python.framework/Versions/3.11/lib/python3.11/site-packages/airflow/example_dags/example_trigger_target_dag.py took 0.538 seconds
[2022-12-31T20:55:09.799+0100] {processor.py:153} INFO - Started process (PID=93142) to work on /Library/Frameworks/Python.framework/Versions/3.11/lib/python3.11/site-packages/airflow/example_dags/example_trigger_target_dag.py
[2022-12-31T20:55:09.802+0100] {processor.py:743} INFO - Processing file /Library/Frameworks/Python.framework/Versions/3.11/lib/python3.11/site-packages/airflow/example_dags/example_trigger_target_dag.py for tasks to queue
[2022-12-31T20:55:09.803+0100] {logging_mixin.py:137} INFO - [2022-12-31T20:55:09.803+0100] {dagbag.py:538} INFO - Filling up the DagBag from /Library/Frameworks/Python.framework/Versions/3.11/lib/python3.11/site-packages/airflow/example_dags/example_trigger_target_dag.py
[2022-12-31T20:55:09.843+0100] {processor.py:753} INFO - DAG(s) dict_keys(['example_trigger_target_dag']) retrieved from /Library/Frameworks/Python.framework/Versions/3.11/lib/python3.11/site-packages/airflow/example_dags/example_trigger_target_dag.py
[2022-12-31T20:55:10.357+0100] {logging_mixin.py:137} INFO - [2022-12-31T20:55:10.357+0100] {dag.py:2676} INFO - Sync 1 DAGs
[2022-12-31T20:55:10.363+0100] {logging_mixin.py:137} INFO - [2022-12-31T20:55:10.363+0100] {dag.py:3423} INFO - Setting next_dagrun for example_trigger_target_dag to None, run_after=None
[2022-12-31T20:55:10.370+0100] {processor.py:175} INFO - Processing /Library/Frameworks/Python.framework/Versions/3.11/lib/python3.11/site-packages/airflow/example_dags/example_trigger_target_dag.py took 0.571 seconds
[2022-12-31T20:56:21.804+0100] {processor.py:153} INFO - Started process (PID=93270) to work on /Library/Frameworks/Python.framework/Versions/3.11/lib/python3.11/site-packages/airflow/example_dags/example_trigger_target_dag.py
[2022-12-31T20:56:21.811+0100] {processor.py:743} INFO - Processing file /Library/Frameworks/Python.framework/Versions/3.11/lib/python3.11/site-packages/airflow/example_dags/example_trigger_target_dag.py for tasks to queue
[2022-12-31T20:56:21.811+0100] {logging_mixin.py:137} INFO - [2022-12-31T20:56:21.811+0100] {dagbag.py:538} INFO - Filling up the DagBag from /Library/Frameworks/Python.framework/Versions/3.11/lib/python3.11/site-packages/airflow/example_dags/example_trigger_target_dag.py
[2022-12-31T20:56:21.846+0100] {processor.py:753} INFO - DAG(s) dict_keys(['example_trigger_target_dag']) retrieved from /Library/Frameworks/Python.framework/Versions/3.11/lib/python3.11/site-packages/airflow/example_dags/example_trigger_target_dag.py
[2022-12-31T20:56:22.315+0100] {logging_mixin.py:137} INFO - [2022-12-31T20:56:22.315+0100] {dag.py:2676} INFO - Sync 1 DAGs
[2022-12-31T20:56:22.321+0100] {logging_mixin.py:137} INFO - [2022-12-31T20:56:22.321+0100] {dag.py:3423} INFO - Setting next_dagrun for example_trigger_target_dag to None, run_after=None
[2022-12-31T20:56:22.328+0100] {processor.py:175} INFO - Processing /Library/Frameworks/Python.framework/Versions/3.11/lib/python3.11/site-packages/airflow/example_dags/example_trigger_target_dag.py took 0.525 seconds
[2022-12-31T20:57:25.602+0100] {processor.py:153} INFO - Started process (PID=93406) to work on /Library/Frameworks/Python.framework/Versions/3.11/lib/python3.11/site-packages/airflow/example_dags/example_trigger_target_dag.py
[2022-12-31T20:57:25.605+0100] {processor.py:743} INFO - Processing file /Library/Frameworks/Python.framework/Versions/3.11/lib/python3.11/site-packages/airflow/example_dags/example_trigger_target_dag.py for tasks to queue
[2022-12-31T20:57:25.605+0100] {logging_mixin.py:137} INFO - [2022-12-31T20:57:25.605+0100] {dagbag.py:538} INFO - Filling up the DagBag from /Library/Frameworks/Python.framework/Versions/3.11/lib/python3.11/site-packages/airflow/example_dags/example_trigger_target_dag.py
[2022-12-31T20:57:25.625+0100] {processor.py:753} INFO - DAG(s) dict_keys(['example_trigger_target_dag']) retrieved from /Library/Frameworks/Python.framework/Versions/3.11/lib/python3.11/site-packages/airflow/example_dags/example_trigger_target_dag.py
[2022-12-31T20:57:26.051+0100] {logging_mixin.py:137} INFO - [2022-12-31T20:57:26.051+0100] {dag.py:2676} INFO - Sync 1 DAGs
[2022-12-31T20:57:26.057+0100] {logging_mixin.py:137} INFO - [2022-12-31T20:57:26.057+0100] {dag.py:3423} INFO - Setting next_dagrun for example_trigger_target_dag to None, run_after=None
[2022-12-31T20:57:26.063+0100] {processor.py:175} INFO - Processing /Library/Frameworks/Python.framework/Versions/3.11/lib/python3.11/site-packages/airflow/example_dags/example_trigger_target_dag.py took 0.461 seconds
[2022-12-31T20:58:25.048+0100] {processor.py:153} INFO - Started process (PID=93514) to work on /Library/Frameworks/Python.framework/Versions/3.11/lib/python3.11/site-packages/airflow/example_dags/example_trigger_target_dag.py
[2022-12-31T20:58:25.053+0100] {processor.py:743} INFO - Processing file /Library/Frameworks/Python.framework/Versions/3.11/lib/python3.11/site-packages/airflow/example_dags/example_trigger_target_dag.py for tasks to queue
[2022-12-31T20:58:25.053+0100] {logging_mixin.py:137} INFO - [2022-12-31T20:58:25.053+0100] {dagbag.py:538} INFO - Filling up the DagBag from /Library/Frameworks/Python.framework/Versions/3.11/lib/python3.11/site-packages/airflow/example_dags/example_trigger_target_dag.py
[2022-12-31T20:58:25.073+0100] {processor.py:753} INFO - DAG(s) dict_keys(['example_trigger_target_dag']) retrieved from /Library/Frameworks/Python.framework/Versions/3.11/lib/python3.11/site-packages/airflow/example_dags/example_trigger_target_dag.py
[2022-12-31T20:58:25.495+0100] {logging_mixin.py:137} INFO - [2022-12-31T20:58:25.495+0100] {dag.py:2676} INFO - Sync 1 DAGs
[2022-12-31T20:58:25.501+0100] {logging_mixin.py:137} INFO - [2022-12-31T20:58:25.501+0100] {dag.py:3423} INFO - Setting next_dagrun for example_trigger_target_dag to None, run_after=None
[2022-12-31T20:58:25.507+0100] {processor.py:175} INFO - Processing /Library/Frameworks/Python.framework/Versions/3.11/lib/python3.11/site-packages/airflow/example_dags/example_trigger_target_dag.py took 0.460 seconds
[2022-12-31T20:59:27.432+0100] {processor.py:153} INFO - Started process (PID=93664) to work on /Library/Frameworks/Python.framework/Versions/3.11/lib/python3.11/site-packages/airflow/example_dags/example_trigger_target_dag.py
[2022-12-31T20:59:27.446+0100] {processor.py:743} INFO - Processing file /Library/Frameworks/Python.framework/Versions/3.11/lib/python3.11/site-packages/airflow/example_dags/example_trigger_target_dag.py for tasks to queue
[2022-12-31T20:59:27.447+0100] {logging_mixin.py:137} INFO - [2022-12-31T20:59:27.446+0100] {dagbag.py:538} INFO - Filling up the DagBag from /Library/Frameworks/Python.framework/Versions/3.11/lib/python3.11/site-packages/airflow/example_dags/example_trigger_target_dag.py
[2022-12-31T20:59:27.474+0100] {processor.py:753} INFO - DAG(s) dict_keys(['example_trigger_target_dag']) retrieved from /Library/Frameworks/Python.framework/Versions/3.11/lib/python3.11/site-packages/airflow/example_dags/example_trigger_target_dag.py
[2022-12-31T20:59:27.978+0100] {logging_mixin.py:137} INFO - [2022-12-31T20:59:27.978+0100] {dag.py:2676} INFO - Sync 1 DAGs
[2022-12-31T20:59:27.987+0100] {logging_mixin.py:137} INFO - [2022-12-31T20:59:27.987+0100] {dag.py:3423} INFO - Setting next_dagrun for example_trigger_target_dag to None, run_after=None
[2022-12-31T20:59:27.997+0100] {processor.py:175} INFO - Processing /Library/Frameworks/Python.framework/Versions/3.11/lib/python3.11/site-packages/airflow/example_dags/example_trigger_target_dag.py took 0.565 seconds
[2022-12-31T21:00:29.815+0100] {processor.py:153} INFO - Started process (PID=93782) to work on /Library/Frameworks/Python.framework/Versions/3.11/lib/python3.11/site-packages/airflow/example_dags/example_trigger_target_dag.py
[2022-12-31T21:00:29.820+0100] {processor.py:743} INFO - Processing file /Library/Frameworks/Python.framework/Versions/3.11/lib/python3.11/site-packages/airflow/example_dags/example_trigger_target_dag.py for tasks to queue
[2022-12-31T21:00:29.820+0100] {logging_mixin.py:137} INFO - [2022-12-31T21:00:29.820+0100] {dagbag.py:538} INFO - Filling up the DagBag from /Library/Frameworks/Python.framework/Versions/3.11/lib/python3.11/site-packages/airflow/example_dags/example_trigger_target_dag.py
[2022-12-31T21:00:29.853+0100] {processor.py:753} INFO - DAG(s) dict_keys(['example_trigger_target_dag']) retrieved from /Library/Frameworks/Python.framework/Versions/3.11/lib/python3.11/site-packages/airflow/example_dags/example_trigger_target_dag.py
[2022-12-31T21:00:30.374+0100] {logging_mixin.py:137} INFO - [2022-12-31T21:00:30.374+0100] {dag.py:2676} INFO - Sync 1 DAGs
[2022-12-31T21:00:30.381+0100] {logging_mixin.py:137} INFO - [2022-12-31T21:00:30.381+0100] {dag.py:3423} INFO - Setting next_dagrun for example_trigger_target_dag to None, run_after=None
[2022-12-31T21:00:30.388+0100] {processor.py:175} INFO - Processing /Library/Frameworks/Python.framework/Versions/3.11/lib/python3.11/site-packages/airflow/example_dags/example_trigger_target_dag.py took 0.573 seconds
[2022-12-31T21:01:29.994+0100] {processor.py:153} INFO - Started process (PID=93918) to work on /Library/Frameworks/Python.framework/Versions/3.11/lib/python3.11/site-packages/airflow/example_dags/example_trigger_target_dag.py
[2022-12-31T21:01:29.999+0100] {processor.py:743} INFO - Processing file /Library/Frameworks/Python.framework/Versions/3.11/lib/python3.11/site-packages/airflow/example_dags/example_trigger_target_dag.py for tasks to queue
[2022-12-31T21:01:30.000+0100] {logging_mixin.py:137} INFO - [2022-12-31T21:01:29.999+0100] {dagbag.py:538} INFO - Filling up the DagBag from /Library/Frameworks/Python.framework/Versions/3.11/lib/python3.11/site-packages/airflow/example_dags/example_trigger_target_dag.py
[2022-12-31T21:01:30.020+0100] {processor.py:753} INFO - DAG(s) dict_keys(['example_trigger_target_dag']) retrieved from /Library/Frameworks/Python.framework/Versions/3.11/lib/python3.11/site-packages/airflow/example_dags/example_trigger_target_dag.py
[2022-12-31T21:01:30.468+0100] {logging_mixin.py:137} INFO - [2022-12-31T21:01:30.468+0100] {dag.py:2676} INFO - Sync 1 DAGs
[2022-12-31T21:01:30.474+0100] {logging_mixin.py:137} INFO - [2022-12-31T21:01:30.474+0100] {dag.py:3423} INFO - Setting next_dagrun for example_trigger_target_dag to None, run_after=None
[2022-12-31T21:01:30.482+0100] {processor.py:175} INFO - Processing /Library/Frameworks/Python.framework/Versions/3.11/lib/python3.11/site-packages/airflow/example_dags/example_trigger_target_dag.py took 0.489 seconds
[2022-12-31T21:02:31.052+0100] {processor.py:153} INFO - Started process (PID=94109) to work on /Library/Frameworks/Python.framework/Versions/3.11/lib/python3.11/site-packages/airflow/example_dags/example_trigger_target_dag.py
[2022-12-31T21:02:31.058+0100] {processor.py:743} INFO - Processing file /Library/Frameworks/Python.framework/Versions/3.11/lib/python3.11/site-packages/airflow/example_dags/example_trigger_target_dag.py for tasks to queue
[2022-12-31T21:02:31.059+0100] {logging_mixin.py:137} INFO - [2022-12-31T21:02:31.059+0100] {dagbag.py:538} INFO - Filling up the DagBag from /Library/Frameworks/Python.framework/Versions/3.11/lib/python3.11/site-packages/airflow/example_dags/example_trigger_target_dag.py
[2022-12-31T21:02:31.081+0100] {processor.py:753} INFO - DAG(s) dict_keys(['example_trigger_target_dag']) retrieved from /Library/Frameworks/Python.framework/Versions/3.11/lib/python3.11/site-packages/airflow/example_dags/example_trigger_target_dag.py
[2022-12-31T21:02:31.484+0100] {logging_mixin.py:137} INFO - [2022-12-31T21:02:31.483+0100] {dag.py:2676} INFO - Sync 1 DAGs
[2022-12-31T21:02:31.489+0100] {logging_mixin.py:137} INFO - [2022-12-31T21:02:31.489+0100] {dag.py:3423} INFO - Setting next_dagrun for example_trigger_target_dag to None, run_after=None
[2022-12-31T21:02:31.495+0100] {processor.py:175} INFO - Processing /Library/Frameworks/Python.framework/Versions/3.11/lib/python3.11/site-packages/airflow/example_dags/example_trigger_target_dag.py took 0.444 seconds
[2022-12-31T21:03:33.433+0100] {processor.py:153} INFO - Started process (PID=94312) to work on /Library/Frameworks/Python.framework/Versions/3.11/lib/python3.11/site-packages/airflow/example_dags/example_trigger_target_dag.py
[2022-12-31T21:03:33.434+0100] {processor.py:743} INFO - Processing file /Library/Frameworks/Python.framework/Versions/3.11/lib/python3.11/site-packages/airflow/example_dags/example_trigger_target_dag.py for tasks to queue
[2022-12-31T21:03:33.435+0100] {logging_mixin.py:137} INFO - [2022-12-31T21:03:33.435+0100] {dagbag.py:538} INFO - Filling up the DagBag from /Library/Frameworks/Python.framework/Versions/3.11/lib/python3.11/site-packages/airflow/example_dags/example_trigger_target_dag.py
[2022-12-31T21:03:33.462+0100] {processor.py:753} INFO - DAG(s) dict_keys(['example_trigger_target_dag']) retrieved from /Library/Frameworks/Python.framework/Versions/3.11/lib/python3.11/site-packages/airflow/example_dags/example_trigger_target_dag.py
[2022-12-31T21:03:33.937+0100] {logging_mixin.py:137} INFO - [2022-12-31T21:03:33.937+0100] {dag.py:2676} INFO - Sync 1 DAGs
[2022-12-31T21:03:33.943+0100] {logging_mixin.py:137} INFO - [2022-12-31T21:03:33.943+0100] {dag.py:3423} INFO - Setting next_dagrun for example_trigger_target_dag to None, run_after=None
[2022-12-31T21:03:33.950+0100] {processor.py:175} INFO - Processing /Library/Frameworks/Python.framework/Versions/3.11/lib/python3.11/site-packages/airflow/example_dags/example_trigger_target_dag.py took 0.518 seconds
[2022-12-31T21:04:38.824+0100] {processor.py:153} INFO - Started process (PID=94432) to work on /Library/Frameworks/Python.framework/Versions/3.11/lib/python3.11/site-packages/airflow/example_dags/example_trigger_target_dag.py
[2022-12-31T21:04:38.828+0100] {processor.py:743} INFO - Processing file /Library/Frameworks/Python.framework/Versions/3.11/lib/python3.11/site-packages/airflow/example_dags/example_trigger_target_dag.py for tasks to queue
[2022-12-31T21:04:38.829+0100] {logging_mixin.py:137} INFO - [2022-12-31T21:04:38.829+0100] {dagbag.py:538} INFO - Filling up the DagBag from /Library/Frameworks/Python.framework/Versions/3.11/lib/python3.11/site-packages/airflow/example_dags/example_trigger_target_dag.py
[2022-12-31T21:04:38.849+0100] {processor.py:753} INFO - DAG(s) dict_keys(['example_trigger_target_dag']) retrieved from /Library/Frameworks/Python.framework/Versions/3.11/lib/python3.11/site-packages/airflow/example_dags/example_trigger_target_dag.py
[2022-12-31T21:04:39.278+0100] {logging_mixin.py:137} INFO - [2022-12-31T21:04:39.278+0100] {dag.py:2676} INFO - Sync 1 DAGs
[2022-12-31T21:04:39.285+0100] {logging_mixin.py:137} INFO - [2022-12-31T21:04:39.285+0100] {dag.py:3423} INFO - Setting next_dagrun for example_trigger_target_dag to None, run_after=None
[2022-12-31T21:04:39.292+0100] {processor.py:175} INFO - Processing /Library/Frameworks/Python.framework/Versions/3.11/lib/python3.11/site-packages/airflow/example_dags/example_trigger_target_dag.py took 0.469 seconds
[2022-12-31T21:05:37.358+0100] {processor.py:153} INFO - Started process (PID=94577) to work on /Library/Frameworks/Python.framework/Versions/3.11/lib/python3.11/site-packages/airflow/example_dags/example_trigger_target_dag.py
[2022-12-31T21:05:37.362+0100] {processor.py:743} INFO - Processing file /Library/Frameworks/Python.framework/Versions/3.11/lib/python3.11/site-packages/airflow/example_dags/example_trigger_target_dag.py for tasks to queue
[2022-12-31T21:05:37.363+0100] {logging_mixin.py:137} INFO - [2022-12-31T21:05:37.363+0100] {dagbag.py:538} INFO - Filling up the DagBag from /Library/Frameworks/Python.framework/Versions/3.11/lib/python3.11/site-packages/airflow/example_dags/example_trigger_target_dag.py
[2022-12-31T21:05:37.387+0100] {processor.py:753} INFO - DAG(s) dict_keys(['example_trigger_target_dag']) retrieved from /Library/Frameworks/Python.framework/Versions/3.11/lib/python3.11/site-packages/airflow/example_dags/example_trigger_target_dag.py
[2022-12-31T21:05:37.801+0100] {logging_mixin.py:137} INFO - [2022-12-31T21:05:37.801+0100] {dag.py:2676} INFO - Sync 1 DAGs
[2022-12-31T21:05:37.806+0100] {logging_mixin.py:137} INFO - [2022-12-31T21:05:37.806+0100] {dag.py:3423} INFO - Setting next_dagrun for example_trigger_target_dag to None, run_after=None
[2022-12-31T21:05:37.812+0100] {processor.py:175} INFO - Processing /Library/Frameworks/Python.framework/Versions/3.11/lib/python3.11/site-packages/airflow/example_dags/example_trigger_target_dag.py took 0.455 seconds
[2022-12-31T21:06:31.624+0100] {processor.py:153} INFO - Started process (PID=94664) to work on /Library/Frameworks/Python.framework/Versions/3.11/lib/python3.11/site-packages/airflow/example_dags/example_trigger_target_dag.py
[2022-12-31T21:06:31.627+0100] {processor.py:743} INFO - Processing file /Library/Frameworks/Python.framework/Versions/3.11/lib/python3.11/site-packages/airflow/example_dags/example_trigger_target_dag.py for tasks to queue
[2022-12-31T21:06:31.627+0100] {logging_mixin.py:137} INFO - [2022-12-31T21:06:31.627+0100] {dagbag.py:538} INFO - Filling up the DagBag from /Library/Frameworks/Python.framework/Versions/3.11/lib/python3.11/site-packages/airflow/example_dags/example_trigger_target_dag.py
[2022-12-31T21:06:31.679+0100] {processor.py:753} INFO - DAG(s) dict_keys(['example_trigger_target_dag']) retrieved from /Library/Frameworks/Python.framework/Versions/3.11/lib/python3.11/site-packages/airflow/example_dags/example_trigger_target_dag.py
[2022-12-31T21:06:32.145+0100] {logging_mixin.py:137} INFO - [2022-12-31T21:06:32.144+0100] {dag.py:2676} INFO - Sync 1 DAGs
[2022-12-31T21:06:32.151+0100] {logging_mixin.py:137} INFO - [2022-12-31T21:06:32.151+0100] {dag.py:3423} INFO - Setting next_dagrun for example_trigger_target_dag to None, run_after=None
[2022-12-31T21:06:32.158+0100] {processor.py:175} INFO - Processing /Library/Frameworks/Python.framework/Versions/3.11/lib/python3.11/site-packages/airflow/example_dags/example_trigger_target_dag.py took 0.535 seconds
[2022-12-31T21:07:25.515+0100] {processor.py:153} INFO - Started process (PID=94767) to work on /Library/Frameworks/Python.framework/Versions/3.11/lib/python3.11/site-packages/airflow/example_dags/example_trigger_target_dag.py
[2022-12-31T21:07:25.520+0100] {processor.py:743} INFO - Processing file /Library/Frameworks/Python.framework/Versions/3.11/lib/python3.11/site-packages/airflow/example_dags/example_trigger_target_dag.py for tasks to queue
[2022-12-31T21:07:25.520+0100] {logging_mixin.py:137} INFO - [2022-12-31T21:07:25.520+0100] {dagbag.py:538} INFO - Filling up the DagBag from /Library/Frameworks/Python.framework/Versions/3.11/lib/python3.11/site-packages/airflow/example_dags/example_trigger_target_dag.py
[2022-12-31T21:07:25.540+0100] {processor.py:753} INFO - DAG(s) dict_keys(['example_trigger_target_dag']) retrieved from /Library/Frameworks/Python.framework/Versions/3.11/lib/python3.11/site-packages/airflow/example_dags/example_trigger_target_dag.py
[2022-12-31T21:07:25.962+0100] {logging_mixin.py:137} INFO - [2022-12-31T21:07:25.962+0100] {dag.py:2676} INFO - Sync 1 DAGs
[2022-12-31T21:07:25.968+0100] {logging_mixin.py:137} INFO - [2022-12-31T21:07:25.967+0100] {dag.py:3423} INFO - Setting next_dagrun for example_trigger_target_dag to None, run_after=None
[2022-12-31T21:07:25.974+0100] {processor.py:175} INFO - Processing /Library/Frameworks/Python.framework/Versions/3.11/lib/python3.11/site-packages/airflow/example_dags/example_trigger_target_dag.py took 0.459 seconds
[2022-12-31T21:08:23.223+0100] {processor.py:153} INFO - Started process (PID=94921) to work on /Library/Frameworks/Python.framework/Versions/3.11/lib/python3.11/site-packages/airflow/example_dags/example_trigger_target_dag.py
[2022-12-31T21:08:23.227+0100] {processor.py:743} INFO - Processing file /Library/Frameworks/Python.framework/Versions/3.11/lib/python3.11/site-packages/airflow/example_dags/example_trigger_target_dag.py for tasks to queue
[2022-12-31T21:08:23.227+0100] {logging_mixin.py:137} INFO - [2022-12-31T21:08:23.227+0100] {dagbag.py:538} INFO - Filling up the DagBag from /Library/Frameworks/Python.framework/Versions/3.11/lib/python3.11/site-packages/airflow/example_dags/example_trigger_target_dag.py
[2022-12-31T21:08:23.247+0100] {processor.py:753} INFO - DAG(s) dict_keys(['example_trigger_target_dag']) retrieved from /Library/Frameworks/Python.framework/Versions/3.11/lib/python3.11/site-packages/airflow/example_dags/example_trigger_target_dag.py
[2022-12-31T21:08:23.728+0100] {logging_mixin.py:137} INFO - [2022-12-31T21:08:23.727+0100] {dag.py:2676} INFO - Sync 1 DAGs
[2022-12-31T21:08:23.734+0100] {logging_mixin.py:137} INFO - [2022-12-31T21:08:23.734+0100] {dag.py:3423} INFO - Setting next_dagrun for example_trigger_target_dag to None, run_after=None
[2022-12-31T21:08:23.741+0100] {processor.py:175} INFO - Processing /Library/Frameworks/Python.framework/Versions/3.11/lib/python3.11/site-packages/airflow/example_dags/example_trigger_target_dag.py took 0.519 seconds
[2022-12-31 20:08:41,261] {scheduler_job.py:182} INFO - Started process (PID=84) to work on /home/airflow/.local/lib/python3.6/site-packages/airflow/example_dags/example_trigger_target_dag.py
[2022-12-31 20:08:41,282] {scheduler_job.py:629} INFO - Processing file /home/airflow/.local/lib/python3.6/site-packages/airflow/example_dags/example_trigger_target_dag.py for tasks to queue
[2022-12-31 20:08:41,291] {logging_mixin.py:104} INFO - [2022-12-31 20:08:41,290] {dagbag.py:451} INFO - Filling up the DagBag from /home/airflow/.local/lib/python3.6/site-packages/airflow/example_dags/example_trigger_target_dag.py
[2022-12-31 20:08:41,647] {scheduler_job.py:639} INFO - DAG(s) dict_keys(['example_trigger_target_dag']) retrieved from /home/airflow/.local/lib/python3.6/site-packages/airflow/example_dags/example_trigger_target_dag.py
[2022-12-31 20:08:41,865] {logging_mixin.py:104} INFO - [2022-12-31 20:08:41,864] {dag.py:1824} INFO - Sync 1 DAGs
[2022-12-31 20:08:42,198] {logging_mixin.py:104} INFO - [2022-12-31 20:08:42,197] {dag.py:2280} INFO - Setting next_dagrun for example_trigger_target_dag to None
[2022-12-31 20:08:42,340] {scheduler_job.py:190} INFO - Processing /home/airflow/.local/lib/python3.6/site-packages/airflow/example_dags/example_trigger_target_dag.py took 1.099 seconds
[2022-12-31 20:09:13,036] {scheduler_job.py:182} INFO - Started process (PID=138) to work on /home/airflow/.local/lib/python3.6/site-packages/airflow/example_dags/example_trigger_target_dag.py
[2022-12-31 20:09:13,041] {scheduler_job.py:629} INFO - Processing file /home/airflow/.local/lib/python3.6/site-packages/airflow/example_dags/example_trigger_target_dag.py for tasks to queue
[2022-12-31 20:09:13,044] {logging_mixin.py:104} INFO - [2022-12-31 20:09:13,044] {dagbag.py:451} INFO - Filling up the DagBag from /home/airflow/.local/lib/python3.6/site-packages/airflow/example_dags/example_trigger_target_dag.py
[2022-12-31 20:09:13,087] {scheduler_job.py:639} INFO - DAG(s) dict_keys(['example_trigger_target_dag']) retrieved from /home/airflow/.local/lib/python3.6/site-packages/airflow/example_dags/example_trigger_target_dag.py
[2022-12-31 20:09:13,399] {logging_mixin.py:104} INFO - [2022-12-31 20:09:13,398] {dag.py:1824} INFO - Sync 1 DAGs
[2022-12-31 20:09:13,464] {logging_mixin.py:104} INFO - [2022-12-31 20:09:13,463] {dag.py:2280} INFO - Setting next_dagrun for example_trigger_target_dag to None
[2022-12-31 20:09:13,502] {scheduler_job.py:190} INFO - Processing /home/airflow/.local/lib/python3.6/site-packages/airflow/example_dags/example_trigger_target_dag.py took 0.474 seconds
[2022-12-31T21:09:24.056+0100] {processor.py:153} INFO - Started process (PID=95079) to work on /Library/Frameworks/Python.framework/Versions/3.11/lib/python3.11/site-packages/airflow/example_dags/example_trigger_target_dag.py
[2022-12-31T21:09:24.058+0100] {processor.py:743} INFO - Processing file /Library/Frameworks/Python.framework/Versions/3.11/lib/python3.11/site-packages/airflow/example_dags/example_trigger_target_dag.py for tasks to queue
[2022-12-31T21:09:24.058+0100] {logging_mixin.py:137} INFO - [2022-12-31T21:09:24.058+0100] {dagbag.py:538} INFO - Filling up the DagBag from /Library/Frameworks/Python.framework/Versions/3.11/lib/python3.11/site-packages/airflow/example_dags/example_trigger_target_dag.py
[2022-12-31T21:09:24.094+0100] {processor.py:753} INFO - DAG(s) dict_keys(['example_trigger_target_dag']) retrieved from /Library/Frameworks/Python.framework/Versions/3.11/lib/python3.11/site-packages/airflow/example_dags/example_trigger_target_dag.py
[2022-12-31T21:09:24.630+0100] {logging_mixin.py:137} INFO - [2022-12-31T21:09:24.629+0100] {dag.py:2676} INFO - Sync 1 DAGs
[2022-12-31T21:09:24.636+0100] {logging_mixin.py:137} INFO - [2022-12-31T21:09:24.636+0100] {dag.py:3423} INFO - Setting next_dagrun for example_trigger_target_dag to None, run_after=None
[2022-12-31T21:09:24.643+0100] {processor.py:175} INFO - Processing /Library/Frameworks/Python.framework/Versions/3.11/lib/python3.11/site-packages/airflow/example_dags/example_trigger_target_dag.py took 0.587 seconds
[2022-12-31 20:09:43,673] {scheduler_job.py:182} INFO - Started process (PID=192) to work on /home/airflow/.local/lib/python3.6/site-packages/airflow/example_dags/example_trigger_target_dag.py
[2022-12-31 20:09:43,683] {scheduler_job.py:629} INFO - Processing file /home/airflow/.local/lib/python3.6/site-packages/airflow/example_dags/example_trigger_target_dag.py for tasks to queue
[2022-12-31 20:09:43,695] {logging_mixin.py:104} INFO - [2022-12-31 20:09:43,694] {dagbag.py:451} INFO - Filling up the DagBag from /home/airflow/.local/lib/python3.6/site-packages/airflow/example_dags/example_trigger_target_dag.py
[2022-12-31 20:09:43,778] {scheduler_job.py:639} INFO - DAG(s) dict_keys(['example_trigger_target_dag']) retrieved from /home/airflow/.local/lib/python3.6/site-packages/airflow/example_dags/example_trigger_target_dag.py
[2022-12-31 20:09:43,837] {logging_mixin.py:104} INFO - [2022-12-31 20:09:43,837] {dag.py:1824} INFO - Sync 1 DAGs
[2022-12-31 20:09:43,889] {logging_mixin.py:104} INFO - [2022-12-31 20:09:43,889] {dag.py:2280} INFO - Setting next_dagrun for example_trigger_target_dag to None
[2022-12-31 20:09:43,925] {scheduler_job.py:190} INFO - Processing /home/airflow/.local/lib/python3.6/site-packages/airflow/example_dags/example_trigger_target_dag.py took 0.267 seconds
[2022-12-31T21:10:25.853+0100] {processor.py:153} INFO - Started process (PID=95237) to work on /Library/Frameworks/Python.framework/Versions/3.11/lib/python3.11/site-packages/airflow/example_dags/example_trigger_target_dag.py
[2022-12-31T21:10:25.858+0100] {processor.py:743} INFO - Processing file /Library/Frameworks/Python.framework/Versions/3.11/lib/python3.11/site-packages/airflow/example_dags/example_trigger_target_dag.py for tasks to queue
[2022-12-31T21:10:25.859+0100] {logging_mixin.py:137} INFO - [2022-12-31T21:10:25.859+0100] {dagbag.py:538} INFO - Filling up the DagBag from /Library/Frameworks/Python.framework/Versions/3.11/lib/python3.11/site-packages/airflow/example_dags/example_trigger_target_dag.py
[2022-12-31T21:10:25.907+0100] {processor.py:753} INFO - DAG(s) dict_keys(['example_trigger_target_dag']) retrieved from /Library/Frameworks/Python.framework/Versions/3.11/lib/python3.11/site-packages/airflow/example_dags/example_trigger_target_dag.py
[2022-12-31T21:10:26.322+0100] {logging_mixin.py:137} INFO - [2022-12-31T21:10:26.322+0100] {dag.py:2676} INFO - Sync 1 DAGs
[2022-12-31T21:10:26.327+0100] {logging_mixin.py:137} INFO - [2022-12-31T21:10:26.327+0100] {dag.py:3423} INFO - Setting next_dagrun for example_trigger_target_dag to None, run_after=None
[2022-12-31T21:10:26.333+0100] {processor.py:175} INFO - Processing /Library/Frameworks/Python.framework/Versions/3.11/lib/python3.11/site-packages/airflow/example_dags/example_trigger_target_dag.py took 0.481 seconds
[2022-12-31T21:11:27.882+0100] {processor.py:153} INFO - Started process (PID=95434) to work on /Library/Frameworks/Python.framework/Versions/3.11/lib/python3.11/site-packages/airflow/example_dags/example_trigger_target_dag.py
[2022-12-31T21:11:27.887+0100] {processor.py:743} INFO - Processing file /Library/Frameworks/Python.framework/Versions/3.11/lib/python3.11/site-packages/airflow/example_dags/example_trigger_target_dag.py for tasks to queue
[2022-12-31T21:11:27.887+0100] {logging_mixin.py:137} INFO - [2022-12-31T21:11:27.887+0100] {dagbag.py:538} INFO - Filling up the DagBag from /Library/Frameworks/Python.framework/Versions/3.11/lib/python3.11/site-packages/airflow/example_dags/example_trigger_target_dag.py
[2022-12-31T21:11:27.936+0100] {processor.py:753} INFO - DAG(s) dict_keys(['example_trigger_target_dag']) retrieved from /Library/Frameworks/Python.framework/Versions/3.11/lib/python3.11/site-packages/airflow/example_dags/example_trigger_target_dag.py
[2022-12-31T21:11:28.471+0100] {logging_mixin.py:137} INFO - [2022-12-31T21:11:28.471+0100] {dag.py:2676} INFO - Sync 1 DAGs
[2022-12-31T21:11:28.481+0100] {logging_mixin.py:137} INFO - [2022-12-31T21:11:28.481+0100] {dag.py:3423} INFO - Setting next_dagrun for example_trigger_target_dag to None, run_after=None
[2022-12-31T21:11:28.489+0100] {processor.py:175} INFO - Processing /Library/Frameworks/Python.framework/Versions/3.11/lib/python3.11/site-packages/airflow/example_dags/example_trigger_target_dag.py took 0.608 seconds
[2022-12-31T21:12:29.221+0100] {processor.py:153} INFO - Started process (PID=95549) to work on /Library/Frameworks/Python.framework/Versions/3.11/lib/python3.11/site-packages/airflow/example_dags/example_trigger_target_dag.py
[2022-12-31T21:12:29.226+0100] {processor.py:743} INFO - Processing file /Library/Frameworks/Python.framework/Versions/3.11/lib/python3.11/site-packages/airflow/example_dags/example_trigger_target_dag.py for tasks to queue
[2022-12-31T21:12:29.226+0100] {logging_mixin.py:137} INFO - [2022-12-31T21:12:29.226+0100] {dagbag.py:538} INFO - Filling up the DagBag from /Library/Frameworks/Python.framework/Versions/3.11/lib/python3.11/site-packages/airflow/example_dags/example_trigger_target_dag.py
[2022-12-31T21:12:29.259+0100] {processor.py:753} INFO - DAG(s) dict_keys(['example_trigger_target_dag']) retrieved from /Library/Frameworks/Python.framework/Versions/3.11/lib/python3.11/site-packages/airflow/example_dags/example_trigger_target_dag.py
[2022-12-31T21:12:29.780+0100] {logging_mixin.py:137} INFO - [2022-12-31T21:12:29.780+0100] {dag.py:2676} INFO - Sync 1 DAGs
[2022-12-31T21:12:29.786+0100] {logging_mixin.py:137} INFO - [2022-12-31T21:12:29.786+0100] {dag.py:3423} INFO - Setting next_dagrun for example_trigger_target_dag to None, run_after=None
[2022-12-31T21:12:29.794+0100] {processor.py:175} INFO - Processing /Library/Frameworks/Python.framework/Versions/3.11/lib/python3.11/site-packages/airflow/example_dags/example_trigger_target_dag.py took 0.573 seconds
[2022-12-31T21:13:37.878+0100] {processor.py:153} INFO - Started process (PID=95702) to work on /Library/Frameworks/Python.framework/Versions/3.11/lib/python3.11/site-packages/airflow/example_dags/example_trigger_target_dag.py
[2022-12-31T21:13:37.888+0100] {processor.py:743} INFO - Processing file /Library/Frameworks/Python.framework/Versions/3.11/lib/python3.11/site-packages/airflow/example_dags/example_trigger_target_dag.py for tasks to queue
[2022-12-31T21:13:37.889+0100] {logging_mixin.py:137} INFO - [2022-12-31T21:13:37.889+0100] {dagbag.py:538} INFO - Filling up the DagBag from /Library/Frameworks/Python.framework/Versions/3.11/lib/python3.11/site-packages/airflow/example_dags/example_trigger_target_dag.py
[2022-12-31T21:13:37.952+0100] {processor.py:753} INFO - DAG(s) dict_keys(['example_trigger_target_dag']) retrieved from /Library/Frameworks/Python.framework/Versions/3.11/lib/python3.11/site-packages/airflow/example_dags/example_trigger_target_dag.py
[2022-12-31T21:13:38.452+0100] {logging_mixin.py:137} INFO - [2022-12-31T21:13:38.452+0100] {dag.py:2676} INFO - Sync 1 DAGs
[2022-12-31T21:13:38.458+0100] {logging_mixin.py:137} INFO - [2022-12-31T21:13:38.458+0100] {dag.py:3423} INFO - Setting next_dagrun for example_trigger_target_dag to None, run_after=None
[2022-12-31T21:13:38.465+0100] {processor.py:175} INFO - Processing /Library/Frameworks/Python.framework/Versions/3.11/lib/python3.11/site-packages/airflow/example_dags/example_trigger_target_dag.py took 0.595 seconds
[2022-12-31T21:14:39.754+0100] {processor.py:153} INFO - Started process (PID=95810) to work on /Library/Frameworks/Python.framework/Versions/3.11/lib/python3.11/site-packages/airflow/example_dags/example_trigger_target_dag.py
[2022-12-31T21:14:39.758+0100] {processor.py:743} INFO - Processing file /Library/Frameworks/Python.framework/Versions/3.11/lib/python3.11/site-packages/airflow/example_dags/example_trigger_target_dag.py for tasks to queue
[2022-12-31T21:14:39.759+0100] {logging_mixin.py:137} INFO - [2022-12-31T21:14:39.759+0100] {dagbag.py:538} INFO - Filling up the DagBag from /Library/Frameworks/Python.framework/Versions/3.11/lib/python3.11/site-packages/airflow/example_dags/example_trigger_target_dag.py
[2022-12-31T21:14:39.781+0100] {processor.py:753} INFO - DAG(s) dict_keys(['example_trigger_target_dag']) retrieved from /Library/Frameworks/Python.framework/Versions/3.11/lib/python3.11/site-packages/airflow/example_dags/example_trigger_target_dag.py
[2022-12-31T21:14:40.196+0100] {logging_mixin.py:137} INFO - [2022-12-31T21:14:40.196+0100] {dag.py:2676} INFO - Sync 1 DAGs
[2022-12-31T21:14:40.201+0100] {logging_mixin.py:137} INFO - [2022-12-31T21:14:40.201+0100] {dag.py:3423} INFO - Setting next_dagrun for example_trigger_target_dag to None, run_after=None
[2022-12-31T21:14:40.208+0100] {processor.py:175} INFO - Processing /Library/Frameworks/Python.framework/Versions/3.11/lib/python3.11/site-packages/airflow/example_dags/example_trigger_target_dag.py took 0.455 seconds
[2022-12-31T21:15:37.094+0100] {processor.py:153} INFO - Started process (PID=95976) to work on /Library/Frameworks/Python.framework/Versions/3.11/lib/python3.11/site-packages/airflow/example_dags/example_trigger_target_dag.py
[2022-12-31T21:15:37.096+0100] {processor.py:743} INFO - Processing file /Library/Frameworks/Python.framework/Versions/3.11/lib/python3.11/site-packages/airflow/example_dags/example_trigger_target_dag.py for tasks to queue
[2022-12-31T21:15:37.096+0100] {logging_mixin.py:137} INFO - [2022-12-31T21:15:37.096+0100] {dagbag.py:538} INFO - Filling up the DagBag from /Library/Frameworks/Python.framework/Versions/3.11/lib/python3.11/site-packages/airflow/example_dags/example_trigger_target_dag.py
[2022-12-31T21:15:37.128+0100] {processor.py:753} INFO - DAG(s) dict_keys(['example_trigger_target_dag']) retrieved from /Library/Frameworks/Python.framework/Versions/3.11/lib/python3.11/site-packages/airflow/example_dags/example_trigger_target_dag.py
[2022-12-31T21:15:37.549+0100] {logging_mixin.py:137} INFO - [2022-12-31T21:15:37.548+0100] {dag.py:2676} INFO - Sync 1 DAGs
[2022-12-31T21:15:37.554+0100] {logging_mixin.py:137} INFO - [2022-12-31T21:15:37.554+0100] {dag.py:3423} INFO - Setting next_dagrun for example_trigger_target_dag to None, run_after=None
[2022-12-31T21:15:37.561+0100] {processor.py:175} INFO - Processing /Library/Frameworks/Python.framework/Versions/3.11/lib/python3.11/site-packages/airflow/example_dags/example_trigger_target_dag.py took 0.467 seconds
[2022-12-31T21:16:31.548+0100] {processor.py:153} INFO - Started process (PID=96089) to work on /Library/Frameworks/Python.framework/Versions/3.11/lib/python3.11/site-packages/airflow/example_dags/example_trigger_target_dag.py
[2022-12-31T21:16:31.553+0100] {processor.py:743} INFO - Processing file /Library/Frameworks/Python.framework/Versions/3.11/lib/python3.11/site-packages/airflow/example_dags/example_trigger_target_dag.py for tasks to queue
[2022-12-31T21:16:31.553+0100] {logging_mixin.py:137} INFO - [2022-12-31T21:16:31.553+0100] {dagbag.py:538} INFO - Filling up the DagBag from /Library/Frameworks/Python.framework/Versions/3.11/lib/python3.11/site-packages/airflow/example_dags/example_trigger_target_dag.py
[2022-12-31T21:16:31.572+0100] {processor.py:753} INFO - DAG(s) dict_keys(['example_trigger_target_dag']) retrieved from /Library/Frameworks/Python.framework/Versions/3.11/lib/python3.11/site-packages/airflow/example_dags/example_trigger_target_dag.py
[2022-12-31T21:16:31.993+0100] {logging_mixin.py:137} INFO - [2022-12-31T21:16:31.993+0100] {dag.py:2676} INFO - Sync 1 DAGs
[2022-12-31T21:16:31.998+0100] {logging_mixin.py:137} INFO - [2022-12-31T21:16:31.998+0100] {dag.py:3423} INFO - Setting next_dagrun for example_trigger_target_dag to None, run_after=None
[2022-12-31T21:16:32.004+0100] {processor.py:175} INFO - Processing /Library/Frameworks/Python.framework/Versions/3.11/lib/python3.11/site-packages/airflow/example_dags/example_trigger_target_dag.py took 0.457 seconds
[2022-12-31T21:17:24.999+0100] {processor.py:153} INFO - Started process (PID=96170) to work on /Library/Frameworks/Python.framework/Versions/3.11/lib/python3.11/site-packages/airflow/example_dags/example_trigger_target_dag.py
[2022-12-31T21:17:25.004+0100] {processor.py:743} INFO - Processing file /Library/Frameworks/Python.framework/Versions/3.11/lib/python3.11/site-packages/airflow/example_dags/example_trigger_target_dag.py for tasks to queue
[2022-12-31T21:17:25.005+0100] {logging_mixin.py:137} INFO - [2022-12-31T21:17:25.004+0100] {dagbag.py:538} INFO - Filling up the DagBag from /Library/Frameworks/Python.framework/Versions/3.11/lib/python3.11/site-packages/airflow/example_dags/example_trigger_target_dag.py
[2022-12-31T21:17:25.024+0100] {processor.py:753} INFO - DAG(s) dict_keys(['example_trigger_target_dag']) retrieved from /Library/Frameworks/Python.framework/Versions/3.11/lib/python3.11/site-packages/airflow/example_dags/example_trigger_target_dag.py
[2022-12-31T21:17:25.431+0100] {logging_mixin.py:137} INFO - [2022-12-31T21:17:25.431+0100] {dag.py:2676} INFO - Sync 1 DAGs
[2022-12-31T21:17:25.436+0100] {logging_mixin.py:137} INFO - [2022-12-31T21:17:25.436+0100] {dag.py:3423} INFO - Setting next_dagrun for example_trigger_target_dag to None, run_after=None
[2022-12-31T21:17:25.442+0100] {processor.py:175} INFO - Processing /Library/Frameworks/Python.framework/Versions/3.11/lib/python3.11/site-packages/airflow/example_dags/example_trigger_target_dag.py took 0.444 seconds
[2022-12-31T21:18:18.230+0100] {processor.py:153} INFO - Started process (PID=96305) to work on /Library/Frameworks/Python.framework/Versions/3.11/lib/python3.11/site-packages/airflow/example_dags/example_trigger_target_dag.py
[2022-12-31T21:18:18.236+0100] {processor.py:743} INFO - Processing file /Library/Frameworks/Python.framework/Versions/3.11/lib/python3.11/site-packages/airflow/example_dags/example_trigger_target_dag.py for tasks to queue
[2022-12-31T21:18:18.236+0100] {logging_mixin.py:137} INFO - [2022-12-31T21:18:18.236+0100] {dagbag.py:538} INFO - Filling up the DagBag from /Library/Frameworks/Python.framework/Versions/3.11/lib/python3.11/site-packages/airflow/example_dags/example_trigger_target_dag.py
[2022-12-31T21:18:18.282+0100] {processor.py:753} INFO - DAG(s) dict_keys(['example_trigger_target_dag']) retrieved from /Library/Frameworks/Python.framework/Versions/3.11/lib/python3.11/site-packages/airflow/example_dags/example_trigger_target_dag.py
[2022-12-31T21:18:18.768+0100] {logging_mixin.py:137} INFO - [2022-12-31T21:18:18.768+0100] {dag.py:2676} INFO - Sync 1 DAGs
[2022-12-31T21:18:18.774+0100] {logging_mixin.py:137} INFO - [2022-12-31T21:18:18.774+0100] {dag.py:3423} INFO - Setting next_dagrun for example_trigger_target_dag to None, run_after=None
[2022-12-31T21:18:18.781+0100] {processor.py:175} INFO - Processing /Library/Frameworks/Python.framework/Versions/3.11/lib/python3.11/site-packages/airflow/example_dags/example_trigger_target_dag.py took 0.552 seconds
[2022-12-31T21:19:19.065+0100] {processor.py:153} INFO - Started process (PID=96460) to work on /Library/Frameworks/Python.framework/Versions/3.11/lib/python3.11/site-packages/airflow/example_dags/example_trigger_target_dag.py
[2022-12-31T21:19:19.071+0100] {processor.py:743} INFO - Processing file /Library/Frameworks/Python.framework/Versions/3.11/lib/python3.11/site-packages/airflow/example_dags/example_trigger_target_dag.py for tasks to queue
[2022-12-31T21:19:19.071+0100] {logging_mixin.py:137} INFO - [2022-12-31T21:19:19.071+0100] {dagbag.py:538} INFO - Filling up the DagBag from /Library/Frameworks/Python.framework/Versions/3.11/lib/python3.11/site-packages/airflow/example_dags/example_trigger_target_dag.py
[2022-12-31T21:19:19.091+0100] {processor.py:753} INFO - DAG(s) dict_keys(['example_trigger_target_dag']) retrieved from /Library/Frameworks/Python.framework/Versions/3.11/lib/python3.11/site-packages/airflow/example_dags/example_trigger_target_dag.py
[2022-12-31T21:19:19.504+0100] {logging_mixin.py:137} INFO - [2022-12-31T21:19:19.504+0100] {dag.py:2676} INFO - Sync 1 DAGs
[2022-12-31T21:19:19.509+0100] {logging_mixin.py:137} INFO - [2022-12-31T21:19:19.509+0100] {dag.py:3423} INFO - Setting next_dagrun for example_trigger_target_dag to None, run_after=None
[2022-12-31T21:19:19.516+0100] {processor.py:175} INFO - Processing /Library/Frameworks/Python.framework/Versions/3.11/lib/python3.11/site-packages/airflow/example_dags/example_trigger_target_dag.py took 0.451 seconds
[2022-12-31T21:20:17.253+0100] {processor.py:153} INFO - Started process (PID=96543) to work on /Library/Frameworks/Python.framework/Versions/3.11/lib/python3.11/site-packages/airflow/example_dags/example_trigger_target_dag.py
[2022-12-31T21:20:17.257+0100] {processor.py:743} INFO - Processing file /Library/Frameworks/Python.framework/Versions/3.11/lib/python3.11/site-packages/airflow/example_dags/example_trigger_target_dag.py for tasks to queue
[2022-12-31T21:20:17.258+0100] {logging_mixin.py:137} INFO - [2022-12-31T21:20:17.258+0100] {dagbag.py:538} INFO - Filling up the DagBag from /Library/Frameworks/Python.framework/Versions/3.11/lib/python3.11/site-packages/airflow/example_dags/example_trigger_target_dag.py
[2022-12-31T21:20:17.330+0100] {processor.py:753} INFO - DAG(s) dict_keys(['example_trigger_target_dag']) retrieved from /Library/Frameworks/Python.framework/Versions/3.11/lib/python3.11/site-packages/airflow/example_dags/example_trigger_target_dag.py
[2022-12-31T21:20:17.959+0100] {logging_mixin.py:137} INFO - [2022-12-31T21:20:17.958+0100] {dag.py:2676} INFO - Sync 1 DAGs
[2022-12-31T21:20:17.965+0100] {logging_mixin.py:137} INFO - [2022-12-31T21:20:17.964+0100] {dag.py:3423} INFO - Setting next_dagrun for example_trigger_target_dag to None, run_after=None
[2022-12-31T21:20:17.971+0100] {processor.py:175} INFO - Processing /Library/Frameworks/Python.framework/Versions/3.11/lib/python3.11/site-packages/airflow/example_dags/example_trigger_target_dag.py took 0.724 seconds
[2022-12-31T21:21:15.698+0100] {processor.py:153} INFO - Started process (PID=96649) to work on /Library/Frameworks/Python.framework/Versions/3.11/lib/python3.11/site-packages/airflow/example_dags/example_trigger_target_dag.py
[2022-12-31T21:21:15.706+0100] {processor.py:743} INFO - Processing file /Library/Frameworks/Python.framework/Versions/3.11/lib/python3.11/site-packages/airflow/example_dags/example_trigger_target_dag.py for tasks to queue
[2022-12-31T21:21:15.706+0100] {logging_mixin.py:137} INFO - [2022-12-31T21:21:15.706+0100] {dagbag.py:538} INFO - Filling up the DagBag from /Library/Frameworks/Python.framework/Versions/3.11/lib/python3.11/site-packages/airflow/example_dags/example_trigger_target_dag.py
[2022-12-31T21:21:15.743+0100] {processor.py:753} INFO - DAG(s) dict_keys(['example_trigger_target_dag']) retrieved from /Library/Frameworks/Python.framework/Versions/3.11/lib/python3.11/site-packages/airflow/example_dags/example_trigger_target_dag.py
[2022-12-31T21:21:16.244+0100] {logging_mixin.py:137} INFO - [2022-12-31T21:21:16.244+0100] {dag.py:2676} INFO - Sync 1 DAGs
[2022-12-31T21:21:16.268+0100] {logging_mixin.py:137} INFO - [2022-12-31T21:21:16.268+0100] {dag.py:3423} INFO - Setting next_dagrun for example_trigger_target_dag to None, run_after=None
[2022-12-31T21:21:16.277+0100] {processor.py:175} INFO - Processing /Library/Frameworks/Python.framework/Versions/3.11/lib/python3.11/site-packages/airflow/example_dags/example_trigger_target_dag.py took 0.600 seconds
[2022-12-31T21:22:14.632+0100] {processor.py:153} INFO - Started process (PID=96747) to work on /Library/Frameworks/Python.framework/Versions/3.11/lib/python3.11/site-packages/airflow/example_dags/example_trigger_target_dag.py
[2022-12-31T21:22:14.651+0100] {processor.py:743} INFO - Processing file /Library/Frameworks/Python.framework/Versions/3.11/lib/python3.11/site-packages/airflow/example_dags/example_trigger_target_dag.py for tasks to queue
[2022-12-31T21:22:14.652+0100] {logging_mixin.py:137} INFO - [2022-12-31T21:22:14.652+0100] {dagbag.py:538} INFO - Filling up the DagBag from /Library/Frameworks/Python.framework/Versions/3.11/lib/python3.11/site-packages/airflow/example_dags/example_trigger_target_dag.py
[2022-12-31T21:22:14.672+0100] {processor.py:753} INFO - DAG(s) dict_keys(['example_trigger_target_dag']) retrieved from /Library/Frameworks/Python.framework/Versions/3.11/lib/python3.11/site-packages/airflow/example_dags/example_trigger_target_dag.py
[2022-12-31T21:22:15.099+0100] {logging_mixin.py:137} INFO - [2022-12-31T21:22:15.099+0100] {dag.py:2676} INFO - Sync 1 DAGs
[2022-12-31T21:22:15.105+0100] {logging_mixin.py:137} INFO - [2022-12-31T21:22:15.105+0100] {dag.py:3423} INFO - Setting next_dagrun for example_trigger_target_dag to None, run_after=None
[2022-12-31T21:22:15.115+0100] {processor.py:175} INFO - Processing /Library/Frameworks/Python.framework/Versions/3.11/lib/python3.11/site-packages/airflow/example_dags/example_trigger_target_dag.py took 0.484 seconds
[2022-12-31T21:23:11.806+0100] {processor.py:153} INFO - Started process (PID=96822) to work on /Library/Frameworks/Python.framework/Versions/3.11/lib/python3.11/site-packages/airflow/example_dags/example_trigger_target_dag.py
[2022-12-31T21:23:11.828+0100] {processor.py:743} INFO - Processing file /Library/Frameworks/Python.framework/Versions/3.11/lib/python3.11/site-packages/airflow/example_dags/example_trigger_target_dag.py for tasks to queue
[2022-12-31T21:23:11.828+0100] {logging_mixin.py:137} INFO - [2022-12-31T21:23:11.828+0100] {dagbag.py:538} INFO - Filling up the DagBag from /Library/Frameworks/Python.framework/Versions/3.11/lib/python3.11/site-packages/airflow/example_dags/example_trigger_target_dag.py
[2022-12-31T21:23:11.854+0100] {processor.py:753} INFO - DAG(s) dict_keys(['example_trigger_target_dag']) retrieved from /Library/Frameworks/Python.framework/Versions/3.11/lib/python3.11/site-packages/airflow/example_dags/example_trigger_target_dag.py
[2022-12-31T21:23:12.690+0100] {logging_mixin.py:137} INFO - [2022-12-31T21:23:12.689+0100] {dag.py:2676} INFO - Sync 1 DAGs
[2022-12-31T21:23:12.698+0100] {logging_mixin.py:137} INFO - [2022-12-31T21:23:12.698+0100] {dag.py:3423} INFO - Setting next_dagrun for example_trigger_target_dag to None, run_after=None
[2022-12-31T21:23:12.707+0100] {processor.py:175} INFO - Processing /Library/Frameworks/Python.framework/Versions/3.11/lib/python3.11/site-packages/airflow/example_dags/example_trigger_target_dag.py took 0.902 seconds
[2022-12-31T21:24:12.934+0100] {processor.py:153} INFO - Started process (PID=96946) to work on /Library/Frameworks/Python.framework/Versions/3.11/lib/python3.11/site-packages/airflow/example_dags/example_trigger_target_dag.py
[2022-12-31T21:24:12.940+0100] {processor.py:743} INFO - Processing file /Library/Frameworks/Python.framework/Versions/3.11/lib/python3.11/site-packages/airflow/example_dags/example_trigger_target_dag.py for tasks to queue
[2022-12-31T21:24:12.941+0100] {logging_mixin.py:137} INFO - [2022-12-31T21:24:12.940+0100] {dagbag.py:538} INFO - Filling up the DagBag from /Library/Frameworks/Python.framework/Versions/3.11/lib/python3.11/site-packages/airflow/example_dags/example_trigger_target_dag.py
[2022-12-31T21:24:12.966+0100] {processor.py:753} INFO - DAG(s) dict_keys(['example_trigger_target_dag']) retrieved from /Library/Frameworks/Python.framework/Versions/3.11/lib/python3.11/site-packages/airflow/example_dags/example_trigger_target_dag.py
[2022-12-31T21:24:13.388+0100] {logging_mixin.py:137} INFO - [2022-12-31T21:24:13.388+0100] {dag.py:2676} INFO - Sync 1 DAGs
[2022-12-31T21:24:13.393+0100] {logging_mixin.py:137} INFO - [2022-12-31T21:24:13.393+0100] {dag.py:3423} INFO - Setting next_dagrun for example_trigger_target_dag to None, run_after=None
[2022-12-31T21:24:13.399+0100] {processor.py:175} INFO - Processing /Library/Frameworks/Python.framework/Versions/3.11/lib/python3.11/site-packages/airflow/example_dags/example_trigger_target_dag.py took 0.466 seconds
[2022-12-31T21:25:08.878+0100] {processor.py:153} INFO - Started process (PID=97031) to work on /Library/Frameworks/Python.framework/Versions/3.11/lib/python3.11/site-packages/airflow/example_dags/example_trigger_target_dag.py
[2022-12-31T21:25:08.888+0100] {processor.py:743} INFO - Processing file /Library/Frameworks/Python.framework/Versions/3.11/lib/python3.11/site-packages/airflow/example_dags/example_trigger_target_dag.py for tasks to queue
[2022-12-31T21:25:08.889+0100] {logging_mixin.py:137} INFO - [2022-12-31T21:25:08.889+0100] {dagbag.py:538} INFO - Filling up the DagBag from /Library/Frameworks/Python.framework/Versions/3.11/lib/python3.11/site-packages/airflow/example_dags/example_trigger_target_dag.py
[2022-12-31T21:25:08.912+0100] {processor.py:753} INFO - DAG(s) dict_keys(['example_trigger_target_dag']) retrieved from /Library/Frameworks/Python.framework/Versions/3.11/lib/python3.11/site-packages/airflow/example_dags/example_trigger_target_dag.py
[2022-12-31T21:25:09.340+0100] {logging_mixin.py:137} INFO - [2022-12-31T21:25:09.340+0100] {dag.py:2676} INFO - Sync 1 DAGs
[2022-12-31T21:25:09.346+0100] {logging_mixin.py:137} INFO - [2022-12-31T21:25:09.346+0100] {dag.py:3423} INFO - Setting next_dagrun for example_trigger_target_dag to None, run_after=None
[2022-12-31T21:25:09.352+0100] {processor.py:175} INFO - Processing /Library/Frameworks/Python.framework/Versions/3.11/lib/python3.11/site-packages/airflow/example_dags/example_trigger_target_dag.py took 0.474 seconds
[2022-12-31T21:26:05.281+0100] {processor.py:153} INFO - Started process (PID=97154) to work on /Library/Frameworks/Python.framework/Versions/3.11/lib/python3.11/site-packages/airflow/example_dags/example_trigger_target_dag.py
[2022-12-31T21:26:05.286+0100] {processor.py:743} INFO - Processing file /Library/Frameworks/Python.framework/Versions/3.11/lib/python3.11/site-packages/airflow/example_dags/example_trigger_target_dag.py for tasks to queue
[2022-12-31T21:26:05.286+0100] {logging_mixin.py:137} INFO - [2022-12-31T21:26:05.286+0100] {dagbag.py:538} INFO - Filling up the DagBag from /Library/Frameworks/Python.framework/Versions/3.11/lib/python3.11/site-packages/airflow/example_dags/example_trigger_target_dag.py
[2022-12-31T21:26:05.311+0100] {processor.py:753} INFO - DAG(s) dict_keys(['example_trigger_target_dag']) retrieved from /Library/Frameworks/Python.framework/Versions/3.11/lib/python3.11/site-packages/airflow/example_dags/example_trigger_target_dag.py
[2022-12-31T21:26:05.720+0100] {logging_mixin.py:137} INFO - [2022-12-31T21:26:05.720+0100] {dag.py:2676} INFO - Sync 1 DAGs
[2022-12-31T21:26:05.726+0100] {logging_mixin.py:137} INFO - [2022-12-31T21:26:05.726+0100] {dag.py:3423} INFO - Setting next_dagrun for example_trigger_target_dag to None, run_after=None
[2022-12-31T21:26:05.731+0100] {processor.py:175} INFO - Processing /Library/Frameworks/Python.framework/Versions/3.11/lib/python3.11/site-packages/airflow/example_dags/example_trigger_target_dag.py took 0.451 seconds
[2022-12-31T21:27:03.482+0100] {processor.py:153} INFO - Started process (PID=97283) to work on /Library/Frameworks/Python.framework/Versions/3.11/lib/python3.11/site-packages/airflow/example_dags/example_trigger_target_dag.py
[2022-12-31T21:27:03.492+0100] {processor.py:743} INFO - Processing file /Library/Frameworks/Python.framework/Versions/3.11/lib/python3.11/site-packages/airflow/example_dags/example_trigger_target_dag.py for tasks to queue
[2022-12-31T21:27:03.492+0100] {logging_mixin.py:137} INFO - [2022-12-31T21:27:03.492+0100] {dagbag.py:538} INFO - Filling up the DagBag from /Library/Frameworks/Python.framework/Versions/3.11/lib/python3.11/site-packages/airflow/example_dags/example_trigger_target_dag.py
[2022-12-31T21:27:03.512+0100] {processor.py:753} INFO - DAG(s) dict_keys(['example_trigger_target_dag']) retrieved from /Library/Frameworks/Python.framework/Versions/3.11/lib/python3.11/site-packages/airflow/example_dags/example_trigger_target_dag.py
[2022-12-31T21:27:03.932+0100] {logging_mixin.py:137} INFO - [2022-12-31T21:27:03.932+0100] {dag.py:2676} INFO - Sync 1 DAGs
[2022-12-31T21:27:03.937+0100] {logging_mixin.py:137} INFO - [2022-12-31T21:27:03.937+0100] {dag.py:3423} INFO - Setting next_dagrun for example_trigger_target_dag to None, run_after=None
[2022-12-31T21:27:03.944+0100] {processor.py:175} INFO - Processing /Library/Frameworks/Python.framework/Versions/3.11/lib/python3.11/site-packages/airflow/example_dags/example_trigger_target_dag.py took 0.463 seconds
[2022-12-31T21:28:01.022+0100] {processor.py:153} INFO - Started process (PID=97379) to work on /Library/Frameworks/Python.framework/Versions/3.11/lib/python3.11/site-packages/airflow/example_dags/example_trigger_target_dag.py
[2022-12-31T21:28:01.028+0100] {processor.py:743} INFO - Processing file /Library/Frameworks/Python.framework/Versions/3.11/lib/python3.11/site-packages/airflow/example_dags/example_trigger_target_dag.py for tasks to queue
[2022-12-31T21:28:01.029+0100] {logging_mixin.py:137} INFO - [2022-12-31T21:28:01.029+0100] {dagbag.py:538} INFO - Filling up the DagBag from /Library/Frameworks/Python.framework/Versions/3.11/lib/python3.11/site-packages/airflow/example_dags/example_trigger_target_dag.py
[2022-12-31T21:28:01.067+0100] {processor.py:753} INFO - DAG(s) dict_keys(['example_trigger_target_dag']) retrieved from /Library/Frameworks/Python.framework/Versions/3.11/lib/python3.11/site-packages/airflow/example_dags/example_trigger_target_dag.py
[2022-12-31T21:28:01.492+0100] {logging_mixin.py:137} INFO - [2022-12-31T21:28:01.492+0100] {dag.py:2676} INFO - Sync 1 DAGs
[2022-12-31T21:28:01.498+0100] {logging_mixin.py:137} INFO - [2022-12-31T21:28:01.498+0100] {dag.py:3423} INFO - Setting next_dagrun for example_trigger_target_dag to None, run_after=None
[2022-12-31T21:28:01.505+0100] {processor.py:175} INFO - Processing /Library/Frameworks/Python.framework/Versions/3.11/lib/python3.11/site-packages/airflow/example_dags/example_trigger_target_dag.py took 0.484 seconds
