[2022-12-31T20:29:45.582+0100] {processor.py:153} INFO - Started process (PID=90220) to work on /Library/Frameworks/Python.framework/Versions/3.11/lib/python3.11/site-packages/airflow/example_dags/example_external_task_marker_dag.py
[2022-12-31T20:29:45.584+0100] {processor.py:743} INFO - Processing file /Library/Frameworks/Python.framework/Versions/3.11/lib/python3.11/site-packages/airflow/example_dags/example_external_task_marker_dag.py for tasks to queue
[2022-12-31T20:29:45.584+0100] {logging_mixin.py:137} INFO - [2022-12-31T20:29:45.584+0100] {dagbag.py:538} INFO - Filling up the DagBag from /Library/Frameworks/Python.framework/Versions/3.11/lib/python3.11/site-packages/airflow/example_dags/example_external_task_marker_dag.py
[2022-12-31T20:29:45.595+0100] {processor.py:753} INFO - DAG(s) dict_keys(['example_external_task_marker_parent', 'example_external_task_marker_child']) retrieved from /Library/Frameworks/Python.framework/Versions/3.11/lib/python3.11/site-packages/airflow/example_dags/example_external_task_marker_dag.py
[2022-12-31T20:29:46.045+0100] {logging_mixin.py:137} INFO - [2022-12-31T20:29:46.045+0100] {manager.py:504} INFO - Created Permission View: can edit on DAG:example_external_task_marker_parent
[2022-12-31T20:29:46.048+0100] {logging_mixin.py:137} INFO - [2022-12-31T20:29:46.048+0100] {manager.py:504} INFO - Created Permission View: can delete on DAG:example_external_task_marker_parent
[2022-12-31T20:29:46.050+0100] {logging_mixin.py:137} INFO - [2022-12-31T20:29:46.050+0100] {manager.py:504} INFO - Created Permission View: can read on DAG:example_external_task_marker_parent
[2022-12-31T20:29:47.170+0100] {logging_mixin.py:137} INFO - [2022-12-31T20:29:47.170+0100] {manager.py:504} INFO - Created Permission View: can edit on DAG:example_external_task_marker_child
[2022-12-31T20:29:47.172+0100] {logging_mixin.py:137} INFO - [2022-12-31T20:29:47.172+0100] {manager.py:504} INFO - Created Permission View: can delete on DAG:example_external_task_marker_child
[2022-12-31T20:29:47.173+0100] {logging_mixin.py:137} INFO - [2022-12-31T20:29:47.173+0100] {manager.py:504} INFO - Created Permission View: can read on DAG:example_external_task_marker_child
[2022-12-31T20:29:47.173+0100] {logging_mixin.py:137} INFO - [2022-12-31T20:29:47.173+0100] {dag.py:2676} INFO - Sync 2 DAGs
[2022-12-31T20:29:47.177+0100] {logging_mixin.py:137} INFO - [2022-12-31T20:29:47.177+0100] {dag.py:2697} INFO - Creating ORM DAG for example_external_task_marker_child
[2022-12-31T20:29:47.177+0100] {logging_mixin.py:137} INFO - [2022-12-31T20:29:47.177+0100] {dag.py:2697} INFO - Creating ORM DAG for example_external_task_marker_parent
[2022-12-31T20:29:47.179+0100] {logging_mixin.py:137} INFO - [2022-12-31T20:29:47.179+0100] {dag.py:3423} INFO - Setting next_dagrun for example_external_task_marker_child to None, run_after=None
[2022-12-31T20:29:47.180+0100] {logging_mixin.py:137} INFO - [2022-12-31T20:29:47.180+0100] {dag.py:3423} INFO - Setting next_dagrun for example_external_task_marker_parent to None, run_after=None
[2022-12-31T20:29:47.187+0100] {processor.py:175} INFO - Processing /Library/Frameworks/Python.framework/Versions/3.11/lib/python3.11/site-packages/airflow/example_dags/example_external_task_marker_dag.py took 1.605 seconds
[2022-12-31T20:31:37.412+0100] {processor.py:153} INFO - Started process (PID=90442) to work on /Library/Frameworks/Python.framework/Versions/3.11/lib/python3.11/site-packages/airflow/example_dags/example_external_task_marker_dag.py
[2022-12-31T20:31:37.417+0100] {processor.py:743} INFO - Processing file /Library/Frameworks/Python.framework/Versions/3.11/lib/python3.11/site-packages/airflow/example_dags/example_external_task_marker_dag.py for tasks to queue
[2022-12-31T20:31:37.418+0100] {logging_mixin.py:137} INFO - [2022-12-31T20:31:37.418+0100] {dagbag.py:538} INFO - Filling up the DagBag from /Library/Frameworks/Python.framework/Versions/3.11/lib/python3.11/site-packages/airflow/example_dags/example_external_task_marker_dag.py
[2022-12-31T20:31:37.429+0100] {processor.py:753} INFO - DAG(s) dict_keys(['example_external_task_marker_parent', 'example_external_task_marker_child']) retrieved from /Library/Frameworks/Python.framework/Versions/3.11/lib/python3.11/site-packages/airflow/example_dags/example_external_task_marker_dag.py
[2022-12-31T20:31:38.935+0100] {logging_mixin.py:137} INFO - [2022-12-31T20:31:38.935+0100] {dag.py:2676} INFO - Sync 2 DAGs
[2022-12-31T20:31:38.941+0100] {logging_mixin.py:137} INFO - [2022-12-31T20:31:38.941+0100] {dag.py:3423} INFO - Setting next_dagrun for example_external_task_marker_child to None, run_after=None
[2022-12-31T20:31:38.942+0100] {logging_mixin.py:137} INFO - [2022-12-31T20:31:38.942+0100] {dag.py:3423} INFO - Setting next_dagrun for example_external_task_marker_parent to None, run_after=None
[2022-12-31T20:31:38.949+0100] {processor.py:175} INFO - Processing /Library/Frameworks/Python.framework/Versions/3.11/lib/python3.11/site-packages/airflow/example_dags/example_external_task_marker_dag.py took 1.538 seconds
[2022-12-31T20:33:21.223+0100] {processor.py:153} INFO - Started process (PID=90586) to work on /Library/Frameworks/Python.framework/Versions/3.11/lib/python3.11/site-packages/airflow/example_dags/example_external_task_marker_dag.py
[2022-12-31T20:33:21.225+0100] {processor.py:743} INFO - Processing file /Library/Frameworks/Python.framework/Versions/3.11/lib/python3.11/site-packages/airflow/example_dags/example_external_task_marker_dag.py for tasks to queue
[2022-12-31T20:33:21.225+0100] {logging_mixin.py:137} INFO - [2022-12-31T20:33:21.225+0100] {dagbag.py:538} INFO - Filling up the DagBag from /Library/Frameworks/Python.framework/Versions/3.11/lib/python3.11/site-packages/airflow/example_dags/example_external_task_marker_dag.py
[2022-12-31T20:33:21.237+0100] {processor.py:753} INFO - DAG(s) dict_keys(['example_external_task_marker_parent', 'example_external_task_marker_child']) retrieved from /Library/Frameworks/Python.framework/Versions/3.11/lib/python3.11/site-packages/airflow/example_dags/example_external_task_marker_dag.py
[2022-12-31T20:33:22.793+0100] {logging_mixin.py:137} INFO - [2022-12-31T20:33:22.793+0100] {dag.py:2676} INFO - Sync 2 DAGs
[2022-12-31T20:33:22.798+0100] {logging_mixin.py:137} INFO - [2022-12-31T20:33:22.798+0100] {dag.py:3423} INFO - Setting next_dagrun for example_external_task_marker_child to None, run_after=None
[2022-12-31T20:33:22.800+0100] {logging_mixin.py:137} INFO - [2022-12-31T20:33:22.799+0100] {dag.py:3423} INFO - Setting next_dagrun for example_external_task_marker_parent to None, run_after=None
[2022-12-31T20:33:22.806+0100] {processor.py:175} INFO - Processing /Library/Frameworks/Python.framework/Versions/3.11/lib/python3.11/site-packages/airflow/example_dags/example_external_task_marker_dag.py took 1.583 seconds
[2022-12-31T20:35:06.951+0100] {processor.py:153} INFO - Started process (PID=90745) to work on /Library/Frameworks/Python.framework/Versions/3.11/lib/python3.11/site-packages/airflow/example_dags/example_external_task_marker_dag.py
[2022-12-31T20:35:06.959+0100] {processor.py:743} INFO - Processing file /Library/Frameworks/Python.framework/Versions/3.11/lib/python3.11/site-packages/airflow/example_dags/example_external_task_marker_dag.py for tasks to queue
[2022-12-31T20:35:06.959+0100] {logging_mixin.py:137} INFO - [2022-12-31T20:35:06.959+0100] {dagbag.py:538} INFO - Filling up the DagBag from /Library/Frameworks/Python.framework/Versions/3.11/lib/python3.11/site-packages/airflow/example_dags/example_external_task_marker_dag.py
[2022-12-31T20:35:06.997+0100] {processor.py:753} INFO - DAG(s) dict_keys(['example_external_task_marker_parent', 'example_external_task_marker_child']) retrieved from /Library/Frameworks/Python.framework/Versions/3.11/lib/python3.11/site-packages/airflow/example_dags/example_external_task_marker_dag.py
[2022-12-31T20:35:08.640+0100] {logging_mixin.py:137} INFO - [2022-12-31T20:35:08.640+0100] {dag.py:2676} INFO - Sync 2 DAGs
[2022-12-31T20:35:08.646+0100] {logging_mixin.py:137} INFO - [2022-12-31T20:35:08.646+0100] {dag.py:3423} INFO - Setting next_dagrun for example_external_task_marker_child to None, run_after=None
[2022-12-31T20:35:08.647+0100] {logging_mixin.py:137} INFO - [2022-12-31T20:35:08.647+0100] {dag.py:3423} INFO - Setting next_dagrun for example_external_task_marker_parent to None, run_after=None
[2022-12-31T20:35:08.654+0100] {processor.py:175} INFO - Processing /Library/Frameworks/Python.framework/Versions/3.11/lib/python3.11/site-packages/airflow/example_dags/example_external_task_marker_dag.py took 1.704 seconds
[2022-12-31T20:36:18.928+0100] {processor.py:153} INFO - Started process (PID=90839) to work on /Library/Frameworks/Python.framework/Versions/3.11/lib/python3.11/site-packages/airflow/example_dags/example_external_task_marker_dag.py
[2022-12-31T20:36:18.935+0100] {processor.py:743} INFO - Processing file /Library/Frameworks/Python.framework/Versions/3.11/lib/python3.11/site-packages/airflow/example_dags/example_external_task_marker_dag.py for tasks to queue
[2022-12-31T20:36:18.935+0100] {logging_mixin.py:137} INFO - [2022-12-31T20:36:18.935+0100] {dagbag.py:538} INFO - Filling up the DagBag from /Library/Frameworks/Python.framework/Versions/3.11/lib/python3.11/site-packages/airflow/example_dags/example_external_task_marker_dag.py
[2022-12-31T20:36:18.946+0100] {processor.py:753} INFO - DAG(s) dict_keys(['example_external_task_marker_child', 'example_external_task_marker_parent']) retrieved from /Library/Frameworks/Python.framework/Versions/3.11/lib/python3.11/site-packages/airflow/example_dags/example_external_task_marker_dag.py
[2022-12-31T20:36:20.544+0100] {logging_mixin.py:137} INFO - [2022-12-31T20:36:20.544+0100] {dag.py:2676} INFO - Sync 2 DAGs
[2022-12-31T20:36:20.549+0100] {logging_mixin.py:137} INFO - [2022-12-31T20:36:20.549+0100] {dag.py:3423} INFO - Setting next_dagrun for example_external_task_marker_child to None, run_after=None
[2022-12-31T20:36:20.550+0100] {logging_mixin.py:137} INFO - [2022-12-31T20:36:20.550+0100] {dag.py:3423} INFO - Setting next_dagrun for example_external_task_marker_parent to None, run_after=None
[2022-12-31T20:36:20.557+0100] {processor.py:175} INFO - Processing /Library/Frameworks/Python.framework/Versions/3.11/lib/python3.11/site-packages/airflow/example_dags/example_external_task_marker_dag.py took 1.630 seconds
[2022-12-31T20:38:01.841+0100] {processor.py:153} INFO - Started process (PID=90990) to work on /Library/Frameworks/Python.framework/Versions/3.11/lib/python3.11/site-packages/airflow/example_dags/example_external_task_marker_dag.py
[2022-12-31T20:38:01.848+0100] {processor.py:743} INFO - Processing file /Library/Frameworks/Python.framework/Versions/3.11/lib/python3.11/site-packages/airflow/example_dags/example_external_task_marker_dag.py for tasks to queue
[2022-12-31T20:38:01.848+0100] {logging_mixin.py:137} INFO - [2022-12-31T20:38:01.848+0100] {dagbag.py:538} INFO - Filling up the DagBag from /Library/Frameworks/Python.framework/Versions/3.11/lib/python3.11/site-packages/airflow/example_dags/example_external_task_marker_dag.py
[2022-12-31T20:38:01.859+0100] {processor.py:753} INFO - DAG(s) dict_keys(['example_external_task_marker_child', 'example_external_task_marker_parent']) retrieved from /Library/Frameworks/Python.framework/Versions/3.11/lib/python3.11/site-packages/airflow/example_dags/example_external_task_marker_dag.py
[2022-12-31T20:38:03.391+0100] {logging_mixin.py:137} INFO - [2022-12-31T20:38:03.391+0100] {dag.py:2676} INFO - Sync 2 DAGs
[2022-12-31T20:38:03.396+0100] {logging_mixin.py:137} INFO - [2022-12-31T20:38:03.396+0100] {dag.py:3423} INFO - Setting next_dagrun for example_external_task_marker_child to None, run_after=None
[2022-12-31T20:38:03.397+0100] {logging_mixin.py:137} INFO - [2022-12-31T20:38:03.397+0100] {dag.py:3423} INFO - Setting next_dagrun for example_external_task_marker_parent to None, run_after=None
[2022-12-31T20:38:03.404+0100] {processor.py:175} INFO - Processing /Library/Frameworks/Python.framework/Versions/3.11/lib/python3.11/site-packages/airflow/example_dags/example_external_task_marker_dag.py took 1.564 seconds
[2022-12-31T20:39:45.615+0100] {processor.py:153} INFO - Started process (PID=91168) to work on /Library/Frameworks/Python.framework/Versions/3.11/lib/python3.11/site-packages/airflow/example_dags/example_external_task_marker_dag.py
[2022-12-31T20:39:45.620+0100] {processor.py:743} INFO - Processing file /Library/Frameworks/Python.framework/Versions/3.11/lib/python3.11/site-packages/airflow/example_dags/example_external_task_marker_dag.py for tasks to queue
[2022-12-31T20:39:45.620+0100] {logging_mixin.py:137} INFO - [2022-12-31T20:39:45.620+0100] {dagbag.py:538} INFO - Filling up the DagBag from /Library/Frameworks/Python.framework/Versions/3.11/lib/python3.11/site-packages/airflow/example_dags/example_external_task_marker_dag.py
[2022-12-31T20:39:45.631+0100] {processor.py:753} INFO - DAG(s) dict_keys(['example_external_task_marker_parent', 'example_external_task_marker_child']) retrieved from /Library/Frameworks/Python.framework/Versions/3.11/lib/python3.11/site-packages/airflow/example_dags/example_external_task_marker_dag.py
[2022-12-31T20:39:47.865+0100] {logging_mixin.py:137} INFO - [2022-12-31T20:39:47.864+0100] {dag.py:2676} INFO - Sync 2 DAGs
[2022-12-31T20:39:47.870+0100] {logging_mixin.py:137} INFO - [2022-12-31T20:39:47.869+0100] {dag.py:3423} INFO - Setting next_dagrun for example_external_task_marker_child to None, run_after=None
[2022-12-31T20:39:47.870+0100] {logging_mixin.py:137} INFO - [2022-12-31T20:39:47.870+0100] {dag.py:3423} INFO - Setting next_dagrun for example_external_task_marker_parent to None, run_after=None
[2022-12-31T20:39:47.877+0100] {processor.py:175} INFO - Processing /Library/Frameworks/Python.framework/Versions/3.11/lib/python3.11/site-packages/airflow/example_dags/example_external_task_marker_dag.py took 2.263 seconds
[2022-12-31T20:41:33.874+0100] {processor.py:153} INFO - Started process (PID=91332) to work on /Library/Frameworks/Python.framework/Versions/3.11/lib/python3.11/site-packages/airflow/example_dags/example_external_task_marker_dag.py
[2022-12-31T20:41:33.881+0100] {processor.py:743} INFO - Processing file /Library/Frameworks/Python.framework/Versions/3.11/lib/python3.11/site-packages/airflow/example_dags/example_external_task_marker_dag.py for tasks to queue
[2022-12-31T20:41:33.881+0100] {logging_mixin.py:137} INFO - [2022-12-31T20:41:33.881+0100] {dagbag.py:538} INFO - Filling up the DagBag from /Library/Frameworks/Python.framework/Versions/3.11/lib/python3.11/site-packages/airflow/example_dags/example_external_task_marker_dag.py
[2022-12-31T20:41:33.891+0100] {processor.py:753} INFO - DAG(s) dict_keys(['example_external_task_marker_child', 'example_external_task_marker_parent']) retrieved from /Library/Frameworks/Python.framework/Versions/3.11/lib/python3.11/site-packages/airflow/example_dags/example_external_task_marker_dag.py
[2022-12-31T20:41:35.258+0100] {logging_mixin.py:137} INFO - [2022-12-31T20:41:35.258+0100] {dag.py:2676} INFO - Sync 2 DAGs
[2022-12-31T20:41:35.264+0100] {logging_mixin.py:137} INFO - [2022-12-31T20:41:35.264+0100] {dag.py:3423} INFO - Setting next_dagrun for example_external_task_marker_child to None, run_after=None
[2022-12-31T20:41:35.265+0100] {logging_mixin.py:137} INFO - [2022-12-31T20:41:35.265+0100] {dag.py:3423} INFO - Setting next_dagrun for example_external_task_marker_parent to None, run_after=None
[2022-12-31T20:41:35.271+0100] {processor.py:175} INFO - Processing /Library/Frameworks/Python.framework/Versions/3.11/lib/python3.11/site-packages/airflow/example_dags/example_external_task_marker_dag.py took 1.398 seconds
[2022-12-31T20:43:18.293+0100] {processor.py:153} INFO - Started process (PID=91516) to work on /Library/Frameworks/Python.framework/Versions/3.11/lib/python3.11/site-packages/airflow/example_dags/example_external_task_marker_dag.py
[2022-12-31T20:43:18.299+0100] {processor.py:743} INFO - Processing file /Library/Frameworks/Python.framework/Versions/3.11/lib/python3.11/site-packages/airflow/example_dags/example_external_task_marker_dag.py for tasks to queue
[2022-12-31T20:43:18.300+0100] {logging_mixin.py:137} INFO - [2022-12-31T20:43:18.300+0100] {dagbag.py:538} INFO - Filling up the DagBag from /Library/Frameworks/Python.framework/Versions/3.11/lib/python3.11/site-packages/airflow/example_dags/example_external_task_marker_dag.py
[2022-12-31T20:43:18.316+0100] {processor.py:753} INFO - DAG(s) dict_keys(['example_external_task_marker_parent', 'example_external_task_marker_child']) retrieved from /Library/Frameworks/Python.framework/Versions/3.11/lib/python3.11/site-packages/airflow/example_dags/example_external_task_marker_dag.py
[2022-12-31T20:43:19.821+0100] {logging_mixin.py:137} INFO - [2022-12-31T20:43:19.821+0100] {dag.py:2676} INFO - Sync 2 DAGs
[2022-12-31T20:43:19.827+0100] {logging_mixin.py:137} INFO - [2022-12-31T20:43:19.827+0100] {dag.py:3423} INFO - Setting next_dagrun for example_external_task_marker_child to None, run_after=None
[2022-12-31T20:43:19.828+0100] {logging_mixin.py:137} INFO - [2022-12-31T20:43:19.828+0100] {dag.py:3423} INFO - Setting next_dagrun for example_external_task_marker_parent to None, run_after=None
[2022-12-31T20:43:19.834+0100] {processor.py:175} INFO - Processing /Library/Frameworks/Python.framework/Versions/3.11/lib/python3.11/site-packages/airflow/example_dags/example_external_task_marker_dag.py took 1.542 seconds
[2022-12-31T20:47:18.244+0100] {processor.py:153} INFO - Started process (PID=91993) to work on /Library/Frameworks/Python.framework/Versions/3.11/lib/python3.11/site-packages/airflow/example_dags/example_external_task_marker_dag.py
[2022-12-31T20:47:18.250+0100] {processor.py:743} INFO - Processing file /Library/Frameworks/Python.framework/Versions/3.11/lib/python3.11/site-packages/airflow/example_dags/example_external_task_marker_dag.py for tasks to queue
[2022-12-31T20:47:18.251+0100] {logging_mixin.py:137} INFO - [2022-12-31T20:47:18.251+0100] {dagbag.py:538} INFO - Filling up the DagBag from /Library/Frameworks/Python.framework/Versions/3.11/lib/python3.11/site-packages/airflow/example_dags/example_external_task_marker_dag.py
[2022-12-31T20:47:18.268+0100] {processor.py:753} INFO - DAG(s) dict_keys(['example_external_task_marker_parent', 'example_external_task_marker_child']) retrieved from /Library/Frameworks/Python.framework/Versions/3.11/lib/python3.11/site-packages/airflow/example_dags/example_external_task_marker_dag.py
[2022-12-31T20:47:41.291+0100] {logging_mixin.py:137} INFO - [2022-12-31T20:47:41.291+0100] {dag.py:2676} INFO - Sync 2 DAGs
[2022-12-31T20:47:41.297+0100] {logging_mixin.py:137} INFO - [2022-12-31T20:47:41.297+0100] {dag.py:3423} INFO - Setting next_dagrun for example_external_task_marker_child to None, run_after=None
[2022-12-31T20:47:41.298+0100] {logging_mixin.py:137} INFO - [2022-12-31T20:47:41.298+0100] {dag.py:3423} INFO - Setting next_dagrun for example_external_task_marker_parent to None, run_after=None
[2022-12-31T20:47:41.304+0100] {processor.py:175} INFO - Processing /Library/Frameworks/Python.framework/Versions/3.11/lib/python3.11/site-packages/airflow/example_dags/example_external_task_marker_dag.py took 23.061 seconds
[2022-12-31T20:51:52.032+0100] {processor.py:153} INFO - Started process (PID=92567) to work on /Library/Frameworks/Python.framework/Versions/3.11/lib/python3.11/site-packages/airflow/example_dags/example_external_task_marker_dag.py
[2022-12-31T20:51:52.034+0100] {processor.py:743} INFO - Processing file /Library/Frameworks/Python.framework/Versions/3.11/lib/python3.11/site-packages/airflow/example_dags/example_external_task_marker_dag.py for tasks to queue
[2022-12-31T20:51:52.034+0100] {logging_mixin.py:137} INFO - [2022-12-31T20:51:52.034+0100] {dagbag.py:538} INFO - Filling up the DagBag from /Library/Frameworks/Python.framework/Versions/3.11/lib/python3.11/site-packages/airflow/example_dags/example_external_task_marker_dag.py
[2022-12-31T20:51:52.061+0100] {processor.py:753} INFO - DAG(s) dict_keys(['example_external_task_marker_parent', 'example_external_task_marker_child']) retrieved from /Library/Frameworks/Python.framework/Versions/3.11/lib/python3.11/site-packages/airflow/example_dags/example_external_task_marker_dag.py
[2022-12-31T20:52:03.379+0100] {logging_mixin.py:137} INFO - {2.3: 'Indiana Pacers', 1.7: 'LA Clippers'}
[2022-12-31T20:52:03.534+0100] {logging_mixin.py:137} INFO - [2022-12-31T20:52:03.533+0100] {dag.py:2676} INFO - Sync 2 DAGs
[2022-12-31T20:52:03.541+0100] {logging_mixin.py:137} INFO - [2022-12-31T20:52:03.541+0100] {dag.py:3423} INFO - Setting next_dagrun for example_external_task_marker_child to None, run_after=None
[2022-12-31T20:52:03.542+0100] {logging_mixin.py:137} INFO - [2022-12-31T20:52:03.542+0100] {dag.py:3423} INFO - Setting next_dagrun for example_external_task_marker_parent to None, run_after=None
[2022-12-31T20:52:03.551+0100] {processor.py:175} INFO - Processing /Library/Frameworks/Python.framework/Versions/3.11/lib/python3.11/site-packages/airflow/example_dags/example_external_task_marker_dag.py took 11.527 seconds
[2022-12-31T20:55:36.310+0100] {processor.py:153} INFO - Started process (PID=93180) to work on /Library/Frameworks/Python.framework/Versions/3.11/lib/python3.11/site-packages/airflow/example_dags/example_external_task_marker_dag.py
[2022-12-31T20:55:36.315+0100] {processor.py:743} INFO - Processing file /Library/Frameworks/Python.framework/Versions/3.11/lib/python3.11/site-packages/airflow/example_dags/example_external_task_marker_dag.py for tasks to queue
[2022-12-31T20:55:36.315+0100] {logging_mixin.py:137} INFO - [2022-12-31T20:55:36.315+0100] {dagbag.py:538} INFO - Filling up the DagBag from /Library/Frameworks/Python.framework/Versions/3.11/lib/python3.11/site-packages/airflow/example_dags/example_external_task_marker_dag.py
[2022-12-31T20:55:36.326+0100] {processor.py:753} INFO - DAG(s) dict_keys(['example_external_task_marker_parent', 'example_external_task_marker_child']) retrieved from /Library/Frameworks/Python.framework/Versions/3.11/lib/python3.11/site-packages/airflow/example_dags/example_external_task_marker_dag.py
[2022-12-31T20:55:38.063+0100] {logging_mixin.py:137} INFO - {2.3: 'Indiana Pacers', 1.72: 'LA Clippers'}
[2022-12-31T20:55:38.155+0100] {logging_mixin.py:137} INFO - [2022-12-31T20:55:38.155+0100] {dag.py:2676} INFO - Sync 2 DAGs
[2022-12-31T20:55:38.164+0100] {logging_mixin.py:137} INFO - [2022-12-31T20:55:38.164+0100] {dag.py:3423} INFO - Setting next_dagrun for example_external_task_marker_child to None, run_after=None
[2022-12-31T20:55:38.165+0100] {logging_mixin.py:137} INFO - [2022-12-31T20:55:38.165+0100] {dag.py:3423} INFO - Setting next_dagrun for example_external_task_marker_parent to None, run_after=None
[2022-12-31T20:55:38.172+0100] {processor.py:175} INFO - Processing /Library/Frameworks/Python.framework/Versions/3.11/lib/python3.11/site-packages/airflow/example_dags/example_external_task_marker_dag.py took 1.863 seconds
[2022-12-31T20:57:40.852+0100] {processor.py:153} INFO - Started process (PID=93447) to work on /Library/Frameworks/Python.framework/Versions/3.11/lib/python3.11/site-packages/airflow/example_dags/example_external_task_marker_dag.py
[2022-12-31T20:57:40.856+0100] {processor.py:743} INFO - Processing file /Library/Frameworks/Python.framework/Versions/3.11/lib/python3.11/site-packages/airflow/example_dags/example_external_task_marker_dag.py for tasks to queue
[2022-12-31T20:57:40.857+0100] {logging_mixin.py:137} INFO - [2022-12-31T20:57:40.857+0100] {dagbag.py:538} INFO - Filling up the DagBag from /Library/Frameworks/Python.framework/Versions/3.11/lib/python3.11/site-packages/airflow/example_dags/example_external_task_marker_dag.py
[2022-12-31T20:57:40.868+0100] {processor.py:753} INFO - DAG(s) dict_keys(['example_external_task_marker_parent', 'example_external_task_marker_child']) retrieved from /Library/Frameworks/Python.framework/Versions/3.11/lib/python3.11/site-packages/airflow/example_dags/example_external_task_marker_dag.py
[2022-12-31T20:57:42.417+0100] {logging_mixin.py:137} INFO - {2.3: 'Indiana Pacers', 1.72: 'LA Clippers'}
[2022-12-31T20:57:42.502+0100] {logging_mixin.py:137} INFO - [2022-12-31T20:57:42.501+0100] {dag.py:2676} INFO - Sync 2 DAGs
[2022-12-31T20:57:42.522+0100] {logging_mixin.py:137} INFO - [2022-12-31T20:57:42.522+0100] {dag.py:3423} INFO - Setting next_dagrun for example_external_task_marker_child to None, run_after=None
[2022-12-31T20:57:42.525+0100] {logging_mixin.py:137} INFO - [2022-12-31T20:57:42.525+0100] {dag.py:3423} INFO - Setting next_dagrun for example_external_task_marker_parent to None, run_after=None
[2022-12-31T20:57:42.534+0100] {processor.py:175} INFO - Processing /Library/Frameworks/Python.framework/Versions/3.11/lib/python3.11/site-packages/airflow/example_dags/example_external_task_marker_dag.py took 1.683 seconds
[2022-12-31T20:59:43.648+0100] {processor.py:153} INFO - Started process (PID=93682) to work on /Library/Frameworks/Python.framework/Versions/3.11/lib/python3.11/site-packages/airflow/example_dags/example_external_task_marker_dag.py
[2022-12-31T20:59:43.650+0100] {processor.py:743} INFO - Processing file /Library/Frameworks/Python.framework/Versions/3.11/lib/python3.11/site-packages/airflow/example_dags/example_external_task_marker_dag.py for tasks to queue
[2022-12-31T20:59:43.650+0100] {logging_mixin.py:137} INFO - [2022-12-31T20:59:43.650+0100] {dagbag.py:538} INFO - Filling up the DagBag from /Library/Frameworks/Python.framework/Versions/3.11/lib/python3.11/site-packages/airflow/example_dags/example_external_task_marker_dag.py
[2022-12-31T20:59:43.662+0100] {processor.py:753} INFO - DAG(s) dict_keys(['example_external_task_marker_child', 'example_external_task_marker_parent']) retrieved from /Library/Frameworks/Python.framework/Versions/3.11/lib/python3.11/site-packages/airflow/example_dags/example_external_task_marker_dag.py
[2022-12-31T20:59:45.244+0100] {logging_mixin.py:137} INFO - {2.3: 'Indiana Pacers', 1.72: 'LA Clippers'}
[2022-12-31T20:59:45.305+0100] {logging_mixin.py:137} INFO - [2022-12-31T20:59:45.305+0100] {dag.py:2676} INFO - Sync 2 DAGs
[2022-12-31T20:59:45.312+0100] {logging_mixin.py:137} INFO - [2022-12-31T20:59:45.312+0100] {dag.py:3423} INFO - Setting next_dagrun for example_external_task_marker_child to None, run_after=None
[2022-12-31T20:59:45.313+0100] {logging_mixin.py:137} INFO - [2022-12-31T20:59:45.313+0100] {dag.py:3423} INFO - Setting next_dagrun for example_external_task_marker_parent to None, run_after=None
[2022-12-31T20:59:45.321+0100] {processor.py:175} INFO - Processing /Library/Frameworks/Python.framework/Versions/3.11/lib/python3.11/site-packages/airflow/example_dags/example_external_task_marker_dag.py took 1.673 seconds
[2022-12-31T21:01:45.988+0100] {processor.py:153} INFO - Started process (PID=93968) to work on /Library/Frameworks/Python.framework/Versions/3.11/lib/python3.11/site-packages/airflow/example_dags/example_external_task_marker_dag.py
[2022-12-31T21:01:45.993+0100] {processor.py:743} INFO - Processing file /Library/Frameworks/Python.framework/Versions/3.11/lib/python3.11/site-packages/airflow/example_dags/example_external_task_marker_dag.py for tasks to queue
[2022-12-31T21:01:45.993+0100] {logging_mixin.py:137} INFO - [2022-12-31T21:01:45.993+0100] {dagbag.py:538} INFO - Filling up the DagBag from /Library/Frameworks/Python.framework/Versions/3.11/lib/python3.11/site-packages/airflow/example_dags/example_external_task_marker_dag.py
[2022-12-31T21:01:46.007+0100] {processor.py:753} INFO - DAG(s) dict_keys(['example_external_task_marker_parent', 'example_external_task_marker_child']) retrieved from /Library/Frameworks/Python.framework/Versions/3.11/lib/python3.11/site-packages/airflow/example_dags/example_external_task_marker_dag.py
[2022-12-31T21:01:47.660+0100] {logging_mixin.py:137} INFO - {2.3: 'Indiana Pacers', 1.72: 'LA Clippers'}
[2022-12-31T21:01:47.744+0100] {logging_mixin.py:137} INFO - [2022-12-31T21:01:47.743+0100] {dag.py:2676} INFO - Sync 2 DAGs
[2022-12-31T21:01:47.749+0100] {logging_mixin.py:137} INFO - [2022-12-31T21:01:47.749+0100] {dag.py:3423} INFO - Setting next_dagrun for example_external_task_marker_child to None, run_after=None
[2022-12-31T21:01:47.750+0100] {logging_mixin.py:137} INFO - [2022-12-31T21:01:47.750+0100] {dag.py:3423} INFO - Setting next_dagrun for example_external_task_marker_parent to None, run_after=None
[2022-12-31T21:01:47.756+0100] {processor.py:175} INFO - Processing /Library/Frameworks/Python.framework/Versions/3.11/lib/python3.11/site-packages/airflow/example_dags/example_external_task_marker_dag.py took 1.769 seconds
[2022-12-31T21:03:49.870+0100] {processor.py:153} INFO - Started process (PID=94338) to work on /Library/Frameworks/Python.framework/Versions/3.11/lib/python3.11/site-packages/airflow/example_dags/example_external_task_marker_dag.py
[2022-12-31T21:03:49.875+0100] {processor.py:743} INFO - Processing file /Library/Frameworks/Python.framework/Versions/3.11/lib/python3.11/site-packages/airflow/example_dags/example_external_task_marker_dag.py for tasks to queue
[2022-12-31T21:03:49.875+0100] {logging_mixin.py:137} INFO - [2022-12-31T21:03:49.875+0100] {dagbag.py:538} INFO - Filling up the DagBag from /Library/Frameworks/Python.framework/Versions/3.11/lib/python3.11/site-packages/airflow/example_dags/example_external_task_marker_dag.py
[2022-12-31T21:03:49.892+0100] {processor.py:753} INFO - DAG(s) dict_keys(['example_external_task_marker_parent', 'example_external_task_marker_child']) retrieved from /Library/Frameworks/Python.framework/Versions/3.11/lib/python3.11/site-packages/airflow/example_dags/example_external_task_marker_dag.py
[2022-12-31T21:03:51.850+0100] {logging_mixin.py:137} INFO - {2.3: 'Indiana Pacers', 1.72: 'LA Clippers'}
[2022-12-31T21:03:51.917+0100] {logging_mixin.py:137} INFO - [2022-12-31T21:03:51.917+0100] {dag.py:2676} INFO - Sync 2 DAGs
[2022-12-31T21:03:51.930+0100] {logging_mixin.py:137} INFO - [2022-12-31T21:03:51.929+0100] {dag.py:3423} INFO - Setting next_dagrun for example_external_task_marker_child to None, run_after=None
[2022-12-31T21:03:51.931+0100] {logging_mixin.py:137} INFO - [2022-12-31T21:03:51.931+0100] {dag.py:3423} INFO - Setting next_dagrun for example_external_task_marker_parent to None, run_after=None
[2022-12-31T21:03:51.938+0100] {processor.py:175} INFO - Processing /Library/Frameworks/Python.framework/Versions/3.11/lib/python3.11/site-packages/airflow/example_dags/example_external_task_marker_dag.py took 2.068 seconds
[2022-12-31T21:05:51.240+0100] {processor.py:153} INFO - Started process (PID=94598) to work on /Library/Frameworks/Python.framework/Versions/3.11/lib/python3.11/site-packages/airflow/example_dags/example_external_task_marker_dag.py
[2022-12-31T21:05:51.245+0100] {processor.py:743} INFO - Processing file /Library/Frameworks/Python.framework/Versions/3.11/lib/python3.11/site-packages/airflow/example_dags/example_external_task_marker_dag.py for tasks to queue
[2022-12-31T21:05:51.245+0100] {logging_mixin.py:137} INFO - [2022-12-31T21:05:51.245+0100] {dagbag.py:538} INFO - Filling up the DagBag from /Library/Frameworks/Python.framework/Versions/3.11/lib/python3.11/site-packages/airflow/example_dags/example_external_task_marker_dag.py
[2022-12-31T21:05:51.278+0100] {processor.py:753} INFO - DAG(s) dict_keys(['example_external_task_marker_child', 'example_external_task_marker_parent']) retrieved from /Library/Frameworks/Python.framework/Versions/3.11/lib/python3.11/site-packages/airflow/example_dags/example_external_task_marker_dag.py
[2022-12-31T21:05:52.693+0100] {logging_mixin.py:137} INFO - {2.3: 'Indiana Pacers', 1.72: 'LA Clippers'}
[2022-12-31T21:05:52.763+0100] {logging_mixin.py:137} INFO - [2022-12-31T21:05:52.763+0100] {dag.py:2676} INFO - Sync 2 DAGs
[2022-12-31T21:05:52.769+0100] {logging_mixin.py:137} INFO - [2022-12-31T21:05:52.769+0100] {dag.py:3423} INFO - Setting next_dagrun for example_external_task_marker_child to None, run_after=None
[2022-12-31T21:05:52.769+0100] {logging_mixin.py:137} INFO - [2022-12-31T21:05:52.769+0100] {dag.py:3423} INFO - Setting next_dagrun for example_external_task_marker_parent to None, run_after=None
[2022-12-31T21:05:52.775+0100] {processor.py:175} INFO - Processing /Library/Frameworks/Python.framework/Versions/3.11/lib/python3.11/site-packages/airflow/example_dags/example_external_task_marker_dag.py took 1.536 seconds
[2022-12-31T21:07:38.629+0100] {processor.py:153} INFO - Started process (PID=94793) to work on /Library/Frameworks/Python.framework/Versions/3.11/lib/python3.11/site-packages/airflow/example_dags/example_external_task_marker_dag.py
[2022-12-31T21:07:38.633+0100] {processor.py:743} INFO - Processing file /Library/Frameworks/Python.framework/Versions/3.11/lib/python3.11/site-packages/airflow/example_dags/example_external_task_marker_dag.py for tasks to queue
[2022-12-31T21:07:38.633+0100] {logging_mixin.py:137} INFO - [2022-12-31T21:07:38.633+0100] {dagbag.py:538} INFO - Filling up the DagBag from /Library/Frameworks/Python.framework/Versions/3.11/lib/python3.11/site-packages/airflow/example_dags/example_external_task_marker_dag.py
[2022-12-31T21:07:38.646+0100] {processor.py:753} INFO - DAG(s) dict_keys(['example_external_task_marker_parent', 'example_external_task_marker_child']) retrieved from /Library/Frameworks/Python.framework/Versions/3.11/lib/python3.11/site-packages/airflow/example_dags/example_external_task_marker_dag.py
[2022-12-31T21:07:40.887+0100] {logging_mixin.py:137} INFO - {2.3: 'Indiana Pacers', 1.72: 'LA Clippers'}
[2022-12-31T21:07:41.011+0100] {logging_mixin.py:137} INFO - [2022-12-31T21:07:41.009+0100] {dag.py:2676} INFO - Sync 2 DAGs
[2022-12-31T21:07:41.026+0100] {logging_mixin.py:137} INFO - [2022-12-31T21:07:41.026+0100] {dag.py:3423} INFO - Setting next_dagrun for example_external_task_marker_child to None, run_after=None
[2022-12-31T21:07:41.028+0100] {logging_mixin.py:137} INFO - [2022-12-31T21:07:41.028+0100] {dag.py:3423} INFO - Setting next_dagrun for example_external_task_marker_parent to None, run_after=None
[2022-12-31T21:07:41.039+0100] {processor.py:175} INFO - Processing /Library/Frameworks/Python.framework/Versions/3.11/lib/python3.11/site-packages/airflow/example_dags/example_external_task_marker_dag.py took 2.411 seconds
[2022-12-31 20:08:40,174] {scheduler_job.py:182} INFO - Started process (PID=80) to work on /home/airflow/.local/lib/python3.6/site-packages/airflow/example_dags/example_external_task_marker_dag.py
[2022-12-31 20:08:40,202] {scheduler_job.py:629} INFO - Processing file /home/airflow/.local/lib/python3.6/site-packages/airflow/example_dags/example_external_task_marker_dag.py for tasks to queue
[2022-12-31 20:08:40,218] {logging_mixin.py:104} INFO - [2022-12-31 20:08:40,217] {dagbag.py:451} INFO - Filling up the DagBag from /home/airflow/.local/lib/python3.6/site-packages/airflow/example_dags/example_external_task_marker_dag.py
[2022-12-31 20:08:40,384] {scheduler_job.py:639} INFO - DAG(s) dict_keys(['example_external_task_marker_parent', 'example_external_task_marker_child']) retrieved from /home/airflow/.local/lib/python3.6/site-packages/airflow/example_dags/example_external_task_marker_dag.py
[2022-12-31 20:08:40,607] {logging_mixin.py:104} INFO - [2022-12-31 20:08:40,606] {dag.py:1824} INFO - Sync 2 DAGs
[2022-12-31 20:08:40,744] {logging_mixin.py:104} INFO - [2022-12-31 20:08:40,744] {dag.py:2280} INFO - Setting next_dagrun for example_external_task_marker_child to None
[2022-12-31 20:08:40,762] {logging_mixin.py:104} INFO - [2022-12-31 20:08:40,754] {dag.py:2280} INFO - Setting next_dagrun for example_external_task_marker_parent to None
[2022-12-31 20:08:40,910] {scheduler_job.py:190} INFO - Processing /home/airflow/.local/lib/python3.6/site-packages/airflow/example_dags/example_external_task_marker_dag.py took 0.758 seconds
[2022-12-31 20:09:11,460] {scheduler_job.py:182} INFO - Started process (PID=134) to work on /home/airflow/.local/lib/python3.6/site-packages/airflow/example_dags/example_external_task_marker_dag.py
[2022-12-31 20:09:11,465] {scheduler_job.py:629} INFO - Processing file /home/airflow/.local/lib/python3.6/site-packages/airflow/example_dags/example_external_task_marker_dag.py for tasks to queue
[2022-12-31 20:09:11,470] {logging_mixin.py:104} INFO - [2022-12-31 20:09:11,470] {dagbag.py:451} INFO - Filling up the DagBag from /home/airflow/.local/lib/python3.6/site-packages/airflow/example_dags/example_external_task_marker_dag.py
[2022-12-31 20:09:11,532] {scheduler_job.py:639} INFO - DAG(s) dict_keys(['example_external_task_marker_parent', 'example_external_task_marker_child']) retrieved from /home/airflow/.local/lib/python3.6/site-packages/airflow/example_dags/example_external_task_marker_dag.py
[2022-12-31 20:09:11,652] {logging_mixin.py:104} INFO - [2022-12-31 20:09:11,651] {dag.py:1824} INFO - Sync 2 DAGs
[2022-12-31 20:09:11,827] {logging_mixin.py:104} INFO - [2022-12-31 20:09:11,826] {dag.py:2280} INFO - Setting next_dagrun for example_external_task_marker_child to None
[2022-12-31 20:09:11,835] {logging_mixin.py:104} INFO - [2022-12-31 20:09:11,834] {dag.py:2280} INFO - Setting next_dagrun for example_external_task_marker_parent to None
[2022-12-31 20:09:11,904] {scheduler_job.py:190} INFO - Processing /home/airflow/.local/lib/python3.6/site-packages/airflow/example_dags/example_external_task_marker_dag.py took 0.458 seconds
[2022-12-31T21:09:41.205+0100] {processor.py:153} INFO - Started process (PID=95119) to work on /Library/Frameworks/Python.framework/Versions/3.11/lib/python3.11/site-packages/airflow/example_dags/example_external_task_marker_dag.py
[2022-12-31T21:09:41.209+0100] {processor.py:743} INFO - Processing file /Library/Frameworks/Python.framework/Versions/3.11/lib/python3.11/site-packages/airflow/example_dags/example_external_task_marker_dag.py for tasks to queue
[2022-12-31T21:09:41.209+0100] {logging_mixin.py:137} INFO - [2022-12-31T21:09:41.209+0100] {dagbag.py:538} INFO - Filling up the DagBag from /Library/Frameworks/Python.framework/Versions/3.11/lib/python3.11/site-packages/airflow/example_dags/example_external_task_marker_dag.py
[2022-12-31T21:09:41.225+0100] {processor.py:753} INFO - DAG(s) dict_keys(['example_external_task_marker_child', 'example_external_task_marker_parent']) retrieved from /Library/Frameworks/Python.framework/Versions/3.11/lib/python3.11/site-packages/airflow/example_dags/example_external_task_marker_dag.py
[2022-12-31 20:09:42,801] {scheduler_job.py:182} INFO - Started process (PID=188) to work on /home/airflow/.local/lib/python3.6/site-packages/airflow/example_dags/example_external_task_marker_dag.py
[2022-12-31 20:09:42,810] {scheduler_job.py:629} INFO - Processing file /home/airflow/.local/lib/python3.6/site-packages/airflow/example_dags/example_external_task_marker_dag.py for tasks to queue
[2022-12-31 20:09:42,814] {logging_mixin.py:104} INFO - [2022-12-31 20:09:42,813] {dagbag.py:451} INFO - Filling up the DagBag from /home/airflow/.local/lib/python3.6/site-packages/airflow/example_dags/example_external_task_marker_dag.py
[2022-12-31 20:09:42,957] {scheduler_job.py:639} INFO - DAG(s) dict_keys(['example_external_task_marker_parent', 'example_external_task_marker_child']) retrieved from /home/airflow/.local/lib/python3.6/site-packages/airflow/example_dags/example_external_task_marker_dag.py
[2022-12-31 20:09:43,080] {logging_mixin.py:104} INFO - [2022-12-31 20:09:43,080] {dag.py:1824} INFO - Sync 2 DAGs
[2022-12-31 20:09:43,192] {logging_mixin.py:104} INFO - [2022-12-31 20:09:43,192] {dag.py:2280} INFO - Setting next_dagrun for example_external_task_marker_child to None
[2022-12-31 20:09:43,200] {logging_mixin.py:104} INFO - [2022-12-31 20:09:43,199] {dag.py:2280} INFO - Setting next_dagrun for example_external_task_marker_parent to None
[2022-12-31 20:09:43,270] {scheduler_job.py:190} INFO - Processing /home/airflow/.local/lib/python3.6/site-packages/airflow/example_dags/example_external_task_marker_dag.py took 0.487 seconds
[2022-12-31T21:09:43.298+0100] {logging_mixin.py:137} INFO - [2022-12-31T21:09:43.298+0100] {dag.py:2676} INFO - Sync 2 DAGs
[2022-12-31T21:09:43.305+0100] {logging_mixin.py:137} INFO - [2022-12-31T21:09:43.305+0100] {dag.py:3423} INFO - Setting next_dagrun for example_external_task_marker_child to None, run_after=None
[2022-12-31T21:09:43.306+0100] {logging_mixin.py:137} INFO - [2022-12-31T21:09:43.306+0100] {dag.py:3423} INFO - Setting next_dagrun for example_external_task_marker_parent to None, run_after=None
[2022-12-31T21:09:43.314+0100] {processor.py:175} INFO - Processing /Library/Frameworks/Python.framework/Versions/3.11/lib/python3.11/site-packages/airflow/example_dags/example_external_task_marker_dag.py took 2.110 seconds
[2022-12-31T21:11:43.389+0100] {processor.py:153} INFO - Started process (PID=95452) to work on /Library/Frameworks/Python.framework/Versions/3.11/lib/python3.11/site-packages/airflow/example_dags/example_external_task_marker_dag.py
[2022-12-31T21:11:43.395+0100] {processor.py:743} INFO - Processing file /Library/Frameworks/Python.framework/Versions/3.11/lib/python3.11/site-packages/airflow/example_dags/example_external_task_marker_dag.py for tasks to queue
[2022-12-31T21:11:43.395+0100] {logging_mixin.py:137} INFO - [2022-12-31T21:11:43.395+0100] {dagbag.py:538} INFO - Filling up the DagBag from /Library/Frameworks/Python.framework/Versions/3.11/lib/python3.11/site-packages/airflow/example_dags/example_external_task_marker_dag.py
[2022-12-31T21:11:43.407+0100] {processor.py:753} INFO - DAG(s) dict_keys(['example_external_task_marker_child', 'example_external_task_marker_parent']) retrieved from /Library/Frameworks/Python.framework/Versions/3.11/lib/python3.11/site-packages/airflow/example_dags/example_external_task_marker_dag.py
[2022-12-31T21:11:45.384+0100] {logging_mixin.py:137} INFO - {2.3: 'Indiana Pacers', 1.72: 'LA Clippers'}
[2022-12-31T21:11:45.458+0100] {logging_mixin.py:137} INFO - [2022-12-31T21:11:45.458+0100] {dag.py:2676} INFO - Sync 2 DAGs
[2022-12-31T21:11:45.468+0100] {logging_mixin.py:137} INFO - [2022-12-31T21:11:45.468+0100] {dag.py:3423} INFO - Setting next_dagrun for example_external_task_marker_child to None, run_after=None
[2022-12-31T21:11:45.469+0100] {logging_mixin.py:137} INFO - [2022-12-31T21:11:45.469+0100] {dag.py:3423} INFO - Setting next_dagrun for example_external_task_marker_parent to None, run_after=None
[2022-12-31T21:11:45.477+0100] {processor.py:175} INFO - Processing /Library/Frameworks/Python.framework/Versions/3.11/lib/python3.11/site-packages/airflow/example_dags/example_external_task_marker_dag.py took 2.089 seconds
[2022-12-31T21:13:57.446+0100] {processor.py:153} INFO - Started process (PID=95729) to work on /Library/Frameworks/Python.framework/Versions/3.11/lib/python3.11/site-packages/airflow/example_dags/example_external_task_marker_dag.py
[2022-12-31T21:13:57.452+0100] {processor.py:743} INFO - Processing file /Library/Frameworks/Python.framework/Versions/3.11/lib/python3.11/site-packages/airflow/example_dags/example_external_task_marker_dag.py for tasks to queue
[2022-12-31T21:13:57.452+0100] {logging_mixin.py:137} INFO - [2022-12-31T21:13:57.452+0100] {dagbag.py:538} INFO - Filling up the DagBag from /Library/Frameworks/Python.framework/Versions/3.11/lib/python3.11/site-packages/airflow/example_dags/example_external_task_marker_dag.py
[2022-12-31T21:13:57.463+0100] {processor.py:753} INFO - DAG(s) dict_keys(['example_external_task_marker_parent', 'example_external_task_marker_child']) retrieved from /Library/Frameworks/Python.framework/Versions/3.11/lib/python3.11/site-packages/airflow/example_dags/example_external_task_marker_dag.py
[2022-12-31T21:13:58.873+0100] {logging_mixin.py:137} INFO - {2.3: 'Indiana Pacers', 1.72: 'LA Clippers'}
[2022-12-31T21:13:58.937+0100] {logging_mixin.py:137} INFO - [2022-12-31T21:13:58.937+0100] {dag.py:2676} INFO - Sync 2 DAGs
[2022-12-31T21:13:58.944+0100] {logging_mixin.py:137} INFO - [2022-12-31T21:13:58.944+0100] {dag.py:3423} INFO - Setting next_dagrun for example_external_task_marker_child to None, run_after=None
[2022-12-31T21:13:58.945+0100] {logging_mixin.py:137} INFO - [2022-12-31T21:13:58.945+0100] {dag.py:3423} INFO - Setting next_dagrun for example_external_task_marker_parent to None, run_after=None
[2022-12-31T21:13:58.953+0100] {processor.py:175} INFO - Processing /Library/Frameworks/Python.framework/Versions/3.11/lib/python3.11/site-packages/airflow/example_dags/example_external_task_marker_dag.py took 1.507 seconds
[2022-12-31T21:15:49.848+0100] {processor.py:153} INFO - Started process (PID=96024) to work on /Library/Frameworks/Python.framework/Versions/3.11/lib/python3.11/site-packages/airflow/example_dags/example_external_task_marker_dag.py
[2022-12-31T21:15:49.853+0100] {processor.py:743} INFO - Processing file /Library/Frameworks/Python.framework/Versions/3.11/lib/python3.11/site-packages/airflow/example_dags/example_external_task_marker_dag.py for tasks to queue
[2022-12-31T21:15:49.854+0100] {logging_mixin.py:137} INFO - [2022-12-31T21:15:49.854+0100] {dagbag.py:538} INFO - Filling up the DagBag from /Library/Frameworks/Python.framework/Versions/3.11/lib/python3.11/site-packages/airflow/example_dags/example_external_task_marker_dag.py
[2022-12-31T21:15:49.866+0100] {processor.py:753} INFO - DAG(s) dict_keys(['example_external_task_marker_parent', 'example_external_task_marker_child']) retrieved from /Library/Frameworks/Python.framework/Versions/3.11/lib/python3.11/site-packages/airflow/example_dags/example_external_task_marker_dag.py
[2022-12-31T21:15:51.643+0100] {logging_mixin.py:137} INFO - {2.3: 'Indiana Pacers', 1.72: 'LA Clippers'}
[2022-12-31T21:15:51.722+0100] {logging_mixin.py:137} INFO - [2022-12-31T21:15:51.722+0100] {dag.py:2676} INFO - Sync 2 DAGs
[2022-12-31T21:15:51.729+0100] {logging_mixin.py:137} INFO - [2022-12-31T21:15:51.729+0100] {dag.py:3423} INFO - Setting next_dagrun for example_external_task_marker_child to None, run_after=None
[2022-12-31T21:15:51.729+0100] {logging_mixin.py:137} INFO - [2022-12-31T21:15:51.729+0100] {dag.py:3423} INFO - Setting next_dagrun for example_external_task_marker_parent to None, run_after=None
[2022-12-31T21:15:51.736+0100] {processor.py:175} INFO - Processing /Library/Frameworks/Python.framework/Versions/3.11/lib/python3.11/site-packages/airflow/example_dags/example_external_task_marker_dag.py took 1.888 seconds
[2022-12-31T21:17:36.628+0100] {processor.py:153} INFO - Started process (PID=96186) to work on /Library/Frameworks/Python.framework/Versions/3.11/lib/python3.11/site-packages/airflow/example_dags/example_external_task_marker_dag.py
[2022-12-31T21:17:36.633+0100] {processor.py:743} INFO - Processing file /Library/Frameworks/Python.framework/Versions/3.11/lib/python3.11/site-packages/airflow/example_dags/example_external_task_marker_dag.py for tasks to queue
[2022-12-31T21:17:36.634+0100] {logging_mixin.py:137} INFO - [2022-12-31T21:17:36.634+0100] {dagbag.py:538} INFO - Filling up the DagBag from /Library/Frameworks/Python.framework/Versions/3.11/lib/python3.11/site-packages/airflow/example_dags/example_external_task_marker_dag.py
[2022-12-31T21:17:36.644+0100] {processor.py:753} INFO - DAG(s) dict_keys(['example_external_task_marker_parent', 'example_external_task_marker_child']) retrieved from /Library/Frameworks/Python.framework/Versions/3.11/lib/python3.11/site-packages/airflow/example_dags/example_external_task_marker_dag.py
[2022-12-31T21:17:38.081+0100] {logging_mixin.py:137} INFO - {2.3: 'Indiana Pacers', 1.72: 'LA Clippers'}
[2022-12-31T21:17:38.150+0100] {logging_mixin.py:137} INFO - [2022-12-31T21:17:38.150+0100] {dag.py:2676} INFO - Sync 2 DAGs
[2022-12-31T21:17:38.156+0100] {logging_mixin.py:137} INFO - [2022-12-31T21:17:38.156+0100] {dag.py:3423} INFO - Setting next_dagrun for example_external_task_marker_child to None, run_after=None
[2022-12-31T21:17:38.156+0100] {logging_mixin.py:137} INFO - [2022-12-31T21:17:38.156+0100] {dag.py:3423} INFO - Setting next_dagrun for example_external_task_marker_parent to None, run_after=None
[2022-12-31T21:17:38.163+0100] {processor.py:175} INFO - Processing /Library/Frameworks/Python.framework/Versions/3.11/lib/python3.11/site-packages/airflow/example_dags/example_external_task_marker_dag.py took 1.536 seconds
[2022-12-31T21:19:34.234+0100] {processor.py:153} INFO - Started process (PID=96488) to work on /Library/Frameworks/Python.framework/Versions/3.11/lib/python3.11/site-packages/airflow/example_dags/example_external_task_marker_dag.py
[2022-12-31T21:19:34.238+0100] {processor.py:743} INFO - Processing file /Library/Frameworks/Python.framework/Versions/3.11/lib/python3.11/site-packages/airflow/example_dags/example_external_task_marker_dag.py for tasks to queue
[2022-12-31T21:19:34.238+0100] {logging_mixin.py:137} INFO - [2022-12-31T21:19:34.238+0100] {dagbag.py:538} INFO - Filling up the DagBag from /Library/Frameworks/Python.framework/Versions/3.11/lib/python3.11/site-packages/airflow/example_dags/example_external_task_marker_dag.py
[2022-12-31T21:19:34.249+0100] {processor.py:753} INFO - DAG(s) dict_keys(['example_external_task_marker_parent', 'example_external_task_marker_child']) retrieved from /Library/Frameworks/Python.framework/Versions/3.11/lib/python3.11/site-packages/airflow/example_dags/example_external_task_marker_dag.py
[2022-12-31T21:19:35.690+0100] {logging_mixin.py:137} INFO - {2.3: 'Indiana Pacers', 1.72: 'LA Clippers'}
[2022-12-31T21:19:35.760+0100] {logging_mixin.py:137} INFO - [2022-12-31T21:19:35.760+0100] {dag.py:2676} INFO - Sync 2 DAGs
[2022-12-31T21:19:35.767+0100] {logging_mixin.py:137} INFO - [2022-12-31T21:19:35.767+0100] {dag.py:3423} INFO - Setting next_dagrun for example_external_task_marker_child to None, run_after=None
[2022-12-31T21:19:35.768+0100] {logging_mixin.py:137} INFO - [2022-12-31T21:19:35.768+0100] {dag.py:3423} INFO - Setting next_dagrun for example_external_task_marker_parent to None, run_after=None
[2022-12-31T21:19:35.774+0100] {processor.py:175} INFO - Processing /Library/Frameworks/Python.framework/Versions/3.11/lib/python3.11/site-packages/airflow/example_dags/example_external_task_marker_dag.py took 1.540 seconds
[2022-12-31T21:21:31.306+0100] {processor.py:153} INFO - Started process (PID=96678) to work on /Library/Frameworks/Python.framework/Versions/3.11/lib/python3.11/site-packages/airflow/example_dags/example_external_task_marker_dag.py
[2022-12-31T21:21:31.319+0100] {processor.py:743} INFO - Processing file /Library/Frameworks/Python.framework/Versions/3.11/lib/python3.11/site-packages/airflow/example_dags/example_external_task_marker_dag.py for tasks to queue
[2022-12-31T21:21:31.319+0100] {logging_mixin.py:137} INFO - [2022-12-31T21:21:31.319+0100] {dagbag.py:538} INFO - Filling up the DagBag from /Library/Frameworks/Python.framework/Versions/3.11/lib/python3.11/site-packages/airflow/example_dags/example_external_task_marker_dag.py
[2022-12-31T21:21:31.338+0100] {processor.py:753} INFO - DAG(s) dict_keys(['example_external_task_marker_child', 'example_external_task_marker_parent']) retrieved from /Library/Frameworks/Python.framework/Versions/3.11/lib/python3.11/site-packages/airflow/example_dags/example_external_task_marker_dag.py
[2022-12-31T21:21:32.884+0100] {logging_mixin.py:137} INFO - {2.3: 'Indiana Pacers', 1.72: 'LA Clippers'}
[2022-12-31T21:21:32.954+0100] {logging_mixin.py:137} INFO - [2022-12-31T21:21:32.954+0100] {dag.py:2676} INFO - Sync 2 DAGs
[2022-12-31T21:21:32.960+0100] {logging_mixin.py:137} INFO - [2022-12-31T21:21:32.960+0100] {dag.py:3423} INFO - Setting next_dagrun for example_external_task_marker_child to None, run_after=None
[2022-12-31T21:21:32.961+0100] {logging_mixin.py:137} INFO - [2022-12-31T21:21:32.961+0100] {dag.py:3423} INFO - Setting next_dagrun for example_external_task_marker_parent to None, run_after=None
[2022-12-31T21:21:32.966+0100] {processor.py:175} INFO - Processing /Library/Frameworks/Python.framework/Versions/3.11/lib/python3.11/site-packages/airflow/example_dags/example_external_task_marker_dag.py took 1.661 seconds
[2022-12-31T21:23:28.077+0100] {processor.py:153} INFO - Started process (PID=96842) to work on /Library/Frameworks/Python.framework/Versions/3.11/lib/python3.11/site-packages/airflow/example_dags/example_external_task_marker_dag.py
[2022-12-31T21:23:28.080+0100] {processor.py:743} INFO - Processing file /Library/Frameworks/Python.framework/Versions/3.11/lib/python3.11/site-packages/airflow/example_dags/example_external_task_marker_dag.py for tasks to queue
[2022-12-31T21:23:28.080+0100] {logging_mixin.py:137} INFO - [2022-12-31T21:23:28.080+0100] {dagbag.py:538} INFO - Filling up the DagBag from /Library/Frameworks/Python.framework/Versions/3.11/lib/python3.11/site-packages/airflow/example_dags/example_external_task_marker_dag.py
[2022-12-31T21:23:28.093+0100] {processor.py:753} INFO - DAG(s) dict_keys(['example_external_task_marker_parent', 'example_external_task_marker_child']) retrieved from /Library/Frameworks/Python.framework/Versions/3.11/lib/python3.11/site-packages/airflow/example_dags/example_external_task_marker_dag.py
[2022-12-31T21:23:29.572+0100] {logging_mixin.py:137} INFO - {2.3: 'Indiana Pacers', 1.72: 'LA Clippers'}
[2022-12-31T21:23:29.634+0100] {logging_mixin.py:137} INFO - [2022-12-31T21:23:29.634+0100] {dag.py:2676} INFO - Sync 2 DAGs
[2022-12-31T21:23:29.640+0100] {logging_mixin.py:137} INFO - [2022-12-31T21:23:29.640+0100] {dag.py:3423} INFO - Setting next_dagrun for example_external_task_marker_child to None, run_after=None
[2022-12-31T21:23:29.641+0100] {logging_mixin.py:137} INFO - [2022-12-31T21:23:29.641+0100] {dag.py:3423} INFO - Setting next_dagrun for example_external_task_marker_parent to None, run_after=None
[2022-12-31T21:23:29.646+0100] {processor.py:175} INFO - Processing /Library/Frameworks/Python.framework/Versions/3.11/lib/python3.11/site-packages/airflow/example_dags/example_external_task_marker_dag.py took 1.569 seconds
[2022-12-31T21:25:20.506+0100] {processor.py:153} INFO - Started process (PID=97054) to work on /Library/Frameworks/Python.framework/Versions/3.11/lib/python3.11/site-packages/airflow/example_dags/example_external_task_marker_dag.py
[2022-12-31T21:25:20.509+0100] {processor.py:743} INFO - Processing file /Library/Frameworks/Python.framework/Versions/3.11/lib/python3.11/site-packages/airflow/example_dags/example_external_task_marker_dag.py for tasks to queue
[2022-12-31T21:25:20.509+0100] {logging_mixin.py:137} INFO - [2022-12-31T21:25:20.509+0100] {dagbag.py:538} INFO - Filling up the DagBag from /Library/Frameworks/Python.framework/Versions/3.11/lib/python3.11/site-packages/airflow/example_dags/example_external_task_marker_dag.py
[2022-12-31T21:25:20.520+0100] {processor.py:753} INFO - DAG(s) dict_keys(['example_external_task_marker_child', 'example_external_task_marker_parent']) retrieved from /Library/Frameworks/Python.framework/Versions/3.11/lib/python3.11/site-packages/airflow/example_dags/example_external_task_marker_dag.py
[2022-12-31T21:25:21.946+0100] {logging_mixin.py:137} INFO - {2.3: 'Indiana Pacers', 1.72: 'LA Clippers'}
[2022-12-31T21:25:22.022+0100] {logging_mixin.py:137} INFO - [2022-12-31T21:25:22.022+0100] {dag.py:2676} INFO - Sync 2 DAGs
[2022-12-31T21:25:22.028+0100] {logging_mixin.py:137} INFO - [2022-12-31T21:25:22.028+0100] {dag.py:3423} INFO - Setting next_dagrun for example_external_task_marker_child to None, run_after=None
[2022-12-31T21:25:22.029+0100] {logging_mixin.py:137} INFO - [2022-12-31T21:25:22.029+0100] {dag.py:3423} INFO - Setting next_dagrun for example_external_task_marker_parent to None, run_after=None
[2022-12-31T21:25:22.036+0100] {processor.py:175} INFO - Processing /Library/Frameworks/Python.framework/Versions/3.11/lib/python3.11/site-packages/airflow/example_dags/example_external_task_marker_dag.py took 1.530 seconds
[2022-12-31T21:27:18.252+0100] {processor.py:153} INFO - Started process (PID=97315) to work on /Library/Frameworks/Python.framework/Versions/3.11/lib/python3.11/site-packages/airflow/example_dags/example_external_task_marker_dag.py
[2022-12-31T21:27:18.257+0100] {processor.py:743} INFO - Processing file /Library/Frameworks/Python.framework/Versions/3.11/lib/python3.11/site-packages/airflow/example_dags/example_external_task_marker_dag.py for tasks to queue
[2022-12-31T21:27:18.257+0100] {logging_mixin.py:137} INFO - [2022-12-31T21:27:18.257+0100] {dagbag.py:538} INFO - Filling up the DagBag from /Library/Frameworks/Python.framework/Versions/3.11/lib/python3.11/site-packages/airflow/example_dags/example_external_task_marker_dag.py
[2022-12-31T21:27:18.269+0100] {processor.py:753} INFO - DAG(s) dict_keys(['example_external_task_marker_child', 'example_external_task_marker_parent']) retrieved from /Library/Frameworks/Python.framework/Versions/3.11/lib/python3.11/site-packages/airflow/example_dags/example_external_task_marker_dag.py
[2022-12-31T21:27:19.725+0100] {logging_mixin.py:137} INFO - {2.3: 'Indiana Pacers', 1.72: 'LA Clippers'}
[2022-12-31T21:27:19.796+0100] {logging_mixin.py:137} INFO - [2022-12-31T21:27:19.796+0100] {dag.py:2676} INFO - Sync 2 DAGs
[2022-12-31T21:27:19.806+0100] {logging_mixin.py:137} INFO - [2022-12-31T21:27:19.806+0100] {dag.py:3423} INFO - Setting next_dagrun for example_external_task_marker_child to None, run_after=None
[2022-12-31T21:27:19.807+0100] {logging_mixin.py:137} INFO - [2022-12-31T21:27:19.807+0100] {dag.py:3423} INFO - Setting next_dagrun for example_external_task_marker_parent to None, run_after=None
[2022-12-31T21:27:19.815+0100] {processor.py:175} INFO - Processing /Library/Frameworks/Python.framework/Versions/3.11/lib/python3.11/site-packages/airflow/example_dags/example_external_task_marker_dag.py took 1.564 seconds
