[2022-12-31T20:28:55.091+0100] {processor.py:153} INFO - Started process (PID=90132) to work on /Library/Frameworks/Python.framework/Versions/3.11/lib/python3.11/site-packages/airflow/example_dags/tutorial_dag.py
[2022-12-31T20:28:55.094+0100] {processor.py:743} INFO - Processing file /Library/Frameworks/Python.framework/Versions/3.11/lib/python3.11/site-packages/airflow/example_dags/tutorial_dag.py for tasks to queue
[2022-12-31T20:28:55.095+0100] {logging_mixin.py:137} INFO - [2022-12-31T20:28:55.094+0100] {dagbag.py:538} INFO - Filling up the DagBag from /Library/Frameworks/Python.framework/Versions/3.11/lib/python3.11/site-packages/airflow/example_dags/tutorial_dag.py
[2022-12-31T20:28:55.121+0100] {processor.py:753} INFO - DAG(s) dict_keys(['tutorial_dag']) retrieved from /Library/Frameworks/Python.framework/Versions/3.11/lib/python3.11/site-packages/airflow/example_dags/tutorial_dag.py
[2022-12-31T20:28:55.550+0100] {logging_mixin.py:137} INFO - [2022-12-31T20:28:55.550+0100] {manager.py:504} INFO - Created Permission View: can delete on DAG:tutorial_dag
[2022-12-31T20:28:55.552+0100] {logging_mixin.py:137} INFO - [2022-12-31T20:28:55.552+0100] {manager.py:504} INFO - Created Permission View: can edit on DAG:tutorial_dag
[2022-12-31T20:28:55.554+0100] {logging_mixin.py:137} INFO - [2022-12-31T20:28:55.554+0100] {manager.py:504} INFO - Created Permission View: can read on DAG:tutorial_dag
[2022-12-31T20:28:55.554+0100] {logging_mixin.py:137} INFO - [2022-12-31T20:28:55.554+0100] {dag.py:2676} INFO - Sync 1 DAGs
[2022-12-31T20:28:55.557+0100] {logging_mixin.py:137} INFO - [2022-12-31T20:28:55.557+0100] {dag.py:2697} INFO - Creating ORM DAG for tutorial_dag
[2022-12-31T20:28:55.560+0100] {logging_mixin.py:137} INFO - [2022-12-31T20:28:55.560+0100] {dag.py:3423} INFO - Setting next_dagrun for tutorial_dag to None, run_after=None
[2022-12-31T20:28:55.566+0100] {processor.py:175} INFO - Processing /Library/Frameworks/Python.framework/Versions/3.11/lib/python3.11/site-packages/airflow/example_dags/tutorial_dag.py took 0.477 seconds
[2022-12-31T20:30:19.978+0100] {processor.py:153} INFO - Started process (PID=90322) to work on /Library/Frameworks/Python.framework/Versions/3.11/lib/python3.11/site-packages/airflow/example_dags/tutorial_dag.py
[2022-12-31T20:30:19.982+0100] {processor.py:743} INFO - Processing file /Library/Frameworks/Python.framework/Versions/3.11/lib/python3.11/site-packages/airflow/example_dags/tutorial_dag.py for tasks to queue
[2022-12-31T20:30:19.982+0100] {logging_mixin.py:137} INFO - [2022-12-31T20:30:19.982+0100] {dagbag.py:538} INFO - Filling up the DagBag from /Library/Frameworks/Python.framework/Versions/3.11/lib/python3.11/site-packages/airflow/example_dags/tutorial_dag.py
[2022-12-31T20:30:19.997+0100] {processor.py:753} INFO - DAG(s) dict_keys(['tutorial_dag']) retrieved from /Library/Frameworks/Python.framework/Versions/3.11/lib/python3.11/site-packages/airflow/example_dags/tutorial_dag.py
[2022-12-31T20:30:20.413+0100] {logging_mixin.py:137} INFO - [2022-12-31T20:30:20.413+0100] {dag.py:2676} INFO - Sync 1 DAGs
[2022-12-31T20:30:20.419+0100] {logging_mixin.py:137} INFO - [2022-12-31T20:30:20.419+0100] {dag.py:3423} INFO - Setting next_dagrun for tutorial_dag to None, run_after=None
[2022-12-31T20:30:20.425+0100] {processor.py:175} INFO - Processing /Library/Frameworks/Python.framework/Versions/3.11/lib/python3.11/site-packages/airflow/example_dags/tutorial_dag.py took 0.449 seconds
[2022-12-31T20:30:47.195+0100] {processor.py:153} INFO - Started process (PID=90363) to work on /Library/Frameworks/Python.framework/Versions/3.11/lib/python3.11/site-packages/airflow/example_dags/tutorial_dag.py
[2022-12-31T20:30:47.200+0100] {processor.py:743} INFO - Processing file /Library/Frameworks/Python.framework/Versions/3.11/lib/python3.11/site-packages/airflow/example_dags/tutorial_dag.py for tasks to queue
[2022-12-31T20:30:47.200+0100] {logging_mixin.py:137} INFO - [2022-12-31T20:30:47.200+0100] {dagbag.py:538} INFO - Filling up the DagBag from /Library/Frameworks/Python.framework/Versions/3.11/lib/python3.11/site-packages/airflow/example_dags/tutorial_dag.py
[2022-12-31T20:30:47.222+0100] {processor.py:753} INFO - DAG(s) dict_keys(['tutorial_dag']) retrieved from /Library/Frameworks/Python.framework/Versions/3.11/lib/python3.11/site-packages/airflow/example_dags/tutorial_dag.py
[2022-12-31T20:30:47.663+0100] {logging_mixin.py:137} INFO - [2022-12-31T20:30:47.663+0100] {dag.py:2676} INFO - Sync 1 DAGs
[2022-12-31T20:30:47.669+0100] {logging_mixin.py:137} INFO - [2022-12-31T20:30:47.669+0100] {dag.py:3423} INFO - Setting next_dagrun for tutorial_dag to None, run_after=None
[2022-12-31T20:30:47.676+0100] {processor.py:175} INFO - Processing /Library/Frameworks/Python.framework/Versions/3.11/lib/python3.11/site-packages/airflow/example_dags/tutorial_dag.py took 0.482 seconds
[2022-12-31T20:32:11.230+0100] {processor.py:153} INFO - Started process (PID=90495) to work on /Library/Frameworks/Python.framework/Versions/3.11/lib/python3.11/site-packages/airflow/example_dags/tutorial_dag.py
[2022-12-31T20:32:11.231+0100] {processor.py:743} INFO - Processing file /Library/Frameworks/Python.framework/Versions/3.11/lib/python3.11/site-packages/airflow/example_dags/tutorial_dag.py for tasks to queue
[2022-12-31T20:32:11.231+0100] {logging_mixin.py:137} INFO - [2022-12-31T20:32:11.231+0100] {dagbag.py:538} INFO - Filling up the DagBag from /Library/Frameworks/Python.framework/Versions/3.11/lib/python3.11/site-packages/airflow/example_dags/tutorial_dag.py
[2022-12-31T20:32:11.248+0100] {processor.py:753} INFO - DAG(s) dict_keys(['tutorial_dag']) retrieved from /Library/Frameworks/Python.framework/Versions/3.11/lib/python3.11/site-packages/airflow/example_dags/tutorial_dag.py
[2022-12-31T20:32:11.669+0100] {logging_mixin.py:137} INFO - [2022-12-31T20:32:11.669+0100] {dag.py:2676} INFO - Sync 1 DAGs
[2022-12-31T20:32:11.675+0100] {logging_mixin.py:137} INFO - [2022-12-31T20:32:11.675+0100] {dag.py:3423} INFO - Setting next_dagrun for tutorial_dag to None, run_after=None
[2022-12-31T20:32:11.682+0100] {processor.py:175} INFO - Processing /Library/Frameworks/Python.framework/Versions/3.11/lib/python3.11/site-packages/airflow/example_dags/tutorial_dag.py took 0.455 seconds
[2022-12-31T20:33:01.744+0100] {processor.py:153} INFO - Started process (PID=90559) to work on /Library/Frameworks/Python.framework/Versions/3.11/lib/python3.11/site-packages/airflow/example_dags/tutorial_dag.py
[2022-12-31T20:33:01.749+0100] {processor.py:743} INFO - Processing file /Library/Frameworks/Python.framework/Versions/3.11/lib/python3.11/site-packages/airflow/example_dags/tutorial_dag.py for tasks to queue
[2022-12-31T20:33:01.749+0100] {logging_mixin.py:137} INFO - [2022-12-31T20:33:01.749+0100] {dagbag.py:538} INFO - Filling up the DagBag from /Library/Frameworks/Python.framework/Versions/3.11/lib/python3.11/site-packages/airflow/example_dags/tutorial_dag.py
[2022-12-31T20:33:01.766+0100] {processor.py:753} INFO - DAG(s) dict_keys(['tutorial_dag']) retrieved from /Library/Frameworks/Python.framework/Versions/3.11/lib/python3.11/site-packages/airflow/example_dags/tutorial_dag.py
[2022-12-31T20:33:02.182+0100] {logging_mixin.py:137} INFO - [2022-12-31T20:33:02.182+0100] {dag.py:2676} INFO - Sync 1 DAGs
[2022-12-31T20:33:02.187+0100] {logging_mixin.py:137} INFO - [2022-12-31T20:33:02.187+0100] {dag.py:3423} INFO - Setting next_dagrun for tutorial_dag to None, run_after=None
[2022-12-31T20:33:02.194+0100] {processor.py:175} INFO - Processing /Library/Frameworks/Python.framework/Versions/3.11/lib/python3.11/site-packages/airflow/example_dags/tutorial_dag.py took 0.451 seconds
[2022-12-31T20:33:55.553+0100] {processor.py:153} INFO - Started process (PID=90635) to work on /Library/Frameworks/Python.framework/Versions/3.11/lib/python3.11/site-packages/airflow/example_dags/tutorial_dag.py
[2022-12-31T20:33:55.558+0100] {processor.py:743} INFO - Processing file /Library/Frameworks/Python.framework/Versions/3.11/lib/python3.11/site-packages/airflow/example_dags/tutorial_dag.py for tasks to queue
[2022-12-31T20:33:55.558+0100] {logging_mixin.py:137} INFO - [2022-12-31T20:33:55.558+0100] {dagbag.py:538} INFO - Filling up the DagBag from /Library/Frameworks/Python.framework/Versions/3.11/lib/python3.11/site-packages/airflow/example_dags/tutorial_dag.py
[2022-12-31T20:33:55.573+0100] {processor.py:753} INFO - DAG(s) dict_keys(['tutorial_dag']) retrieved from /Library/Frameworks/Python.framework/Versions/3.11/lib/python3.11/site-packages/airflow/example_dags/tutorial_dag.py
[2022-12-31T20:33:55.992+0100] {logging_mixin.py:137} INFO - [2022-12-31T20:33:55.992+0100] {dag.py:2676} INFO - Sync 1 DAGs
[2022-12-31T20:33:55.998+0100] {logging_mixin.py:137} INFO - [2022-12-31T20:33:55.998+0100] {dag.py:3423} INFO - Setting next_dagrun for tutorial_dag to None, run_after=None
[2022-12-31T20:33:56.005+0100] {processor.py:175} INFO - Processing /Library/Frameworks/Python.framework/Versions/3.11/lib/python3.11/site-packages/airflow/example_dags/tutorial_dag.py took 0.453 seconds
[2022-12-31T20:34:49.511+0100] {processor.py:153} INFO - Started process (PID=90720) to work on /Library/Frameworks/Python.framework/Versions/3.11/lib/python3.11/site-packages/airflow/example_dags/tutorial_dag.py
[2022-12-31T20:34:49.518+0100] {processor.py:743} INFO - Processing file /Library/Frameworks/Python.framework/Versions/3.11/lib/python3.11/site-packages/airflow/example_dags/tutorial_dag.py for tasks to queue
[2022-12-31T20:34:49.518+0100] {logging_mixin.py:137} INFO - [2022-12-31T20:34:49.518+0100] {dagbag.py:538} INFO - Filling up the DagBag from /Library/Frameworks/Python.framework/Versions/3.11/lib/python3.11/site-packages/airflow/example_dags/tutorial_dag.py
[2022-12-31T20:34:49.534+0100] {processor.py:753} INFO - DAG(s) dict_keys(['tutorial_dag']) retrieved from /Library/Frameworks/Python.framework/Versions/3.11/lib/python3.11/site-packages/airflow/example_dags/tutorial_dag.py
[2022-12-31T20:34:49.962+0100] {logging_mixin.py:137} INFO - [2022-12-31T20:34:49.961+0100] {dag.py:2676} INFO - Sync 1 DAGs
[2022-12-31T20:34:49.967+0100] {logging_mixin.py:137} INFO - [2022-12-31T20:34:49.967+0100] {dag.py:3423} INFO - Setting next_dagrun for tutorial_dag to None, run_after=None
[2022-12-31T20:34:49.975+0100] {processor.py:175} INFO - Processing /Library/Frameworks/Python.framework/Versions/3.11/lib/python3.11/site-packages/airflow/example_dags/tutorial_dag.py took 0.465 seconds
[2022-12-31T20:35:29.889+0100] {processor.py:153} INFO - Started process (PID=90778) to work on /Library/Frameworks/Python.framework/Versions/3.11/lib/python3.11/site-packages/airflow/example_dags/tutorial_dag.py
[2022-12-31T20:35:29.891+0100] {processor.py:743} INFO - Processing file /Library/Frameworks/Python.framework/Versions/3.11/lib/python3.11/site-packages/airflow/example_dags/tutorial_dag.py for tasks to queue
[2022-12-31T20:35:29.891+0100] {logging_mixin.py:137} INFO - [2022-12-31T20:35:29.891+0100] {dagbag.py:538} INFO - Filling up the DagBag from /Library/Frameworks/Python.framework/Versions/3.11/lib/python3.11/site-packages/airflow/example_dags/tutorial_dag.py
[2022-12-31T20:35:29.906+0100] {processor.py:753} INFO - DAG(s) dict_keys(['tutorial_dag']) retrieved from /Library/Frameworks/Python.framework/Versions/3.11/lib/python3.11/site-packages/airflow/example_dags/tutorial_dag.py
[2022-12-31T20:35:30.326+0100] {logging_mixin.py:137} INFO - [2022-12-31T20:35:30.326+0100] {dag.py:2676} INFO - Sync 1 DAGs
[2022-12-31T20:35:30.331+0100] {logging_mixin.py:137} INFO - [2022-12-31T20:35:30.331+0100] {dag.py:3423} INFO - Setting next_dagrun for tutorial_dag to None, run_after=None
[2022-12-31T20:35:30.342+0100] {processor.py:175} INFO - Processing /Library/Frameworks/Python.framework/Versions/3.11/lib/python3.11/site-packages/airflow/example_dags/tutorial_dag.py took 0.453 seconds
[2022-12-31T20:36:53.613+0100] {processor.py:153} INFO - Started process (PID=90900) to work on /Library/Frameworks/Python.framework/Versions/3.11/lib/python3.11/site-packages/airflow/example_dags/tutorial_dag.py
[2022-12-31T20:36:53.619+0100] {processor.py:743} INFO - Processing file /Library/Frameworks/Python.framework/Versions/3.11/lib/python3.11/site-packages/airflow/example_dags/tutorial_dag.py for tasks to queue
[2022-12-31T20:36:53.619+0100] {logging_mixin.py:137} INFO - [2022-12-31T20:36:53.619+0100] {dagbag.py:538} INFO - Filling up the DagBag from /Library/Frameworks/Python.framework/Versions/3.11/lib/python3.11/site-packages/airflow/example_dags/tutorial_dag.py
[2022-12-31T20:36:53.634+0100] {processor.py:753} INFO - DAG(s) dict_keys(['tutorial_dag']) retrieved from /Library/Frameworks/Python.framework/Versions/3.11/lib/python3.11/site-packages/airflow/example_dags/tutorial_dag.py
[2022-12-31T20:36:54.045+0100] {logging_mixin.py:137} INFO - [2022-12-31T20:36:54.044+0100] {dag.py:2676} INFO - Sync 1 DAGs
[2022-12-31T20:36:54.050+0100] {logging_mixin.py:137} INFO - [2022-12-31T20:36:54.050+0100] {dag.py:3423} INFO - Setting next_dagrun for tutorial_dag to None, run_after=None
[2022-12-31T20:36:54.058+0100] {processor.py:175} INFO - Processing /Library/Frameworks/Python.framework/Versions/3.11/lib/python3.11/site-packages/airflow/example_dags/tutorial_dag.py took 0.446 seconds
[2022-12-31T20:37:44.730+0100] {processor.py:153} INFO - Started process (PID=90967) to work on /Library/Frameworks/Python.framework/Versions/3.11/lib/python3.11/site-packages/airflow/example_dags/tutorial_dag.py
[2022-12-31T20:37:44.737+0100] {processor.py:743} INFO - Processing file /Library/Frameworks/Python.framework/Versions/3.11/lib/python3.11/site-packages/airflow/example_dags/tutorial_dag.py for tasks to queue
[2022-12-31T20:37:44.737+0100] {logging_mixin.py:137} INFO - [2022-12-31T20:37:44.737+0100] {dagbag.py:538} INFO - Filling up the DagBag from /Library/Frameworks/Python.framework/Versions/3.11/lib/python3.11/site-packages/airflow/example_dags/tutorial_dag.py
[2022-12-31T20:37:44.752+0100] {processor.py:753} INFO - DAG(s) dict_keys(['tutorial_dag']) retrieved from /Library/Frameworks/Python.framework/Versions/3.11/lib/python3.11/site-packages/airflow/example_dags/tutorial_dag.py
[2022-12-31T20:37:45.168+0100] {logging_mixin.py:137} INFO - [2022-12-31T20:37:45.168+0100] {dag.py:2676} INFO - Sync 1 DAGs
[2022-12-31T20:37:45.174+0100] {logging_mixin.py:137} INFO - [2022-12-31T20:37:45.174+0100] {dag.py:3423} INFO - Setting next_dagrun for tutorial_dag to None, run_after=None
[2022-12-31T20:37:45.181+0100] {processor.py:175} INFO - Processing /Library/Frameworks/Python.framework/Versions/3.11/lib/python3.11/site-packages/airflow/example_dags/tutorial_dag.py took 0.451 seconds
[2022-12-31T20:38:32.993+0100] {processor.py:153} INFO - Started process (PID=91031) to work on /Library/Frameworks/Python.framework/Versions/3.11/lib/python3.11/site-packages/airflow/example_dags/tutorial_dag.py
[2022-12-31T20:38:32.996+0100] {processor.py:743} INFO - Processing file /Library/Frameworks/Python.framework/Versions/3.11/lib/python3.11/site-packages/airflow/example_dags/tutorial_dag.py for tasks to queue
[2022-12-31T20:38:32.996+0100] {logging_mixin.py:137} INFO - [2022-12-31T20:38:32.996+0100] {dagbag.py:538} INFO - Filling up the DagBag from /Library/Frameworks/Python.framework/Versions/3.11/lib/python3.11/site-packages/airflow/example_dags/tutorial_dag.py
[2022-12-31T20:38:33.011+0100] {processor.py:753} INFO - DAG(s) dict_keys(['tutorial_dag']) retrieved from /Library/Frameworks/Python.framework/Versions/3.11/lib/python3.11/site-packages/airflow/example_dags/tutorial_dag.py
[2022-12-31T20:38:33.416+0100] {logging_mixin.py:137} INFO - [2022-12-31T20:38:33.416+0100] {dag.py:2676} INFO - Sync 1 DAGs
[2022-12-31T20:38:33.422+0100] {logging_mixin.py:137} INFO - [2022-12-31T20:38:33.422+0100] {dag.py:3423} INFO - Setting next_dagrun for tutorial_dag to None, run_after=None
[2022-12-31T20:38:33.429+0100] {processor.py:175} INFO - Processing /Library/Frameworks/Python.framework/Versions/3.11/lib/python3.11/site-packages/airflow/example_dags/tutorial_dag.py took 0.436 seconds
[2022-12-31T20:39:26.634+0100] {processor.py:153} INFO - Started process (PID=91142) to work on /Library/Frameworks/Python.framework/Versions/3.11/lib/python3.11/site-packages/airflow/example_dags/tutorial_dag.py
[2022-12-31T20:39:26.640+0100] {processor.py:743} INFO - Processing file /Library/Frameworks/Python.framework/Versions/3.11/lib/python3.11/site-packages/airflow/example_dags/tutorial_dag.py for tasks to queue
[2022-12-31T20:39:26.640+0100] {logging_mixin.py:137} INFO - [2022-12-31T20:39:26.640+0100] {dagbag.py:538} INFO - Filling up the DagBag from /Library/Frameworks/Python.framework/Versions/3.11/lib/python3.11/site-packages/airflow/example_dags/tutorial_dag.py
[2022-12-31T20:39:26.657+0100] {processor.py:753} INFO - DAG(s) dict_keys(['tutorial_dag']) retrieved from /Library/Frameworks/Python.framework/Versions/3.11/lib/python3.11/site-packages/airflow/example_dags/tutorial_dag.py
[2022-12-31T20:39:27.078+0100] {logging_mixin.py:137} INFO - [2022-12-31T20:39:27.078+0100] {dag.py:2676} INFO - Sync 1 DAGs
[2022-12-31T20:39:27.084+0100] {logging_mixin.py:137} INFO - [2022-12-31T20:39:27.084+0100] {dag.py:3423} INFO - Setting next_dagrun for tutorial_dag to None, run_after=None
[2022-12-31T20:39:27.092+0100] {processor.py:175} INFO - Processing /Library/Frameworks/Python.framework/Versions/3.11/lib/python3.11/site-packages/airflow/example_dags/tutorial_dag.py took 0.458 seconds
[2022-12-31T20:40:20.100+0100] {processor.py:153} INFO - Started process (PID=91235) to work on /Library/Frameworks/Python.framework/Versions/3.11/lib/python3.11/site-packages/airflow/example_dags/tutorial_dag.py
[2022-12-31T20:40:20.105+0100] {processor.py:743} INFO - Processing file /Library/Frameworks/Python.framework/Versions/3.11/lib/python3.11/site-packages/airflow/example_dags/tutorial_dag.py for tasks to queue
[2022-12-31T20:40:20.105+0100] {logging_mixin.py:137} INFO - [2022-12-31T20:40:20.105+0100] {dagbag.py:538} INFO - Filling up the DagBag from /Library/Frameworks/Python.framework/Versions/3.11/lib/python3.11/site-packages/airflow/example_dags/tutorial_dag.py
[2022-12-31T20:40:20.119+0100] {processor.py:753} INFO - DAG(s) dict_keys(['tutorial_dag']) retrieved from /Library/Frameworks/Python.framework/Versions/3.11/lib/python3.11/site-packages/airflow/example_dags/tutorial_dag.py
[2022-12-31T20:40:20.543+0100] {logging_mixin.py:137} INFO - [2022-12-31T20:40:20.543+0100] {dag.py:2676} INFO - Sync 1 DAGs
[2022-12-31T20:40:20.549+0100] {logging_mixin.py:137} INFO - [2022-12-31T20:40:20.548+0100] {dag.py:3423} INFO - Setting next_dagrun for tutorial_dag to None, run_after=None
[2022-12-31T20:40:20.556+0100] {processor.py:175} INFO - Processing /Library/Frameworks/Python.framework/Versions/3.11/lib/python3.11/site-packages/airflow/example_dags/tutorial_dag.py took 0.456 seconds
[2022-12-31T20:41:13.431+0100] {processor.py:153} INFO - Started process (PID=91305) to work on /Library/Frameworks/Python.framework/Versions/3.11/lib/python3.11/site-packages/airflow/example_dags/tutorial_dag.py
[2022-12-31T20:41:13.435+0100] {processor.py:743} INFO - Processing file /Library/Frameworks/Python.framework/Versions/3.11/lib/python3.11/site-packages/airflow/example_dags/tutorial_dag.py for tasks to queue
[2022-12-31T20:41:13.435+0100] {logging_mixin.py:137} INFO - [2022-12-31T20:41:13.435+0100] {dagbag.py:538} INFO - Filling up the DagBag from /Library/Frameworks/Python.framework/Versions/3.11/lib/python3.11/site-packages/airflow/example_dags/tutorial_dag.py
[2022-12-31T20:41:13.450+0100] {processor.py:753} INFO - DAG(s) dict_keys(['tutorial_dag']) retrieved from /Library/Frameworks/Python.framework/Versions/3.11/lib/python3.11/site-packages/airflow/example_dags/tutorial_dag.py
[2022-12-31T20:41:13.883+0100] {logging_mixin.py:137} INFO - [2022-12-31T20:41:13.883+0100] {dag.py:2676} INFO - Sync 1 DAGs
[2022-12-31T20:41:13.889+0100] {logging_mixin.py:137} INFO - [2022-12-31T20:41:13.889+0100] {dag.py:3423} INFO - Setting next_dagrun for tutorial_dag to None, run_after=None
[2022-12-31T20:41:13.896+0100] {processor.py:175} INFO - Processing /Library/Frameworks/Python.framework/Versions/3.11/lib/python3.11/site-packages/airflow/example_dags/tutorial_dag.py took 0.466 seconds
[2022-12-31T20:42:08.043+0100] {processor.py:153} INFO - Started process (PID=91378) to work on /Library/Frameworks/Python.framework/Versions/3.11/lib/python3.11/site-packages/airflow/example_dags/tutorial_dag.py
[2022-12-31T20:42:08.045+0100] {processor.py:743} INFO - Processing file /Library/Frameworks/Python.framework/Versions/3.11/lib/python3.11/site-packages/airflow/example_dags/tutorial_dag.py for tasks to queue
[2022-12-31T20:42:08.046+0100] {logging_mixin.py:137} INFO - [2022-12-31T20:42:08.046+0100] {dagbag.py:538} INFO - Filling up the DagBag from /Library/Frameworks/Python.framework/Versions/3.11/lib/python3.11/site-packages/airflow/example_dags/tutorial_dag.py
[2022-12-31T20:42:08.062+0100] {processor.py:753} INFO - DAG(s) dict_keys(['tutorial_dag']) retrieved from /Library/Frameworks/Python.framework/Versions/3.11/lib/python3.11/site-packages/airflow/example_dags/tutorial_dag.py
[2022-12-31T20:42:08.499+0100] {logging_mixin.py:137} INFO - [2022-12-31T20:42:08.499+0100] {dag.py:2676} INFO - Sync 1 DAGs
[2022-12-31T20:42:08.506+0100] {logging_mixin.py:137} INFO - [2022-12-31T20:42:08.506+0100] {dag.py:3423} INFO - Setting next_dagrun for tutorial_dag to None, run_after=None
[2022-12-31T20:42:08.511+0100] {processor.py:175} INFO - Processing /Library/Frameworks/Python.framework/Versions/3.11/lib/python3.11/site-packages/airflow/example_dags/tutorial_dag.py took 0.468 seconds
[2022-12-31T20:43:01.110+0100] {processor.py:153} INFO - Started process (PID=91495) to work on /Library/Frameworks/Python.framework/Versions/3.11/lib/python3.11/site-packages/airflow/example_dags/tutorial_dag.py
[2022-12-31T20:43:01.112+0100] {processor.py:743} INFO - Processing file /Library/Frameworks/Python.framework/Versions/3.11/lib/python3.11/site-packages/airflow/example_dags/tutorial_dag.py for tasks to queue
[2022-12-31T20:43:01.112+0100] {logging_mixin.py:137} INFO - [2022-12-31T20:43:01.112+0100] {dagbag.py:538} INFO - Filling up the DagBag from /Library/Frameworks/Python.framework/Versions/3.11/lib/python3.11/site-packages/airflow/example_dags/tutorial_dag.py
[2022-12-31T20:43:01.128+0100] {processor.py:753} INFO - DAG(s) dict_keys(['tutorial_dag']) retrieved from /Library/Frameworks/Python.framework/Versions/3.11/lib/python3.11/site-packages/airflow/example_dags/tutorial_dag.py
[2022-12-31T20:43:01.540+0100] {logging_mixin.py:137} INFO - [2022-12-31T20:43:01.540+0100] {dag.py:2676} INFO - Sync 1 DAGs
[2022-12-31T20:43:01.546+0100] {logging_mixin.py:137} INFO - [2022-12-31T20:43:01.546+0100] {dag.py:3423} INFO - Setting next_dagrun for tutorial_dag to None, run_after=None
[2022-12-31T20:43:01.552+0100] {processor.py:175} INFO - Processing /Library/Frameworks/Python.framework/Versions/3.11/lib/python3.11/site-packages/airflow/example_dags/tutorial_dag.py took 0.442 seconds
[2022-12-31T20:44:15.743+0100] {processor.py:153} INFO - Started process (PID=91658) to work on /Library/Frameworks/Python.framework/Versions/3.11/lib/python3.11/site-packages/airflow/example_dags/tutorial_dag.py
[2022-12-31T20:44:15.751+0100] {processor.py:743} INFO - Processing file /Library/Frameworks/Python.framework/Versions/3.11/lib/python3.11/site-packages/airflow/example_dags/tutorial_dag.py for tasks to queue
[2022-12-31T20:44:15.751+0100] {logging_mixin.py:137} INFO - [2022-12-31T20:44:15.751+0100] {dagbag.py:538} INFO - Filling up the DagBag from /Library/Frameworks/Python.framework/Versions/3.11/lib/python3.11/site-packages/airflow/example_dags/tutorial_dag.py
[2022-12-31T20:44:15.769+0100] {processor.py:753} INFO - DAG(s) dict_keys(['tutorial_dag']) retrieved from /Library/Frameworks/Python.framework/Versions/3.11/lib/python3.11/site-packages/airflow/example_dags/tutorial_dag.py
[2022-12-31T20:44:16.180+0100] {logging_mixin.py:137} INFO - [2022-12-31T20:44:16.180+0100] {dag.py:2676} INFO - Sync 1 DAGs
[2022-12-31T20:44:16.186+0100] {logging_mixin.py:137} INFO - [2022-12-31T20:44:16.186+0100] {dag.py:3423} INFO - Setting next_dagrun for tutorial_dag to None, run_after=None
[2022-12-31T20:44:16.192+0100] {processor.py:175} INFO - Processing /Library/Frameworks/Python.framework/Versions/3.11/lib/python3.11/site-packages/airflow/example_dags/tutorial_dag.py took 0.449 seconds
[2022-12-31T20:46:23.412+0100] {processor.py:153} INFO - Started process (PID=91879) to work on /Library/Frameworks/Python.framework/Versions/3.11/lib/python3.11/site-packages/airflow/example_dags/tutorial_dag.py
[2022-12-31T20:46:23.414+0100] {processor.py:743} INFO - Processing file /Library/Frameworks/Python.framework/Versions/3.11/lib/python3.11/site-packages/airflow/example_dags/tutorial_dag.py for tasks to queue
[2022-12-31T20:46:23.415+0100] {logging_mixin.py:137} INFO - [2022-12-31T20:46:23.415+0100] {dagbag.py:538} INFO - Filling up the DagBag from /Library/Frameworks/Python.framework/Versions/3.11/lib/python3.11/site-packages/airflow/example_dags/tutorial_dag.py
[2022-12-31T20:46:23.430+0100] {processor.py:753} INFO - DAG(s) dict_keys(['tutorial_dag']) retrieved from /Library/Frameworks/Python.framework/Versions/3.11/lib/python3.11/site-packages/airflow/example_dags/tutorial_dag.py
[2022-12-31T20:46:23.839+0100] {logging_mixin.py:137} INFO - [2022-12-31T20:46:23.839+0100] {dag.py:2676} INFO - Sync 1 DAGs
[2022-12-31T20:46:23.844+0100] {logging_mixin.py:137} INFO - [2022-12-31T20:46:23.844+0100] {dag.py:3423} INFO - Setting next_dagrun for tutorial_dag to None, run_after=None
[2022-12-31T20:46:23.850+0100] {processor.py:175} INFO - Processing /Library/Frameworks/Python.framework/Versions/3.11/lib/python3.11/site-packages/airflow/example_dags/tutorial_dag.py took 0.439 seconds
[2022-12-31T20:48:24.066+0100] {processor.py:153} INFO - Started process (PID=92112) to work on /Library/Frameworks/Python.framework/Versions/3.11/lib/python3.11/site-packages/airflow/example_dags/tutorial_dag.py
[2022-12-31T20:48:24.071+0100] {processor.py:743} INFO - Processing file /Library/Frameworks/Python.framework/Versions/3.11/lib/python3.11/site-packages/airflow/example_dags/tutorial_dag.py for tasks to queue
[2022-12-31T20:48:24.071+0100] {logging_mixin.py:137} INFO - [2022-12-31T20:48:24.071+0100] {dagbag.py:538} INFO - Filling up the DagBag from /Library/Frameworks/Python.framework/Versions/3.11/lib/python3.11/site-packages/airflow/example_dags/tutorial_dag.py
[2022-12-31T20:48:24.087+0100] {processor.py:753} INFO - DAG(s) dict_keys(['tutorial_dag']) retrieved from /Library/Frameworks/Python.framework/Versions/3.11/lib/python3.11/site-packages/airflow/example_dags/tutorial_dag.py
[2022-12-31T20:48:24.497+0100] {logging_mixin.py:137} INFO - [2022-12-31T20:48:24.497+0100] {dag.py:2676} INFO - Sync 1 DAGs
[2022-12-31T20:48:24.502+0100] {logging_mixin.py:137} INFO - [2022-12-31T20:48:24.502+0100] {dag.py:3423} INFO - Setting next_dagrun for tutorial_dag to None, run_after=None
[2022-12-31T20:48:24.508+0100] {processor.py:175} INFO - Processing /Library/Frameworks/Python.framework/Versions/3.11/lib/python3.11/site-packages/airflow/example_dags/tutorial_dag.py took 0.443 seconds
[2022-12-31T20:50:24.683+0100] {processor.py:153} INFO - Started process (PID=92361) to work on /Library/Frameworks/Python.framework/Versions/3.11/lib/python3.11/site-packages/airflow/example_dags/tutorial_dag.py
[2022-12-31T20:50:24.687+0100] {processor.py:743} INFO - Processing file /Library/Frameworks/Python.framework/Versions/3.11/lib/python3.11/site-packages/airflow/example_dags/tutorial_dag.py for tasks to queue
[2022-12-31T20:50:24.687+0100] {logging_mixin.py:137} INFO - [2022-12-31T20:50:24.687+0100] {dagbag.py:538} INFO - Filling up the DagBag from /Library/Frameworks/Python.framework/Versions/3.11/lib/python3.11/site-packages/airflow/example_dags/tutorial_dag.py
[2022-12-31T20:50:24.728+0100] {processor.py:753} INFO - DAG(s) dict_keys(['tutorial_dag']) retrieved from /Library/Frameworks/Python.framework/Versions/3.11/lib/python3.11/site-packages/airflow/example_dags/tutorial_dag.py
[2022-12-31T20:50:25.211+0100] {logging_mixin.py:137} INFO - [2022-12-31T20:50:25.211+0100] {dag.py:2676} INFO - Sync 1 DAGs
[2022-12-31T20:50:25.218+0100] {logging_mixin.py:137} INFO - [2022-12-31T20:50:25.218+0100] {dag.py:3423} INFO - Setting next_dagrun for tutorial_dag to None, run_after=None
[2022-12-31T20:50:25.227+0100] {processor.py:175} INFO - Processing /Library/Frameworks/Python.framework/Versions/3.11/lib/python3.11/site-packages/airflow/example_dags/tutorial_dag.py took 0.545 seconds
[2022-12-31T20:52:52.554+0100] {processor.py:153} INFO - Started process (PID=92739) to work on /Library/Frameworks/Python.framework/Versions/3.11/lib/python3.11/site-packages/airflow/example_dags/tutorial_dag.py
[2022-12-31T20:52:52.558+0100] {processor.py:743} INFO - Processing file /Library/Frameworks/Python.framework/Versions/3.11/lib/python3.11/site-packages/airflow/example_dags/tutorial_dag.py for tasks to queue
[2022-12-31T20:52:52.559+0100] {logging_mixin.py:137} INFO - [2022-12-31T20:52:52.559+0100] {dagbag.py:538} INFO - Filling up the DagBag from /Library/Frameworks/Python.framework/Versions/3.11/lib/python3.11/site-packages/airflow/example_dags/tutorial_dag.py
[2022-12-31T20:52:52.591+0100] {processor.py:753} INFO - DAG(s) dict_keys(['tutorial_dag']) retrieved from /Library/Frameworks/Python.framework/Versions/3.11/lib/python3.11/site-packages/airflow/example_dags/tutorial_dag.py
[2022-12-31T20:52:53.003+0100] {logging_mixin.py:137} INFO - [2022-12-31T20:52:53.003+0100] {dag.py:2676} INFO - Sync 1 DAGs
[2022-12-31T20:52:53.009+0100] {logging_mixin.py:137} INFO - [2022-12-31T20:52:53.009+0100] {dag.py:3423} INFO - Setting next_dagrun for tutorial_dag to None, run_after=None
[2022-12-31T20:52:53.015+0100] {processor.py:175} INFO - Processing /Library/Frameworks/Python.framework/Versions/3.11/lib/python3.11/site-packages/airflow/example_dags/tutorial_dag.py took 0.461 seconds
[2022-12-31T20:55:00.221+0100] {processor.py:153} INFO - Started process (PID=93113) to work on /Library/Frameworks/Python.framework/Versions/3.11/lib/python3.11/site-packages/airflow/example_dags/tutorial_dag.py
[2022-12-31T20:55:00.226+0100] {processor.py:743} INFO - Processing file /Library/Frameworks/Python.framework/Versions/3.11/lib/python3.11/site-packages/airflow/example_dags/tutorial_dag.py for tasks to queue
[2022-12-31T20:55:00.227+0100] {logging_mixin.py:137} INFO - [2022-12-31T20:55:00.227+0100] {dagbag.py:538} INFO - Filling up the DagBag from /Library/Frameworks/Python.framework/Versions/3.11/lib/python3.11/site-packages/airflow/example_dags/tutorial_dag.py
[2022-12-31T20:55:00.243+0100] {processor.py:753} INFO - DAG(s) dict_keys(['tutorial_dag']) retrieved from /Library/Frameworks/Python.framework/Versions/3.11/lib/python3.11/site-packages/airflow/example_dags/tutorial_dag.py
[2022-12-31T20:55:00.762+0100] {logging_mixin.py:137} INFO - [2022-12-31T20:55:00.762+0100] {dag.py:2676} INFO - Sync 1 DAGs
[2022-12-31T20:55:00.773+0100] {logging_mixin.py:137} INFO - [2022-12-31T20:55:00.773+0100] {dag.py:3423} INFO - Setting next_dagrun for tutorial_dag to None, run_after=None
[2022-12-31T20:55:00.782+0100] {processor.py:175} INFO - Processing /Library/Frameworks/Python.framework/Versions/3.11/lib/python3.11/site-packages/airflow/example_dags/tutorial_dag.py took 0.564 seconds
[2022-12-31T20:56:14.111+0100] {processor.py:153} INFO - Started process (PID=93252) to work on /Library/Frameworks/Python.framework/Versions/3.11/lib/python3.11/site-packages/airflow/example_dags/tutorial_dag.py
[2022-12-31T20:56:14.117+0100] {processor.py:743} INFO - Processing file /Library/Frameworks/Python.framework/Versions/3.11/lib/python3.11/site-packages/airflow/example_dags/tutorial_dag.py for tasks to queue
[2022-12-31T20:56:14.117+0100] {logging_mixin.py:137} INFO - [2022-12-31T20:56:14.117+0100] {dagbag.py:538} INFO - Filling up the DagBag from /Library/Frameworks/Python.framework/Versions/3.11/lib/python3.11/site-packages/airflow/example_dags/tutorial_dag.py
[2022-12-31T20:56:14.136+0100] {processor.py:753} INFO - DAG(s) dict_keys(['tutorial_dag']) retrieved from /Library/Frameworks/Python.framework/Versions/3.11/lib/python3.11/site-packages/airflow/example_dags/tutorial_dag.py
[2022-12-31T20:56:14.582+0100] {logging_mixin.py:137} INFO - [2022-12-31T20:56:14.582+0100] {dag.py:2676} INFO - Sync 1 DAGs
[2022-12-31T20:56:14.588+0100] {logging_mixin.py:137} INFO - [2022-12-31T20:56:14.588+0100] {dag.py:3423} INFO - Setting next_dagrun for tutorial_dag to None, run_after=None
[2022-12-31T20:56:14.595+0100] {processor.py:175} INFO - Processing /Library/Frameworks/Python.framework/Versions/3.11/lib/python3.11/site-packages/airflow/example_dags/tutorial_dag.py took 0.484 seconds
[2022-12-31T20:57:17.780+0100] {processor.py:153} INFO - Started process (PID=93388) to work on /Library/Frameworks/Python.framework/Versions/3.11/lib/python3.11/site-packages/airflow/example_dags/tutorial_dag.py
[2022-12-31T20:57:17.787+0100] {processor.py:743} INFO - Processing file /Library/Frameworks/Python.framework/Versions/3.11/lib/python3.11/site-packages/airflow/example_dags/tutorial_dag.py for tasks to queue
[2022-12-31T20:57:17.787+0100] {logging_mixin.py:137} INFO - [2022-12-31T20:57:17.787+0100] {dagbag.py:538} INFO - Filling up the DagBag from /Library/Frameworks/Python.framework/Versions/3.11/lib/python3.11/site-packages/airflow/example_dags/tutorial_dag.py
[2022-12-31T20:57:17.803+0100] {processor.py:753} INFO - DAG(s) dict_keys(['tutorial_dag']) retrieved from /Library/Frameworks/Python.framework/Versions/3.11/lib/python3.11/site-packages/airflow/example_dags/tutorial_dag.py
[2022-12-31T20:57:18.298+0100] {logging_mixin.py:137} INFO - [2022-12-31T20:57:18.298+0100] {dag.py:2676} INFO - Sync 1 DAGs
[2022-12-31T20:57:18.305+0100] {logging_mixin.py:137} INFO - [2022-12-31T20:57:18.305+0100] {dag.py:3423} INFO - Setting next_dagrun for tutorial_dag to None, run_after=None
[2022-12-31T20:57:18.312+0100] {processor.py:175} INFO - Processing /Library/Frameworks/Python.framework/Versions/3.11/lib/python3.11/site-packages/airflow/example_dags/tutorial_dag.py took 0.533 seconds
[2022-12-31T20:58:16.776+0100] {processor.py:153} INFO - Started process (PID=93504) to work on /Library/Frameworks/Python.framework/Versions/3.11/lib/python3.11/site-packages/airflow/example_dags/tutorial_dag.py
[2022-12-31T20:58:16.788+0100] {processor.py:743} INFO - Processing file /Library/Frameworks/Python.framework/Versions/3.11/lib/python3.11/site-packages/airflow/example_dags/tutorial_dag.py for tasks to queue
[2022-12-31T20:58:16.788+0100] {logging_mixin.py:137} INFO - [2022-12-31T20:58:16.788+0100] {dagbag.py:538} INFO - Filling up the DagBag from /Library/Frameworks/Python.framework/Versions/3.11/lib/python3.11/site-packages/airflow/example_dags/tutorial_dag.py
[2022-12-31T20:58:16.805+0100] {processor.py:753} INFO - DAG(s) dict_keys(['tutorial_dag']) retrieved from /Library/Frameworks/Python.framework/Versions/3.11/lib/python3.11/site-packages/airflow/example_dags/tutorial_dag.py
[2022-12-31T20:58:17.219+0100] {logging_mixin.py:137} INFO - [2022-12-31T20:58:17.219+0100] {dag.py:2676} INFO - Sync 1 DAGs
[2022-12-31T20:58:17.225+0100] {logging_mixin.py:137} INFO - [2022-12-31T20:58:17.225+0100] {dag.py:3423} INFO - Setting next_dagrun for tutorial_dag to None, run_after=None
[2022-12-31T20:58:17.231+0100] {processor.py:175} INFO - Processing /Library/Frameworks/Python.framework/Versions/3.11/lib/python3.11/site-packages/airflow/example_dags/tutorial_dag.py took 0.456 seconds
[2022-12-31T20:59:18.071+0100] {processor.py:153} INFO - Started process (PID=93652) to work on /Library/Frameworks/Python.framework/Versions/3.11/lib/python3.11/site-packages/airflow/example_dags/tutorial_dag.py
[2022-12-31T20:59:18.077+0100] {processor.py:743} INFO - Processing file /Library/Frameworks/Python.framework/Versions/3.11/lib/python3.11/site-packages/airflow/example_dags/tutorial_dag.py for tasks to queue
[2022-12-31T20:59:18.077+0100] {logging_mixin.py:137} INFO - [2022-12-31T20:59:18.077+0100] {dagbag.py:538} INFO - Filling up the DagBag from /Library/Frameworks/Python.framework/Versions/3.11/lib/python3.11/site-packages/airflow/example_dags/tutorial_dag.py
[2022-12-31T20:59:18.097+0100] {processor.py:753} INFO - DAG(s) dict_keys(['tutorial_dag']) retrieved from /Library/Frameworks/Python.framework/Versions/3.11/lib/python3.11/site-packages/airflow/example_dags/tutorial_dag.py
[2022-12-31T20:59:18.662+0100] {logging_mixin.py:137} INFO - [2022-12-31T20:59:18.662+0100] {dag.py:2676} INFO - Sync 1 DAGs
[2022-12-31T20:59:18.670+0100] {logging_mixin.py:137} INFO - [2022-12-31T20:59:18.669+0100] {dag.py:3423} INFO - Setting next_dagrun for tutorial_dag to None, run_after=None
[2022-12-31T20:59:18.678+0100] {processor.py:175} INFO - Processing /Library/Frameworks/Python.framework/Versions/3.11/lib/python3.11/site-packages/airflow/example_dags/tutorial_dag.py took 0.607 seconds
[2022-12-31T21:00:20.593+0100] {processor.py:153} INFO - Started process (PID=93761) to work on /Library/Frameworks/Python.framework/Versions/3.11/lib/python3.11/site-packages/airflow/example_dags/tutorial_dag.py
[2022-12-31T21:00:20.599+0100] {processor.py:743} INFO - Processing file /Library/Frameworks/Python.framework/Versions/3.11/lib/python3.11/site-packages/airflow/example_dags/tutorial_dag.py for tasks to queue
[2022-12-31T21:00:20.599+0100] {logging_mixin.py:137} INFO - [2022-12-31T21:00:20.599+0100] {dagbag.py:538} INFO - Filling up the DagBag from /Library/Frameworks/Python.framework/Versions/3.11/lib/python3.11/site-packages/airflow/example_dags/tutorial_dag.py
[2022-12-31T21:00:20.615+0100] {processor.py:753} INFO - DAG(s) dict_keys(['tutorial_dag']) retrieved from /Library/Frameworks/Python.framework/Versions/3.11/lib/python3.11/site-packages/airflow/example_dags/tutorial_dag.py
[2022-12-31T21:00:21.127+0100] {logging_mixin.py:137} INFO - [2022-12-31T21:00:21.127+0100] {dag.py:2676} INFO - Sync 1 DAGs
[2022-12-31T21:00:21.136+0100] {logging_mixin.py:137} INFO - [2022-12-31T21:00:21.136+0100] {dag.py:3423} INFO - Setting next_dagrun for tutorial_dag to None, run_after=None
[2022-12-31T21:00:21.146+0100] {processor.py:175} INFO - Processing /Library/Frameworks/Python.framework/Versions/3.11/lib/python3.11/site-packages/airflow/example_dags/tutorial_dag.py took 0.555 seconds
[2022-12-31T21:01:22.220+0100] {processor.py:153} INFO - Started process (PID=93898) to work on /Library/Frameworks/Python.framework/Versions/3.11/lib/python3.11/site-packages/airflow/example_dags/tutorial_dag.py
[2022-12-31T21:01:22.226+0100] {processor.py:743} INFO - Processing file /Library/Frameworks/Python.framework/Versions/3.11/lib/python3.11/site-packages/airflow/example_dags/tutorial_dag.py for tasks to queue
[2022-12-31T21:01:22.226+0100] {logging_mixin.py:137} INFO - [2022-12-31T21:01:22.226+0100] {dagbag.py:538} INFO - Filling up the DagBag from /Library/Frameworks/Python.framework/Versions/3.11/lib/python3.11/site-packages/airflow/example_dags/tutorial_dag.py
[2022-12-31T21:01:22.245+0100] {processor.py:753} INFO - DAG(s) dict_keys(['tutorial_dag']) retrieved from /Library/Frameworks/Python.framework/Versions/3.11/lib/python3.11/site-packages/airflow/example_dags/tutorial_dag.py
[2022-12-31T21:01:22.708+0100] {logging_mixin.py:137} INFO - [2022-12-31T21:01:22.708+0100] {dag.py:2676} INFO - Sync 1 DAGs
[2022-12-31T21:01:22.715+0100] {logging_mixin.py:137} INFO - [2022-12-31T21:01:22.714+0100] {dag.py:3423} INFO - Setting next_dagrun for tutorial_dag to None, run_after=None
[2022-12-31T21:01:22.722+0100] {processor.py:175} INFO - Processing /Library/Frameworks/Python.framework/Versions/3.11/lib/python3.11/site-packages/airflow/example_dags/tutorial_dag.py took 0.502 seconds
[2022-12-31T21:02:21.344+0100] {processor.py:153} INFO - Started process (PID=94088) to work on /Library/Frameworks/Python.framework/Versions/3.11/lib/python3.11/site-packages/airflow/example_dags/tutorial_dag.py
[2022-12-31T21:02:21.348+0100] {processor.py:743} INFO - Processing file /Library/Frameworks/Python.framework/Versions/3.11/lib/python3.11/site-packages/airflow/example_dags/tutorial_dag.py for tasks to queue
[2022-12-31T21:02:21.348+0100] {logging_mixin.py:137} INFO - [2022-12-31T21:02:21.348+0100] {dagbag.py:538} INFO - Filling up the DagBag from /Library/Frameworks/Python.framework/Versions/3.11/lib/python3.11/site-packages/airflow/example_dags/tutorial_dag.py
[2022-12-31T21:02:21.363+0100] {processor.py:753} INFO - DAG(s) dict_keys(['tutorial_dag']) retrieved from /Library/Frameworks/Python.framework/Versions/3.11/lib/python3.11/site-packages/airflow/example_dags/tutorial_dag.py
[2022-12-31T21:02:21.780+0100] {logging_mixin.py:137} INFO - [2022-12-31T21:02:21.780+0100] {dag.py:2676} INFO - Sync 1 DAGs
[2022-12-31T21:02:21.786+0100] {logging_mixin.py:137} INFO - [2022-12-31T21:02:21.786+0100] {dag.py:3423} INFO - Setting next_dagrun for tutorial_dag to None, run_after=None
[2022-12-31T21:02:21.794+0100] {processor.py:175} INFO - Processing /Library/Frameworks/Python.framework/Versions/3.11/lib/python3.11/site-packages/airflow/example_dags/tutorial_dag.py took 0.451 seconds
[2022-12-31T21:03:25.918+0100] {processor.py:153} INFO - Started process (PID=94290) to work on /Library/Frameworks/Python.framework/Versions/3.11/lib/python3.11/site-packages/airflow/example_dags/tutorial_dag.py
[2022-12-31T21:03:25.920+0100] {processor.py:743} INFO - Processing file /Library/Frameworks/Python.framework/Versions/3.11/lib/python3.11/site-packages/airflow/example_dags/tutorial_dag.py for tasks to queue
[2022-12-31T21:03:25.920+0100] {logging_mixin.py:137} INFO - [2022-12-31T21:03:25.920+0100] {dagbag.py:538} INFO - Filling up the DagBag from /Library/Frameworks/Python.framework/Versions/3.11/lib/python3.11/site-packages/airflow/example_dags/tutorial_dag.py
[2022-12-31T21:03:25.951+0100] {processor.py:753} INFO - DAG(s) dict_keys(['tutorial_dag']) retrieved from /Library/Frameworks/Python.framework/Versions/3.11/lib/python3.11/site-packages/airflow/example_dags/tutorial_dag.py
[2022-12-31T21:03:26.458+0100] {logging_mixin.py:137} INFO - [2022-12-31T21:03:26.458+0100] {dag.py:2676} INFO - Sync 1 DAGs
[2022-12-31T21:03:26.466+0100] {logging_mixin.py:137} INFO - [2022-12-31T21:03:26.465+0100] {dag.py:3423} INFO - Setting next_dagrun for tutorial_dag to None, run_after=None
[2022-12-31T21:03:26.473+0100] {processor.py:175} INFO - Processing /Library/Frameworks/Python.framework/Versions/3.11/lib/python3.11/site-packages/airflow/example_dags/tutorial_dag.py took 0.556 seconds
[2022-12-31T21:04:30.565+0100] {processor.py:153} INFO - Started process (PID=94412) to work on /Library/Frameworks/Python.framework/Versions/3.11/lib/python3.11/site-packages/airflow/example_dags/tutorial_dag.py
[2022-12-31T21:04:30.570+0100] {processor.py:743} INFO - Processing file /Library/Frameworks/Python.framework/Versions/3.11/lib/python3.11/site-packages/airflow/example_dags/tutorial_dag.py for tasks to queue
[2022-12-31T21:04:30.571+0100] {logging_mixin.py:137} INFO - [2022-12-31T21:04:30.571+0100] {dagbag.py:538} INFO - Filling up the DagBag from /Library/Frameworks/Python.framework/Versions/3.11/lib/python3.11/site-packages/airflow/example_dags/tutorial_dag.py
[2022-12-31T21:04:30.586+0100] {processor.py:753} INFO - DAG(s) dict_keys(['tutorial_dag']) retrieved from /Library/Frameworks/Python.framework/Versions/3.11/lib/python3.11/site-packages/airflow/example_dags/tutorial_dag.py
[2022-12-31T21:04:31.073+0100] {logging_mixin.py:137} INFO - [2022-12-31T21:04:31.073+0100] {dag.py:2676} INFO - Sync 1 DAGs
[2022-12-31T21:04:31.079+0100] {logging_mixin.py:137} INFO - [2022-12-31T21:04:31.079+0100] {dag.py:3423} INFO - Setting next_dagrun for tutorial_dag to None, run_after=None
[2022-12-31T21:04:31.086+0100] {processor.py:175} INFO - Processing /Library/Frameworks/Python.framework/Versions/3.11/lib/python3.11/site-packages/airflow/example_dags/tutorial_dag.py took 0.522 seconds
[2022-12-31T21:05:29.393+0100] {processor.py:153} INFO - Started process (PID=94534) to work on /Library/Frameworks/Python.framework/Versions/3.11/lib/python3.11/site-packages/airflow/example_dags/tutorial_dag.py
[2022-12-31T21:05:29.398+0100] {processor.py:743} INFO - Processing file /Library/Frameworks/Python.framework/Versions/3.11/lib/python3.11/site-packages/airflow/example_dags/tutorial_dag.py for tasks to queue
[2022-12-31T21:05:29.399+0100] {logging_mixin.py:137} INFO - [2022-12-31T21:05:29.398+0100] {dagbag.py:538} INFO - Filling up the DagBag from /Library/Frameworks/Python.framework/Versions/3.11/lib/python3.11/site-packages/airflow/example_dags/tutorial_dag.py
[2022-12-31T21:05:29.418+0100] {processor.py:753} INFO - DAG(s) dict_keys(['tutorial_dag']) retrieved from /Library/Frameworks/Python.framework/Versions/3.11/lib/python3.11/site-packages/airflow/example_dags/tutorial_dag.py
[2022-12-31T21:05:29.838+0100] {logging_mixin.py:137} INFO - [2022-12-31T21:05:29.838+0100] {dag.py:2676} INFO - Sync 1 DAGs
[2022-12-31T21:05:29.844+0100] {logging_mixin.py:137} INFO - [2022-12-31T21:05:29.844+0100] {dag.py:3423} INFO - Setting next_dagrun for tutorial_dag to None, run_after=None
[2022-12-31T21:05:29.851+0100] {processor.py:175} INFO - Processing /Library/Frameworks/Python.framework/Versions/3.11/lib/python3.11/site-packages/airflow/example_dags/tutorial_dag.py took 0.458 seconds
[2022-12-31T21:06:23.521+0100] {processor.py:153} INFO - Started process (PID=94648) to work on /Library/Frameworks/Python.framework/Versions/3.11/lib/python3.11/site-packages/airflow/example_dags/tutorial_dag.py
[2022-12-31T21:06:23.533+0100] {processor.py:743} INFO - Processing file /Library/Frameworks/Python.framework/Versions/3.11/lib/python3.11/site-packages/airflow/example_dags/tutorial_dag.py for tasks to queue
[2022-12-31T21:06:23.534+0100] {logging_mixin.py:137} INFO - [2022-12-31T21:06:23.534+0100] {dagbag.py:538} INFO - Filling up the DagBag from /Library/Frameworks/Python.framework/Versions/3.11/lib/python3.11/site-packages/airflow/example_dags/tutorial_dag.py
[2022-12-31T21:06:23.550+0100] {processor.py:753} INFO - DAG(s) dict_keys(['tutorial_dag']) retrieved from /Library/Frameworks/Python.framework/Versions/3.11/lib/python3.11/site-packages/airflow/example_dags/tutorial_dag.py
[2022-12-31T21:06:23.992+0100] {logging_mixin.py:137} INFO - [2022-12-31T21:06:23.991+0100] {dag.py:2676} INFO - Sync 1 DAGs
[2022-12-31T21:06:23.997+0100] {logging_mixin.py:137} INFO - [2022-12-31T21:06:23.997+0100] {dag.py:3423} INFO - Setting next_dagrun for tutorial_dag to None, run_after=None
[2022-12-31T21:06:24.004+0100] {processor.py:175} INFO - Processing /Library/Frameworks/Python.framework/Versions/3.11/lib/python3.11/site-packages/airflow/example_dags/tutorial_dag.py took 0.483 seconds
[2022-12-31T21:07:17.348+0100] {processor.py:153} INFO - Started process (PID=94751) to work on /Library/Frameworks/Python.framework/Versions/3.11/lib/python3.11/site-packages/airflow/example_dags/tutorial_dag.py
[2022-12-31T21:07:17.354+0100] {processor.py:743} INFO - Processing file /Library/Frameworks/Python.framework/Versions/3.11/lib/python3.11/site-packages/airflow/example_dags/tutorial_dag.py for tasks to queue
[2022-12-31T21:07:17.354+0100] {logging_mixin.py:137} INFO - [2022-12-31T21:07:17.354+0100] {dagbag.py:538} INFO - Filling up the DagBag from /Library/Frameworks/Python.framework/Versions/3.11/lib/python3.11/site-packages/airflow/example_dags/tutorial_dag.py
[2022-12-31T21:07:17.370+0100] {processor.py:753} INFO - DAG(s) dict_keys(['tutorial_dag']) retrieved from /Library/Frameworks/Python.framework/Versions/3.11/lib/python3.11/site-packages/airflow/example_dags/tutorial_dag.py
[2022-12-31T21:07:17.855+0100] {logging_mixin.py:137} INFO - [2022-12-31T21:07:17.855+0100] {dag.py:2676} INFO - Sync 1 DAGs
[2022-12-31T21:07:17.862+0100] {logging_mixin.py:137} INFO - [2022-12-31T21:07:17.862+0100] {dag.py:3423} INFO - Setting next_dagrun for tutorial_dag to None, run_after=None
[2022-12-31T21:07:17.868+0100] {processor.py:175} INFO - Processing /Library/Frameworks/Python.framework/Versions/3.11/lib/python3.11/site-packages/airflow/example_dags/tutorial_dag.py took 0.520 seconds
[2022-12-31T21:08:15.668+0100] {processor.py:153} INFO - Started process (PID=94913) to work on /Library/Frameworks/Python.framework/Versions/3.11/lib/python3.11/site-packages/airflow/example_dags/tutorial_dag.py
[2022-12-31T21:08:15.670+0100] {processor.py:743} INFO - Processing file /Library/Frameworks/Python.framework/Versions/3.11/lib/python3.11/site-packages/airflow/example_dags/tutorial_dag.py for tasks to queue
[2022-12-31T21:08:15.670+0100] {logging_mixin.py:137} INFO - [2022-12-31T21:08:15.670+0100] {dagbag.py:538} INFO - Filling up the DagBag from /Library/Frameworks/Python.framework/Versions/3.11/lib/python3.11/site-packages/airflow/example_dags/tutorial_dag.py
[2022-12-31T21:08:15.704+0100] {processor.py:753} INFO - DAG(s) dict_keys(['tutorial_dag']) retrieved from /Library/Frameworks/Python.framework/Versions/3.11/lib/python3.11/site-packages/airflow/example_dags/tutorial_dag.py
[2022-12-31T21:08:16.206+0100] {logging_mixin.py:137} INFO - [2022-12-31T21:08:16.206+0100] {dag.py:2676} INFO - Sync 1 DAGs
[2022-12-31T21:08:16.213+0100] {logging_mixin.py:137} INFO - [2022-12-31T21:08:16.213+0100] {dag.py:3423} INFO - Setting next_dagrun for tutorial_dag to None, run_after=None
[2022-12-31T21:08:16.220+0100] {processor.py:175} INFO - Processing /Library/Frameworks/Python.framework/Versions/3.11/lib/python3.11/site-packages/airflow/example_dags/tutorial_dag.py took 0.553 seconds
[2022-12-31T21:09:15.461+0100] {processor.py:153} INFO - Started process (PID=95046) to work on /Library/Frameworks/Python.framework/Versions/3.11/lib/python3.11/site-packages/airflow/example_dags/tutorial_dag.py
[2022-12-31T21:09:15.466+0100] {processor.py:743} INFO - Processing file /Library/Frameworks/Python.framework/Versions/3.11/lib/python3.11/site-packages/airflow/example_dags/tutorial_dag.py for tasks to queue
[2022-12-31T21:09:15.467+0100] {logging_mixin.py:137} INFO - [2022-12-31T21:09:15.467+0100] {dagbag.py:538} INFO - Filling up the DagBag from /Library/Frameworks/Python.framework/Versions/3.11/lib/python3.11/site-packages/airflow/example_dags/tutorial_dag.py
[2022-12-31T21:09:15.482+0100] {processor.py:753} INFO - DAG(s) dict_keys(['tutorial_dag']) retrieved from /Library/Frameworks/Python.framework/Versions/3.11/lib/python3.11/site-packages/airflow/example_dags/tutorial_dag.py
[2022-12-31T21:09:16.032+0100] {logging_mixin.py:137} INFO - [2022-12-31T21:09:16.032+0100] {dag.py:2676} INFO - Sync 1 DAGs
[2022-12-31T21:09:16.039+0100] {logging_mixin.py:137} INFO - [2022-12-31T21:09:16.039+0100] {dag.py:3423} INFO - Setting next_dagrun for tutorial_dag to None, run_after=None
[2022-12-31T21:09:16.047+0100] {processor.py:175} INFO - Processing /Library/Frameworks/Python.framework/Versions/3.11/lib/python3.11/site-packages/airflow/example_dags/tutorial_dag.py took 0.586 seconds
[2022-12-31T21:10:17.689+0100] {processor.py:153} INFO - Started process (PID=95211) to work on /Library/Frameworks/Python.framework/Versions/3.11/lib/python3.11/site-packages/airflow/example_dags/tutorial_dag.py
[2022-12-31T21:10:17.691+0100] {processor.py:743} INFO - Processing file /Library/Frameworks/Python.framework/Versions/3.11/lib/python3.11/site-packages/airflow/example_dags/tutorial_dag.py for tasks to queue
[2022-12-31T21:10:17.691+0100] {logging_mixin.py:137} INFO - [2022-12-31T21:10:17.691+0100] {dagbag.py:538} INFO - Filling up the DagBag from /Library/Frameworks/Python.framework/Versions/3.11/lib/python3.11/site-packages/airflow/example_dags/tutorial_dag.py
[2022-12-31T21:10:17.713+0100] {processor.py:753} INFO - DAG(s) dict_keys(['tutorial_dag']) retrieved from /Library/Frameworks/Python.framework/Versions/3.11/lib/python3.11/site-packages/airflow/example_dags/tutorial_dag.py
[2022-12-31T21:10:18.154+0100] {logging_mixin.py:137} INFO - [2022-12-31T21:10:18.154+0100] {dag.py:2676} INFO - Sync 1 DAGs
[2022-12-31T21:10:18.161+0100] {logging_mixin.py:137} INFO - [2022-12-31T21:10:18.161+0100] {dag.py:3423} INFO - Setting next_dagrun for tutorial_dag to None, run_after=None
[2022-12-31T21:10:18.168+0100] {processor.py:175} INFO - Processing /Library/Frameworks/Python.framework/Versions/3.11/lib/python3.11/site-packages/airflow/example_dags/tutorial_dag.py took 0.481 seconds
[2022-12-31T21:11:19.876+0100] {processor.py:153} INFO - Started process (PID=95401) to work on /Library/Frameworks/Python.framework/Versions/3.11/lib/python3.11/site-packages/airflow/example_dags/tutorial_dag.py
[2022-12-31T21:11:19.882+0100] {processor.py:743} INFO - Processing file /Library/Frameworks/Python.framework/Versions/3.11/lib/python3.11/site-packages/airflow/example_dags/tutorial_dag.py for tasks to queue
[2022-12-31T21:11:19.887+0100] {logging_mixin.py:137} INFO - [2022-12-31T21:11:19.887+0100] {dagbag.py:538} INFO - Filling up the DagBag from /Library/Frameworks/Python.framework/Versions/3.11/lib/python3.11/site-packages/airflow/example_dags/tutorial_dag.py
[2022-12-31T21:11:19.951+0100] {processor.py:753} INFO - DAG(s) dict_keys(['tutorial_dag']) retrieved from /Library/Frameworks/Python.framework/Versions/3.11/lib/python3.11/site-packages/airflow/example_dags/tutorial_dag.py
[2022-12-31T21:11:20.495+0100] {logging_mixin.py:137} INFO - [2022-12-31T21:11:20.495+0100] {dag.py:2676} INFO - Sync 1 DAGs
[2022-12-31T21:11:20.503+0100] {logging_mixin.py:137} INFO - [2022-12-31T21:11:20.503+0100] {dag.py:3423} INFO - Setting next_dagrun for tutorial_dag to None, run_after=None
[2022-12-31T21:11:20.511+0100] {processor.py:175} INFO - Processing /Library/Frameworks/Python.framework/Versions/3.11/lib/python3.11/site-packages/airflow/example_dags/tutorial_dag.py took 0.636 seconds
[2022-12-31T21:12:21.507+0100] {processor.py:153} INFO - Started process (PID=95531) to work on /Library/Frameworks/Python.framework/Versions/3.11/lib/python3.11/site-packages/airflow/example_dags/tutorial_dag.py
[2022-12-31T21:12:21.510+0100] {processor.py:743} INFO - Processing file /Library/Frameworks/Python.framework/Versions/3.11/lib/python3.11/site-packages/airflow/example_dags/tutorial_dag.py for tasks to queue
[2022-12-31T21:12:21.510+0100] {logging_mixin.py:137} INFO - [2022-12-31T21:12:21.510+0100] {dagbag.py:538} INFO - Filling up the DagBag from /Library/Frameworks/Python.framework/Versions/3.11/lib/python3.11/site-packages/airflow/example_dags/tutorial_dag.py
[2022-12-31T21:12:21.526+0100] {processor.py:753} INFO - DAG(s) dict_keys(['tutorial_dag']) retrieved from /Library/Frameworks/Python.framework/Versions/3.11/lib/python3.11/site-packages/airflow/example_dags/tutorial_dag.py
[2022-12-31T21:12:22.274+0100] {logging_mixin.py:137} INFO - [2022-12-31T21:12:22.274+0100] {dag.py:2676} INFO - Sync 1 DAGs
[2022-12-31T21:12:22.283+0100] {logging_mixin.py:137} INFO - [2022-12-31T21:12:22.283+0100] {dag.py:3423} INFO - Setting next_dagrun for tutorial_dag to None, run_after=None
[2022-12-31T21:12:22.291+0100] {processor.py:175} INFO - Processing /Library/Frameworks/Python.framework/Versions/3.11/lib/python3.11/site-packages/airflow/example_dags/tutorial_dag.py took 0.784 seconds
[2022-12-31T21:13:29.830+0100] {processor.py:153} INFO - Started process (PID=95671) to work on /Library/Frameworks/Python.framework/Versions/3.11/lib/python3.11/site-packages/airflow/example_dags/tutorial_dag.py
[2022-12-31T21:13:29.843+0100] {processor.py:743} INFO - Processing file /Library/Frameworks/Python.framework/Versions/3.11/lib/python3.11/site-packages/airflow/example_dags/tutorial_dag.py for tasks to queue
[2022-12-31T21:13:29.843+0100] {logging_mixin.py:137} INFO - [2022-12-31T21:13:29.843+0100] {dagbag.py:538} INFO - Filling up the DagBag from /Library/Frameworks/Python.framework/Versions/3.11/lib/python3.11/site-packages/airflow/example_dags/tutorial_dag.py
[2022-12-31T21:13:29.872+0100] {processor.py:753} INFO - DAG(s) dict_keys(['tutorial_dag']) retrieved from /Library/Frameworks/Python.framework/Versions/3.11/lib/python3.11/site-packages/airflow/example_dags/tutorial_dag.py
[2022-12-31T21:13:30.487+0100] {logging_mixin.py:137} INFO - [2022-12-31T21:13:30.487+0100] {dag.py:2676} INFO - Sync 1 DAGs
[2022-12-31T21:13:30.497+0100] {logging_mixin.py:137} INFO - [2022-12-31T21:13:30.497+0100] {dag.py:3423} INFO - Setting next_dagrun for tutorial_dag to None, run_after=None
[2022-12-31T21:13:30.505+0100] {processor.py:175} INFO - Processing /Library/Frameworks/Python.framework/Versions/3.11/lib/python3.11/site-packages/airflow/example_dags/tutorial_dag.py took 0.676 seconds
[2022-12-31T21:14:31.937+0100] {processor.py:153} INFO - Started process (PID=95800) to work on /Library/Frameworks/Python.framework/Versions/3.11/lib/python3.11/site-packages/airflow/example_dags/tutorial_dag.py
[2022-12-31T21:14:31.945+0100] {processor.py:743} INFO - Processing file /Library/Frameworks/Python.framework/Versions/3.11/lib/python3.11/site-packages/airflow/example_dags/tutorial_dag.py for tasks to queue
[2022-12-31T21:14:31.945+0100] {logging_mixin.py:137} INFO - [2022-12-31T21:14:31.945+0100] {dagbag.py:538} INFO - Filling up the DagBag from /Library/Frameworks/Python.framework/Versions/3.11/lib/python3.11/site-packages/airflow/example_dags/tutorial_dag.py
[2022-12-31T21:14:31.971+0100] {processor.py:753} INFO - DAG(s) dict_keys(['tutorial_dag']) retrieved from /Library/Frameworks/Python.framework/Versions/3.11/lib/python3.11/site-packages/airflow/example_dags/tutorial_dag.py
[2022-12-31T21:14:32.430+0100] {logging_mixin.py:137} INFO - [2022-12-31T21:14:32.430+0100] {dag.py:2676} INFO - Sync 1 DAGs
[2022-12-31T21:14:32.437+0100] {logging_mixin.py:137} INFO - [2022-12-31T21:14:32.437+0100] {dag.py:3423} INFO - Setting next_dagrun for tutorial_dag to None, run_after=None
[2022-12-31T21:14:32.444+0100] {processor.py:175} INFO - Processing /Library/Frameworks/Python.framework/Versions/3.11/lib/python3.11/site-packages/airflow/example_dags/tutorial_dag.py took 0.507 seconds
[2022-12-31T21:15:27.019+0100] {processor.py:153} INFO - Started process (PID=95960) to work on /Library/Frameworks/Python.framework/Versions/3.11/lib/python3.11/site-packages/airflow/example_dags/tutorial_dag.py
[2022-12-31T21:15:27.026+0100] {processor.py:743} INFO - Processing file /Library/Frameworks/Python.framework/Versions/3.11/lib/python3.11/site-packages/airflow/example_dags/tutorial_dag.py for tasks to queue
[2022-12-31T21:15:27.026+0100] {logging_mixin.py:137} INFO - [2022-12-31T21:15:27.026+0100] {dagbag.py:538} INFO - Filling up the DagBag from /Library/Frameworks/Python.framework/Versions/3.11/lib/python3.11/site-packages/airflow/example_dags/tutorial_dag.py
[2022-12-31T21:15:27.042+0100] {processor.py:753} INFO - DAG(s) dict_keys(['tutorial_dag']) retrieved from /Library/Frameworks/Python.framework/Versions/3.11/lib/python3.11/site-packages/airflow/example_dags/tutorial_dag.py
[2022-12-31T21:15:27.523+0100] {logging_mixin.py:137} INFO - [2022-12-31T21:15:27.523+0100] {dag.py:2676} INFO - Sync 1 DAGs
[2022-12-31T21:15:27.530+0100] {logging_mixin.py:137} INFO - [2022-12-31T21:15:27.530+0100] {dag.py:3423} INFO - Setting next_dagrun for tutorial_dag to None, run_after=None
[2022-12-31T21:15:27.537+0100] {processor.py:175} INFO - Processing /Library/Frameworks/Python.framework/Versions/3.11/lib/python3.11/site-packages/airflow/example_dags/tutorial_dag.py took 0.518 seconds
[2022-12-31T21:16:24.004+0100] {processor.py:153} INFO - Started process (PID=96077) to work on /Library/Frameworks/Python.framework/Versions/3.11/lib/python3.11/site-packages/airflow/example_dags/tutorial_dag.py
[2022-12-31T21:16:24.010+0100] {processor.py:743} INFO - Processing file /Library/Frameworks/Python.framework/Versions/3.11/lib/python3.11/site-packages/airflow/example_dags/tutorial_dag.py for tasks to queue
[2022-12-31T21:16:24.010+0100] {logging_mixin.py:137} INFO - [2022-12-31T21:16:24.010+0100] {dagbag.py:538} INFO - Filling up the DagBag from /Library/Frameworks/Python.framework/Versions/3.11/lib/python3.11/site-packages/airflow/example_dags/tutorial_dag.py
[2022-12-31T21:16:24.035+0100] {processor.py:753} INFO - DAG(s) dict_keys(['tutorial_dag']) retrieved from /Library/Frameworks/Python.framework/Versions/3.11/lib/python3.11/site-packages/airflow/example_dags/tutorial_dag.py
[2022-12-31T21:16:24.457+0100] {logging_mixin.py:137} INFO - [2022-12-31T21:16:24.457+0100] {dag.py:2676} INFO - Sync 1 DAGs
[2022-12-31T21:16:24.463+0100] {logging_mixin.py:137} INFO - [2022-12-31T21:16:24.463+0100] {dag.py:3423} INFO - Setting next_dagrun for tutorial_dag to None, run_after=None
[2022-12-31T21:16:24.470+0100] {processor.py:175} INFO - Processing /Library/Frameworks/Python.framework/Versions/3.11/lib/python3.11/site-packages/airflow/example_dags/tutorial_dag.py took 0.467 seconds
[2022-12-31T21:17:16.987+0100] {processor.py:153} INFO - Started process (PID=96160) to work on /Library/Frameworks/Python.framework/Versions/3.11/lib/python3.11/site-packages/airflow/example_dags/tutorial_dag.py
[2022-12-31T21:17:16.994+0100] {processor.py:743} INFO - Processing file /Library/Frameworks/Python.framework/Versions/3.11/lib/python3.11/site-packages/airflow/example_dags/tutorial_dag.py for tasks to queue
[2022-12-31T21:17:16.994+0100] {logging_mixin.py:137} INFO - [2022-12-31T21:17:16.994+0100] {dagbag.py:538} INFO - Filling up the DagBag from /Library/Frameworks/Python.framework/Versions/3.11/lib/python3.11/site-packages/airflow/example_dags/tutorial_dag.py
[2022-12-31T21:17:17.009+0100] {processor.py:753} INFO - DAG(s) dict_keys(['tutorial_dag']) retrieved from /Library/Frameworks/Python.framework/Versions/3.11/lib/python3.11/site-packages/airflow/example_dags/tutorial_dag.py
[2022-12-31T21:17:17.429+0100] {logging_mixin.py:137} INFO - [2022-12-31T21:17:17.429+0100] {dag.py:2676} INFO - Sync 1 DAGs
[2022-12-31T21:17:17.435+0100] {logging_mixin.py:137} INFO - [2022-12-31T21:17:17.435+0100] {dag.py:3423} INFO - Setting next_dagrun for tutorial_dag to None, run_after=None
[2022-12-31T21:17:17.442+0100] {processor.py:175} INFO - Processing /Library/Frameworks/Python.framework/Versions/3.11/lib/python3.11/site-packages/airflow/example_dags/tutorial_dag.py took 0.456 seconds
[2022-12-31T21:18:10.114+0100] {processor.py:153} INFO - Started process (PID=96287) to work on /Library/Frameworks/Python.framework/Versions/3.11/lib/python3.11/site-packages/airflow/example_dags/tutorial_dag.py
[2022-12-31T21:18:10.121+0100] {processor.py:743} INFO - Processing file /Library/Frameworks/Python.framework/Versions/3.11/lib/python3.11/site-packages/airflow/example_dags/tutorial_dag.py for tasks to queue
[2022-12-31T21:18:10.121+0100] {logging_mixin.py:137} INFO - [2022-12-31T21:18:10.121+0100] {dagbag.py:538} INFO - Filling up the DagBag from /Library/Frameworks/Python.framework/Versions/3.11/lib/python3.11/site-packages/airflow/example_dags/tutorial_dag.py
[2022-12-31T21:18:10.136+0100] {processor.py:753} INFO - DAG(s) dict_keys(['tutorial_dag']) retrieved from /Library/Frameworks/Python.framework/Versions/3.11/lib/python3.11/site-packages/airflow/example_dags/tutorial_dag.py
[2022-12-31T21:18:10.754+0100] {logging_mixin.py:137} INFO - [2022-12-31T21:18:10.754+0100] {dag.py:2676} INFO - Sync 1 DAGs
[2022-12-31T21:18:10.760+0100] {logging_mixin.py:137} INFO - [2022-12-31T21:18:10.760+0100] {dag.py:3423} INFO - Setting next_dagrun for tutorial_dag to None, run_after=None
[2022-12-31T21:18:10.767+0100] {processor.py:175} INFO - Processing /Library/Frameworks/Python.framework/Versions/3.11/lib/python3.11/site-packages/airflow/example_dags/tutorial_dag.py took 0.654 seconds
[2022-12-31T21:19:07.928+0100] {processor.py:153} INFO - Started process (PID=96445) to work on /Library/Frameworks/Python.framework/Versions/3.11/lib/python3.11/site-packages/airflow/example_dags/tutorial_dag.py
[2022-12-31T21:19:07.948+0100] {processor.py:743} INFO - Processing file /Library/Frameworks/Python.framework/Versions/3.11/lib/python3.11/site-packages/airflow/example_dags/tutorial_dag.py for tasks to queue
[2022-12-31T21:19:07.950+0100] {logging_mixin.py:137} INFO - [2022-12-31T21:19:07.949+0100] {dagbag.py:538} INFO - Filling up the DagBag from /Library/Frameworks/Python.framework/Versions/3.11/lib/python3.11/site-packages/airflow/example_dags/tutorial_dag.py
[2022-12-31T21:19:07.988+0100] {processor.py:753} INFO - DAG(s) dict_keys(['tutorial_dag']) retrieved from /Library/Frameworks/Python.framework/Versions/3.11/lib/python3.11/site-packages/airflow/example_dags/tutorial_dag.py
[2022-12-31T21:19:08.740+0100] {logging_mixin.py:137} INFO - [2022-12-31T21:19:08.740+0100] {dag.py:2676} INFO - Sync 1 DAGs
[2022-12-31T21:19:08.751+0100] {logging_mixin.py:137} INFO - [2022-12-31T21:19:08.751+0100] {dag.py:3423} INFO - Setting next_dagrun for tutorial_dag to None, run_after=None
[2022-12-31T21:19:08.762+0100] {processor.py:175} INFO - Processing /Library/Frameworks/Python.framework/Versions/3.11/lib/python3.11/site-packages/airflow/example_dags/tutorial_dag.py took 0.834 seconds
[2022-12-31T21:20:08.894+0100] {processor.py:153} INFO - Started process (PID=96531) to work on /Library/Frameworks/Python.framework/Versions/3.11/lib/python3.11/site-packages/airflow/example_dags/tutorial_dag.py
[2022-12-31T21:20:08.899+0100] {processor.py:743} INFO - Processing file /Library/Frameworks/Python.framework/Versions/3.11/lib/python3.11/site-packages/airflow/example_dags/tutorial_dag.py for tasks to queue
[2022-12-31T21:20:08.899+0100] {logging_mixin.py:137} INFO - [2022-12-31T21:20:08.899+0100] {dagbag.py:538} INFO - Filling up the DagBag from /Library/Frameworks/Python.framework/Versions/3.11/lib/python3.11/site-packages/airflow/example_dags/tutorial_dag.py
[2022-12-31T21:20:08.917+0100] {processor.py:753} INFO - DAG(s) dict_keys(['tutorial_dag']) retrieved from /Library/Frameworks/Python.framework/Versions/3.11/lib/python3.11/site-packages/airflow/example_dags/tutorial_dag.py
[2022-12-31T21:20:09.355+0100] {logging_mixin.py:137} INFO - [2022-12-31T21:20:09.355+0100] {dag.py:2676} INFO - Sync 1 DAGs
[2022-12-31T21:20:09.361+0100] {logging_mixin.py:137} INFO - [2022-12-31T21:20:09.361+0100] {dag.py:3423} INFO - Setting next_dagrun for tutorial_dag to None, run_after=None
[2022-12-31T21:20:09.368+0100] {processor.py:175} INFO - Processing /Library/Frameworks/Python.framework/Versions/3.11/lib/python3.11/site-packages/airflow/example_dags/tutorial_dag.py took 0.474 seconds
[2022-12-31T21:21:07.385+0100] {processor.py:153} INFO - Started process (PID=96633) to work on /Library/Frameworks/Python.framework/Versions/3.11/lib/python3.11/site-packages/airflow/example_dags/tutorial_dag.py
[2022-12-31T21:21:07.389+0100] {processor.py:743} INFO - Processing file /Library/Frameworks/Python.framework/Versions/3.11/lib/python3.11/site-packages/airflow/example_dags/tutorial_dag.py for tasks to queue
[2022-12-31T21:21:07.389+0100] {logging_mixin.py:137} INFO - [2022-12-31T21:21:07.389+0100] {dagbag.py:538} INFO - Filling up the DagBag from /Library/Frameworks/Python.framework/Versions/3.11/lib/python3.11/site-packages/airflow/example_dags/tutorial_dag.py
[2022-12-31T21:21:07.411+0100] {processor.py:753} INFO - DAG(s) dict_keys(['tutorial_dag']) retrieved from /Library/Frameworks/Python.framework/Versions/3.11/lib/python3.11/site-packages/airflow/example_dags/tutorial_dag.py
[2022-12-31T21:21:07.826+0100] {logging_mixin.py:137} INFO - [2022-12-31T21:21:07.826+0100] {dag.py:2676} INFO - Sync 1 DAGs
[2022-12-31T21:21:07.831+0100] {logging_mixin.py:137} INFO - [2022-12-31T21:21:07.831+0100] {dag.py:3423} INFO - Setting next_dagrun for tutorial_dag to None, run_after=None
[2022-12-31T21:21:07.838+0100] {processor.py:175} INFO - Processing /Library/Frameworks/Python.framework/Versions/3.11/lib/python3.11/site-packages/airflow/example_dags/tutorial_dag.py took 0.453 seconds
[2022-12-31T21:22:06.565+0100] {processor.py:153} INFO - Started process (PID=96737) to work on /Library/Frameworks/Python.framework/Versions/3.11/lib/python3.11/site-packages/airflow/example_dags/tutorial_dag.py
[2022-12-31T21:22:06.570+0100] {processor.py:743} INFO - Processing file /Library/Frameworks/Python.framework/Versions/3.11/lib/python3.11/site-packages/airflow/example_dags/tutorial_dag.py for tasks to queue
[2022-12-31T21:22:06.570+0100] {logging_mixin.py:137} INFO - [2022-12-31T21:22:06.570+0100] {dagbag.py:538} INFO - Filling up the DagBag from /Library/Frameworks/Python.framework/Versions/3.11/lib/python3.11/site-packages/airflow/example_dags/tutorial_dag.py
[2022-12-31T21:22:06.585+0100] {processor.py:753} INFO - DAG(s) dict_keys(['tutorial_dag']) retrieved from /Library/Frameworks/Python.framework/Versions/3.11/lib/python3.11/site-packages/airflow/example_dags/tutorial_dag.py
[2022-12-31T21:22:07.174+0100] {logging_mixin.py:137} INFO - [2022-12-31T21:22:07.173+0100] {dag.py:2676} INFO - Sync 1 DAGs
[2022-12-31T21:22:07.183+0100] {logging_mixin.py:137} INFO - [2022-12-31T21:22:07.183+0100] {dag.py:3423} INFO - Setting next_dagrun for tutorial_dag to None, run_after=None
[2022-12-31T21:22:07.195+0100] {processor.py:175} INFO - Processing /Library/Frameworks/Python.framework/Versions/3.11/lib/python3.11/site-packages/airflow/example_dags/tutorial_dag.py took 0.631 seconds
[2022-12-31T21:23:04.007+0100] {processor.py:153} INFO - Started process (PID=96808) to work on /Library/Frameworks/Python.framework/Versions/3.11/lib/python3.11/site-packages/airflow/example_dags/tutorial_dag.py
[2022-12-31T21:23:04.009+0100] {processor.py:743} INFO - Processing file /Library/Frameworks/Python.framework/Versions/3.11/lib/python3.11/site-packages/airflow/example_dags/tutorial_dag.py for tasks to queue
[2022-12-31T21:23:04.009+0100] {logging_mixin.py:137} INFO - [2022-12-31T21:23:04.009+0100] {dagbag.py:538} INFO - Filling up the DagBag from /Library/Frameworks/Python.framework/Versions/3.11/lib/python3.11/site-packages/airflow/example_dags/tutorial_dag.py
[2022-12-31T21:23:04.033+0100] {processor.py:753} INFO - DAG(s) dict_keys(['tutorial_dag']) retrieved from /Library/Frameworks/Python.framework/Versions/3.11/lib/python3.11/site-packages/airflow/example_dags/tutorial_dag.py
[2022-12-31T21:23:04.568+0100] {logging_mixin.py:137} INFO - [2022-12-31T21:23:04.568+0100] {dag.py:2676} INFO - Sync 1 DAGs
[2022-12-31T21:23:04.574+0100] {logging_mixin.py:137} INFO - [2022-12-31T21:23:04.574+0100] {dag.py:3423} INFO - Setting next_dagrun for tutorial_dag to None, run_after=None
[2022-12-31T21:23:04.582+0100] {processor.py:175} INFO - Processing /Library/Frameworks/Python.framework/Versions/3.11/lib/python3.11/site-packages/airflow/example_dags/tutorial_dag.py took 0.575 seconds
[2022-12-31T21:24:04.509+0100] {processor.py:153} INFO - Started process (PID=96898) to work on /Library/Frameworks/Python.framework/Versions/3.11/lib/python3.11/site-packages/airflow/example_dags/tutorial_dag.py
[2022-12-31T21:24:04.512+0100] {processor.py:743} INFO - Processing file /Library/Frameworks/Python.framework/Versions/3.11/lib/python3.11/site-packages/airflow/example_dags/tutorial_dag.py for tasks to queue
[2022-12-31T21:24:04.512+0100] {logging_mixin.py:137} INFO - [2022-12-31T21:24:04.512+0100] {dagbag.py:538} INFO - Filling up the DagBag from /Library/Frameworks/Python.framework/Versions/3.11/lib/python3.11/site-packages/airflow/example_dags/tutorial_dag.py
[2022-12-31T21:24:04.528+0100] {processor.py:753} INFO - DAG(s) dict_keys(['tutorial_dag']) retrieved from /Library/Frameworks/Python.framework/Versions/3.11/lib/python3.11/site-packages/airflow/example_dags/tutorial_dag.py
[2022-12-31T21:24:04.951+0100] {logging_mixin.py:137} INFO - [2022-12-31T21:24:04.951+0100] {dag.py:2676} INFO - Sync 1 DAGs
[2022-12-31T21:24:04.957+0100] {logging_mixin.py:137} INFO - [2022-12-31T21:24:04.957+0100] {dag.py:3423} INFO - Setting next_dagrun for tutorial_dag to None, run_after=None
[2022-12-31T21:24:04.964+0100] {processor.py:175} INFO - Processing /Library/Frameworks/Python.framework/Versions/3.11/lib/python3.11/site-packages/airflow/example_dags/tutorial_dag.py took 0.455 seconds
[2022-12-31T21:25:01.167+0100] {processor.py:153} INFO - Started process (PID=97016) to work on /Library/Frameworks/Python.framework/Versions/3.11/lib/python3.11/site-packages/airflow/example_dags/tutorial_dag.py
[2022-12-31T21:25:01.170+0100] {processor.py:743} INFO - Processing file /Library/Frameworks/Python.framework/Versions/3.11/lib/python3.11/site-packages/airflow/example_dags/tutorial_dag.py for tasks to queue
[2022-12-31T21:25:01.171+0100] {logging_mixin.py:137} INFO - [2022-12-31T21:25:01.170+0100] {dagbag.py:538} INFO - Filling up the DagBag from /Library/Frameworks/Python.framework/Versions/3.11/lib/python3.11/site-packages/airflow/example_dags/tutorial_dag.py
[2022-12-31T21:25:01.188+0100] {processor.py:753} INFO - DAG(s) dict_keys(['tutorial_dag']) retrieved from /Library/Frameworks/Python.framework/Versions/3.11/lib/python3.11/site-packages/airflow/example_dags/tutorial_dag.py
[2022-12-31T21:25:01.642+0100] {logging_mixin.py:137} INFO - [2022-12-31T21:25:01.642+0100] {dag.py:2676} INFO - Sync 1 DAGs
[2022-12-31T21:25:01.648+0100] {logging_mixin.py:137} INFO - [2022-12-31T21:25:01.648+0100] {dag.py:3423} INFO - Setting next_dagrun for tutorial_dag to None, run_after=None
[2022-12-31T21:25:01.656+0100] {processor.py:175} INFO - Processing /Library/Frameworks/Python.framework/Versions/3.11/lib/python3.11/site-packages/airflow/example_dags/tutorial_dag.py took 0.491 seconds
[2022-12-31T21:25:57.525+0100] {processor.py:153} INFO - Started process (PID=97123) to work on /Library/Frameworks/Python.framework/Versions/3.11/lib/python3.11/site-packages/airflow/example_dags/tutorial_dag.py
[2022-12-31T21:25:57.534+0100] {processor.py:743} INFO - Processing file /Library/Frameworks/Python.framework/Versions/3.11/lib/python3.11/site-packages/airflow/example_dags/tutorial_dag.py for tasks to queue
[2022-12-31T21:25:57.535+0100] {logging_mixin.py:137} INFO - [2022-12-31T21:25:57.535+0100] {dagbag.py:538} INFO - Filling up the DagBag from /Library/Frameworks/Python.framework/Versions/3.11/lib/python3.11/site-packages/airflow/example_dags/tutorial_dag.py
[2022-12-31T21:25:57.563+0100] {processor.py:753} INFO - DAG(s) dict_keys(['tutorial_dag']) retrieved from /Library/Frameworks/Python.framework/Versions/3.11/lib/python3.11/site-packages/airflow/example_dags/tutorial_dag.py
[2022-12-31T21:25:58.173+0100] {logging_mixin.py:137} INFO - [2022-12-31T21:25:58.173+0100] {dag.py:2676} INFO - Sync 1 DAGs
[2022-12-31T21:25:58.181+0100] {logging_mixin.py:137} INFO - [2022-12-31T21:25:58.181+0100] {dag.py:3423} INFO - Setting next_dagrun for tutorial_dag to None, run_after=None
[2022-12-31T21:25:58.193+0100] {processor.py:175} INFO - Processing /Library/Frameworks/Python.framework/Versions/3.11/lib/python3.11/site-packages/airflow/example_dags/tutorial_dag.py took 0.669 seconds
[2022-12-31T21:26:54.425+0100] {processor.py:153} INFO - Started process (PID=97264) to work on /Library/Frameworks/Python.framework/Versions/3.11/lib/python3.11/site-packages/airflow/example_dags/tutorial_dag.py
[2022-12-31T21:26:54.431+0100] {processor.py:743} INFO - Processing file /Library/Frameworks/Python.framework/Versions/3.11/lib/python3.11/site-packages/airflow/example_dags/tutorial_dag.py for tasks to queue
[2022-12-31T21:26:54.431+0100] {logging_mixin.py:137} INFO - [2022-12-31T21:26:54.431+0100] {dagbag.py:538} INFO - Filling up the DagBag from /Library/Frameworks/Python.framework/Versions/3.11/lib/python3.11/site-packages/airflow/example_dags/tutorial_dag.py
[2022-12-31T21:26:54.457+0100] {processor.py:753} INFO - DAG(s) dict_keys(['tutorial_dag']) retrieved from /Library/Frameworks/Python.framework/Versions/3.11/lib/python3.11/site-packages/airflow/example_dags/tutorial_dag.py
[2022-12-31T21:26:54.884+0100] {logging_mixin.py:137} INFO - [2022-12-31T21:26:54.884+0100] {dag.py:2676} INFO - Sync 1 DAGs
[2022-12-31T21:26:54.890+0100] {logging_mixin.py:137} INFO - [2022-12-31T21:26:54.890+0100] {dag.py:3423} INFO - Setting next_dagrun for tutorial_dag to None, run_after=None
[2022-12-31T21:26:54.897+0100] {processor.py:175} INFO - Processing /Library/Frameworks/Python.framework/Versions/3.11/lib/python3.11/site-packages/airflow/example_dags/tutorial_dag.py took 0.473 seconds
[2022-12-31T21:27:52.656+0100] {processor.py:153} INFO - Started process (PID=97367) to work on /Library/Frameworks/Python.framework/Versions/3.11/lib/python3.11/site-packages/airflow/example_dags/tutorial_dag.py
[2022-12-31T21:27:52.662+0100] {processor.py:743} INFO - Processing file /Library/Frameworks/Python.framework/Versions/3.11/lib/python3.11/site-packages/airflow/example_dags/tutorial_dag.py for tasks to queue
[2022-12-31T21:27:52.662+0100] {logging_mixin.py:137} INFO - [2022-12-31T21:27:52.662+0100] {dagbag.py:538} INFO - Filling up the DagBag from /Library/Frameworks/Python.framework/Versions/3.11/lib/python3.11/site-packages/airflow/example_dags/tutorial_dag.py
[2022-12-31T21:27:52.677+0100] {processor.py:753} INFO - DAG(s) dict_keys(['tutorial_dag']) retrieved from /Library/Frameworks/Python.framework/Versions/3.11/lib/python3.11/site-packages/airflow/example_dags/tutorial_dag.py
[2022-12-31T21:27:53.085+0100] {logging_mixin.py:137} INFO - [2022-12-31T21:27:53.085+0100] {dag.py:2676} INFO - Sync 1 DAGs
[2022-12-31T21:27:53.091+0100] {logging_mixin.py:137} INFO - [2022-12-31T21:27:53.091+0100] {dag.py:3423} INFO - Setting next_dagrun for tutorial_dag to None, run_after=None
[2022-12-31T21:27:53.097+0100] {processor.py:175} INFO - Processing /Library/Frameworks/Python.framework/Versions/3.11/lib/python3.11/site-packages/airflow/example_dags/tutorial_dag.py took 0.442 seconds
