[2022-12-31T20:28:53.112+0100] {processor.py:153} INFO - Started process (PID=90129) to work on /Library/Frameworks/Python.framework/Versions/3.11/lib/python3.11/site-packages/airflow/example_dags/tutorial_taskflow_api.py
[2022-12-31T20:28:53.116+0100] {processor.py:743} INFO - Processing file /Library/Frameworks/Python.framework/Versions/3.11/lib/python3.11/site-packages/airflow/example_dags/tutorial_taskflow_api.py for tasks to queue
[2022-12-31T20:28:53.117+0100] {logging_mixin.py:137} INFO - [2022-12-31T20:28:53.116+0100] {dagbag.py:538} INFO - Filling up the DagBag from /Library/Frameworks/Python.framework/Versions/3.11/lib/python3.11/site-packages/airflow/example_dags/tutorial_taskflow_api.py
[2022-12-31T20:28:53.147+0100] {processor.py:753} INFO - DAG(s) dict_keys(['tutorial_taskflow_api']) retrieved from /Library/Frameworks/Python.framework/Versions/3.11/lib/python3.11/site-packages/airflow/example_dags/tutorial_taskflow_api.py
[2022-12-31T20:28:53.579+0100] {logging_mixin.py:137} INFO - [2022-12-31T20:28:53.579+0100] {manager.py:504} INFO - Created Permission View: can delete on DAG:tutorial_taskflow_api
[2022-12-31T20:28:53.582+0100] {logging_mixin.py:137} INFO - [2022-12-31T20:28:53.582+0100] {manager.py:504} INFO - Created Permission View: can read on DAG:tutorial_taskflow_api
[2022-12-31T20:28:53.584+0100] {logging_mixin.py:137} INFO - [2022-12-31T20:28:53.583+0100] {manager.py:504} INFO - Created Permission View: can edit on DAG:tutorial_taskflow_api
[2022-12-31T20:28:53.584+0100] {logging_mixin.py:137} INFO - [2022-12-31T20:28:53.584+0100] {dag.py:2676} INFO - Sync 1 DAGs
[2022-12-31T20:28:53.587+0100] {logging_mixin.py:137} INFO - [2022-12-31T20:28:53.587+0100] {dag.py:2697} INFO - Creating ORM DAG for tutorial_taskflow_api
[2022-12-31T20:28:53.589+0100] {logging_mixin.py:137} INFO - [2022-12-31T20:28:53.589+0100] {dag.py:3423} INFO - Setting next_dagrun for tutorial_taskflow_api to None, run_after=None
[2022-12-31T20:28:53.595+0100] {processor.py:175} INFO - Processing /Library/Frameworks/Python.framework/Versions/3.11/lib/python3.11/site-packages/airflow/example_dags/tutorial_taskflow_api.py took 0.484 seconds
[2022-12-31T20:30:17.930+0100] {processor.py:153} INFO - Started process (PID=90315) to work on /Library/Frameworks/Python.framework/Versions/3.11/lib/python3.11/site-packages/airflow/example_dags/tutorial_taskflow_api.py
[2022-12-31T20:30:17.935+0100] {processor.py:743} INFO - Processing file /Library/Frameworks/Python.framework/Versions/3.11/lib/python3.11/site-packages/airflow/example_dags/tutorial_taskflow_api.py for tasks to queue
[2022-12-31T20:30:17.935+0100] {logging_mixin.py:137} INFO - [2022-12-31T20:30:17.935+0100] {dagbag.py:538} INFO - Filling up the DagBag from /Library/Frameworks/Python.framework/Versions/3.11/lib/python3.11/site-packages/airflow/example_dags/tutorial_taskflow_api.py
[2022-12-31T20:30:17.955+0100] {processor.py:753} INFO - DAG(s) dict_keys(['tutorial_taskflow_api']) retrieved from /Library/Frameworks/Python.framework/Versions/3.11/lib/python3.11/site-packages/airflow/example_dags/tutorial_taskflow_api.py
[2022-12-31T20:30:18.374+0100] {logging_mixin.py:137} INFO - [2022-12-31T20:30:18.374+0100] {dag.py:2676} INFO - Sync 1 DAGs
[2022-12-31T20:30:18.380+0100] {logging_mixin.py:137} INFO - [2022-12-31T20:30:18.380+0100] {dag.py:3423} INFO - Setting next_dagrun for tutorial_taskflow_api to None, run_after=None
[2022-12-31T20:30:18.387+0100] {processor.py:175} INFO - Processing /Library/Frameworks/Python.framework/Versions/3.11/lib/python3.11/site-packages/airflow/example_dags/tutorial_taskflow_api.py took 0.458 seconds
[2022-12-31T20:30:45.249+0100] {processor.py:153} INFO - Started process (PID=90362) to work on /Library/Frameworks/Python.framework/Versions/3.11/lib/python3.11/site-packages/airflow/example_dags/tutorial_taskflow_api.py
[2022-12-31T20:30:45.253+0100] {processor.py:743} INFO - Processing file /Library/Frameworks/Python.framework/Versions/3.11/lib/python3.11/site-packages/airflow/example_dags/tutorial_taskflow_api.py for tasks to queue
[2022-12-31T20:30:45.253+0100] {logging_mixin.py:137} INFO - [2022-12-31T20:30:45.253+0100] {dagbag.py:538} INFO - Filling up the DagBag from /Library/Frameworks/Python.framework/Versions/3.11/lib/python3.11/site-packages/airflow/example_dags/tutorial_taskflow_api.py
[2022-12-31T20:30:45.286+0100] {processor.py:753} INFO - DAG(s) dict_keys(['tutorial_taskflow_api']) retrieved from /Library/Frameworks/Python.framework/Versions/3.11/lib/python3.11/site-packages/airflow/example_dags/tutorial_taskflow_api.py
[2022-12-31T20:30:45.704+0100] {logging_mixin.py:137} INFO - [2022-12-31T20:30:45.704+0100] {dag.py:2676} INFO - Sync 1 DAGs
[2022-12-31T20:30:45.709+0100] {logging_mixin.py:137} INFO - [2022-12-31T20:30:45.709+0100] {dag.py:3423} INFO - Setting next_dagrun for tutorial_taskflow_api to None, run_after=None
[2022-12-31T20:30:45.716+0100] {processor.py:175} INFO - Processing /Library/Frameworks/Python.framework/Versions/3.11/lib/python3.11/site-packages/airflow/example_dags/tutorial_taskflow_api.py took 0.468 seconds
[2022-12-31T20:32:09.228+0100] {processor.py:153} INFO - Started process (PID=90492) to work on /Library/Frameworks/Python.framework/Versions/3.11/lib/python3.11/site-packages/airflow/example_dags/tutorial_taskflow_api.py
[2022-12-31T20:32:09.233+0100] {processor.py:743} INFO - Processing file /Library/Frameworks/Python.framework/Versions/3.11/lib/python3.11/site-packages/airflow/example_dags/tutorial_taskflow_api.py for tasks to queue
[2022-12-31T20:32:09.233+0100] {logging_mixin.py:137} INFO - [2022-12-31T20:32:09.233+0100] {dagbag.py:538} INFO - Filling up the DagBag from /Library/Frameworks/Python.framework/Versions/3.11/lib/python3.11/site-packages/airflow/example_dags/tutorial_taskflow_api.py
[2022-12-31T20:32:09.252+0100] {processor.py:753} INFO - DAG(s) dict_keys(['tutorial_taskflow_api']) retrieved from /Library/Frameworks/Python.framework/Versions/3.11/lib/python3.11/site-packages/airflow/example_dags/tutorial_taskflow_api.py
[2022-12-31T20:32:09.648+0100] {logging_mixin.py:137} INFO - [2022-12-31T20:32:09.647+0100] {dag.py:2676} INFO - Sync 1 DAGs
[2022-12-31T20:32:09.653+0100] {logging_mixin.py:137} INFO - [2022-12-31T20:32:09.653+0100] {dag.py:3423} INFO - Setting next_dagrun for tutorial_taskflow_api to None, run_after=None
[2022-12-31T20:32:09.660+0100] {processor.py:175} INFO - Processing /Library/Frameworks/Python.framework/Versions/3.11/lib/python3.11/site-packages/airflow/example_dags/tutorial_taskflow_api.py took 0.433 seconds
[2022-12-31T20:32:59.706+0100] {processor.py:153} INFO - Started process (PID=90556) to work on /Library/Frameworks/Python.framework/Versions/3.11/lib/python3.11/site-packages/airflow/example_dags/tutorial_taskflow_api.py
[2022-12-31T20:32:59.714+0100] {processor.py:743} INFO - Processing file /Library/Frameworks/Python.framework/Versions/3.11/lib/python3.11/site-packages/airflow/example_dags/tutorial_taskflow_api.py for tasks to queue
[2022-12-31T20:32:59.714+0100] {logging_mixin.py:137} INFO - [2022-12-31T20:32:59.714+0100] {dagbag.py:538} INFO - Filling up the DagBag from /Library/Frameworks/Python.framework/Versions/3.11/lib/python3.11/site-packages/airflow/example_dags/tutorial_taskflow_api.py
[2022-12-31T20:32:59.734+0100] {processor.py:753} INFO - DAG(s) dict_keys(['tutorial_taskflow_api']) retrieved from /Library/Frameworks/Python.framework/Versions/3.11/lib/python3.11/site-packages/airflow/example_dags/tutorial_taskflow_api.py
[2022-12-31T20:33:00.161+0100] {logging_mixin.py:137} INFO - [2022-12-31T20:33:00.161+0100] {dag.py:2676} INFO - Sync 1 DAGs
[2022-12-31T20:33:00.166+0100] {logging_mixin.py:137} INFO - [2022-12-31T20:33:00.166+0100] {dag.py:3423} INFO - Setting next_dagrun for tutorial_taskflow_api to None, run_after=None
[2022-12-31T20:33:00.173+0100] {processor.py:175} INFO - Processing /Library/Frameworks/Python.framework/Versions/3.11/lib/python3.11/site-packages/airflow/example_dags/tutorial_taskflow_api.py took 0.468 seconds
[2022-12-31T20:33:53.533+0100] {processor.py:153} INFO - Started process (PID=90630) to work on /Library/Frameworks/Python.framework/Versions/3.11/lib/python3.11/site-packages/airflow/example_dags/tutorial_taskflow_api.py
[2022-12-31T20:33:53.538+0100] {processor.py:743} INFO - Processing file /Library/Frameworks/Python.framework/Versions/3.11/lib/python3.11/site-packages/airflow/example_dags/tutorial_taskflow_api.py for tasks to queue
[2022-12-31T20:33:53.538+0100] {logging_mixin.py:137} INFO - [2022-12-31T20:33:53.538+0100] {dagbag.py:538} INFO - Filling up the DagBag from /Library/Frameworks/Python.framework/Versions/3.11/lib/python3.11/site-packages/airflow/example_dags/tutorial_taskflow_api.py
[2022-12-31T20:33:53.557+0100] {processor.py:753} INFO - DAG(s) dict_keys(['tutorial_taskflow_api']) retrieved from /Library/Frameworks/Python.framework/Versions/3.11/lib/python3.11/site-packages/airflow/example_dags/tutorial_taskflow_api.py
[2022-12-31T20:33:53.973+0100] {logging_mixin.py:137} INFO - [2022-12-31T20:33:53.973+0100] {dag.py:2676} INFO - Sync 1 DAGs
[2022-12-31T20:33:53.979+0100] {logging_mixin.py:137} INFO - [2022-12-31T20:33:53.979+0100] {dag.py:3423} INFO - Setting next_dagrun for tutorial_taskflow_api to None, run_after=None
[2022-12-31T20:33:53.986+0100] {processor.py:175} INFO - Processing /Library/Frameworks/Python.framework/Versions/3.11/lib/python3.11/site-packages/airflow/example_dags/tutorial_taskflow_api.py took 0.454 seconds
[2022-12-31T20:34:47.474+0100] {processor.py:153} INFO - Started process (PID=90713) to work on /Library/Frameworks/Python.framework/Versions/3.11/lib/python3.11/site-packages/airflow/example_dags/tutorial_taskflow_api.py
[2022-12-31T20:34:47.480+0100] {processor.py:743} INFO - Processing file /Library/Frameworks/Python.framework/Versions/3.11/lib/python3.11/site-packages/airflow/example_dags/tutorial_taskflow_api.py for tasks to queue
[2022-12-31T20:34:47.480+0100] {logging_mixin.py:137} INFO - [2022-12-31T20:34:47.480+0100] {dagbag.py:538} INFO - Filling up the DagBag from /Library/Frameworks/Python.framework/Versions/3.11/lib/python3.11/site-packages/airflow/example_dags/tutorial_taskflow_api.py
[2022-12-31T20:34:47.499+0100] {processor.py:753} INFO - DAG(s) dict_keys(['tutorial_taskflow_api']) retrieved from /Library/Frameworks/Python.framework/Versions/3.11/lib/python3.11/site-packages/airflow/example_dags/tutorial_taskflow_api.py
[2022-12-31T20:34:47.921+0100] {logging_mixin.py:137} INFO - [2022-12-31T20:34:47.921+0100] {dag.py:2676} INFO - Sync 1 DAGs
[2022-12-31T20:34:47.928+0100] {logging_mixin.py:137} INFO - [2022-12-31T20:34:47.928+0100] {dag.py:3423} INFO - Setting next_dagrun for tutorial_taskflow_api to None, run_after=None
[2022-12-31T20:34:47.935+0100] {processor.py:175} INFO - Processing /Library/Frameworks/Python.framework/Versions/3.11/lib/python3.11/site-packages/airflow/example_dags/tutorial_taskflow_api.py took 0.466 seconds
[2022-12-31T20:35:27.904+0100] {processor.py:153} INFO - Started process (PID=90775) to work on /Library/Frameworks/Python.framework/Versions/3.11/lib/python3.11/site-packages/airflow/example_dags/tutorial_taskflow_api.py
[2022-12-31T20:35:27.907+0100] {processor.py:743} INFO - Processing file /Library/Frameworks/Python.framework/Versions/3.11/lib/python3.11/site-packages/airflow/example_dags/tutorial_taskflow_api.py for tasks to queue
[2022-12-31T20:35:27.908+0100] {logging_mixin.py:137} INFO - [2022-12-31T20:35:27.908+0100] {dagbag.py:538} INFO - Filling up the DagBag from /Library/Frameworks/Python.framework/Versions/3.11/lib/python3.11/site-packages/airflow/example_dags/tutorial_taskflow_api.py
[2022-12-31T20:35:27.929+0100] {processor.py:753} INFO - DAG(s) dict_keys(['tutorial_taskflow_api']) retrieved from /Library/Frameworks/Python.framework/Versions/3.11/lib/python3.11/site-packages/airflow/example_dags/tutorial_taskflow_api.py
[2022-12-31T20:35:28.344+0100] {logging_mixin.py:137} INFO - [2022-12-31T20:35:28.343+0100] {dag.py:2676} INFO - Sync 1 DAGs
[2022-12-31T20:35:28.349+0100] {logging_mixin.py:137} INFO - [2022-12-31T20:35:28.349+0100] {dag.py:3423} INFO - Setting next_dagrun for tutorial_taskflow_api to None, run_after=None
[2022-12-31T20:35:28.356+0100] {processor.py:175} INFO - Processing /Library/Frameworks/Python.framework/Versions/3.11/lib/python3.11/site-packages/airflow/example_dags/tutorial_taskflow_api.py took 0.452 seconds
[2022-12-31T20:36:51.595+0100] {processor.py:153} INFO - Started process (PID=90899) to work on /Library/Frameworks/Python.framework/Versions/3.11/lib/python3.11/site-packages/airflow/example_dags/tutorial_taskflow_api.py
[2022-12-31T20:36:51.602+0100] {processor.py:743} INFO - Processing file /Library/Frameworks/Python.framework/Versions/3.11/lib/python3.11/site-packages/airflow/example_dags/tutorial_taskflow_api.py for tasks to queue
[2022-12-31T20:36:51.602+0100] {logging_mixin.py:137} INFO - [2022-12-31T20:36:51.602+0100] {dagbag.py:538} INFO - Filling up the DagBag from /Library/Frameworks/Python.framework/Versions/3.11/lib/python3.11/site-packages/airflow/example_dags/tutorial_taskflow_api.py
[2022-12-31T20:36:51.621+0100] {processor.py:753} INFO - DAG(s) dict_keys(['tutorial_taskflow_api']) retrieved from /Library/Frameworks/Python.framework/Versions/3.11/lib/python3.11/site-packages/airflow/example_dags/tutorial_taskflow_api.py
[2022-12-31T20:36:52.023+0100] {logging_mixin.py:137} INFO - [2022-12-31T20:36:52.023+0100] {dag.py:2676} INFO - Sync 1 DAGs
[2022-12-31T20:36:52.029+0100] {logging_mixin.py:137} INFO - [2022-12-31T20:36:52.029+0100] {dag.py:3423} INFO - Setting next_dagrun for tutorial_taskflow_api to None, run_after=None
[2022-12-31T20:36:52.036+0100] {processor.py:175} INFO - Processing /Library/Frameworks/Python.framework/Versions/3.11/lib/python3.11/site-packages/airflow/example_dags/tutorial_taskflow_api.py took 0.442 seconds
[2022-12-31T20:37:42.713+0100] {processor.py:153} INFO - Started process (PID=90964) to work on /Library/Frameworks/Python.framework/Versions/3.11/lib/python3.11/site-packages/airflow/example_dags/tutorial_taskflow_api.py
[2022-12-31T20:37:42.719+0100] {processor.py:743} INFO - Processing file /Library/Frameworks/Python.framework/Versions/3.11/lib/python3.11/site-packages/airflow/example_dags/tutorial_taskflow_api.py for tasks to queue
[2022-12-31T20:37:42.719+0100] {logging_mixin.py:137} INFO - [2022-12-31T20:37:42.719+0100] {dagbag.py:538} INFO - Filling up the DagBag from /Library/Frameworks/Python.framework/Versions/3.11/lib/python3.11/site-packages/airflow/example_dags/tutorial_taskflow_api.py
[2022-12-31T20:37:42.741+0100] {processor.py:753} INFO - DAG(s) dict_keys(['tutorial_taskflow_api']) retrieved from /Library/Frameworks/Python.framework/Versions/3.11/lib/python3.11/site-packages/airflow/example_dags/tutorial_taskflow_api.py
[2022-12-31T20:37:43.148+0100] {logging_mixin.py:137} INFO - [2022-12-31T20:37:43.148+0100] {dag.py:2676} INFO - Sync 1 DAGs
[2022-12-31T20:37:43.153+0100] {logging_mixin.py:137} INFO - [2022-12-31T20:37:43.153+0100] {dag.py:3423} INFO - Setting next_dagrun for tutorial_taskflow_api to None, run_after=None
[2022-12-31T20:37:43.160+0100] {processor.py:175} INFO - Processing /Library/Frameworks/Python.framework/Versions/3.11/lib/python3.11/site-packages/airflow/example_dags/tutorial_taskflow_api.py took 0.448 seconds
[2022-12-31T20:38:31.780+0100] {processor.py:153} INFO - Started process (PID=91030) to work on /Library/Frameworks/Python.framework/Versions/3.11/lib/python3.11/site-packages/airflow/example_dags/tutorial_taskflow_api.py
[2022-12-31T20:38:31.783+0100] {processor.py:743} INFO - Processing file /Library/Frameworks/Python.framework/Versions/3.11/lib/python3.11/site-packages/airflow/example_dags/tutorial_taskflow_api.py for tasks to queue
[2022-12-31T20:38:31.784+0100] {logging_mixin.py:137} INFO - [2022-12-31T20:38:31.784+0100] {dagbag.py:538} INFO - Filling up the DagBag from /Library/Frameworks/Python.framework/Versions/3.11/lib/python3.11/site-packages/airflow/example_dags/tutorial_taskflow_api.py
[2022-12-31T20:38:31.802+0100] {processor.py:753} INFO - DAG(s) dict_keys(['tutorial_taskflow_api']) retrieved from /Library/Frameworks/Python.framework/Versions/3.11/lib/python3.11/site-packages/airflow/example_dags/tutorial_taskflow_api.py
[2022-12-31T20:38:32.209+0100] {logging_mixin.py:137} INFO - [2022-12-31T20:38:32.209+0100] {dag.py:2676} INFO - Sync 1 DAGs
[2022-12-31T20:38:32.214+0100] {logging_mixin.py:137} INFO - [2022-12-31T20:38:32.214+0100] {dag.py:3423} INFO - Setting next_dagrun for tutorial_taskflow_api to None, run_after=None
[2022-12-31T20:38:32.222+0100] {processor.py:175} INFO - Processing /Library/Frameworks/Python.framework/Versions/3.11/lib/python3.11/site-packages/airflow/example_dags/tutorial_taskflow_api.py took 0.442 seconds
[2022-12-31T20:39:24.602+0100] {processor.py:153} INFO - Started process (PID=91139) to work on /Library/Frameworks/Python.framework/Versions/3.11/lib/python3.11/site-packages/airflow/example_dags/tutorial_taskflow_api.py
[2022-12-31T20:39:24.605+0100] {processor.py:743} INFO - Processing file /Library/Frameworks/Python.framework/Versions/3.11/lib/python3.11/site-packages/airflow/example_dags/tutorial_taskflow_api.py for tasks to queue
[2022-12-31T20:39:24.605+0100] {logging_mixin.py:137} INFO - [2022-12-31T20:39:24.605+0100] {dagbag.py:538} INFO - Filling up the DagBag from /Library/Frameworks/Python.framework/Versions/3.11/lib/python3.11/site-packages/airflow/example_dags/tutorial_taskflow_api.py
[2022-12-31T20:39:24.628+0100] {processor.py:753} INFO - DAG(s) dict_keys(['tutorial_taskflow_api']) retrieved from /Library/Frameworks/Python.framework/Versions/3.11/lib/python3.11/site-packages/airflow/example_dags/tutorial_taskflow_api.py
[2022-12-31T20:39:25.049+0100] {logging_mixin.py:137} INFO - [2022-12-31T20:39:25.049+0100] {dag.py:2676} INFO - Sync 1 DAGs
[2022-12-31T20:39:25.054+0100] {logging_mixin.py:137} INFO - [2022-12-31T20:39:25.054+0100] {dag.py:3423} INFO - Setting next_dagrun for tutorial_taskflow_api to None, run_after=None
[2022-12-31T20:39:25.061+0100] {processor.py:175} INFO - Processing /Library/Frameworks/Python.framework/Versions/3.11/lib/python3.11/site-packages/airflow/example_dags/tutorial_taskflow_api.py took 0.459 seconds
[2022-12-31T20:40:18.048+0100] {processor.py:153} INFO - Started process (PID=91227) to work on /Library/Frameworks/Python.framework/Versions/3.11/lib/python3.11/site-packages/airflow/example_dags/tutorial_taskflow_api.py
[2022-12-31T20:40:18.052+0100] {processor.py:743} INFO - Processing file /Library/Frameworks/Python.framework/Versions/3.11/lib/python3.11/site-packages/airflow/example_dags/tutorial_taskflow_api.py for tasks to queue
[2022-12-31T20:40:18.052+0100] {logging_mixin.py:137} INFO - [2022-12-31T20:40:18.052+0100] {dagbag.py:538} INFO - Filling up the DagBag from /Library/Frameworks/Python.framework/Versions/3.11/lib/python3.11/site-packages/airflow/example_dags/tutorial_taskflow_api.py
[2022-12-31T20:40:18.072+0100] {processor.py:753} INFO - DAG(s) dict_keys(['tutorial_taskflow_api']) retrieved from /Library/Frameworks/Python.framework/Versions/3.11/lib/python3.11/site-packages/airflow/example_dags/tutorial_taskflow_api.py
[2022-12-31T20:40:18.475+0100] {logging_mixin.py:137} INFO - [2022-12-31T20:40:18.475+0100] {dag.py:2676} INFO - Sync 1 DAGs
[2022-12-31T20:40:18.482+0100] {logging_mixin.py:137} INFO - [2022-12-31T20:40:18.482+0100] {dag.py:3423} INFO - Setting next_dagrun for tutorial_taskflow_api to None, run_after=None
[2022-12-31T20:40:18.491+0100] {processor.py:175} INFO - Processing /Library/Frameworks/Python.framework/Versions/3.11/lib/python3.11/site-packages/airflow/example_dags/tutorial_taskflow_api.py took 0.444 seconds
[2022-12-31T20:41:11.431+0100] {processor.py:153} INFO - Started process (PID=91304) to work on /Library/Frameworks/Python.framework/Versions/3.11/lib/python3.11/site-packages/airflow/example_dags/tutorial_taskflow_api.py
[2022-12-31T20:41:11.434+0100] {processor.py:743} INFO - Processing file /Library/Frameworks/Python.framework/Versions/3.11/lib/python3.11/site-packages/airflow/example_dags/tutorial_taskflow_api.py for tasks to queue
[2022-12-31T20:41:11.434+0100] {logging_mixin.py:137} INFO - [2022-12-31T20:41:11.434+0100] {dagbag.py:538} INFO - Filling up the DagBag from /Library/Frameworks/Python.framework/Versions/3.11/lib/python3.11/site-packages/airflow/example_dags/tutorial_taskflow_api.py
[2022-12-31T20:41:11.466+0100] {processor.py:753} INFO - DAG(s) dict_keys(['tutorial_taskflow_api']) retrieved from /Library/Frameworks/Python.framework/Versions/3.11/lib/python3.11/site-packages/airflow/example_dags/tutorial_taskflow_api.py
[2022-12-31T20:41:11.877+0100] {logging_mixin.py:137} INFO - [2022-12-31T20:41:11.877+0100] {dag.py:2676} INFO - Sync 1 DAGs
[2022-12-31T20:41:11.882+0100] {logging_mixin.py:137} INFO - [2022-12-31T20:41:11.882+0100] {dag.py:3423} INFO - Setting next_dagrun for tutorial_taskflow_api to None, run_after=None
[2022-12-31T20:41:11.889+0100] {processor.py:175} INFO - Processing /Library/Frameworks/Python.framework/Versions/3.11/lib/python3.11/site-packages/airflow/example_dags/tutorial_taskflow_api.py took 0.458 seconds
[2022-12-31T20:42:05.995+0100] {processor.py:153} INFO - Started process (PID=91377) to work on /Library/Frameworks/Python.framework/Versions/3.11/lib/python3.11/site-packages/airflow/example_dags/tutorial_taskflow_api.py
[2022-12-31T20:42:05.999+0100] {processor.py:743} INFO - Processing file /Library/Frameworks/Python.framework/Versions/3.11/lib/python3.11/site-packages/airflow/example_dags/tutorial_taskflow_api.py for tasks to queue
[2022-12-31T20:42:05.999+0100] {logging_mixin.py:137} INFO - [2022-12-31T20:42:05.999+0100] {dagbag.py:538} INFO - Filling up the DagBag from /Library/Frameworks/Python.framework/Versions/3.11/lib/python3.11/site-packages/airflow/example_dags/tutorial_taskflow_api.py
[2022-12-31T20:42:06.019+0100] {processor.py:753} INFO - DAG(s) dict_keys(['tutorial_taskflow_api']) retrieved from /Library/Frameworks/Python.framework/Versions/3.11/lib/python3.11/site-packages/airflow/example_dags/tutorial_taskflow_api.py
[2022-12-31T20:42:06.453+0100] {logging_mixin.py:137} INFO - [2022-12-31T20:42:06.453+0100] {dag.py:2676} INFO - Sync 1 DAGs
[2022-12-31T20:42:06.459+0100] {logging_mixin.py:137} INFO - [2022-12-31T20:42:06.459+0100] {dag.py:3423} INFO - Setting next_dagrun for tutorial_taskflow_api to None, run_after=None
[2022-12-31T20:42:06.465+0100] {processor.py:175} INFO - Processing /Library/Frameworks/Python.framework/Versions/3.11/lib/python3.11/site-packages/airflow/example_dags/tutorial_taskflow_api.py took 0.471 seconds
[2022-12-31T20:42:59.112+0100] {processor.py:153} INFO - Started process (PID=91490) to work on /Library/Frameworks/Python.framework/Versions/3.11/lib/python3.11/site-packages/airflow/example_dags/tutorial_taskflow_api.py
[2022-12-31T20:42:59.114+0100] {processor.py:743} INFO - Processing file /Library/Frameworks/Python.framework/Versions/3.11/lib/python3.11/site-packages/airflow/example_dags/tutorial_taskflow_api.py for tasks to queue
[2022-12-31T20:42:59.114+0100] {logging_mixin.py:137} INFO - [2022-12-31T20:42:59.114+0100] {dagbag.py:538} INFO - Filling up the DagBag from /Library/Frameworks/Python.framework/Versions/3.11/lib/python3.11/site-packages/airflow/example_dags/tutorial_taskflow_api.py
[2022-12-31T20:42:59.138+0100] {processor.py:753} INFO - DAG(s) dict_keys(['tutorial_taskflow_api']) retrieved from /Library/Frameworks/Python.framework/Versions/3.11/lib/python3.11/site-packages/airflow/example_dags/tutorial_taskflow_api.py
[2022-12-31T20:42:59.544+0100] {logging_mixin.py:137} INFO - [2022-12-31T20:42:59.544+0100] {dag.py:2676} INFO - Sync 1 DAGs
[2022-12-31T20:42:59.549+0100] {logging_mixin.py:137} INFO - [2022-12-31T20:42:59.549+0100] {dag.py:3423} INFO - Setting next_dagrun for tutorial_taskflow_api to None, run_after=None
[2022-12-31T20:42:59.555+0100] {processor.py:175} INFO - Processing /Library/Frameworks/Python.framework/Versions/3.11/lib/python3.11/site-packages/airflow/example_dags/tutorial_taskflow_api.py took 0.444 seconds
[2022-12-31T20:44:13.735+0100] {processor.py:153} INFO - Started process (PID=91653) to work on /Library/Frameworks/Python.framework/Versions/3.11/lib/python3.11/site-packages/airflow/example_dags/tutorial_taskflow_api.py
[2022-12-31T20:44:13.739+0100] {processor.py:743} INFO - Processing file /Library/Frameworks/Python.framework/Versions/3.11/lib/python3.11/site-packages/airflow/example_dags/tutorial_taskflow_api.py for tasks to queue
[2022-12-31T20:44:13.739+0100] {logging_mixin.py:137} INFO - [2022-12-31T20:44:13.739+0100] {dagbag.py:538} INFO - Filling up the DagBag from /Library/Frameworks/Python.framework/Versions/3.11/lib/python3.11/site-packages/airflow/example_dags/tutorial_taskflow_api.py
[2022-12-31T20:44:13.760+0100] {processor.py:753} INFO - DAG(s) dict_keys(['tutorial_taskflow_api']) retrieved from /Library/Frameworks/Python.framework/Versions/3.11/lib/python3.11/site-packages/airflow/example_dags/tutorial_taskflow_api.py
[2022-12-31T20:44:14.170+0100] {logging_mixin.py:137} INFO - [2022-12-31T20:44:14.170+0100] {dag.py:2676} INFO - Sync 1 DAGs
[2022-12-31T20:44:14.175+0100] {logging_mixin.py:137} INFO - [2022-12-31T20:44:14.175+0100] {dag.py:3423} INFO - Setting next_dagrun for tutorial_taskflow_api to None, run_after=None
[2022-12-31T20:44:14.182+0100] {processor.py:175} INFO - Processing /Library/Frameworks/Python.framework/Versions/3.11/lib/python3.11/site-packages/airflow/example_dags/tutorial_taskflow_api.py took 0.447 seconds
[2022-12-31T20:46:21.400+0100] {processor.py:153} INFO - Started process (PID=91878) to work on /Library/Frameworks/Python.framework/Versions/3.11/lib/python3.11/site-packages/airflow/example_dags/tutorial_taskflow_api.py
[2022-12-31T20:46:21.405+0100] {processor.py:743} INFO - Processing file /Library/Frameworks/Python.framework/Versions/3.11/lib/python3.11/site-packages/airflow/example_dags/tutorial_taskflow_api.py for tasks to queue
[2022-12-31T20:46:21.405+0100] {logging_mixin.py:137} INFO - [2022-12-31T20:46:21.405+0100] {dagbag.py:538} INFO - Filling up the DagBag from /Library/Frameworks/Python.framework/Versions/3.11/lib/python3.11/site-packages/airflow/example_dags/tutorial_taskflow_api.py
[2022-12-31T20:46:21.424+0100] {processor.py:753} INFO - DAG(s) dict_keys(['tutorial_taskflow_api']) retrieved from /Library/Frameworks/Python.framework/Versions/3.11/lib/python3.11/site-packages/airflow/example_dags/tutorial_taskflow_api.py
[2022-12-31T20:46:21.827+0100] {logging_mixin.py:137} INFO - [2022-12-31T20:46:21.827+0100] {dag.py:2676} INFO - Sync 1 DAGs
[2022-12-31T20:46:21.832+0100] {logging_mixin.py:137} INFO - [2022-12-31T20:46:21.832+0100] {dag.py:3423} INFO - Setting next_dagrun for tutorial_taskflow_api to None, run_after=None
[2022-12-31T20:46:21.837+0100] {processor.py:175} INFO - Processing /Library/Frameworks/Python.framework/Versions/3.11/lib/python3.11/site-packages/airflow/example_dags/tutorial_taskflow_api.py took 0.438 seconds
[2022-12-31T20:48:22.072+0100] {processor.py:153} INFO - Started process (PID=92111) to work on /Library/Frameworks/Python.framework/Versions/3.11/lib/python3.11/site-packages/airflow/example_dags/tutorial_taskflow_api.py
[2022-12-31T20:48:22.076+0100] {processor.py:743} INFO - Processing file /Library/Frameworks/Python.framework/Versions/3.11/lib/python3.11/site-packages/airflow/example_dags/tutorial_taskflow_api.py for tasks to queue
[2022-12-31T20:48:22.076+0100] {logging_mixin.py:137} INFO - [2022-12-31T20:48:22.076+0100] {dagbag.py:538} INFO - Filling up the DagBag from /Library/Frameworks/Python.framework/Versions/3.11/lib/python3.11/site-packages/airflow/example_dags/tutorial_taskflow_api.py
[2022-12-31T20:48:22.095+0100] {processor.py:753} INFO - DAG(s) dict_keys(['tutorial_taskflow_api']) retrieved from /Library/Frameworks/Python.framework/Versions/3.11/lib/python3.11/site-packages/airflow/example_dags/tutorial_taskflow_api.py
[2022-12-31T20:48:22.503+0100] {logging_mixin.py:137} INFO - [2022-12-31T20:48:22.503+0100] {dag.py:2676} INFO - Sync 1 DAGs
[2022-12-31T20:48:22.508+0100] {logging_mixin.py:137} INFO - [2022-12-31T20:48:22.508+0100] {dag.py:3423} INFO - Setting next_dagrun for tutorial_taskflow_api to None, run_after=None
[2022-12-31T20:48:22.514+0100] {processor.py:175} INFO - Processing /Library/Frameworks/Python.framework/Versions/3.11/lib/python3.11/site-packages/airflow/example_dags/tutorial_taskflow_api.py took 0.444 seconds
[2022-12-31T20:50:22.383+0100] {processor.py:153} INFO - Started process (PID=92358) to work on /Library/Frameworks/Python.framework/Versions/3.11/lib/python3.11/site-packages/airflow/example_dags/tutorial_taskflow_api.py
[2022-12-31T20:50:22.387+0100] {processor.py:743} INFO - Processing file /Library/Frameworks/Python.framework/Versions/3.11/lib/python3.11/site-packages/airflow/example_dags/tutorial_taskflow_api.py for tasks to queue
[2022-12-31T20:50:22.388+0100] {logging_mixin.py:137} INFO - [2022-12-31T20:50:22.388+0100] {dagbag.py:538} INFO - Filling up the DagBag from /Library/Frameworks/Python.framework/Versions/3.11/lib/python3.11/site-packages/airflow/example_dags/tutorial_taskflow_api.py
[2022-12-31T20:50:22.421+0100] {processor.py:753} INFO - DAG(s) dict_keys(['tutorial_taskflow_api']) retrieved from /Library/Frameworks/Python.framework/Versions/3.11/lib/python3.11/site-packages/airflow/example_dags/tutorial_taskflow_api.py
[2022-12-31T20:50:22.954+0100] {logging_mixin.py:137} INFO - [2022-12-31T20:50:22.954+0100] {dag.py:2676} INFO - Sync 1 DAGs
[2022-12-31T20:50:22.961+0100] {logging_mixin.py:137} INFO - [2022-12-31T20:50:22.961+0100] {dag.py:3423} INFO - Setting next_dagrun for tutorial_taskflow_api to None, run_after=None
[2022-12-31T20:50:22.968+0100] {processor.py:175} INFO - Processing /Library/Frameworks/Python.framework/Versions/3.11/lib/python3.11/site-packages/airflow/example_dags/tutorial_taskflow_api.py took 0.585 seconds
[2022-12-31T20:52:50.913+0100] {processor.py:153} INFO - Started process (PID=92738) to work on /Library/Frameworks/Python.framework/Versions/3.11/lib/python3.11/site-packages/airflow/example_dags/tutorial_taskflow_api.py
[2022-12-31T20:52:50.919+0100] {processor.py:743} INFO - Processing file /Library/Frameworks/Python.framework/Versions/3.11/lib/python3.11/site-packages/airflow/example_dags/tutorial_taskflow_api.py for tasks to queue
[2022-12-31T20:52:50.920+0100] {logging_mixin.py:137} INFO - [2022-12-31T20:52:50.919+0100] {dagbag.py:538} INFO - Filling up the DagBag from /Library/Frameworks/Python.framework/Versions/3.11/lib/python3.11/site-packages/airflow/example_dags/tutorial_taskflow_api.py
[2022-12-31T20:52:50.946+0100] {processor.py:753} INFO - DAG(s) dict_keys(['tutorial_taskflow_api']) retrieved from /Library/Frameworks/Python.framework/Versions/3.11/lib/python3.11/site-packages/airflow/example_dags/tutorial_taskflow_api.py
[2022-12-31T20:52:51.374+0100] {logging_mixin.py:137} INFO - [2022-12-31T20:52:51.374+0100] {dag.py:2676} INFO - Sync 1 DAGs
[2022-12-31T20:52:51.380+0100] {logging_mixin.py:137} INFO - [2022-12-31T20:52:51.380+0100] {dag.py:3423} INFO - Setting next_dagrun for tutorial_taskflow_api to None, run_after=None
[2022-12-31T20:52:51.386+0100] {processor.py:175} INFO - Processing /Library/Frameworks/Python.framework/Versions/3.11/lib/python3.11/site-packages/airflow/example_dags/tutorial_taskflow_api.py took 0.474 seconds
[2022-12-31T20:54:58.446+0100] {processor.py:153} INFO - Started process (PID=93108) to work on /Library/Frameworks/Python.framework/Versions/3.11/lib/python3.11/site-packages/airflow/example_dags/tutorial_taskflow_api.py
[2022-12-31T20:54:58.453+0100] {processor.py:743} INFO - Processing file /Library/Frameworks/Python.framework/Versions/3.11/lib/python3.11/site-packages/airflow/example_dags/tutorial_taskflow_api.py for tasks to queue
[2022-12-31T20:54:58.454+0100] {logging_mixin.py:137} INFO - [2022-12-31T20:54:58.454+0100] {dagbag.py:538} INFO - Filling up the DagBag from /Library/Frameworks/Python.framework/Versions/3.11/lib/python3.11/site-packages/airflow/example_dags/tutorial_taskflow_api.py
[2022-12-31T20:54:58.495+0100] {processor.py:753} INFO - DAG(s) dict_keys(['tutorial_taskflow_api']) retrieved from /Library/Frameworks/Python.framework/Versions/3.11/lib/python3.11/site-packages/airflow/example_dags/tutorial_taskflow_api.py
[2022-12-31T20:54:59.032+0100] {logging_mixin.py:137} INFO - [2022-12-31T20:54:59.031+0100] {dag.py:2676} INFO - Sync 1 DAGs
[2022-12-31T20:54:59.041+0100] {logging_mixin.py:137} INFO - [2022-12-31T20:54:59.040+0100] {dag.py:3423} INFO - Setting next_dagrun for tutorial_taskflow_api to None, run_after=None
[2022-12-31T20:54:59.053+0100] {processor.py:175} INFO - Processing /Library/Frameworks/Python.framework/Versions/3.11/lib/python3.11/site-packages/airflow/example_dags/tutorial_taskflow_api.py took 0.607 seconds
[2022-12-31T20:56:11.967+0100] {processor.py:153} INFO - Started process (PID=93248) to work on /Library/Frameworks/Python.framework/Versions/3.11/lib/python3.11/site-packages/airflow/example_dags/tutorial_taskflow_api.py
[2022-12-31T20:56:11.975+0100] {processor.py:743} INFO - Processing file /Library/Frameworks/Python.framework/Versions/3.11/lib/python3.11/site-packages/airflow/example_dags/tutorial_taskflow_api.py for tasks to queue
[2022-12-31T20:56:11.975+0100] {logging_mixin.py:137} INFO - [2022-12-31T20:56:11.975+0100] {dagbag.py:538} INFO - Filling up the DagBag from /Library/Frameworks/Python.framework/Versions/3.11/lib/python3.11/site-packages/airflow/example_dags/tutorial_taskflow_api.py
[2022-12-31T20:56:12.005+0100] {processor.py:753} INFO - DAG(s) dict_keys(['tutorial_taskflow_api']) retrieved from /Library/Frameworks/Python.framework/Versions/3.11/lib/python3.11/site-packages/airflow/example_dags/tutorial_taskflow_api.py
[2022-12-31T20:56:12.461+0100] {logging_mixin.py:137} INFO - [2022-12-31T20:56:12.461+0100] {dag.py:2676} INFO - Sync 1 DAGs
[2022-12-31T20:56:12.467+0100] {logging_mixin.py:137} INFO - [2022-12-31T20:56:12.467+0100] {dag.py:3423} INFO - Setting next_dagrun for tutorial_taskflow_api to None, run_after=None
[2022-12-31T20:56:12.474+0100] {processor.py:175} INFO - Processing /Library/Frameworks/Python.framework/Versions/3.11/lib/python3.11/site-packages/airflow/example_dags/tutorial_taskflow_api.py took 0.508 seconds
[2022-12-31T20:57:15.399+0100] {processor.py:153} INFO - Started process (PID=93385) to work on /Library/Frameworks/Python.framework/Versions/3.11/lib/python3.11/site-packages/airflow/example_dags/tutorial_taskflow_api.py
[2022-12-31T20:57:15.403+0100] {processor.py:743} INFO - Processing file /Library/Frameworks/Python.framework/Versions/3.11/lib/python3.11/site-packages/airflow/example_dags/tutorial_taskflow_api.py for tasks to queue
[2022-12-31T20:57:15.404+0100] {logging_mixin.py:137} INFO - [2022-12-31T20:57:15.404+0100] {dagbag.py:538} INFO - Filling up the DagBag from /Library/Frameworks/Python.framework/Versions/3.11/lib/python3.11/site-packages/airflow/example_dags/tutorial_taskflow_api.py
[2022-12-31T20:57:15.449+0100] {processor.py:753} INFO - DAG(s) dict_keys(['tutorial_taskflow_api']) retrieved from /Library/Frameworks/Python.framework/Versions/3.11/lib/python3.11/site-packages/airflow/example_dags/tutorial_taskflow_api.py
[2022-12-31T20:57:15.926+0100] {logging_mixin.py:137} INFO - [2022-12-31T20:57:15.925+0100] {dag.py:2676} INFO - Sync 1 DAGs
[2022-12-31T20:57:15.932+0100] {logging_mixin.py:137} INFO - [2022-12-31T20:57:15.932+0100] {dag.py:3423} INFO - Setting next_dagrun for tutorial_taskflow_api to None, run_after=None
[2022-12-31T20:57:15.941+0100] {processor.py:175} INFO - Processing /Library/Frameworks/Python.framework/Versions/3.11/lib/python3.11/site-packages/airflow/example_dags/tutorial_taskflow_api.py took 0.543 seconds
[2022-12-31T20:58:14.733+0100] {processor.py:153} INFO - Started process (PID=93501) to work on /Library/Frameworks/Python.framework/Versions/3.11/lib/python3.11/site-packages/airflow/example_dags/tutorial_taskflow_api.py
[2022-12-31T20:58:14.735+0100] {processor.py:743} INFO - Processing file /Library/Frameworks/Python.framework/Versions/3.11/lib/python3.11/site-packages/airflow/example_dags/tutorial_taskflow_api.py for tasks to queue
[2022-12-31T20:58:14.735+0100] {logging_mixin.py:137} INFO - [2022-12-31T20:58:14.735+0100] {dagbag.py:538} INFO - Filling up the DagBag from /Library/Frameworks/Python.framework/Versions/3.11/lib/python3.11/site-packages/airflow/example_dags/tutorial_taskflow_api.py
[2022-12-31T20:58:14.766+0100] {processor.py:753} INFO - DAG(s) dict_keys(['tutorial_taskflow_api']) retrieved from /Library/Frameworks/Python.framework/Versions/3.11/lib/python3.11/site-packages/airflow/example_dags/tutorial_taskflow_api.py
[2022-12-31T20:58:15.166+0100] {logging_mixin.py:137} INFO - [2022-12-31T20:58:15.165+0100] {dag.py:2676} INFO - Sync 1 DAGs
[2022-12-31T20:58:15.171+0100] {logging_mixin.py:137} INFO - [2022-12-31T20:58:15.171+0100] {dag.py:3423} INFO - Setting next_dagrun for tutorial_taskflow_api to None, run_after=None
[2022-12-31T20:58:15.177+0100] {processor.py:175} INFO - Processing /Library/Frameworks/Python.framework/Versions/3.11/lib/python3.11/site-packages/airflow/example_dags/tutorial_taskflow_api.py took 0.445 seconds
[2022-12-31T20:59:16.509+0100] {processor.py:153} INFO - Started process (PID=93651) to work on /Library/Frameworks/Python.framework/Versions/3.11/lib/python3.11/site-packages/airflow/example_dags/tutorial_taskflow_api.py
[2022-12-31T20:59:16.514+0100] {processor.py:743} INFO - Processing file /Library/Frameworks/Python.framework/Versions/3.11/lib/python3.11/site-packages/airflow/example_dags/tutorial_taskflow_api.py for tasks to queue
[2022-12-31T20:59:16.515+0100] {logging_mixin.py:137} INFO - [2022-12-31T20:59:16.515+0100] {dagbag.py:538} INFO - Filling up the DagBag from /Library/Frameworks/Python.framework/Versions/3.11/lib/python3.11/site-packages/airflow/example_dags/tutorial_taskflow_api.py
[2022-12-31T20:59:16.536+0100] {processor.py:753} INFO - DAG(s) dict_keys(['tutorial_taskflow_api']) retrieved from /Library/Frameworks/Python.framework/Versions/3.11/lib/python3.11/site-packages/airflow/example_dags/tutorial_taskflow_api.py
[2022-12-31T20:59:17.111+0100] {logging_mixin.py:137} INFO - [2022-12-31T20:59:17.111+0100] {dag.py:2676} INFO - Sync 1 DAGs
[2022-12-31T20:59:17.121+0100] {logging_mixin.py:137} INFO - [2022-12-31T20:59:17.121+0100] {dag.py:3423} INFO - Setting next_dagrun for tutorial_taskflow_api to None, run_after=None
[2022-12-31T20:59:17.132+0100] {processor.py:175} INFO - Processing /Library/Frameworks/Python.framework/Versions/3.11/lib/python3.11/site-packages/airflow/example_dags/tutorial_taskflow_api.py took 0.624 seconds
[2022-12-31T21:00:17.909+0100] {processor.py:153} INFO - Started process (PID=93742) to work on /Library/Frameworks/Python.framework/Versions/3.11/lib/python3.11/site-packages/airflow/example_dags/tutorial_taskflow_api.py
[2022-12-31T21:00:17.930+0100] {processor.py:743} INFO - Processing file /Library/Frameworks/Python.framework/Versions/3.11/lib/python3.11/site-packages/airflow/example_dags/tutorial_taskflow_api.py for tasks to queue
[2022-12-31T21:00:17.934+0100] {logging_mixin.py:137} INFO - [2022-12-31T21:00:17.934+0100] {dagbag.py:538} INFO - Filling up the DagBag from /Library/Frameworks/Python.framework/Versions/3.11/lib/python3.11/site-packages/airflow/example_dags/tutorial_taskflow_api.py
[2022-12-31T21:00:18.009+0100] {processor.py:753} INFO - DAG(s) dict_keys(['tutorial_taskflow_api']) retrieved from /Library/Frameworks/Python.framework/Versions/3.11/lib/python3.11/site-packages/airflow/example_dags/tutorial_taskflow_api.py
[2022-12-31T21:00:18.744+0100] {logging_mixin.py:137} INFO - [2022-12-31T21:00:18.744+0100] {dag.py:2676} INFO - Sync 1 DAGs
[2022-12-31T21:00:18.751+0100] {logging_mixin.py:137} INFO - [2022-12-31T21:00:18.751+0100] {dag.py:3423} INFO - Setting next_dagrun for tutorial_taskflow_api to None, run_after=None
[2022-12-31T21:00:18.758+0100] {processor.py:175} INFO - Processing /Library/Frameworks/Python.framework/Versions/3.11/lib/python3.11/site-packages/airflow/example_dags/tutorial_taskflow_api.py took 0.850 seconds
[2022-12-31T21:01:20.047+0100] {processor.py:153} INFO - Started process (PID=93894) to work on /Library/Frameworks/Python.framework/Versions/3.11/lib/python3.11/site-packages/airflow/example_dags/tutorial_taskflow_api.py
[2022-12-31T21:01:20.050+0100] {processor.py:743} INFO - Processing file /Library/Frameworks/Python.framework/Versions/3.11/lib/python3.11/site-packages/airflow/example_dags/tutorial_taskflow_api.py for tasks to queue
[2022-12-31T21:01:20.050+0100] {logging_mixin.py:137} INFO - [2022-12-31T21:01:20.050+0100] {dagbag.py:538} INFO - Filling up the DagBag from /Library/Frameworks/Python.framework/Versions/3.11/lib/python3.11/site-packages/airflow/example_dags/tutorial_taskflow_api.py
[2022-12-31T21:01:20.075+0100] {processor.py:753} INFO - DAG(s) dict_keys(['tutorial_taskflow_api']) retrieved from /Library/Frameworks/Python.framework/Versions/3.11/lib/python3.11/site-packages/airflow/example_dags/tutorial_taskflow_api.py
[2022-12-31T21:01:20.545+0100] {logging_mixin.py:137} INFO - [2022-12-31T21:01:20.545+0100] {dag.py:2676} INFO - Sync 1 DAGs
[2022-12-31T21:01:20.550+0100] {logging_mixin.py:137} INFO - [2022-12-31T21:01:20.550+0100] {dag.py:3423} INFO - Setting next_dagrun for tutorial_taskflow_api to None, run_after=None
[2022-12-31T21:01:20.557+0100] {processor.py:175} INFO - Processing /Library/Frameworks/Python.framework/Versions/3.11/lib/python3.11/site-packages/airflow/example_dags/tutorial_taskflow_api.py took 0.511 seconds
[2022-12-31T21:02:19.263+0100] {processor.py:153} INFO - Started process (PID=94081) to work on /Library/Frameworks/Python.framework/Versions/3.11/lib/python3.11/site-packages/airflow/example_dags/tutorial_taskflow_api.py
[2022-12-31T21:02:19.267+0100] {processor.py:743} INFO - Processing file /Library/Frameworks/Python.framework/Versions/3.11/lib/python3.11/site-packages/airflow/example_dags/tutorial_taskflow_api.py for tasks to queue
[2022-12-31T21:02:19.267+0100] {logging_mixin.py:137} INFO - [2022-12-31T21:02:19.267+0100] {dagbag.py:538} INFO - Filling up the DagBag from /Library/Frameworks/Python.framework/Versions/3.11/lib/python3.11/site-packages/airflow/example_dags/tutorial_taskflow_api.py
[2022-12-31T21:02:19.291+0100] {processor.py:753} INFO - DAG(s) dict_keys(['tutorial_taskflow_api']) retrieved from /Library/Frameworks/Python.framework/Versions/3.11/lib/python3.11/site-packages/airflow/example_dags/tutorial_taskflow_api.py
[2022-12-31T21:02:19.695+0100] {logging_mixin.py:137} INFO - [2022-12-31T21:02:19.695+0100] {dag.py:2676} INFO - Sync 1 DAGs
[2022-12-31T21:02:19.701+0100] {logging_mixin.py:137} INFO - [2022-12-31T21:02:19.700+0100] {dag.py:3423} INFO - Setting next_dagrun for tutorial_taskflow_api to None, run_after=None
[2022-12-31T21:02:19.707+0100] {processor.py:175} INFO - Processing /Library/Frameworks/Python.framework/Versions/3.11/lib/python3.11/site-packages/airflow/example_dags/tutorial_taskflow_api.py took 0.445 seconds
[2022-12-31T21:03:23.497+0100] {processor.py:153} INFO - Started process (PID=94285) to work on /Library/Frameworks/Python.framework/Versions/3.11/lib/python3.11/site-packages/airflow/example_dags/tutorial_taskflow_api.py
[2022-12-31T21:03:23.500+0100] {processor.py:743} INFO - Processing file /Library/Frameworks/Python.framework/Versions/3.11/lib/python3.11/site-packages/airflow/example_dags/tutorial_taskflow_api.py for tasks to queue
[2022-12-31T21:03:23.500+0100] {logging_mixin.py:137} INFO - [2022-12-31T21:03:23.500+0100] {dagbag.py:538} INFO - Filling up the DagBag from /Library/Frameworks/Python.framework/Versions/3.11/lib/python3.11/site-packages/airflow/example_dags/tutorial_taskflow_api.py
[2022-12-31T21:03:23.567+0100] {processor.py:753} INFO - DAG(s) dict_keys(['tutorial_taskflow_api']) retrieved from /Library/Frameworks/Python.framework/Versions/3.11/lib/python3.11/site-packages/airflow/example_dags/tutorial_taskflow_api.py
[2022-12-31T21:03:24.038+0100] {logging_mixin.py:137} INFO - [2022-12-31T21:03:24.038+0100] {dag.py:2676} INFO - Sync 1 DAGs
[2022-12-31T21:03:24.046+0100] {logging_mixin.py:137} INFO - [2022-12-31T21:03:24.046+0100] {dag.py:3423} INFO - Setting next_dagrun for tutorial_taskflow_api to None, run_after=None
[2022-12-31T21:03:24.053+0100] {processor.py:175} INFO - Processing /Library/Frameworks/Python.framework/Versions/3.11/lib/python3.11/site-packages/airflow/example_dags/tutorial_taskflow_api.py took 0.557 seconds
[2022-12-31T21:04:28.176+0100] {processor.py:153} INFO - Started process (PID=94399) to work on /Library/Frameworks/Python.framework/Versions/3.11/lib/python3.11/site-packages/airflow/example_dags/tutorial_taskflow_api.py
[2022-12-31T21:04:28.178+0100] {processor.py:743} INFO - Processing file /Library/Frameworks/Python.framework/Versions/3.11/lib/python3.11/site-packages/airflow/example_dags/tutorial_taskflow_api.py for tasks to queue
[2022-12-31T21:04:28.178+0100] {logging_mixin.py:137} INFO - [2022-12-31T21:04:28.178+0100] {dagbag.py:538} INFO - Filling up the DagBag from /Library/Frameworks/Python.framework/Versions/3.11/lib/python3.11/site-packages/airflow/example_dags/tutorial_taskflow_api.py
[2022-12-31T21:04:28.200+0100] {processor.py:753} INFO - DAG(s) dict_keys(['tutorial_taskflow_api']) retrieved from /Library/Frameworks/Python.framework/Versions/3.11/lib/python3.11/site-packages/airflow/example_dags/tutorial_taskflow_api.py
[2022-12-31T21:04:28.721+0100] {logging_mixin.py:137} INFO - [2022-12-31T21:04:28.721+0100] {dag.py:2676} INFO - Sync 1 DAGs
[2022-12-31T21:04:28.727+0100] {logging_mixin.py:137} INFO - [2022-12-31T21:04:28.727+0100] {dag.py:3423} INFO - Setting next_dagrun for tutorial_taskflow_api to None, run_after=None
[2022-12-31T21:04:28.743+0100] {processor.py:175} INFO - Processing /Library/Frameworks/Python.framework/Versions/3.11/lib/python3.11/site-packages/airflow/example_dags/tutorial_taskflow_api.py took 0.568 seconds
[2022-12-31T21:05:27.363+0100] {processor.py:153} INFO - Started process (PID=94531) to work on /Library/Frameworks/Python.framework/Versions/3.11/lib/python3.11/site-packages/airflow/example_dags/tutorial_taskflow_api.py
[2022-12-31T21:05:27.369+0100] {processor.py:743} INFO - Processing file /Library/Frameworks/Python.framework/Versions/3.11/lib/python3.11/site-packages/airflow/example_dags/tutorial_taskflow_api.py for tasks to queue
[2022-12-31T21:05:27.369+0100] {logging_mixin.py:137} INFO - [2022-12-31T21:05:27.369+0100] {dagbag.py:538} INFO - Filling up the DagBag from /Library/Frameworks/Python.framework/Versions/3.11/lib/python3.11/site-packages/airflow/example_dags/tutorial_taskflow_api.py
[2022-12-31T21:05:27.397+0100] {processor.py:753} INFO - DAG(s) dict_keys(['tutorial_taskflow_api']) retrieved from /Library/Frameworks/Python.framework/Versions/3.11/lib/python3.11/site-packages/airflow/example_dags/tutorial_taskflow_api.py
[2022-12-31T21:05:27.824+0100] {logging_mixin.py:137} INFO - [2022-12-31T21:05:27.824+0100] {dag.py:2676} INFO - Sync 1 DAGs
[2022-12-31T21:05:27.830+0100] {logging_mixin.py:137} INFO - [2022-12-31T21:05:27.829+0100] {dag.py:3423} INFO - Setting next_dagrun for tutorial_taskflow_api to None, run_after=None
[2022-12-31T21:05:27.835+0100] {processor.py:175} INFO - Processing /Library/Frameworks/Python.framework/Versions/3.11/lib/python3.11/site-packages/airflow/example_dags/tutorial_taskflow_api.py took 0.473 seconds
[2022-12-31T21:06:21.462+0100] {processor.py:153} INFO - Started process (PID=94643) to work on /Library/Frameworks/Python.framework/Versions/3.11/lib/python3.11/site-packages/airflow/example_dags/tutorial_taskflow_api.py
[2022-12-31T21:06:21.469+0100] {processor.py:743} INFO - Processing file /Library/Frameworks/Python.framework/Versions/3.11/lib/python3.11/site-packages/airflow/example_dags/tutorial_taskflow_api.py for tasks to queue
[2022-12-31T21:06:21.469+0100] {logging_mixin.py:137} INFO - [2022-12-31T21:06:21.469+0100] {dagbag.py:538} INFO - Filling up the DagBag from /Library/Frameworks/Python.framework/Versions/3.11/lib/python3.11/site-packages/airflow/example_dags/tutorial_taskflow_api.py
[2022-12-31T21:06:21.489+0100] {processor.py:753} INFO - DAG(s) dict_keys(['tutorial_taskflow_api']) retrieved from /Library/Frameworks/Python.framework/Versions/3.11/lib/python3.11/site-packages/airflow/example_dags/tutorial_taskflow_api.py
[2022-12-31T21:06:21.917+0100] {logging_mixin.py:137} INFO - [2022-12-31T21:06:21.917+0100] {dag.py:2676} INFO - Sync 1 DAGs
[2022-12-31T21:06:21.922+0100] {logging_mixin.py:137} INFO - [2022-12-31T21:06:21.922+0100] {dag.py:3423} INFO - Setting next_dagrun for tutorial_taskflow_api to None, run_after=None
[2022-12-31T21:06:21.928+0100] {processor.py:175} INFO - Processing /Library/Frameworks/Python.framework/Versions/3.11/lib/python3.11/site-packages/airflow/example_dags/tutorial_taskflow_api.py took 0.467 seconds
[2022-12-31T21:07:15.301+0100] {processor.py:153} INFO - Started process (PID=94750) to work on /Library/Frameworks/Python.framework/Versions/3.11/lib/python3.11/site-packages/airflow/example_dags/tutorial_taskflow_api.py
[2022-12-31T21:07:15.306+0100] {processor.py:743} INFO - Processing file /Library/Frameworks/Python.framework/Versions/3.11/lib/python3.11/site-packages/airflow/example_dags/tutorial_taskflow_api.py for tasks to queue
[2022-12-31T21:07:15.306+0100] {logging_mixin.py:137} INFO - [2022-12-31T21:07:15.306+0100] {dagbag.py:538} INFO - Filling up the DagBag from /Library/Frameworks/Python.framework/Versions/3.11/lib/python3.11/site-packages/airflow/example_dags/tutorial_taskflow_api.py
[2022-12-31T21:07:15.326+0100] {processor.py:753} INFO - DAG(s) dict_keys(['tutorial_taskflow_api']) retrieved from /Library/Frameworks/Python.framework/Versions/3.11/lib/python3.11/site-packages/airflow/example_dags/tutorial_taskflow_api.py
[2022-12-31T21:07:15.744+0100] {logging_mixin.py:137} INFO - [2022-12-31T21:07:15.743+0100] {dag.py:2676} INFO - Sync 1 DAGs
[2022-12-31T21:07:15.749+0100] {logging_mixin.py:137} INFO - [2022-12-31T21:07:15.749+0100] {dag.py:3423} INFO - Setting next_dagrun for tutorial_taskflow_api to None, run_after=None
[2022-12-31T21:07:15.755+0100] {processor.py:175} INFO - Processing /Library/Frameworks/Python.framework/Versions/3.11/lib/python3.11/site-packages/airflow/example_dags/tutorial_taskflow_api.py took 0.455 seconds
[2022-12-31T21:08:13.272+0100] {processor.py:153} INFO - Started process (PID=94907) to work on /Library/Frameworks/Python.framework/Versions/3.11/lib/python3.11/site-packages/airflow/example_dags/tutorial_taskflow_api.py
[2022-12-31T21:08:13.275+0100] {processor.py:743} INFO - Processing file /Library/Frameworks/Python.framework/Versions/3.11/lib/python3.11/site-packages/airflow/example_dags/tutorial_taskflow_api.py for tasks to queue
[2022-12-31T21:08:13.276+0100] {logging_mixin.py:137} INFO - [2022-12-31T21:08:13.276+0100] {dagbag.py:538} INFO - Filling up the DagBag from /Library/Frameworks/Python.framework/Versions/3.11/lib/python3.11/site-packages/airflow/example_dags/tutorial_taskflow_api.py
[2022-12-31T21:08:13.337+0100] {processor.py:753} INFO - DAG(s) dict_keys(['tutorial_taskflow_api']) retrieved from /Library/Frameworks/Python.framework/Versions/3.11/lib/python3.11/site-packages/airflow/example_dags/tutorial_taskflow_api.py
[2022-12-31T21:08:13.904+0100] {logging_mixin.py:137} INFO - [2022-12-31T21:08:13.903+0100] {dag.py:2676} INFO - Sync 1 DAGs
[2022-12-31T21:08:13.910+0100] {logging_mixin.py:137} INFO - [2022-12-31T21:08:13.910+0100] {dag.py:3423} INFO - Setting next_dagrun for tutorial_taskflow_api to None, run_after=None
[2022-12-31T21:08:13.917+0100] {processor.py:175} INFO - Processing /Library/Frameworks/Python.framework/Versions/3.11/lib/python3.11/site-packages/airflow/example_dags/tutorial_taskflow_api.py took 0.646 seconds
[2022-12-31T21:09:13.176+0100] {processor.py:153} INFO - Started process (PID=95039) to work on /Library/Frameworks/Python.framework/Versions/3.11/lib/python3.11/site-packages/airflow/example_dags/tutorial_taskflow_api.py
[2022-12-31T21:09:13.181+0100] {processor.py:743} INFO - Processing file /Library/Frameworks/Python.framework/Versions/3.11/lib/python3.11/site-packages/airflow/example_dags/tutorial_taskflow_api.py for tasks to queue
[2022-12-31T21:09:13.181+0100] {logging_mixin.py:137} INFO - [2022-12-31T21:09:13.181+0100] {dagbag.py:538} INFO - Filling up the DagBag from /Library/Frameworks/Python.framework/Versions/3.11/lib/python3.11/site-packages/airflow/example_dags/tutorial_taskflow_api.py
[2022-12-31T21:09:13.231+0100] {processor.py:753} INFO - DAG(s) dict_keys(['tutorial_taskflow_api']) retrieved from /Library/Frameworks/Python.framework/Versions/3.11/lib/python3.11/site-packages/airflow/example_dags/tutorial_taskflow_api.py
[2022-12-31T21:09:13.736+0100] {logging_mixin.py:137} INFO - [2022-12-31T21:09:13.736+0100] {dag.py:2676} INFO - Sync 1 DAGs
[2022-12-31T21:09:13.747+0100] {logging_mixin.py:137} INFO - [2022-12-31T21:09:13.747+0100] {dag.py:3423} INFO - Setting next_dagrun for tutorial_taskflow_api to None, run_after=None
[2022-12-31T21:09:13.755+0100] {processor.py:175} INFO - Processing /Library/Frameworks/Python.framework/Versions/3.11/lib/python3.11/site-packages/airflow/example_dags/tutorial_taskflow_api.py took 0.579 seconds
[2022-12-31T21:10:15.670+0100] {processor.py:153} INFO - Started process (PID=95208) to work on /Library/Frameworks/Python.framework/Versions/3.11/lib/python3.11/site-packages/airflow/example_dags/tutorial_taskflow_api.py
[2022-12-31T21:10:15.674+0100] {processor.py:743} INFO - Processing file /Library/Frameworks/Python.framework/Versions/3.11/lib/python3.11/site-packages/airflow/example_dags/tutorial_taskflow_api.py for tasks to queue
[2022-12-31T21:10:15.675+0100] {logging_mixin.py:137} INFO - [2022-12-31T21:10:15.675+0100] {dagbag.py:538} INFO - Filling up the DagBag from /Library/Frameworks/Python.framework/Versions/3.11/lib/python3.11/site-packages/airflow/example_dags/tutorial_taskflow_api.py
[2022-12-31T21:10:15.708+0100] {processor.py:753} INFO - DAG(s) dict_keys(['tutorial_taskflow_api']) retrieved from /Library/Frameworks/Python.framework/Versions/3.11/lib/python3.11/site-packages/airflow/example_dags/tutorial_taskflow_api.py
[2022-12-31T21:10:16.111+0100] {logging_mixin.py:137} INFO - [2022-12-31T21:10:16.111+0100] {dag.py:2676} INFO - Sync 1 DAGs
[2022-12-31T21:10:16.116+0100] {logging_mixin.py:137} INFO - [2022-12-31T21:10:16.116+0100] {dag.py:3423} INFO - Setting next_dagrun for tutorial_taskflow_api to None, run_after=None
[2022-12-31T21:10:16.122+0100] {processor.py:175} INFO - Processing /Library/Frameworks/Python.framework/Versions/3.11/lib/python3.11/site-packages/airflow/example_dags/tutorial_taskflow_api.py took 0.453 seconds
[2022-12-31T21:11:17.350+0100] {processor.py:153} INFO - Started process (PID=95395) to work on /Library/Frameworks/Python.framework/Versions/3.11/lib/python3.11/site-packages/airflow/example_dags/tutorial_taskflow_api.py
[2022-12-31T21:11:17.378+0100] {processor.py:743} INFO - Processing file /Library/Frameworks/Python.framework/Versions/3.11/lib/python3.11/site-packages/airflow/example_dags/tutorial_taskflow_api.py for tasks to queue
[2022-12-31T21:11:17.378+0100] {logging_mixin.py:137} INFO - [2022-12-31T21:11:17.378+0100] {dagbag.py:538} INFO - Filling up the DagBag from /Library/Frameworks/Python.framework/Versions/3.11/lib/python3.11/site-packages/airflow/example_dags/tutorial_taskflow_api.py
[2022-12-31T21:11:17.439+0100] {processor.py:753} INFO - DAG(s) dict_keys(['tutorial_taskflow_api']) retrieved from /Library/Frameworks/Python.framework/Versions/3.11/lib/python3.11/site-packages/airflow/example_dags/tutorial_taskflow_api.py
[2022-12-31T21:11:17.985+0100] {logging_mixin.py:137} INFO - [2022-12-31T21:11:17.985+0100] {dag.py:2676} INFO - Sync 1 DAGs
[2022-12-31T21:11:17.992+0100] {logging_mixin.py:137} INFO - [2022-12-31T21:11:17.992+0100] {dag.py:3423} INFO - Setting next_dagrun for tutorial_taskflow_api to None, run_after=None
[2022-12-31T21:11:17.999+0100] {processor.py:175} INFO - Processing /Library/Frameworks/Python.framework/Versions/3.11/lib/python3.11/site-packages/airflow/example_dags/tutorial_taskflow_api.py took 0.650 seconds
[2022-12-31T21:12:19.209+0100] {processor.py:153} INFO - Started process (PID=95525) to work on /Library/Frameworks/Python.framework/Versions/3.11/lib/python3.11/site-packages/airflow/example_dags/tutorial_taskflow_api.py
[2022-12-31T21:12:19.214+0100] {processor.py:743} INFO - Processing file /Library/Frameworks/Python.framework/Versions/3.11/lib/python3.11/site-packages/airflow/example_dags/tutorial_taskflow_api.py for tasks to queue
[2022-12-31T21:12:19.214+0100] {logging_mixin.py:137} INFO - [2022-12-31T21:12:19.214+0100] {dagbag.py:538} INFO - Filling up the DagBag from /Library/Frameworks/Python.framework/Versions/3.11/lib/python3.11/site-packages/airflow/example_dags/tutorial_taskflow_api.py
[2022-12-31T21:12:19.237+0100] {processor.py:753} INFO - DAG(s) dict_keys(['tutorial_taskflow_api']) retrieved from /Library/Frameworks/Python.framework/Versions/3.11/lib/python3.11/site-packages/airflow/example_dags/tutorial_taskflow_api.py
[2022-12-31T21:12:19.790+0100] {logging_mixin.py:137} INFO - [2022-12-31T21:12:19.790+0100] {dag.py:2676} INFO - Sync 1 DAGs
[2022-12-31T21:12:19.797+0100] {logging_mixin.py:137} INFO - [2022-12-31T21:12:19.797+0100] {dag.py:3423} INFO - Setting next_dagrun for tutorial_taskflow_api to None, run_after=None
[2022-12-31T21:12:19.804+0100] {processor.py:175} INFO - Processing /Library/Frameworks/Python.framework/Versions/3.11/lib/python3.11/site-packages/airflow/example_dags/tutorial_taskflow_api.py took 0.596 seconds
[2022-12-31T21:13:27.397+0100] {processor.py:153} INFO - Started process (PID=95668) to work on /Library/Frameworks/Python.framework/Versions/3.11/lib/python3.11/site-packages/airflow/example_dags/tutorial_taskflow_api.py
[2022-12-31T21:13:27.402+0100] {processor.py:743} INFO - Processing file /Library/Frameworks/Python.framework/Versions/3.11/lib/python3.11/site-packages/airflow/example_dags/tutorial_taskflow_api.py for tasks to queue
[2022-12-31T21:13:27.403+0100] {logging_mixin.py:137} INFO - [2022-12-31T21:13:27.403+0100] {dagbag.py:538} INFO - Filling up the DagBag from /Library/Frameworks/Python.framework/Versions/3.11/lib/python3.11/site-packages/airflow/example_dags/tutorial_taskflow_api.py
[2022-12-31T21:13:27.423+0100] {processor.py:753} INFO - DAG(s) dict_keys(['tutorial_taskflow_api']) retrieved from /Library/Frameworks/Python.framework/Versions/3.11/lib/python3.11/site-packages/airflow/example_dags/tutorial_taskflow_api.py
[2022-12-31T21:13:28.027+0100] {logging_mixin.py:137} INFO - [2022-12-31T21:13:28.027+0100] {dag.py:2676} INFO - Sync 1 DAGs
[2022-12-31T21:13:28.035+0100] {logging_mixin.py:137} INFO - [2022-12-31T21:13:28.035+0100] {dag.py:3423} INFO - Setting next_dagrun for tutorial_taskflow_api to None, run_after=None
[2022-12-31T21:13:28.046+0100] {processor.py:175} INFO - Processing /Library/Frameworks/Python.framework/Versions/3.11/lib/python3.11/site-packages/airflow/example_dags/tutorial_taskflow_api.py took 0.650 seconds
[2022-12-31T21:14:29.781+0100] {processor.py:153} INFO - Started process (PID=95797) to work on /Library/Frameworks/Python.framework/Versions/3.11/lib/python3.11/site-packages/airflow/example_dags/tutorial_taskflow_api.py
[2022-12-31T21:14:29.794+0100] {processor.py:743} INFO - Processing file /Library/Frameworks/Python.framework/Versions/3.11/lib/python3.11/site-packages/airflow/example_dags/tutorial_taskflow_api.py for tasks to queue
[2022-12-31T21:14:29.794+0100] {logging_mixin.py:137} INFO - [2022-12-31T21:14:29.794+0100] {dagbag.py:538} INFO - Filling up the DagBag from /Library/Frameworks/Python.framework/Versions/3.11/lib/python3.11/site-packages/airflow/example_dags/tutorial_taskflow_api.py
[2022-12-31T21:14:29.840+0100] {processor.py:753} INFO - DAG(s) dict_keys(['tutorial_taskflow_api']) retrieved from /Library/Frameworks/Python.framework/Versions/3.11/lib/python3.11/site-packages/airflow/example_dags/tutorial_taskflow_api.py
[2022-12-31T21:14:30.273+0100] {logging_mixin.py:137} INFO - [2022-12-31T21:14:30.272+0100] {dag.py:2676} INFO - Sync 1 DAGs
[2022-12-31T21:14:30.279+0100] {logging_mixin.py:137} INFO - [2022-12-31T21:14:30.279+0100] {dag.py:3423} INFO - Setting next_dagrun for tutorial_taskflow_api to None, run_after=None
[2022-12-31T21:14:30.287+0100] {processor.py:175} INFO - Processing /Library/Frameworks/Python.framework/Versions/3.11/lib/python3.11/site-packages/airflow/example_dags/tutorial_taskflow_api.py took 0.507 seconds
[2022-12-31T21:15:24.763+0100] {processor.py:153} INFO - Started process (PID=95953) to work on /Library/Frameworks/Python.framework/Versions/3.11/lib/python3.11/site-packages/airflow/example_dags/tutorial_taskflow_api.py
[2022-12-31T21:15:24.768+0100] {processor.py:743} INFO - Processing file /Library/Frameworks/Python.framework/Versions/3.11/lib/python3.11/site-packages/airflow/example_dags/tutorial_taskflow_api.py for tasks to queue
[2022-12-31T21:15:24.768+0100] {logging_mixin.py:137} INFO - [2022-12-31T21:15:24.768+0100] {dagbag.py:538} INFO - Filling up the DagBag from /Library/Frameworks/Python.framework/Versions/3.11/lib/python3.11/site-packages/airflow/example_dags/tutorial_taskflow_api.py
[2022-12-31T21:15:24.798+0100] {processor.py:753} INFO - DAG(s) dict_keys(['tutorial_taskflow_api']) retrieved from /Library/Frameworks/Python.framework/Versions/3.11/lib/python3.11/site-packages/airflow/example_dags/tutorial_taskflow_api.py
[2022-12-31T21:15:25.246+0100] {logging_mixin.py:137} INFO - [2022-12-31T21:15:25.246+0100] {dag.py:2676} INFO - Sync 1 DAGs
[2022-12-31T21:15:25.254+0100] {logging_mixin.py:137} INFO - [2022-12-31T21:15:25.254+0100] {dag.py:3423} INFO - Setting next_dagrun for tutorial_taskflow_api to None, run_after=None
[2022-12-31T21:15:25.261+0100] {processor.py:175} INFO - Processing /Library/Frameworks/Python.framework/Versions/3.11/lib/python3.11/site-packages/airflow/example_dags/tutorial_taskflow_api.py took 0.499 seconds
[2022-12-31T21:16:22.084+0100] {processor.py:153} INFO - Started process (PID=96076) to work on /Library/Frameworks/Python.framework/Versions/3.11/lib/python3.11/site-packages/airflow/example_dags/tutorial_taskflow_api.py
[2022-12-31T21:16:22.087+0100] {processor.py:743} INFO - Processing file /Library/Frameworks/Python.framework/Versions/3.11/lib/python3.11/site-packages/airflow/example_dags/tutorial_taskflow_api.py for tasks to queue
[2022-12-31T21:16:22.087+0100] {logging_mixin.py:137} INFO - [2022-12-31T21:16:22.087+0100] {dagbag.py:538} INFO - Filling up the DagBag from /Library/Frameworks/Python.framework/Versions/3.11/lib/python3.11/site-packages/airflow/example_dags/tutorial_taskflow_api.py
[2022-12-31T21:16:22.111+0100] {processor.py:753} INFO - DAG(s) dict_keys(['tutorial_taskflow_api']) retrieved from /Library/Frameworks/Python.framework/Versions/3.11/lib/python3.11/site-packages/airflow/example_dags/tutorial_taskflow_api.py
[2022-12-31T21:16:22.573+0100] {logging_mixin.py:137} INFO - [2022-12-31T21:16:22.573+0100] {dag.py:2676} INFO - Sync 1 DAGs
[2022-12-31T21:16:22.578+0100] {logging_mixin.py:137} INFO - [2022-12-31T21:16:22.578+0100] {dag.py:3423} INFO - Setting next_dagrun for tutorial_taskflow_api to None, run_after=None
[2022-12-31T21:16:22.584+0100] {processor.py:175} INFO - Processing /Library/Frameworks/Python.framework/Versions/3.11/lib/python3.11/site-packages/airflow/example_dags/tutorial_taskflow_api.py took 0.501 seconds
[2022-12-31T21:17:15.007+0100] {processor.py:153} INFO - Started process (PID=96157) to work on /Library/Frameworks/Python.framework/Versions/3.11/lib/python3.11/site-packages/airflow/example_dags/tutorial_taskflow_api.py
[2022-12-31T21:17:15.013+0100] {processor.py:743} INFO - Processing file /Library/Frameworks/Python.framework/Versions/3.11/lib/python3.11/site-packages/airflow/example_dags/tutorial_taskflow_api.py for tasks to queue
[2022-12-31T21:17:15.013+0100] {logging_mixin.py:137} INFO - [2022-12-31T21:17:15.013+0100] {dagbag.py:538} INFO - Filling up the DagBag from /Library/Frameworks/Python.framework/Versions/3.11/lib/python3.11/site-packages/airflow/example_dags/tutorial_taskflow_api.py
[2022-12-31T21:17:15.036+0100] {processor.py:753} INFO - DAG(s) dict_keys(['tutorial_taskflow_api']) retrieved from /Library/Frameworks/Python.framework/Versions/3.11/lib/python3.11/site-packages/airflow/example_dags/tutorial_taskflow_api.py
[2022-12-31T21:17:15.433+0100] {logging_mixin.py:137} INFO - [2022-12-31T21:17:15.433+0100] {dag.py:2676} INFO - Sync 1 DAGs
[2022-12-31T21:17:15.438+0100] {logging_mixin.py:137} INFO - [2022-12-31T21:17:15.438+0100] {dag.py:3423} INFO - Setting next_dagrun for tutorial_taskflow_api to None, run_after=None
[2022-12-31T21:17:15.445+0100] {processor.py:175} INFO - Processing /Library/Frameworks/Python.framework/Versions/3.11/lib/python3.11/site-packages/airflow/example_dags/tutorial_taskflow_api.py took 0.439 seconds
[2022-12-31T21:18:07.955+0100] {processor.py:153} INFO - Started process (PID=96269) to work on /Library/Frameworks/Python.framework/Versions/3.11/lib/python3.11/site-packages/airflow/example_dags/tutorial_taskflow_api.py
[2022-12-31T21:18:07.957+0100] {processor.py:743} INFO - Processing file /Library/Frameworks/Python.framework/Versions/3.11/lib/python3.11/site-packages/airflow/example_dags/tutorial_taskflow_api.py for tasks to queue
[2022-12-31T21:18:07.957+0100] {logging_mixin.py:137} INFO - [2022-12-31T21:18:07.957+0100] {dagbag.py:538} INFO - Filling up the DagBag from /Library/Frameworks/Python.framework/Versions/3.11/lib/python3.11/site-packages/airflow/example_dags/tutorial_taskflow_api.py
[2022-12-31T21:18:07.994+0100] {processor.py:753} INFO - DAG(s) dict_keys(['tutorial_taskflow_api']) retrieved from /Library/Frameworks/Python.framework/Versions/3.11/lib/python3.11/site-packages/airflow/example_dags/tutorial_taskflow_api.py
[2022-12-31T21:18:08.532+0100] {logging_mixin.py:137} INFO - [2022-12-31T21:18:08.532+0100] {dag.py:2676} INFO - Sync 1 DAGs
[2022-12-31T21:18:08.539+0100] {logging_mixin.py:137} INFO - [2022-12-31T21:18:08.539+0100] {dag.py:3423} INFO - Setting next_dagrun for tutorial_taskflow_api to None, run_after=None
[2022-12-31T21:18:08.545+0100] {processor.py:175} INFO - Processing /Library/Frameworks/Python.framework/Versions/3.11/lib/python3.11/site-packages/airflow/example_dags/tutorial_taskflow_api.py took 0.592 seconds
[2022-12-31T21:19:05.565+0100] {processor.py:153} INFO - Started process (PID=96444) to work on /Library/Frameworks/Python.framework/Versions/3.11/lib/python3.11/site-packages/airflow/example_dags/tutorial_taskflow_api.py
[2022-12-31T21:19:05.568+0100] {processor.py:743} INFO - Processing file /Library/Frameworks/Python.framework/Versions/3.11/lib/python3.11/site-packages/airflow/example_dags/tutorial_taskflow_api.py for tasks to queue
[2022-12-31T21:19:05.568+0100] {logging_mixin.py:137} INFO - [2022-12-31T21:19:05.568+0100] {dagbag.py:538} INFO - Filling up the DagBag from /Library/Frameworks/Python.framework/Versions/3.11/lib/python3.11/site-packages/airflow/example_dags/tutorial_taskflow_api.py
[2022-12-31T21:19:05.602+0100] {processor.py:753} INFO - DAG(s) dict_keys(['tutorial_taskflow_api']) retrieved from /Library/Frameworks/Python.framework/Versions/3.11/lib/python3.11/site-packages/airflow/example_dags/tutorial_taskflow_api.py
[2022-12-31T21:19:06.222+0100] {logging_mixin.py:137} INFO - [2022-12-31T21:19:06.222+0100] {dag.py:2676} INFO - Sync 1 DAGs
[2022-12-31T21:19:06.232+0100] {logging_mixin.py:137} INFO - [2022-12-31T21:19:06.232+0100] {dag.py:3423} INFO - Setting next_dagrun for tutorial_taskflow_api to None, run_after=None
[2022-12-31T21:19:06.251+0100] {processor.py:175} INFO - Processing /Library/Frameworks/Python.framework/Versions/3.11/lib/python3.11/site-packages/airflow/example_dags/tutorial_taskflow_api.py took 0.687 seconds
[2022-12-31T21:20:06.794+0100] {processor.py:153} INFO - Started process (PID=96530) to work on /Library/Frameworks/Python.framework/Versions/3.11/lib/python3.11/site-packages/airflow/example_dags/tutorial_taskflow_api.py
[2022-12-31T21:20:06.797+0100] {processor.py:743} INFO - Processing file /Library/Frameworks/Python.framework/Versions/3.11/lib/python3.11/site-packages/airflow/example_dags/tutorial_taskflow_api.py for tasks to queue
[2022-12-31T21:20:06.797+0100] {logging_mixin.py:137} INFO - [2022-12-31T21:20:06.797+0100] {dagbag.py:538} INFO - Filling up the DagBag from /Library/Frameworks/Python.framework/Versions/3.11/lib/python3.11/site-packages/airflow/example_dags/tutorial_taskflow_api.py
[2022-12-31T21:20:06.816+0100] {processor.py:753} INFO - DAG(s) dict_keys(['tutorial_taskflow_api']) retrieved from /Library/Frameworks/Python.framework/Versions/3.11/lib/python3.11/site-packages/airflow/example_dags/tutorial_taskflow_api.py
[2022-12-31T21:20:07.264+0100] {logging_mixin.py:137} INFO - [2022-12-31T21:20:07.264+0100] {dag.py:2676} INFO - Sync 1 DAGs
[2022-12-31T21:20:07.270+0100] {logging_mixin.py:137} INFO - [2022-12-31T21:20:07.270+0100] {dag.py:3423} INFO - Setting next_dagrun for tutorial_taskflow_api to None, run_after=None
[2022-12-31T21:20:07.277+0100] {processor.py:175} INFO - Processing /Library/Frameworks/Python.framework/Versions/3.11/lib/python3.11/site-packages/airflow/example_dags/tutorial_taskflow_api.py took 0.483 seconds
[2022-12-31T21:21:05.149+0100] {processor.py:153} INFO - Started process (PID=96629) to work on /Library/Frameworks/Python.framework/Versions/3.11/lib/python3.11/site-packages/airflow/example_dags/tutorial_taskflow_api.py
[2022-12-31T21:21:05.152+0100] {processor.py:743} INFO - Processing file /Library/Frameworks/Python.framework/Versions/3.11/lib/python3.11/site-packages/airflow/example_dags/tutorial_taskflow_api.py for tasks to queue
[2022-12-31T21:21:05.152+0100] {logging_mixin.py:137} INFO - [2022-12-31T21:21:05.152+0100] {dagbag.py:538} INFO - Filling up the DagBag from /Library/Frameworks/Python.framework/Versions/3.11/lib/python3.11/site-packages/airflow/example_dags/tutorial_taskflow_api.py
[2022-12-31T21:21:05.194+0100] {processor.py:753} INFO - DAG(s) dict_keys(['tutorial_taskflow_api']) retrieved from /Library/Frameworks/Python.framework/Versions/3.11/lib/python3.11/site-packages/airflow/example_dags/tutorial_taskflow_api.py
[2022-12-31T21:21:05.713+0100] {logging_mixin.py:137} INFO - [2022-12-31T21:21:05.713+0100] {dag.py:2676} INFO - Sync 1 DAGs
[2022-12-31T21:21:05.719+0100] {logging_mixin.py:137} INFO - [2022-12-31T21:21:05.719+0100] {dag.py:3423} INFO - Setting next_dagrun for tutorial_taskflow_api to None, run_after=None
[2022-12-31T21:21:05.726+0100] {processor.py:175} INFO - Processing /Library/Frameworks/Python.framework/Versions/3.11/lib/python3.11/site-packages/airflow/example_dags/tutorial_taskflow_api.py took 0.578 seconds
[2022-12-31T21:22:04.432+0100] {processor.py:153} INFO - Started process (PID=96734) to work on /Library/Frameworks/Python.framework/Versions/3.11/lib/python3.11/site-packages/airflow/example_dags/tutorial_taskflow_api.py
[2022-12-31T21:22:04.437+0100] {processor.py:743} INFO - Processing file /Library/Frameworks/Python.framework/Versions/3.11/lib/python3.11/site-packages/airflow/example_dags/tutorial_taskflow_api.py for tasks to queue
[2022-12-31T21:22:04.438+0100] {logging_mixin.py:137} INFO - [2022-12-31T21:22:04.438+0100] {dagbag.py:538} INFO - Filling up the DagBag from /Library/Frameworks/Python.framework/Versions/3.11/lib/python3.11/site-packages/airflow/example_dags/tutorial_taskflow_api.py
[2022-12-31T21:22:04.460+0100] {processor.py:753} INFO - DAG(s) dict_keys(['tutorial_taskflow_api']) retrieved from /Library/Frameworks/Python.framework/Versions/3.11/lib/python3.11/site-packages/airflow/example_dags/tutorial_taskflow_api.py
[2022-12-31T21:22:04.948+0100] {logging_mixin.py:137} INFO - [2022-12-31T21:22:04.948+0100] {dag.py:2676} INFO - Sync 1 DAGs
[2022-12-31T21:22:04.953+0100] {logging_mixin.py:137} INFO - [2022-12-31T21:22:04.953+0100] {dag.py:3423} INFO - Setting next_dagrun for tutorial_taskflow_api to None, run_after=None
[2022-12-31T21:22:04.959+0100] {processor.py:175} INFO - Processing /Library/Frameworks/Python.framework/Versions/3.11/lib/python3.11/site-packages/airflow/example_dags/tutorial_taskflow_api.py took 0.529 seconds
[2022-12-31T21:23:01.693+0100] {processor.py:153} INFO - Started process (PID=96807) to work on /Library/Frameworks/Python.framework/Versions/3.11/lib/python3.11/site-packages/airflow/example_dags/tutorial_taskflow_api.py
[2022-12-31T21:23:01.697+0100] {processor.py:743} INFO - Processing file /Library/Frameworks/Python.framework/Versions/3.11/lib/python3.11/site-packages/airflow/example_dags/tutorial_taskflow_api.py for tasks to queue
[2022-12-31T21:23:01.697+0100] {logging_mixin.py:137} INFO - [2022-12-31T21:23:01.697+0100] {dagbag.py:538} INFO - Filling up the DagBag from /Library/Frameworks/Python.framework/Versions/3.11/lib/python3.11/site-packages/airflow/example_dags/tutorial_taskflow_api.py
[2022-12-31T21:23:01.730+0100] {processor.py:753} INFO - DAG(s) dict_keys(['tutorial_taskflow_api']) retrieved from /Library/Frameworks/Python.framework/Versions/3.11/lib/python3.11/site-packages/airflow/example_dags/tutorial_taskflow_api.py
[2022-12-31T21:23:02.165+0100] {logging_mixin.py:137} INFO - [2022-12-31T21:23:02.165+0100] {dag.py:2676} INFO - Sync 1 DAGs
[2022-12-31T21:23:02.171+0100] {logging_mixin.py:137} INFO - [2022-12-31T21:23:02.171+0100] {dag.py:3423} INFO - Setting next_dagrun for tutorial_taskflow_api to None, run_after=None
[2022-12-31T21:23:02.179+0100] {processor.py:175} INFO - Processing /Library/Frameworks/Python.framework/Versions/3.11/lib/python3.11/site-packages/airflow/example_dags/tutorial_taskflow_api.py took 0.487 seconds
[2022-12-31T21:24:01.917+0100] {processor.py:153} INFO - Started process (PID=96894) to work on /Library/Frameworks/Python.framework/Versions/3.11/lib/python3.11/site-packages/airflow/example_dags/tutorial_taskflow_api.py
[2022-12-31T21:24:01.922+0100] {processor.py:743} INFO - Processing file /Library/Frameworks/Python.framework/Versions/3.11/lib/python3.11/site-packages/airflow/example_dags/tutorial_taskflow_api.py for tasks to queue
[2022-12-31T21:24:01.922+0100] {logging_mixin.py:137} INFO - [2022-12-31T21:24:01.922+0100] {dagbag.py:538} INFO - Filling up the DagBag from /Library/Frameworks/Python.framework/Versions/3.11/lib/python3.11/site-packages/airflow/example_dags/tutorial_taskflow_api.py
[2022-12-31T21:24:01.943+0100] {processor.py:753} INFO - DAG(s) dict_keys(['tutorial_taskflow_api']) retrieved from /Library/Frameworks/Python.framework/Versions/3.11/lib/python3.11/site-packages/airflow/example_dags/tutorial_taskflow_api.py
[2022-12-31T21:24:02.563+0100] {logging_mixin.py:137} INFO - [2022-12-31T21:24:02.563+0100] {dag.py:2676} INFO - Sync 1 DAGs
[2022-12-31T21:24:02.572+0100] {logging_mixin.py:137} INFO - [2022-12-31T21:24:02.572+0100] {dag.py:3423} INFO - Setting next_dagrun for tutorial_taskflow_api to None, run_after=None
[2022-12-31T21:24:02.588+0100] {processor.py:175} INFO - Processing /Library/Frameworks/Python.framework/Versions/3.11/lib/python3.11/site-packages/airflow/example_dags/tutorial_taskflow_api.py took 0.672 seconds
[2022-12-31T21:24:59.620+0100] {processor.py:153} INFO - Started process (PID=97013) to work on /Library/Frameworks/Python.framework/Versions/3.11/lib/python3.11/site-packages/airflow/example_dags/tutorial_taskflow_api.py
[2022-12-31T21:24:59.626+0100] {processor.py:743} INFO - Processing file /Library/Frameworks/Python.framework/Versions/3.11/lib/python3.11/site-packages/airflow/example_dags/tutorial_taskflow_api.py for tasks to queue
[2022-12-31T21:24:59.626+0100] {logging_mixin.py:137} INFO - [2022-12-31T21:24:59.626+0100] {dagbag.py:538} INFO - Filling up the DagBag from /Library/Frameworks/Python.framework/Versions/3.11/lib/python3.11/site-packages/airflow/example_dags/tutorial_taskflow_api.py
[2022-12-31T21:24:59.645+0100] {processor.py:753} INFO - DAG(s) dict_keys(['tutorial_taskflow_api']) retrieved from /Library/Frameworks/Python.framework/Versions/3.11/lib/python3.11/site-packages/airflow/example_dags/tutorial_taskflow_api.py
[2022-12-31T21:25:00.054+0100] {logging_mixin.py:137} INFO - [2022-12-31T21:25:00.054+0100] {dag.py:2676} INFO - Sync 1 DAGs
[2022-12-31T21:25:00.060+0100] {logging_mixin.py:137} INFO - [2022-12-31T21:25:00.059+0100] {dag.py:3423} INFO - Setting next_dagrun for tutorial_taskflow_api to None, run_after=None
[2022-12-31T21:25:00.066+0100] {processor.py:175} INFO - Processing /Library/Frameworks/Python.framework/Versions/3.11/lib/python3.11/site-packages/airflow/example_dags/tutorial_taskflow_api.py took 0.447 seconds
[2022-12-31T21:25:54.264+0100] {processor.py:153} INFO - Started process (PID=97118) to work on /Library/Frameworks/Python.framework/Versions/3.11/lib/python3.11/site-packages/airflow/example_dags/tutorial_taskflow_api.py
[2022-12-31T21:25:54.272+0100] {processor.py:743} INFO - Processing file /Library/Frameworks/Python.framework/Versions/3.11/lib/python3.11/site-packages/airflow/example_dags/tutorial_taskflow_api.py for tasks to queue
[2022-12-31T21:25:54.272+0100] {logging_mixin.py:137} INFO - [2022-12-31T21:25:54.272+0100] {dagbag.py:538} INFO - Filling up the DagBag from /Library/Frameworks/Python.framework/Versions/3.11/lib/python3.11/site-packages/airflow/example_dags/tutorial_taskflow_api.py
[2022-12-31T21:25:54.318+0100] {processor.py:753} INFO - DAG(s) dict_keys(['tutorial_taskflow_api']) retrieved from /Library/Frameworks/Python.framework/Versions/3.11/lib/python3.11/site-packages/airflow/example_dags/tutorial_taskflow_api.py
[2022-12-31T21:25:55.204+0100] {logging_mixin.py:137} INFO - [2022-12-31T21:25:55.204+0100] {dag.py:2676} INFO - Sync 1 DAGs
[2022-12-31T21:25:55.222+0100] {logging_mixin.py:137} INFO - [2022-12-31T21:25:55.222+0100] {dag.py:3423} INFO - Setting next_dagrun for tutorial_taskflow_api to None, run_after=None
[2022-12-31T21:25:55.241+0100] {processor.py:175} INFO - Processing /Library/Frameworks/Python.framework/Versions/3.11/lib/python3.11/site-packages/airflow/example_dags/tutorial_taskflow_api.py took 0.982 seconds
[2022-12-31T21:26:52.239+0100] {processor.py:153} INFO - Started process (PID=97261) to work on /Library/Frameworks/Python.framework/Versions/3.11/lib/python3.11/site-packages/airflow/example_dags/tutorial_taskflow_api.py
[2022-12-31T21:26:52.243+0100] {processor.py:743} INFO - Processing file /Library/Frameworks/Python.framework/Versions/3.11/lib/python3.11/site-packages/airflow/example_dags/tutorial_taskflow_api.py for tasks to queue
[2022-12-31T21:26:52.243+0100] {logging_mixin.py:137} INFO - [2022-12-31T21:26:52.243+0100] {dagbag.py:538} INFO - Filling up the DagBag from /Library/Frameworks/Python.framework/Versions/3.11/lib/python3.11/site-packages/airflow/example_dags/tutorial_taskflow_api.py
[2022-12-31T21:26:52.277+0100] {processor.py:753} INFO - DAG(s) dict_keys(['tutorial_taskflow_api']) retrieved from /Library/Frameworks/Python.framework/Versions/3.11/lib/python3.11/site-packages/airflow/example_dags/tutorial_taskflow_api.py
[2022-12-31T21:26:52.691+0100] {logging_mixin.py:137} INFO - [2022-12-31T21:26:52.691+0100] {dag.py:2676} INFO - Sync 1 DAGs
[2022-12-31T21:26:52.697+0100] {logging_mixin.py:137} INFO - [2022-12-31T21:26:52.697+0100] {dag.py:3423} INFO - Setting next_dagrun for tutorial_taskflow_api to None, run_after=None
[2022-12-31T21:26:52.703+0100] {processor.py:175} INFO - Processing /Library/Frameworks/Python.framework/Versions/3.11/lib/python3.11/site-packages/airflow/example_dags/tutorial_taskflow_api.py took 0.464 seconds
[2022-12-31T21:27:50.591+0100] {processor.py:153} INFO - Started process (PID=97366) to work on /Library/Frameworks/Python.framework/Versions/3.11/lib/python3.11/site-packages/airflow/example_dags/tutorial_taskflow_api.py
[2022-12-31T21:27:50.594+0100] {processor.py:743} INFO - Processing file /Library/Frameworks/Python.framework/Versions/3.11/lib/python3.11/site-packages/airflow/example_dags/tutorial_taskflow_api.py for tasks to queue
[2022-12-31T21:27:50.595+0100] {logging_mixin.py:137} INFO - [2022-12-31T21:27:50.594+0100] {dagbag.py:538} INFO - Filling up the DagBag from /Library/Frameworks/Python.framework/Versions/3.11/lib/python3.11/site-packages/airflow/example_dags/tutorial_taskflow_api.py
[2022-12-31T21:27:50.614+0100] {processor.py:753} INFO - DAG(s) dict_keys(['tutorial_taskflow_api']) retrieved from /Library/Frameworks/Python.framework/Versions/3.11/lib/python3.11/site-packages/airflow/example_dags/tutorial_taskflow_api.py
[2022-12-31T21:27:51.053+0100] {logging_mixin.py:137} INFO - [2022-12-31T21:27:51.053+0100] {dag.py:2676} INFO - Sync 1 DAGs
[2022-12-31T21:27:51.059+0100] {logging_mixin.py:137} INFO - [2022-12-31T21:27:51.059+0100] {dag.py:3423} INFO - Setting next_dagrun for tutorial_taskflow_api to None, run_after=None
[2022-12-31T21:27:51.066+0100] {processor.py:175} INFO - Processing /Library/Frameworks/Python.framework/Versions/3.11/lib/python3.11/site-packages/airflow/example_dags/tutorial_taskflow_api.py took 0.476 seconds
