[2022-12-31T20:28:57.132+0100] {processor.py:153} INFO - Started process (PID=90135) to work on /Library/Frameworks/Python.framework/Versions/3.11/lib/python3.11/site-packages/airflow/example_dags/tutorial.py
[2022-12-31T20:28:57.136+0100] {processor.py:743} INFO - Processing file /Library/Frameworks/Python.framework/Versions/3.11/lib/python3.11/site-packages/airflow/example_dags/tutorial.py for tasks to queue
[2022-12-31T20:28:57.136+0100] {logging_mixin.py:137} INFO - [2022-12-31T20:28:57.136+0100] {dagbag.py:538} INFO - Filling up the DagBag from /Library/Frameworks/Python.framework/Versions/3.11/lib/python3.11/site-packages/airflow/example_dags/tutorial.py
[2022-12-31T20:28:57.154+0100] {processor.py:753} INFO - DAG(s) dict_keys(['tutorial']) retrieved from /Library/Frameworks/Python.framework/Versions/3.11/lib/python3.11/site-packages/airflow/example_dags/tutorial.py
[2022-12-31T20:28:57.615+0100] {logging_mixin.py:137} INFO - [2022-12-31T20:28:57.615+0100] {manager.py:504} INFO - Created Permission View: can edit on DAG:tutorial
[2022-12-31T20:28:57.617+0100] {logging_mixin.py:137} INFO - [2022-12-31T20:28:57.617+0100] {manager.py:504} INFO - Created Permission View: can read on DAG:tutorial
[2022-12-31T20:28:57.619+0100] {logging_mixin.py:137} INFO - [2022-12-31T20:28:57.619+0100] {manager.py:504} INFO - Created Permission View: can delete on DAG:tutorial
[2022-12-31T20:28:57.619+0100] {logging_mixin.py:137} INFO - [2022-12-31T20:28:57.619+0100] {dag.py:2676} INFO - Sync 1 DAGs
[2022-12-31T20:28:57.622+0100] {logging_mixin.py:137} INFO - [2022-12-31T20:28:57.622+0100] {dag.py:2697} INFO - Creating ORM DAG for tutorial
[2022-12-31T20:28:57.625+0100] {logging_mixin.py:137} INFO - [2022-12-31T20:28:57.625+0100] {dag.py:3423} INFO - Setting next_dagrun for tutorial to 2022-12-30T19:28:57.625244+00:00, run_after=2022-12-31T19:28:57.625244+00:00
[2022-12-31T20:28:57.630+0100] {processor.py:175} INFO - Processing /Library/Frameworks/Python.framework/Versions/3.11/lib/python3.11/site-packages/airflow/example_dags/tutorial.py took 0.499 seconds
[2022-12-31T20:30:21.928+0100] {processor.py:153} INFO - Started process (PID=90325) to work on /Library/Frameworks/Python.framework/Versions/3.11/lib/python3.11/site-packages/airflow/example_dags/tutorial.py
[2022-12-31T20:30:21.936+0100] {processor.py:743} INFO - Processing file /Library/Frameworks/Python.framework/Versions/3.11/lib/python3.11/site-packages/airflow/example_dags/tutorial.py for tasks to queue
[2022-12-31T20:30:21.936+0100] {logging_mixin.py:137} INFO - [2022-12-31T20:30:21.936+0100] {dagbag.py:538} INFO - Filling up the DagBag from /Library/Frameworks/Python.framework/Versions/3.11/lib/python3.11/site-packages/airflow/example_dags/tutorial.py
[2022-12-31T20:30:21.948+0100] {processor.py:753} INFO - DAG(s) dict_keys(['tutorial']) retrieved from /Library/Frameworks/Python.framework/Versions/3.11/lib/python3.11/site-packages/airflow/example_dags/tutorial.py
[2022-12-31T20:30:22.414+0100] {logging_mixin.py:137} INFO - [2022-12-31T20:30:22.414+0100] {dag.py:2676} INFO - Sync 1 DAGs
[2022-12-31T20:30:22.420+0100] {logging_mixin.py:137} INFO - [2022-12-31T20:30:22.420+0100] {dag.py:3423} INFO - Setting next_dagrun for tutorial to 2022-12-30T19:30:22.420327+00:00, run_after=2022-12-31T19:30:22.420327+00:00
[2022-12-31T20:30:22.427+0100] {processor.py:175} INFO - Processing /Library/Frameworks/Python.framework/Versions/3.11/lib/python3.11/site-packages/airflow/example_dags/tutorial.py took 0.501 seconds
[2022-12-31T20:30:49.226+0100] {processor.py:153} INFO - Started process (PID=90366) to work on /Library/Frameworks/Python.framework/Versions/3.11/lib/python3.11/site-packages/airflow/example_dags/tutorial.py
[2022-12-31T20:30:49.231+0100] {processor.py:743} INFO - Processing file /Library/Frameworks/Python.framework/Versions/3.11/lib/python3.11/site-packages/airflow/example_dags/tutorial.py for tasks to queue
[2022-12-31T20:30:49.231+0100] {logging_mixin.py:137} INFO - [2022-12-31T20:30:49.231+0100] {dagbag.py:538} INFO - Filling up the DagBag from /Library/Frameworks/Python.framework/Versions/3.11/lib/python3.11/site-packages/airflow/example_dags/tutorial.py
[2022-12-31T20:30:49.242+0100] {processor.py:753} INFO - DAG(s) dict_keys(['tutorial']) retrieved from /Library/Frameworks/Python.framework/Versions/3.11/lib/python3.11/site-packages/airflow/example_dags/tutorial.py
[2022-12-31T20:30:49.664+0100] {logging_mixin.py:137} INFO - [2022-12-31T20:30:49.664+0100] {dag.py:2676} INFO - Sync 1 DAGs
[2022-12-31T20:30:49.670+0100] {logging_mixin.py:137} INFO - [2022-12-31T20:30:49.670+0100] {dag.py:3423} INFO - Setting next_dagrun for tutorial to 2022-12-30T19:30:49.670157+00:00, run_after=2022-12-31T19:30:49.670157+00:00
[2022-12-31T20:30:49.677+0100] {processor.py:175} INFO - Processing /Library/Frameworks/Python.framework/Versions/3.11/lib/python3.11/site-packages/airflow/example_dags/tutorial.py took 0.452 seconds
[2022-12-31T20:32:12.188+0100] {processor.py:153} INFO - Started process (PID=90496) to work on /Library/Frameworks/Python.framework/Versions/3.11/lib/python3.11/site-packages/airflow/example_dags/tutorial.py
[2022-12-31T20:32:12.194+0100] {processor.py:743} INFO - Processing file /Library/Frameworks/Python.framework/Versions/3.11/lib/python3.11/site-packages/airflow/example_dags/tutorial.py for tasks to queue
[2022-12-31T20:32:12.194+0100] {logging_mixin.py:137} INFO - [2022-12-31T20:32:12.194+0100] {dagbag.py:538} INFO - Filling up the DagBag from /Library/Frameworks/Python.framework/Versions/3.11/lib/python3.11/site-packages/airflow/example_dags/tutorial.py
[2022-12-31T20:32:12.205+0100] {processor.py:753} INFO - DAG(s) dict_keys(['tutorial']) retrieved from /Library/Frameworks/Python.framework/Versions/3.11/lib/python3.11/site-packages/airflow/example_dags/tutorial.py
[2022-12-31T20:32:12.600+0100] {logging_mixin.py:137} INFO - [2022-12-31T20:32:12.599+0100] {dag.py:2676} INFO - Sync 1 DAGs
[2022-12-31T20:32:12.605+0100] {logging_mixin.py:137} INFO - [2022-12-31T20:32:12.605+0100] {dag.py:3423} INFO - Setting next_dagrun for tutorial to 2022-12-30T19:32:12.605779+00:00, run_after=2022-12-31T19:32:12.605779+00:00
[2022-12-31T20:32:12.613+0100] {processor.py:175} INFO - Processing /Library/Frameworks/Python.framework/Versions/3.11/lib/python3.11/site-packages/airflow/example_dags/tutorial.py took 0.425 seconds
[2022-12-31T20:33:03.745+0100] {processor.py:153} INFO - Started process (PID=90560) to work on /Library/Frameworks/Python.framework/Versions/3.11/lib/python3.11/site-packages/airflow/example_dags/tutorial.py
[2022-12-31T20:33:03.755+0100] {processor.py:743} INFO - Processing file /Library/Frameworks/Python.framework/Versions/3.11/lib/python3.11/site-packages/airflow/example_dags/tutorial.py for tasks to queue
[2022-12-31T20:33:03.755+0100] {logging_mixin.py:137} INFO - [2022-12-31T20:33:03.755+0100] {dagbag.py:538} INFO - Filling up the DagBag from /Library/Frameworks/Python.framework/Versions/3.11/lib/python3.11/site-packages/airflow/example_dags/tutorial.py
[2022-12-31T20:33:03.767+0100] {processor.py:753} INFO - DAG(s) dict_keys(['tutorial']) retrieved from /Library/Frameworks/Python.framework/Versions/3.11/lib/python3.11/site-packages/airflow/example_dags/tutorial.py
[2022-12-31T20:33:04.185+0100] {logging_mixin.py:137} INFO - [2022-12-31T20:33:04.185+0100] {dag.py:2676} INFO - Sync 1 DAGs
[2022-12-31T20:33:04.191+0100] {logging_mixin.py:137} INFO - [2022-12-31T20:33:04.191+0100] {dag.py:3423} INFO - Setting next_dagrun for tutorial to 2022-12-30T19:33:04.191279+00:00, run_after=2022-12-31T19:33:04.191279+00:00
[2022-12-31T20:33:04.198+0100] {processor.py:175} INFO - Processing /Library/Frameworks/Python.framework/Versions/3.11/lib/python3.11/site-packages/airflow/example_dags/tutorial.py took 0.454 seconds
[2022-12-31T20:33:57.550+0100] {processor.py:153} INFO - Started process (PID=90636) to work on /Library/Frameworks/Python.framework/Versions/3.11/lib/python3.11/site-packages/airflow/example_dags/tutorial.py
[2022-12-31T20:33:57.552+0100] {processor.py:743} INFO - Processing file /Library/Frameworks/Python.framework/Versions/3.11/lib/python3.11/site-packages/airflow/example_dags/tutorial.py for tasks to queue
[2022-12-31T20:33:57.552+0100] {logging_mixin.py:137} INFO - [2022-12-31T20:33:57.552+0100] {dagbag.py:538} INFO - Filling up the DagBag from /Library/Frameworks/Python.framework/Versions/3.11/lib/python3.11/site-packages/airflow/example_dags/tutorial.py
[2022-12-31T20:33:57.564+0100] {processor.py:753} INFO - DAG(s) dict_keys(['tutorial']) retrieved from /Library/Frameworks/Python.framework/Versions/3.11/lib/python3.11/site-packages/airflow/example_dags/tutorial.py
[2022-12-31T20:33:57.982+0100] {logging_mixin.py:137} INFO - [2022-12-31T20:33:57.982+0100] {dag.py:2676} INFO - Sync 1 DAGs
[2022-12-31T20:33:57.988+0100] {logging_mixin.py:137} INFO - [2022-12-31T20:33:57.988+0100] {dag.py:3423} INFO - Setting next_dagrun for tutorial to 2022-12-30T19:33:57.988594+00:00, run_after=2022-12-31T19:33:57.988594+00:00
[2022-12-31T20:33:57.995+0100] {processor.py:175} INFO - Processing /Library/Frameworks/Python.framework/Versions/3.11/lib/python3.11/site-packages/airflow/example_dags/tutorial.py took 0.446 seconds
[2022-12-31T20:34:51.486+0100] {processor.py:153} INFO - Started process (PID=90723) to work on /Library/Frameworks/Python.framework/Versions/3.11/lib/python3.11/site-packages/airflow/example_dags/tutorial.py
[2022-12-31T20:34:51.488+0100] {processor.py:743} INFO - Processing file /Library/Frameworks/Python.framework/Versions/3.11/lib/python3.11/site-packages/airflow/example_dags/tutorial.py for tasks to queue
[2022-12-31T20:34:51.488+0100] {logging_mixin.py:137} INFO - [2022-12-31T20:34:51.488+0100] {dagbag.py:538} INFO - Filling up the DagBag from /Library/Frameworks/Python.framework/Versions/3.11/lib/python3.11/site-packages/airflow/example_dags/tutorial.py
[2022-12-31T20:34:51.501+0100] {processor.py:753} INFO - DAG(s) dict_keys(['tutorial']) retrieved from /Library/Frameworks/Python.framework/Versions/3.11/lib/python3.11/site-packages/airflow/example_dags/tutorial.py
[2022-12-31T20:34:51.958+0100] {logging_mixin.py:137} INFO - [2022-12-31T20:34:51.958+0100] {dag.py:2676} INFO - Sync 1 DAGs
[2022-12-31T20:34:51.964+0100] {logging_mixin.py:137} INFO - [2022-12-31T20:34:51.964+0100] {dag.py:3423} INFO - Setting next_dagrun for tutorial to 2022-12-30T19:34:51.964204+00:00, run_after=2022-12-31T19:34:51.964204+00:00
[2022-12-31T20:34:51.971+0100] {processor.py:175} INFO - Processing /Library/Frameworks/Python.framework/Versions/3.11/lib/python3.11/site-packages/airflow/example_dags/tutorial.py took 0.486 seconds
[2022-12-31T20:35:31.901+0100] {processor.py:153} INFO - Started process (PID=90781) to work on /Library/Frameworks/Python.framework/Versions/3.11/lib/python3.11/site-packages/airflow/example_dags/tutorial.py
[2022-12-31T20:35:31.905+0100] {processor.py:743} INFO - Processing file /Library/Frameworks/Python.framework/Versions/3.11/lib/python3.11/site-packages/airflow/example_dags/tutorial.py for tasks to queue
[2022-12-31T20:35:31.905+0100] {logging_mixin.py:137} INFO - [2022-12-31T20:35:31.905+0100] {dagbag.py:538} INFO - Filling up the DagBag from /Library/Frameworks/Python.framework/Versions/3.11/lib/python3.11/site-packages/airflow/example_dags/tutorial.py
[2022-12-31T20:35:31.917+0100] {processor.py:753} INFO - DAG(s) dict_keys(['tutorial']) retrieved from /Library/Frameworks/Python.framework/Versions/3.11/lib/python3.11/site-packages/airflow/example_dags/tutorial.py
[2022-12-31T20:35:32.338+0100] {logging_mixin.py:137} INFO - [2022-12-31T20:35:32.338+0100] {dag.py:2676} INFO - Sync 1 DAGs
[2022-12-31T20:35:32.344+0100] {logging_mixin.py:137} INFO - [2022-12-31T20:35:32.344+0100] {dag.py:3423} INFO - Setting next_dagrun for tutorial to 2022-12-30T19:35:32.344326+00:00, run_after=2022-12-31T19:35:32.344326+00:00
[2022-12-31T20:35:32.351+0100] {processor.py:175} INFO - Processing /Library/Frameworks/Python.framework/Versions/3.11/lib/python3.11/site-packages/airflow/example_dags/tutorial.py took 0.451 seconds
[2022-12-31T20:36:55.599+0100] {processor.py:153} INFO - Started process (PID=90905) to work on /Library/Frameworks/Python.framework/Versions/3.11/lib/python3.11/site-packages/airflow/example_dags/tutorial.py
[2022-12-31T20:36:55.604+0100] {processor.py:743} INFO - Processing file /Library/Frameworks/Python.framework/Versions/3.11/lib/python3.11/site-packages/airflow/example_dags/tutorial.py for tasks to queue
[2022-12-31T20:36:55.604+0100] {logging_mixin.py:137} INFO - [2022-12-31T20:36:55.604+0100] {dagbag.py:538} INFO - Filling up the DagBag from /Library/Frameworks/Python.framework/Versions/3.11/lib/python3.11/site-packages/airflow/example_dags/tutorial.py
[2022-12-31T20:36:55.616+0100] {processor.py:753} INFO - DAG(s) dict_keys(['tutorial']) retrieved from /Library/Frameworks/Python.framework/Versions/3.11/lib/python3.11/site-packages/airflow/example_dags/tutorial.py
[2022-12-31T20:36:56.011+0100] {logging_mixin.py:137} INFO - [2022-12-31T20:36:56.011+0100] {dag.py:2676} INFO - Sync 1 DAGs
[2022-12-31T20:36:56.017+0100] {logging_mixin.py:137} INFO - [2022-12-31T20:36:56.017+0100] {dag.py:3423} INFO - Setting next_dagrun for tutorial to 2022-12-30T19:36:56.017288+00:00, run_after=2022-12-31T19:36:56.017288+00:00
[2022-12-31T20:36:56.025+0100] {processor.py:175} INFO - Processing /Library/Frameworks/Python.framework/Versions/3.11/lib/python3.11/site-packages/airflow/example_dags/tutorial.py took 0.427 seconds
[2022-12-31T20:37:46.760+0100] {processor.py:153} INFO - Started process (PID=90970) to work on /Library/Frameworks/Python.framework/Versions/3.11/lib/python3.11/site-packages/airflow/example_dags/tutorial.py
[2022-12-31T20:37:46.769+0100] {processor.py:743} INFO - Processing file /Library/Frameworks/Python.framework/Versions/3.11/lib/python3.11/site-packages/airflow/example_dags/tutorial.py for tasks to queue
[2022-12-31T20:37:46.769+0100] {logging_mixin.py:137} INFO - [2022-12-31T20:37:46.769+0100] {dagbag.py:538} INFO - Filling up the DagBag from /Library/Frameworks/Python.framework/Versions/3.11/lib/python3.11/site-packages/airflow/example_dags/tutorial.py
[2022-12-31T20:37:46.779+0100] {processor.py:753} INFO - DAG(s) dict_keys(['tutorial']) retrieved from /Library/Frameworks/Python.framework/Versions/3.11/lib/python3.11/site-packages/airflow/example_dags/tutorial.py
[2022-12-31T20:37:47.197+0100] {logging_mixin.py:137} INFO - [2022-12-31T20:37:47.197+0100] {dag.py:2676} INFO - Sync 1 DAGs
[2022-12-31T20:37:47.204+0100] {logging_mixin.py:137} INFO - [2022-12-31T20:37:47.204+0100] {dag.py:3423} INFO - Setting next_dagrun for tutorial to 2022-12-30T19:37:47.204638+00:00, run_after=2022-12-31T19:37:47.204638+00:00
[2022-12-31T20:37:47.212+0100] {processor.py:175} INFO - Processing /Library/Frameworks/Python.framework/Versions/3.11/lib/python3.11/site-packages/airflow/example_dags/tutorial.py took 0.453 seconds
[2022-12-31T20:38:35.006+0100] {processor.py:153} INFO - Started process (PID=91034) to work on /Library/Frameworks/Python.framework/Versions/3.11/lib/python3.11/site-packages/airflow/example_dags/tutorial.py
[2022-12-31T20:38:35.011+0100] {processor.py:743} INFO - Processing file /Library/Frameworks/Python.framework/Versions/3.11/lib/python3.11/site-packages/airflow/example_dags/tutorial.py for tasks to queue
[2022-12-31T20:38:35.011+0100] {logging_mixin.py:137} INFO - [2022-12-31T20:38:35.011+0100] {dagbag.py:538} INFO - Filling up the DagBag from /Library/Frameworks/Python.framework/Versions/3.11/lib/python3.11/site-packages/airflow/example_dags/tutorial.py
[2022-12-31T20:38:35.022+0100] {processor.py:753} INFO - DAG(s) dict_keys(['tutorial']) retrieved from /Library/Frameworks/Python.framework/Versions/3.11/lib/python3.11/site-packages/airflow/example_dags/tutorial.py
[2022-12-31T20:38:35.441+0100] {logging_mixin.py:137} INFO - [2022-12-31T20:38:35.441+0100] {dag.py:2676} INFO - Sync 1 DAGs
[2022-12-31T20:38:35.447+0100] {logging_mixin.py:137} INFO - [2022-12-31T20:38:35.447+0100] {dag.py:3423} INFO - Setting next_dagrun for tutorial to 2022-12-30T19:38:35.447118+00:00, run_after=2022-12-31T19:38:35.447118+00:00
[2022-12-31T20:38:35.454+0100] {processor.py:175} INFO - Processing /Library/Frameworks/Python.framework/Versions/3.11/lib/python3.11/site-packages/airflow/example_dags/tutorial.py took 0.449 seconds
[2022-12-31T20:39:28.598+0100] {processor.py:153} INFO - Started process (PID=91143) to work on /Library/Frameworks/Python.framework/Versions/3.11/lib/python3.11/site-packages/airflow/example_dags/tutorial.py
[2022-12-31T20:39:28.602+0100] {processor.py:743} INFO - Processing file /Library/Frameworks/Python.framework/Versions/3.11/lib/python3.11/site-packages/airflow/example_dags/tutorial.py for tasks to queue
[2022-12-31T20:39:28.602+0100] {logging_mixin.py:137} INFO - [2022-12-31T20:39:28.602+0100] {dagbag.py:538} INFO - Filling up the DagBag from /Library/Frameworks/Python.framework/Versions/3.11/lib/python3.11/site-packages/airflow/example_dags/tutorial.py
[2022-12-31T20:39:28.614+0100] {processor.py:753} INFO - DAG(s) dict_keys(['tutorial']) retrieved from /Library/Frameworks/Python.framework/Versions/3.11/lib/python3.11/site-packages/airflow/example_dags/tutorial.py
[2022-12-31T20:39:29.031+0100] {logging_mixin.py:137} INFO - [2022-12-31T20:39:29.031+0100] {dag.py:2676} INFO - Sync 1 DAGs
[2022-12-31T20:39:29.037+0100] {logging_mixin.py:137} INFO - [2022-12-31T20:39:29.037+0100] {dag.py:3423} INFO - Setting next_dagrun for tutorial to 2022-12-30T19:39:29.037559+00:00, run_after=2022-12-31T19:39:29.037559+00:00
[2022-12-31T20:39:29.044+0100] {processor.py:175} INFO - Processing /Library/Frameworks/Python.framework/Versions/3.11/lib/python3.11/site-packages/airflow/example_dags/tutorial.py took 0.447 seconds
[2022-12-31T20:40:22.040+0100] {processor.py:153} INFO - Started process (PID=91237) to work on /Library/Frameworks/Python.framework/Versions/3.11/lib/python3.11/site-packages/airflow/example_dags/tutorial.py
[2022-12-31T20:40:22.042+0100] {processor.py:743} INFO - Processing file /Library/Frameworks/Python.framework/Versions/3.11/lib/python3.11/site-packages/airflow/example_dags/tutorial.py for tasks to queue
[2022-12-31T20:40:22.042+0100] {logging_mixin.py:137} INFO - [2022-12-31T20:40:22.042+0100] {dagbag.py:538} INFO - Filling up the DagBag from /Library/Frameworks/Python.framework/Versions/3.11/lib/python3.11/site-packages/airflow/example_dags/tutorial.py
[2022-12-31T20:40:22.053+0100] {processor.py:753} INFO - DAG(s) dict_keys(['tutorial']) retrieved from /Library/Frameworks/Python.framework/Versions/3.11/lib/python3.11/site-packages/airflow/example_dags/tutorial.py
[2022-12-31T20:40:22.455+0100] {logging_mixin.py:137} INFO - [2022-12-31T20:40:22.455+0100] {dag.py:2676} INFO - Sync 1 DAGs
[2022-12-31T20:40:22.461+0100] {logging_mixin.py:137} INFO - [2022-12-31T20:40:22.461+0100] {dag.py:3423} INFO - Setting next_dagrun for tutorial to 2022-12-30T19:40:22.461534+00:00, run_after=2022-12-31T19:40:22.461534+00:00
[2022-12-31T20:40:22.469+0100] {processor.py:175} INFO - Processing /Library/Frameworks/Python.framework/Versions/3.11/lib/python3.11/site-packages/airflow/example_dags/tutorial.py took 0.429 seconds
[2022-12-31T20:41:15.461+0100] {processor.py:153} INFO - Started process (PID=91310) to work on /Library/Frameworks/Python.framework/Versions/3.11/lib/python3.11/site-packages/airflow/example_dags/tutorial.py
[2022-12-31T20:41:15.465+0100] {processor.py:743} INFO - Processing file /Library/Frameworks/Python.framework/Versions/3.11/lib/python3.11/site-packages/airflow/example_dags/tutorial.py for tasks to queue
[2022-12-31T20:41:15.466+0100] {logging_mixin.py:137} INFO - [2022-12-31T20:41:15.466+0100] {dagbag.py:538} INFO - Filling up the DagBag from /Library/Frameworks/Python.framework/Versions/3.11/lib/python3.11/site-packages/airflow/example_dags/tutorial.py
[2022-12-31T20:41:15.476+0100] {processor.py:753} INFO - DAG(s) dict_keys(['tutorial']) retrieved from /Library/Frameworks/Python.framework/Versions/3.11/lib/python3.11/site-packages/airflow/example_dags/tutorial.py
[2022-12-31T20:41:15.897+0100] {logging_mixin.py:137} INFO - [2022-12-31T20:41:15.897+0100] {dag.py:2676} INFO - Sync 1 DAGs
[2022-12-31T20:41:15.903+0100] {logging_mixin.py:137} INFO - [2022-12-31T20:41:15.903+0100] {dag.py:3423} INFO - Setting next_dagrun for tutorial to 2022-12-30T19:41:15.903463+00:00, run_after=2022-12-31T19:41:15.903463+00:00
[2022-12-31T20:41:15.910+0100] {processor.py:175} INFO - Processing /Library/Frameworks/Python.framework/Versions/3.11/lib/python3.11/site-packages/airflow/example_dags/tutorial.py took 0.449 seconds
[2022-12-31T20:42:10.076+0100] {processor.py:153} INFO - Started process (PID=91381) to work on /Library/Frameworks/Python.framework/Versions/3.11/lib/python3.11/site-packages/airflow/example_dags/tutorial.py
[2022-12-31T20:42:10.080+0100] {processor.py:743} INFO - Processing file /Library/Frameworks/Python.framework/Versions/3.11/lib/python3.11/site-packages/airflow/example_dags/tutorial.py for tasks to queue
[2022-12-31T20:42:10.080+0100] {logging_mixin.py:137} INFO - [2022-12-31T20:42:10.080+0100] {dagbag.py:538} INFO - Filling up the DagBag from /Library/Frameworks/Python.framework/Versions/3.11/lib/python3.11/site-packages/airflow/example_dags/tutorial.py
[2022-12-31T20:42:10.092+0100] {processor.py:753} INFO - DAG(s) dict_keys(['tutorial']) retrieved from /Library/Frameworks/Python.framework/Versions/3.11/lib/python3.11/site-packages/airflow/example_dags/tutorial.py
[2022-12-31T20:42:10.496+0100] {logging_mixin.py:137} INFO - [2022-12-31T20:42:10.496+0100] {dag.py:2676} INFO - Sync 1 DAGs
[2022-12-31T20:42:10.502+0100] {logging_mixin.py:137} INFO - [2022-12-31T20:42:10.502+0100] {dag.py:3423} INFO - Setting next_dagrun for tutorial to 2022-12-30T19:42:10.502484+00:00, run_after=2022-12-31T19:42:10.502484+00:00
[2022-12-31T20:42:10.509+0100] {processor.py:175} INFO - Processing /Library/Frameworks/Python.framework/Versions/3.11/lib/python3.11/site-packages/airflow/example_dags/tutorial.py took 0.434 seconds
[2022-12-31T20:43:03.111+0100] {processor.py:153} INFO - Started process (PID=91496) to work on /Library/Frameworks/Python.framework/Versions/3.11/lib/python3.11/site-packages/airflow/example_dags/tutorial.py
[2022-12-31T20:43:03.116+0100] {processor.py:743} INFO - Processing file /Library/Frameworks/Python.framework/Versions/3.11/lib/python3.11/site-packages/airflow/example_dags/tutorial.py for tasks to queue
[2022-12-31T20:43:03.117+0100] {logging_mixin.py:137} INFO - [2022-12-31T20:43:03.116+0100] {dagbag.py:538} INFO - Filling up the DagBag from /Library/Frameworks/Python.framework/Versions/3.11/lib/python3.11/site-packages/airflow/example_dags/tutorial.py
[2022-12-31T20:43:03.128+0100] {processor.py:753} INFO - DAG(s) dict_keys(['tutorial']) retrieved from /Library/Frameworks/Python.framework/Versions/3.11/lib/python3.11/site-packages/airflow/example_dags/tutorial.py
[2022-12-31T20:43:03.535+0100] {logging_mixin.py:137} INFO - [2022-12-31T20:43:03.535+0100] {dag.py:2676} INFO - Sync 1 DAGs
[2022-12-31T20:43:03.541+0100] {logging_mixin.py:137} INFO - [2022-12-31T20:43:03.541+0100] {dag.py:3423} INFO - Setting next_dagrun for tutorial to 2022-12-30T19:43:03.541143+00:00, run_after=2022-12-31T19:43:03.541143+00:00
[2022-12-31T20:43:03.547+0100] {processor.py:175} INFO - Processing /Library/Frameworks/Python.framework/Versions/3.11/lib/python3.11/site-packages/airflow/example_dags/tutorial.py took 0.436 seconds
[2022-12-31T20:44:16.754+0100] {processor.py:153} INFO - Started process (PID=91659) to work on /Library/Frameworks/Python.framework/Versions/3.11/lib/python3.11/site-packages/airflow/example_dags/tutorial.py
[2022-12-31T20:44:16.758+0100] {processor.py:743} INFO - Processing file /Library/Frameworks/Python.framework/Versions/3.11/lib/python3.11/site-packages/airflow/example_dags/tutorial.py for tasks to queue
[2022-12-31T20:44:16.758+0100] {logging_mixin.py:137} INFO - [2022-12-31T20:44:16.758+0100] {dagbag.py:538} INFO - Filling up the DagBag from /Library/Frameworks/Python.framework/Versions/3.11/lib/python3.11/site-packages/airflow/example_dags/tutorial.py
[2022-12-31T20:44:16.779+0100] {processor.py:753} INFO - DAG(s) dict_keys(['tutorial']) retrieved from /Library/Frameworks/Python.framework/Versions/3.11/lib/python3.11/site-packages/airflow/example_dags/tutorial.py
[2022-12-31T20:44:17.223+0100] {logging_mixin.py:137} INFO - [2022-12-31T20:44:17.223+0100] {dag.py:2676} INFO - Sync 1 DAGs
[2022-12-31T20:44:17.229+0100] {logging_mixin.py:137} INFO - [2022-12-31T20:44:17.229+0100] {dag.py:3423} INFO - Setting next_dagrun for tutorial to 2022-12-30T19:44:17.229881+00:00, run_after=2022-12-31T19:44:17.229881+00:00
[2022-12-31T20:44:17.236+0100] {processor.py:175} INFO - Processing /Library/Frameworks/Python.framework/Versions/3.11/lib/python3.11/site-packages/airflow/example_dags/tutorial.py took 0.483 seconds
[2022-12-31T20:46:25.383+0100] {processor.py:153} INFO - Started process (PID=91884) to work on /Library/Frameworks/Python.framework/Versions/3.11/lib/python3.11/site-packages/airflow/example_dags/tutorial.py
[2022-12-31T20:46:25.387+0100] {processor.py:743} INFO - Processing file /Library/Frameworks/Python.framework/Versions/3.11/lib/python3.11/site-packages/airflow/example_dags/tutorial.py for tasks to queue
[2022-12-31T20:46:25.388+0100] {logging_mixin.py:137} INFO - [2022-12-31T20:46:25.388+0100] {dagbag.py:538} INFO - Filling up the DagBag from /Library/Frameworks/Python.framework/Versions/3.11/lib/python3.11/site-packages/airflow/example_dags/tutorial.py
[2022-12-31T20:46:25.399+0100] {processor.py:753} INFO - DAG(s) dict_keys(['tutorial']) retrieved from /Library/Frameworks/Python.framework/Versions/3.11/lib/python3.11/site-packages/airflow/example_dags/tutorial.py
[2022-12-31T20:46:25.830+0100] {logging_mixin.py:137} INFO - [2022-12-31T20:46:25.830+0100] {dag.py:2676} INFO - Sync 1 DAGs
[2022-12-31T20:46:25.837+0100] {logging_mixin.py:137} INFO - [2022-12-31T20:46:25.837+0100] {dag.py:3423} INFO - Setting next_dagrun for tutorial to 2022-12-30T19:46:25.837525+00:00, run_after=2022-12-31T19:46:25.837525+00:00
[2022-12-31T20:46:25.844+0100] {processor.py:175} INFO - Processing /Library/Frameworks/Python.framework/Versions/3.11/lib/python3.11/site-packages/airflow/example_dags/tutorial.py took 0.461 seconds
[2022-12-31T20:48:26.153+0100] {processor.py:153} INFO - Started process (PID=92117) to work on /Library/Frameworks/Python.framework/Versions/3.11/lib/python3.11/site-packages/airflow/example_dags/tutorial.py
[2022-12-31T20:48:26.165+0100] {processor.py:743} INFO - Processing file /Library/Frameworks/Python.framework/Versions/3.11/lib/python3.11/site-packages/airflow/example_dags/tutorial.py for tasks to queue
[2022-12-31T20:48:26.165+0100] {logging_mixin.py:137} INFO - [2022-12-31T20:48:26.165+0100] {dagbag.py:538} INFO - Filling up the DagBag from /Library/Frameworks/Python.framework/Versions/3.11/lib/python3.11/site-packages/airflow/example_dags/tutorial.py
[2022-12-31T20:48:26.177+0100] {processor.py:753} INFO - DAG(s) dict_keys(['tutorial']) retrieved from /Library/Frameworks/Python.framework/Versions/3.11/lib/python3.11/site-packages/airflow/example_dags/tutorial.py
[2022-12-31T20:48:26.582+0100] {logging_mixin.py:137} INFO - [2022-12-31T20:48:26.582+0100] {dag.py:2676} INFO - Sync 1 DAGs
[2022-12-31T20:48:26.588+0100] {logging_mixin.py:137} INFO - [2022-12-31T20:48:26.588+0100] {dag.py:3423} INFO - Setting next_dagrun for tutorial to 2022-12-30T19:48:26.588276+00:00, run_after=2022-12-31T19:48:26.588276+00:00
[2022-12-31T20:48:26.594+0100] {processor.py:175} INFO - Processing /Library/Frameworks/Python.framework/Versions/3.11/lib/python3.11/site-packages/airflow/example_dags/tutorial.py took 0.442 seconds
[2022-12-31T20:50:26.382+0100] {processor.py:153} INFO - Started process (PID=92364) to work on /Library/Frameworks/Python.framework/Versions/3.11/lib/python3.11/site-packages/airflow/example_dags/tutorial.py
[2022-12-31T20:50:26.387+0100] {processor.py:743} INFO - Processing file /Library/Frameworks/Python.framework/Versions/3.11/lib/python3.11/site-packages/airflow/example_dags/tutorial.py for tasks to queue
[2022-12-31T20:50:26.387+0100] {logging_mixin.py:137} INFO - [2022-12-31T20:50:26.387+0100] {dagbag.py:538} INFO - Filling up the DagBag from /Library/Frameworks/Python.framework/Versions/3.11/lib/python3.11/site-packages/airflow/example_dags/tutorial.py
[2022-12-31T20:50:26.405+0100] {processor.py:753} INFO - DAG(s) dict_keys(['tutorial']) retrieved from /Library/Frameworks/Python.framework/Versions/3.11/lib/python3.11/site-packages/airflow/example_dags/tutorial.py
[2022-12-31T20:50:26.933+0100] {logging_mixin.py:137} INFO - [2022-12-31T20:50:26.933+0100] {dag.py:2676} INFO - Sync 1 DAGs
[2022-12-31T20:50:26.940+0100] {logging_mixin.py:137} INFO - [2022-12-31T20:50:26.940+0100] {dag.py:3423} INFO - Setting next_dagrun for tutorial to 2022-12-30T19:50:26.940264+00:00, run_after=2022-12-31T19:50:26.940264+00:00
[2022-12-31T20:50:26.947+0100] {processor.py:175} INFO - Processing /Library/Frameworks/Python.framework/Versions/3.11/lib/python3.11/site-packages/airflow/example_dags/tutorial.py took 0.566 seconds
[2022-12-31T20:52:54.589+0100] {processor.py:153} INFO - Started process (PID=92743) to work on /Library/Frameworks/Python.framework/Versions/3.11/lib/python3.11/site-packages/airflow/example_dags/tutorial.py
[2022-12-31T20:52:54.596+0100] {processor.py:743} INFO - Processing file /Library/Frameworks/Python.framework/Versions/3.11/lib/python3.11/site-packages/airflow/example_dags/tutorial.py for tasks to queue
[2022-12-31T20:52:54.596+0100] {logging_mixin.py:137} INFO - [2022-12-31T20:52:54.596+0100] {dagbag.py:538} INFO - Filling up the DagBag from /Library/Frameworks/Python.framework/Versions/3.11/lib/python3.11/site-packages/airflow/example_dags/tutorial.py
[2022-12-31T20:52:54.608+0100] {processor.py:753} INFO - DAG(s) dict_keys(['tutorial']) retrieved from /Library/Frameworks/Python.framework/Versions/3.11/lib/python3.11/site-packages/airflow/example_dags/tutorial.py
[2022-12-31T20:52:55.031+0100] {logging_mixin.py:137} INFO - [2022-12-31T20:52:55.031+0100] {dag.py:2676} INFO - Sync 1 DAGs
[2022-12-31T20:52:55.037+0100] {logging_mixin.py:137} INFO - [2022-12-31T20:52:55.037+0100] {dag.py:3423} INFO - Setting next_dagrun for tutorial to 2022-12-30T19:52:55.037679+00:00, run_after=2022-12-31T19:52:55.037679+00:00
[2022-12-31T20:52:55.044+0100] {processor.py:175} INFO - Processing /Library/Frameworks/Python.framework/Versions/3.11/lib/python3.11/site-packages/airflow/example_dags/tutorial.py took 0.455 seconds
[2022-12-31T20:55:02.654+0100] {processor.py:153} INFO - Started process (PID=93123) to work on /Library/Frameworks/Python.framework/Versions/3.11/lib/python3.11/site-packages/airflow/example_dags/tutorial.py
[2022-12-31T20:55:02.658+0100] {processor.py:743} INFO - Processing file /Library/Frameworks/Python.framework/Versions/3.11/lib/python3.11/site-packages/airflow/example_dags/tutorial.py for tasks to queue
[2022-12-31T20:55:02.658+0100] {logging_mixin.py:137} INFO - [2022-12-31T20:55:02.658+0100] {dagbag.py:538} INFO - Filling up the DagBag from /Library/Frameworks/Python.framework/Versions/3.11/lib/python3.11/site-packages/airflow/example_dags/tutorial.py
[2022-12-31T20:55:02.672+0100] {processor.py:753} INFO - DAG(s) dict_keys(['tutorial']) retrieved from /Library/Frameworks/Python.framework/Versions/3.11/lib/python3.11/site-packages/airflow/example_dags/tutorial.py
[2022-12-31T20:55:03.271+0100] {logging_mixin.py:137} INFO - [2022-12-31T20:55:03.271+0100] {dag.py:2676} INFO - Sync 1 DAGs
[2022-12-31T20:55:03.280+0100] {logging_mixin.py:137} INFO - [2022-12-31T20:55:03.280+0100] {dag.py:3423} INFO - Setting next_dagrun for tutorial to 2022-12-30T19:55:03.280298+00:00, run_after=2022-12-31T19:55:03.280298+00:00
[2022-12-31T20:55:03.290+0100] {processor.py:175} INFO - Processing /Library/Frameworks/Python.framework/Versions/3.11/lib/python3.11/site-packages/airflow/example_dags/tutorial.py took 0.637 seconds
[2022-12-31T20:56:15.954+0100] {processor.py:153} INFO - Started process (PID=93258) to work on /Library/Frameworks/Python.framework/Versions/3.11/lib/python3.11/site-packages/airflow/example_dags/tutorial.py
[2022-12-31T20:56:15.958+0100] {processor.py:743} INFO - Processing file /Library/Frameworks/Python.framework/Versions/3.11/lib/python3.11/site-packages/airflow/example_dags/tutorial.py for tasks to queue
[2022-12-31T20:56:15.959+0100] {logging_mixin.py:137} INFO - [2022-12-31T20:56:15.959+0100] {dagbag.py:538} INFO - Filling up the DagBag from /Library/Frameworks/Python.framework/Versions/3.11/lib/python3.11/site-packages/airflow/example_dags/tutorial.py
[2022-12-31T20:56:15.971+0100] {processor.py:753} INFO - DAG(s) dict_keys(['tutorial']) retrieved from /Library/Frameworks/Python.framework/Versions/3.11/lib/python3.11/site-packages/airflow/example_dags/tutorial.py
[2022-12-31T20:56:16.408+0100] {logging_mixin.py:137} INFO - [2022-12-31T20:56:16.408+0100] {dag.py:2676} INFO - Sync 1 DAGs
[2022-12-31T20:56:16.415+0100] {logging_mixin.py:137} INFO - [2022-12-31T20:56:16.415+0100] {dag.py:3423} INFO - Setting next_dagrun for tutorial to 2022-12-30T19:56:16.415321+00:00, run_after=2022-12-31T19:56:16.415321+00:00
[2022-12-31T20:56:16.422+0100] {processor.py:175} INFO - Processing /Library/Frameworks/Python.framework/Versions/3.11/lib/python3.11/site-packages/airflow/example_dags/tutorial.py took 0.469 seconds
[2022-12-31T20:57:19.434+0100] {processor.py:153} INFO - Started process (PID=93391) to work on /Library/Frameworks/Python.framework/Versions/3.11/lib/python3.11/site-packages/airflow/example_dags/tutorial.py
[2022-12-31T20:57:19.439+0100] {processor.py:743} INFO - Processing file /Library/Frameworks/Python.framework/Versions/3.11/lib/python3.11/site-packages/airflow/example_dags/tutorial.py for tasks to queue
[2022-12-31T20:57:19.439+0100] {logging_mixin.py:137} INFO - [2022-12-31T20:57:19.439+0100] {dagbag.py:538} INFO - Filling up the DagBag from /Library/Frameworks/Python.framework/Versions/3.11/lib/python3.11/site-packages/airflow/example_dags/tutorial.py
[2022-12-31T20:57:19.451+0100] {processor.py:753} INFO - DAG(s) dict_keys(['tutorial']) retrieved from /Library/Frameworks/Python.framework/Versions/3.11/lib/python3.11/site-packages/airflow/example_dags/tutorial.py
[2022-12-31T20:57:19.944+0100] {logging_mixin.py:137} INFO - [2022-12-31T20:57:19.944+0100] {dag.py:2676} INFO - Sync 1 DAGs
[2022-12-31T20:57:19.955+0100] {logging_mixin.py:137} INFO - [2022-12-31T20:57:19.955+0100] {dag.py:3423} INFO - Setting next_dagrun for tutorial to 2022-12-30T19:57:19.955419+00:00, run_after=2022-12-31T19:57:19.955419+00:00
[2022-12-31T20:57:19.962+0100] {processor.py:175} INFO - Processing /Library/Frameworks/Python.framework/Versions/3.11/lib/python3.11/site-packages/airflow/example_dags/tutorial.py took 0.529 seconds
[2022-12-31T20:58:18.875+0100] {processor.py:153} INFO - Started process (PID=93505) to work on /Library/Frameworks/Python.framework/Versions/3.11/lib/python3.11/site-packages/airflow/example_dags/tutorial.py
[2022-12-31T20:58:18.880+0100] {processor.py:743} INFO - Processing file /Library/Frameworks/Python.framework/Versions/3.11/lib/python3.11/site-packages/airflow/example_dags/tutorial.py for tasks to queue
[2022-12-31T20:58:18.880+0100] {logging_mixin.py:137} INFO - [2022-12-31T20:58:18.880+0100] {dagbag.py:538} INFO - Filling up the DagBag from /Library/Frameworks/Python.framework/Versions/3.11/lib/python3.11/site-packages/airflow/example_dags/tutorial.py
[2022-12-31T20:58:18.892+0100] {processor.py:753} INFO - DAG(s) dict_keys(['tutorial']) retrieved from /Library/Frameworks/Python.framework/Versions/3.11/lib/python3.11/site-packages/airflow/example_dags/tutorial.py
[2022-12-31T20:58:19.296+0100] {logging_mixin.py:137} INFO - [2022-12-31T20:58:19.296+0100] {dag.py:2676} INFO - Sync 1 DAGs
[2022-12-31T20:58:19.302+0100] {logging_mixin.py:137} INFO - [2022-12-31T20:58:19.301+0100] {dag.py:3423} INFO - Setting next_dagrun for tutorial to 2022-12-30T19:58:19.301902+00:00, run_after=2022-12-31T19:58:19.301902+00:00
[2022-12-31T20:58:19.307+0100] {processor.py:175} INFO - Processing /Library/Frameworks/Python.framework/Versions/3.11/lib/python3.11/site-packages/airflow/example_dags/tutorial.py took 0.434 seconds
[2022-12-31T20:59:20.452+0100] {processor.py:153} INFO - Started process (PID=93657) to work on /Library/Frameworks/Python.framework/Versions/3.11/lib/python3.11/site-packages/airflow/example_dags/tutorial.py
[2022-12-31T20:59:20.457+0100] {processor.py:743} INFO - Processing file /Library/Frameworks/Python.framework/Versions/3.11/lib/python3.11/site-packages/airflow/example_dags/tutorial.py for tasks to queue
[2022-12-31T20:59:20.457+0100] {logging_mixin.py:137} INFO - [2022-12-31T20:59:20.457+0100] {dagbag.py:538} INFO - Filling up the DagBag from /Library/Frameworks/Python.framework/Versions/3.11/lib/python3.11/site-packages/airflow/example_dags/tutorial.py
[2022-12-31T20:59:20.471+0100] {processor.py:753} INFO - DAG(s) dict_keys(['tutorial']) retrieved from /Library/Frameworks/Python.framework/Versions/3.11/lib/python3.11/site-packages/airflow/example_dags/tutorial.py
[2022-12-31T20:59:21.018+0100] {logging_mixin.py:137} INFO - [2022-12-31T20:59:21.018+0100] {dag.py:2676} INFO - Sync 1 DAGs
[2022-12-31T20:59:21.025+0100] {logging_mixin.py:137} INFO - [2022-12-31T20:59:21.025+0100] {dag.py:3423} INFO - Setting next_dagrun for tutorial to 2022-12-30T19:59:21.025028+00:00, run_after=2022-12-31T19:59:21.025028+00:00
[2022-12-31T20:59:21.038+0100] {processor.py:175} INFO - Processing /Library/Frameworks/Python.framework/Versions/3.11/lib/python3.11/site-packages/airflow/example_dags/tutorial.py took 0.587 seconds
[2022-12-31T21:00:22.903+0100] {processor.py:153} INFO - Started process (PID=93765) to work on /Library/Frameworks/Python.framework/Versions/3.11/lib/python3.11/site-packages/airflow/example_dags/tutorial.py
[2022-12-31T21:00:22.907+0100] {processor.py:743} INFO - Processing file /Library/Frameworks/Python.framework/Versions/3.11/lib/python3.11/site-packages/airflow/example_dags/tutorial.py for tasks to queue
[2022-12-31T21:00:22.907+0100] {logging_mixin.py:137} INFO - [2022-12-31T21:00:22.907+0100] {dagbag.py:538} INFO - Filling up the DagBag from /Library/Frameworks/Python.framework/Versions/3.11/lib/python3.11/site-packages/airflow/example_dags/tutorial.py
[2022-12-31T21:00:22.919+0100] {processor.py:753} INFO - DAG(s) dict_keys(['tutorial']) retrieved from /Library/Frameworks/Python.framework/Versions/3.11/lib/python3.11/site-packages/airflow/example_dags/tutorial.py
[2022-12-31T21:00:23.431+0100] {logging_mixin.py:137} INFO - [2022-12-31T21:00:23.431+0100] {dag.py:2676} INFO - Sync 1 DAGs
[2022-12-31T21:00:23.438+0100] {logging_mixin.py:137} INFO - [2022-12-31T21:00:23.438+0100] {dag.py:3423} INFO - Setting next_dagrun for tutorial to 2022-12-30T20:00:23.438710+00:00, run_after=2022-12-31T20:00:23.438710+00:00
[2022-12-31T21:00:23.446+0100] {processor.py:175} INFO - Processing /Library/Frameworks/Python.framework/Versions/3.11/lib/python3.11/site-packages/airflow/example_dags/tutorial.py took 0.544 seconds
[2022-12-31T21:01:24.010+0100] {processor.py:153} INFO - Started process (PID=93903) to work on /Library/Frameworks/Python.framework/Versions/3.11/lib/python3.11/site-packages/airflow/example_dags/tutorial.py
[2022-12-31T21:01:24.014+0100] {processor.py:743} INFO - Processing file /Library/Frameworks/Python.framework/Versions/3.11/lib/python3.11/site-packages/airflow/example_dags/tutorial.py for tasks to queue
[2022-12-31T21:01:24.015+0100] {logging_mixin.py:137} INFO - [2022-12-31T21:01:24.015+0100] {dagbag.py:538} INFO - Filling up the DagBag from /Library/Frameworks/Python.framework/Versions/3.11/lib/python3.11/site-packages/airflow/example_dags/tutorial.py
[2022-12-31T21:01:24.036+0100] {processor.py:753} INFO - DAG(s) dict_keys(['tutorial']) retrieved from /Library/Frameworks/Python.framework/Versions/3.11/lib/python3.11/site-packages/airflow/example_dags/tutorial.py
[2022-12-31T21:01:24.474+0100] {logging_mixin.py:137} INFO - [2022-12-31T21:01:24.473+0100] {dag.py:2676} INFO - Sync 1 DAGs
[2022-12-31T21:01:24.480+0100] {logging_mixin.py:137} INFO - [2022-12-31T21:01:24.479+0100] {dag.py:3423} INFO - Setting next_dagrun for tutorial to 2022-12-30T20:01:24.479935+00:00, run_after=2022-12-31T20:01:24.479935+00:00
[2022-12-31T21:01:24.486+0100] {processor.py:175} INFO - Processing /Library/Frameworks/Python.framework/Versions/3.11/lib/python3.11/site-packages/airflow/example_dags/tutorial.py took 0.477 seconds
[2022-12-31T21:02:23.405+0100] {processor.py:153} INFO - Started process (PID=94089) to work on /Library/Frameworks/Python.framework/Versions/3.11/lib/python3.11/site-packages/airflow/example_dags/tutorial.py
[2022-12-31T21:02:23.409+0100] {processor.py:743} INFO - Processing file /Library/Frameworks/Python.framework/Versions/3.11/lib/python3.11/site-packages/airflow/example_dags/tutorial.py for tasks to queue
[2022-12-31T21:02:23.409+0100] {logging_mixin.py:137} INFO - [2022-12-31T21:02:23.409+0100] {dagbag.py:538} INFO - Filling up the DagBag from /Library/Frameworks/Python.framework/Versions/3.11/lib/python3.11/site-packages/airflow/example_dags/tutorial.py
[2022-12-31T21:02:23.421+0100] {processor.py:753} INFO - DAG(s) dict_keys(['tutorial']) retrieved from /Library/Frameworks/Python.framework/Versions/3.11/lib/python3.11/site-packages/airflow/example_dags/tutorial.py
[2022-12-31T21:02:23.858+0100] {logging_mixin.py:137} INFO - [2022-12-31T21:02:23.857+0100] {dag.py:2676} INFO - Sync 1 DAGs
[2022-12-31T21:02:23.863+0100] {logging_mixin.py:137} INFO - [2022-12-31T21:02:23.863+0100] {dag.py:3423} INFO - Setting next_dagrun for tutorial to 2022-12-30T20:02:23.863839+00:00, run_after=2022-12-31T20:02:23.863839+00:00
[2022-12-31T21:02:23.870+0100] {processor.py:175} INFO - Processing /Library/Frameworks/Python.framework/Versions/3.11/lib/python3.11/site-packages/airflow/example_dags/tutorial.py took 0.466 seconds
[2022-12-31T21:03:27.520+0100] {processor.py:153} INFO - Started process (PID=94297) to work on /Library/Frameworks/Python.framework/Versions/3.11/lib/python3.11/site-packages/airflow/example_dags/tutorial.py
[2022-12-31T21:03:27.527+0100] {processor.py:743} INFO - Processing file /Library/Frameworks/Python.framework/Versions/3.11/lib/python3.11/site-packages/airflow/example_dags/tutorial.py for tasks to queue
[2022-12-31T21:03:27.527+0100] {logging_mixin.py:137} INFO - [2022-12-31T21:03:27.527+0100] {dagbag.py:538} INFO - Filling up the DagBag from /Library/Frameworks/Python.framework/Versions/3.11/lib/python3.11/site-packages/airflow/example_dags/tutorial.py
[2022-12-31T21:03:27.539+0100] {processor.py:753} INFO - DAG(s) dict_keys(['tutorial']) retrieved from /Library/Frameworks/Python.framework/Versions/3.11/lib/python3.11/site-packages/airflow/example_dags/tutorial.py
[2022-12-31T21:03:28.003+0100] {logging_mixin.py:137} INFO - [2022-12-31T21:03:28.003+0100] {dag.py:2676} INFO - Sync 1 DAGs
[2022-12-31T21:03:28.010+0100] {logging_mixin.py:137} INFO - [2022-12-31T21:03:28.010+0100] {dag.py:3423} INFO - Setting next_dagrun for tutorial to 2022-12-30T20:03:28.010359+00:00, run_after=2022-12-31T20:03:28.010359+00:00
[2022-12-31T21:03:28.017+0100] {processor.py:175} INFO - Processing /Library/Frameworks/Python.framework/Versions/3.11/lib/python3.11/site-packages/airflow/example_dags/tutorial.py took 0.497 seconds
[2022-12-31T21:04:32.769+0100] {processor.py:153} INFO - Started process (PID=94413) to work on /Library/Frameworks/Python.framework/Versions/3.11/lib/python3.11/site-packages/airflow/example_dags/tutorial.py
[2022-12-31T21:04:32.771+0100] {processor.py:743} INFO - Processing file /Library/Frameworks/Python.framework/Versions/3.11/lib/python3.11/site-packages/airflow/example_dags/tutorial.py for tasks to queue
[2022-12-31T21:04:32.772+0100] {logging_mixin.py:137} INFO - [2022-12-31T21:04:32.772+0100] {dagbag.py:538} INFO - Filling up the DagBag from /Library/Frameworks/Python.framework/Versions/3.11/lib/python3.11/site-packages/airflow/example_dags/tutorial.py
[2022-12-31T21:04:32.784+0100] {processor.py:753} INFO - DAG(s) dict_keys(['tutorial']) retrieved from /Library/Frameworks/Python.framework/Versions/3.11/lib/python3.11/site-packages/airflow/example_dags/tutorial.py
[2022-12-31T21:04:33.335+0100] {logging_mixin.py:137} INFO - [2022-12-31T21:04:33.335+0100] {dag.py:2676} INFO - Sync 1 DAGs
[2022-12-31T21:04:33.343+0100] {logging_mixin.py:137} INFO - [2022-12-31T21:04:33.343+0100] {dag.py:3423} INFO - Setting next_dagrun for tutorial to 2022-12-30T20:04:33.342939+00:00, run_after=2022-12-31T20:04:33.342939+00:00
[2022-12-31T21:04:33.349+0100] {processor.py:175} INFO - Processing /Library/Frameworks/Python.framework/Versions/3.11/lib/python3.11/site-packages/airflow/example_dags/tutorial.py took 0.581 seconds
[2022-12-31T21:05:31.353+0100] {processor.py:153} INFO - Started process (PID=94537) to work on /Library/Frameworks/Python.framework/Versions/3.11/lib/python3.11/site-packages/airflow/example_dags/tutorial.py
[2022-12-31T21:05:31.359+0100] {processor.py:743} INFO - Processing file /Library/Frameworks/Python.framework/Versions/3.11/lib/python3.11/site-packages/airflow/example_dags/tutorial.py for tasks to queue
[2022-12-31T21:05:31.359+0100] {logging_mixin.py:137} INFO - [2022-12-31T21:05:31.359+0100] {dagbag.py:538} INFO - Filling up the DagBag from /Library/Frameworks/Python.framework/Versions/3.11/lib/python3.11/site-packages/airflow/example_dags/tutorial.py
[2022-12-31T21:05:31.370+0100] {processor.py:753} INFO - DAG(s) dict_keys(['tutorial']) retrieved from /Library/Frameworks/Python.framework/Versions/3.11/lib/python3.11/site-packages/airflow/example_dags/tutorial.py
[2022-12-31T21:05:31.779+0100] {logging_mixin.py:137} INFO - [2022-12-31T21:05:31.778+0100] {dag.py:2676} INFO - Sync 1 DAGs
[2022-12-31T21:05:31.784+0100] {logging_mixin.py:137} INFO - [2022-12-31T21:05:31.784+0100] {dag.py:3423} INFO - Setting next_dagrun for tutorial to 2022-12-30T20:05:31.784797+00:00, run_after=2022-12-31T20:05:31.784797+00:00
[2022-12-31T21:05:31.791+0100] {processor.py:175} INFO - Processing /Library/Frameworks/Python.framework/Versions/3.11/lib/python3.11/site-packages/airflow/example_dags/tutorial.py took 0.438 seconds
[2022-12-31T21:06:25.533+0100] {processor.py:153} INFO - Started process (PID=94653) to work on /Library/Frameworks/Python.framework/Versions/3.11/lib/python3.11/site-packages/airflow/example_dags/tutorial.py
[2022-12-31T21:06:25.537+0100] {processor.py:743} INFO - Processing file /Library/Frameworks/Python.framework/Versions/3.11/lib/python3.11/site-packages/airflow/example_dags/tutorial.py for tasks to queue
[2022-12-31T21:06:25.537+0100] {logging_mixin.py:137} INFO - [2022-12-31T21:06:25.537+0100] {dagbag.py:538} INFO - Filling up the DagBag from /Library/Frameworks/Python.framework/Versions/3.11/lib/python3.11/site-packages/airflow/example_dags/tutorial.py
[2022-12-31T21:06:25.551+0100] {processor.py:753} INFO - DAG(s) dict_keys(['tutorial']) retrieved from /Library/Frameworks/Python.framework/Versions/3.11/lib/python3.11/site-packages/airflow/example_dags/tutorial.py
[2022-12-31T21:06:25.991+0100] {logging_mixin.py:137} INFO - [2022-12-31T21:06:25.991+0100] {dag.py:2676} INFO - Sync 1 DAGs
[2022-12-31T21:06:25.997+0100] {logging_mixin.py:137} INFO - [2022-12-31T21:06:25.997+0100] {dag.py:3423} INFO - Setting next_dagrun for tutorial to 2022-12-30T20:06:25.997482+00:00, run_after=2022-12-31T20:06:25.997482+00:00
[2022-12-31T21:06:26.003+0100] {processor.py:175} INFO - Processing /Library/Frameworks/Python.framework/Versions/3.11/lib/python3.11/site-packages/airflow/example_dags/tutorial.py took 0.471 seconds
[2022-12-31T21:07:19.380+0100] {processor.py:153} INFO - Started process (PID=94754) to work on /Library/Frameworks/Python.framework/Versions/3.11/lib/python3.11/site-packages/airflow/example_dags/tutorial.py
[2022-12-31T21:07:19.384+0100] {processor.py:743} INFO - Processing file /Library/Frameworks/Python.framework/Versions/3.11/lib/python3.11/site-packages/airflow/example_dags/tutorial.py for tasks to queue
[2022-12-31T21:07:19.384+0100] {logging_mixin.py:137} INFO - [2022-12-31T21:07:19.384+0100] {dagbag.py:538} INFO - Filling up the DagBag from /Library/Frameworks/Python.framework/Versions/3.11/lib/python3.11/site-packages/airflow/example_dags/tutorial.py
[2022-12-31T21:07:19.396+0100] {processor.py:753} INFO - DAG(s) dict_keys(['tutorial']) retrieved from /Library/Frameworks/Python.framework/Versions/3.11/lib/python3.11/site-packages/airflow/example_dags/tutorial.py
[2022-12-31T21:07:19.872+0100] {logging_mixin.py:137} INFO - [2022-12-31T21:07:19.872+0100] {dag.py:2676} INFO - Sync 1 DAGs
[2022-12-31T21:07:19.879+0100] {logging_mixin.py:137} INFO - [2022-12-31T21:07:19.879+0100] {dag.py:3423} INFO - Setting next_dagrun for tutorial to 2022-12-30T20:07:19.879277+00:00, run_after=2022-12-31T20:07:19.879277+00:00
[2022-12-31T21:07:19.886+0100] {processor.py:175} INFO - Processing /Library/Frameworks/Python.framework/Versions/3.11/lib/python3.11/site-packages/airflow/example_dags/tutorial.py took 0.506 seconds
[2022-12-31T21:08:17.917+0100] {processor.py:153} INFO - Started process (PID=94914) to work on /Library/Frameworks/Python.framework/Versions/3.11/lib/python3.11/site-packages/airflow/example_dags/tutorial.py
[2022-12-31T21:08:17.921+0100] {processor.py:743} INFO - Processing file /Library/Frameworks/Python.framework/Versions/3.11/lib/python3.11/site-packages/airflow/example_dags/tutorial.py for tasks to queue
[2022-12-31T21:08:17.921+0100] {logging_mixin.py:137} INFO - [2022-12-31T21:08:17.921+0100] {dagbag.py:538} INFO - Filling up the DagBag from /Library/Frameworks/Python.framework/Versions/3.11/lib/python3.11/site-packages/airflow/example_dags/tutorial.py
[2022-12-31T21:08:17.935+0100] {processor.py:753} INFO - DAG(s) dict_keys(['tutorial']) retrieved from /Library/Frameworks/Python.framework/Versions/3.11/lib/python3.11/site-packages/airflow/example_dags/tutorial.py
[2022-12-31T21:08:18.412+0100] {logging_mixin.py:137} INFO - [2022-12-31T21:08:18.412+0100] {dag.py:2676} INFO - Sync 1 DAGs
[2022-12-31T21:08:18.421+0100] {logging_mixin.py:137} INFO - [2022-12-31T21:08:18.421+0100] {dag.py:3423} INFO - Setting next_dagrun for tutorial to 2022-12-30T20:08:18.421131+00:00, run_after=2022-12-31T20:08:18.421131+00:00
[2022-12-31T21:08:18.429+0100] {processor.py:175} INFO - Processing /Library/Frameworks/Python.framework/Versions/3.11/lib/python3.11/site-packages/airflow/example_dags/tutorial.py took 0.512 seconds
[2022-12-31 20:08:50,849] {scheduler_job.py:182} INFO - Started process (PID=120) to work on /home/airflow/.local/lib/python3.6/site-packages/airflow/example_dags/tutorial.py
[2022-12-31 20:08:50,853] {scheduler_job.py:629} INFO - Processing file /home/airflow/.local/lib/python3.6/site-packages/airflow/example_dags/tutorial.py for tasks to queue
[2022-12-31 20:08:50,856] {logging_mixin.py:104} INFO - [2022-12-31 20:08:50,855] {dagbag.py:451} INFO - Filling up the DagBag from /home/airflow/.local/lib/python3.6/site-packages/airflow/example_dags/tutorial.py
[2022-12-31 20:08:50,891] {scheduler_job.py:639} INFO - DAG(s) dict_keys(['tutorial']) retrieved from /home/airflow/.local/lib/python3.6/site-packages/airflow/example_dags/tutorial.py
[2022-12-31 20:08:50,945] {logging_mixin.py:104} INFO - [2022-12-31 20:08:50,945] {dag.py:1824} INFO - Sync 1 DAGs
[2022-12-31 20:08:50,996] {logging_mixin.py:104} INFO - [2022-12-31 20:08:50,996] {dag.py:2280} INFO - Setting next_dagrun for tutorial to 2022-12-29 00:00:00+00:00
[2022-12-31 20:08:51,022] {scheduler_job.py:190} INFO - Processing /home/airflow/.local/lib/python3.6/site-packages/airflow/example_dags/tutorial.py took 0.180 seconds
[2022-12-31T21:09:17.671+0100] {processor.py:153} INFO - Started process (PID=95047) to work on /Library/Frameworks/Python.framework/Versions/3.11/lib/python3.11/site-packages/airflow/example_dags/tutorial.py
[2022-12-31T21:09:17.675+0100] {processor.py:743} INFO - Processing file /Library/Frameworks/Python.framework/Versions/3.11/lib/python3.11/site-packages/airflow/example_dags/tutorial.py for tasks to queue
[2022-12-31T21:09:17.675+0100] {logging_mixin.py:137} INFO - [2022-12-31T21:09:17.675+0100] {dagbag.py:538} INFO - Filling up the DagBag from /Library/Frameworks/Python.framework/Versions/3.11/lib/python3.11/site-packages/airflow/example_dags/tutorial.py
[2022-12-31T21:09:17.687+0100] {processor.py:753} INFO - DAG(s) dict_keys(['tutorial']) retrieved from /Library/Frameworks/Python.framework/Versions/3.11/lib/python3.11/site-packages/airflow/example_dags/tutorial.py
[2022-12-31T21:09:18.219+0100] {logging_mixin.py:137} INFO - [2022-12-31T21:09:18.218+0100] {dag.py:2676} INFO - Sync 1 DAGs
[2022-12-31T21:09:18.230+0100] {logging_mixin.py:137} INFO - [2022-12-31T21:09:18.230+0100] {dag.py:3423} INFO - Setting next_dagrun for tutorial to 2022-12-30T20:09:18.230784+00:00, run_after=2022-12-31T20:09:18.230784+00:00
[2022-12-31T21:09:18.243+0100] {processor.py:175} INFO - Processing /Library/Frameworks/Python.framework/Versions/3.11/lib/python3.11/site-packages/airflow/example_dags/tutorial.py took 0.573 seconds
[2022-12-31 20:09:21,240] {scheduler_job.py:182} INFO - Started process (PID=170) to work on /home/airflow/.local/lib/python3.6/site-packages/airflow/example_dags/tutorial.py
[2022-12-31 20:09:21,246] {scheduler_job.py:629} INFO - Processing file /home/airflow/.local/lib/python3.6/site-packages/airflow/example_dags/tutorial.py for tasks to queue
[2022-12-31 20:09:21,249] {logging_mixin.py:104} INFO - [2022-12-31 20:09:21,249] {dagbag.py:451} INFO - Filling up the DagBag from /home/airflow/.local/lib/python3.6/site-packages/airflow/example_dags/tutorial.py
[2022-12-31 20:09:21,288] {scheduler_job.py:639} INFO - DAG(s) dict_keys(['tutorial']) retrieved from /home/airflow/.local/lib/python3.6/site-packages/airflow/example_dags/tutorial.py
[2022-12-31 20:09:21,384] {logging_mixin.py:104} INFO - [2022-12-31 20:09:21,383] {dag.py:1824} INFO - Sync 1 DAGs
[2022-12-31 20:09:21,458] {logging_mixin.py:104} INFO - [2022-12-31 20:09:21,457] {dag.py:2280} INFO - Setting next_dagrun for tutorial to 2022-12-29 00:00:00+00:00
[2022-12-31 20:09:21,506] {scheduler_job.py:190} INFO - Processing /home/airflow/.local/lib/python3.6/site-packages/airflow/example_dags/tutorial.py took 0.278 seconds
[2022-12-31T21:10:19.727+0100] {processor.py:153} INFO - Started process (PID=95223) to work on /Library/Frameworks/Python.framework/Versions/3.11/lib/python3.11/site-packages/airflow/example_dags/tutorial.py
[2022-12-31T21:10:19.729+0100] {processor.py:743} INFO - Processing file /Library/Frameworks/Python.framework/Versions/3.11/lib/python3.11/site-packages/airflow/example_dags/tutorial.py for tasks to queue
[2022-12-31T21:10:19.729+0100] {logging_mixin.py:137} INFO - [2022-12-31T21:10:19.729+0100] {dagbag.py:538} INFO - Filling up the DagBag from /Library/Frameworks/Python.framework/Versions/3.11/lib/python3.11/site-packages/airflow/example_dags/tutorial.py
[2022-12-31T21:10:19.742+0100] {processor.py:753} INFO - DAG(s) dict_keys(['tutorial']) retrieved from /Library/Frameworks/Python.framework/Versions/3.11/lib/python3.11/site-packages/airflow/example_dags/tutorial.py
[2022-12-31T21:10:20.163+0100] {logging_mixin.py:137} INFO - [2022-12-31T21:10:20.163+0100] {dag.py:2676} INFO - Sync 1 DAGs
[2022-12-31T21:10:20.169+0100] {logging_mixin.py:137} INFO - [2022-12-31T21:10:20.169+0100] {dag.py:3423} INFO - Setting next_dagrun for tutorial to 2022-12-30T20:10:20.169625+00:00, run_after=2022-12-31T20:10:20.169625+00:00
[2022-12-31T21:10:20.175+0100] {processor.py:175} INFO - Processing /Library/Frameworks/Python.framework/Versions/3.11/lib/python3.11/site-packages/airflow/example_dags/tutorial.py took 0.449 seconds
[2022-12-31T21:11:21.398+0100] {processor.py:153} INFO - Started process (PID=95405) to work on /Library/Frameworks/Python.framework/Versions/3.11/lib/python3.11/site-packages/airflow/example_dags/tutorial.py
[2022-12-31T21:11:21.402+0100] {processor.py:743} INFO - Processing file /Library/Frameworks/Python.framework/Versions/3.11/lib/python3.11/site-packages/airflow/example_dags/tutorial.py for tasks to queue
[2022-12-31T21:11:21.402+0100] {logging_mixin.py:137} INFO - [2022-12-31T21:11:21.402+0100] {dagbag.py:538} INFO - Filling up the DagBag from /Library/Frameworks/Python.framework/Versions/3.11/lib/python3.11/site-packages/airflow/example_dags/tutorial.py
[2022-12-31T21:11:21.448+0100] {processor.py:753} INFO - DAG(s) dict_keys(['tutorial']) retrieved from /Library/Frameworks/Python.framework/Versions/3.11/lib/python3.11/site-packages/airflow/example_dags/tutorial.py
[2022-12-31T21:11:22.059+0100] {logging_mixin.py:137} INFO - [2022-12-31T21:11:22.058+0100] {dag.py:2676} INFO - Sync 1 DAGs
[2022-12-31T21:11:22.068+0100] {logging_mixin.py:137} INFO - [2022-12-31T21:11:22.068+0100] {dag.py:3423} INFO - Setting next_dagrun for tutorial to 2022-12-30T20:11:22.068342+00:00, run_after=2022-12-31T20:11:22.068342+00:00
[2022-12-31T21:11:22.078+0100] {processor.py:175} INFO - Processing /Library/Frameworks/Python.framework/Versions/3.11/lib/python3.11/site-packages/airflow/example_dags/tutorial.py took 0.681 seconds
[2022-12-31T21:12:24.091+0100] {processor.py:153} INFO - Started process (PID=95534) to work on /Library/Frameworks/Python.framework/Versions/3.11/lib/python3.11/site-packages/airflow/example_dags/tutorial.py
[2022-12-31T21:12:24.102+0100] {processor.py:743} INFO - Processing file /Library/Frameworks/Python.framework/Versions/3.11/lib/python3.11/site-packages/airflow/example_dags/tutorial.py for tasks to queue
[2022-12-31T21:12:24.102+0100] {logging_mixin.py:137} INFO - [2022-12-31T21:12:24.102+0100] {dagbag.py:538} INFO - Filling up the DagBag from /Library/Frameworks/Python.framework/Versions/3.11/lib/python3.11/site-packages/airflow/example_dags/tutorial.py
[2022-12-31T21:12:24.115+0100] {processor.py:753} INFO - DAG(s) dict_keys(['tutorial']) retrieved from /Library/Frameworks/Python.framework/Versions/3.11/lib/python3.11/site-packages/airflow/example_dags/tutorial.py
[2022-12-31T21:12:24.636+0100] {logging_mixin.py:137} INFO - [2022-12-31T21:12:24.636+0100] {dag.py:2676} INFO - Sync 1 DAGs
[2022-12-31T21:12:24.644+0100] {logging_mixin.py:137} INFO - [2022-12-31T21:12:24.644+0100] {dag.py:3423} INFO - Setting next_dagrun for tutorial to 2022-12-30T20:12:24.643976+00:00, run_after=2022-12-31T20:12:24.643976+00:00
[2022-12-31T21:12:24.651+0100] {processor.py:175} INFO - Processing /Library/Frameworks/Python.framework/Versions/3.11/lib/python3.11/site-packages/airflow/example_dags/tutorial.py took 0.561 seconds
[2022-12-31T21:13:31.398+0100] {processor.py:153} INFO - Started process (PID=95674) to work on /Library/Frameworks/Python.framework/Versions/3.11/lib/python3.11/site-packages/airflow/example_dags/tutorial.py
[2022-12-31T21:13:31.404+0100] {processor.py:743} INFO - Processing file /Library/Frameworks/Python.framework/Versions/3.11/lib/python3.11/site-packages/airflow/example_dags/tutorial.py for tasks to queue
[2022-12-31T21:13:31.404+0100] {logging_mixin.py:137} INFO - [2022-12-31T21:13:31.404+0100] {dagbag.py:538} INFO - Filling up the DagBag from /Library/Frameworks/Python.framework/Versions/3.11/lib/python3.11/site-packages/airflow/example_dags/tutorial.py
[2022-12-31T21:13:31.416+0100] {processor.py:753} INFO - DAG(s) dict_keys(['tutorial']) retrieved from /Library/Frameworks/Python.framework/Versions/3.11/lib/python3.11/site-packages/airflow/example_dags/tutorial.py
[2022-12-31T21:13:31.961+0100] {logging_mixin.py:137} INFO - [2022-12-31T21:13:31.961+0100] {dag.py:2676} INFO - Sync 1 DAGs
[2022-12-31T21:13:31.968+0100] {logging_mixin.py:137} INFO - [2022-12-31T21:13:31.968+0100] {dag.py:3423} INFO - Setting next_dagrun for tutorial to 2022-12-30T20:13:31.968623+00:00, run_after=2022-12-31T20:13:31.968623+00:00
[2022-12-31T21:13:31.976+0100] {processor.py:175} INFO - Processing /Library/Frameworks/Python.framework/Versions/3.11/lib/python3.11/site-packages/airflow/example_dags/tutorial.py took 0.578 seconds
[2022-12-31T21:14:34.034+0100] {processor.py:153} INFO - Started process (PID=95801) to work on /Library/Frameworks/Python.framework/Versions/3.11/lib/python3.11/site-packages/airflow/example_dags/tutorial.py
[2022-12-31T21:14:34.045+0100] {processor.py:743} INFO - Processing file /Library/Frameworks/Python.framework/Versions/3.11/lib/python3.11/site-packages/airflow/example_dags/tutorial.py for tasks to queue
[2022-12-31T21:14:34.045+0100] {logging_mixin.py:137} INFO - [2022-12-31T21:14:34.045+0100] {dagbag.py:538} INFO - Filling up the DagBag from /Library/Frameworks/Python.framework/Versions/3.11/lib/python3.11/site-packages/airflow/example_dags/tutorial.py
[2022-12-31T21:14:34.058+0100] {processor.py:753} INFO - DAG(s) dict_keys(['tutorial']) retrieved from /Library/Frameworks/Python.framework/Versions/3.11/lib/python3.11/site-packages/airflow/example_dags/tutorial.py
[2022-12-31T21:14:34.505+0100] {logging_mixin.py:137} INFO - [2022-12-31T21:14:34.505+0100] {dag.py:2676} INFO - Sync 1 DAGs
[2022-12-31T21:14:34.511+0100] {logging_mixin.py:137} INFO - [2022-12-31T21:14:34.511+0100] {dag.py:3423} INFO - Setting next_dagrun for tutorial to 2022-12-30T20:14:34.511826+00:00, run_after=2022-12-31T20:14:34.511826+00:00
[2022-12-31T21:14:34.518+0100] {processor.py:175} INFO - Processing /Library/Frameworks/Python.framework/Versions/3.11/lib/python3.11/site-packages/airflow/example_dags/tutorial.py took 0.484 seconds
[2022-12-31T21:15:28.811+0100] {processor.py:153} INFO - Started process (PID=95961) to work on /Library/Frameworks/Python.framework/Versions/3.11/lib/python3.11/site-packages/airflow/example_dags/tutorial.py
[2022-12-31T21:15:28.817+0100] {processor.py:743} INFO - Processing file /Library/Frameworks/Python.framework/Versions/3.11/lib/python3.11/site-packages/airflow/example_dags/tutorial.py for tasks to queue
[2022-12-31T21:15:28.817+0100] {logging_mixin.py:137} INFO - [2022-12-31T21:15:28.817+0100] {dagbag.py:538} INFO - Filling up the DagBag from /Library/Frameworks/Python.framework/Versions/3.11/lib/python3.11/site-packages/airflow/example_dags/tutorial.py
[2022-12-31T21:15:28.832+0100] {processor.py:753} INFO - DAG(s) dict_keys(['tutorial']) retrieved from /Library/Frameworks/Python.framework/Versions/3.11/lib/python3.11/site-packages/airflow/example_dags/tutorial.py
[2022-12-31T21:15:29.290+0100] {logging_mixin.py:137} INFO - [2022-12-31T21:15:29.290+0100] {dag.py:2676} INFO - Sync 1 DAGs
[2022-12-31T21:15:29.297+0100] {logging_mixin.py:137} INFO - [2022-12-31T21:15:29.297+0100] {dag.py:3423} INFO - Setting next_dagrun for tutorial to 2022-12-30T20:15:29.297129+00:00, run_after=2022-12-31T20:15:29.297129+00:00
[2022-12-31T21:15:29.303+0100] {processor.py:175} INFO - Processing /Library/Frameworks/Python.framework/Versions/3.11/lib/python3.11/site-packages/airflow/example_dags/tutorial.py took 0.493 seconds
[2022-12-31T21:16:26.074+0100] {processor.py:153} INFO - Started process (PID=96082) to work on /Library/Frameworks/Python.framework/Versions/3.11/lib/python3.11/site-packages/airflow/example_dags/tutorial.py
[2022-12-31T21:16:26.077+0100] {processor.py:743} INFO - Processing file /Library/Frameworks/Python.framework/Versions/3.11/lib/python3.11/site-packages/airflow/example_dags/tutorial.py for tasks to queue
[2022-12-31T21:16:26.078+0100] {logging_mixin.py:137} INFO - [2022-12-31T21:16:26.078+0100] {dagbag.py:538} INFO - Filling up the DagBag from /Library/Frameworks/Python.framework/Versions/3.11/lib/python3.11/site-packages/airflow/example_dags/tutorial.py
[2022-12-31T21:16:26.101+0100] {processor.py:753} INFO - DAG(s) dict_keys(['tutorial']) retrieved from /Library/Frameworks/Python.framework/Versions/3.11/lib/python3.11/site-packages/airflow/example_dags/tutorial.py
[2022-12-31T21:16:26.552+0100] {logging_mixin.py:137} INFO - [2022-12-31T21:16:26.552+0100] {dag.py:2676} INFO - Sync 1 DAGs
[2022-12-31T21:16:26.558+0100] {logging_mixin.py:137} INFO - [2022-12-31T21:16:26.558+0100] {dag.py:3423} INFO - Setting next_dagrun for tutorial to 2022-12-30T20:16:26.558679+00:00, run_after=2022-12-31T20:16:26.558679+00:00
[2022-12-31T21:16:26.565+0100] {processor.py:175} INFO - Processing /Library/Frameworks/Python.framework/Versions/3.11/lib/python3.11/site-packages/airflow/example_dags/tutorial.py took 0.491 seconds
[2022-12-31T21:17:18.987+0100] {processor.py:153} INFO - Started process (PID=96161) to work on /Library/Frameworks/Python.framework/Versions/3.11/lib/python3.11/site-packages/airflow/example_dags/tutorial.py
[2022-12-31T21:17:18.993+0100] {processor.py:743} INFO - Processing file /Library/Frameworks/Python.framework/Versions/3.11/lib/python3.11/site-packages/airflow/example_dags/tutorial.py for tasks to queue
[2022-12-31T21:17:18.993+0100] {logging_mixin.py:137} INFO - [2022-12-31T21:17:18.993+0100] {dagbag.py:538} INFO - Filling up the DagBag from /Library/Frameworks/Python.framework/Versions/3.11/lib/python3.11/site-packages/airflow/example_dags/tutorial.py
[2022-12-31T21:17:19.005+0100] {processor.py:753} INFO - DAG(s) dict_keys(['tutorial']) retrieved from /Library/Frameworks/Python.framework/Versions/3.11/lib/python3.11/site-packages/airflow/example_dags/tutorial.py
[2022-12-31T21:17:19.417+0100] {logging_mixin.py:137} INFO - [2022-12-31T21:17:19.417+0100] {dag.py:2676} INFO - Sync 1 DAGs
[2022-12-31T21:17:19.423+0100] {logging_mixin.py:137} INFO - [2022-12-31T21:17:19.423+0100] {dag.py:3423} INFO - Setting next_dagrun for tutorial to 2022-12-30T20:17:19.423487+00:00, run_after=2022-12-31T20:17:19.423487+00:00
[2022-12-31T21:17:19.429+0100] {processor.py:175} INFO - Processing /Library/Frameworks/Python.framework/Versions/3.11/lib/python3.11/site-packages/airflow/example_dags/tutorial.py took 0.443 seconds
[2022-12-31T21:18:11.964+0100] {processor.py:153} INFO - Started process (PID=96292) to work on /Library/Frameworks/Python.framework/Versions/3.11/lib/python3.11/site-packages/airflow/example_dags/tutorial.py
[2022-12-31T21:18:11.969+0100] {processor.py:743} INFO - Processing file /Library/Frameworks/Python.framework/Versions/3.11/lib/python3.11/site-packages/airflow/example_dags/tutorial.py for tasks to queue
[2022-12-31T21:18:11.969+0100] {logging_mixin.py:137} INFO - [2022-12-31T21:18:11.969+0100] {dagbag.py:538} INFO - Filling up the DagBag from /Library/Frameworks/Python.framework/Versions/3.11/lib/python3.11/site-packages/airflow/example_dags/tutorial.py
[2022-12-31T21:18:11.982+0100] {processor.py:753} INFO - DAG(s) dict_keys(['tutorial']) retrieved from /Library/Frameworks/Python.framework/Versions/3.11/lib/python3.11/site-packages/airflow/example_dags/tutorial.py
[2022-12-31T21:18:12.423+0100] {logging_mixin.py:137} INFO - [2022-12-31T21:18:12.423+0100] {dag.py:2676} INFO - Sync 1 DAGs
[2022-12-31T21:18:12.430+0100] {logging_mixin.py:137} INFO - [2022-12-31T21:18:12.430+0100] {dag.py:3423} INFO - Setting next_dagrun for tutorial to 2022-12-30T20:18:12.430331+00:00, run_after=2022-12-31T20:18:12.430331+00:00
[2022-12-31T21:18:12.437+0100] {processor.py:175} INFO - Processing /Library/Frameworks/Python.framework/Versions/3.11/lib/python3.11/site-packages/airflow/example_dags/tutorial.py took 0.479 seconds
[2022-12-31T21:19:11.257+0100] {processor.py:153} INFO - Started process (PID=96450) to work on /Library/Frameworks/Python.framework/Versions/3.11/lib/python3.11/site-packages/airflow/example_dags/tutorial.py
[2022-12-31T21:19:11.259+0100] {processor.py:743} INFO - Processing file /Library/Frameworks/Python.framework/Versions/3.11/lib/python3.11/site-packages/airflow/example_dags/tutorial.py for tasks to queue
[2022-12-31T21:19:11.260+0100] {logging_mixin.py:137} INFO - [2022-12-31T21:19:11.260+0100] {dagbag.py:538} INFO - Filling up the DagBag from /Library/Frameworks/Python.framework/Versions/3.11/lib/python3.11/site-packages/airflow/example_dags/tutorial.py
[2022-12-31T21:19:11.278+0100] {processor.py:753} INFO - DAG(s) dict_keys(['tutorial']) retrieved from /Library/Frameworks/Python.framework/Versions/3.11/lib/python3.11/site-packages/airflow/example_dags/tutorial.py
[2022-12-31T21:19:12.196+0100] {logging_mixin.py:137} INFO - [2022-12-31T21:19:12.195+0100] {dag.py:2676} INFO - Sync 1 DAGs
[2022-12-31T21:19:12.206+0100] {logging_mixin.py:137} INFO - [2022-12-31T21:19:12.206+0100] {dag.py:3423} INFO - Setting next_dagrun for tutorial to 2022-12-30T20:19:12.206538+00:00, run_after=2022-12-31T20:19:12.206538+00:00
[2022-12-31T21:19:12.218+0100] {processor.py:175} INFO - Processing /Library/Frameworks/Python.framework/Versions/3.11/lib/python3.11/site-packages/airflow/example_dags/tutorial.py took 0.961 seconds
[2022-12-31T21:20:10.853+0100] {processor.py:153} INFO - Started process (PID=96536) to work on /Library/Frameworks/Python.framework/Versions/3.11/lib/python3.11/site-packages/airflow/example_dags/tutorial.py
[2022-12-31T21:20:10.858+0100] {processor.py:743} INFO - Processing file /Library/Frameworks/Python.framework/Versions/3.11/lib/python3.11/site-packages/airflow/example_dags/tutorial.py for tasks to queue
[2022-12-31T21:20:10.858+0100] {logging_mixin.py:137} INFO - [2022-12-31T21:20:10.858+0100] {dagbag.py:538} INFO - Filling up the DagBag from /Library/Frameworks/Python.framework/Versions/3.11/lib/python3.11/site-packages/airflow/example_dags/tutorial.py
[2022-12-31T21:20:10.870+0100] {processor.py:753} INFO - DAG(s) dict_keys(['tutorial']) retrieved from /Library/Frameworks/Python.framework/Versions/3.11/lib/python3.11/site-packages/airflow/example_dags/tutorial.py
[2022-12-31T21:20:11.293+0100] {logging_mixin.py:137} INFO - [2022-12-31T21:20:11.293+0100] {dag.py:2676} INFO - Sync 1 DAGs
[2022-12-31T21:20:11.299+0100] {logging_mixin.py:137} INFO - [2022-12-31T21:20:11.299+0100] {dag.py:3423} INFO - Setting next_dagrun for tutorial to 2022-12-30T20:20:11.299609+00:00, run_after=2022-12-31T20:20:11.299609+00:00
[2022-12-31T21:20:11.305+0100] {processor.py:175} INFO - Processing /Library/Frameworks/Python.framework/Versions/3.11/lib/python3.11/site-packages/airflow/example_dags/tutorial.py took 0.453 seconds
[2022-12-31T21:21:09.444+0100] {processor.py:153} INFO - Started process (PID=96640) to work on /Library/Frameworks/Python.framework/Versions/3.11/lib/python3.11/site-packages/airflow/example_dags/tutorial.py
[2022-12-31T21:21:09.449+0100] {processor.py:743} INFO - Processing file /Library/Frameworks/Python.framework/Versions/3.11/lib/python3.11/site-packages/airflow/example_dags/tutorial.py for tasks to queue
[2022-12-31T21:21:09.449+0100] {logging_mixin.py:137} INFO - [2022-12-31T21:21:09.449+0100] {dagbag.py:538} INFO - Filling up the DagBag from /Library/Frameworks/Python.framework/Versions/3.11/lib/python3.11/site-packages/airflow/example_dags/tutorial.py
[2022-12-31T21:21:09.461+0100] {processor.py:753} INFO - DAG(s) dict_keys(['tutorial']) retrieved from /Library/Frameworks/Python.framework/Versions/3.11/lib/python3.11/site-packages/airflow/example_dags/tutorial.py
[2022-12-31T21:21:09.888+0100] {logging_mixin.py:137} INFO - [2022-12-31T21:21:09.888+0100] {dag.py:2676} INFO - Sync 1 DAGs
[2022-12-31T21:21:09.894+0100] {logging_mixin.py:137} INFO - [2022-12-31T21:21:09.894+0100] {dag.py:3423} INFO - Setting next_dagrun for tutorial to 2022-12-30T20:21:09.894709+00:00, run_after=2022-12-31T20:21:09.894709+00:00
[2022-12-31T21:21:09.900+0100] {processor.py:175} INFO - Processing /Library/Frameworks/Python.framework/Versions/3.11/lib/python3.11/site-packages/airflow/example_dags/tutorial.py took 0.457 seconds
[2022-12-31T21:22:08.584+0100] {processor.py:153} INFO - Started process (PID=96738) to work on /Library/Frameworks/Python.framework/Versions/3.11/lib/python3.11/site-packages/airflow/example_dags/tutorial.py
[2022-12-31T21:22:08.593+0100] {processor.py:743} INFO - Processing file /Library/Frameworks/Python.framework/Versions/3.11/lib/python3.11/site-packages/airflow/example_dags/tutorial.py for tasks to queue
[2022-12-31T21:22:08.593+0100] {logging_mixin.py:137} INFO - [2022-12-31T21:22:08.593+0100] {dagbag.py:538} INFO - Filling up the DagBag from /Library/Frameworks/Python.framework/Versions/3.11/lib/python3.11/site-packages/airflow/example_dags/tutorial.py
[2022-12-31T21:22:08.607+0100] {processor.py:753} INFO - DAG(s) dict_keys(['tutorial']) retrieved from /Library/Frameworks/Python.framework/Versions/3.11/lib/python3.11/site-packages/airflow/example_dags/tutorial.py
[2022-12-31T21:22:09.168+0100] {logging_mixin.py:137} INFO - [2022-12-31T21:22:09.168+0100] {dag.py:2676} INFO - Sync 1 DAGs
[2022-12-31T21:22:09.176+0100] {logging_mixin.py:137} INFO - [2022-12-31T21:22:09.176+0100] {dag.py:3423} INFO - Setting next_dagrun for tutorial to 2022-12-30T20:22:09.176378+00:00, run_after=2022-12-31T20:22:09.176378+00:00
[2022-12-31T21:22:09.184+0100] {processor.py:175} INFO - Processing /Library/Frameworks/Python.framework/Versions/3.11/lib/python3.11/site-packages/airflow/example_dags/tutorial.py took 0.601 seconds
[2022-12-31T21:23:05.642+0100] {processor.py:153} INFO - Started process (PID=96813) to work on /Library/Frameworks/Python.framework/Versions/3.11/lib/python3.11/site-packages/airflow/example_dags/tutorial.py
[2022-12-31T21:23:05.644+0100] {processor.py:743} INFO - Processing file /Library/Frameworks/Python.framework/Versions/3.11/lib/python3.11/site-packages/airflow/example_dags/tutorial.py for tasks to queue
[2022-12-31T21:23:05.645+0100] {logging_mixin.py:137} INFO - [2022-12-31T21:23:05.644+0100] {dagbag.py:538} INFO - Filling up the DagBag from /Library/Frameworks/Python.framework/Versions/3.11/lib/python3.11/site-packages/airflow/example_dags/tutorial.py
[2022-12-31T21:23:05.656+0100] {processor.py:753} INFO - DAG(s) dict_keys(['tutorial']) retrieved from /Library/Frameworks/Python.framework/Versions/3.11/lib/python3.11/site-packages/airflow/example_dags/tutorial.py
[2022-12-31T21:23:06.062+0100] {logging_mixin.py:137} INFO - [2022-12-31T21:23:06.062+0100] {dag.py:2676} INFO - Sync 1 DAGs
[2022-12-31T21:23:06.069+0100] {logging_mixin.py:137} INFO - [2022-12-31T21:23:06.069+0100] {dag.py:3423} INFO - Setting next_dagrun for tutorial to 2022-12-30T20:23:06.069087+00:00, run_after=2022-12-31T20:23:06.069087+00:00
[2022-12-31T21:23:06.075+0100] {processor.py:175} INFO - Processing /Library/Frameworks/Python.framework/Versions/3.11/lib/python3.11/site-packages/airflow/example_dags/tutorial.py took 0.433 seconds
[2022-12-31T21:24:06.568+0100] {processor.py:153} INFO - Started process (PID=96901) to work on /Library/Frameworks/Python.framework/Versions/3.11/lib/python3.11/site-packages/airflow/example_dags/tutorial.py
[2022-12-31T21:24:06.573+0100] {processor.py:743} INFO - Processing file /Library/Frameworks/Python.framework/Versions/3.11/lib/python3.11/site-packages/airflow/example_dags/tutorial.py for tasks to queue
[2022-12-31T21:24:06.573+0100] {logging_mixin.py:137} INFO - [2022-12-31T21:24:06.573+0100] {dagbag.py:538} INFO - Filling up the DagBag from /Library/Frameworks/Python.framework/Versions/3.11/lib/python3.11/site-packages/airflow/example_dags/tutorial.py
[2022-12-31T21:24:06.585+0100] {processor.py:753} INFO - DAG(s) dict_keys(['tutorial']) retrieved from /Library/Frameworks/Python.framework/Versions/3.11/lib/python3.11/site-packages/airflow/example_dags/tutorial.py
[2022-12-31T21:24:07.006+0100] {logging_mixin.py:137} INFO - [2022-12-31T21:24:07.006+0100] {dag.py:2676} INFO - Sync 1 DAGs
[2022-12-31T21:24:07.011+0100] {logging_mixin.py:137} INFO - [2022-12-31T21:24:07.011+0100] {dag.py:3423} INFO - Setting next_dagrun for tutorial to 2022-12-30T20:24:07.011860+00:00, run_after=2022-12-31T20:24:07.011860+00:00
[2022-12-31T21:24:07.018+0100] {processor.py:175} INFO - Processing /Library/Frameworks/Python.framework/Versions/3.11/lib/python3.11/site-packages/airflow/example_dags/tutorial.py took 0.451 seconds
[2022-12-31T21:25:02.636+0100] {processor.py:153} INFO - Started process (PID=97017) to work on /Library/Frameworks/Python.framework/Versions/3.11/lib/python3.11/site-packages/airflow/example_dags/tutorial.py
[2022-12-31T21:25:02.642+0100] {processor.py:743} INFO - Processing file /Library/Frameworks/Python.framework/Versions/3.11/lib/python3.11/site-packages/airflow/example_dags/tutorial.py for tasks to queue
[2022-12-31T21:25:02.642+0100] {logging_mixin.py:137} INFO - [2022-12-31T21:25:02.642+0100] {dagbag.py:538} INFO - Filling up the DagBag from /Library/Frameworks/Python.framework/Versions/3.11/lib/python3.11/site-packages/airflow/example_dags/tutorial.py
[2022-12-31T21:25:02.654+0100] {processor.py:753} INFO - DAG(s) dict_keys(['tutorial']) retrieved from /Library/Frameworks/Python.framework/Versions/3.11/lib/python3.11/site-packages/airflow/example_dags/tutorial.py
[2022-12-31T21:25:03.143+0100] {logging_mixin.py:137} INFO - [2022-12-31T21:25:03.143+0100] {dag.py:2676} INFO - Sync 1 DAGs
[2022-12-31T21:25:03.150+0100] {logging_mixin.py:137} INFO - [2022-12-31T21:25:03.150+0100] {dag.py:3423} INFO - Setting next_dagrun for tutorial to 2022-12-30T20:25:03.150644+00:00, run_after=2022-12-31T20:25:03.150644+00:00
[2022-12-31T21:25:03.157+0100] {processor.py:175} INFO - Processing /Library/Frameworks/Python.framework/Versions/3.11/lib/python3.11/site-packages/airflow/example_dags/tutorial.py took 0.522 seconds
[2022-12-31T21:25:59.992+0100] {processor.py:153} INFO - Started process (PID=97126) to work on /Library/Frameworks/Python.framework/Versions/3.11/lib/python3.11/site-packages/airflow/example_dags/tutorial.py
[2022-12-31T21:25:59.997+0100] {processor.py:743} INFO - Processing file /Library/Frameworks/Python.framework/Versions/3.11/lib/python3.11/site-packages/airflow/example_dags/tutorial.py for tasks to queue
[2022-12-31T21:25:59.997+0100] {logging_mixin.py:137} INFO - [2022-12-31T21:25:59.997+0100] {dagbag.py:538} INFO - Filling up the DagBag from /Library/Frameworks/Python.framework/Versions/3.11/lib/python3.11/site-packages/airflow/example_dags/tutorial.py
[2022-12-31T21:26:00.009+0100] {processor.py:753} INFO - DAG(s) dict_keys(['tutorial']) retrieved from /Library/Frameworks/Python.framework/Versions/3.11/lib/python3.11/site-packages/airflow/example_dags/tutorial.py
[2022-12-31T21:26:00.478+0100] {logging_mixin.py:137} INFO - [2022-12-31T21:26:00.478+0100] {dag.py:2676} INFO - Sync 1 DAGs
[2022-12-31T21:26:00.485+0100] {logging_mixin.py:137} INFO - [2022-12-31T21:26:00.485+0100] {dag.py:3423} INFO - Setting next_dagrun for tutorial to 2022-12-30T20:26:00.485180+00:00, run_after=2022-12-31T20:26:00.485180+00:00
[2022-12-31T21:26:00.494+0100] {processor.py:175} INFO - Processing /Library/Frameworks/Python.framework/Versions/3.11/lib/python3.11/site-packages/airflow/example_dags/tutorial.py took 0.503 seconds
[2022-12-31T21:26:56.876+0100] {processor.py:153} INFO - Started process (PID=97267) to work on /Library/Frameworks/Python.framework/Versions/3.11/lib/python3.11/site-packages/airflow/example_dags/tutorial.py
[2022-12-31T21:26:56.879+0100] {processor.py:743} INFO - Processing file /Library/Frameworks/Python.framework/Versions/3.11/lib/python3.11/site-packages/airflow/example_dags/tutorial.py for tasks to queue
[2022-12-31T21:26:56.879+0100] {logging_mixin.py:137} INFO - [2022-12-31T21:26:56.879+0100] {dagbag.py:538} INFO - Filling up the DagBag from /Library/Frameworks/Python.framework/Versions/3.11/lib/python3.11/site-packages/airflow/example_dags/tutorial.py
[2022-12-31T21:26:56.892+0100] {processor.py:753} INFO - DAG(s) dict_keys(['tutorial']) retrieved from /Library/Frameworks/Python.framework/Versions/3.11/lib/python3.11/site-packages/airflow/example_dags/tutorial.py
[2022-12-31T21:26:57.678+0100] {logging_mixin.py:137} INFO - [2022-12-31T21:26:57.677+0100] {dag.py:2676} INFO - Sync 1 DAGs
[2022-12-31T21:26:57.688+0100] {logging_mixin.py:137} INFO - [2022-12-31T21:26:57.688+0100] {dag.py:3423} INFO - Setting next_dagrun for tutorial to 2022-12-30T20:26:57.688073+00:00, run_after=2022-12-31T20:26:57.688073+00:00
[2022-12-31T21:26:57.698+0100] {processor.py:175} INFO - Processing /Library/Frameworks/Python.framework/Versions/3.11/lib/python3.11/site-packages/airflow/example_dags/tutorial.py took 0.824 seconds
[2022-12-31T21:27:54.651+0100] {processor.py:153} INFO - Started process (PID=97370) to work on /Library/Frameworks/Python.framework/Versions/3.11/lib/python3.11/site-packages/airflow/example_dags/tutorial.py
[2022-12-31T21:27:54.653+0100] {processor.py:743} INFO - Processing file /Library/Frameworks/Python.framework/Versions/3.11/lib/python3.11/site-packages/airflow/example_dags/tutorial.py for tasks to queue
[2022-12-31T21:27:54.654+0100] {logging_mixin.py:137} INFO - [2022-12-31T21:27:54.653+0100] {dagbag.py:538} INFO - Filling up the DagBag from /Library/Frameworks/Python.framework/Versions/3.11/lib/python3.11/site-packages/airflow/example_dags/tutorial.py
[2022-12-31T21:27:54.666+0100] {processor.py:753} INFO - DAG(s) dict_keys(['tutorial']) retrieved from /Library/Frameworks/Python.framework/Versions/3.11/lib/python3.11/site-packages/airflow/example_dags/tutorial.py
[2022-12-31T21:27:55.089+0100] {logging_mixin.py:137} INFO - [2022-12-31T21:27:55.089+0100] {dag.py:2676} INFO - Sync 1 DAGs
[2022-12-31T21:27:55.096+0100] {logging_mixin.py:137} INFO - [2022-12-31T21:27:55.096+0100] {dag.py:3423} INFO - Setting next_dagrun for tutorial to 2022-12-30T20:27:55.096726+00:00, run_after=2022-12-31T20:27:55.096726+00:00
[2022-12-31T21:27:55.103+0100] {processor.py:175} INFO - Processing /Library/Frameworks/Python.framework/Versions/3.11/lib/python3.11/site-packages/airflow/example_dags/tutorial.py took 0.453 seconds
