[2022-12-31T20:28:51.062+0100] {processor.py:153} INFO - Started process (PID=90128) to work on /Library/Frameworks/Python.framework/Versions/3.11/lib/python3.11/site-packages/airflow/example_dags/tutorial_taskflow_api_virtualenv.py
[2022-12-31T20:28:51.064+0100] {processor.py:743} INFO - Processing file /Library/Frameworks/Python.framework/Versions/3.11/lib/python3.11/site-packages/airflow/example_dags/tutorial_taskflow_api_virtualenv.py for tasks to queue
[2022-12-31T20:28:51.065+0100] {logging_mixin.py:137} INFO - [2022-12-31T20:28:51.065+0100] {dagbag.py:538} INFO - Filling up the DagBag from /Library/Frameworks/Python.framework/Versions/3.11/lib/python3.11/site-packages/airflow/example_dags/tutorial_taskflow_api_virtualenv.py
[2022-12-31T20:28:51.085+0100] {processor.py:753} INFO - DAG(s) dict_keys(['tutorial_taskflow_api_virtualenv']) retrieved from /Library/Frameworks/Python.framework/Versions/3.11/lib/python3.11/site-packages/airflow/example_dags/tutorial_taskflow_api_virtualenv.py
[2022-12-31T20:28:51.522+0100] {logging_mixin.py:137} INFO - [2022-12-31T20:28:51.522+0100] {manager.py:504} INFO - Created Permission View: can delete on DAG:tutorial_taskflow_api_virtualenv
[2022-12-31T20:28:51.524+0100] {logging_mixin.py:137} INFO - [2022-12-31T20:28:51.524+0100] {manager.py:504} INFO - Created Permission View: can edit on DAG:tutorial_taskflow_api_virtualenv
[2022-12-31T20:28:51.526+0100] {logging_mixin.py:137} INFO - [2022-12-31T20:28:51.526+0100] {manager.py:504} INFO - Created Permission View: can read on DAG:tutorial_taskflow_api_virtualenv
[2022-12-31T20:28:51.526+0100] {logging_mixin.py:137} INFO - [2022-12-31T20:28:51.526+0100] {dag.py:2676} INFO - Sync 1 DAGs
[2022-12-31T20:28:51.529+0100] {logging_mixin.py:137} INFO - [2022-12-31T20:28:51.529+0100] {dag.py:2697} INFO - Creating ORM DAG for tutorial_taskflow_api_virtualenv
[2022-12-31T20:28:51.532+0100] {logging_mixin.py:137} INFO - [2022-12-31T20:28:51.532+0100] {dag.py:3423} INFO - Setting next_dagrun for tutorial_taskflow_api_virtualenv to None, run_after=None
[2022-12-31T20:28:51.538+0100] {processor.py:175} INFO - Processing /Library/Frameworks/Python.framework/Versions/3.11/lib/python3.11/site-packages/airflow/example_dags/tutorial_taskflow_api_virtualenv.py took 0.476 seconds
[2022-12-31T20:30:15.890+0100] {processor.py:153} INFO - Started process (PID=90314) to work on /Library/Frameworks/Python.framework/Versions/3.11/lib/python3.11/site-packages/airflow/example_dags/tutorial_taskflow_api_virtualenv.py
[2022-12-31T20:30:15.895+0100] {processor.py:743} INFO - Processing file /Library/Frameworks/Python.framework/Versions/3.11/lib/python3.11/site-packages/airflow/example_dags/tutorial_taskflow_api_virtualenv.py for tasks to queue
[2022-12-31T20:30:15.895+0100] {logging_mixin.py:137} INFO - [2022-12-31T20:30:15.895+0100] {dagbag.py:538} INFO - Filling up the DagBag from /Library/Frameworks/Python.framework/Versions/3.11/lib/python3.11/site-packages/airflow/example_dags/tutorial_taskflow_api_virtualenv.py
[2022-12-31T20:30:15.917+0100] {processor.py:753} INFO - DAG(s) dict_keys(['tutorial_taskflow_api_virtualenv']) retrieved from /Library/Frameworks/Python.framework/Versions/3.11/lib/python3.11/site-packages/airflow/example_dags/tutorial_taskflow_api_virtualenv.py
[2022-12-31T20:30:16.319+0100] {logging_mixin.py:137} INFO - [2022-12-31T20:30:16.319+0100] {dag.py:2676} INFO - Sync 1 DAGs
[2022-12-31T20:30:16.324+0100] {logging_mixin.py:137} INFO - [2022-12-31T20:30:16.324+0100] {dag.py:3423} INFO - Setting next_dagrun for tutorial_taskflow_api_virtualenv to None, run_after=None
[2022-12-31T20:30:16.331+0100] {processor.py:175} INFO - Processing /Library/Frameworks/Python.framework/Versions/3.11/lib/python3.11/site-packages/airflow/example_dags/tutorial_taskflow_api_virtualenv.py took 0.442 seconds
[2022-12-31T20:30:43.178+0100] {processor.py:153} INFO - Started process (PID=90357) to work on /Library/Frameworks/Python.framework/Versions/3.11/lib/python3.11/site-packages/airflow/example_dags/tutorial_taskflow_api_virtualenv.py
[2022-12-31T20:30:43.183+0100] {processor.py:743} INFO - Processing file /Library/Frameworks/Python.framework/Versions/3.11/lib/python3.11/site-packages/airflow/example_dags/tutorial_taskflow_api_virtualenv.py for tasks to queue
[2022-12-31T20:30:43.183+0100] {logging_mixin.py:137} INFO - [2022-12-31T20:30:43.183+0100] {dagbag.py:538} INFO - Filling up the DagBag from /Library/Frameworks/Python.framework/Versions/3.11/lib/python3.11/site-packages/airflow/example_dags/tutorial_taskflow_api_virtualenv.py
[2022-12-31T20:30:43.211+0100] {processor.py:753} INFO - DAG(s) dict_keys(['tutorial_taskflow_api_virtualenv']) retrieved from /Library/Frameworks/Python.framework/Versions/3.11/lib/python3.11/site-packages/airflow/example_dags/tutorial_taskflow_api_virtualenv.py
[2022-12-31T20:30:43.663+0100] {logging_mixin.py:137} INFO - [2022-12-31T20:30:43.663+0100] {dag.py:2676} INFO - Sync 1 DAGs
[2022-12-31T20:30:43.669+0100] {logging_mixin.py:137} INFO - [2022-12-31T20:30:43.669+0100] {dag.py:3423} INFO - Setting next_dagrun for tutorial_taskflow_api_virtualenv to None, run_after=None
[2022-12-31T20:30:43.676+0100] {processor.py:175} INFO - Processing /Library/Frameworks/Python.framework/Versions/3.11/lib/python3.11/site-packages/airflow/example_dags/tutorial_taskflow_api_virtualenv.py took 0.499 seconds
[2022-12-31T20:32:07.206+0100] {processor.py:153} INFO - Started process (PID=90489) to work on /Library/Frameworks/Python.framework/Versions/3.11/lib/python3.11/site-packages/airflow/example_dags/tutorial_taskflow_api_virtualenv.py
[2022-12-31T20:32:07.212+0100] {processor.py:743} INFO - Processing file /Library/Frameworks/Python.framework/Versions/3.11/lib/python3.11/site-packages/airflow/example_dags/tutorial_taskflow_api_virtualenv.py for tasks to queue
[2022-12-31T20:32:07.212+0100] {logging_mixin.py:137} INFO - [2022-12-31T20:32:07.212+0100] {dagbag.py:538} INFO - Filling up the DagBag from /Library/Frameworks/Python.framework/Versions/3.11/lib/python3.11/site-packages/airflow/example_dags/tutorial_taskflow_api_virtualenv.py
[2022-12-31T20:32:07.234+0100] {processor.py:753} INFO - DAG(s) dict_keys(['tutorial_taskflow_api_virtualenv']) retrieved from /Library/Frameworks/Python.framework/Versions/3.11/lib/python3.11/site-packages/airflow/example_dags/tutorial_taskflow_api_virtualenv.py
[2022-12-31T20:32:07.654+0100] {logging_mixin.py:137} INFO - [2022-12-31T20:32:07.654+0100] {dag.py:2676} INFO - Sync 1 DAGs
[2022-12-31T20:32:07.659+0100] {logging_mixin.py:137} INFO - [2022-12-31T20:32:07.659+0100] {dag.py:3423} INFO - Setting next_dagrun for tutorial_taskflow_api_virtualenv to None, run_after=None
[2022-12-31T20:32:07.666+0100] {processor.py:175} INFO - Processing /Library/Frameworks/Python.framework/Versions/3.11/lib/python3.11/site-packages/airflow/example_dags/tutorial_taskflow_api_virtualenv.py took 0.461 seconds
[2022-12-31T20:32:57.911+0100] {processor.py:153} INFO - Started process (PID=90553) to work on /Library/Frameworks/Python.framework/Versions/3.11/lib/python3.11/site-packages/airflow/example_dags/tutorial_taskflow_api_virtualenv.py
[2022-12-31T20:32:57.916+0100] {processor.py:743} INFO - Processing file /Library/Frameworks/Python.framework/Versions/3.11/lib/python3.11/site-packages/airflow/example_dags/tutorial_taskflow_api_virtualenv.py for tasks to queue
[2022-12-31T20:32:57.916+0100] {logging_mixin.py:137} INFO - [2022-12-31T20:32:57.916+0100] {dagbag.py:538} INFO - Filling up the DagBag from /Library/Frameworks/Python.framework/Versions/3.11/lib/python3.11/site-packages/airflow/example_dags/tutorial_taskflow_api_virtualenv.py
[2022-12-31T20:32:57.949+0100] {processor.py:753} INFO - DAG(s) dict_keys(['tutorial_taskflow_api_virtualenv']) retrieved from /Library/Frameworks/Python.framework/Versions/3.11/lib/python3.11/site-packages/airflow/example_dags/tutorial_taskflow_api_virtualenv.py
[2022-12-31T20:32:58.353+0100] {logging_mixin.py:137} INFO - [2022-12-31T20:32:58.353+0100] {dag.py:2676} INFO - Sync 1 DAGs
[2022-12-31T20:32:58.359+0100] {logging_mixin.py:137} INFO - [2022-12-31T20:32:58.359+0100] {dag.py:3423} INFO - Setting next_dagrun for tutorial_taskflow_api_virtualenv to None, run_after=None
[2022-12-31T20:32:58.367+0100] {processor.py:175} INFO - Processing /Library/Frameworks/Python.framework/Versions/3.11/lib/python3.11/site-packages/airflow/example_dags/tutorial_taskflow_api_virtualenv.py took 0.457 seconds
[2022-12-31T20:33:51.505+0100] {processor.py:153} INFO - Started process (PID=90629) to work on /Library/Frameworks/Python.framework/Versions/3.11/lib/python3.11/site-packages/airflow/example_dags/tutorial_taskflow_api_virtualenv.py
[2022-12-31T20:33:51.509+0100] {processor.py:743} INFO - Processing file /Library/Frameworks/Python.framework/Versions/3.11/lib/python3.11/site-packages/airflow/example_dags/tutorial_taskflow_api_virtualenv.py for tasks to queue
[2022-12-31T20:33:51.509+0100] {logging_mixin.py:137} INFO - [2022-12-31T20:33:51.509+0100] {dagbag.py:538} INFO - Filling up the DagBag from /Library/Frameworks/Python.framework/Versions/3.11/lib/python3.11/site-packages/airflow/example_dags/tutorial_taskflow_api_virtualenv.py
[2022-12-31T20:33:51.532+0100] {processor.py:753} INFO - DAG(s) dict_keys(['tutorial_taskflow_api_virtualenv']) retrieved from /Library/Frameworks/Python.framework/Versions/3.11/lib/python3.11/site-packages/airflow/example_dags/tutorial_taskflow_api_virtualenv.py
[2022-12-31T20:33:51.953+0100] {logging_mixin.py:137} INFO - [2022-12-31T20:33:51.953+0100] {dag.py:2676} INFO - Sync 1 DAGs
[2022-12-31T20:33:51.958+0100] {logging_mixin.py:137} INFO - [2022-12-31T20:33:51.958+0100] {dag.py:3423} INFO - Setting next_dagrun for tutorial_taskflow_api_virtualenv to None, run_after=None
[2022-12-31T20:33:51.966+0100] {processor.py:175} INFO - Processing /Library/Frameworks/Python.framework/Versions/3.11/lib/python3.11/site-packages/airflow/example_dags/tutorial_taskflow_api_virtualenv.py took 0.462 seconds
[2022-12-31T20:34:45.487+0100] {processor.py:153} INFO - Started process (PID=90712) to work on /Library/Frameworks/Python.framework/Versions/3.11/lib/python3.11/site-packages/airflow/example_dags/tutorial_taskflow_api_virtualenv.py
[2022-12-31T20:34:45.489+0100] {processor.py:743} INFO - Processing file /Library/Frameworks/Python.framework/Versions/3.11/lib/python3.11/site-packages/airflow/example_dags/tutorial_taskflow_api_virtualenv.py for tasks to queue
[2022-12-31T20:34:45.489+0100] {logging_mixin.py:137} INFO - [2022-12-31T20:34:45.489+0100] {dagbag.py:538} INFO - Filling up the DagBag from /Library/Frameworks/Python.framework/Versions/3.11/lib/python3.11/site-packages/airflow/example_dags/tutorial_taskflow_api_virtualenv.py
[2022-12-31T20:34:45.509+0100] {processor.py:753} INFO - DAG(s) dict_keys(['tutorial_taskflow_api_virtualenv']) retrieved from /Library/Frameworks/Python.framework/Versions/3.11/lib/python3.11/site-packages/airflow/example_dags/tutorial_taskflow_api_virtualenv.py
[2022-12-31T20:34:45.919+0100] {logging_mixin.py:137} INFO - [2022-12-31T20:34:45.918+0100] {dag.py:2676} INFO - Sync 1 DAGs
[2022-12-31T20:34:45.924+0100] {logging_mixin.py:137} INFO - [2022-12-31T20:34:45.924+0100] {dag.py:3423} INFO - Setting next_dagrun for tutorial_taskflow_api_virtualenv to None, run_after=None
[2022-12-31T20:34:45.933+0100] {processor.py:175} INFO - Processing /Library/Frameworks/Python.framework/Versions/3.11/lib/python3.11/site-packages/airflow/example_dags/tutorial_taskflow_api_virtualenv.py took 0.447 seconds
[2022-12-31T20:35:25.890+0100] {processor.py:153} INFO - Started process (PID=90774) to work on /Library/Frameworks/Python.framework/Versions/3.11/lib/python3.11/site-packages/airflow/example_dags/tutorial_taskflow_api_virtualenv.py
[2022-12-31T20:35:25.897+0100] {processor.py:743} INFO - Processing file /Library/Frameworks/Python.framework/Versions/3.11/lib/python3.11/site-packages/airflow/example_dags/tutorial_taskflow_api_virtualenv.py for tasks to queue
[2022-12-31T20:35:25.897+0100] {logging_mixin.py:137} INFO - [2022-12-31T20:35:25.897+0100] {dagbag.py:538} INFO - Filling up the DagBag from /Library/Frameworks/Python.framework/Versions/3.11/lib/python3.11/site-packages/airflow/example_dags/tutorial_taskflow_api_virtualenv.py
[2022-12-31T20:35:25.918+0100] {processor.py:753} INFO - DAG(s) dict_keys(['tutorial_taskflow_api_virtualenv']) retrieved from /Library/Frameworks/Python.framework/Versions/3.11/lib/python3.11/site-packages/airflow/example_dags/tutorial_taskflow_api_virtualenv.py
[2022-12-31T20:35:26.310+0100] {logging_mixin.py:137} INFO - [2022-12-31T20:35:26.310+0100] {dag.py:2676} INFO - Sync 1 DAGs
[2022-12-31T20:35:26.316+0100] {logging_mixin.py:137} INFO - [2022-12-31T20:35:26.316+0100] {dag.py:3423} INFO - Setting next_dagrun for tutorial_taskflow_api_virtualenv to None, run_after=None
[2022-12-31T20:35:26.325+0100] {processor.py:175} INFO - Processing /Library/Frameworks/Python.framework/Versions/3.11/lib/python3.11/site-packages/airflow/example_dags/tutorial_taskflow_api_virtualenv.py took 0.436 seconds
[2022-12-31T20:36:49.535+0100] {processor.py:153} INFO - Started process (PID=90896) to work on /Library/Frameworks/Python.framework/Versions/3.11/lib/python3.11/site-packages/airflow/example_dags/tutorial_taskflow_api_virtualenv.py
[2022-12-31T20:36:49.541+0100] {processor.py:743} INFO - Processing file /Library/Frameworks/Python.framework/Versions/3.11/lib/python3.11/site-packages/airflow/example_dags/tutorial_taskflow_api_virtualenv.py for tasks to queue
[2022-12-31T20:36:49.541+0100] {logging_mixin.py:137} INFO - [2022-12-31T20:36:49.541+0100] {dagbag.py:538} INFO - Filling up the DagBag from /Library/Frameworks/Python.framework/Versions/3.11/lib/python3.11/site-packages/airflow/example_dags/tutorial_taskflow_api_virtualenv.py
[2022-12-31T20:36:49.570+0100] {processor.py:753} INFO - DAG(s) dict_keys(['tutorial_taskflow_api_virtualenv']) retrieved from /Library/Frameworks/Python.framework/Versions/3.11/lib/python3.11/site-packages/airflow/example_dags/tutorial_taskflow_api_virtualenv.py
[2022-12-31T20:36:49.989+0100] {logging_mixin.py:137} INFO - [2022-12-31T20:36:49.988+0100] {dag.py:2676} INFO - Sync 1 DAGs
[2022-12-31T20:36:49.995+0100] {logging_mixin.py:137} INFO - [2022-12-31T20:36:49.995+0100] {dag.py:3423} INFO - Setting next_dagrun for tutorial_taskflow_api_virtualenv to None, run_after=None
[2022-12-31T20:36:50.002+0100] {processor.py:175} INFO - Processing /Library/Frameworks/Python.framework/Versions/3.11/lib/python3.11/site-packages/airflow/example_dags/tutorial_taskflow_api_virtualenv.py took 0.468 seconds
[2022-12-31T20:37:40.821+0100] {processor.py:153} INFO - Started process (PID=90963) to work on /Library/Frameworks/Python.framework/Versions/3.11/lib/python3.11/site-packages/airflow/example_dags/tutorial_taskflow_api_virtualenv.py
[2022-12-31T20:37:40.826+0100] {processor.py:743} INFO - Processing file /Library/Frameworks/Python.framework/Versions/3.11/lib/python3.11/site-packages/airflow/example_dags/tutorial_taskflow_api_virtualenv.py for tasks to queue
[2022-12-31T20:37:40.826+0100] {logging_mixin.py:137} INFO - [2022-12-31T20:37:40.826+0100] {dagbag.py:538} INFO - Filling up the DagBag from /Library/Frameworks/Python.framework/Versions/3.11/lib/python3.11/site-packages/airflow/example_dags/tutorial_taskflow_api_virtualenv.py
[2022-12-31T20:37:40.845+0100] {processor.py:753} INFO - DAG(s) dict_keys(['tutorial_taskflow_api_virtualenv']) retrieved from /Library/Frameworks/Python.framework/Versions/3.11/lib/python3.11/site-packages/airflow/example_dags/tutorial_taskflow_api_virtualenv.py
[2022-12-31T20:37:41.253+0100] {logging_mixin.py:137} INFO - [2022-12-31T20:37:41.253+0100] {dag.py:2676} INFO - Sync 1 DAGs
[2022-12-31T20:37:41.259+0100] {logging_mixin.py:137} INFO - [2022-12-31T20:37:41.259+0100] {dag.py:3423} INFO - Setting next_dagrun for tutorial_taskflow_api_virtualenv to None, run_after=None
[2022-12-31T20:37:41.266+0100] {processor.py:175} INFO - Processing /Library/Frameworks/Python.framework/Versions/3.11/lib/python3.11/site-packages/airflow/example_dags/tutorial_taskflow_api_virtualenv.py took 0.445 seconds
[2022-12-31T20:38:30.773+0100] {processor.py:153} INFO - Started process (PID=91029) to work on /Library/Frameworks/Python.framework/Versions/3.11/lib/python3.11/site-packages/airflow/example_dags/tutorial_taskflow_api_virtualenv.py
[2022-12-31T20:38:30.778+0100] {processor.py:743} INFO - Processing file /Library/Frameworks/Python.framework/Versions/3.11/lib/python3.11/site-packages/airflow/example_dags/tutorial_taskflow_api_virtualenv.py for tasks to queue
[2022-12-31T20:38:30.779+0100] {logging_mixin.py:137} INFO - [2022-12-31T20:38:30.779+0100] {dagbag.py:538} INFO - Filling up the DagBag from /Library/Frameworks/Python.framework/Versions/3.11/lib/python3.11/site-packages/airflow/example_dags/tutorial_taskflow_api_virtualenv.py
[2022-12-31T20:38:30.799+0100] {processor.py:753} INFO - DAG(s) dict_keys(['tutorial_taskflow_api_virtualenv']) retrieved from /Library/Frameworks/Python.framework/Versions/3.11/lib/python3.11/site-packages/airflow/example_dags/tutorial_taskflow_api_virtualenv.py
[2022-12-31T20:38:31.208+0100] {logging_mixin.py:137} INFO - [2022-12-31T20:38:31.208+0100] {dag.py:2676} INFO - Sync 1 DAGs
[2022-12-31T20:38:31.214+0100] {logging_mixin.py:137} INFO - [2022-12-31T20:38:31.214+0100] {dag.py:3423} INFO - Setting next_dagrun for tutorial_taskflow_api_virtualenv to None, run_after=None
[2022-12-31T20:38:31.221+0100] {processor.py:175} INFO - Processing /Library/Frameworks/Python.framework/Versions/3.11/lib/python3.11/site-packages/airflow/example_dags/tutorial_taskflow_api_virtualenv.py took 0.449 seconds
[2022-12-31T20:39:22.527+0100] {processor.py:153} INFO - Started process (PID=91136) to work on /Library/Frameworks/Python.framework/Versions/3.11/lib/python3.11/site-packages/airflow/example_dags/tutorial_taskflow_api_virtualenv.py
[2022-12-31T20:39:22.533+0100] {processor.py:743} INFO - Processing file /Library/Frameworks/Python.framework/Versions/3.11/lib/python3.11/site-packages/airflow/example_dags/tutorial_taskflow_api_virtualenv.py for tasks to queue
[2022-12-31T20:39:22.533+0100] {logging_mixin.py:137} INFO - [2022-12-31T20:39:22.533+0100] {dagbag.py:538} INFO - Filling up the DagBag from /Library/Frameworks/Python.framework/Versions/3.11/lib/python3.11/site-packages/airflow/example_dags/tutorial_taskflow_api_virtualenv.py
[2022-12-31T20:39:22.553+0100] {processor.py:753} INFO - DAG(s) dict_keys(['tutorial_taskflow_api_virtualenv']) retrieved from /Library/Frameworks/Python.framework/Versions/3.11/lib/python3.11/site-packages/airflow/example_dags/tutorial_taskflow_api_virtualenv.py
[2022-12-31T20:39:22.950+0100] {logging_mixin.py:137} INFO - [2022-12-31T20:39:22.950+0100] {dag.py:2676} INFO - Sync 1 DAGs
[2022-12-31T20:39:22.955+0100] {logging_mixin.py:137} INFO - [2022-12-31T20:39:22.955+0100] {dag.py:3423} INFO - Setting next_dagrun for tutorial_taskflow_api_virtualenv to None, run_after=None
[2022-12-31T20:39:22.962+0100] {processor.py:175} INFO - Processing /Library/Frameworks/Python.framework/Versions/3.11/lib/python3.11/site-packages/airflow/example_dags/tutorial_taskflow_api_virtualenv.py took 0.440 seconds
[2022-12-31T20:40:16.028+0100] {processor.py:153} INFO - Started process (PID=91226) to work on /Library/Frameworks/Python.framework/Versions/3.11/lib/python3.11/site-packages/airflow/example_dags/tutorial_taskflow_api_virtualenv.py
[2022-12-31T20:40:16.032+0100] {processor.py:743} INFO - Processing file /Library/Frameworks/Python.framework/Versions/3.11/lib/python3.11/site-packages/airflow/example_dags/tutorial_taskflow_api_virtualenv.py for tasks to queue
[2022-12-31T20:40:16.032+0100] {logging_mixin.py:137} INFO - [2022-12-31T20:40:16.032+0100] {dagbag.py:538} INFO - Filling up the DagBag from /Library/Frameworks/Python.framework/Versions/3.11/lib/python3.11/site-packages/airflow/example_dags/tutorial_taskflow_api_virtualenv.py
[2022-12-31T20:40:16.054+0100] {processor.py:753} INFO - DAG(s) dict_keys(['tutorial_taskflow_api_virtualenv']) retrieved from /Library/Frameworks/Python.framework/Versions/3.11/lib/python3.11/site-packages/airflow/example_dags/tutorial_taskflow_api_virtualenv.py
[2022-12-31T20:40:16.473+0100] {logging_mixin.py:137} INFO - [2022-12-31T20:40:16.473+0100] {dag.py:2676} INFO - Sync 1 DAGs
[2022-12-31T20:40:16.478+0100] {logging_mixin.py:137} INFO - [2022-12-31T20:40:16.478+0100] {dag.py:3423} INFO - Setting next_dagrun for tutorial_taskflow_api_virtualenv to None, run_after=None
[2022-12-31T20:40:16.485+0100] {processor.py:175} INFO - Processing /Library/Frameworks/Python.framework/Versions/3.11/lib/python3.11/site-packages/airflow/example_dags/tutorial_taskflow_api_virtualenv.py took 0.457 seconds
[2022-12-31T20:41:09.424+0100] {processor.py:153} INFO - Started process (PID=91301) to work on /Library/Frameworks/Python.framework/Versions/3.11/lib/python3.11/site-packages/airflow/example_dags/tutorial_taskflow_api_virtualenv.py
[2022-12-31T20:41:09.429+0100] {processor.py:743} INFO - Processing file /Library/Frameworks/Python.framework/Versions/3.11/lib/python3.11/site-packages/airflow/example_dags/tutorial_taskflow_api_virtualenv.py for tasks to queue
[2022-12-31T20:41:09.429+0100] {logging_mixin.py:137} INFO - [2022-12-31T20:41:09.429+0100] {dagbag.py:538} INFO - Filling up the DagBag from /Library/Frameworks/Python.framework/Versions/3.11/lib/python3.11/site-packages/airflow/example_dags/tutorial_taskflow_api_virtualenv.py
[2022-12-31T20:41:09.449+0100] {processor.py:753} INFO - DAG(s) dict_keys(['tutorial_taskflow_api_virtualenv']) retrieved from /Library/Frameworks/Python.framework/Versions/3.11/lib/python3.11/site-packages/airflow/example_dags/tutorial_taskflow_api_virtualenv.py
[2022-12-31T20:41:09.859+0100] {logging_mixin.py:137} INFO - [2022-12-31T20:41:09.859+0100] {dag.py:2676} INFO - Sync 1 DAGs
[2022-12-31T20:41:09.864+0100] {logging_mixin.py:137} INFO - [2022-12-31T20:41:09.864+0100] {dag.py:3423} INFO - Setting next_dagrun for tutorial_taskflow_api_virtualenv to None, run_after=None
[2022-12-31T20:41:09.872+0100] {processor.py:175} INFO - Processing /Library/Frameworks/Python.framework/Versions/3.11/lib/python3.11/site-packages/airflow/example_dags/tutorial_taskflow_api_virtualenv.py took 0.448 seconds
[2022-12-31T20:42:04.030+0100] {processor.py:153} INFO - Started process (PID=91372) to work on /Library/Frameworks/Python.framework/Versions/3.11/lib/python3.11/site-packages/airflow/example_dags/tutorial_taskflow_api_virtualenv.py
[2022-12-31T20:42:04.035+0100] {processor.py:743} INFO - Processing file /Library/Frameworks/Python.framework/Versions/3.11/lib/python3.11/site-packages/airflow/example_dags/tutorial_taskflow_api_virtualenv.py for tasks to queue
[2022-12-31T20:42:04.035+0100] {logging_mixin.py:137} INFO - [2022-12-31T20:42:04.035+0100] {dagbag.py:538} INFO - Filling up the DagBag from /Library/Frameworks/Python.framework/Versions/3.11/lib/python3.11/site-packages/airflow/example_dags/tutorial_taskflow_api_virtualenv.py
[2022-12-31T20:42:04.055+0100] {processor.py:753} INFO - DAG(s) dict_keys(['tutorial_taskflow_api_virtualenv']) retrieved from /Library/Frameworks/Python.framework/Versions/3.11/lib/python3.11/site-packages/airflow/example_dags/tutorial_taskflow_api_virtualenv.py
[2022-12-31T20:42:04.457+0100] {logging_mixin.py:137} INFO - [2022-12-31T20:42:04.457+0100] {dag.py:2676} INFO - Sync 1 DAGs
[2022-12-31T20:42:04.462+0100] {logging_mixin.py:137} INFO - [2022-12-31T20:42:04.462+0100] {dag.py:3423} INFO - Setting next_dagrun for tutorial_taskflow_api_virtualenv to None, run_after=None
[2022-12-31T20:42:04.469+0100] {processor.py:175} INFO - Processing /Library/Frameworks/Python.framework/Versions/3.11/lib/python3.11/site-packages/airflow/example_dags/tutorial_taskflow_api_virtualenv.py took 0.439 seconds
[2022-12-31T20:42:57.088+0100] {processor.py:153} INFO - Started process (PID=91489) to work on /Library/Frameworks/Python.framework/Versions/3.11/lib/python3.11/site-packages/airflow/example_dags/tutorial_taskflow_api_virtualenv.py
[2022-12-31T20:42:57.093+0100] {processor.py:743} INFO - Processing file /Library/Frameworks/Python.framework/Versions/3.11/lib/python3.11/site-packages/airflow/example_dags/tutorial_taskflow_api_virtualenv.py for tasks to queue
[2022-12-31T20:42:57.093+0100] {logging_mixin.py:137} INFO - [2022-12-31T20:42:57.093+0100] {dagbag.py:538} INFO - Filling up the DagBag from /Library/Frameworks/Python.framework/Versions/3.11/lib/python3.11/site-packages/airflow/example_dags/tutorial_taskflow_api_virtualenv.py
[2022-12-31T20:42:57.112+0100] {processor.py:753} INFO - DAG(s) dict_keys(['tutorial_taskflow_api_virtualenv']) retrieved from /Library/Frameworks/Python.framework/Versions/3.11/lib/python3.11/site-packages/airflow/example_dags/tutorial_taskflow_api_virtualenv.py
[2022-12-31T20:42:57.524+0100] {logging_mixin.py:137} INFO - [2022-12-31T20:42:57.524+0100] {dag.py:2676} INFO - Sync 1 DAGs
[2022-12-31T20:42:57.529+0100] {logging_mixin.py:137} INFO - [2022-12-31T20:42:57.529+0100] {dag.py:3423} INFO - Setting next_dagrun for tutorial_taskflow_api_virtualenv to None, run_after=None
[2022-12-31T20:42:57.536+0100] {processor.py:175} INFO - Processing /Library/Frameworks/Python.framework/Versions/3.11/lib/python3.11/site-packages/airflow/example_dags/tutorial_taskflow_api_virtualenv.py took 0.449 seconds
[2022-12-31T20:44:11.764+0100] {processor.py:153} INFO - Started process (PID=91652) to work on /Library/Frameworks/Python.framework/Versions/3.11/lib/python3.11/site-packages/airflow/example_dags/tutorial_taskflow_api_virtualenv.py
[2022-12-31T20:44:11.769+0100] {processor.py:743} INFO - Processing file /Library/Frameworks/Python.framework/Versions/3.11/lib/python3.11/site-packages/airflow/example_dags/tutorial_taskflow_api_virtualenv.py for tasks to queue
[2022-12-31T20:44:11.769+0100] {logging_mixin.py:137} INFO - [2022-12-31T20:44:11.769+0100] {dagbag.py:538} INFO - Filling up the DagBag from /Library/Frameworks/Python.framework/Versions/3.11/lib/python3.11/site-packages/airflow/example_dags/tutorial_taskflow_api_virtualenv.py
[2022-12-31T20:44:11.791+0100] {processor.py:753} INFO - DAG(s) dict_keys(['tutorial_taskflow_api_virtualenv']) retrieved from /Library/Frameworks/Python.framework/Versions/3.11/lib/python3.11/site-packages/airflow/example_dags/tutorial_taskflow_api_virtualenv.py
[2022-12-31T20:44:12.187+0100] {logging_mixin.py:137} INFO - [2022-12-31T20:44:12.187+0100] {dag.py:2676} INFO - Sync 1 DAGs
[2022-12-31T20:44:12.192+0100] {logging_mixin.py:137} INFO - [2022-12-31T20:44:12.192+0100] {dag.py:3423} INFO - Setting next_dagrun for tutorial_taskflow_api_virtualenv to None, run_after=None
[2022-12-31T20:44:12.198+0100] {processor.py:175} INFO - Processing /Library/Frameworks/Python.framework/Versions/3.11/lib/python3.11/site-packages/airflow/example_dags/tutorial_taskflow_api_virtualenv.py took 0.435 seconds
[2022-12-31T20:46:19.365+0100] {processor.py:153} INFO - Started process (PID=91875) to work on /Library/Frameworks/Python.framework/Versions/3.11/lib/python3.11/site-packages/airflow/example_dags/tutorial_taskflow_api_virtualenv.py
[2022-12-31T20:46:19.369+0100] {processor.py:743} INFO - Processing file /Library/Frameworks/Python.framework/Versions/3.11/lib/python3.11/site-packages/airflow/example_dags/tutorial_taskflow_api_virtualenv.py for tasks to queue
[2022-12-31T20:46:19.369+0100] {logging_mixin.py:137} INFO - [2022-12-31T20:46:19.369+0100] {dagbag.py:538} INFO - Filling up the DagBag from /Library/Frameworks/Python.framework/Versions/3.11/lib/python3.11/site-packages/airflow/example_dags/tutorial_taskflow_api_virtualenv.py
[2022-12-31T20:46:19.391+0100] {processor.py:753} INFO - DAG(s) dict_keys(['tutorial_taskflow_api_virtualenv']) retrieved from /Library/Frameworks/Python.framework/Versions/3.11/lib/python3.11/site-packages/airflow/example_dags/tutorial_taskflow_api_virtualenv.py
[2022-12-31T20:46:19.824+0100] {logging_mixin.py:137} INFO - [2022-12-31T20:46:19.824+0100] {dag.py:2676} INFO - Sync 1 DAGs
[2022-12-31T20:46:19.829+0100] {logging_mixin.py:137} INFO - [2022-12-31T20:46:19.829+0100] {dag.py:3423} INFO - Setting next_dagrun for tutorial_taskflow_api_virtualenv to None, run_after=None
[2022-12-31T20:46:19.835+0100] {processor.py:175} INFO - Processing /Library/Frameworks/Python.framework/Versions/3.11/lib/python3.11/site-packages/airflow/example_dags/tutorial_taskflow_api_virtualenv.py took 0.471 seconds
[2022-12-31T20:48:20.046+0100] {processor.py:153} INFO - Started process (PID=92108) to work on /Library/Frameworks/Python.framework/Versions/3.11/lib/python3.11/site-packages/airflow/example_dags/tutorial_taskflow_api_virtualenv.py
[2022-12-31T20:48:20.051+0100] {processor.py:743} INFO - Processing file /Library/Frameworks/Python.framework/Versions/3.11/lib/python3.11/site-packages/airflow/example_dags/tutorial_taskflow_api_virtualenv.py for tasks to queue
[2022-12-31T20:48:20.051+0100] {logging_mixin.py:137} INFO - [2022-12-31T20:48:20.051+0100] {dagbag.py:538} INFO - Filling up the DagBag from /Library/Frameworks/Python.framework/Versions/3.11/lib/python3.11/site-packages/airflow/example_dags/tutorial_taskflow_api_virtualenv.py
[2022-12-31T20:48:20.073+0100] {processor.py:753} INFO - DAG(s) dict_keys(['tutorial_taskflow_api_virtualenv']) retrieved from /Library/Frameworks/Python.framework/Versions/3.11/lib/python3.11/site-packages/airflow/example_dags/tutorial_taskflow_api_virtualenv.py
[2022-12-31T20:48:20.500+0100] {logging_mixin.py:137} INFO - [2022-12-31T20:48:20.500+0100] {dag.py:2676} INFO - Sync 1 DAGs
[2022-12-31T20:48:20.505+0100] {logging_mixin.py:137} INFO - [2022-12-31T20:48:20.505+0100] {dag.py:3423} INFO - Setting next_dagrun for tutorial_taskflow_api_virtualenv to None, run_after=None
[2022-12-31T20:48:20.511+0100] {processor.py:175} INFO - Processing /Library/Frameworks/Python.framework/Versions/3.11/lib/python3.11/site-packages/airflow/example_dags/tutorial_taskflow_api_virtualenv.py took 0.466 seconds
[2022-12-31T20:50:20.064+0100] {processor.py:153} INFO - Started process (PID=92355) to work on /Library/Frameworks/Python.framework/Versions/3.11/lib/python3.11/site-packages/airflow/example_dags/tutorial_taskflow_api_virtualenv.py
[2022-12-31T20:50:20.069+0100] {processor.py:743} INFO - Processing file /Library/Frameworks/Python.framework/Versions/3.11/lib/python3.11/site-packages/airflow/example_dags/tutorial_taskflow_api_virtualenv.py for tasks to queue
[2022-12-31T20:50:20.069+0100] {logging_mixin.py:137} INFO - [2022-12-31T20:50:20.069+0100] {dagbag.py:538} INFO - Filling up the DagBag from /Library/Frameworks/Python.framework/Versions/3.11/lib/python3.11/site-packages/airflow/example_dags/tutorial_taskflow_api_virtualenv.py
[2022-12-31T20:50:20.097+0100] {processor.py:753} INFO - DAG(s) dict_keys(['tutorial_taskflow_api_virtualenv']) retrieved from /Library/Frameworks/Python.framework/Versions/3.11/lib/python3.11/site-packages/airflow/example_dags/tutorial_taskflow_api_virtualenv.py
[2022-12-31T20:50:20.601+0100] {logging_mixin.py:137} INFO - [2022-12-31T20:50:20.600+0100] {dag.py:2676} INFO - Sync 1 DAGs
[2022-12-31T20:50:20.609+0100] {logging_mixin.py:137} INFO - [2022-12-31T20:50:20.609+0100] {dag.py:3423} INFO - Setting next_dagrun for tutorial_taskflow_api_virtualenv to None, run_after=None
[2022-12-31T20:50:20.617+0100] {processor.py:175} INFO - Processing /Library/Frameworks/Python.framework/Versions/3.11/lib/python3.11/site-packages/airflow/example_dags/tutorial_taskflow_api_virtualenv.py took 0.554 seconds
[2022-12-31T20:52:48.864+0100] {processor.py:153} INFO - Started process (PID=92733) to work on /Library/Frameworks/Python.framework/Versions/3.11/lib/python3.11/site-packages/airflow/example_dags/tutorial_taskflow_api_virtualenv.py
[2022-12-31T20:52:48.869+0100] {processor.py:743} INFO - Processing file /Library/Frameworks/Python.framework/Versions/3.11/lib/python3.11/site-packages/airflow/example_dags/tutorial_taskflow_api_virtualenv.py for tasks to queue
[2022-12-31T20:52:48.869+0100] {logging_mixin.py:137} INFO - [2022-12-31T20:52:48.869+0100] {dagbag.py:538} INFO - Filling up the DagBag from /Library/Frameworks/Python.framework/Versions/3.11/lib/python3.11/site-packages/airflow/example_dags/tutorial_taskflow_api_virtualenv.py
[2022-12-31T20:52:48.917+0100] {processor.py:753} INFO - DAG(s) dict_keys(['tutorial_taskflow_api_virtualenv']) retrieved from /Library/Frameworks/Python.framework/Versions/3.11/lib/python3.11/site-packages/airflow/example_dags/tutorial_taskflow_api_virtualenv.py
[2022-12-31T20:52:49.323+0100] {logging_mixin.py:137} INFO - [2022-12-31T20:52:49.322+0100] {dag.py:2676} INFO - Sync 1 DAGs
[2022-12-31T20:52:49.328+0100] {logging_mixin.py:137} INFO - [2022-12-31T20:52:49.328+0100] {dag.py:3423} INFO - Setting next_dagrun for tutorial_taskflow_api_virtualenv to None, run_after=None
[2022-12-31T20:52:49.334+0100] {processor.py:175} INFO - Processing /Library/Frameworks/Python.framework/Versions/3.11/lib/python3.11/site-packages/airflow/example_dags/tutorial_taskflow_api_virtualenv.py took 0.471 seconds
[2022-12-31T20:54:56.274+0100] {processor.py:153} INFO - Started process (PID=93106) to work on /Library/Frameworks/Python.framework/Versions/3.11/lib/python3.11/site-packages/airflow/example_dags/tutorial_taskflow_api_virtualenv.py
[2022-12-31T20:54:56.276+0100] {processor.py:743} INFO - Processing file /Library/Frameworks/Python.framework/Versions/3.11/lib/python3.11/site-packages/airflow/example_dags/tutorial_taskflow_api_virtualenv.py for tasks to queue
[2022-12-31T20:54:56.276+0100] {logging_mixin.py:137} INFO - [2022-12-31T20:54:56.276+0100] {dagbag.py:538} INFO - Filling up the DagBag from /Library/Frameworks/Python.framework/Versions/3.11/lib/python3.11/site-packages/airflow/example_dags/tutorial_taskflow_api_virtualenv.py
[2022-12-31T20:54:56.303+0100] {processor.py:753} INFO - DAG(s) dict_keys(['tutorial_taskflow_api_virtualenv']) retrieved from /Library/Frameworks/Python.framework/Versions/3.11/lib/python3.11/site-packages/airflow/example_dags/tutorial_taskflow_api_virtualenv.py
[2022-12-31T20:54:57.286+0100] {logging_mixin.py:137} INFO - [2022-12-31T20:54:57.286+0100] {dag.py:2676} INFO - Sync 1 DAGs
[2022-12-31T20:54:57.301+0100] {logging_mixin.py:137} INFO - [2022-12-31T20:54:57.301+0100] {dag.py:3423} INFO - Setting next_dagrun for tutorial_taskflow_api_virtualenv to None, run_after=None
[2022-12-31T20:54:57.318+0100] {processor.py:175} INFO - Processing /Library/Frameworks/Python.framework/Versions/3.11/lib/python3.11/site-packages/airflow/example_dags/tutorial_taskflow_api_virtualenv.py took 1.045 seconds
[2022-12-31T20:56:09.784+0100] {processor.py:153} INFO - Started process (PID=93243) to work on /Library/Frameworks/Python.framework/Versions/3.11/lib/python3.11/site-packages/airflow/example_dags/tutorial_taskflow_api_virtualenv.py
[2022-12-31T20:56:09.787+0100] {processor.py:743} INFO - Processing file /Library/Frameworks/Python.framework/Versions/3.11/lib/python3.11/site-packages/airflow/example_dags/tutorial_taskflow_api_virtualenv.py for tasks to queue
[2022-12-31T20:56:09.787+0100] {logging_mixin.py:137} INFO - [2022-12-31T20:56:09.787+0100] {dagbag.py:538} INFO - Filling up the DagBag from /Library/Frameworks/Python.framework/Versions/3.11/lib/python3.11/site-packages/airflow/example_dags/tutorial_taskflow_api_virtualenv.py
[2022-12-31T20:56:09.820+0100] {processor.py:753} INFO - DAG(s) dict_keys(['tutorial_taskflow_api_virtualenv']) retrieved from /Library/Frameworks/Python.framework/Versions/3.11/lib/python3.11/site-packages/airflow/example_dags/tutorial_taskflow_api_virtualenv.py
[2022-12-31T20:56:10.313+0100] {logging_mixin.py:137} INFO - [2022-12-31T20:56:10.313+0100] {dag.py:2676} INFO - Sync 1 DAGs
[2022-12-31T20:56:10.320+0100] {logging_mixin.py:137} INFO - [2022-12-31T20:56:10.319+0100] {dag.py:3423} INFO - Setting next_dagrun for tutorial_taskflow_api_virtualenv to None, run_after=None
[2022-12-31T20:56:10.326+0100] {processor.py:175} INFO - Processing /Library/Frameworks/Python.framework/Versions/3.11/lib/python3.11/site-packages/airflow/example_dags/tutorial_taskflow_api_virtualenv.py took 0.543 seconds
[2022-12-31T20:57:13.086+0100] {processor.py:153} INFO - Started process (PID=93379) to work on /Library/Frameworks/Python.framework/Versions/3.11/lib/python3.11/site-packages/airflow/example_dags/tutorial_taskflow_api_virtualenv.py
[2022-12-31T20:57:13.090+0100] {processor.py:743} INFO - Processing file /Library/Frameworks/Python.framework/Versions/3.11/lib/python3.11/site-packages/airflow/example_dags/tutorial_taskflow_api_virtualenv.py for tasks to queue
[2022-12-31T20:57:13.091+0100] {logging_mixin.py:137} INFO - [2022-12-31T20:57:13.091+0100] {dagbag.py:538} INFO - Filling up the DagBag from /Library/Frameworks/Python.framework/Versions/3.11/lib/python3.11/site-packages/airflow/example_dags/tutorial_taskflow_api_virtualenv.py
[2022-12-31T20:57:13.127+0100] {processor.py:753} INFO - DAG(s) dict_keys(['tutorial_taskflow_api_virtualenv']) retrieved from /Library/Frameworks/Python.framework/Versions/3.11/lib/python3.11/site-packages/airflow/example_dags/tutorial_taskflow_api_virtualenv.py
[2022-12-31T20:57:13.676+0100] {logging_mixin.py:137} INFO - [2022-12-31T20:57:13.676+0100] {dag.py:2676} INFO - Sync 1 DAGs
[2022-12-31T20:57:13.684+0100] {logging_mixin.py:137} INFO - [2022-12-31T20:57:13.684+0100] {dag.py:3423} INFO - Setting next_dagrun for tutorial_taskflow_api_virtualenv to None, run_after=None
[2022-12-31T20:57:13.692+0100] {processor.py:175} INFO - Processing /Library/Frameworks/Python.framework/Versions/3.11/lib/python3.11/site-packages/airflow/example_dags/tutorial_taskflow_api_virtualenv.py took 0.606 seconds
[2022-12-31T20:58:12.836+0100] {processor.py:153} INFO - Started process (PID=93498) to work on /Library/Frameworks/Python.framework/Versions/3.11/lib/python3.11/site-packages/airflow/example_dags/tutorial_taskflow_api_virtualenv.py
[2022-12-31T20:58:12.838+0100] {processor.py:743} INFO - Processing file /Library/Frameworks/Python.framework/Versions/3.11/lib/python3.11/site-packages/airflow/example_dags/tutorial_taskflow_api_virtualenv.py for tasks to queue
[2022-12-31T20:58:12.838+0100] {logging_mixin.py:137} INFO - [2022-12-31T20:58:12.838+0100] {dagbag.py:538} INFO - Filling up the DagBag from /Library/Frameworks/Python.framework/Versions/3.11/lib/python3.11/site-packages/airflow/example_dags/tutorial_taskflow_api_virtualenv.py
[2022-12-31T20:58:12.861+0100] {processor.py:753} INFO - DAG(s) dict_keys(['tutorial_taskflow_api_virtualenv']) retrieved from /Library/Frameworks/Python.framework/Versions/3.11/lib/python3.11/site-packages/airflow/example_dags/tutorial_taskflow_api_virtualenv.py
[2022-12-31T20:58:13.283+0100] {logging_mixin.py:137} INFO - [2022-12-31T20:58:13.283+0100] {dag.py:2676} INFO - Sync 1 DAGs
[2022-12-31T20:58:13.289+0100] {logging_mixin.py:137} INFO - [2022-12-31T20:58:13.289+0100] {dag.py:3423} INFO - Setting next_dagrun for tutorial_taskflow_api_virtualenv to None, run_after=None
[2022-12-31T20:58:13.295+0100] {processor.py:175} INFO - Processing /Library/Frameworks/Python.framework/Versions/3.11/lib/python3.11/site-packages/airflow/example_dags/tutorial_taskflow_api_virtualenv.py took 0.460 seconds
[2022-12-31T20:59:14.863+0100] {processor.py:153} INFO - Started process (PID=93648) to work on /Library/Frameworks/Python.framework/Versions/3.11/lib/python3.11/site-packages/airflow/example_dags/tutorial_taskflow_api_virtualenv.py
[2022-12-31T20:59:14.868+0100] {processor.py:743} INFO - Processing file /Library/Frameworks/Python.framework/Versions/3.11/lib/python3.11/site-packages/airflow/example_dags/tutorial_taskflow_api_virtualenv.py for tasks to queue
[2022-12-31T20:59:14.869+0100] {logging_mixin.py:137} INFO - [2022-12-31T20:59:14.869+0100] {dagbag.py:538} INFO - Filling up the DagBag from /Library/Frameworks/Python.framework/Versions/3.11/lib/python3.11/site-packages/airflow/example_dags/tutorial_taskflow_api_virtualenv.py
[2022-12-31T20:59:14.908+0100] {processor.py:753} INFO - DAG(s) dict_keys(['tutorial_taskflow_api_virtualenv']) retrieved from /Library/Frameworks/Python.framework/Versions/3.11/lib/python3.11/site-packages/airflow/example_dags/tutorial_taskflow_api_virtualenv.py
[2022-12-31T20:59:15.407+0100] {logging_mixin.py:137} INFO - [2022-12-31T20:59:15.407+0100] {dag.py:2676} INFO - Sync 1 DAGs
[2022-12-31T20:59:15.413+0100] {logging_mixin.py:137} INFO - [2022-12-31T20:59:15.413+0100] {dag.py:3423} INFO - Setting next_dagrun for tutorial_taskflow_api_virtualenv to None, run_after=None
[2022-12-31T20:59:15.420+0100] {processor.py:175} INFO - Processing /Library/Frameworks/Python.framework/Versions/3.11/lib/python3.11/site-packages/airflow/example_dags/tutorial_taskflow_api_virtualenv.py took 0.558 seconds
[2022-12-31T21:00:16.296+0100] {processor.py:153} INFO - Started process (PID=93735) to work on /Library/Frameworks/Python.framework/Versions/3.11/lib/python3.11/site-packages/airflow/example_dags/tutorial_taskflow_api_virtualenv.py
[2022-12-31T21:00:16.302+0100] {processor.py:743} INFO - Processing file /Library/Frameworks/Python.framework/Versions/3.11/lib/python3.11/site-packages/airflow/example_dags/tutorial_taskflow_api_virtualenv.py for tasks to queue
[2022-12-31T21:00:16.302+0100] {logging_mixin.py:137} INFO - [2022-12-31T21:00:16.302+0100] {dagbag.py:538} INFO - Filling up the DagBag from /Library/Frameworks/Python.framework/Versions/3.11/lib/python3.11/site-packages/airflow/example_dags/tutorial_taskflow_api_virtualenv.py
[2022-12-31T21:00:16.325+0100] {processor.py:753} INFO - DAG(s) dict_keys(['tutorial_taskflow_api_virtualenv']) retrieved from /Library/Frameworks/Python.framework/Versions/3.11/lib/python3.11/site-packages/airflow/example_dags/tutorial_taskflow_api_virtualenv.py
[2022-12-31T21:00:16.927+0100] {logging_mixin.py:137} INFO - [2022-12-31T21:00:16.927+0100] {dag.py:2676} INFO - Sync 1 DAGs
[2022-12-31T21:00:16.934+0100] {logging_mixin.py:137} INFO - [2022-12-31T21:00:16.934+0100] {dag.py:3423} INFO - Setting next_dagrun for tutorial_taskflow_api_virtualenv to None, run_after=None
[2022-12-31T21:00:16.941+0100] {processor.py:175} INFO - Processing /Library/Frameworks/Python.framework/Versions/3.11/lib/python3.11/site-packages/airflow/example_dags/tutorial_taskflow_api_virtualenv.py took 0.646 seconds
[2022-12-31T21:01:17.929+0100] {processor.py:153} INFO - Started process (PID=93885) to work on /Library/Frameworks/Python.framework/Versions/3.11/lib/python3.11/site-packages/airflow/example_dags/tutorial_taskflow_api_virtualenv.py
[2022-12-31T21:01:17.934+0100] {processor.py:743} INFO - Processing file /Library/Frameworks/Python.framework/Versions/3.11/lib/python3.11/site-packages/airflow/example_dags/tutorial_taskflow_api_virtualenv.py for tasks to queue
[2022-12-31T21:01:17.934+0100] {logging_mixin.py:137} INFO - [2022-12-31T21:01:17.934+0100] {dagbag.py:538} INFO - Filling up the DagBag from /Library/Frameworks/Python.framework/Versions/3.11/lib/python3.11/site-packages/airflow/example_dags/tutorial_taskflow_api_virtualenv.py
[2022-12-31T21:01:17.959+0100] {processor.py:753} INFO - DAG(s) dict_keys(['tutorial_taskflow_api_virtualenv']) retrieved from /Library/Frameworks/Python.framework/Versions/3.11/lib/python3.11/site-packages/airflow/example_dags/tutorial_taskflow_api_virtualenv.py
[2022-12-31T21:01:18.374+0100] {logging_mixin.py:137} INFO - [2022-12-31T21:01:18.374+0100] {dag.py:2676} INFO - Sync 1 DAGs
[2022-12-31T21:01:18.380+0100] {logging_mixin.py:137} INFO - [2022-12-31T21:01:18.380+0100] {dag.py:3423} INFO - Setting next_dagrun for tutorial_taskflow_api_virtualenv to None, run_after=None
[2022-12-31T21:01:18.386+0100] {processor.py:175} INFO - Processing /Library/Frameworks/Python.framework/Versions/3.11/lib/python3.11/site-packages/airflow/example_dags/tutorial_taskflow_api_virtualenv.py took 0.458 seconds
[2022-12-31T21:02:17.249+0100] {processor.py:153} INFO - Started process (PID=94078) to work on /Library/Frameworks/Python.framework/Versions/3.11/lib/python3.11/site-packages/airflow/example_dags/tutorial_taskflow_api_virtualenv.py
[2022-12-31T21:02:17.253+0100] {processor.py:743} INFO - Processing file /Library/Frameworks/Python.framework/Versions/3.11/lib/python3.11/site-packages/airflow/example_dags/tutorial_taskflow_api_virtualenv.py for tasks to queue
[2022-12-31T21:02:17.254+0100] {logging_mixin.py:137} INFO - [2022-12-31T21:02:17.253+0100] {dagbag.py:538} INFO - Filling up the DagBag from /Library/Frameworks/Python.framework/Versions/3.11/lib/python3.11/site-packages/airflow/example_dags/tutorial_taskflow_api_virtualenv.py
[2022-12-31T21:02:17.277+0100] {processor.py:753} INFO - DAG(s) dict_keys(['tutorial_taskflow_api_virtualenv']) retrieved from /Library/Frameworks/Python.framework/Versions/3.11/lib/python3.11/site-packages/airflow/example_dags/tutorial_taskflow_api_virtualenv.py
[2022-12-31T21:02:17.678+0100] {logging_mixin.py:137} INFO - [2022-12-31T21:02:17.678+0100] {dag.py:2676} INFO - Sync 1 DAGs
[2022-12-31T21:02:17.684+0100] {logging_mixin.py:137} INFO - [2022-12-31T21:02:17.684+0100] {dag.py:3423} INFO - Setting next_dagrun for tutorial_taskflow_api_virtualenv to None, run_after=None
[2022-12-31T21:02:17.692+0100] {processor.py:175} INFO - Processing /Library/Frameworks/Python.framework/Versions/3.11/lib/python3.11/site-packages/airflow/example_dags/tutorial_taskflow_api_virtualenv.py took 0.444 seconds
[2022-12-31T21:03:21.237+0100] {processor.py:153} INFO - Started process (PID=94280) to work on /Library/Frameworks/Python.framework/Versions/3.11/lib/python3.11/site-packages/airflow/example_dags/tutorial_taskflow_api_virtualenv.py
[2022-12-31T21:03:21.250+0100] {processor.py:743} INFO - Processing file /Library/Frameworks/Python.framework/Versions/3.11/lib/python3.11/site-packages/airflow/example_dags/tutorial_taskflow_api_virtualenv.py for tasks to queue
[2022-12-31T21:03:21.250+0100] {logging_mixin.py:137} INFO - [2022-12-31T21:03:21.250+0100] {dagbag.py:538} INFO - Filling up the DagBag from /Library/Frameworks/Python.framework/Versions/3.11/lib/python3.11/site-packages/airflow/example_dags/tutorial_taskflow_api_virtualenv.py
[2022-12-31T21:03:21.289+0100] {processor.py:753} INFO - DAG(s) dict_keys(['tutorial_taskflow_api_virtualenv']) retrieved from /Library/Frameworks/Python.framework/Versions/3.11/lib/python3.11/site-packages/airflow/example_dags/tutorial_taskflow_api_virtualenv.py
[2022-12-31T21:03:21.807+0100] {logging_mixin.py:137} INFO - [2022-12-31T21:03:21.807+0100] {dag.py:2676} INFO - Sync 1 DAGs
[2022-12-31T21:03:21.813+0100] {logging_mixin.py:137} INFO - [2022-12-31T21:03:21.813+0100] {dag.py:3423} INFO - Setting next_dagrun for tutorial_taskflow_api_virtualenv to None, run_after=None
[2022-12-31T21:03:21.821+0100] {processor.py:175} INFO - Processing /Library/Frameworks/Python.framework/Versions/3.11/lib/python3.11/site-packages/airflow/example_dags/tutorial_taskflow_api_virtualenv.py took 0.584 seconds
[2022-12-31T21:04:26.303+0100] {processor.py:153} INFO - Started process (PID=94397) to work on /Library/Frameworks/Python.framework/Versions/3.11/lib/python3.11/site-packages/airflow/example_dags/tutorial_taskflow_api_virtualenv.py
[2022-12-31T21:04:26.315+0100] {processor.py:743} INFO - Processing file /Library/Frameworks/Python.framework/Versions/3.11/lib/python3.11/site-packages/airflow/example_dags/tutorial_taskflow_api_virtualenv.py for tasks to queue
[2022-12-31T21:04:26.315+0100] {logging_mixin.py:137} INFO - [2022-12-31T21:04:26.315+0100] {dagbag.py:538} INFO - Filling up the DagBag from /Library/Frameworks/Python.framework/Versions/3.11/lib/python3.11/site-packages/airflow/example_dags/tutorial_taskflow_api_virtualenv.py
[2022-12-31T21:04:26.348+0100] {processor.py:753} INFO - DAG(s) dict_keys(['tutorial_taskflow_api_virtualenv']) retrieved from /Library/Frameworks/Python.framework/Versions/3.11/lib/python3.11/site-packages/airflow/example_dags/tutorial_taskflow_api_virtualenv.py
[2022-12-31T21:04:26.856+0100] {logging_mixin.py:137} INFO - [2022-12-31T21:04:26.856+0100] {dag.py:2676} INFO - Sync 1 DAGs
[2022-12-31T21:04:26.862+0100] {logging_mixin.py:137} INFO - [2022-12-31T21:04:26.862+0100] {dag.py:3423} INFO - Setting next_dagrun for tutorial_taskflow_api_virtualenv to None, run_after=None
[2022-12-31T21:04:26.869+0100] {processor.py:175} INFO - Processing /Library/Frameworks/Python.framework/Versions/3.11/lib/python3.11/site-packages/airflow/example_dags/tutorial_taskflow_api_virtualenv.py took 0.566 seconds
[2022-12-31T21:05:25.289+0100] {processor.py:153} INFO - Started process (PID=94530) to work on /Library/Frameworks/Python.framework/Versions/3.11/lib/python3.11/site-packages/airflow/example_dags/tutorial_taskflow_api_virtualenv.py
[2022-12-31T21:05:25.304+0100] {processor.py:743} INFO - Processing file /Library/Frameworks/Python.framework/Versions/3.11/lib/python3.11/site-packages/airflow/example_dags/tutorial_taskflow_api_virtualenv.py for tasks to queue
[2022-12-31T21:05:25.304+0100] {logging_mixin.py:137} INFO - [2022-12-31T21:05:25.304+0100] {dagbag.py:538} INFO - Filling up the DagBag from /Library/Frameworks/Python.framework/Versions/3.11/lib/python3.11/site-packages/airflow/example_dags/tutorial_taskflow_api_virtualenv.py
[2022-12-31T21:05:25.342+0100] {processor.py:753} INFO - DAG(s) dict_keys(['tutorial_taskflow_api_virtualenv']) retrieved from /Library/Frameworks/Python.framework/Versions/3.11/lib/python3.11/site-packages/airflow/example_dags/tutorial_taskflow_api_virtualenv.py
[2022-12-31T21:05:25.757+0100] {logging_mixin.py:137} INFO - [2022-12-31T21:05:25.757+0100] {dag.py:2676} INFO - Sync 1 DAGs
[2022-12-31T21:05:25.763+0100] {logging_mixin.py:137} INFO - [2022-12-31T21:05:25.763+0100] {dag.py:3423} INFO - Setting next_dagrun for tutorial_taskflow_api_virtualenv to None, run_after=None
[2022-12-31T21:05:25.769+0100] {processor.py:175} INFO - Processing /Library/Frameworks/Python.framework/Versions/3.11/lib/python3.11/site-packages/airflow/example_dags/tutorial_taskflow_api_virtualenv.py took 0.481 seconds
[2022-12-31T21:06:19.426+0100] {processor.py:153} INFO - Started process (PID=94640) to work on /Library/Frameworks/Python.framework/Versions/3.11/lib/python3.11/site-packages/airflow/example_dags/tutorial_taskflow_api_virtualenv.py
[2022-12-31T21:06:19.431+0100] {processor.py:743} INFO - Processing file /Library/Frameworks/Python.framework/Versions/3.11/lib/python3.11/site-packages/airflow/example_dags/tutorial_taskflow_api_virtualenv.py for tasks to queue
[2022-12-31T21:06:19.431+0100] {logging_mixin.py:137} INFO - [2022-12-31T21:06:19.431+0100] {dagbag.py:538} INFO - Filling up the DagBag from /Library/Frameworks/Python.framework/Versions/3.11/lib/python3.11/site-packages/airflow/example_dags/tutorial_taskflow_api_virtualenv.py
[2022-12-31T21:06:19.453+0100] {processor.py:753} INFO - DAG(s) dict_keys(['tutorial_taskflow_api_virtualenv']) retrieved from /Library/Frameworks/Python.framework/Versions/3.11/lib/python3.11/site-packages/airflow/example_dags/tutorial_taskflow_api_virtualenv.py
[2022-12-31T21:06:19.871+0100] {logging_mixin.py:137} INFO - [2022-12-31T21:06:19.871+0100] {dag.py:2676} INFO - Sync 1 DAGs
[2022-12-31T21:06:19.877+0100] {logging_mixin.py:137} INFO - [2022-12-31T21:06:19.877+0100] {dag.py:3423} INFO - Setting next_dagrun for tutorial_taskflow_api_virtualenv to None, run_after=None
[2022-12-31T21:06:19.884+0100] {processor.py:175} INFO - Processing /Library/Frameworks/Python.framework/Versions/3.11/lib/python3.11/site-packages/airflow/example_dags/tutorial_taskflow_api_virtualenv.py took 0.458 seconds
[2022-12-31T21:07:13.280+0100] {processor.py:153} INFO - Started process (PID=94745) to work on /Library/Frameworks/Python.framework/Versions/3.11/lib/python3.11/site-packages/airflow/example_dags/tutorial_taskflow_api_virtualenv.py
[2022-12-31T21:07:13.285+0100] {processor.py:743} INFO - Processing file /Library/Frameworks/Python.framework/Versions/3.11/lib/python3.11/site-packages/airflow/example_dags/tutorial_taskflow_api_virtualenv.py for tasks to queue
[2022-12-31T21:07:13.285+0100] {logging_mixin.py:137} INFO - [2022-12-31T21:07:13.285+0100] {dagbag.py:538} INFO - Filling up the DagBag from /Library/Frameworks/Python.framework/Versions/3.11/lib/python3.11/site-packages/airflow/example_dags/tutorial_taskflow_api_virtualenv.py
[2022-12-31T21:07:13.304+0100] {processor.py:753} INFO - DAG(s) dict_keys(['tutorial_taskflow_api_virtualenv']) retrieved from /Library/Frameworks/Python.framework/Versions/3.11/lib/python3.11/site-packages/airflow/example_dags/tutorial_taskflow_api_virtualenv.py
[2022-12-31T21:07:13.710+0100] {logging_mixin.py:137} INFO - [2022-12-31T21:07:13.710+0100] {dag.py:2676} INFO - Sync 1 DAGs
[2022-12-31T21:07:13.716+0100] {logging_mixin.py:137} INFO - [2022-12-31T21:07:13.716+0100] {dag.py:3423} INFO - Setting next_dagrun for tutorial_taskflow_api_virtualenv to None, run_after=None
[2022-12-31T21:07:13.722+0100] {processor.py:175} INFO - Processing /Library/Frameworks/Python.framework/Versions/3.11/lib/python3.11/site-packages/airflow/example_dags/tutorial_taskflow_api_virtualenv.py took 0.443 seconds
[2022-12-31T21:08:11.370+0100] {processor.py:153} INFO - Started process (PID=94902) to work on /Library/Frameworks/Python.framework/Versions/3.11/lib/python3.11/site-packages/airflow/example_dags/tutorial_taskflow_api_virtualenv.py
[2022-12-31T21:08:11.374+0100] {processor.py:743} INFO - Processing file /Library/Frameworks/Python.framework/Versions/3.11/lib/python3.11/site-packages/airflow/example_dags/tutorial_taskflow_api_virtualenv.py for tasks to queue
[2022-12-31T21:08:11.374+0100] {logging_mixin.py:137} INFO - [2022-12-31T21:08:11.374+0100] {dagbag.py:538} INFO - Filling up the DagBag from /Library/Frameworks/Python.framework/Versions/3.11/lib/python3.11/site-packages/airflow/example_dags/tutorial_taskflow_api_virtualenv.py
[2022-12-31T21:08:11.396+0100] {processor.py:753} INFO - DAG(s) dict_keys(['tutorial_taskflow_api_virtualenv']) retrieved from /Library/Frameworks/Python.framework/Versions/3.11/lib/python3.11/site-packages/airflow/example_dags/tutorial_taskflow_api_virtualenv.py
[2022-12-31T21:08:11.995+0100] {logging_mixin.py:137} INFO - [2022-12-31T21:08:11.995+0100] {dag.py:2676} INFO - Sync 1 DAGs
[2022-12-31T21:08:12.001+0100] {logging_mixin.py:137} INFO - [2022-12-31T21:08:12.001+0100] {dag.py:3423} INFO - Setting next_dagrun for tutorial_taskflow_api_virtualenv to None, run_after=None
[2022-12-31T21:08:12.008+0100] {processor.py:175} INFO - Processing /Library/Frameworks/Python.framework/Versions/3.11/lib/python3.11/site-packages/airflow/example_dags/tutorial_taskflow_api_virtualenv.py took 0.639 seconds
[2022-12-31T21:09:11.782+0100] {processor.py:153} INFO - Started process (PID=95033) to work on /Library/Frameworks/Python.framework/Versions/3.11/lib/python3.11/site-packages/airflow/example_dags/tutorial_taskflow_api_virtualenv.py
[2022-12-31T21:09:11.787+0100] {processor.py:743} INFO - Processing file /Library/Frameworks/Python.framework/Versions/3.11/lib/python3.11/site-packages/airflow/example_dags/tutorial_taskflow_api_virtualenv.py for tasks to queue
[2022-12-31T21:09:11.788+0100] {logging_mixin.py:137} INFO - [2022-12-31T21:09:11.788+0100] {dagbag.py:538} INFO - Filling up the DagBag from /Library/Frameworks/Python.framework/Versions/3.11/lib/python3.11/site-packages/airflow/example_dags/tutorial_taskflow_api_virtualenv.py
[2022-12-31T21:09:11.819+0100] {processor.py:753} INFO - DAG(s) dict_keys(['tutorial_taskflow_api_virtualenv']) retrieved from /Library/Frameworks/Python.framework/Versions/3.11/lib/python3.11/site-packages/airflow/example_dags/tutorial_taskflow_api_virtualenv.py
[2022-12-31T21:09:12.290+0100] {logging_mixin.py:137} INFO - [2022-12-31T21:09:12.290+0100] {dag.py:2676} INFO - Sync 1 DAGs
[2022-12-31T21:09:12.300+0100] {logging_mixin.py:137} INFO - [2022-12-31T21:09:12.300+0100] {dag.py:3423} INFO - Setting next_dagrun for tutorial_taskflow_api_virtualenv to None, run_after=None
[2022-12-31T21:09:12.308+0100] {processor.py:175} INFO - Processing /Library/Frameworks/Python.framework/Versions/3.11/lib/python3.11/site-packages/airflow/example_dags/tutorial_taskflow_api_virtualenv.py took 0.527 seconds
[2022-12-31T21:10:14.112+0100] {processor.py:153} INFO - Started process (PID=95193) to work on /Library/Frameworks/Python.framework/Versions/3.11/lib/python3.11/site-packages/airflow/example_dags/tutorial_taskflow_api_virtualenv.py
[2022-12-31T21:10:14.118+0100] {processor.py:743} INFO - Processing file /Library/Frameworks/Python.framework/Versions/3.11/lib/python3.11/site-packages/airflow/example_dags/tutorial_taskflow_api_virtualenv.py for tasks to queue
[2022-12-31T21:10:14.118+0100] {logging_mixin.py:137} INFO - [2022-12-31T21:10:14.118+0100] {dagbag.py:538} INFO - Filling up the DagBag from /Library/Frameworks/Python.framework/Versions/3.11/lib/python3.11/site-packages/airflow/example_dags/tutorial_taskflow_api_virtualenv.py
[2022-12-31T21:10:14.140+0100] {processor.py:753} INFO - DAG(s) dict_keys(['tutorial_taskflow_api_virtualenv']) retrieved from /Library/Frameworks/Python.framework/Versions/3.11/lib/python3.11/site-packages/airflow/example_dags/tutorial_taskflow_api_virtualenv.py
[2022-12-31T21:10:14.556+0100] {logging_mixin.py:137} INFO - [2022-12-31T21:10:14.556+0100] {dag.py:2676} INFO - Sync 1 DAGs
[2022-12-31T21:10:14.561+0100] {logging_mixin.py:137} INFO - [2022-12-31T21:10:14.561+0100] {dag.py:3423} INFO - Setting next_dagrun for tutorial_taskflow_api_virtualenv to None, run_after=None
[2022-12-31T21:10:14.570+0100] {processor.py:175} INFO - Processing /Library/Frameworks/Python.framework/Versions/3.11/lib/python3.11/site-packages/airflow/example_dags/tutorial_taskflow_api_virtualenv.py took 0.459 seconds
[2022-12-31T21:11:14.958+0100] {processor.py:153} INFO - Started process (PID=95392) to work on /Library/Frameworks/Python.framework/Versions/3.11/lib/python3.11/site-packages/airflow/example_dags/tutorial_taskflow_api_virtualenv.py
[2022-12-31T21:11:14.960+0100] {processor.py:743} INFO - Processing file /Library/Frameworks/Python.framework/Versions/3.11/lib/python3.11/site-packages/airflow/example_dags/tutorial_taskflow_api_virtualenv.py for tasks to queue
[2022-12-31T21:11:14.960+0100] {logging_mixin.py:137} INFO - [2022-12-31T21:11:14.960+0100] {dagbag.py:538} INFO - Filling up the DagBag from /Library/Frameworks/Python.framework/Versions/3.11/lib/python3.11/site-packages/airflow/example_dags/tutorial_taskflow_api_virtualenv.py
[2022-12-31T21:11:14.988+0100] {processor.py:753} INFO - DAG(s) dict_keys(['tutorial_taskflow_api_virtualenv']) retrieved from /Library/Frameworks/Python.framework/Versions/3.11/lib/python3.11/site-packages/airflow/example_dags/tutorial_taskflow_api_virtualenv.py
[2022-12-31T21:11:15.552+0100] {logging_mixin.py:137} INFO - [2022-12-31T21:11:15.552+0100] {dag.py:2676} INFO - Sync 1 DAGs
[2022-12-31T21:11:15.562+0100] {logging_mixin.py:137} INFO - [2022-12-31T21:11:15.562+0100] {dag.py:3423} INFO - Setting next_dagrun for tutorial_taskflow_api_virtualenv to None, run_after=None
[2022-12-31T21:11:15.570+0100] {processor.py:175} INFO - Processing /Library/Frameworks/Python.framework/Versions/3.11/lib/python3.11/site-packages/airflow/example_dags/tutorial_taskflow_api_virtualenv.py took 0.612 seconds
[2022-12-31T21:12:16.733+0100] {processor.py:153} INFO - Started process (PID=95524) to work on /Library/Frameworks/Python.framework/Versions/3.11/lib/python3.11/site-packages/airflow/example_dags/tutorial_taskflow_api_virtualenv.py
[2022-12-31T21:12:16.736+0100] {processor.py:743} INFO - Processing file /Library/Frameworks/Python.framework/Versions/3.11/lib/python3.11/site-packages/airflow/example_dags/tutorial_taskflow_api_virtualenv.py for tasks to queue
[2022-12-31T21:12:16.737+0100] {logging_mixin.py:137} INFO - [2022-12-31T21:12:16.737+0100] {dagbag.py:538} INFO - Filling up the DagBag from /Library/Frameworks/Python.framework/Versions/3.11/lib/python3.11/site-packages/airflow/example_dags/tutorial_taskflow_api_virtualenv.py
[2022-12-31T21:12:16.774+0100] {processor.py:753} INFO - DAG(s) dict_keys(['tutorial_taskflow_api_virtualenv']) retrieved from /Library/Frameworks/Python.framework/Versions/3.11/lib/python3.11/site-packages/airflow/example_dags/tutorial_taskflow_api_virtualenv.py
[2022-12-31T21:12:17.341+0100] {logging_mixin.py:137} INFO - [2022-12-31T21:12:17.341+0100] {dag.py:2676} INFO - Sync 1 DAGs
[2022-12-31T21:12:17.353+0100] {logging_mixin.py:137} INFO - [2022-12-31T21:12:17.353+0100] {dag.py:3423} INFO - Setting next_dagrun for tutorial_taskflow_api_virtualenv to None, run_after=None
[2022-12-31T21:12:17.362+0100] {processor.py:175} INFO - Processing /Library/Frameworks/Python.framework/Versions/3.11/lib/python3.11/site-packages/airflow/example_dags/tutorial_taskflow_api_virtualenv.py took 0.630 seconds
[2022-12-31T21:13:24.993+0100] {processor.py:153} INFO - Started process (PID=95663) to work on /Library/Frameworks/Python.framework/Versions/3.11/lib/python3.11/site-packages/airflow/example_dags/tutorial_taskflow_api_virtualenv.py
[2022-12-31T21:13:25.001+0100] {processor.py:743} INFO - Processing file /Library/Frameworks/Python.framework/Versions/3.11/lib/python3.11/site-packages/airflow/example_dags/tutorial_taskflow_api_virtualenv.py for tasks to queue
[2022-12-31T21:13:25.002+0100] {logging_mixin.py:137} INFO - [2022-12-31T21:13:25.002+0100] {dagbag.py:538} INFO - Filling up the DagBag from /Library/Frameworks/Python.framework/Versions/3.11/lib/python3.11/site-packages/airflow/example_dags/tutorial_taskflow_api_virtualenv.py
[2022-12-31T21:13:25.064+0100] {processor.py:753} INFO - DAG(s) dict_keys(['tutorial_taskflow_api_virtualenv']) retrieved from /Library/Frameworks/Python.framework/Versions/3.11/lib/python3.11/site-packages/airflow/example_dags/tutorial_taskflow_api_virtualenv.py
[2022-12-31T21:13:25.598+0100] {logging_mixin.py:137} INFO - [2022-12-31T21:13:25.598+0100] {dag.py:2676} INFO - Sync 1 DAGs
[2022-12-31T21:13:25.605+0100] {logging_mixin.py:137} INFO - [2022-12-31T21:13:25.605+0100] {dag.py:3423} INFO - Setting next_dagrun for tutorial_taskflow_api_virtualenv to None, run_after=None
[2022-12-31T21:13:25.615+0100] {processor.py:175} INFO - Processing /Library/Frameworks/Python.framework/Versions/3.11/lib/python3.11/site-packages/airflow/example_dags/tutorial_taskflow_api_virtualenv.py took 0.622 seconds
[2022-12-31T21:14:27.963+0100] {processor.py:153} INFO - Started process (PID=95794) to work on /Library/Frameworks/Python.framework/Versions/3.11/lib/python3.11/site-packages/airflow/example_dags/tutorial_taskflow_api_virtualenv.py
[2022-12-31T21:14:27.966+0100] {processor.py:743} INFO - Processing file /Library/Frameworks/Python.framework/Versions/3.11/lib/python3.11/site-packages/airflow/example_dags/tutorial_taskflow_api_virtualenv.py for tasks to queue
[2022-12-31T21:14:27.966+0100] {logging_mixin.py:137} INFO - [2022-12-31T21:14:27.966+0100] {dagbag.py:538} INFO - Filling up the DagBag from /Library/Frameworks/Python.framework/Versions/3.11/lib/python3.11/site-packages/airflow/example_dags/tutorial_taskflow_api_virtualenv.py
[2022-12-31T21:14:27.988+0100] {processor.py:753} INFO - DAG(s) dict_keys(['tutorial_taskflow_api_virtualenv']) retrieved from /Library/Frameworks/Python.framework/Versions/3.11/lib/python3.11/site-packages/airflow/example_dags/tutorial_taskflow_api_virtualenv.py
[2022-12-31T21:14:28.406+0100] {logging_mixin.py:137} INFO - [2022-12-31T21:14:28.406+0100] {dag.py:2676} INFO - Sync 1 DAGs
[2022-12-31T21:14:28.411+0100] {logging_mixin.py:137} INFO - [2022-12-31T21:14:28.411+0100] {dag.py:3423} INFO - Setting next_dagrun for tutorial_taskflow_api_virtualenv to None, run_after=None
[2022-12-31T21:14:28.418+0100] {processor.py:175} INFO - Processing /Library/Frameworks/Python.framework/Versions/3.11/lib/python3.11/site-packages/airflow/example_dags/tutorial_taskflow_api_virtualenv.py took 0.456 seconds
[2022-12-31T21:15:22.751+0100] {processor.py:153} INFO - Started process (PID=95950) to work on /Library/Frameworks/Python.framework/Versions/3.11/lib/python3.11/site-packages/airflow/example_dags/tutorial_taskflow_api_virtualenv.py
[2022-12-31T21:15:22.755+0100] {processor.py:743} INFO - Processing file /Library/Frameworks/Python.framework/Versions/3.11/lib/python3.11/site-packages/airflow/example_dags/tutorial_taskflow_api_virtualenv.py for tasks to queue
[2022-12-31T21:15:22.755+0100] {logging_mixin.py:137} INFO - [2022-12-31T21:15:22.755+0100] {dagbag.py:538} INFO - Filling up the DagBag from /Library/Frameworks/Python.framework/Versions/3.11/lib/python3.11/site-packages/airflow/example_dags/tutorial_taskflow_api_virtualenv.py
[2022-12-31T21:15:22.784+0100] {processor.py:753} INFO - DAG(s) dict_keys(['tutorial_taskflow_api_virtualenv']) retrieved from /Library/Frameworks/Python.framework/Versions/3.11/lib/python3.11/site-packages/airflow/example_dags/tutorial_taskflow_api_virtualenv.py
[2022-12-31T21:15:23.177+0100] {logging_mixin.py:137} INFO - [2022-12-31T21:15:23.177+0100] {dag.py:2676} INFO - Sync 1 DAGs
[2022-12-31T21:15:23.183+0100] {logging_mixin.py:137} INFO - [2022-12-31T21:15:23.183+0100] {dag.py:3423} INFO - Setting next_dagrun for tutorial_taskflow_api_virtualenv to None, run_after=None
[2022-12-31T21:15:23.189+0100] {processor.py:175} INFO - Processing /Library/Frameworks/Python.framework/Versions/3.11/lib/python3.11/site-packages/airflow/example_dags/tutorial_taskflow_api_virtualenv.py took 0.440 seconds
[2022-12-31T21:16:20.006+0100] {processor.py:153} INFO - Started process (PID=96073) to work on /Library/Frameworks/Python.framework/Versions/3.11/lib/python3.11/site-packages/airflow/example_dags/tutorial_taskflow_api_virtualenv.py
[2022-12-31T21:16:20.016+0100] {processor.py:743} INFO - Processing file /Library/Frameworks/Python.framework/Versions/3.11/lib/python3.11/site-packages/airflow/example_dags/tutorial_taskflow_api_virtualenv.py for tasks to queue
[2022-12-31T21:16:20.016+0100] {logging_mixin.py:137} INFO - [2022-12-31T21:16:20.016+0100] {dagbag.py:538} INFO - Filling up the DagBag from /Library/Frameworks/Python.framework/Versions/3.11/lib/python3.11/site-packages/airflow/example_dags/tutorial_taskflow_api_virtualenv.py
[2022-12-31T21:16:20.039+0100] {processor.py:753} INFO - DAG(s) dict_keys(['tutorial_taskflow_api_virtualenv']) retrieved from /Library/Frameworks/Python.framework/Versions/3.11/lib/python3.11/site-packages/airflow/example_dags/tutorial_taskflow_api_virtualenv.py
[2022-12-31T21:16:20.477+0100] {logging_mixin.py:137} INFO - [2022-12-31T21:16:20.477+0100] {dag.py:2676} INFO - Sync 1 DAGs
[2022-12-31T21:16:20.482+0100] {logging_mixin.py:137} INFO - [2022-12-31T21:16:20.482+0100] {dag.py:3423} INFO - Setting next_dagrun for tutorial_taskflow_api_virtualenv to None, run_after=None
[2022-12-31T21:16:20.489+0100] {processor.py:175} INFO - Processing /Library/Frameworks/Python.framework/Versions/3.11/lib/python3.11/site-packages/airflow/example_dags/tutorial_taskflow_api_virtualenv.py took 0.484 seconds
[2022-12-31T21:17:13.000+0100] {processor.py:153} INFO - Started process (PID=96154) to work on /Library/Frameworks/Python.framework/Versions/3.11/lib/python3.11/site-packages/airflow/example_dags/tutorial_taskflow_api_virtualenv.py
[2022-12-31T21:17:13.004+0100] {processor.py:743} INFO - Processing file /Library/Frameworks/Python.framework/Versions/3.11/lib/python3.11/site-packages/airflow/example_dags/tutorial_taskflow_api_virtualenv.py for tasks to queue
[2022-12-31T21:17:13.004+0100] {logging_mixin.py:137} INFO - [2022-12-31T21:17:13.004+0100] {dagbag.py:538} INFO - Filling up the DagBag from /Library/Frameworks/Python.framework/Versions/3.11/lib/python3.11/site-packages/airflow/example_dags/tutorial_taskflow_api_virtualenv.py
[2022-12-31T21:17:13.024+0100] {processor.py:753} INFO - DAG(s) dict_keys(['tutorial_taskflow_api_virtualenv']) retrieved from /Library/Frameworks/Python.framework/Versions/3.11/lib/python3.11/site-packages/airflow/example_dags/tutorial_taskflow_api_virtualenv.py
[2022-12-31T21:17:13.420+0100] {logging_mixin.py:137} INFO - [2022-12-31T21:17:13.420+0100] {dag.py:2676} INFO - Sync 1 DAGs
[2022-12-31T21:17:13.425+0100] {logging_mixin.py:137} INFO - [2022-12-31T21:17:13.425+0100] {dag.py:3423} INFO - Setting next_dagrun for tutorial_taskflow_api_virtualenv to None, run_after=None
[2022-12-31T21:17:13.432+0100] {processor.py:175} INFO - Processing /Library/Frameworks/Python.framework/Versions/3.11/lib/python3.11/site-packages/airflow/example_dags/tutorial_taskflow_api_virtualenv.py took 0.433 seconds
[2022-12-31T21:18:05.909+0100] {processor.py:153} INFO - Started process (PID=96267) to work on /Library/Frameworks/Python.framework/Versions/3.11/lib/python3.11/site-packages/airflow/example_dags/tutorial_taskflow_api_virtualenv.py
[2022-12-31T21:18:05.916+0100] {processor.py:743} INFO - Processing file /Library/Frameworks/Python.framework/Versions/3.11/lib/python3.11/site-packages/airflow/example_dags/tutorial_taskflow_api_virtualenv.py for tasks to queue
[2022-12-31T21:18:05.916+0100] {logging_mixin.py:137} INFO - [2022-12-31T21:18:05.916+0100] {dagbag.py:538} INFO - Filling up the DagBag from /Library/Frameworks/Python.framework/Versions/3.11/lib/python3.11/site-packages/airflow/example_dags/tutorial_taskflow_api_virtualenv.py
[2022-12-31T21:18:05.937+0100] {processor.py:753} INFO - DAG(s) dict_keys(['tutorial_taskflow_api_virtualenv']) retrieved from /Library/Frameworks/Python.framework/Versions/3.11/lib/python3.11/site-packages/airflow/example_dags/tutorial_taskflow_api_virtualenv.py
[2022-12-31T21:18:06.337+0100] {logging_mixin.py:137} INFO - [2022-12-31T21:18:06.337+0100] {dag.py:2676} INFO - Sync 1 DAGs
[2022-12-31T21:18:06.343+0100] {logging_mixin.py:137} INFO - [2022-12-31T21:18:06.343+0100] {dag.py:3423} INFO - Setting next_dagrun for tutorial_taskflow_api_virtualenv to None, run_after=None
[2022-12-31T21:18:06.351+0100] {processor.py:175} INFO - Processing /Library/Frameworks/Python.framework/Versions/3.11/lib/python3.11/site-packages/airflow/example_dags/tutorial_taskflow_api_virtualenv.py took 0.444 seconds
[2022-12-31T21:19:02.652+0100] {processor.py:153} INFO - Started process (PID=96439) to work on /Library/Frameworks/Python.framework/Versions/3.11/lib/python3.11/site-packages/airflow/example_dags/tutorial_taskflow_api_virtualenv.py
[2022-12-31T21:19:02.657+0100] {processor.py:743} INFO - Processing file /Library/Frameworks/Python.framework/Versions/3.11/lib/python3.11/site-packages/airflow/example_dags/tutorial_taskflow_api_virtualenv.py for tasks to queue
[2022-12-31T21:19:02.657+0100] {logging_mixin.py:137} INFO - [2022-12-31T21:19:02.657+0100] {dagbag.py:538} INFO - Filling up the DagBag from /Library/Frameworks/Python.framework/Versions/3.11/lib/python3.11/site-packages/airflow/example_dags/tutorial_taskflow_api_virtualenv.py
[2022-12-31T21:19:02.699+0100] {processor.py:753} INFO - DAG(s) dict_keys(['tutorial_taskflow_api_virtualenv']) retrieved from /Library/Frameworks/Python.framework/Versions/3.11/lib/python3.11/site-packages/airflow/example_dags/tutorial_taskflow_api_virtualenv.py
[2022-12-31T21:19:03.508+0100] {logging_mixin.py:137} INFO - [2022-12-31T21:19:03.508+0100] {dag.py:2676} INFO - Sync 1 DAGs
[2022-12-31T21:19:03.516+0100] {logging_mixin.py:137} INFO - [2022-12-31T21:19:03.516+0100] {dag.py:3423} INFO - Setting next_dagrun for tutorial_taskflow_api_virtualenv to None, run_after=None
[2022-12-31T21:19:03.524+0100] {processor.py:175} INFO - Processing /Library/Frameworks/Python.framework/Versions/3.11/lib/python3.11/site-packages/airflow/example_dags/tutorial_taskflow_api_virtualenv.py took 0.872 seconds
[2022-12-31T21:20:04.680+0100] {processor.py:153} INFO - Started process (PID=96527) to work on /Library/Frameworks/Python.framework/Versions/3.11/lib/python3.11/site-packages/airflow/example_dags/tutorial_taskflow_api_virtualenv.py
[2022-12-31T21:20:04.685+0100] {processor.py:743} INFO - Processing file /Library/Frameworks/Python.framework/Versions/3.11/lib/python3.11/site-packages/airflow/example_dags/tutorial_taskflow_api_virtualenv.py for tasks to queue
[2022-12-31T21:20:04.686+0100] {logging_mixin.py:137} INFO - [2022-12-31T21:20:04.686+0100] {dagbag.py:538} INFO - Filling up the DagBag from /Library/Frameworks/Python.framework/Versions/3.11/lib/python3.11/site-packages/airflow/example_dags/tutorial_taskflow_api_virtualenv.py
[2022-12-31T21:20:04.737+0100] {processor.py:753} INFO - DAG(s) dict_keys(['tutorial_taskflow_api_virtualenv']) retrieved from /Library/Frameworks/Python.framework/Versions/3.11/lib/python3.11/site-packages/airflow/example_dags/tutorial_taskflow_api_virtualenv.py
[2022-12-31T21:20:05.182+0100] {logging_mixin.py:137} INFO - [2022-12-31T21:20:05.182+0100] {dag.py:2676} INFO - Sync 1 DAGs
[2022-12-31T21:20:05.188+0100] {logging_mixin.py:137} INFO - [2022-12-31T21:20:05.188+0100] {dag.py:3423} INFO - Setting next_dagrun for tutorial_taskflow_api_virtualenv to None, run_after=None
[2022-12-31T21:20:05.194+0100] {processor.py:175} INFO - Processing /Library/Frameworks/Python.framework/Versions/3.11/lib/python3.11/site-packages/airflow/example_dags/tutorial_taskflow_api_virtualenv.py took 0.515 seconds
[2022-12-31T21:21:02.949+0100] {processor.py:153} INFO - Started process (PID=96616) to work on /Library/Frameworks/Python.framework/Versions/3.11/lib/python3.11/site-packages/airflow/example_dags/tutorial_taskflow_api_virtualenv.py
[2022-12-31T21:21:02.952+0100] {processor.py:743} INFO - Processing file /Library/Frameworks/Python.framework/Versions/3.11/lib/python3.11/site-packages/airflow/example_dags/tutorial_taskflow_api_virtualenv.py for tasks to queue
[2022-12-31T21:21:02.953+0100] {logging_mixin.py:137} INFO - [2022-12-31T21:21:02.953+0100] {dagbag.py:538} INFO - Filling up the DagBag from /Library/Frameworks/Python.framework/Versions/3.11/lib/python3.11/site-packages/airflow/example_dags/tutorial_taskflow_api_virtualenv.py
[2022-12-31T21:21:02.988+0100] {processor.py:753} INFO - DAG(s) dict_keys(['tutorial_taskflow_api_virtualenv']) retrieved from /Library/Frameworks/Python.framework/Versions/3.11/lib/python3.11/site-packages/airflow/example_dags/tutorial_taskflow_api_virtualenv.py
[2022-12-31T21:21:03.400+0100] {logging_mixin.py:137} INFO - [2022-12-31T21:21:03.400+0100] {dag.py:2676} INFO - Sync 1 DAGs
[2022-12-31T21:21:03.406+0100] {logging_mixin.py:137} INFO - [2022-12-31T21:21:03.406+0100] {dag.py:3423} INFO - Setting next_dagrun for tutorial_taskflow_api_virtualenv to None, run_after=None
[2022-12-31T21:21:03.412+0100] {processor.py:175} INFO - Processing /Library/Frameworks/Python.framework/Versions/3.11/lib/python3.11/site-packages/airflow/example_dags/tutorial_taskflow_api_virtualenv.py took 0.464 seconds
[2022-12-31T21:22:02.306+0100] {processor.py:153} INFO - Started process (PID=96731) to work on /Library/Frameworks/Python.framework/Versions/3.11/lib/python3.11/site-packages/airflow/example_dags/tutorial_taskflow_api_virtualenv.py
[2022-12-31T21:22:02.320+0100] {processor.py:743} INFO - Processing file /Library/Frameworks/Python.framework/Versions/3.11/lib/python3.11/site-packages/airflow/example_dags/tutorial_taskflow_api_virtualenv.py for tasks to queue
[2022-12-31T21:22:02.320+0100] {logging_mixin.py:137} INFO - [2022-12-31T21:22:02.320+0100] {dagbag.py:538} INFO - Filling up the DagBag from /Library/Frameworks/Python.framework/Versions/3.11/lib/python3.11/site-packages/airflow/example_dags/tutorial_taskflow_api_virtualenv.py
[2022-12-31T21:22:02.354+0100] {processor.py:753} INFO - DAG(s) dict_keys(['tutorial_taskflow_api_virtualenv']) retrieved from /Library/Frameworks/Python.framework/Versions/3.11/lib/python3.11/site-packages/airflow/example_dags/tutorial_taskflow_api_virtualenv.py
[2022-12-31T21:22:02.784+0100] {logging_mixin.py:137} INFO - [2022-12-31T21:22:02.784+0100] {dag.py:2676} INFO - Sync 1 DAGs
[2022-12-31T21:22:02.790+0100] {logging_mixin.py:137} INFO - [2022-12-31T21:22:02.790+0100] {dag.py:3423} INFO - Setting next_dagrun for tutorial_taskflow_api_virtualenv to None, run_after=None
[2022-12-31T21:22:02.796+0100] {processor.py:175} INFO - Processing /Library/Frameworks/Python.framework/Versions/3.11/lib/python3.11/site-packages/airflow/example_dags/tutorial_taskflow_api_virtualenv.py took 0.492 seconds
[2022-12-31T21:22:59.409+0100] {processor.py:153} INFO - Started process (PID=96804) to work on /Library/Frameworks/Python.framework/Versions/3.11/lib/python3.11/site-packages/airflow/example_dags/tutorial_taskflow_api_virtualenv.py
[2022-12-31T21:22:59.414+0100] {processor.py:743} INFO - Processing file /Library/Frameworks/Python.framework/Versions/3.11/lib/python3.11/site-packages/airflow/example_dags/tutorial_taskflow_api_virtualenv.py for tasks to queue
[2022-12-31T21:22:59.414+0100] {logging_mixin.py:137} INFO - [2022-12-31T21:22:59.414+0100] {dagbag.py:538} INFO - Filling up the DagBag from /Library/Frameworks/Python.framework/Versions/3.11/lib/python3.11/site-packages/airflow/example_dags/tutorial_taskflow_api_virtualenv.py
[2022-12-31T21:22:59.449+0100] {processor.py:753} INFO - DAG(s) dict_keys(['tutorial_taskflow_api_virtualenv']) retrieved from /Library/Frameworks/Python.framework/Versions/3.11/lib/python3.11/site-packages/airflow/example_dags/tutorial_taskflow_api_virtualenv.py
[2022-12-31T21:22:59.991+0100] {logging_mixin.py:137} INFO - [2022-12-31T21:22:59.990+0100] {dag.py:2676} INFO - Sync 1 DAGs
[2022-12-31T21:22:59.997+0100] {logging_mixin.py:137} INFO - [2022-12-31T21:22:59.997+0100] {dag.py:3423} INFO - Setting next_dagrun for tutorial_taskflow_api_virtualenv to None, run_after=None
[2022-12-31T21:23:00.004+0100] {processor.py:175} INFO - Processing /Library/Frameworks/Python.framework/Versions/3.11/lib/python3.11/site-packages/airflow/example_dags/tutorial_taskflow_api_virtualenv.py took 0.599 seconds
[2022-12-31T21:23:59.724+0100] {processor.py:153} INFO - Started process (PID=96890) to work on /Library/Frameworks/Python.framework/Versions/3.11/lib/python3.11/site-packages/airflow/example_dags/tutorial_taskflow_api_virtualenv.py
[2022-12-31T21:23:59.729+0100] {processor.py:743} INFO - Processing file /Library/Frameworks/Python.framework/Versions/3.11/lib/python3.11/site-packages/airflow/example_dags/tutorial_taskflow_api_virtualenv.py for tasks to queue
[2022-12-31T21:23:59.729+0100] {logging_mixin.py:137} INFO - [2022-12-31T21:23:59.729+0100] {dagbag.py:538} INFO - Filling up the DagBag from /Library/Frameworks/Python.framework/Versions/3.11/lib/python3.11/site-packages/airflow/example_dags/tutorial_taskflow_api_virtualenv.py
[2022-12-31T21:23:59.751+0100] {processor.py:753} INFO - DAG(s) dict_keys(['tutorial_taskflow_api_virtualenv']) retrieved from /Library/Frameworks/Python.framework/Versions/3.11/lib/python3.11/site-packages/airflow/example_dags/tutorial_taskflow_api_virtualenv.py
[2022-12-31T21:24:00.196+0100] {logging_mixin.py:137} INFO - [2022-12-31T21:24:00.196+0100] {dag.py:2676} INFO - Sync 1 DAGs
[2022-12-31T21:24:00.208+0100] {logging_mixin.py:137} INFO - [2022-12-31T21:24:00.207+0100] {dag.py:3423} INFO - Setting next_dagrun for tutorial_taskflow_api_virtualenv to None, run_after=None
[2022-12-31T21:24:00.218+0100] {processor.py:175} INFO - Processing /Library/Frameworks/Python.framework/Versions/3.11/lib/python3.11/site-packages/airflow/example_dags/tutorial_taskflow_api_virtualenv.py took 0.495 seconds
[2022-12-31T21:24:57.595+0100] {processor.py:153} INFO - Started process (PID=97010) to work on /Library/Frameworks/Python.framework/Versions/3.11/lib/python3.11/site-packages/airflow/example_dags/tutorial_taskflow_api_virtualenv.py
[2022-12-31T21:24:57.603+0100] {processor.py:743} INFO - Processing file /Library/Frameworks/Python.framework/Versions/3.11/lib/python3.11/site-packages/airflow/example_dags/tutorial_taskflow_api_virtualenv.py for tasks to queue
[2022-12-31T21:24:57.603+0100] {logging_mixin.py:137} INFO - [2022-12-31T21:24:57.603+0100] {dagbag.py:538} INFO - Filling up the DagBag from /Library/Frameworks/Python.framework/Versions/3.11/lib/python3.11/site-packages/airflow/example_dags/tutorial_taskflow_api_virtualenv.py
[2022-12-31T21:24:57.643+0100] {processor.py:753} INFO - DAG(s) dict_keys(['tutorial_taskflow_api_virtualenv']) retrieved from /Library/Frameworks/Python.framework/Versions/3.11/lib/python3.11/site-packages/airflow/example_dags/tutorial_taskflow_api_virtualenv.py
[2022-12-31T21:24:58.032+0100] {logging_mixin.py:137} INFO - [2022-12-31T21:24:58.032+0100] {dag.py:2676} INFO - Sync 1 DAGs
[2022-12-31T21:24:58.037+0100] {logging_mixin.py:137} INFO - [2022-12-31T21:24:58.037+0100] {dag.py:3423} INFO - Setting next_dagrun for tutorial_taskflow_api_virtualenv to None, run_after=None
[2022-12-31T21:24:58.043+0100] {processor.py:175} INFO - Processing /Library/Frameworks/Python.framework/Versions/3.11/lib/python3.11/site-packages/airflow/example_dags/tutorial_taskflow_api_virtualenv.py took 0.449 seconds
[2022-12-31T21:25:51.321+0100] {processor.py:153} INFO - Started process (PID=97115) to work on /Library/Frameworks/Python.framework/Versions/3.11/lib/python3.11/site-packages/airflow/example_dags/tutorial_taskflow_api_virtualenv.py
[2022-12-31T21:25:51.327+0100] {processor.py:743} INFO - Processing file /Library/Frameworks/Python.framework/Versions/3.11/lib/python3.11/site-packages/airflow/example_dags/tutorial_taskflow_api_virtualenv.py for tasks to queue
[2022-12-31T21:25:51.328+0100] {logging_mixin.py:137} INFO - [2022-12-31T21:25:51.328+0100] {dagbag.py:538} INFO - Filling up the DagBag from /Library/Frameworks/Python.framework/Versions/3.11/lib/python3.11/site-packages/airflow/example_dags/tutorial_taskflow_api_virtualenv.py
[2022-12-31T21:25:51.357+0100] {processor.py:753} INFO - DAG(s) dict_keys(['tutorial_taskflow_api_virtualenv']) retrieved from /Library/Frameworks/Python.framework/Versions/3.11/lib/python3.11/site-packages/airflow/example_dags/tutorial_taskflow_api_virtualenv.py
[2022-12-31T21:25:51.883+0100] {logging_mixin.py:137} INFO - [2022-12-31T21:25:51.882+0100] {dag.py:2676} INFO - Sync 1 DAGs
[2022-12-31T21:25:51.900+0100] {logging_mixin.py:137} INFO - [2022-12-31T21:25:51.900+0100] {dag.py:3423} INFO - Setting next_dagrun for tutorial_taskflow_api_virtualenv to None, run_after=None
[2022-12-31T21:25:51.916+0100] {processor.py:175} INFO - Processing /Library/Frameworks/Python.framework/Versions/3.11/lib/python3.11/site-packages/airflow/example_dags/tutorial_taskflow_api_virtualenv.py took 0.595 seconds
[2022-12-31T21:26:50.869+0100] {processor.py:153} INFO - Started process (PID=97260) to work on /Library/Frameworks/Python.framework/Versions/3.11/lib/python3.11/site-packages/airflow/example_dags/tutorial_taskflow_api_virtualenv.py
[2022-12-31T21:26:50.871+0100] {processor.py:743} INFO - Processing file /Library/Frameworks/Python.framework/Versions/3.11/lib/python3.11/site-packages/airflow/example_dags/tutorial_taskflow_api_virtualenv.py for tasks to queue
[2022-12-31T21:26:50.871+0100] {logging_mixin.py:137} INFO - [2022-12-31T21:26:50.871+0100] {dagbag.py:538} INFO - Filling up the DagBag from /Library/Frameworks/Python.framework/Versions/3.11/lib/python3.11/site-packages/airflow/example_dags/tutorial_taskflow_api_virtualenv.py
[2022-12-31T21:26:50.895+0100] {processor.py:753} INFO - DAG(s) dict_keys(['tutorial_taskflow_api_virtualenv']) retrieved from /Library/Frameworks/Python.framework/Versions/3.11/lib/python3.11/site-packages/airflow/example_dags/tutorial_taskflow_api_virtualenv.py
[2022-12-31T21:26:51.329+0100] {logging_mixin.py:137} INFO - [2022-12-31T21:26:51.329+0100] {dag.py:2676} INFO - Sync 1 DAGs
[2022-12-31T21:26:51.335+0100] {logging_mixin.py:137} INFO - [2022-12-31T21:26:51.335+0100] {dag.py:3423} INFO - Setting next_dagrun for tutorial_taskflow_api_virtualenv to None, run_after=None
[2022-12-31T21:26:51.341+0100] {processor.py:175} INFO - Processing /Library/Frameworks/Python.framework/Versions/3.11/lib/python3.11/site-packages/airflow/example_dags/tutorial_taskflow_api_virtualenv.py took 0.473 seconds
[2022-12-31T21:27:48.562+0100] {processor.py:153} INFO - Started process (PID=97361) to work on /Library/Frameworks/Python.framework/Versions/3.11/lib/python3.11/site-packages/airflow/example_dags/tutorial_taskflow_api_virtualenv.py
[2022-12-31T21:27:48.565+0100] {processor.py:743} INFO - Processing file /Library/Frameworks/Python.framework/Versions/3.11/lib/python3.11/site-packages/airflow/example_dags/tutorial_taskflow_api_virtualenv.py for tasks to queue
[2022-12-31T21:27:48.565+0100] {logging_mixin.py:137} INFO - [2022-12-31T21:27:48.565+0100] {dagbag.py:538} INFO - Filling up the DagBag from /Library/Frameworks/Python.framework/Versions/3.11/lib/python3.11/site-packages/airflow/example_dags/tutorial_taskflow_api_virtualenv.py
[2022-12-31T21:27:48.586+0100] {processor.py:753} INFO - DAG(s) dict_keys(['tutorial_taskflow_api_virtualenv']) retrieved from /Library/Frameworks/Python.framework/Versions/3.11/lib/python3.11/site-packages/airflow/example_dags/tutorial_taskflow_api_virtualenv.py
[2022-12-31T21:27:49.005+0100] {logging_mixin.py:137} INFO - [2022-12-31T21:27:49.005+0100] {dag.py:2676} INFO - Sync 1 DAGs
[2022-12-31T21:27:49.011+0100] {logging_mixin.py:137} INFO - [2022-12-31T21:27:49.011+0100] {dag.py:3423} INFO - Setting next_dagrun for tutorial_taskflow_api_virtualenv to None, run_after=None
[2022-12-31T21:27:49.018+0100] {processor.py:175} INFO - Processing /Library/Frameworks/Python.framework/Versions/3.11/lib/python3.11/site-packages/airflow/example_dags/tutorial_taskflow_api_virtualenv.py took 0.456 seconds
