[2023-01-02T10:28:02.867+0000] {taskinstance.py:1087} INFO - Dependencies all met for <TaskInstance: nba-dag.extract scheduled__2023-01-01T10:28:00+00:00 [queued]>
[2023-01-02T10:28:02.874+0000] {taskinstance.py:1087} INFO - Dependencies all met for <TaskInstance: nba-dag.extract scheduled__2023-01-01T10:28:00+00:00 [queued]>
[2023-01-02T10:28:02.875+0000] {taskinstance.py:1283} INFO - 
--------------------------------------------------------------------------------
[2023-01-02T10:28:02.875+0000] {taskinstance.py:1284} INFO - Starting attempt 1 of 6
[2023-01-02T10:28:02.876+0000] {taskinstance.py:1285} INFO - 
--------------------------------------------------------------------------------
[2023-01-02T10:28:02.884+0000] {taskinstance.py:1304} INFO - Executing <Task(PythonOperator): extract> on 2023-01-01 10:28:00+00:00
[2023-01-02T10:28:02.895+0000] {standard_task_runner.py:55} INFO - Started process 65 to run task
[2023-01-02T10:28:02.899+0000] {standard_task_runner.py:82} INFO - Running: ['***', 'tasks', 'run', 'nba-dag', 'extract', 'scheduled__2023-01-01T10:28:00+00:00', '--job-id', '82', '--raw', '--subdir', 'DAGS_FOLDER/nba_dag.py', '--cfg-path', '/tmp/tmp6ugvr7pf']
[2023-01-02T10:28:02.900+0000] {standard_task_runner.py:83} INFO - Job 82: Subtask extract
[2023-01-02T10:28:02.974+0000] {task_command.py:389} INFO - Running <TaskInstance: nba-dag.extract scheduled__2023-01-01T10:28:00+00:00 [running]> on host 64c425265806
[2023-01-02T10:28:03.049+0000] {taskinstance.py:1513} INFO - Exporting the following env vars:
AIRFLOW_CTX_DAG_OWNER=Javier Prieto
AIRFLOW_CTX_DAG_ID=nba-dag
AIRFLOW_CTX_TASK_ID=extract
AIRFLOW_CTX_EXECUTION_DATE=2023-01-01T10:28:00+00:00
AIRFLOW_CTX_TRY_NUMBER=1
AIRFLOW_CTX_DAG_RUN_ID=scheduled__2023-01-01T10:28:00+00:00
[2023-01-02T10:28:03.363+0000] {python.py:177} INFO - Done. Returned value was: DATA EXTRACTED
[2023-01-02T10:28:03.391+0000] {taskinstance.py:1327} INFO - Marking task as SUCCESS. dag_id=nba-dag, task_id=extract, execution_date=20230101T102800, start_date=20230102T102802, end_date=20230102T102803
[2023-01-02T10:28:03.437+0000] {local_task_job.py:159} INFO - Task exited with return code 0
[2023-01-02T10:28:03.463+0000] {taskinstance.py:2582} INFO - 1 downstream tasks scheduled from follow-on schedule check
