[2023-01-01T19:56:24.996+0000] {taskinstance.py:1087} INFO - Dependencies all met for <TaskInstance: nba-dag.transform manual__2023-01-01T19:46:06.117940+00:00 [queued]>
[2023-01-01T19:56:25.006+0000] {taskinstance.py:1087} INFO - Dependencies all met for <TaskInstance: nba-dag.transform manual__2023-01-01T19:46:06.117940+00:00 [queued]>
[2023-01-01T19:56:25.007+0000] {taskinstance.py:1283} INFO - 
--------------------------------------------------------------------------------
[2023-01-01T19:56:25.008+0000] {taskinstance.py:1284} INFO - Starting attempt 1 of 6
[2023-01-01T19:56:25.008+0000] {taskinstance.py:1285} INFO - 
--------------------------------------------------------------------------------
[2023-01-01T19:56:25.019+0000] {taskinstance.py:1304} INFO - Executing <Task(PythonOperator): transform> on 2023-01-01 19:46:06.117940+00:00
[2023-01-01T19:56:25.030+0000] {standard_task_runner.py:55} INFO - Started process 61 to run task
[2023-01-01T19:56:25.035+0000] {standard_task_runner.py:82} INFO - Running: ['***', 'tasks', 'run', 'nba-dag', 'transform', 'manual__2023-01-01T19:46:06.117940+00:00', '--job-id', '6', '--raw', '--subdir', 'DAGS_FOLDER/nba_dag.py', '--cfg-path', '/tmp/tmpvh3htlvy']
[2023-01-01T19:56:25.038+0000] {standard_task_runner.py:83} INFO - Job 6: Subtask transform
[2023-01-01T19:56:25.145+0000] {task_command.py:389} INFO - Running <TaskInstance: nba-dag.transform manual__2023-01-01T19:46:06.117940+00:00 [running]> on host b9d509e49129
[2023-01-01T19:56:25.222+0000] {taskinstance.py:1513} INFO - Exporting the following env vars:
AIRFLOW_CTX_DAG_OWNER=Javier Prieto
AIRFLOW_CTX_DAG_ID=nba-dag
AIRFLOW_CTX_TASK_ID=transform
AIRFLOW_CTX_EXECUTION_DATE=2023-01-01T19:46:06.117940+00:00
AIRFLOW_CTX_TRY_NUMBER=1
AIRFLOW_CTX_DAG_RUN_ID=manual__2023-01-01T19:46:06.117940+00:00
[2023-01-01T19:56:25.284+0000] {python.py:177} INFO - Done. Returned value was: None
[2023-01-01T19:56:25.309+0000] {taskinstance.py:1327} INFO - Marking task as SUCCESS. dag_id=nba-dag, task_id=transform, execution_date=20230101T194606, start_date=20230101T195625, end_date=20230101T195625
[2023-01-01T19:56:25.371+0000] {local_task_job.py:159} INFO - Task exited with return code 0
[2023-01-01T19:56:25.402+0000] {taskinstance.py:2582} INFO - 1 downstream tasks scheduled from follow-on schedule check
