[2023-01-02T08:54:14.302+0000] {taskinstance.py:1087} INFO - Dependencies all met for <TaskInstance: nba-dag.pronostico scheduled__2023-01-01T08:48:13.316846+00:00 [queued]>
[2023-01-02T08:54:14.308+0000] {taskinstance.py:1087} INFO - Dependencies all met for <TaskInstance: nba-dag.pronostico scheduled__2023-01-01T08:48:13.316846+00:00 [queued]>
[2023-01-02T08:54:14.309+0000] {taskinstance.py:1283} INFO - 
--------------------------------------------------------------------------------
[2023-01-02T08:54:14.309+0000] {taskinstance.py:1284} INFO - Starting attempt 1 of 6
[2023-01-02T08:54:14.309+0000] {taskinstance.py:1285} INFO - 
--------------------------------------------------------------------------------
[2023-01-02T08:54:14.317+0000] {taskinstance.py:1304} INFO - Executing <Task(PythonOperator): pronostico> on 2023-01-01 08:48:13.316846+00:00
[2023-01-02T08:54:14.327+0000] {standard_task_runner.py:55} INFO - Started process 64 to run task
[2023-01-02T08:54:14.335+0000] {standard_task_runner.py:82} INFO - Running: ['***', 'tasks', 'run', 'nba-dag', 'pronostico', 'scheduled__2023-01-01T08:48:13.316846+00:00', '--job-id', '58', '--raw', '--subdir', 'DAGS_FOLDER/nba_dag.py', '--cfg-path', '/tmp/tmpfralr81g']
[2023-01-02T08:54:14.337+0000] {standard_task_runner.py:83} INFO - Job 58: Subtask pronostico
[2023-01-02T08:54:14.443+0000] {task_command.py:389} INFO - Running <TaskInstance: nba-dag.pronostico scheduled__2023-01-01T08:48:13.316846+00:00 [running]> on host 5aae96bd5c09
[2023-01-02T08:54:14.499+0000] {taskinstance.py:1513} INFO - Exporting the following env vars:
AIRFLOW_CTX_DAG_OWNER=Javier Prieto
AIRFLOW_CTX_DAG_ID=nba-dag
AIRFLOW_CTX_TASK_ID=pronostico
AIRFLOW_CTX_EXECUTION_DATE=2023-01-01T08:48:13.316846+00:00
AIRFLOW_CTX_TRY_NUMBER=1
AIRFLOW_CTX_DAG_RUN_ID=scheduled__2023-01-01T08:48:13.316846+00:00
[2023-01-02T08:54:14.734+0000] {python.py:177} INFO - Done. Returned value was: None
[2023-01-02T08:54:14.744+0000] {taskinstance.py:1327} INFO - Marking task as SUCCESS. dag_id=nba-dag, task_id=pronostico, execution_date=20230101T084813, start_date=20230102T085414, end_date=20230102T085414
[2023-01-02T08:54:14.801+0000] {local_task_job.py:159} INFO - Task exited with return code 0
[2023-01-02T08:54:14.817+0000] {taskinstance.py:2582} INFO - 0 downstream tasks scheduled from follow-on schedule check
