[2023-01-01T20:18:35.560+0000] {taskinstance.py:1087} INFO - Dependencies all met for <TaskInstance: nba-dag.load manual__2023-01-01T20:18:23.044319+00:00 [queued]>
[2023-01-01T20:18:35.568+0000] {taskinstance.py:1087} INFO - Dependencies all met for <TaskInstance: nba-dag.load manual__2023-01-01T20:18:23.044319+00:00 [queued]>
[2023-01-01T20:18:35.569+0000] {taskinstance.py:1283} INFO - 
--------------------------------------------------------------------------------
[2023-01-01T20:18:35.570+0000] {taskinstance.py:1284} INFO - Starting attempt 1 of 6
[2023-01-01T20:18:35.570+0000] {taskinstance.py:1285} INFO - 
--------------------------------------------------------------------------------
[2023-01-01T20:18:35.582+0000] {taskinstance.py:1304} INFO - Executing <Task(PythonOperator): load> on 2023-01-01 20:18:23.044319+00:00
[2023-01-01T20:18:35.615+0000] {standard_task_runner.py:55} INFO - Started process 65 to run task
[2023-01-01T20:18:35.622+0000] {standard_task_runner.py:82} INFO - Running: ['***', 'tasks', 'run', 'nba-dag', 'load', 'manual__2023-01-01T20:18:23.044319+00:00', '--job-id', '21', '--raw', '--subdir', 'DAGS_FOLDER/nba_dag.py', '--cfg-path', '/tmp/tmpa5l8fzvy']
[2023-01-01T20:18:35.628+0000] {standard_task_runner.py:83} INFO - Job 21: Subtask load
[2023-01-01T20:18:35.789+0000] {task_command.py:389} INFO - Running <TaskInstance: nba-dag.load manual__2023-01-01T20:18:23.044319+00:00 [running]> on host 22057e40c386
[2023-01-01T20:18:35.852+0000] {taskinstance.py:1513} INFO - Exporting the following env vars:
AIRFLOW_CTX_DAG_OWNER=Javier Prieto
AIRFLOW_CTX_DAG_ID=nba-dag
AIRFLOW_CTX_TASK_ID=load
AIRFLOW_CTX_EXECUTION_DATE=2023-01-01T20:18:23.044319+00:00
AIRFLOW_CTX_TRY_NUMBER=1
AIRFLOW_CTX_DAG_RUN_ID=manual__2023-01-01T20:18:23.044319+00:00
[2023-01-01T20:19:17.144+0000] {logging_mixin.py:137} INFO - PDF generated successfully
[2023-01-01T20:19:17.234+0000] {python.py:177} INFO - Done. Returned value was: None
[2023-01-01T20:19:17.253+0000] {taskinstance.py:1327} INFO - Marking task as SUCCESS. dag_id=nba-dag, task_id=load, execution_date=20230101T201823, start_date=20230101T201835, end_date=20230101T201917
[2023-01-01T20:19:17.383+0000] {local_task_job.py:159} INFO - Task exited with return code 0
[2023-01-01T20:19:17.416+0000] {taskinstance.py:2582} INFO - 1 downstream tasks scheduled from follow-on schedule check
