[2023-01-02T11:29:04.499+0000] {taskinstance.py:1087} INFO - Dependencies all met for <TaskInstance: nba-dag.extract scheduled__2023-01-01T11:29:00+00:00 [queued]>
[2023-01-02T11:29:04.523+0000] {taskinstance.py:1087} INFO - Dependencies all met for <TaskInstance: nba-dag.extract scheduled__2023-01-01T11:29:00+00:00 [queued]>
[2023-01-02T11:29:04.526+0000] {taskinstance.py:1283} INFO - 
--------------------------------------------------------------------------------
[2023-01-02T11:29:04.528+0000] {taskinstance.py:1284} INFO - Starting attempt 1 of 6
[2023-01-02T11:29:04.531+0000] {taskinstance.py:1285} INFO - 
--------------------------------------------------------------------------------
[2023-01-02T11:29:04.547+0000] {taskinstance.py:1304} INFO - Executing <Task(PythonOperator): extract> on 2023-01-01 11:29:00+00:00
[2023-01-02T11:29:04.556+0000] {standard_task_runner.py:55} INFO - Started process 56 to run task
[2023-01-02T11:29:04.561+0000] {standard_task_runner.py:82} INFO - Running: ['***', 'tasks', 'run', 'nba-dag', 'extract', 'scheduled__2023-01-01T11:29:00+00:00', '--job-id', '32', '--raw', '--subdir', 'DAGS_FOLDER/nba_dag.py', '--cfg-path', '/tmp/tmp_2q5rw75']
[2023-01-02T11:29:04.562+0000] {standard_task_runner.py:83} INFO - Job 32: Subtask extract
[2023-01-02T11:29:04.674+0000] {task_command.py:389} INFO - Running <TaskInstance: nba-dag.extract scheduled__2023-01-01T11:29:00+00:00 [running]> on host 7b186f3dc822
[2023-01-02T11:29:04.765+0000] {taskinstance.py:1513} INFO - Exporting the following env vars:
AIRFLOW_CTX_DAG_OWNER=Javier Prieto
AIRFLOW_CTX_DAG_ID=nba-dag
AIRFLOW_CTX_TASK_ID=extract
AIRFLOW_CTX_EXECUTION_DATE=2023-01-01T11:29:00+00:00
AIRFLOW_CTX_TRY_NUMBER=1
AIRFLOW_CTX_DAG_RUN_ID=scheduled__2023-01-01T11:29:00+00:00
[2023-01-02T11:29:05.620+0000] {python.py:177} INFO - Done. Returned value was: DATA EXTRACTED
[2023-01-02T11:29:05.664+0000] {taskinstance.py:1327} INFO - Marking task as SUCCESS. dag_id=nba-dag, task_id=extract, execution_date=20230101T112900, start_date=20230102T112904, end_date=20230102T112905
[2023-01-02T11:29:05.714+0000] {local_task_job.py:159} INFO - Task exited with return code 0
[2023-01-02T11:29:05.754+0000] {taskinstance.py:2582} INFO - 1 downstream tasks scheduled from follow-on schedule check
[2023-01-02T11:32:00.253+0000] {taskinstance.py:1087} INFO - Dependencies all met for <TaskInstance: nba-dag.extract scheduled__2023-01-01T11:29:00+00:00 [queued]>
[2023-01-02T11:32:00.282+0000] {taskinstance.py:1087} INFO - Dependencies all met for <TaskInstance: nba-dag.extract scheduled__2023-01-01T11:29:00+00:00 [queued]>
[2023-01-02T11:32:00.291+0000] {taskinstance.py:1283} INFO - 
--------------------------------------------------------------------------------
[2023-01-02T11:32:00.292+0000] {taskinstance.py:1284} INFO - Starting attempt 1 of 6
[2023-01-02T11:32:00.293+0000] {taskinstance.py:1285} INFO - 
--------------------------------------------------------------------------------
[2023-01-02T11:32:00.308+0000] {taskinstance.py:1304} INFO - Executing <Task(PythonOperator): extract> on 2023-01-01 11:29:00+00:00
[2023-01-02T11:32:00.320+0000] {standard_task_runner.py:55} INFO - Started process 74 to run task
[2023-01-02T11:32:00.328+0000] {standard_task_runner.py:82} INFO - Running: ['***', 'tasks', 'run', 'nba-dag', 'extract', 'scheduled__2023-01-01T11:29:00+00:00', '--job-id', '37', '--raw', '--subdir', 'DAGS_FOLDER/nba_dag.py', '--cfg-path', '/tmp/tmp_q6uzsbm']
[2023-01-02T11:32:00.329+0000] {standard_task_runner.py:83} INFO - Job 37: Subtask extract
[2023-01-02T11:32:00.462+0000] {task_command.py:389} INFO - Running <TaskInstance: nba-dag.extract scheduled__2023-01-01T11:29:00+00:00 [running]> on host 7b186f3dc822
[2023-01-02T11:32:00.533+0000] {taskinstance.py:1513} INFO - Exporting the following env vars:
AIRFLOW_CTX_DAG_OWNER=Javier Prieto
AIRFLOW_CTX_DAG_ID=nba-dag
AIRFLOW_CTX_TASK_ID=extract
AIRFLOW_CTX_EXECUTION_DATE=2023-01-01T11:29:00+00:00
AIRFLOW_CTX_TRY_NUMBER=1
AIRFLOW_CTX_DAG_RUN_ID=scheduled__2023-01-01T11:29:00+00:00
[2023-01-02T11:32:00.885+0000] {python.py:177} INFO - Done. Returned value was: DATA EXTRACTED
[2023-01-02T11:32:00.913+0000] {taskinstance.py:1327} INFO - Marking task as SUCCESS. dag_id=nba-dag, task_id=extract, execution_date=20230101T112900, start_date=20230102T113200, end_date=20230102T113200
[2023-01-02T11:32:00.952+0000] {local_task_job.py:159} INFO - Task exited with return code 0
[2023-01-02T11:32:01.000+0000] {taskinstance.py:2582} INFO - 1 downstream tasks scheduled from follow-on schedule check
