[2023-01-02T11:37:08.355+0000] {taskinstance.py:1087} INFO - Dependencies all met for <TaskInstance: nba-dag.extract scheduled__2023-01-01T11:37:00+00:00 [queued]>
[2023-01-02T11:37:08.365+0000] {taskinstance.py:1087} INFO - Dependencies all met for <TaskInstance: nba-dag.extract scheduled__2023-01-01T11:37:00+00:00 [queued]>
[2023-01-02T11:37:08.367+0000] {taskinstance.py:1283} INFO - 
--------------------------------------------------------------------------------
[2023-01-02T11:37:08.368+0000] {taskinstance.py:1284} INFO - Starting attempt 1 of 6
[2023-01-02T11:37:08.369+0000] {taskinstance.py:1285} INFO - 
--------------------------------------------------------------------------------
[2023-01-02T11:37:08.379+0000] {taskinstance.py:1304} INFO - Executing <Task(PythonOperator): extract> on 2023-01-01 11:37:00+00:00
[2023-01-02T11:37:08.388+0000] {standard_task_runner.py:55} INFO - Started process 56 to run task
[2023-01-02T11:37:08.425+0000] {standard_task_runner.py:82} INFO - Running: ['***', 'tasks', 'run', 'nba-dag', 'extract', 'scheduled__2023-01-01T11:37:00+00:00', '--job-id', '41', '--raw', '--subdir', 'DAGS_FOLDER/nba_dag.py', '--cfg-path', '/tmp/tmpkifke0z4']
[2023-01-02T11:37:08.443+0000] {standard_task_runner.py:83} INFO - Job 41: Subtask extract
[2023-01-02T11:37:08.518+0000] {task_command.py:389} INFO - Running <TaskInstance: nba-dag.extract scheduled__2023-01-01T11:37:00+00:00 [running]> on host 7b186f3dc822
[2023-01-02T11:37:08.579+0000] {taskinstance.py:1513} INFO - Exporting the following env vars:
AIRFLOW_CTX_DAG_OWNER=Javier Prieto
AIRFLOW_CTX_DAG_ID=nba-dag
AIRFLOW_CTX_TASK_ID=extract
AIRFLOW_CTX_EXECUTION_DATE=2023-01-01T11:37:00+00:00
AIRFLOW_CTX_TRY_NUMBER=1
AIRFLOW_CTX_DAG_RUN_ID=scheduled__2023-01-01T11:37:00+00:00
[2023-01-02T11:37:10.048+0000] {python.py:177} INFO - Done. Returned value was: DATA EXTRACTED
[2023-01-02T11:37:10.529+0000] {taskinstance.py:1327} INFO - Marking task as SUCCESS. dag_id=nba-dag, task_id=extract, execution_date=20230101T113700, start_date=20230102T113708, end_date=20230102T113710
[2023-01-02T11:37:10.809+0000] {local_task_job.py:159} INFO - Task exited with return code 0
[2023-01-02T11:37:10.956+0000] {taskinstance.py:2582} INFO - 1 downstream tasks scheduled from follow-on schedule check
