[2023-01-01T20:08:38.808+0000] {taskinstance.py:1087} INFO - Dependencies all met for <TaskInstance: nba-dag.extract manual__2023-01-01T20:08:31.042915+00:00 [queued]>
[2023-01-01T20:08:38.834+0000] {taskinstance.py:1087} INFO - Dependencies all met for <TaskInstance: nba-dag.extract manual__2023-01-01T20:08:31.042915+00:00 [queued]>
[2023-01-01T20:08:38.837+0000] {taskinstance.py:1283} INFO - 
--------------------------------------------------------------------------------
[2023-01-01T20:08:38.838+0000] {taskinstance.py:1284} INFO - Starting attempt 1 of 6
[2023-01-01T20:08:38.839+0000] {taskinstance.py:1285} INFO - 
--------------------------------------------------------------------------------
[2023-01-01T20:08:38.858+0000] {taskinstance.py:1304} INFO - Executing <Task(PythonOperator): extract> on 2023-01-01 20:08:31.042915+00:00
[2023-01-01T20:08:38.905+0000] {standard_task_runner.py:55} INFO - Started process 64 to run task
[2023-01-01T20:08:38.919+0000] {standard_task_runner.py:82} INFO - Running: ['***', 'tasks', 'run', 'nba-dag', 'extract', 'manual__2023-01-01T20:08:31.042915+00:00', '--job-id', '12', '--raw', '--subdir', 'DAGS_FOLDER/nba_dag.py', '--cfg-path', '/tmp/tmp08239cmh']
[2023-01-01T20:08:38.922+0000] {standard_task_runner.py:83} INFO - Job 12: Subtask extract
[2023-01-01T20:08:39.072+0000] {task_command.py:389} INFO - Running <TaskInstance: nba-dag.extract manual__2023-01-01T20:08:31.042915+00:00 [running]> on host 8bde35a245c7
[2023-01-01T20:08:39.299+0000] {taskinstance.py:1513} INFO - Exporting the following env vars:
AIRFLOW_CTX_DAG_OWNER=Javier Prieto
AIRFLOW_CTX_DAG_ID=nba-dag
AIRFLOW_CTX_TASK_ID=extract
AIRFLOW_CTX_EXECUTION_DATE=2023-01-01T20:08:31.042915+00:00
AIRFLOW_CTX_TRY_NUMBER=1
AIRFLOW_CTX_DAG_RUN_ID=manual__2023-01-01T20:08:31.042915+00:00
[2023-01-01T20:08:40.968+0000] {logging_mixin.py:137} INFO -       StatID  TeamID  PlayerID  ...  IsClosed  LineupConfirmed LineupStatus
0    1010778       1  20000441  ...     False             None    Scrambled
1    1011835      28  20000442  ...     False             None    Scrambled
2    1011081      10  20000443  ...     False             None    Scrambled
3    1011143      23  20000452  ...     False             None    Scrambled
4    1010929       5  20000453  ...     False             None    Scrambled
..       ...     ...       ...  ...       ...              ...          ...
508  1024554       4  20003007  ...     False             None    Scrambled
509  1011147       4  20003008  ...     False             None    Scrambled
510  1010873      17  20003009  ...     False             None    Scrambled
511  1011004      30  20003010  ...     False             None    Scrambled
512  1027066      19  20003019  ...     False             None    Scrambled

[513 rows x 58 columns]
[2023-01-01T20:08:40.971+0000] {logging_mixin.py:137} INFO - Boston Celtics
[2023-01-01T20:08:40.972+0000] {logging_mixin.py:137} INFO - DATA EXTRACTED
[2023-01-01T20:08:40.973+0000] {python.py:177} INFO - Done. Returned value was: None
[2023-01-01T20:08:41.035+0000] {taskinstance.py:1327} INFO - Marking task as SUCCESS. dag_id=nba-dag, task_id=extract, execution_date=20230101T200831, start_date=20230101T200838, end_date=20230101T200841
[2023-01-01T20:08:41.118+0000] {local_task_job.py:159} INFO - Task exited with return code 0
[2023-01-01T20:08:41.231+0000] {taskinstance.py:2582} INFO - 1 downstream tasks scheduled from follow-on schedule check
