[2023-01-02T08:53:45.756+0000] {taskinstance.py:1087} INFO - Dependencies all met for <TaskInstance: nba-dag.transform scheduled__2023-01-01T08:48:13.316846+00:00 [queued]>
[2023-01-02T08:53:45.766+0000] {taskinstance.py:1087} INFO - Dependencies all met for <TaskInstance: nba-dag.transform scheduled__2023-01-01T08:48:13.316846+00:00 [queued]>
[2023-01-02T08:53:45.767+0000] {taskinstance.py:1283} INFO - 
--------------------------------------------------------------------------------
[2023-01-02T08:53:45.767+0000] {taskinstance.py:1284} INFO - Starting attempt 2 of 6
[2023-01-02T08:53:45.768+0000] {taskinstance.py:1285} INFO - 
--------------------------------------------------------------------------------
[2023-01-02T08:53:45.778+0000] {taskinstance.py:1304} INFO - Executing <Task(PythonOperator): transform> on 2023-01-01 08:48:13.316846+00:00
[2023-01-02T08:53:45.786+0000] {standard_task_runner.py:55} INFO - Started process 55 to run task
[2023-01-02T08:53:45.791+0000] {standard_task_runner.py:82} INFO - Running: ['***', 'tasks', 'run', 'nba-dag', 'transform', 'scheduled__2023-01-01T08:48:13.316846+00:00', '--job-id', '56', '--raw', '--subdir', 'DAGS_FOLDER/nba_dag.py', '--cfg-path', '/tmp/tmpkbs390d6']
[2023-01-02T08:53:45.792+0000] {standard_task_runner.py:83} INFO - Job 56: Subtask transform
[2023-01-02T08:53:45.867+0000] {task_command.py:389} INFO - Running <TaskInstance: nba-dag.transform scheduled__2023-01-01T08:48:13.316846+00:00 [running]> on host 5aae96bd5c09
[2023-01-02T08:53:45.928+0000] {taskinstance.py:1513} INFO - Exporting the following env vars:
AIRFLOW_CTX_DAG_OWNER=Javier Prieto
AIRFLOW_CTX_DAG_ID=nba-dag
AIRFLOW_CTX_TASK_ID=transform
AIRFLOW_CTX_EXECUTION_DATE=2023-01-01T08:48:13.316846+00:00
AIRFLOW_CTX_TRY_NUMBER=2
AIRFLOW_CTX_DAG_RUN_ID=scheduled__2023-01-01T08:48:13.316846+00:00
[2023-01-02T08:53:46.086+0000] {python.py:177} INFO - Done. Returned value was: DATA TRANSFORMED
[2023-01-02T08:53:46.114+0000] {taskinstance.py:1327} INFO - Marking task as SUCCESS. dag_id=nba-dag, task_id=transform, execution_date=20230101T084813, start_date=20230102T085345, end_date=20230102T085346
[2023-01-02T08:53:46.164+0000] {local_task_job.py:159} INFO - Task exited with return code 0
[2023-01-02T08:53:46.184+0000] {taskinstance.py:2582} INFO - 1 downstream tasks scheduled from follow-on schedule check
