[2023-01-02T10:22:08.693+0000] {taskinstance.py:1087} INFO - Dependencies all met for <TaskInstance: nba-dag.load scheduled__2023-01-02T10:11:52.871548+00:00 [queued]>
[2023-01-02T10:22:08.700+0000] {taskinstance.py:1087} INFO - Dependencies all met for <TaskInstance: nba-dag.load scheduled__2023-01-02T10:11:52.871548+00:00 [queued]>
[2023-01-02T10:22:08.701+0000] {taskinstance.py:1283} INFO - 
--------------------------------------------------------------------------------
[2023-01-02T10:22:08.701+0000] {taskinstance.py:1284} INFO - Starting attempt 1 of 6
[2023-01-02T10:22:08.702+0000] {taskinstance.py:1285} INFO - 
--------------------------------------------------------------------------------
[2023-01-02T10:22:08.711+0000] {taskinstance.py:1304} INFO - Executing <Task(PythonOperator): load> on 2023-01-02 10:11:52.871548+00:00
[2023-01-02T10:22:08.720+0000] {standard_task_runner.py:55} INFO - Started process 71 to run task
[2023-01-02T10:22:08.725+0000] {standard_task_runner.py:82} INFO - Running: ['***', 'tasks', 'run', 'nba-dag', 'load', 'scheduled__2023-01-02T10:11:52.871548+00:00', '--job-id', '77', '--raw', '--subdir', 'DAGS_FOLDER/nba_dag.py', '--cfg-path', '/tmp/tmpl8_8imzd']
[2023-01-02T10:22:08.726+0000] {standard_task_runner.py:83} INFO - Job 77: Subtask load
[2023-01-02T10:22:08.800+0000] {task_command.py:389} INFO - Running <TaskInstance: nba-dag.load scheduled__2023-01-02T10:11:52.871548+00:00 [running]> on host 64c425265806
[2023-01-02T10:22:08.860+0000] {taskinstance.py:1513} INFO - Exporting the following env vars:
AIRFLOW_CTX_DAG_OWNER=Javier Prieto
AIRFLOW_CTX_DAG_ID=nba-dag
AIRFLOW_CTX_TASK_ID=load
AIRFLOW_CTX_EXECUTION_DATE=2023-01-02T10:11:52.871548+00:00
AIRFLOW_CTX_TRY_NUMBER=1
AIRFLOW_CTX_DAG_RUN_ID=scheduled__2023-01-02T10:11:52.871548+00:00
[2023-01-02T10:22:26.563+0000] {python.py:177} INFO - Done. Returned value was: PDF generated successfully
[2023-01-02T10:22:26.612+0000] {taskinstance.py:1327} INFO - Marking task as SUCCESS. dag_id=nba-dag, task_id=load, execution_date=20230102T101152, start_date=20230102T102208, end_date=20230102T102226
[2023-01-02T10:22:26.818+0000] {local_task_job.py:159} INFO - Task exited with return code 0
[2023-01-02T10:22:26.871+0000] {taskinstance.py:2582} INFO - 1 downstream tasks scheduled from follow-on schedule check
