[2023-01-02T10:21:56.473+0000] {taskinstance.py:1087} INFO - Dependencies all met for <TaskInstance: nba-dag.extract scheduled__2023-01-02T10:16:52.871548+00:00 [queued]>
[2023-01-02T10:21:56.484+0000] {taskinstance.py:1087} INFO - Dependencies all met for <TaskInstance: nba-dag.extract scheduled__2023-01-02T10:16:52.871548+00:00 [queued]>
[2023-01-02T10:21:56.485+0000] {taskinstance.py:1283} INFO - 
--------------------------------------------------------------------------------
[2023-01-02T10:21:56.485+0000] {taskinstance.py:1284} INFO - Starting attempt 1 of 6
[2023-01-02T10:21:56.486+0000] {taskinstance.py:1285} INFO - 
--------------------------------------------------------------------------------
[2023-01-02T10:21:56.496+0000] {taskinstance.py:1304} INFO - Executing <Task(PythonOperator): extract> on 2023-01-02 10:16:52.871548+00:00
[2023-01-02T10:21:56.535+0000] {standard_task_runner.py:55} INFO - Started process 56 to run task
[2023-01-02T10:21:56.543+0000] {standard_task_runner.py:82} INFO - Running: ['***', 'tasks', 'run', 'nba-dag', 'extract', 'scheduled__2023-01-02T10:16:52.871548+00:00', '--job-id', '72', '--raw', '--subdir', 'DAGS_FOLDER/nba_dag.py', '--cfg-path', '/tmp/tmp7_9aybq0']
[2023-01-02T10:21:56.546+0000] {standard_task_runner.py:83} INFO - Job 72: Subtask extract
[2023-01-02T10:21:56.718+0000] {task_command.py:389} INFO - Running <TaskInstance: nba-dag.extract scheduled__2023-01-02T10:16:52.871548+00:00 [running]> on host 64c425265806
[2023-01-02T10:21:56.821+0000] {taskinstance.py:1513} INFO - Exporting the following env vars:
AIRFLOW_CTX_DAG_OWNER=Javier Prieto
AIRFLOW_CTX_DAG_ID=nba-dag
AIRFLOW_CTX_TASK_ID=extract
AIRFLOW_CTX_EXECUTION_DATE=2023-01-02T10:16:52.871548+00:00
AIRFLOW_CTX_TRY_NUMBER=1
AIRFLOW_CTX_DAG_RUN_ID=scheduled__2023-01-02T10:16:52.871548+00:00
[2023-01-02T10:21:58.482+0000] {python.py:177} INFO - Done. Returned value was: DATA EXTRACTED
[2023-01-02T10:21:58.545+0000] {taskinstance.py:1327} INFO - Marking task as SUCCESS. dag_id=nba-dag, task_id=extract, execution_date=20230102T101652, start_date=20230102T102156, end_date=20230102T102158
[2023-01-02T10:21:58.620+0000] {local_task_job.py:159} INFO - Task exited with return code 0
[2023-01-02T10:21:58.677+0000] {taskinstance.py:2582} INFO - 1 downstream tasks scheduled from follow-on schedule check
