[2023-01-02T10:22:05.805+0000] {taskinstance.py:1087} INFO - Dependencies all met for <TaskInstance: nba-dag.transform scheduled__2023-01-02T10:11:52.871548+00:00 [queued]>
[2023-01-02T10:22:05.813+0000] {taskinstance.py:1087} INFO - Dependencies all met for <TaskInstance: nba-dag.transform scheduled__2023-01-02T10:11:52.871548+00:00 [queued]>
[2023-01-02T10:22:05.814+0000] {taskinstance.py:1283} INFO - 
--------------------------------------------------------------------------------
[2023-01-02T10:22:05.814+0000] {taskinstance.py:1284} INFO - Starting attempt 1 of 6
[2023-01-02T10:22:05.815+0000] {taskinstance.py:1285} INFO - 
--------------------------------------------------------------------------------
[2023-01-02T10:22:05.826+0000] {taskinstance.py:1304} INFO - Executing <Task(PythonOperator): transform> on 2023-01-02 10:11:52.871548+00:00
[2023-01-02T10:22:05.837+0000] {standard_task_runner.py:55} INFO - Started process 67 to run task
[2023-01-02T10:22:05.843+0000] {standard_task_runner.py:82} INFO - Running: ['***', 'tasks', 'run', 'nba-dag', 'transform', 'scheduled__2023-01-02T10:11:52.871548+00:00', '--job-id', '76', '--raw', '--subdir', 'DAGS_FOLDER/nba_dag.py', '--cfg-path', '/tmp/tmpq253lp_2']
[2023-01-02T10:22:05.845+0000] {standard_task_runner.py:83} INFO - Job 76: Subtask transform
[2023-01-02T10:22:05.908+0000] {task_command.py:389} INFO - Running <TaskInstance: nba-dag.transform scheduled__2023-01-02T10:11:52.871548+00:00 [running]> on host 64c425265806
[2023-01-02T10:22:05.989+0000] {taskinstance.py:1513} INFO - Exporting the following env vars:
AIRFLOW_CTX_DAG_OWNER=Javier Prieto
AIRFLOW_CTX_DAG_ID=nba-dag
AIRFLOW_CTX_TASK_ID=transform
AIRFLOW_CTX_EXECUTION_DATE=2023-01-02T10:11:52.871548+00:00
AIRFLOW_CTX_TRY_NUMBER=1
AIRFLOW_CTX_DAG_RUN_ID=scheduled__2023-01-02T10:11:52.871548+00:00
[2023-01-02T10:22:06.179+0000] {python.py:177} INFO - Done. Returned value was: DATA TRANSFORMED
[2023-01-02T10:22:06.211+0000] {taskinstance.py:1327} INFO - Marking task as SUCCESS. dag_id=nba-dag, task_id=transform, execution_date=20230102T101152, start_date=20230102T102205, end_date=20230102T102206
[2023-01-02T10:22:06.258+0000] {local_task_job.py:159} INFO - Task exited with return code 0
[2023-01-02T10:22:06.284+0000] {taskinstance.py:2582} INFO - 1 downstream tasks scheduled from follow-on schedule check
