[2023-01-02T11:37:48.493+0000] {taskinstance.py:1087} INFO - Dependencies all met for <TaskInstance: nba-dag.pronostico_load scheduled__2023-01-01T11:29:00+00:00 [queued]>
[2023-01-02T11:37:48.501+0000] {taskinstance.py:1087} INFO - Dependencies all met for <TaskInstance: nba-dag.pronostico_load scheduled__2023-01-01T11:29:00+00:00 [queued]>
[2023-01-02T11:37:48.502+0000] {taskinstance.py:1283} INFO - 
--------------------------------------------------------------------------------
[2023-01-02T11:37:48.502+0000] {taskinstance.py:1284} INFO - Starting attempt 1 of 6
[2023-01-02T11:37:48.503+0000] {taskinstance.py:1285} INFO - 
--------------------------------------------------------------------------------
[2023-01-02T11:37:48.511+0000] {taskinstance.py:1304} INFO - Executing <Task(PythonOperator): pronostico_load> on 2023-01-01 11:29:00+00:00
[2023-01-02T11:37:48.522+0000] {standard_task_runner.py:55} INFO - Started process 80 to run task
[2023-01-02T11:37:48.527+0000] {standard_task_runner.py:82} INFO - Running: ['***', 'tasks', 'run', 'nba-dag', 'pronostico_load', 'scheduled__2023-01-01T11:29:00+00:00', '--job-id', '47', '--raw', '--subdir', 'DAGS_FOLDER/nba_dag.py', '--cfg-path', '/tmp/tmp6z7zbi45']
[2023-01-02T11:37:48.529+0000] {standard_task_runner.py:83} INFO - Job 47: Subtask pronostico_load
[2023-01-02T11:37:48.633+0000] {task_command.py:389} INFO - Running <TaskInstance: nba-dag.pronostico_load scheduled__2023-01-01T11:29:00+00:00 [running]> on host 7b186f3dc822
[2023-01-02T11:37:48.716+0000] {taskinstance.py:1513} INFO - Exporting the following env vars:
AIRFLOW_CTX_DAG_OWNER=Javier Prieto
AIRFLOW_CTX_DAG_ID=nba-dag
AIRFLOW_CTX_TASK_ID=pronostico_load
AIRFLOW_CTX_EXECUTION_DATE=2023-01-01T11:29:00+00:00
AIRFLOW_CTX_TRY_NUMBER=1
AIRFLOW_CTX_DAG_RUN_ID=scheduled__2023-01-01T11:29:00+00:00
[2023-01-02T11:37:48.723+0000] {python.py:177} INFO - Done. Returned value was: None
[2023-01-02T11:37:48.740+0000] {taskinstance.py:1327} INFO - Marking task as SUCCESS. dag_id=nba-dag, task_id=pronostico_load, execution_date=20230101T112900, start_date=20230102T113748, end_date=20230102T113748
[2023-01-02T11:37:48.783+0000] {local_task_job.py:159} INFO - Task exited with return code 0
[2023-01-02T11:37:48.802+0000] {taskinstance.py:2582} INFO - 0 downstream tasks scheduled from follow-on schedule check
