[2023-01-02T10:39:26.661+0000] {taskinstance.py:1087} INFO - Dependencies all met for <TaskInstance: nba-dag.extract scheduled__2022-12-31T10:48:00+00:00 [queued]>
[2023-01-02T10:39:26.709+0000] {taskinstance.py:1087} INFO - Dependencies all met for <TaskInstance: nba-dag.extract scheduled__2022-12-31T10:48:00+00:00 [queued]>
[2023-01-02T10:39:26.712+0000] {taskinstance.py:1283} INFO - 
--------------------------------------------------------------------------------
[2023-01-02T10:39:26.719+0000] {taskinstance.py:1284} INFO - Starting attempt 1 of 6
[2023-01-02T10:39:26.724+0000] {taskinstance.py:1285} INFO - 
--------------------------------------------------------------------------------
[2023-01-02T10:39:26.802+0000] {taskinstance.py:1304} INFO - Executing <Task(PythonOperator): extract> on 2022-12-31 10:48:00+00:00
[2023-01-02T10:39:26.844+0000] {standard_task_runner.py:55} INFO - Started process 59 to run task
[2023-01-02T10:39:26.859+0000] {standard_task_runner.py:82} INFO - Running: ['***', 'tasks', 'run', 'nba-dag', 'extract', 'scheduled__2022-12-31T10:48:00+00:00', '--job-id', '18', '--raw', '--subdir', 'DAGS_FOLDER/nba_dag.py', '--cfg-path', '/tmp/tmptz80te8r']
[2023-01-02T10:39:26.869+0000] {standard_task_runner.py:83} INFO - Job 18: Subtask extract
[2023-01-02T10:39:27.141+0000] {task_command.py:389} INFO - Running <TaskInstance: nba-dag.extract scheduled__2022-12-31T10:48:00+00:00 [running]> on host 7b186f3dc822
[2023-01-02T10:39:27.555+0000] {taskinstance.py:1513} INFO - Exporting the following env vars:
AIRFLOW_CTX_DAG_OWNER=Javier Prieto
AIRFLOW_CTX_DAG_ID=nba-dag
AIRFLOW_CTX_TASK_ID=extract
AIRFLOW_CTX_EXECUTION_DATE=2022-12-31T10:48:00+00:00
AIRFLOW_CTX_TRY_NUMBER=1
AIRFLOW_CTX_DAG_RUN_ID=scheduled__2022-12-31T10:48:00+00:00
[2023-01-02T10:39:29.452+0000] {python.py:177} INFO - Done. Returned value was: DATA EXTRACTED
[2023-01-02T10:39:29.618+0000] {taskinstance.py:1327} INFO - Marking task as SUCCESS. dag_id=nba-dag, task_id=extract, execution_date=20221231T104800, start_date=20230102T103926, end_date=20230102T103929
[2023-01-02T10:39:29.782+0000] {local_task_job.py:159} INFO - Task exited with return code 0
[2023-01-02T10:39:29.876+0000] {taskinstance.py:2582} INFO - 1 downstream tasks scheduled from follow-on schedule check
