[2023-01-02T08:24:49.916+0000] {taskinstance.py:1087} INFO - Dependencies all met for <TaskInstance: nba-dag.extract manual__2023-01-02T08:24:45.393759+00:00 [queued]>
[2023-01-02T08:24:49.924+0000] {taskinstance.py:1087} INFO - Dependencies all met for <TaskInstance: nba-dag.extract manual__2023-01-02T08:24:45.393759+00:00 [queued]>
[2023-01-02T08:24:49.924+0000] {taskinstance.py:1283} INFO - 
--------------------------------------------------------------------------------
[2023-01-02T08:24:49.925+0000] {taskinstance.py:1284} INFO - Starting attempt 1 of 6
[2023-01-02T08:24:49.925+0000] {taskinstance.py:1285} INFO - 
--------------------------------------------------------------------------------
[2023-01-02T08:24:49.934+0000] {taskinstance.py:1304} INFO - Executing <Task(PythonOperator): extract> on 2023-01-02 08:24:45.393759+00:00
[2023-01-02T08:24:49.944+0000] {standard_task_runner.py:55} INFO - Started process 63 to run task
[2023-01-02T08:24:49.948+0000] {standard_task_runner.py:82} INFO - Running: ['***', 'tasks', 'run', 'nba-dag', 'extract', 'manual__2023-01-02T08:24:45.393759+00:00', '--job-id', '41', '--raw', '--subdir', 'DAGS_FOLDER/nba_dag.py', '--cfg-path', '/tmp/tmpw9gjnkox']
[2023-01-02T08:24:49.949+0000] {standard_task_runner.py:83} INFO - Job 41: Subtask extract
[2023-01-02T08:24:50.043+0000] {task_command.py:389} INFO - Running <TaskInstance: nba-dag.extract manual__2023-01-02T08:24:45.393759+00:00 [running]> on host edec3cf45bd6
[2023-01-02T08:24:50.099+0000] {taskinstance.py:1513} INFO - Exporting the following env vars:
AIRFLOW_CTX_DAG_OWNER=Javier Prieto
AIRFLOW_CTX_DAG_ID=nba-dag
AIRFLOW_CTX_TASK_ID=extract
AIRFLOW_CTX_EXECUTION_DATE=2023-01-02T08:24:45.393759+00:00
AIRFLOW_CTX_TRY_NUMBER=1
AIRFLOW_CTX_DAG_RUN_ID=manual__2023-01-02T08:24:45.393759+00:00
[2023-01-02T08:24:51.372+0000] {python.py:177} INFO - Done. Returned value was: DATA EXTRACTED
[2023-01-02T08:24:51.396+0000] {taskinstance.py:1327} INFO - Marking task as SUCCESS. dag_id=nba-dag, task_id=extract, execution_date=20230102T082445, start_date=20230102T082449, end_date=20230102T082451
[2023-01-02T08:24:51.419+0000] {local_task_job.py:159} INFO - Task exited with return code 0
[2023-01-02T08:24:51.444+0000] {taskinstance.py:2582} INFO - 1 downstream tasks scheduled from follow-on schedule check
