[2023-01-02T10:33:02.400+0000] {taskinstance.py:1087} INFO - Dependencies all met for <TaskInstance: nba-dag.extract scheduled__2023-01-01T10:33:00+00:00 [queued]>
[2023-01-02T10:33:02.407+0000] {taskinstance.py:1087} INFO - Dependencies all met for <TaskInstance: nba-dag.extract scheduled__2023-01-01T10:33:00+00:00 [queued]>
[2023-01-02T10:33:02.408+0000] {taskinstance.py:1283} INFO - 
--------------------------------------------------------------------------------
[2023-01-02T10:33:02.409+0000] {taskinstance.py:1284} INFO - Starting attempt 1 of 6
[2023-01-02T10:33:02.409+0000] {taskinstance.py:1285} INFO - 
--------------------------------------------------------------------------------
[2023-01-02T10:33:02.419+0000] {taskinstance.py:1304} INFO - Executing <Task(PythonOperator): extract> on 2023-01-01 10:33:00+00:00
[2023-01-02T10:33:02.457+0000] {standard_task_runner.py:55} INFO - Started process 56 to run task
[2023-01-02T10:33:02.466+0000] {standard_task_runner.py:82} INFO - Running: ['***', 'tasks', 'run', 'nba-dag', 'extract', 'scheduled__2023-01-01T10:33:00+00:00', '--job-id', '87', '--raw', '--subdir', 'DAGS_FOLDER/nba_dag.py', '--cfg-path', '/tmp/tmpy98xc9yy']
[2023-01-02T10:33:02.468+0000] {standard_task_runner.py:83} INFO - Job 87: Subtask extract
[2023-01-02T10:33:02.539+0000] {task_command.py:389} INFO - Running <TaskInstance: nba-dag.extract scheduled__2023-01-01T10:33:00+00:00 [running]> on host 64c425265806
[2023-01-02T10:33:02.609+0000] {taskinstance.py:1513} INFO - Exporting the following env vars:
AIRFLOW_CTX_DAG_OWNER=Javier Prieto
AIRFLOW_CTX_DAG_ID=nba-dag
AIRFLOW_CTX_TASK_ID=extract
AIRFLOW_CTX_EXECUTION_DATE=2023-01-01T10:33:00+00:00
AIRFLOW_CTX_TRY_NUMBER=1
AIRFLOW_CTX_DAG_RUN_ID=scheduled__2023-01-01T10:33:00+00:00
[2023-01-02T10:33:04.297+0000] {python.py:177} INFO - Done. Returned value was: DATA EXTRACTED
[2023-01-02T10:33:04.334+0000] {taskinstance.py:1327} INFO - Marking task as SUCCESS. dag_id=nba-dag, task_id=extract, execution_date=20230101T103300, start_date=20230102T103302, end_date=20230102T103304
[2023-01-02T10:33:04.405+0000] {local_task_job.py:159} INFO - Task exited with return code 0
[2023-01-02T10:33:04.459+0000] {taskinstance.py:2582} INFO - 1 downstream tasks scheduled from follow-on schedule check
