[2023-01-01T20:30:29.569+0000] {taskinstance.py:1087} INFO - Dependencies all met for <TaskInstance: nba-dag.pronostico manual__2023-01-01T20:08:31.042915+00:00 [queued]>
[2023-01-01T20:30:29.574+0000] {taskinstance.py:1087} INFO - Dependencies all met for <TaskInstance: nba-dag.pronostico manual__2023-01-01T20:08:31.042915+00:00 [queued]>
[2023-01-01T20:30:29.575+0000] {taskinstance.py:1283} INFO - 
--------------------------------------------------------------------------------
[2023-01-01T20:30:29.576+0000] {taskinstance.py:1284} INFO - Starting attempt 3 of 6
[2023-01-01T20:30:29.576+0000] {taskinstance.py:1285} INFO - 
--------------------------------------------------------------------------------
[2023-01-01T20:30:29.584+0000] {taskinstance.py:1304} INFO - Executing <Task(PythonOperator): pronostico> on 2023-01-01 20:08:31.042915+00:00
[2023-01-01T20:30:29.591+0000] {standard_task_runner.py:55} INFO - Started process 94 to run task
[2023-01-01T20:30:29.595+0000] {standard_task_runner.py:82} INFO - Running: ['***', 'tasks', 'run', 'nba-dag', 'pronostico', 'manual__2023-01-01T20:08:31.042915+00:00', '--job-id', '28', '--raw', '--subdir', 'DAGS_FOLDER/nba_dag.py', '--cfg-path', '/tmp/tmpl9hf976p']
[2023-01-01T20:30:29.596+0000] {standard_task_runner.py:83} INFO - Job 28: Subtask pronostico
[2023-01-01T20:30:29.657+0000] {task_command.py:389} INFO - Running <TaskInstance: nba-dag.pronostico manual__2023-01-01T20:08:31.042915+00:00 [running]> on host 22057e40c386
[2023-01-01T20:30:29.705+0000] {taskinstance.py:1513} INFO - Exporting the following env vars:
AIRFLOW_CTX_DAG_OWNER=Javier Prieto
AIRFLOW_CTX_DAG_ID=nba-dag
AIRFLOW_CTX_TASK_ID=pronostico
AIRFLOW_CTX_EXECUTION_DATE=2023-01-01T20:08:31.042915+00:00
AIRFLOW_CTX_TRY_NUMBER=3
AIRFLOW_CTX_DAG_RUN_ID=manual__2023-01-01T20:08:31.042915+00:00
[2023-01-01T20:30:30.655+0000] {python.py:177} INFO - Done. Returned value was: None
[2023-01-01T20:30:30.665+0000] {taskinstance.py:1327} INFO - Marking task as SUCCESS. dag_id=nba-dag, task_id=pronostico, execution_date=20230101T200831, start_date=20230101T203029, end_date=20230101T203030
[2023-01-01T20:30:30.706+0000] {local_task_job.py:159} INFO - Task exited with return code 0
[2023-01-01T20:30:30.721+0000] {taskinstance.py:2582} INFO - 0 downstream tasks scheduled from follow-on schedule check
