[2023-01-02T10:28:32.568+0000] {taskinstance.py:1087} INFO - Dependencies all met for <TaskInstance: nba-dag.pronostico scheduled__2023-01-01T10:28:00+00:00 [queued]>
[2023-01-02T10:28:32.578+0000] {taskinstance.py:1087} INFO - Dependencies all met for <TaskInstance: nba-dag.pronostico scheduled__2023-01-01T10:28:00+00:00 [queued]>
[2023-01-02T10:28:32.579+0000] {taskinstance.py:1283} INFO - 
--------------------------------------------------------------------------------
[2023-01-02T10:28:32.583+0000] {taskinstance.py:1284} INFO - Starting attempt 1 of 6
[2023-01-02T10:28:32.584+0000] {taskinstance.py:1285} INFO - 
--------------------------------------------------------------------------------
[2023-01-02T10:28:32.605+0000] {taskinstance.py:1304} INFO - Executing <Task(PythonOperator): pronostico> on 2023-01-01 10:28:00+00:00
[2023-01-02T10:28:32.619+0000] {standard_task_runner.py:55} INFO - Started process 77 to run task
[2023-01-02T10:28:32.625+0000] {standard_task_runner.py:82} INFO - Running: ['***', 'tasks', 'run', 'nba-dag', 'pronostico', 'scheduled__2023-01-01T10:28:00+00:00', '--job-id', '85', '--raw', '--subdir', 'DAGS_FOLDER/nba_dag.py', '--cfg-path', '/tmp/tmpq_ac6kdb']
[2023-01-02T10:28:32.627+0000] {standard_task_runner.py:83} INFO - Job 85: Subtask pronostico
[2023-01-02T10:28:32.698+0000] {task_command.py:389} INFO - Running <TaskInstance: nba-dag.pronostico scheduled__2023-01-01T10:28:00+00:00 [running]> on host 64c425265806
[2023-01-02T10:28:32.767+0000] {taskinstance.py:1513} INFO - Exporting the following env vars:
AIRFLOW_CTX_DAG_OWNER=Javier Prieto
AIRFLOW_CTX_DAG_ID=nba-dag
AIRFLOW_CTX_TASK_ID=pronostico
AIRFLOW_CTX_EXECUTION_DATE=2023-01-01T10:28:00+00:00
AIRFLOW_CTX_TRY_NUMBER=1
AIRFLOW_CTX_DAG_RUN_ID=scheduled__2023-01-01T10:28:00+00:00
[2023-01-02T10:28:33.003+0000] {python.py:177} INFO - Done. Returned value was: None
[2023-01-02T10:28:33.016+0000] {taskinstance.py:1327} INFO - Marking task as SUCCESS. dag_id=nba-dag, task_id=pronostico, execution_date=20230101T102800, start_date=20230102T102832, end_date=20230102T102833
[2023-01-02T10:28:33.040+0000] {local_task_job.py:159} INFO - Task exited with return code 0
[2023-01-02T10:28:33.058+0000] {taskinstance.py:2582} INFO - 0 downstream tasks scheduled from follow-on schedule check
