[2023-01-02T11:25:13.604+0000] {taskinstance.py:1087} INFO - Dependencies all met for <TaskInstance: nba-dag.load scheduled__2023-01-01T11:25:00+00:00 [queued]>
[2023-01-02T11:25:13.611+0000] {taskinstance.py:1087} INFO - Dependencies all met for <TaskInstance: nba-dag.load scheduled__2023-01-01T11:25:00+00:00 [queued]>
[2023-01-02T11:25:13.611+0000] {taskinstance.py:1283} INFO - 
--------------------------------------------------------------------------------
[2023-01-02T11:25:13.612+0000] {taskinstance.py:1284} INFO - Starting attempt 1 of 6
[2023-01-02T11:25:13.612+0000] {taskinstance.py:1285} INFO - 
--------------------------------------------------------------------------------
[2023-01-02T11:25:13.623+0000] {taskinstance.py:1304} INFO - Executing <Task(PythonOperator): load> on 2023-01-01 11:25:00+00:00
[2023-01-02T11:25:13.638+0000] {standard_task_runner.py:55} INFO - Started process 65 to run task
[2023-01-02T11:25:13.648+0000] {standard_task_runner.py:82} INFO - Running: ['***', 'tasks', 'run', 'nba-dag', 'load', 'scheduled__2023-01-01T11:25:00+00:00', '--job-id', '30', '--raw', '--subdir', 'DAGS_FOLDER/nba_dag.py', '--cfg-path', '/tmp/tmpnca1r8ma']
[2023-01-02T11:25:13.649+0000] {standard_task_runner.py:83} INFO - Job 30: Subtask load
[2023-01-02T11:25:13.773+0000] {task_command.py:389} INFO - Running <TaskInstance: nba-dag.load scheduled__2023-01-01T11:25:00+00:00 [running]> on host 7b186f3dc822
[2023-01-02T11:25:13.852+0000] {taskinstance.py:1513} INFO - Exporting the following env vars:
AIRFLOW_CTX_DAG_OWNER=Javier Prieto
AIRFLOW_CTX_DAG_ID=nba-dag
AIRFLOW_CTX_TASK_ID=load
AIRFLOW_CTX_EXECUTION_DATE=2023-01-01T11:25:00+00:00
AIRFLOW_CTX_TRY_NUMBER=1
AIRFLOW_CTX_DAG_RUN_ID=scheduled__2023-01-01T11:25:00+00:00
[2023-01-02T11:25:39.755+0000] {python.py:177} INFO - Done. Returned value was: PDF generated successfully
[2023-01-02T11:25:39.842+0000] {taskinstance.py:1327} INFO - Marking task as SUCCESS. dag_id=nba-dag, task_id=load, execution_date=20230101T112500, start_date=20230102T112513, end_date=20230102T112539
[2023-01-02T11:25:40.082+0000] {local_task_job.py:159} INFO - Task exited with return code 0
[2023-01-02T11:25:40.152+0000] {taskinstance.py:2582} INFO - 0 downstream tasks scheduled from follow-on schedule check
