[2023-01-02T08:37:22.699+0000] {taskinstance.py:1087} INFO - Dependencies all met for <TaskInstance: nba-dag.pronostico manual__2023-01-02T08:31:12.210823+00:00 [queued]>
[2023-01-02T08:37:22.706+0000] {taskinstance.py:1087} INFO - Dependencies all met for <TaskInstance: nba-dag.pronostico manual__2023-01-02T08:31:12.210823+00:00 [queued]>
[2023-01-02T08:37:22.707+0000] {taskinstance.py:1283} INFO - 
--------------------------------------------------------------------------------
[2023-01-02T08:37:22.708+0000] {taskinstance.py:1284} INFO - Starting attempt 2 of 6
[2023-01-02T08:37:22.708+0000] {taskinstance.py:1285} INFO - 
--------------------------------------------------------------------------------
[2023-01-02T08:37:22.717+0000] {taskinstance.py:1304} INFO - Executing <Task(PythonOperator): pronostico> on 2023-01-02 08:31:12.210823+00:00
[2023-01-02T08:37:22.724+0000] {standard_task_runner.py:55} INFO - Started process 58 to run task
[2023-01-02T08:37:22.728+0000] {standard_task_runner.py:82} INFO - Running: ['***', 'tasks', 'run', 'nba-dag', 'pronostico', 'manual__2023-01-02T08:31:12.210823+00:00', '--job-id', '51', '--raw', '--subdir', 'DAGS_FOLDER/nba_dag.py', '--cfg-path', '/tmp/tmp6czw4r0g']
[2023-01-02T08:37:22.730+0000] {standard_task_runner.py:83} INFO - Job 51: Subtask pronostico
[2023-01-02T08:37:22.849+0000] {task_command.py:389} INFO - Running <TaskInstance: nba-dag.pronostico manual__2023-01-02T08:31:12.210823+00:00 [running]> on host 0a5814373e58
[2023-01-02T08:37:22.974+0000] {taskinstance.py:1513} INFO - Exporting the following env vars:
AIRFLOW_CTX_DAG_OWNER=Javier Prieto
AIRFLOW_CTX_DAG_ID=nba-dag
AIRFLOW_CTX_TASK_ID=pronostico
AIRFLOW_CTX_EXECUTION_DATE=2023-01-02T08:31:12.210823+00:00
AIRFLOW_CTX_TRY_NUMBER=2
AIRFLOW_CTX_DAG_RUN_ID=manual__2023-01-02T08:31:12.210823+00:00
[2023-01-02T08:37:23.234+0000] {python.py:177} INFO - Done. Returned value was: None
[2023-01-02T08:37:23.246+0000] {taskinstance.py:1327} INFO - Marking task as SUCCESS. dag_id=nba-dag, task_id=pronostico, execution_date=20230102T083112, start_date=20230102T083722, end_date=20230102T083723
[2023-01-02T08:37:23.309+0000] {local_task_job.py:159} INFO - Task exited with return code 0
[2023-01-02T08:37:23.326+0000] {taskinstance.py:2582} INFO - 0 downstream tasks scheduled from follow-on schedule check
