[2023-01-02T10:48:09.579+0000] {taskinstance.py:1087} INFO - Dependencies all met for <TaskInstance: nba-dag.transform scheduled__2023-01-01T10:48:00+00:00 [queued]>
[2023-01-02T10:48:09.588+0000] {taskinstance.py:1087} INFO - Dependencies all met for <TaskInstance: nba-dag.transform scheduled__2023-01-01T10:48:00+00:00 [queued]>
[2023-01-02T10:48:09.589+0000] {taskinstance.py:1283} INFO - 
--------------------------------------------------------------------------------
[2023-01-02T10:48:09.589+0000] {taskinstance.py:1284} INFO - Starting attempt 1 of 6
[2023-01-02T10:48:09.590+0000] {taskinstance.py:1285} INFO - 
--------------------------------------------------------------------------------
[2023-01-02T10:48:09.601+0000] {taskinstance.py:1304} INFO - Executing <Task(PythonOperator): transform> on 2023-01-01 10:48:00+00:00
[2023-01-02T10:48:09.612+0000] {standard_task_runner.py:55} INFO - Started process 77 to run task
[2023-01-02T10:48:09.617+0000] {standard_task_runner.py:82} INFO - Running: ['***', 'tasks', 'run', 'nba-dag', 'transform', 'scheduled__2023-01-01T10:48:00+00:00', '--job-id', '23', '--raw', '--subdir', 'DAGS_FOLDER/nba_dag.py', '--cfg-path', '/tmp/tmpxkf_ea1j']
[2023-01-02T10:48:09.618+0000] {standard_task_runner.py:83} INFO - Job 23: Subtask transform
[2023-01-02T10:48:09.684+0000] {task_command.py:389} INFO - Running <TaskInstance: nba-dag.transform scheduled__2023-01-01T10:48:00+00:00 [running]> on host 7b186f3dc822
[2023-01-02T10:48:09.738+0000] {taskinstance.py:1513} INFO - Exporting the following env vars:
AIRFLOW_CTX_DAG_OWNER=Javier Prieto
AIRFLOW_CTX_DAG_ID=nba-dag
AIRFLOW_CTX_TASK_ID=transform
AIRFLOW_CTX_EXECUTION_DATE=2023-01-01T10:48:00+00:00
AIRFLOW_CTX_TRY_NUMBER=1
AIRFLOW_CTX_DAG_RUN_ID=scheduled__2023-01-01T10:48:00+00:00
[2023-01-02T10:48:09.943+0000] {python.py:177} INFO - Done. Returned value was: DATA TRANSFORMED
[2023-01-02T10:48:09.976+0000] {taskinstance.py:1327} INFO - Marking task as SUCCESS. dag_id=nba-dag, task_id=transform, execution_date=20230101T104800, start_date=20230102T104809, end_date=20230102T104809
[2023-01-02T10:48:10.036+0000] {local_task_job.py:159} INFO - Task exited with return code 0
[2023-01-02T10:48:10.071+0000] {taskinstance.py:2582} INFO - 1 downstream tasks scheduled from follow-on schedule check
