[2023-01-01T19:56:19.975+0000] {taskinstance.py:1087} INFO - Dependencies all met for <TaskInstance: nba-dag.extract manual__2023-01-01T19:46:06.117940+00:00 [queued]>
[2023-01-01T19:56:19.989+0000] {taskinstance.py:1087} INFO - Dependencies all met for <TaskInstance: nba-dag.extract manual__2023-01-01T19:46:06.117940+00:00 [queued]>
[2023-01-01T19:56:19.990+0000] {taskinstance.py:1283} INFO - 
--------------------------------------------------------------------------------
[2023-01-01T19:56:19.991+0000] {taskinstance.py:1284} INFO - Starting attempt 2 of 6
[2023-01-01T19:56:19.992+0000] {taskinstance.py:1285} INFO - 
--------------------------------------------------------------------------------
[2023-01-01T19:56:20.011+0000] {taskinstance.py:1304} INFO - Executing <Task(PythonOperator): extract> on 2023-01-01 19:46:06.117940+00:00
[2023-01-01T19:56:20.027+0000] {standard_task_runner.py:55} INFO - Started process 58 to run task
[2023-01-01T19:56:20.034+0000] {standard_task_runner.py:82} INFO - Running: ['***', 'tasks', 'run', 'nba-dag', 'extract', 'manual__2023-01-01T19:46:06.117940+00:00', '--job-id', '5', '--raw', '--subdir', 'DAGS_FOLDER/nba_dag.py', '--cfg-path', '/tmp/tmp9n2k03e9']
[2023-01-01T19:56:20.036+0000] {standard_task_runner.py:83} INFO - Job 5: Subtask extract
[2023-01-01T19:56:20.187+0000] {task_command.py:389} INFO - Running <TaskInstance: nba-dag.extract manual__2023-01-01T19:46:06.117940+00:00 [running]> on host b9d509e49129
[2023-01-01T19:56:20.287+0000] {taskinstance.py:1513} INFO - Exporting the following env vars:
AIRFLOW_CTX_DAG_OWNER=Javier Prieto
AIRFLOW_CTX_DAG_ID=nba-dag
AIRFLOW_CTX_TASK_ID=extract
AIRFLOW_CTX_EXECUTION_DATE=2023-01-01T19:46:06.117940+00:00
AIRFLOW_CTX_TRY_NUMBER=2
AIRFLOW_CTX_DAG_RUN_ID=manual__2023-01-01T19:46:06.117940+00:00
[2023-01-01T19:56:21.739+0000] {python.py:177} INFO - Done. Returned value was: None
[2023-01-01T19:56:21.783+0000] {taskinstance.py:1327} INFO - Marking task as SUCCESS. dag_id=nba-dag, task_id=extract, execution_date=20230101T194606, start_date=20230101T195619, end_date=20230101T195621
[2023-01-01T19:56:21.861+0000] {local_task_job.py:159} INFO - Task exited with return code 0
[2023-01-01T19:56:21.971+0000] {taskinstance.py:2582} INFO - 0 downstream tasks scheduled from follow-on schedule check
