[2023-01-02T11:29:08.163+0000] {taskinstance.py:1087} INFO - Dependencies all met for <TaskInstance: nba-dag.transform scheduled__2023-01-01T11:29:00+00:00 [queued]>
[2023-01-02T11:29:08.170+0000] {taskinstance.py:1087} INFO - Dependencies all met for <TaskInstance: nba-dag.transform scheduled__2023-01-01T11:29:00+00:00 [queued]>
[2023-01-02T11:29:08.170+0000] {taskinstance.py:1283} INFO - 
--------------------------------------------------------------------------------
[2023-01-02T11:29:08.171+0000] {taskinstance.py:1284} INFO - Starting attempt 1 of 6
[2023-01-02T11:29:08.171+0000] {taskinstance.py:1285} INFO - 
--------------------------------------------------------------------------------
[2023-01-02T11:29:08.179+0000] {taskinstance.py:1304} INFO - Executing <Task(PythonOperator): transform> on 2023-01-01 11:29:00+00:00
[2023-01-02T11:29:08.195+0000] {standard_task_runner.py:55} INFO - Started process 59 to run task
[2023-01-02T11:29:08.205+0000] {standard_task_runner.py:82} INFO - Running: ['***', 'tasks', 'run', 'nba-dag', 'transform', 'scheduled__2023-01-01T11:29:00+00:00', '--job-id', '33', '--raw', '--subdir', 'DAGS_FOLDER/nba_dag.py', '--cfg-path', '/tmp/tmpepfh6a41']
[2023-01-02T11:29:08.206+0000] {standard_task_runner.py:83} INFO - Job 33: Subtask transform
[2023-01-02T11:29:08.303+0000] {task_command.py:389} INFO - Running <TaskInstance: nba-dag.transform scheduled__2023-01-01T11:29:00+00:00 [running]> on host 7b186f3dc822
[2023-01-02T11:29:08.375+0000] {taskinstance.py:1513} INFO - Exporting the following env vars:
AIRFLOW_CTX_DAG_OWNER=Javier Prieto
AIRFLOW_CTX_DAG_ID=nba-dag
AIRFLOW_CTX_TASK_ID=transform
AIRFLOW_CTX_EXECUTION_DATE=2023-01-01T11:29:00+00:00
AIRFLOW_CTX_TRY_NUMBER=1
AIRFLOW_CTX_DAG_RUN_ID=scheduled__2023-01-01T11:29:00+00:00
[2023-01-02T11:29:08.566+0000] {python.py:177} INFO - Done. Returned value was: DATA TRANSFORMED
[2023-01-02T11:29:08.589+0000] {taskinstance.py:1327} INFO - Marking task as SUCCESS. dag_id=nba-dag, task_id=transform, execution_date=20230101T112900, start_date=20230102T112908, end_date=20230102T112908
[2023-01-02T11:29:08.620+0000] {local_task_job.py:159} INFO - Task exited with return code 0
[2023-01-02T11:29:08.648+0000] {taskinstance.py:2582} INFO - 1 downstream tasks scheduled from follow-on schedule check
[2023-01-02T11:32:03.324+0000] {taskinstance.py:1087} INFO - Dependencies all met for <TaskInstance: nba-dag.transform scheduled__2023-01-01T11:29:00+00:00 [queued]>
[2023-01-02T11:32:03.334+0000] {taskinstance.py:1087} INFO - Dependencies all met for <TaskInstance: nba-dag.transform scheduled__2023-01-01T11:29:00+00:00 [queued]>
[2023-01-02T11:32:03.335+0000] {taskinstance.py:1283} INFO - 
--------------------------------------------------------------------------------
[2023-01-02T11:32:03.336+0000] {taskinstance.py:1284} INFO - Starting attempt 1 of 6
[2023-01-02T11:32:03.336+0000] {taskinstance.py:1285} INFO - 
--------------------------------------------------------------------------------
[2023-01-02T11:32:03.362+0000] {taskinstance.py:1304} INFO - Executing <Task(PythonOperator): transform> on 2023-01-01 11:29:00+00:00
[2023-01-02T11:32:03.374+0000] {standard_task_runner.py:55} INFO - Started process 77 to run task
[2023-01-02T11:32:03.380+0000] {standard_task_runner.py:82} INFO - Running: ['***', 'tasks', 'run', 'nba-dag', 'transform', 'scheduled__2023-01-01T11:29:00+00:00', '--job-id', '38', '--raw', '--subdir', 'DAGS_FOLDER/nba_dag.py', '--cfg-path', '/tmp/tmp3kp97ucu']
[2023-01-02T11:32:03.382+0000] {standard_task_runner.py:83} INFO - Job 38: Subtask transform
[2023-01-02T11:32:03.526+0000] {task_command.py:389} INFO - Running <TaskInstance: nba-dag.transform scheduled__2023-01-01T11:29:00+00:00 [running]> on host 7b186f3dc822
[2023-01-02T11:32:03.640+0000] {taskinstance.py:1513} INFO - Exporting the following env vars:
AIRFLOW_CTX_DAG_OWNER=Javier Prieto
AIRFLOW_CTX_DAG_ID=nba-dag
AIRFLOW_CTX_TASK_ID=transform
AIRFLOW_CTX_EXECUTION_DATE=2023-01-01T11:29:00+00:00
AIRFLOW_CTX_TRY_NUMBER=1
AIRFLOW_CTX_DAG_RUN_ID=scheduled__2023-01-01T11:29:00+00:00
[2023-01-02T11:32:03.812+0000] {python.py:177} INFO - Done. Returned value was: DATA TRANSFORMED
[2023-01-02T11:32:03.843+0000] {taskinstance.py:1327} INFO - Marking task as SUCCESS. dag_id=nba-dag, task_id=transform, execution_date=20230101T112900, start_date=20230102T113203, end_date=20230102T113203
[2023-01-02T11:32:03.926+0000] {local_task_job.py:159} INFO - Task exited with return code 0
[2023-01-02T11:32:03.959+0000] {taskinstance.py:2582} INFO - 1 downstream tasks scheduled from follow-on schedule check
