[2023-01-02T11:37:14.050+0000] {taskinstance.py:1087} INFO - Dependencies all met for <TaskInstance: nba-dag.transform scheduled__2023-01-01T11:37:00+00:00 [queued]>
[2023-01-02T11:37:14.057+0000] {taskinstance.py:1087} INFO - Dependencies all met for <TaskInstance: nba-dag.transform scheduled__2023-01-01T11:37:00+00:00 [queued]>
[2023-01-02T11:37:14.058+0000] {taskinstance.py:1283} INFO - 
--------------------------------------------------------------------------------
[2023-01-02T11:37:14.058+0000] {taskinstance.py:1284} INFO - Starting attempt 1 of 6
[2023-01-02T11:37:14.059+0000] {taskinstance.py:1285} INFO - 
--------------------------------------------------------------------------------
[2023-01-02T11:37:14.069+0000] {taskinstance.py:1304} INFO - Executing <Task(PythonOperator): transform> on 2023-01-01 11:37:00+00:00
[2023-01-02T11:37:14.094+0000] {standard_task_runner.py:55} INFO - Started process 59 to run task
[2023-01-02T11:37:14.102+0000] {standard_task_runner.py:82} INFO - Running: ['***', 'tasks', 'run', 'nba-dag', 'transform', 'scheduled__2023-01-01T11:37:00+00:00', '--job-id', '42', '--raw', '--subdir', 'DAGS_FOLDER/nba_dag.py', '--cfg-path', '/tmp/tmpocqjpq14']
[2023-01-02T11:37:14.104+0000] {standard_task_runner.py:83} INFO - Job 42: Subtask transform
[2023-01-02T11:37:14.177+0000] {task_command.py:389} INFO - Running <TaskInstance: nba-dag.transform scheduled__2023-01-01T11:37:00+00:00 [running]> on host 7b186f3dc822
[2023-01-02T11:37:14.248+0000] {taskinstance.py:1513} INFO - Exporting the following env vars:
AIRFLOW_CTX_DAG_OWNER=Javier Prieto
AIRFLOW_CTX_DAG_ID=nba-dag
AIRFLOW_CTX_TASK_ID=transform
AIRFLOW_CTX_EXECUTION_DATE=2023-01-01T11:37:00+00:00
AIRFLOW_CTX_TRY_NUMBER=1
AIRFLOW_CTX_DAG_RUN_ID=scheduled__2023-01-01T11:37:00+00:00
[2023-01-02T11:37:14.429+0000] {python.py:177} INFO - Done. Returned value was: DATA TRANSFORMED
[2023-01-02T11:37:14.454+0000] {taskinstance.py:1327} INFO - Marking task as SUCCESS. dag_id=nba-dag, task_id=transform, execution_date=20230101T113700, start_date=20230102T113714, end_date=20230102T113714
[2023-01-02T11:37:14.525+0000] {local_task_job.py:159} INFO - Task exited with return code 0
[2023-01-02T11:37:14.553+0000] {taskinstance.py:2582} INFO - 1 downstream tasks scheduled from follow-on schedule check
