[2023-01-01T20:24:21.396+0000] {taskinstance.py:1087} INFO - Dependencies all met for <TaskInstance: nba-dag.pronostico manual__2023-01-01T20:18:23.044319+00:00 [queued]>
[2023-01-01T20:24:21.402+0000] {taskinstance.py:1087} INFO - Dependencies all met for <TaskInstance: nba-dag.pronostico manual__2023-01-01T20:18:23.044319+00:00 [queued]>
[2023-01-01T20:24:21.402+0000] {taskinstance.py:1283} INFO - 
--------------------------------------------------------------------------------
[2023-01-01T20:24:21.403+0000] {taskinstance.py:1284} INFO - Starting attempt 2 of 6
[2023-01-01T20:24:21.403+0000] {taskinstance.py:1285} INFO - 
--------------------------------------------------------------------------------
[2023-01-01T20:24:21.411+0000] {taskinstance.py:1304} INFO - Executing <Task(PythonOperator): pronostico> on 2023-01-01 20:18:23.044319+00:00
[2023-01-01T20:24:21.421+0000] {standard_task_runner.py:55} INFO - Started process 89 to run task
[2023-01-01T20:24:21.425+0000] {standard_task_runner.py:82} INFO - Running: ['***', 'tasks', 'run', 'nba-dag', 'pronostico', 'manual__2023-01-01T20:18:23.044319+00:00', '--job-id', '27', '--raw', '--subdir', 'DAGS_FOLDER/nba_dag.py', '--cfg-path', '/tmp/tmpz37d6eww']
[2023-01-01T20:24:21.426+0000] {standard_task_runner.py:83} INFO - Job 27: Subtask pronostico
[2023-01-01T20:24:21.488+0000] {task_command.py:389} INFO - Running <TaskInstance: nba-dag.pronostico manual__2023-01-01T20:18:23.044319+00:00 [running]> on host 22057e40c386
[2023-01-01T20:24:21.545+0000] {taskinstance.py:1513} INFO - Exporting the following env vars:
AIRFLOW_CTX_DAG_OWNER=Javier Prieto
AIRFLOW_CTX_DAG_ID=nba-dag
AIRFLOW_CTX_TASK_ID=pronostico
AIRFLOW_CTX_EXECUTION_DATE=2023-01-01T20:18:23.044319+00:00
AIRFLOW_CTX_TRY_NUMBER=2
AIRFLOW_CTX_DAG_RUN_ID=manual__2023-01-01T20:18:23.044319+00:00
[2023-01-01T20:24:22.048+0000] {python.py:177} INFO - Done. Returned value was: {2.1: 'Denver Nuggets', 1.8: 'Boston Celtics'}
[2023-01-01T20:24:22.069+0000] {taskinstance.py:1327} INFO - Marking task as SUCCESS. dag_id=nba-dag, task_id=pronostico, execution_date=20230101T201823, start_date=20230101T202421, end_date=20230101T202422
[2023-01-01T20:24:22.100+0000] {local_task_job.py:159} INFO - Task exited with return code 0
[2023-01-01T20:24:22.114+0000] {taskinstance.py:2582} INFO - 0 downstream tasks scheduled from follow-on schedule check
