[2023-01-02T10:22:01.813+0000] {taskinstance.py:1087} INFO - Dependencies all met for <TaskInstance: nba-dag.transform scheduled__2023-01-02T10:16:52.871548+00:00 [queued]>
[2023-01-02T10:22:01.821+0000] {taskinstance.py:1087} INFO - Dependencies all met for <TaskInstance: nba-dag.transform scheduled__2023-01-02T10:16:52.871548+00:00 [queued]>
[2023-01-02T10:22:01.822+0000] {taskinstance.py:1283} INFO - 
--------------------------------------------------------------------------------
[2023-01-02T10:22:01.822+0000] {taskinstance.py:1284} INFO - Starting attempt 1 of 6
[2023-01-02T10:22:01.823+0000] {taskinstance.py:1285} INFO - 
--------------------------------------------------------------------------------
[2023-01-02T10:22:01.833+0000] {taskinstance.py:1304} INFO - Executing <Task(PythonOperator): transform> on 2023-01-02 10:16:52.871548+00:00
[2023-01-02T10:22:01.850+0000] {standard_task_runner.py:55} INFO - Started process 61 to run task
[2023-01-02T10:22:01.857+0000] {standard_task_runner.py:82} INFO - Running: ['***', 'tasks', 'run', 'nba-dag', 'transform', 'scheduled__2023-01-02T10:16:52.871548+00:00', '--job-id', '73', '--raw', '--subdir', 'DAGS_FOLDER/nba_dag.py', '--cfg-path', '/tmp/tmp00onf9wt']
[2023-01-02T10:22:01.859+0000] {standard_task_runner.py:83} INFO - Job 73: Subtask transform
[2023-01-02T10:22:02.311+0000] {task_command.py:389} INFO - Running <TaskInstance: nba-dag.transform scheduled__2023-01-02T10:16:52.871548+00:00 [running]> on host 64c425265806
[2023-01-02T10:22:02.507+0000] {taskinstance.py:1513} INFO - Exporting the following env vars:
AIRFLOW_CTX_DAG_OWNER=Javier Prieto
AIRFLOW_CTX_DAG_ID=nba-dag
AIRFLOW_CTX_TASK_ID=transform
AIRFLOW_CTX_EXECUTION_DATE=2023-01-02T10:16:52.871548+00:00
AIRFLOW_CTX_TRY_NUMBER=1
AIRFLOW_CTX_DAG_RUN_ID=scheduled__2023-01-02T10:16:52.871548+00:00
[2023-01-02T10:22:02.814+0000] {python.py:177} INFO - Done. Returned value was: DATA TRANSFORMED
[2023-01-02T10:22:02.854+0000] {taskinstance.py:1327} INFO - Marking task as SUCCESS. dag_id=nba-dag, task_id=transform, execution_date=20230102T101652, start_date=20230102T102201, end_date=20230102T102202
[2023-01-02T10:22:02.910+0000] {local_task_job.py:159} INFO - Task exited with return code 0
[2023-01-02T10:22:02.964+0000] {taskinstance.py:2582} INFO - 1 downstream tasks scheduled from follow-on schedule check
