[2023-01-02T11:37:46.119+0000] {taskinstance.py:1087} INFO - Dependencies all met for <TaskInstance: nba-dag.pronostico_transform scheduled__2023-01-01T11:29:00+00:00 [queued]>
[2023-01-02T11:37:46.131+0000] {taskinstance.py:1087} INFO - Dependencies all met for <TaskInstance: nba-dag.pronostico_transform scheduled__2023-01-01T11:29:00+00:00 [queued]>
[2023-01-02T11:37:46.132+0000] {taskinstance.py:1283} INFO - 
--------------------------------------------------------------------------------
[2023-01-02T11:37:46.133+0000] {taskinstance.py:1284} INFO - Starting attempt 1 of 6
[2023-01-02T11:37:46.133+0000] {taskinstance.py:1285} INFO - 
--------------------------------------------------------------------------------
[2023-01-02T11:37:46.142+0000] {taskinstance.py:1304} INFO - Executing <Task(PythonOperator): pronostico_transform> on 2023-01-01 11:29:00+00:00
[2023-01-02T11:37:46.155+0000] {standard_task_runner.py:55} INFO - Started process 77 to run task
[2023-01-02T11:37:46.162+0000] {standard_task_runner.py:82} INFO - Running: ['***', 'tasks', 'run', 'nba-dag', 'pronostico_transform', 'scheduled__2023-01-01T11:29:00+00:00', '--job-id', '46', '--raw', '--subdir', 'DAGS_FOLDER/nba_dag.py', '--cfg-path', '/tmp/tmpjjcqvdly']
[2023-01-02T11:37:46.164+0000] {standard_task_runner.py:83} INFO - Job 46: Subtask pronostico_transform
[2023-01-02T11:37:46.258+0000] {task_command.py:389} INFO - Running <TaskInstance: nba-dag.pronostico_transform scheduled__2023-01-01T11:29:00+00:00 [running]> on host 7b186f3dc822
[2023-01-02T11:37:46.328+0000] {taskinstance.py:1513} INFO - Exporting the following env vars:
AIRFLOW_CTX_DAG_OWNER=Javier Prieto
AIRFLOW_CTX_DAG_ID=nba-dag
AIRFLOW_CTX_TASK_ID=pronostico_transform
AIRFLOW_CTX_EXECUTION_DATE=2023-01-01T11:29:00+00:00
AIRFLOW_CTX_TRY_NUMBER=1
AIRFLOW_CTX_DAG_RUN_ID=scheduled__2023-01-01T11:29:00+00:00
[2023-01-02T11:37:46.393+0000] {python.py:177} INFO - Done. Returned value was: None
[2023-01-02T11:37:46.406+0000] {taskinstance.py:1327} INFO - Marking task as SUCCESS. dag_id=nba-dag, task_id=pronostico_transform, execution_date=20230101T112900, start_date=20230102T113746, end_date=20230102T113746
[2023-01-02T11:37:46.460+0000] {local_task_job.py:159} INFO - Task exited with return code 0
[2023-01-02T11:37:46.481+0000] {taskinstance.py:2582} INFO - 1 downstream tasks scheduled from follow-on schedule check
