[2023-01-01T20:18:32.212+0000] {taskinstance.py:1087} INFO - Dependencies all met for <TaskInstance: nba-dag.transform manual__2023-01-01T20:18:23.044319+00:00 [queued]>
[2023-01-01T20:18:32.218+0000] {taskinstance.py:1087} INFO - Dependencies all met for <TaskInstance: nba-dag.transform manual__2023-01-01T20:18:23.044319+00:00 [queued]>
[2023-01-01T20:18:32.219+0000] {taskinstance.py:1283} INFO - 
--------------------------------------------------------------------------------
[2023-01-01T20:18:32.220+0000] {taskinstance.py:1284} INFO - Starting attempt 1 of 6
[2023-01-01T20:18:32.220+0000] {taskinstance.py:1285} INFO - 
--------------------------------------------------------------------------------
[2023-01-01T20:18:32.229+0000] {taskinstance.py:1304} INFO - Executing <Task(PythonOperator): transform> on 2023-01-01 20:18:23.044319+00:00
[2023-01-01T20:18:32.239+0000] {standard_task_runner.py:55} INFO - Started process 62 to run task
[2023-01-01T20:18:32.244+0000] {standard_task_runner.py:82} INFO - Running: ['***', 'tasks', 'run', 'nba-dag', 'transform', 'manual__2023-01-01T20:18:23.044319+00:00', '--job-id', '20', '--raw', '--subdir', 'DAGS_FOLDER/nba_dag.py', '--cfg-path', '/tmp/tmpeg3zzess']
[2023-01-01T20:18:32.246+0000] {standard_task_runner.py:83} INFO - Job 20: Subtask transform
[2023-01-01T20:18:32.311+0000] {task_command.py:389} INFO - Running <TaskInstance: nba-dag.transform manual__2023-01-01T20:18:23.044319+00:00 [running]> on host 22057e40c386
[2023-01-01T20:18:32.362+0000] {taskinstance.py:1513} INFO - Exporting the following env vars:
AIRFLOW_CTX_DAG_OWNER=Javier Prieto
AIRFLOW_CTX_DAG_ID=nba-dag
AIRFLOW_CTX_TASK_ID=transform
AIRFLOW_CTX_EXECUTION_DATE=2023-01-01T20:18:23.044319+00:00
AIRFLOW_CTX_TRY_NUMBER=1
AIRFLOW_CTX_DAG_RUN_ID=manual__2023-01-01T20:18:23.044319+00:00
[2023-01-01T20:18:32.536+0000] {logging_mixin.py:137} INFO - DATA TRANSFORMED
[2023-01-01T20:18:32.537+0000] {python.py:177} INFO - Done. Returned value was: None
[2023-01-01T20:18:32.548+0000] {taskinstance.py:1327} INFO - Marking task as SUCCESS. dag_id=nba-dag, task_id=transform, execution_date=20230101T201823, start_date=20230101T201832, end_date=20230101T201832
[2023-01-01T20:18:32.580+0000] {local_task_job.py:159} INFO - Task exited with return code 0
[2023-01-01T20:18:32.600+0000] {taskinstance.py:2582} INFO - 1 downstream tasks scheduled from follow-on schedule check
