[2023-01-02T10:39:39.243+0000] {taskinstance.py:1087} INFO - Dependencies all met for <TaskInstance: nba-dag.load scheduled__2022-12-31T10:48:00+00:00 [queued]>
[2023-01-02T10:39:39.260+0000] {taskinstance.py:1087} INFO - Dependencies all met for <TaskInstance: nba-dag.load scheduled__2022-12-31T10:48:00+00:00 [queued]>
[2023-01-02T10:39:39.261+0000] {taskinstance.py:1283} INFO - 
--------------------------------------------------------------------------------
[2023-01-02T10:39:39.263+0000] {taskinstance.py:1284} INFO - Starting attempt 1 of 6
[2023-01-02T10:39:39.264+0000] {taskinstance.py:1285} INFO - 
--------------------------------------------------------------------------------
[2023-01-02T10:39:39.282+0000] {taskinstance.py:1304} INFO - Executing <Task(PythonOperator): load> on 2022-12-31 10:48:00+00:00
[2023-01-02T10:39:39.308+0000] {standard_task_runner.py:55} INFO - Started process 65 to run task
[2023-01-02T10:39:39.316+0000] {standard_task_runner.py:82} INFO - Running: ['***', 'tasks', 'run', 'nba-dag', 'load', 'scheduled__2022-12-31T10:48:00+00:00', '--job-id', '20', '--raw', '--subdir', 'DAGS_FOLDER/nba_dag.py', '--cfg-path', '/tmp/tmp_ut_wqcr']
[2023-01-02T10:39:39.320+0000] {standard_task_runner.py:83} INFO - Job 20: Subtask load
[2023-01-02T10:39:39.454+0000] {task_command.py:389} INFO - Running <TaskInstance: nba-dag.load scheduled__2022-12-31T10:48:00+00:00 [running]> on host 7b186f3dc822
[2023-01-02T10:39:39.543+0000] {taskinstance.py:1513} INFO - Exporting the following env vars:
AIRFLOW_CTX_DAG_OWNER=Javier Prieto
AIRFLOW_CTX_DAG_ID=nba-dag
AIRFLOW_CTX_TASK_ID=load
AIRFLOW_CTX_EXECUTION_DATE=2022-12-31T10:48:00+00:00
AIRFLOW_CTX_TRY_NUMBER=1
AIRFLOW_CTX_DAG_RUN_ID=scheduled__2022-12-31T10:48:00+00:00
[2023-01-02T10:40:32.301+0000] {python.py:177} INFO - Done. Returned value was: PDF generated successfully
[2023-01-02T10:40:32.392+0000] {taskinstance.py:1327} INFO - Marking task as SUCCESS. dag_id=nba-dag, task_id=load, execution_date=20221231T104800, start_date=20230102T103939, end_date=20230102T104032
[2023-01-02T10:40:32.658+0000] {local_task_job.py:159} INFO - Task exited with return code 0
[2023-01-02T10:40:32.698+0000] {taskinstance.py:2582} INFO - 1 downstream tasks scheduled from follow-on schedule check
