[2023-01-02T10:27:46.353+0000] {taskinstance.py:1087} INFO - Dependencies all met for <TaskInstance: nba-dag.pronostico scheduled__2023-01-02T10:16:52.871548+00:00 [queued]>
[2023-01-02T10:27:46.360+0000] {taskinstance.py:1087} INFO - Dependencies all met for <TaskInstance: nba-dag.pronostico scheduled__2023-01-02T10:16:52.871548+00:00 [queued]>
[2023-01-02T10:27:46.361+0000] {taskinstance.py:1283} INFO - 
--------------------------------------------------------------------------------
[2023-01-02T10:27:46.362+0000] {taskinstance.py:1284} INFO - Starting attempt 1 of 6
[2023-01-02T10:27:46.363+0000] {taskinstance.py:1285} INFO - 
--------------------------------------------------------------------------------
[2023-01-02T10:27:46.376+0000] {taskinstance.py:1304} INFO - Executing <Task(PythonOperator): pronostico> on 2023-01-02 10:16:52.871548+00:00
[2023-01-02T10:27:46.389+0000] {standard_task_runner.py:55} INFO - Started process 62 to run task
[2023-01-02T10:27:46.393+0000] {standard_task_runner.py:82} INFO - Running: ['***', 'tasks', 'run', 'nba-dag', 'pronostico', 'scheduled__2023-01-02T10:16:52.871548+00:00', '--job-id', '81', '--raw', '--subdir', 'DAGS_FOLDER/nba_dag.py', '--cfg-path', '/tmp/tmp91_m92sa']
[2023-01-02T10:27:46.394+0000] {standard_task_runner.py:83} INFO - Job 81: Subtask pronostico
[2023-01-02T10:27:46.462+0000] {task_command.py:389} INFO - Running <TaskInstance: nba-dag.pronostico scheduled__2023-01-02T10:16:52.871548+00:00 [running]> on host 64c425265806
[2023-01-02T10:27:46.520+0000] {taskinstance.py:1513} INFO - Exporting the following env vars:
AIRFLOW_CTX_DAG_OWNER=Javier Prieto
AIRFLOW_CTX_DAG_ID=nba-dag
AIRFLOW_CTX_TASK_ID=pronostico
AIRFLOW_CTX_EXECUTION_DATE=2023-01-02T10:16:52.871548+00:00
AIRFLOW_CTX_TRY_NUMBER=1
AIRFLOW_CTX_DAG_RUN_ID=scheduled__2023-01-02T10:16:52.871548+00:00
[2023-01-02T10:27:46.758+0000] {python.py:177} INFO - Done. Returned value was: None
[2023-01-02T10:27:46.771+0000] {taskinstance.py:1327} INFO - Marking task as SUCCESS. dag_id=nba-dag, task_id=pronostico, execution_date=20230102T101652, start_date=20230102T102746, end_date=20230102T102746
[2023-01-02T10:27:46.815+0000] {local_task_job.py:159} INFO - Task exited with return code 0
[2023-01-02T10:27:46.832+0000] {taskinstance.py:2582} INFO - 0 downstream tasks scheduled from follow-on schedule check
