[2022-12-31T20:28:49.099+0100] {processor.py:153} INFO - Started process (PID=90123) to work on /Library/Frameworks/Python.framework/Versions/3.11/lib/python3.11/site-packages/airflow/example_dags/plugins/workday.py
[2022-12-31T20:28:49.103+0100] {processor.py:743} INFO - Processing file /Library/Frameworks/Python.framework/Versions/3.11/lib/python3.11/site-packages/airflow/example_dags/plugins/workday.py for tasks to queue
[2022-12-31T20:28:49.103+0100] {logging_mixin.py:137} INFO - [2022-12-31T20:28:49.103+0100] {dagbag.py:538} INFO - Filling up the DagBag from /Library/Frameworks/Python.framework/Versions/3.11/lib/python3.11/site-packages/airflow/example_dags/plugins/workday.py
[2022-12-31T20:28:49.116+0100] {processor.py:755} WARNING - No viable dags retrieved from /Library/Frameworks/Python.framework/Versions/3.11/lib/python3.11/site-packages/airflow/example_dags/plugins/workday.py
[2022-12-31T20:28:49.512+0100] {processor.py:175} INFO - Processing /Library/Frameworks/Python.framework/Versions/3.11/lib/python3.11/site-packages/airflow/example_dags/plugins/workday.py took 0.415 seconds
[2022-12-31T20:30:13.938+0100] {processor.py:153} INFO - Started process (PID=90304) to work on /Library/Frameworks/Python.framework/Versions/3.11/lib/python3.11/site-packages/airflow/example_dags/plugins/workday.py
[2022-12-31T20:30:13.942+0100] {processor.py:743} INFO - Processing file /Library/Frameworks/Python.framework/Versions/3.11/lib/python3.11/site-packages/airflow/example_dags/plugins/workday.py for tasks to queue
[2022-12-31T20:30:13.943+0100] {logging_mixin.py:137} INFO - [2022-12-31T20:30:13.942+0100] {dagbag.py:538} INFO - Filling up the DagBag from /Library/Frameworks/Python.framework/Versions/3.11/lib/python3.11/site-packages/airflow/example_dags/plugins/workday.py
[2022-12-31T20:30:13.949+0100] {processor.py:755} WARNING - No viable dags retrieved from /Library/Frameworks/Python.framework/Versions/3.11/lib/python3.11/site-packages/airflow/example_dags/plugins/workday.py
[2022-12-31T20:30:14.378+0100] {processor.py:175} INFO - Processing /Library/Frameworks/Python.framework/Versions/3.11/lib/python3.11/site-packages/airflow/example_dags/plugins/workday.py took 0.441 seconds
[2022-12-31T20:30:41.201+0100] {processor.py:153} INFO - Started process (PID=90356) to work on /Library/Frameworks/Python.framework/Versions/3.11/lib/python3.11/site-packages/airflow/example_dags/plugins/workday.py
[2022-12-31T20:30:41.206+0100] {processor.py:743} INFO - Processing file /Library/Frameworks/Python.framework/Versions/3.11/lib/python3.11/site-packages/airflow/example_dags/plugins/workday.py for tasks to queue
[2022-12-31T20:30:41.206+0100] {logging_mixin.py:137} INFO - [2022-12-31T20:30:41.206+0100] {dagbag.py:538} INFO - Filling up the DagBag from /Library/Frameworks/Python.framework/Versions/3.11/lib/python3.11/site-packages/airflow/example_dags/plugins/workday.py
[2022-12-31T20:30:41.222+0100] {processor.py:755} WARNING - No viable dags retrieved from /Library/Frameworks/Python.framework/Versions/3.11/lib/python3.11/site-packages/airflow/example_dags/plugins/workday.py
[2022-12-31T20:30:41.626+0100] {processor.py:175} INFO - Processing /Library/Frameworks/Python.framework/Versions/3.11/lib/python3.11/site-packages/airflow/example_dags/plugins/workday.py took 0.426 seconds
[2022-12-31T20:32:05.205+0100] {processor.py:153} INFO - Started process (PID=90488) to work on /Library/Frameworks/Python.framework/Versions/3.11/lib/python3.11/site-packages/airflow/example_dags/plugins/workday.py
[2022-12-31T20:32:05.210+0100] {processor.py:743} INFO - Processing file /Library/Frameworks/Python.framework/Versions/3.11/lib/python3.11/site-packages/airflow/example_dags/plugins/workday.py for tasks to queue
[2022-12-31T20:32:05.210+0100] {logging_mixin.py:137} INFO - [2022-12-31T20:32:05.210+0100] {dagbag.py:538} INFO - Filling up the DagBag from /Library/Frameworks/Python.framework/Versions/3.11/lib/python3.11/site-packages/airflow/example_dags/plugins/workday.py
[2022-12-31T20:32:05.220+0100] {processor.py:755} WARNING - No viable dags retrieved from /Library/Frameworks/Python.framework/Versions/3.11/lib/python3.11/site-packages/airflow/example_dags/plugins/workday.py
[2022-12-31T20:32:05.649+0100] {processor.py:175} INFO - Processing /Library/Frameworks/Python.framework/Versions/3.11/lib/python3.11/site-packages/airflow/example_dags/plugins/workday.py took 0.444 seconds
[2022-12-31T20:32:55.927+0100] {processor.py:153} INFO - Started process (PID=90552) to work on /Library/Frameworks/Python.framework/Versions/3.11/lib/python3.11/site-packages/airflow/example_dags/plugins/workday.py
[2022-12-31T20:32:55.933+0100] {processor.py:743} INFO - Processing file /Library/Frameworks/Python.framework/Versions/3.11/lib/python3.11/site-packages/airflow/example_dags/plugins/workday.py for tasks to queue
[2022-12-31T20:32:55.933+0100] {logging_mixin.py:137} INFO - [2022-12-31T20:32:55.933+0100] {dagbag.py:538} INFO - Filling up the DagBag from /Library/Frameworks/Python.framework/Versions/3.11/lib/python3.11/site-packages/airflow/example_dags/plugins/workday.py
[2022-12-31T20:32:55.939+0100] {processor.py:755} WARNING - No viable dags retrieved from /Library/Frameworks/Python.framework/Versions/3.11/lib/python3.11/site-packages/airflow/example_dags/plugins/workday.py
[2022-12-31T20:32:56.345+0100] {processor.py:175} INFO - Processing /Library/Frameworks/Python.framework/Versions/3.11/lib/python3.11/site-packages/airflow/example_dags/plugins/workday.py took 0.418 seconds
[2022-12-31T20:33:49.524+0100] {processor.py:153} INFO - Started process (PID=90623) to work on /Library/Frameworks/Python.framework/Versions/3.11/lib/python3.11/site-packages/airflow/example_dags/plugins/workday.py
[2022-12-31T20:33:49.529+0100] {processor.py:743} INFO - Processing file /Library/Frameworks/Python.framework/Versions/3.11/lib/python3.11/site-packages/airflow/example_dags/plugins/workday.py for tasks to queue
[2022-12-31T20:33:49.529+0100] {logging_mixin.py:137} INFO - [2022-12-31T20:33:49.529+0100] {dagbag.py:538} INFO - Filling up the DagBag from /Library/Frameworks/Python.framework/Versions/3.11/lib/python3.11/site-packages/airflow/example_dags/plugins/workday.py
[2022-12-31T20:33:49.536+0100] {processor.py:755} WARNING - No viable dags retrieved from /Library/Frameworks/Python.framework/Versions/3.11/lib/python3.11/site-packages/airflow/example_dags/plugins/workday.py
[2022-12-31T20:33:49.950+0100] {processor.py:175} INFO - Processing /Library/Frameworks/Python.framework/Versions/3.11/lib/python3.11/site-packages/airflow/example_dags/plugins/workday.py took 0.427 seconds
[2022-12-31T20:34:43.611+0100] {processor.py:153} INFO - Started process (PID=90707) to work on /Library/Frameworks/Python.framework/Versions/3.11/lib/python3.11/site-packages/airflow/example_dags/plugins/workday.py
[2022-12-31T20:34:43.616+0100] {processor.py:743} INFO - Processing file /Library/Frameworks/Python.framework/Versions/3.11/lib/python3.11/site-packages/airflow/example_dags/plugins/workday.py for tasks to queue
[2022-12-31T20:34:43.616+0100] {logging_mixin.py:137} INFO - [2022-12-31T20:34:43.616+0100] {dagbag.py:538} INFO - Filling up the DagBag from /Library/Frameworks/Python.framework/Versions/3.11/lib/python3.11/site-packages/airflow/example_dags/plugins/workday.py
[2022-12-31T20:34:43.622+0100] {processor.py:755} WARNING - No viable dags retrieved from /Library/Frameworks/Python.framework/Versions/3.11/lib/python3.11/site-packages/airflow/example_dags/plugins/workday.py
[2022-12-31T20:34:44.034+0100] {processor.py:175} INFO - Processing /Library/Frameworks/Python.framework/Versions/3.11/lib/python3.11/site-packages/airflow/example_dags/plugins/workday.py took 0.423 seconds
[2022-12-31T20:35:23.902+0100] {processor.py:153} INFO - Started process (PID=90769) to work on /Library/Frameworks/Python.framework/Versions/3.11/lib/python3.11/site-packages/airflow/example_dags/plugins/workday.py
[2022-12-31T20:35:23.904+0100] {processor.py:743} INFO - Processing file /Library/Frameworks/Python.framework/Versions/3.11/lib/python3.11/site-packages/airflow/example_dags/plugins/workday.py for tasks to queue
[2022-12-31T20:35:23.904+0100] {logging_mixin.py:137} INFO - [2022-12-31T20:35:23.904+0100] {dagbag.py:538} INFO - Filling up the DagBag from /Library/Frameworks/Python.framework/Versions/3.11/lib/python3.11/site-packages/airflow/example_dags/plugins/workday.py
[2022-12-31T20:35:23.910+0100] {processor.py:755} WARNING - No viable dags retrieved from /Library/Frameworks/Python.framework/Versions/3.11/lib/python3.11/site-packages/airflow/example_dags/plugins/workday.py
[2022-12-31T20:35:24.319+0100] {processor.py:175} INFO - Processing /Library/Frameworks/Python.framework/Versions/3.11/lib/python3.11/site-packages/airflow/example_dags/plugins/workday.py took 0.418 seconds
[2022-12-31T20:36:47.526+0100] {processor.py:153} INFO - Started process (PID=90893) to work on /Library/Frameworks/Python.framework/Versions/3.11/lib/python3.11/site-packages/airflow/example_dags/plugins/workday.py
[2022-12-31T20:36:47.531+0100] {processor.py:743} INFO - Processing file /Library/Frameworks/Python.framework/Versions/3.11/lib/python3.11/site-packages/airflow/example_dags/plugins/workday.py for tasks to queue
[2022-12-31T20:36:47.531+0100] {logging_mixin.py:137} INFO - [2022-12-31T20:36:47.531+0100] {dagbag.py:538} INFO - Filling up the DagBag from /Library/Frameworks/Python.framework/Versions/3.11/lib/python3.11/site-packages/airflow/example_dags/plugins/workday.py
[2022-12-31T20:36:47.537+0100] {processor.py:755} WARNING - No viable dags retrieved from /Library/Frameworks/Python.framework/Versions/3.11/lib/python3.11/site-packages/airflow/example_dags/plugins/workday.py
[2022-12-31T20:36:47.997+0100] {processor.py:175} INFO - Processing /Library/Frameworks/Python.framework/Versions/3.11/lib/python3.11/site-packages/airflow/example_dags/plugins/workday.py took 0.471 seconds
[2022-12-31T20:37:38.848+0100] {processor.py:153} INFO - Started process (PID=90958) to work on /Library/Frameworks/Python.framework/Versions/3.11/lib/python3.11/site-packages/airflow/example_dags/plugins/workday.py
[2022-12-31T20:37:38.852+0100] {processor.py:743} INFO - Processing file /Library/Frameworks/Python.framework/Versions/3.11/lib/python3.11/site-packages/airflow/example_dags/plugins/workday.py for tasks to queue
[2022-12-31T20:37:38.853+0100] {logging_mixin.py:137} INFO - [2022-12-31T20:37:38.852+0100] {dagbag.py:538} INFO - Filling up the DagBag from /Library/Frameworks/Python.framework/Versions/3.11/lib/python3.11/site-packages/airflow/example_dags/plugins/workday.py
[2022-12-31T20:37:38.859+0100] {processor.py:755} WARNING - No viable dags retrieved from /Library/Frameworks/Python.framework/Versions/3.11/lib/python3.11/site-packages/airflow/example_dags/plugins/workday.py
[2022-12-31T20:37:39.260+0100] {processor.py:175} INFO - Processing /Library/Frameworks/Python.framework/Versions/3.11/lib/python3.11/site-packages/airflow/example_dags/plugins/workday.py took 0.412 seconds
[2022-12-31T20:38:28.980+0100] {processor.py:153} INFO - Started process (PID=91024) to work on /Library/Frameworks/Python.framework/Versions/3.11/lib/python3.11/site-packages/airflow/example_dags/plugins/workday.py
[2022-12-31T20:38:28.986+0100] {processor.py:743} INFO - Processing file /Library/Frameworks/Python.framework/Versions/3.11/lib/python3.11/site-packages/airflow/example_dags/plugins/workday.py for tasks to queue
[2022-12-31T20:38:28.986+0100] {logging_mixin.py:137} INFO - [2022-12-31T20:38:28.986+0100] {dagbag.py:538} INFO - Filling up the DagBag from /Library/Frameworks/Python.framework/Versions/3.11/lib/python3.11/site-packages/airflow/example_dags/plugins/workday.py
[2022-12-31T20:38:28.992+0100] {processor.py:755} WARNING - No viable dags retrieved from /Library/Frameworks/Python.framework/Versions/3.11/lib/python3.11/site-packages/airflow/example_dags/plugins/workday.py
[2022-12-31T20:38:29.414+0100] {processor.py:175} INFO - Processing /Library/Frameworks/Python.framework/Versions/3.11/lib/python3.11/site-packages/airflow/example_dags/plugins/workday.py took 0.434 seconds
[2022-12-31T20:39:20.507+0100] {processor.py:153} INFO - Started process (PID=91135) to work on /Library/Frameworks/Python.framework/Versions/3.11/lib/python3.11/site-packages/airflow/example_dags/plugins/workday.py
[2022-12-31T20:39:20.512+0100] {processor.py:743} INFO - Processing file /Library/Frameworks/Python.framework/Versions/3.11/lib/python3.11/site-packages/airflow/example_dags/plugins/workday.py for tasks to queue
[2022-12-31T20:39:20.512+0100] {logging_mixin.py:137} INFO - [2022-12-31T20:39:20.512+0100] {dagbag.py:538} INFO - Filling up the DagBag from /Library/Frameworks/Python.framework/Versions/3.11/lib/python3.11/site-packages/airflow/example_dags/plugins/workday.py
[2022-12-31T20:39:20.518+0100] {processor.py:755} WARNING - No viable dags retrieved from /Library/Frameworks/Python.framework/Versions/3.11/lib/python3.11/site-packages/airflow/example_dags/plugins/workday.py
[2022-12-31T20:39:20.943+0100] {processor.py:175} INFO - Processing /Library/Frameworks/Python.framework/Versions/3.11/lib/python3.11/site-packages/airflow/example_dags/plugins/workday.py took 0.437 seconds
[2022-12-31T20:40:14.073+0100] {processor.py:153} INFO - Started process (PID=91221) to work on /Library/Frameworks/Python.framework/Versions/3.11/lib/python3.11/site-packages/airflow/example_dags/plugins/workday.py
[2022-12-31T20:40:14.075+0100] {processor.py:743} INFO - Processing file /Library/Frameworks/Python.framework/Versions/3.11/lib/python3.11/site-packages/airflow/example_dags/plugins/workday.py for tasks to queue
[2022-12-31T20:40:14.075+0100] {logging_mixin.py:137} INFO - [2022-12-31T20:40:14.075+0100] {dagbag.py:538} INFO - Filling up the DagBag from /Library/Frameworks/Python.framework/Versions/3.11/lib/python3.11/site-packages/airflow/example_dags/plugins/workday.py
[2022-12-31T20:40:14.081+0100] {processor.py:755} WARNING - No viable dags retrieved from /Library/Frameworks/Python.framework/Versions/3.11/lib/python3.11/site-packages/airflow/example_dags/plugins/workday.py
[2022-12-31T20:40:14.502+0100] {processor.py:175} INFO - Processing /Library/Frameworks/Python.framework/Versions/3.11/lib/python3.11/site-packages/airflow/example_dags/plugins/workday.py took 0.429 seconds
[2022-12-31T20:41:07.468+0100] {processor.py:153} INFO - Started process (PID=91298) to work on /Library/Frameworks/Python.framework/Versions/3.11/lib/python3.11/site-packages/airflow/example_dags/plugins/workday.py
[2022-12-31T20:41:07.472+0100] {processor.py:743} INFO - Processing file /Library/Frameworks/Python.framework/Versions/3.11/lib/python3.11/site-packages/airflow/example_dags/plugins/workday.py for tasks to queue
[2022-12-31T20:41:07.472+0100] {logging_mixin.py:137} INFO - [2022-12-31T20:41:07.472+0100] {dagbag.py:538} INFO - Filling up the DagBag from /Library/Frameworks/Python.framework/Versions/3.11/lib/python3.11/site-packages/airflow/example_dags/plugins/workday.py
[2022-12-31T20:41:07.478+0100] {processor.py:755} WARNING - No viable dags retrieved from /Library/Frameworks/Python.framework/Versions/3.11/lib/python3.11/site-packages/airflow/example_dags/plugins/workday.py
[2022-12-31T20:41:07.883+0100] {processor.py:175} INFO - Processing /Library/Frameworks/Python.framework/Versions/3.11/lib/python3.11/site-packages/airflow/example_dags/plugins/workday.py took 0.417 seconds
[2022-12-31T20:42:02.046+0100] {processor.py:153} INFO - Started process (PID=91371) to work on /Library/Frameworks/Python.framework/Versions/3.11/lib/python3.11/site-packages/airflow/example_dags/plugins/workday.py
[2022-12-31T20:42:02.052+0100] {processor.py:743} INFO - Processing file /Library/Frameworks/Python.framework/Versions/3.11/lib/python3.11/site-packages/airflow/example_dags/plugins/workday.py for tasks to queue
[2022-12-31T20:42:02.052+0100] {logging_mixin.py:137} INFO - [2022-12-31T20:42:02.052+0100] {dagbag.py:538} INFO - Filling up the DagBag from /Library/Frameworks/Python.framework/Versions/3.11/lib/python3.11/site-packages/airflow/example_dags/plugins/workday.py
[2022-12-31T20:42:02.058+0100] {processor.py:755} WARNING - No viable dags retrieved from /Library/Frameworks/Python.framework/Versions/3.11/lib/python3.11/site-packages/airflow/example_dags/plugins/workday.py
[2022-12-31T20:42:02.471+0100] {processor.py:175} INFO - Processing /Library/Frameworks/Python.framework/Versions/3.11/lib/python3.11/site-packages/airflow/example_dags/plugins/workday.py took 0.425 seconds
[2022-12-31T20:42:55.305+0100] {processor.py:153} INFO - Started process (PID=91488) to work on /Library/Frameworks/Python.framework/Versions/3.11/lib/python3.11/site-packages/airflow/example_dags/plugins/workday.py
[2022-12-31T20:42:55.309+0100] {processor.py:743} INFO - Processing file /Library/Frameworks/Python.framework/Versions/3.11/lib/python3.11/site-packages/airflow/example_dags/plugins/workday.py for tasks to queue
[2022-12-31T20:42:55.309+0100] {logging_mixin.py:137} INFO - [2022-12-31T20:42:55.309+0100] {dagbag.py:538} INFO - Filling up the DagBag from /Library/Frameworks/Python.framework/Versions/3.11/lib/python3.11/site-packages/airflow/example_dags/plugins/workday.py
[2022-12-31T20:42:55.315+0100] {processor.py:755} WARNING - No viable dags retrieved from /Library/Frameworks/Python.framework/Versions/3.11/lib/python3.11/site-packages/airflow/example_dags/plugins/workday.py
[2022-12-31T20:42:55.717+0100] {processor.py:175} INFO - Processing /Library/Frameworks/Python.framework/Versions/3.11/lib/python3.11/site-packages/airflow/example_dags/plugins/workday.py took 0.413 seconds
[2022-12-31T20:44:10.418+0100] {processor.py:153} INFO - Started process (PID=91651) to work on /Library/Frameworks/Python.framework/Versions/3.11/lib/python3.11/site-packages/airflow/example_dags/plugins/workday.py
[2022-12-31T20:44:10.422+0100] {processor.py:743} INFO - Processing file /Library/Frameworks/Python.framework/Versions/3.11/lib/python3.11/site-packages/airflow/example_dags/plugins/workday.py for tasks to queue
[2022-12-31T20:44:10.422+0100] {logging_mixin.py:137} INFO - [2022-12-31T20:44:10.422+0100] {dagbag.py:538} INFO - Filling up the DagBag from /Library/Frameworks/Python.framework/Versions/3.11/lib/python3.11/site-packages/airflow/example_dags/plugins/workday.py
[2022-12-31T20:44:10.428+0100] {processor.py:755} WARNING - No viable dags retrieved from /Library/Frameworks/Python.framework/Versions/3.11/lib/python3.11/site-packages/airflow/example_dags/plugins/workday.py
[2022-12-31T20:44:10.815+0100] {processor.py:175} INFO - Processing /Library/Frameworks/Python.framework/Versions/3.11/lib/python3.11/site-packages/airflow/example_dags/plugins/workday.py took 0.399 seconds
[2022-12-31T20:46:17.506+0100] {processor.py:153} INFO - Started process (PID=91872) to work on /Library/Frameworks/Python.framework/Versions/3.11/lib/python3.11/site-packages/airflow/example_dags/plugins/workday.py
[2022-12-31T20:46:17.510+0100] {processor.py:743} INFO - Processing file /Library/Frameworks/Python.framework/Versions/3.11/lib/python3.11/site-packages/airflow/example_dags/plugins/workday.py for tasks to queue
[2022-12-31T20:46:17.511+0100] {logging_mixin.py:137} INFO - [2022-12-31T20:46:17.511+0100] {dagbag.py:538} INFO - Filling up the DagBag from /Library/Frameworks/Python.framework/Versions/3.11/lib/python3.11/site-packages/airflow/example_dags/plugins/workday.py
[2022-12-31T20:46:17.517+0100] {processor.py:755} WARNING - No viable dags retrieved from /Library/Frameworks/Python.framework/Versions/3.11/lib/python3.11/site-packages/airflow/example_dags/plugins/workday.py
[2022-12-31T20:46:17.924+0100] {processor.py:175} INFO - Processing /Library/Frameworks/Python.framework/Versions/3.11/lib/python3.11/site-packages/airflow/example_dags/plugins/workday.py took 0.418 seconds
[2022-12-31T20:48:18.101+0100] {processor.py:153} INFO - Started process (PID=92105) to work on /Library/Frameworks/Python.framework/Versions/3.11/lib/python3.11/site-packages/airflow/example_dags/plugins/workday.py
[2022-12-31T20:48:18.106+0100] {processor.py:743} INFO - Processing file /Library/Frameworks/Python.framework/Versions/3.11/lib/python3.11/site-packages/airflow/example_dags/plugins/workday.py for tasks to queue
[2022-12-31T20:48:18.106+0100] {logging_mixin.py:137} INFO - [2022-12-31T20:48:18.106+0100] {dagbag.py:538} INFO - Filling up the DagBag from /Library/Frameworks/Python.framework/Versions/3.11/lib/python3.11/site-packages/airflow/example_dags/plugins/workday.py
[2022-12-31T20:48:18.113+0100] {processor.py:755} WARNING - No viable dags retrieved from /Library/Frameworks/Python.framework/Versions/3.11/lib/python3.11/site-packages/airflow/example_dags/plugins/workday.py
[2022-12-31T20:48:18.532+0100] {processor.py:175} INFO - Processing /Library/Frameworks/Python.framework/Versions/3.11/lib/python3.11/site-packages/airflow/example_dags/plugins/workday.py took 0.433 seconds
[2022-12-31T20:50:18.515+0100] {processor.py:153} INFO - Started process (PID=92352) to work on /Library/Frameworks/Python.framework/Versions/3.11/lib/python3.11/site-packages/airflow/example_dags/plugins/workday.py
[2022-12-31T20:50:18.520+0100] {processor.py:743} INFO - Processing file /Library/Frameworks/Python.framework/Versions/3.11/lib/python3.11/site-packages/airflow/example_dags/plugins/workday.py for tasks to queue
[2022-12-31T20:50:18.520+0100] {logging_mixin.py:137} INFO - [2022-12-31T20:50:18.520+0100] {dagbag.py:538} INFO - Filling up the DagBag from /Library/Frameworks/Python.framework/Versions/3.11/lib/python3.11/site-packages/airflow/example_dags/plugins/workday.py
[2022-12-31T20:50:18.526+0100] {processor.py:755} WARNING - No viable dags retrieved from /Library/Frameworks/Python.framework/Versions/3.11/lib/python3.11/site-packages/airflow/example_dags/plugins/workday.py
[2022-12-31T20:50:19.012+0100] {processor.py:175} INFO - Processing /Library/Frameworks/Python.framework/Versions/3.11/lib/python3.11/site-packages/airflow/example_dags/plugins/workday.py took 0.497 seconds
[2022-12-31T20:52:46.637+0100] {processor.py:153} INFO - Started process (PID=92732) to work on /Library/Frameworks/Python.framework/Versions/3.11/lib/python3.11/site-packages/airflow/example_dags/plugins/workday.py
[2022-12-31T20:52:46.643+0100] {processor.py:743} INFO - Processing file /Library/Frameworks/Python.framework/Versions/3.11/lib/python3.11/site-packages/airflow/example_dags/plugins/workday.py for tasks to queue
[2022-12-31T20:52:46.643+0100] {logging_mixin.py:137} INFO - [2022-12-31T20:52:46.643+0100] {dagbag.py:538} INFO - Filling up the DagBag from /Library/Frameworks/Python.framework/Versions/3.11/lib/python3.11/site-packages/airflow/example_dags/plugins/workday.py
[2022-12-31T20:52:46.652+0100] {processor.py:755} WARNING - No viable dags retrieved from /Library/Frameworks/Python.framework/Versions/3.11/lib/python3.11/site-packages/airflow/example_dags/plugins/workday.py
[2022-12-31T20:52:47.189+0100] {processor.py:175} INFO - Processing /Library/Frameworks/Python.framework/Versions/3.11/lib/python3.11/site-packages/airflow/example_dags/plugins/workday.py took 0.553 seconds
[2022-12-31T20:54:53.448+0100] {processor.py:153} INFO - Started process (PID=93069) to work on /Library/Frameworks/Python.framework/Versions/3.11/lib/python3.11/site-packages/airflow/example_dags/plugins/workday.py
[2022-12-31T20:54:53.472+0100] {processor.py:743} INFO - Processing file /Library/Frameworks/Python.framework/Versions/3.11/lib/python3.11/site-packages/airflow/example_dags/plugins/workday.py for tasks to queue
[2022-12-31T20:54:53.473+0100] {logging_mixin.py:137} INFO - [2022-12-31T20:54:53.473+0100] {dagbag.py:538} INFO - Filling up the DagBag from /Library/Frameworks/Python.framework/Versions/3.11/lib/python3.11/site-packages/airflow/example_dags/plugins/workday.py
[2022-12-31T20:54:53.480+0100] {processor.py:755} WARNING - No viable dags retrieved from /Library/Frameworks/Python.framework/Versions/3.11/lib/python3.11/site-packages/airflow/example_dags/plugins/workday.py
[2022-12-31T20:54:54.190+0100] {processor.py:175} INFO - Processing /Library/Frameworks/Python.framework/Versions/3.11/lib/python3.11/site-packages/airflow/example_dags/plugins/workday.py took 0.743 seconds
[2022-12-31T20:56:07.864+0100] {processor.py:153} INFO - Started process (PID=93238) to work on /Library/Frameworks/Python.framework/Versions/3.11/lib/python3.11/site-packages/airflow/example_dags/plugins/workday.py
[2022-12-31T20:56:07.872+0100] {processor.py:743} INFO - Processing file /Library/Frameworks/Python.framework/Versions/3.11/lib/python3.11/site-packages/airflow/example_dags/plugins/workday.py for tasks to queue
[2022-12-31T20:56:07.873+0100] {logging_mixin.py:137} INFO - [2022-12-31T20:56:07.873+0100] {dagbag.py:538} INFO - Filling up the DagBag from /Library/Frameworks/Python.framework/Versions/3.11/lib/python3.11/site-packages/airflow/example_dags/plugins/workday.py
[2022-12-31T20:56:07.879+0100] {processor.py:755} WARNING - No viable dags retrieved from /Library/Frameworks/Python.framework/Versions/3.11/lib/python3.11/site-packages/airflow/example_dags/plugins/workday.py
[2022-12-31T20:56:08.403+0100] {processor.py:175} INFO - Processing /Library/Frameworks/Python.framework/Versions/3.11/lib/python3.11/site-packages/airflow/example_dags/plugins/workday.py took 0.541 seconds
[2022-12-31T20:57:10.867+0100] {processor.py:153} INFO - Started process (PID=93376) to work on /Library/Frameworks/Python.framework/Versions/3.11/lib/python3.11/site-packages/airflow/example_dags/plugins/workday.py
[2022-12-31T20:57:10.872+0100] {processor.py:743} INFO - Processing file /Library/Frameworks/Python.framework/Versions/3.11/lib/python3.11/site-packages/airflow/example_dags/plugins/workday.py for tasks to queue
[2022-12-31T20:57:10.873+0100] {logging_mixin.py:137} INFO - [2022-12-31T20:57:10.873+0100] {dagbag.py:538} INFO - Filling up the DagBag from /Library/Frameworks/Python.framework/Versions/3.11/lib/python3.11/site-packages/airflow/example_dags/plugins/workday.py
[2022-12-31T20:57:10.879+0100] {processor.py:755} WARNING - No viable dags retrieved from /Library/Frameworks/Python.framework/Versions/3.11/lib/python3.11/site-packages/airflow/example_dags/plugins/workday.py
[2022-12-31T20:57:11.400+0100] {processor.py:175} INFO - Processing /Library/Frameworks/Python.framework/Versions/3.11/lib/python3.11/site-packages/airflow/example_dags/plugins/workday.py took 0.536 seconds
[2022-12-31T20:58:10.833+0100] {processor.py:153} INFO - Started process (PID=93497) to work on /Library/Frameworks/Python.framework/Versions/3.11/lib/python3.11/site-packages/airflow/example_dags/plugins/workday.py
[2022-12-31T20:58:10.837+0100] {processor.py:743} INFO - Processing file /Library/Frameworks/Python.framework/Versions/3.11/lib/python3.11/site-packages/airflow/example_dags/plugins/workday.py for tasks to queue
[2022-12-31T20:58:10.838+0100] {logging_mixin.py:137} INFO - [2022-12-31T20:58:10.837+0100] {dagbag.py:538} INFO - Filling up the DagBag from /Library/Frameworks/Python.framework/Versions/3.11/lib/python3.11/site-packages/airflow/example_dags/plugins/workday.py
[2022-12-31T20:58:10.844+0100] {processor.py:755} WARNING - No viable dags retrieved from /Library/Frameworks/Python.framework/Versions/3.11/lib/python3.11/site-packages/airflow/example_dags/plugins/workday.py
[2022-12-31T20:58:11.257+0100] {processor.py:175} INFO - Processing /Library/Frameworks/Python.framework/Versions/3.11/lib/python3.11/site-packages/airflow/example_dags/plugins/workday.py took 0.424 seconds
[2022-12-31T20:59:12.520+0100] {processor.py:153} INFO - Started process (PID=93645) to work on /Library/Frameworks/Python.framework/Versions/3.11/lib/python3.11/site-packages/airflow/example_dags/plugins/workday.py
[2022-12-31T20:59:12.529+0100] {processor.py:743} INFO - Processing file /Library/Frameworks/Python.framework/Versions/3.11/lib/python3.11/site-packages/airflow/example_dags/plugins/workday.py for tasks to queue
[2022-12-31T20:59:12.529+0100] {logging_mixin.py:137} INFO - [2022-12-31T20:59:12.529+0100] {dagbag.py:538} INFO - Filling up the DagBag from /Library/Frameworks/Python.framework/Versions/3.11/lib/python3.11/site-packages/airflow/example_dags/plugins/workday.py
[2022-12-31T20:59:12.535+0100] {processor.py:755} WARNING - No viable dags retrieved from /Library/Frameworks/Python.framework/Versions/3.11/lib/python3.11/site-packages/airflow/example_dags/plugins/workday.py
[2022-12-31T20:59:13.076+0100] {processor.py:175} INFO - Processing /Library/Frameworks/Python.framework/Versions/3.11/lib/python3.11/site-packages/airflow/example_dags/plugins/workday.py took 0.556 seconds
[2022-12-31T21:00:13.882+0100] {processor.py:153} INFO - Started process (PID=93726) to work on /Library/Frameworks/Python.framework/Versions/3.11/lib/python3.11/site-packages/airflow/example_dags/plugins/workday.py
[2022-12-31T21:00:13.888+0100] {processor.py:743} INFO - Processing file /Library/Frameworks/Python.framework/Versions/3.11/lib/python3.11/site-packages/airflow/example_dags/plugins/workday.py for tasks to queue
[2022-12-31T21:00:13.889+0100] {logging_mixin.py:137} INFO - [2022-12-31T21:00:13.889+0100] {dagbag.py:538} INFO - Filling up the DagBag from /Library/Frameworks/Python.framework/Versions/3.11/lib/python3.11/site-packages/airflow/example_dags/plugins/workday.py
[2022-12-31T21:00:13.895+0100] {processor.py:755} WARNING - No viable dags retrieved from /Library/Frameworks/Python.framework/Versions/3.11/lib/python3.11/site-packages/airflow/example_dags/plugins/workday.py
[2022-12-31T21:00:14.410+0100] {processor.py:175} INFO - Processing /Library/Frameworks/Python.framework/Versions/3.11/lib/python3.11/site-packages/airflow/example_dags/plugins/workday.py took 0.529 seconds
[2022-12-31T21:01:16.347+0100] {processor.py:153} INFO - Started process (PID=93880) to work on /Library/Frameworks/Python.framework/Versions/3.11/lib/python3.11/site-packages/airflow/example_dags/plugins/workday.py
[2022-12-31T21:01:16.350+0100] {processor.py:743} INFO - Processing file /Library/Frameworks/Python.framework/Versions/3.11/lib/python3.11/site-packages/airflow/example_dags/plugins/workday.py for tasks to queue
[2022-12-31T21:01:16.350+0100] {logging_mixin.py:137} INFO - [2022-12-31T21:01:16.350+0100] {dagbag.py:538} INFO - Filling up the DagBag from /Library/Frameworks/Python.framework/Versions/3.11/lib/python3.11/site-packages/airflow/example_dags/plugins/workday.py
[2022-12-31T21:01:16.357+0100] {processor.py:755} WARNING - No viable dags retrieved from /Library/Frameworks/Python.framework/Versions/3.11/lib/python3.11/site-packages/airflow/example_dags/plugins/workday.py
[2022-12-31T21:01:16.831+0100] {processor.py:175} INFO - Processing /Library/Frameworks/Python.framework/Versions/3.11/lib/python3.11/site-packages/airflow/example_dags/plugins/workday.py took 0.484 seconds
[2022-12-31T21:02:15.208+0100] {processor.py:153} INFO - Started process (PID=94077) to work on /Library/Frameworks/Python.framework/Versions/3.11/lib/python3.11/site-packages/airflow/example_dags/plugins/workday.py
[2022-12-31T21:02:15.215+0100] {processor.py:743} INFO - Processing file /Library/Frameworks/Python.framework/Versions/3.11/lib/python3.11/site-packages/airflow/example_dags/plugins/workday.py for tasks to queue
[2022-12-31T21:02:15.215+0100] {logging_mixin.py:137} INFO - [2022-12-31T21:02:15.215+0100] {dagbag.py:538} INFO - Filling up the DagBag from /Library/Frameworks/Python.framework/Versions/3.11/lib/python3.11/site-packages/airflow/example_dags/plugins/workday.py
[2022-12-31T21:02:15.221+0100] {processor.py:755} WARNING - No viable dags retrieved from /Library/Frameworks/Python.framework/Versions/3.11/lib/python3.11/site-packages/airflow/example_dags/plugins/workday.py
[2022-12-31T21:02:15.652+0100] {processor.py:175} INFO - Processing /Library/Frameworks/Python.framework/Versions/3.11/lib/python3.11/site-packages/airflow/example_dags/plugins/workday.py took 0.444 seconds
[2022-12-31T21:03:19.480+0100] {processor.py:153} INFO - Started process (PID=94275) to work on /Library/Frameworks/Python.framework/Versions/3.11/lib/python3.11/site-packages/airflow/example_dags/plugins/workday.py
[2022-12-31T21:03:19.484+0100] {processor.py:743} INFO - Processing file /Library/Frameworks/Python.framework/Versions/3.11/lib/python3.11/site-packages/airflow/example_dags/plugins/workday.py for tasks to queue
[2022-12-31T21:03:19.485+0100] {logging_mixin.py:137} INFO - [2022-12-31T21:03:19.485+0100] {dagbag.py:538} INFO - Filling up the DagBag from /Library/Frameworks/Python.framework/Versions/3.11/lib/python3.11/site-packages/airflow/example_dags/plugins/workday.py
[2022-12-31T21:03:19.498+0100] {processor.py:755} WARNING - No viable dags retrieved from /Library/Frameworks/Python.framework/Versions/3.11/lib/python3.11/site-packages/airflow/example_dags/plugins/workday.py
[2022-12-31T21:03:20.096+0100] {processor.py:175} INFO - Processing /Library/Frameworks/Python.framework/Versions/3.11/lib/python3.11/site-packages/airflow/example_dags/plugins/workday.py took 0.617 seconds
[2022-12-31T21:04:24.095+0100] {processor.py:153} INFO - Started process (PID=94392) to work on /Library/Frameworks/Python.framework/Versions/3.11/lib/python3.11/site-packages/airflow/example_dags/plugins/workday.py
[2022-12-31T21:04:24.098+0100] {processor.py:743} INFO - Processing file /Library/Frameworks/Python.framework/Versions/3.11/lib/python3.11/site-packages/airflow/example_dags/plugins/workday.py for tasks to queue
[2022-12-31T21:04:24.098+0100] {logging_mixin.py:137} INFO - [2022-12-31T21:04:24.098+0100] {dagbag.py:538} INFO - Filling up the DagBag from /Library/Frameworks/Python.framework/Versions/3.11/lib/python3.11/site-packages/airflow/example_dags/plugins/workday.py
[2022-12-31T21:04:24.126+0100] {processor.py:755} WARNING - No viable dags retrieved from /Library/Frameworks/Python.framework/Versions/3.11/lib/python3.11/site-packages/airflow/example_dags/plugins/workday.py
[2022-12-31T21:04:24.621+0100] {processor.py:175} INFO - Processing /Library/Frameworks/Python.framework/Versions/3.11/lib/python3.11/site-packages/airflow/example_dags/plugins/workday.py took 0.528 seconds
[2022-12-31T21:05:23.387+0100] {processor.py:153} INFO - Started process (PID=94525) to work on /Library/Frameworks/Python.framework/Versions/3.11/lib/python3.11/site-packages/airflow/example_dags/plugins/workday.py
[2022-12-31T21:05:23.389+0100] {processor.py:743} INFO - Processing file /Library/Frameworks/Python.framework/Versions/3.11/lib/python3.11/site-packages/airflow/example_dags/plugins/workday.py for tasks to queue
[2022-12-31T21:05:23.390+0100] {logging_mixin.py:137} INFO - [2022-12-31T21:05:23.389+0100] {dagbag.py:538} INFO - Filling up the DagBag from /Library/Frameworks/Python.framework/Versions/3.11/lib/python3.11/site-packages/airflow/example_dags/plugins/workday.py
[2022-12-31T21:05:23.422+0100] {processor.py:755} WARNING - No viable dags retrieved from /Library/Frameworks/Python.framework/Versions/3.11/lib/python3.11/site-packages/airflow/example_dags/plugins/workday.py
[2022-12-31T21:05:23.916+0100] {processor.py:175} INFO - Processing /Library/Frameworks/Python.framework/Versions/3.11/lib/python3.11/site-packages/airflow/example_dags/plugins/workday.py took 0.530 seconds
[2022-12-31T21:06:17.379+0100] {processor.py:153} INFO - Started process (PID=94637) to work on /Library/Frameworks/Python.framework/Versions/3.11/lib/python3.11/site-packages/airflow/example_dags/plugins/workday.py
[2022-12-31T21:06:17.384+0100] {processor.py:743} INFO - Processing file /Library/Frameworks/Python.framework/Versions/3.11/lib/python3.11/site-packages/airflow/example_dags/plugins/workday.py for tasks to queue
[2022-12-31T21:06:17.384+0100] {logging_mixin.py:137} INFO - [2022-12-31T21:06:17.384+0100] {dagbag.py:538} INFO - Filling up the DagBag from /Library/Frameworks/Python.framework/Versions/3.11/lib/python3.11/site-packages/airflow/example_dags/plugins/workday.py
[2022-12-31T21:06:17.390+0100] {processor.py:755} WARNING - No viable dags retrieved from /Library/Frameworks/Python.framework/Versions/3.11/lib/python3.11/site-packages/airflow/example_dags/plugins/workday.py
[2022-12-31T21:06:17.828+0100] {processor.py:175} INFO - Processing /Library/Frameworks/Python.framework/Versions/3.11/lib/python3.11/site-packages/airflow/example_dags/plugins/workday.py took 0.451 seconds
[2022-12-31T21:07:11.255+0100] {processor.py:153} INFO - Started process (PID=94744) to work on /Library/Frameworks/Python.framework/Versions/3.11/lib/python3.11/site-packages/airflow/example_dags/plugins/workday.py
[2022-12-31T21:07:11.259+0100] {processor.py:743} INFO - Processing file /Library/Frameworks/Python.framework/Versions/3.11/lib/python3.11/site-packages/airflow/example_dags/plugins/workday.py for tasks to queue
[2022-12-31T21:07:11.260+0100] {logging_mixin.py:137} INFO - [2022-12-31T21:07:11.259+0100] {dagbag.py:538} INFO - Filling up the DagBag from /Library/Frameworks/Python.framework/Versions/3.11/lib/python3.11/site-packages/airflow/example_dags/plugins/workday.py
[2022-12-31T21:07:11.265+0100] {processor.py:755} WARNING - No viable dags retrieved from /Library/Frameworks/Python.framework/Versions/3.11/lib/python3.11/site-packages/airflow/example_dags/plugins/workday.py
[2022-12-31T21:07:11.672+0100] {processor.py:175} INFO - Processing /Library/Frameworks/Python.framework/Versions/3.11/lib/python3.11/site-packages/airflow/example_dags/plugins/workday.py took 0.418 seconds
[2022-12-31T21:08:09.201+0100] {processor.py:153} INFO - Started process (PID=94899) to work on /Library/Frameworks/Python.framework/Versions/3.11/lib/python3.11/site-packages/airflow/example_dags/plugins/workday.py
[2022-12-31T21:08:09.205+0100] {processor.py:743} INFO - Processing file /Library/Frameworks/Python.framework/Versions/3.11/lib/python3.11/site-packages/airflow/example_dags/plugins/workday.py for tasks to queue
[2022-12-31T21:08:09.205+0100] {logging_mixin.py:137} INFO - [2022-12-31T21:08:09.205+0100] {dagbag.py:538} INFO - Filling up the DagBag from /Library/Frameworks/Python.framework/Versions/3.11/lib/python3.11/site-packages/airflow/example_dags/plugins/workday.py
[2022-12-31T21:08:09.211+0100] {processor.py:755} WARNING - No viable dags retrieved from /Library/Frameworks/Python.framework/Versions/3.11/lib/python3.11/site-packages/airflow/example_dags/plugins/workday.py
[2022-12-31T21:08:09.689+0100] {processor.py:175} INFO - Processing /Library/Frameworks/Python.framework/Versions/3.11/lib/python3.11/site-packages/airflow/example_dags/plugins/workday.py took 0.489 seconds
[2022-12-31T21:09:09.430+0100] {processor.py:153} INFO - Started process (PID=95030) to work on /Library/Frameworks/Python.framework/Versions/3.11/lib/python3.11/site-packages/airflow/example_dags/plugins/workday.py
[2022-12-31T21:09:09.436+0100] {processor.py:743} INFO - Processing file /Library/Frameworks/Python.framework/Versions/3.11/lib/python3.11/site-packages/airflow/example_dags/plugins/workday.py for tasks to queue
[2022-12-31T21:09:09.436+0100] {logging_mixin.py:137} INFO - [2022-12-31T21:09:09.436+0100] {dagbag.py:538} INFO - Filling up the DagBag from /Library/Frameworks/Python.framework/Versions/3.11/lib/python3.11/site-packages/airflow/example_dags/plugins/workday.py
[2022-12-31T21:09:09.443+0100] {processor.py:755} WARNING - No viable dags retrieved from /Library/Frameworks/Python.framework/Versions/3.11/lib/python3.11/site-packages/airflow/example_dags/plugins/workday.py
[2022-12-31T21:09:09.874+0100] {processor.py:175} INFO - Processing /Library/Frameworks/Python.framework/Versions/3.11/lib/python3.11/site-packages/airflow/example_dags/plugins/workday.py took 0.444 seconds
[2022-12-31T21:10:12.097+0100] {processor.py:153} INFO - Started process (PID=95192) to work on /Library/Frameworks/Python.framework/Versions/3.11/lib/python3.11/site-packages/airflow/example_dags/plugins/workday.py
[2022-12-31T21:10:12.099+0100] {processor.py:743} INFO - Processing file /Library/Frameworks/Python.framework/Versions/3.11/lib/python3.11/site-packages/airflow/example_dags/plugins/workday.py for tasks to queue
[2022-12-31T21:10:12.099+0100] {logging_mixin.py:137} INFO - [2022-12-31T21:10:12.099+0100] {dagbag.py:538} INFO - Filling up the DagBag from /Library/Frameworks/Python.framework/Versions/3.11/lib/python3.11/site-packages/airflow/example_dags/plugins/workday.py
[2022-12-31T21:10:12.105+0100] {processor.py:755} WARNING - No viable dags retrieved from /Library/Frameworks/Python.framework/Versions/3.11/lib/python3.11/site-packages/airflow/example_dags/plugins/workday.py
[2022-12-31T21:10:12.527+0100] {processor.py:175} INFO - Processing /Library/Frameworks/Python.framework/Versions/3.11/lib/python3.11/site-packages/airflow/example_dags/plugins/workday.py took 0.432 seconds
[2022-12-31T21:11:12.238+0100] {processor.py:153} INFO - Started process (PID=95388) to work on /Library/Frameworks/Python.framework/Versions/3.11/lib/python3.11/site-packages/airflow/example_dags/plugins/workday.py
[2022-12-31T21:11:12.243+0100] {processor.py:743} INFO - Processing file /Library/Frameworks/Python.framework/Versions/3.11/lib/python3.11/site-packages/airflow/example_dags/plugins/workday.py for tasks to queue
[2022-12-31T21:11:12.243+0100] {logging_mixin.py:137} INFO - [2022-12-31T21:11:12.243+0100] {dagbag.py:538} INFO - Filling up the DagBag from /Library/Frameworks/Python.framework/Versions/3.11/lib/python3.11/site-packages/airflow/example_dags/plugins/workday.py
[2022-12-31T21:11:12.249+0100] {processor.py:755} WARNING - No viable dags retrieved from /Library/Frameworks/Python.framework/Versions/3.11/lib/python3.11/site-packages/airflow/example_dags/plugins/workday.py
[2022-12-31T21:11:12.958+0100] {processor.py:175} INFO - Processing /Library/Frameworks/Python.framework/Versions/3.11/lib/python3.11/site-packages/airflow/example_dags/plugins/workday.py took 0.721 seconds
[2022-12-31T21:12:14.294+0100] {processor.py:153} INFO - Started process (PID=95519) to work on /Library/Frameworks/Python.framework/Versions/3.11/lib/python3.11/site-packages/airflow/example_dags/plugins/workday.py
[2022-12-31T21:12:14.297+0100] {processor.py:743} INFO - Processing file /Library/Frameworks/Python.framework/Versions/3.11/lib/python3.11/site-packages/airflow/example_dags/plugins/workday.py for tasks to queue
[2022-12-31T21:12:14.297+0100] {logging_mixin.py:137} INFO - [2022-12-31T21:12:14.297+0100] {dagbag.py:538} INFO - Filling up the DagBag from /Library/Frameworks/Python.framework/Versions/3.11/lib/python3.11/site-packages/airflow/example_dags/plugins/workday.py
[2022-12-31T21:12:14.303+0100] {processor.py:755} WARNING - No viable dags retrieved from /Library/Frameworks/Python.framework/Versions/3.11/lib/python3.11/site-packages/airflow/example_dags/plugins/workday.py
[2022-12-31T21:12:14.815+0100] {processor.py:175} INFO - Processing /Library/Frameworks/Python.framework/Versions/3.11/lib/python3.11/site-packages/airflow/example_dags/plugins/workday.py took 0.520 seconds
[2022-12-31T21:13:23.498+0100] {processor.py:153} INFO - Started process (PID=95660) to work on /Library/Frameworks/Python.framework/Versions/3.11/lib/python3.11/site-packages/airflow/example_dags/plugins/workday.py
[2022-12-31T21:13:23.507+0100] {processor.py:743} INFO - Processing file /Library/Frameworks/Python.framework/Versions/3.11/lib/python3.11/site-packages/airflow/example_dags/plugins/workday.py for tasks to queue
[2022-12-31T21:13:23.507+0100] {logging_mixin.py:137} INFO - [2022-12-31T21:13:23.507+0100] {dagbag.py:538} INFO - Filling up the DagBag from /Library/Frameworks/Python.framework/Versions/3.11/lib/python3.11/site-packages/airflow/example_dags/plugins/workday.py
[2022-12-31T21:13:23.514+0100] {processor.py:755} WARNING - No viable dags retrieved from /Library/Frameworks/Python.framework/Versions/3.11/lib/python3.11/site-packages/airflow/example_dags/plugins/workday.py
[2022-12-31T21:13:24.075+0100] {processor.py:175} INFO - Processing /Library/Frameworks/Python.framework/Versions/3.11/lib/python3.11/site-packages/airflow/example_dags/plugins/workday.py took 0.578 seconds
[2022-12-31T21:14:25.751+0100] {processor.py:153} INFO - Started process (PID=95793) to work on /Library/Frameworks/Python.framework/Versions/3.11/lib/python3.11/site-packages/airflow/example_dags/plugins/workday.py
[2022-12-31T21:14:25.756+0100] {processor.py:743} INFO - Processing file /Library/Frameworks/Python.framework/Versions/3.11/lib/python3.11/site-packages/airflow/example_dags/plugins/workday.py for tasks to queue
[2022-12-31T21:14:25.756+0100] {logging_mixin.py:137} INFO - [2022-12-31T21:14:25.756+0100] {dagbag.py:538} INFO - Filling up the DagBag from /Library/Frameworks/Python.framework/Versions/3.11/lib/python3.11/site-packages/airflow/example_dags/plugins/workday.py
[2022-12-31T21:14:25.762+0100] {processor.py:755} WARNING - No viable dags retrieved from /Library/Frameworks/Python.framework/Versions/3.11/lib/python3.11/site-packages/airflow/example_dags/plugins/workday.py
[2022-12-31T21:14:26.312+0100] {processor.py:175} INFO - Processing /Library/Frameworks/Python.framework/Versions/3.11/lib/python3.11/site-packages/airflow/example_dags/plugins/workday.py took 0.561 seconds
[2022-12-31T21:15:20.730+0100] {processor.py:153} INFO - Started process (PID=95949) to work on /Library/Frameworks/Python.framework/Versions/3.11/lib/python3.11/site-packages/airflow/example_dags/plugins/workday.py
[2022-12-31T21:15:20.734+0100] {processor.py:743} INFO - Processing file /Library/Frameworks/Python.framework/Versions/3.11/lib/python3.11/site-packages/airflow/example_dags/plugins/workday.py for tasks to queue
[2022-12-31T21:15:20.734+0100] {logging_mixin.py:137} INFO - [2022-12-31T21:15:20.734+0100] {dagbag.py:538} INFO - Filling up the DagBag from /Library/Frameworks/Python.framework/Versions/3.11/lib/python3.11/site-packages/airflow/example_dags/plugins/workday.py
[2022-12-31T21:15:20.741+0100] {processor.py:755} WARNING - No viable dags retrieved from /Library/Frameworks/Python.framework/Versions/3.11/lib/python3.11/site-packages/airflow/example_dags/plugins/workday.py
[2022-12-31T21:15:21.156+0100] {processor.py:175} INFO - Processing /Library/Frameworks/Python.framework/Versions/3.11/lib/python3.11/site-packages/airflow/example_dags/plugins/workday.py took 0.427 seconds
[2022-12-31T21:16:18.026+0100] {processor.py:153} INFO - Started process (PID=96070) to work on /Library/Frameworks/Python.framework/Versions/3.11/lib/python3.11/site-packages/airflow/example_dags/plugins/workday.py
[2022-12-31T21:16:18.031+0100] {processor.py:743} INFO - Processing file /Library/Frameworks/Python.framework/Versions/3.11/lib/python3.11/site-packages/airflow/example_dags/plugins/workday.py for tasks to queue
[2022-12-31T21:16:18.031+0100] {logging_mixin.py:137} INFO - [2022-12-31T21:16:18.031+0100] {dagbag.py:538} INFO - Filling up the DagBag from /Library/Frameworks/Python.framework/Versions/3.11/lib/python3.11/site-packages/airflow/example_dags/plugins/workday.py
[2022-12-31T21:16:18.037+0100] {processor.py:755} WARNING - No viable dags retrieved from /Library/Frameworks/Python.framework/Versions/3.11/lib/python3.11/site-packages/airflow/example_dags/plugins/workday.py
[2022-12-31T21:16:18.451+0100] {processor.py:175} INFO - Processing /Library/Frameworks/Python.framework/Versions/3.11/lib/python3.11/site-packages/airflow/example_dags/plugins/workday.py took 0.426 seconds
[2022-12-31T21:17:11.019+0100] {processor.py:153} INFO - Started process (PID=96153) to work on /Library/Frameworks/Python.framework/Versions/3.11/lib/python3.11/site-packages/airflow/example_dags/plugins/workday.py
[2022-12-31T21:17:11.024+0100] {processor.py:743} INFO - Processing file /Library/Frameworks/Python.framework/Versions/3.11/lib/python3.11/site-packages/airflow/example_dags/plugins/workday.py for tasks to queue
[2022-12-31T21:17:11.024+0100] {logging_mixin.py:137} INFO - [2022-12-31T21:17:11.024+0100] {dagbag.py:538} INFO - Filling up the DagBag from /Library/Frameworks/Python.framework/Versions/3.11/lib/python3.11/site-packages/airflow/example_dags/plugins/workday.py
[2022-12-31T21:17:11.031+0100] {processor.py:755} WARNING - No viable dags retrieved from /Library/Frameworks/Python.framework/Versions/3.11/lib/python3.11/site-packages/airflow/example_dags/plugins/workday.py
[2022-12-31T21:17:11.444+0100] {processor.py:175} INFO - Processing /Library/Frameworks/Python.framework/Versions/3.11/lib/python3.11/site-packages/airflow/example_dags/plugins/workday.py took 0.425 seconds
[2022-12-31T21:18:03.910+0100] {processor.py:153} INFO - Started process (PID=96258) to work on /Library/Frameworks/Python.framework/Versions/3.11/lib/python3.11/site-packages/airflow/example_dags/plugins/workday.py
[2022-12-31T21:18:03.915+0100] {processor.py:743} INFO - Processing file /Library/Frameworks/Python.framework/Versions/3.11/lib/python3.11/site-packages/airflow/example_dags/plugins/workday.py for tasks to queue
[2022-12-31T21:18:03.915+0100] {logging_mixin.py:137} INFO - [2022-12-31T21:18:03.915+0100] {dagbag.py:538} INFO - Filling up the DagBag from /Library/Frameworks/Python.framework/Versions/3.11/lib/python3.11/site-packages/airflow/example_dags/plugins/workday.py
[2022-12-31T21:18:03.922+0100] {processor.py:755} WARNING - No viable dags retrieved from /Library/Frameworks/Python.framework/Versions/3.11/lib/python3.11/site-packages/airflow/example_dags/plugins/workday.py
[2022-12-31T21:18:04.329+0100] {processor.py:175} INFO - Processing /Library/Frameworks/Python.framework/Versions/3.11/lib/python3.11/site-packages/airflow/example_dags/plugins/workday.py took 0.420 seconds
[2022-12-31T21:19:00.997+0100] {processor.py:153} INFO - Started process (PID=96438) to work on /Library/Frameworks/Python.framework/Versions/3.11/lib/python3.11/site-packages/airflow/example_dags/plugins/workday.py
[2022-12-31T21:19:01.003+0100] {processor.py:743} INFO - Processing file /Library/Frameworks/Python.framework/Versions/3.11/lib/python3.11/site-packages/airflow/example_dags/plugins/workday.py for tasks to queue
[2022-12-31T21:19:01.004+0100] {logging_mixin.py:137} INFO - [2022-12-31T21:19:01.004+0100] {dagbag.py:538} INFO - Filling up the DagBag from /Library/Frameworks/Python.framework/Versions/3.11/lib/python3.11/site-packages/airflow/example_dags/plugins/workday.py
[2022-12-31T21:19:01.010+0100] {processor.py:755} WARNING - No viable dags retrieved from /Library/Frameworks/Python.framework/Versions/3.11/lib/python3.11/site-packages/airflow/example_dags/plugins/workday.py
[2022-12-31T21:19:01.662+0100] {processor.py:175} INFO - Processing /Library/Frameworks/Python.framework/Versions/3.11/lib/python3.11/site-packages/airflow/example_dags/plugins/workday.py took 0.665 seconds
[2022-12-31T21:20:02.330+0100] {processor.py:153} INFO - Started process (PID=96524) to work on /Library/Frameworks/Python.framework/Versions/3.11/lib/python3.11/site-packages/airflow/example_dags/plugins/workday.py
[2022-12-31T21:20:02.334+0100] {processor.py:743} INFO - Processing file /Library/Frameworks/Python.framework/Versions/3.11/lib/python3.11/site-packages/airflow/example_dags/plugins/workday.py for tasks to queue
[2022-12-31T21:20:02.335+0100] {logging_mixin.py:137} INFO - [2022-12-31T21:20:02.335+0100] {dagbag.py:538} INFO - Filling up the DagBag from /Library/Frameworks/Python.framework/Versions/3.11/lib/python3.11/site-packages/airflow/example_dags/plugins/workday.py
[2022-12-31T21:20:02.341+0100] {processor.py:755} WARNING - No viable dags retrieved from /Library/Frameworks/Python.framework/Versions/3.11/lib/python3.11/site-packages/airflow/example_dags/plugins/workday.py
[2022-12-31T21:20:02.821+0100] {processor.py:175} INFO - Processing /Library/Frameworks/Python.framework/Versions/3.11/lib/python3.11/site-packages/airflow/example_dags/plugins/workday.py took 0.492 seconds
[2022-12-31T21:21:01.164+0100] {processor.py:153} INFO - Started process (PID=96613) to work on /Library/Frameworks/Python.framework/Versions/3.11/lib/python3.11/site-packages/airflow/example_dags/plugins/workday.py
[2022-12-31T21:21:01.166+0100] {processor.py:743} INFO - Processing file /Library/Frameworks/Python.framework/Versions/3.11/lib/python3.11/site-packages/airflow/example_dags/plugins/workday.py for tasks to queue
[2022-12-31T21:21:01.166+0100] {logging_mixin.py:137} INFO - [2022-12-31T21:21:01.166+0100] {dagbag.py:538} INFO - Filling up the DagBag from /Library/Frameworks/Python.framework/Versions/3.11/lib/python3.11/site-packages/airflow/example_dags/plugins/workday.py
[2022-12-31T21:21:01.172+0100] {processor.py:755} WARNING - No viable dags retrieved from /Library/Frameworks/Python.framework/Versions/3.11/lib/python3.11/site-packages/airflow/example_dags/plugins/workday.py
[2022-12-31T21:21:01.611+0100] {processor.py:175} INFO - Processing /Library/Frameworks/Python.framework/Versions/3.11/lib/python3.11/site-packages/airflow/example_dags/plugins/workday.py took 0.446 seconds
[2022-12-31T21:22:00.301+0100] {processor.py:153} INFO - Started process (PID=96730) to work on /Library/Frameworks/Python.framework/Versions/3.11/lib/python3.11/site-packages/airflow/example_dags/plugins/workday.py
[2022-12-31T21:22:00.303+0100] {processor.py:743} INFO - Processing file /Library/Frameworks/Python.framework/Versions/3.11/lib/python3.11/site-packages/airflow/example_dags/plugins/workday.py for tasks to queue
[2022-12-31T21:22:00.303+0100] {logging_mixin.py:137} INFO - [2022-12-31T21:22:00.303+0100] {dagbag.py:538} INFO - Filling up the DagBag from /Library/Frameworks/Python.framework/Versions/3.11/lib/python3.11/site-packages/airflow/example_dags/plugins/workday.py
[2022-12-31T21:22:00.310+0100] {processor.py:755} WARNING - No viable dags retrieved from /Library/Frameworks/Python.framework/Versions/3.11/lib/python3.11/site-packages/airflow/example_dags/plugins/workday.py
[2022-12-31T21:22:00.719+0100] {processor.py:175} INFO - Processing /Library/Frameworks/Python.framework/Versions/3.11/lib/python3.11/site-packages/airflow/example_dags/plugins/workday.py took 0.418 seconds
[2022-12-31T21:22:57.265+0100] {processor.py:153} INFO - Started process (PID=96801) to work on /Library/Frameworks/Python.framework/Versions/3.11/lib/python3.11/site-packages/airflow/example_dags/plugins/workday.py
[2022-12-31T21:22:57.270+0100] {processor.py:743} INFO - Processing file /Library/Frameworks/Python.framework/Versions/3.11/lib/python3.11/site-packages/airflow/example_dags/plugins/workday.py for tasks to queue
[2022-12-31T21:22:57.271+0100] {logging_mixin.py:137} INFO - [2022-12-31T21:22:57.271+0100] {dagbag.py:538} INFO - Filling up the DagBag from /Library/Frameworks/Python.framework/Versions/3.11/lib/python3.11/site-packages/airflow/example_dags/plugins/workday.py
[2022-12-31T21:22:57.278+0100] {processor.py:755} WARNING - No viable dags retrieved from /Library/Frameworks/Python.framework/Versions/3.11/lib/python3.11/site-packages/airflow/example_dags/plugins/workday.py
[2022-12-31T21:22:57.699+0100] {processor.py:175} INFO - Processing /Library/Frameworks/Python.framework/Versions/3.11/lib/python3.11/site-packages/airflow/example_dags/plugins/workday.py took 0.435 seconds
[2022-12-31T21:23:57.729+0100] {processor.py:153} INFO - Started process (PID=96887) to work on /Library/Frameworks/Python.framework/Versions/3.11/lib/python3.11/site-packages/airflow/example_dags/plugins/workday.py
[2022-12-31T21:23:57.734+0100] {processor.py:743} INFO - Processing file /Library/Frameworks/Python.framework/Versions/3.11/lib/python3.11/site-packages/airflow/example_dags/plugins/workday.py for tasks to queue
[2022-12-31T21:23:57.734+0100] {logging_mixin.py:137} INFO - [2022-12-31T21:23:57.734+0100] {dagbag.py:538} INFO - Filling up the DagBag from /Library/Frameworks/Python.framework/Versions/3.11/lib/python3.11/site-packages/airflow/example_dags/plugins/workday.py
[2022-12-31T21:23:57.741+0100] {processor.py:755} WARNING - No viable dags retrieved from /Library/Frameworks/Python.framework/Versions/3.11/lib/python3.11/site-packages/airflow/example_dags/plugins/workday.py
[2022-12-31T21:23:58.153+0100] {processor.py:175} INFO - Processing /Library/Frameworks/Python.framework/Versions/3.11/lib/python3.11/site-packages/airflow/example_dags/plugins/workday.py took 0.424 seconds
[2022-12-31T21:24:55.573+0100] {processor.py:153} INFO - Started process (PID=97009) to work on /Library/Frameworks/Python.framework/Versions/3.11/lib/python3.11/site-packages/airflow/example_dags/plugins/workday.py
[2022-12-31T21:24:55.576+0100] {processor.py:743} INFO - Processing file /Library/Frameworks/Python.framework/Versions/3.11/lib/python3.11/site-packages/airflow/example_dags/plugins/workday.py for tasks to queue
[2022-12-31T21:24:55.576+0100] {logging_mixin.py:137} INFO - [2022-12-31T21:24:55.576+0100] {dagbag.py:538} INFO - Filling up the DagBag from /Library/Frameworks/Python.framework/Versions/3.11/lib/python3.11/site-packages/airflow/example_dags/plugins/workday.py
[2022-12-31T21:24:55.583+0100] {processor.py:755} WARNING - No viable dags retrieved from /Library/Frameworks/Python.framework/Versions/3.11/lib/python3.11/site-packages/airflow/example_dags/plugins/workday.py
[2022-12-31T21:24:55.993+0100] {processor.py:175} INFO - Processing /Library/Frameworks/Python.framework/Versions/3.11/lib/python3.11/site-packages/airflow/example_dags/plugins/workday.py took 0.420 seconds
[2022-12-31T21:25:49.270+0100] {processor.py:153} INFO - Started process (PID=97110) to work on /Library/Frameworks/Python.framework/Versions/3.11/lib/python3.11/site-packages/airflow/example_dags/plugins/workday.py
[2022-12-31T21:25:49.275+0100] {processor.py:743} INFO - Processing file /Library/Frameworks/Python.framework/Versions/3.11/lib/python3.11/site-packages/airflow/example_dags/plugins/workday.py for tasks to queue
[2022-12-31T21:25:49.275+0100] {logging_mixin.py:137} INFO - [2022-12-31T21:25:49.275+0100] {dagbag.py:538} INFO - Filling up the DagBag from /Library/Frameworks/Python.framework/Versions/3.11/lib/python3.11/site-packages/airflow/example_dags/plugins/workday.py
[2022-12-31T21:25:49.282+0100] {processor.py:755} WARNING - No viable dags retrieved from /Library/Frameworks/Python.framework/Versions/3.11/lib/python3.11/site-packages/airflow/example_dags/plugins/workday.py
[2022-12-31T21:25:49.720+0100] {processor.py:175} INFO - Processing /Library/Frameworks/Python.framework/Versions/3.11/lib/python3.11/site-packages/airflow/example_dags/plugins/workday.py took 0.450 seconds
[2022-12-31T21:26:48.588+0100] {processor.py:153} INFO - Started process (PID=97248) to work on /Library/Frameworks/Python.framework/Versions/3.11/lib/python3.11/site-packages/airflow/example_dags/plugins/workday.py
[2022-12-31T21:26:48.593+0100] {processor.py:743} INFO - Processing file /Library/Frameworks/Python.framework/Versions/3.11/lib/python3.11/site-packages/airflow/example_dags/plugins/workday.py for tasks to queue
[2022-12-31T21:26:48.593+0100] {logging_mixin.py:137} INFO - [2022-12-31T21:26:48.593+0100] {dagbag.py:538} INFO - Filling up the DagBag from /Library/Frameworks/Python.framework/Versions/3.11/lib/python3.11/site-packages/airflow/example_dags/plugins/workday.py
[2022-12-31T21:26:48.607+0100] {processor.py:755} WARNING - No viable dags retrieved from /Library/Frameworks/Python.framework/Versions/3.11/lib/python3.11/site-packages/airflow/example_dags/plugins/workday.py
[2022-12-31T21:26:49.251+0100] {processor.py:175} INFO - Processing /Library/Frameworks/Python.framework/Versions/3.11/lib/python3.11/site-packages/airflow/example_dags/plugins/workday.py took 0.664 seconds
[2022-12-31T21:27:47.212+0100] {processor.py:153} INFO - Started process (PID=97360) to work on /Library/Frameworks/Python.framework/Versions/3.11/lib/python3.11/site-packages/airflow/example_dags/plugins/workday.py
[2022-12-31T21:27:47.214+0100] {processor.py:743} INFO - Processing file /Library/Frameworks/Python.framework/Versions/3.11/lib/python3.11/site-packages/airflow/example_dags/plugins/workday.py for tasks to queue
[2022-12-31T21:27:47.214+0100] {logging_mixin.py:137} INFO - [2022-12-31T21:27:47.214+0100] {dagbag.py:538} INFO - Filling up the DagBag from /Library/Frameworks/Python.framework/Versions/3.11/lib/python3.11/site-packages/airflow/example_dags/plugins/workday.py
[2022-12-31T21:27:47.220+0100] {processor.py:755} WARNING - No viable dags retrieved from /Library/Frameworks/Python.framework/Versions/3.11/lib/python3.11/site-packages/airflow/example_dags/plugins/workday.py
[2022-12-31T21:27:47.637+0100] {processor.py:175} INFO - Processing /Library/Frameworks/Python.framework/Versions/3.11/lib/python3.11/site-packages/airflow/example_dags/plugins/workday.py took 0.425 seconds
