[2023-01-02T10:22:29.250+0000] {taskinstance.py:1087} INFO - Dependencies all met for <TaskInstance: nba-dag.pronostico scheduled__2023-01-02T10:11:52.871548+00:00 [queued]>
[2023-01-02T10:22:29.262+0000] {taskinstance.py:1087} INFO - Dependencies all met for <TaskInstance: nba-dag.pronostico scheduled__2023-01-02T10:11:52.871548+00:00 [queued]>
[2023-01-02T10:22:29.264+0000] {taskinstance.py:1283} INFO - 
--------------------------------------------------------------------------------
[2023-01-02T10:22:29.265+0000] {taskinstance.py:1284} INFO - Starting attempt 1 of 6
[2023-01-02T10:22:29.266+0000] {taskinstance.py:1285} INFO - 
--------------------------------------------------------------------------------
[2023-01-02T10:22:29.277+0000] {taskinstance.py:1304} INFO - Executing <Task(PythonOperator): pronostico> on 2023-01-02 10:11:52.871548+00:00
[2023-01-02T10:22:29.291+0000] {standard_task_runner.py:55} INFO - Started process 80 to run task
[2023-01-02T10:22:29.298+0000] {standard_task_runner.py:82} INFO - Running: ['***', 'tasks', 'run', 'nba-dag', 'pronostico', 'scheduled__2023-01-02T10:11:52.871548+00:00', '--job-id', '78', '--raw', '--subdir', 'DAGS_FOLDER/nba_dag.py', '--cfg-path', '/tmp/tmp7qoij2y1']
[2023-01-02T10:22:29.299+0000] {standard_task_runner.py:83} INFO - Job 78: Subtask pronostico
[2023-01-02T10:22:29.391+0000] {task_command.py:389} INFO - Running <TaskInstance: nba-dag.pronostico scheduled__2023-01-02T10:11:52.871548+00:00 [running]> on host 64c425265806
[2023-01-02T10:22:29.451+0000] {taskinstance.py:1513} INFO - Exporting the following env vars:
AIRFLOW_CTX_DAG_OWNER=Javier Prieto
AIRFLOW_CTX_DAG_ID=nba-dag
AIRFLOW_CTX_TASK_ID=pronostico
AIRFLOW_CTX_EXECUTION_DATE=2023-01-02T10:11:52.871548+00:00
AIRFLOW_CTX_TRY_NUMBER=1
AIRFLOW_CTX_DAG_RUN_ID=scheduled__2023-01-02T10:11:52.871548+00:00
[2023-01-02T10:22:30.515+0000] {python.py:177} INFO - Done. Returned value was: None
[2023-01-02T10:22:30.541+0000] {taskinstance.py:1327} INFO - Marking task as SUCCESS. dag_id=nba-dag, task_id=pronostico, execution_date=20230102T101152, start_date=20230102T102229, end_date=20230102T102230
[2023-01-02T10:22:30.592+0000] {local_task_job.py:159} INFO - Task exited with return code 0
[2023-01-02T10:22:30.632+0000] {taskinstance.py:2582} INFO - 0 downstream tasks scheduled from follow-on schedule check
