[2023-01-02T10:11:34.617+0000] {taskinstance.py:1087} INFO - Dependencies all met for <TaskInstance: nba-dag.extract scheduled__2023-01-02T09:00:00+00:00 [queued]>
[2023-01-02T10:11:34.636+0000] {taskinstance.py:1087} INFO - Dependencies all met for <TaskInstance: nba-dag.extract scheduled__2023-01-02T09:00:00+00:00 [queued]>
[2023-01-02T10:11:34.638+0000] {taskinstance.py:1283} INFO - 
--------------------------------------------------------------------------------
[2023-01-02T10:11:34.638+0000] {taskinstance.py:1284} INFO - Starting attempt 1 of 6
[2023-01-02T10:11:34.639+0000] {taskinstance.py:1285} INFO - 
--------------------------------------------------------------------------------
[2023-01-02T10:11:34.658+0000] {taskinstance.py:1304} INFO - Executing <Task(PythonOperator): extract> on 2023-01-02 09:00:00+00:00
[2023-01-02T10:11:34.670+0000] {standard_task_runner.py:55} INFO - Started process 57 to run task
[2023-01-02T10:11:34.679+0000] {standard_task_runner.py:82} INFO - Running: ['***', 'tasks', 'run', 'nba-dag', 'extract', 'scheduled__2023-01-02T09:00:00+00:00', '--job-id', '65', '--raw', '--subdir', 'DAGS_FOLDER/nba_dag.py', '--cfg-path', '/tmp/tmppkd91_jr']
[2023-01-02T10:11:34.680+0000] {standard_task_runner.py:83} INFO - Job 65: Subtask extract
[2023-01-02T10:11:34.788+0000] {task_command.py:389} INFO - Running <TaskInstance: nba-dag.extract scheduled__2023-01-02T09:00:00+00:00 [running]> on host 64c425265806
[2023-01-02T10:11:34.875+0000] {taskinstance.py:1513} INFO - Exporting the following env vars:
AIRFLOW_CTX_DAG_OWNER=Javier Prieto
AIRFLOW_CTX_DAG_ID=nba-dag
AIRFLOW_CTX_TASK_ID=extract
AIRFLOW_CTX_EXECUTION_DATE=2023-01-02T09:00:00+00:00
AIRFLOW_CTX_TRY_NUMBER=1
AIRFLOW_CTX_DAG_RUN_ID=scheduled__2023-01-02T09:00:00+00:00
[2023-01-02T10:11:36.259+0000] {python.py:177} INFO - Done. Returned value was: DATA EXTRACTED
[2023-01-02T10:11:36.294+0000] {taskinstance.py:1327} INFO - Marking task as SUCCESS. dag_id=nba-dag, task_id=extract, execution_date=20230102T090000, start_date=20230102T101134, end_date=20230102T101136
[2023-01-02T10:11:36.348+0000] {local_task_job.py:159} INFO - Task exited with return code 0
[2023-01-02T10:11:36.393+0000] {taskinstance.py:2582} INFO - 1 downstream tasks scheduled from follow-on schedule check
