[2023-01-02T10:48:03.881+0000] {taskinstance.py:1087} INFO - Dependencies all met for <TaskInstance: nba-dag.extract scheduled__2023-01-01T10:48:00+00:00 [queued]>
[2023-01-02T10:48:03.895+0000] {taskinstance.py:1087} INFO - Dependencies all met for <TaskInstance: nba-dag.extract scheduled__2023-01-01T10:48:00+00:00 [queued]>
[2023-01-02T10:48:03.897+0000] {taskinstance.py:1283} INFO - 
--------------------------------------------------------------------------------
[2023-01-02T10:48:03.898+0000] {taskinstance.py:1284} INFO - Starting attempt 1 of 6
[2023-01-02T10:48:03.900+0000] {taskinstance.py:1285} INFO - 
--------------------------------------------------------------------------------
[2023-01-02T10:48:03.912+0000] {taskinstance.py:1304} INFO - Executing <Task(PythonOperator): extract> on 2023-01-01 10:48:00+00:00
[2023-01-02T10:48:03.944+0000] {standard_task_runner.py:55} INFO - Started process 74 to run task
[2023-01-02T10:48:03.952+0000] {standard_task_runner.py:82} INFO - Running: ['***', 'tasks', 'run', 'nba-dag', 'extract', 'scheduled__2023-01-01T10:48:00+00:00', '--job-id', '22', '--raw', '--subdir', 'DAGS_FOLDER/nba_dag.py', '--cfg-path', '/tmp/tmp8zcjirrm']
[2023-01-02T10:48:03.954+0000] {standard_task_runner.py:83} INFO - Job 22: Subtask extract
[2023-01-02T10:48:04.072+0000] {task_command.py:389} INFO - Running <TaskInstance: nba-dag.extract scheduled__2023-01-01T10:48:00+00:00 [running]> on host 7b186f3dc822
[2023-01-02T10:48:04.179+0000] {taskinstance.py:1513} INFO - Exporting the following env vars:
AIRFLOW_CTX_DAG_OWNER=Javier Prieto
AIRFLOW_CTX_DAG_ID=nba-dag
AIRFLOW_CTX_TASK_ID=extract
AIRFLOW_CTX_EXECUTION_DATE=2023-01-01T10:48:00+00:00
AIRFLOW_CTX_TRY_NUMBER=1
AIRFLOW_CTX_DAG_RUN_ID=scheduled__2023-01-01T10:48:00+00:00
[2023-01-02T10:48:05.635+0000] {python.py:177} INFO - Done. Returned value was: DATA EXTRACTED
[2023-01-02T10:48:05.684+0000] {taskinstance.py:1327} INFO - Marking task as SUCCESS. dag_id=nba-dag, task_id=extract, execution_date=20230101T104800, start_date=20230102T104803, end_date=20230102T104805
[2023-01-02T10:48:05.744+0000] {local_task_job.py:159} INFO - Task exited with return code 0
[2023-01-02T10:48:05.942+0000] {taskinstance.py:2582} INFO - 0 downstream tasks scheduled from follow-on schedule check
