[2023-01-02T10:11:41.652+0000] {taskinstance.py:1087} INFO - Dependencies all met for <TaskInstance: nba-dag.load scheduled__2023-01-02T09:00:00+00:00 [queued]>
[2023-01-02T10:11:41.680+0000] {taskinstance.py:1087} INFO - Dependencies all met for <TaskInstance: nba-dag.load scheduled__2023-01-02T09:00:00+00:00 [queued]>
[2023-01-02T10:11:41.681+0000] {taskinstance.py:1283} INFO - 
--------------------------------------------------------------------------------
[2023-01-02T10:11:41.681+0000] {taskinstance.py:1284} INFO - Starting attempt 1 of 6
[2023-01-02T10:11:41.682+0000] {taskinstance.py:1285} INFO - 
--------------------------------------------------------------------------------
[2023-01-02T10:11:41.694+0000] {taskinstance.py:1304} INFO - Executing <Task(PythonOperator): load> on 2023-01-02 09:00:00+00:00
[2023-01-02T10:11:41.706+0000] {standard_task_runner.py:55} INFO - Started process 63 to run task
[2023-01-02T10:11:41.713+0000] {standard_task_runner.py:82} INFO - Running: ['***', 'tasks', 'run', 'nba-dag', 'load', 'scheduled__2023-01-02T09:00:00+00:00', '--job-id', '67', '--raw', '--subdir', 'DAGS_FOLDER/nba_dag.py', '--cfg-path', '/tmp/tmp_z2fd1zi']
[2023-01-02T10:11:41.714+0000] {standard_task_runner.py:83} INFO - Job 67: Subtask load
[2023-01-02T10:11:41.806+0000] {task_command.py:389} INFO - Running <TaskInstance: nba-dag.load scheduled__2023-01-02T09:00:00+00:00 [running]> on host 64c425265806
[2023-01-02T10:11:41.863+0000] {taskinstance.py:1513} INFO - Exporting the following env vars:
AIRFLOW_CTX_DAG_OWNER=Javier Prieto
AIRFLOW_CTX_DAG_ID=nba-dag
AIRFLOW_CTX_TASK_ID=load
AIRFLOW_CTX_EXECUTION_DATE=2023-01-02T09:00:00+00:00
AIRFLOW_CTX_TRY_NUMBER=1
AIRFLOW_CTX_DAG_RUN_ID=scheduled__2023-01-02T09:00:00+00:00
[2023-01-02T10:12:05.904+0000] {python.py:177} INFO - Done. Returned value was: PDF generated successfully
[2023-01-02T10:12:05.945+0000] {taskinstance.py:1327} INFO - Marking task as SUCCESS. dag_id=nba-dag, task_id=load, execution_date=20230102T090000, start_date=20230102T101141, end_date=20230102T101205
[2023-01-02T10:12:06.221+0000] {local_task_job.py:159} INFO - Task exited with return code 0
[2023-01-02T10:12:06.296+0000] {taskinstance.py:2582} INFO - 1 downstream tasks scheduled from follow-on schedule check
