[2023-01-02T10:33:09.010+0000] {taskinstance.py:1087} INFO - Dependencies all met for <TaskInstance: nba-dag.load scheduled__2023-01-01T10:33:00+00:00 [queued]>
[2023-01-02T10:33:09.017+0000] {taskinstance.py:1087} INFO - Dependencies all met for <TaskInstance: nba-dag.load scheduled__2023-01-01T10:33:00+00:00 [queued]>
[2023-01-02T10:33:09.017+0000] {taskinstance.py:1283} INFO - 
--------------------------------------------------------------------------------
[2023-01-02T10:33:09.018+0000] {taskinstance.py:1284} INFO - Starting attempt 1 of 6
[2023-01-02T10:33:09.018+0000] {taskinstance.py:1285} INFO - 
--------------------------------------------------------------------------------
[2023-01-02T10:33:09.030+0000] {taskinstance.py:1304} INFO - Executing <Task(PythonOperator): load> on 2023-01-01 10:33:00+00:00
[2023-01-02T10:33:09.050+0000] {standard_task_runner.py:55} INFO - Started process 62 to run task
[2023-01-02T10:33:09.055+0000] {standard_task_runner.py:82} INFO - Running: ['***', 'tasks', 'run', 'nba-dag', 'load', 'scheduled__2023-01-01T10:33:00+00:00', '--job-id', '89', '--raw', '--subdir', 'DAGS_FOLDER/nba_dag.py', '--cfg-path', '/tmp/tmp2y_vtb58']
[2023-01-02T10:33:09.056+0000] {standard_task_runner.py:83} INFO - Job 89: Subtask load
[2023-01-02T10:33:09.196+0000] {task_command.py:389} INFO - Running <TaskInstance: nba-dag.load scheduled__2023-01-01T10:33:00+00:00 [running]> on host 64c425265806
[2023-01-02T10:33:09.282+0000] {taskinstance.py:1513} INFO - Exporting the following env vars:
AIRFLOW_CTX_DAG_OWNER=Javier Prieto
AIRFLOW_CTX_DAG_ID=nba-dag
AIRFLOW_CTX_TASK_ID=load
AIRFLOW_CTX_EXECUTION_DATE=2023-01-01T10:33:00+00:00
AIRFLOW_CTX_TRY_NUMBER=1
AIRFLOW_CTX_DAG_RUN_ID=scheduled__2023-01-01T10:33:00+00:00
[2023-01-02T10:33:33.701+0000] {python.py:177} INFO - Done. Returned value was: PDF generated successfully
[2023-01-02T10:33:33.831+0000] {taskinstance.py:1327} INFO - Marking task as SUCCESS. dag_id=nba-dag, task_id=load, execution_date=20230101T103300, start_date=20230102T103309, end_date=20230102T103333
[2023-01-02T10:33:34.106+0000] {local_task_job.py:159} INFO - Task exited with return code 0
[2023-01-02T10:33:34.167+0000] {taskinstance.py:2582} INFO - 1 downstream tasks scheduled from follow-on schedule check
