[2023-01-01T19:56:28.143+0000] {taskinstance.py:1087} INFO - Dependencies all met for <TaskInstance: nba-dag.load manual__2023-01-01T19:46:06.117940+00:00 [queued]>
[2023-01-01T19:56:28.161+0000] {taskinstance.py:1087} INFO - Dependencies all met for <TaskInstance: nba-dag.load manual__2023-01-01T19:46:06.117940+00:00 [queued]>
[2023-01-01T19:56:28.166+0000] {taskinstance.py:1283} INFO - 
--------------------------------------------------------------------------------
[2023-01-01T19:56:28.167+0000] {taskinstance.py:1284} INFO - Starting attempt 1 of 6
[2023-01-01T19:56:28.168+0000] {taskinstance.py:1285} INFO - 
--------------------------------------------------------------------------------
[2023-01-01T19:56:28.190+0000] {taskinstance.py:1304} INFO - Executing <Task(PythonOperator): load> on 2023-01-01 19:46:06.117940+00:00
[2023-01-01T19:56:28.209+0000] {standard_task_runner.py:55} INFO - Started process 64 to run task
[2023-01-01T19:56:28.214+0000] {standard_task_runner.py:82} INFO - Running: ['***', 'tasks', 'run', 'nba-dag', 'load', 'manual__2023-01-01T19:46:06.117940+00:00', '--job-id', '7', '--raw', '--subdir', 'DAGS_FOLDER/nba_dag.py', '--cfg-path', '/tmp/tmpb0_v19l0']
[2023-01-01T19:56:28.216+0000] {standard_task_runner.py:83} INFO - Job 7: Subtask load
[2023-01-01T19:56:28.303+0000] {task_command.py:389} INFO - Running <TaskInstance: nba-dag.load manual__2023-01-01T19:46:06.117940+00:00 [running]> on host b9d509e49129
[2023-01-01T19:56:28.405+0000] {taskinstance.py:1513} INFO - Exporting the following env vars:
AIRFLOW_CTX_DAG_OWNER=Javier Prieto
AIRFLOW_CTX_DAG_ID=nba-dag
AIRFLOW_CTX_TASK_ID=load
AIRFLOW_CTX_EXECUTION_DATE=2023-01-01T19:46:06.117940+00:00
AIRFLOW_CTX_TRY_NUMBER=1
AIRFLOW_CTX_DAG_RUN_ID=manual__2023-01-01T19:46:06.117940+00:00
[2023-01-01T19:56:58.556+0000] {python.py:177} INFO - Done. Returned value was: None
[2023-01-01T19:56:58.583+0000] {taskinstance.py:1327} INFO - Marking task as SUCCESS. dag_id=nba-dag, task_id=load, execution_date=20230101T194606, start_date=20230101T195628, end_date=20230101T195658
[2023-01-01T19:56:58.803+0000] {local_task_job.py:159} INFO - Task exited with return code 0
[2023-01-01T19:56:58.867+0000] {taskinstance.py:2582} INFO - 0 downstream tasks scheduled from follow-on schedule check
