[2023-01-02T10:40:35.848+0000] {taskinstance.py:1087} INFO - Dependencies all met for <TaskInstance: nba-dag.pronostico scheduled__2022-12-31T10:48:00+00:00 [queued]>
[2023-01-02T10:40:35.854+0000] {taskinstance.py:1087} INFO - Dependencies all met for <TaskInstance: nba-dag.pronostico scheduled__2022-12-31T10:48:00+00:00 [queued]>
[2023-01-02T10:40:35.855+0000] {taskinstance.py:1283} INFO - 
--------------------------------------------------------------------------------
[2023-01-02T10:40:35.856+0000] {taskinstance.py:1284} INFO - Starting attempt 1 of 6
[2023-01-02T10:40:35.856+0000] {taskinstance.py:1285} INFO - 
--------------------------------------------------------------------------------
[2023-01-02T10:40:35.870+0000] {taskinstance.py:1304} INFO - Executing <Task(PythonOperator): pronostico> on 2022-12-31 10:48:00+00:00
[2023-01-02T10:40:35.887+0000] {standard_task_runner.py:55} INFO - Started process 71 to run task
[2023-01-02T10:40:35.897+0000] {standard_task_runner.py:82} INFO - Running: ['***', 'tasks', 'run', 'nba-dag', 'pronostico', 'scheduled__2022-12-31T10:48:00+00:00', '--job-id', '21', '--raw', '--subdir', 'DAGS_FOLDER/nba_dag.py', '--cfg-path', '/tmp/tmpt0acotgm']
[2023-01-02T10:40:35.899+0000] {standard_task_runner.py:83} INFO - Job 21: Subtask pronostico
[2023-01-02T10:40:36.010+0000] {task_command.py:389} INFO - Running <TaskInstance: nba-dag.pronostico scheduled__2022-12-31T10:48:00+00:00 [running]> on host 7b186f3dc822
[2023-01-02T10:40:36.088+0000] {taskinstance.py:1513} INFO - Exporting the following env vars:
AIRFLOW_CTX_DAG_OWNER=Javier Prieto
AIRFLOW_CTX_DAG_ID=nba-dag
AIRFLOW_CTX_TASK_ID=pronostico
AIRFLOW_CTX_EXECUTION_DATE=2022-12-31T10:48:00+00:00
AIRFLOW_CTX_TRY_NUMBER=1
AIRFLOW_CTX_DAG_RUN_ID=scheduled__2022-12-31T10:48:00+00:00
[2023-01-02T10:40:36.498+0000] {python.py:177} INFO - Done. Returned value was: None
[2023-01-02T10:40:36.513+0000] {taskinstance.py:1327} INFO - Marking task as SUCCESS. dag_id=nba-dag, task_id=pronostico, execution_date=20221231T104800, start_date=20230102T104035, end_date=20230102T104036
[2023-01-02T10:40:36.558+0000] {local_task_job.py:159} INFO - Task exited with return code 0
[2023-01-02T10:40:36.586+0000] {taskinstance.py:2582} INFO - 0 downstream tasks scheduled from follow-on schedule check
